<?xml version="1.0" encoding="UTF-8"?>
<testsuite xmlns:xsi="http://www.w3.org/2001/XMLSchema-instance" xsi:noNamespaceSchemaLocation="https://maven.apache.org/surefire/maven-surefire-plugin/xsd/surefire-test-report-3.0.xsd" version="3.0" name="api.ApiTest" time="8.366" tests="1" errors="0" skipped="0" failures="0">
  <properties>
    <property name="java.specification.version" value="17"/>
    <property name="sun.cpu.isalist" value="amd64"/>
    <property name="sun.jnu.encoding" value="Cp1252"/>
    <property name="java.class.path" value="C:\Users\nikco\Documents\CURSOS AUTOMATIZACIÓN\PRUEBAS REST API\karate\target\test-classes;C:\Users\nikco\Documents\CURSOS AUTOMATIZACIÓN\PRUEBAS REST API\karate\target\classes;C:\Users\nikco\.m2\repository\com\intuit\karate\karate-junit5\1.4.1\karate-junit5-1.4.1.jar;C:\Users\nikco\.m2\repository\com\intuit\karate\karate-core\1.4.1\karate-core-1.4.1.jar;C:\Users\nikco\.m2\repository\org\graalvm\js\js-scriptengine\22.3.3\js-scriptengine-22.3.3.jar;C:\Users\nikco\.m2\repository\org\graalvm\sdk\graal-sdk\22.3.3\graal-sdk-22.3.3.jar;C:\Users\nikco\.m2\repository\org\graalvm\js\js\22.3.3\js-22.3.3.jar;C:\Users\nikco\.m2\repository\org\graalvm\regex\regex\22.3.3\regex-22.3.3.jar;C:\Users\nikco\.m2\repository\org\graalvm\truffle\truffle-api\22.3.3\truffle-api-22.3.3.jar;C:\Users\nikco\.m2\repository\com\ibm\icu\icu4j\71.1\icu4j-71.1.jar;C:\Users\nikco\.m2\repository\org\thymeleaf\thymeleaf\3.1.2.RELEASE\thymeleaf-3.1.2.RELEASE.jar;C:\Users\nikco\.m2\repository\ognl\ognl\3.3.4\ognl-3.3.4.jar;C:\Users\nikco\.m2\repository\org\javassist\javassist\3.29.0-GA\javassist-3.29.0-GA.jar;C:\Users\nikco\.m2\repository\org\attoparser\attoparser\2.0.7.RELEASE\attoparser-2.0.7.RELEASE.jar;C:\Users\nikco\.m2\repository\org\unbescape\unbescape\1.1.6.RELEASE\unbescape-1.1.6.RELEASE.jar;C:\Users\nikco\.m2\repository\org\slf4j\slf4j-api\2.0.7\slf4j-api-2.0.7.jar;C:\Users\nikco\.m2\repository\com\linecorp\armeria\armeria\1.25.2\armeria-1.25.2.jar;C:\Users\nikco\.m2\repository\com\fasterxml\jackson\core\jackson-core\2.15.2\jackson-core-2.15.2.jar;C:\Users\nikco\.m2\repository\com\fasterxml\jackson\core\jackson-annotations\2.15.2\jackson-annotations-2.15.2.jar;C:\Users\nikco\.m2\repository\com\fasterxml\jackson\core\jackson-databind\2.15.2\jackson-databind-2.15.2.jar;C:\Users\nikco\.m2\repository\com\fasterxml\jackson\datatype\jackson-datatype-jdk8\2.15.2\jackson-datatype-jdk8-2.15.2.jar;C:\Users\nikco\.m2\repository\com\fasterxml\jackson\datatype\jackson-datatype-jsr310\2.15.2\jackson-datatype-jsr310-2.15.2.jar;C:\Users\nikco\.m2\repository\io\micrometer\micrometer-core\1.11.3\micrometer-core-1.11.3.jar;C:\Users\nikco\.m2\repository\io\micrometer\micrometer-commons\1.11.3\micrometer-commons-1.11.3.jar;C:\Users\nikco\.m2\repository\io\micrometer\micrometer-observation\1.11.3\micrometer-observation-1.11.3.jar;C:\Users\nikco\.m2\repository\org\hdrhistogram\HdrHistogram\2.1.12\HdrHistogram-2.1.12.jar;C:\Users\nikco\.m2\repository\org\latencyutils\LatencyUtils\2.0.3\LatencyUtils-2.0.3.jar;C:\Users\nikco\.m2\repository\io\netty\netty-transport\4.1.96.Final\netty-transport-4.1.96.Final.jar;C:\Users\nikco\.m2\repository\io\netty\netty-common\4.1.96.Final\netty-common-4.1.96.Final.jar;C:\Users\nikco\.m2\repository\io\netty\netty-buffer\4.1.96.Final\netty-buffer-4.1.96.Final.jar;C:\Users\nikco\.m2\repository\io\netty\netty-resolver\4.1.96.Final\netty-resolver-4.1.96.Final.jar;C:\Users\nikco\.m2\repository\io\netty\netty-codec-haproxy\4.1.96.Final\netty-codec-haproxy-4.1.96.Final.jar;C:\Users\nikco\.m2\repository\io\netty\netty-codec\4.1.96.Final\netty-codec-4.1.96.Final.jar;C:\Users\nikco\.m2\repository\io\netty\netty-codec-http2\4.1.96.Final\netty-codec-http2-4.1.96.Final.jar;C:\Users\nikco\.m2\repository\io\netty\netty-handler\4.1.96.Final\netty-handler-4.1.96.Final.jar;C:\Users\nikco\.m2\repository\io\netty\netty-codec-http\4.1.96.Final\netty-codec-http-4.1.96.Final.jar;C:\Users\nikco\.m2\repository\io\netty\netty-resolver-dns\4.1.96.Final\netty-resolver-dns-4.1.96.Final.jar;C:\Users\nikco\.m2\repository\io\netty\netty-codec-dns\4.1.96.Final\netty-codec-dns-4.1.96.Final.jar;C:\Users\nikco\.m2\repository\org\reactivestreams\reactive-streams\1.0.4\reactive-streams-1.0.4.jar;C:\Users\nikco\.m2\repository\com\google\code\findbugs\jsr305\3.0.2\jsr305-3.0.2.jar;C:\Users\nikco\.m2\repository\io\netty\netty-handler-proxy\4.1.96.Final\netty-handler-proxy-4.1.96.Final.jar;C:\Users\nikco\.m2\repository\io\netty\netty-codec-socks\4.1.96.Final\netty-codec-socks-4.1.96.Final.jar;C:\Users\nikco\.m2\repository\io\netty\netty-transport-native-unix-common\4.1.96.Final\netty-transport-native-unix-common-4.1.96.Final-linux-x86_64.jar;C:\Users\nikco\.m2\repository\io\netty\netty-transport-native-epoll\4.1.96.Final\netty-transport-native-epoll-4.1.96.Final-linux-x86_64.jar;C:\Users\nikco\.m2\repository\io\netty\netty-transport-native-unix-common\4.1.96.Final\netty-transport-native-unix-common-4.1.96.Final.jar;C:\Users\nikco\.m2\repository\io\netty\netty-transport-classes-epoll\4.1.96.Final\netty-transport-classes-epoll-4.1.96.Final.jar;C:\Users\nikco\.m2\repository\io\netty\netty-transport-native-unix-common\4.1.96.Final\netty-transport-native-unix-common-4.1.96.Final-linux-aarch_64.jar;C:\Users\nikco\.m2\repository\io\netty\netty-transport-native-epoll\4.1.96.Final\netty-transport-native-epoll-4.1.96.Final-linux-aarch_64.jar;C:\Users\nikco\.m2\repository\io\netty\netty-transport-native-unix-common\4.1.96.Final\netty-transport-native-unix-common-4.1.96.Final-osx-x86_64.jar;C:\Users\nikco\.m2\repository\io\netty\netty-transport-native-kqueue\4.1.96.Final\netty-transport-native-kqueue-4.1.96.Final-osx-x86_64.jar;C:\Users\nikco\.m2\repository\io\netty\netty-transport-classes-kqueue\4.1.96.Final\netty-transport-classes-kqueue-4.1.96.Final.jar;C:\Users\nikco\.m2\repository\io\netty\netty-resolver-dns-native-macos\4.1.96.Final\netty-resolver-dns-native-macos-4.1.96.Final-osx-x86_64.jar;C:\Users\nikco\.m2\repository\io\netty\netty-resolver-dns-classes-macos\4.1.96.Final\netty-resolver-dns-classes-macos-4.1.96.Final.jar;C:\Users\nikco\.m2\repository\io\netty\netty-transport-native-unix-common\4.1.96.Final\netty-transport-native-unix-common-4.1.96.Final-osx-aarch_64.jar;C:\Users\nikco\.m2\repository\io\netty\netty-transport-native-kqueue\4.1.96.Final\netty-transport-native-kqueue-4.1.96.Final-osx-aarch_64.jar;C:\Users\nikco\.m2\repository\io\netty\netty-resolver-dns-native-macos\4.1.96.Final\netty-resolver-dns-native-macos-4.1.96.Final-osx-aarch_64.jar;C:\Users\nikco\.m2\repository\io\netty\netty-tcnative-boringssl-static\2.0.61.Final\netty-tcnative-boringssl-static-2.0.61.Final-linux-x86_64.jar;C:\Users\nikco\.m2\repository\io\netty\netty-tcnative-classes\2.0.61.Final\netty-tcnative-classes-2.0.61.Final.jar;C:\Users\nikco\.m2\repository\io\netty\netty-tcnative-boringssl-static\2.0.61.Final\netty-tcnative-boringssl-static-2.0.61.Final-linux-aarch_64.jar;C:\Users\nikco\.m2\repository\io\netty\netty-tcnative-boringssl-static\2.0.61.Final\netty-tcnative-boringssl-static-2.0.61.Final-osx-x86_64.jar;C:\Users\nikco\.m2\repository\io\netty\netty-tcnative-boringssl-static\2.0.61.Final\netty-tcnative-boringssl-static-2.0.61.Final-osx-aarch_64.jar;C:\Users\nikco\.m2\repository\io\netty\netty-tcnative-boringssl-static\2.0.61.Final\netty-tcnative-boringssl-static-2.0.61.Final-windows-x86_64.jar;C:\Users\nikco\.m2\repository\com\aayushatharva\brotli4j\brotli4j\1.12.0\brotli4j-1.12.0.jar;C:\Users\nikco\.m2\repository\com\aayushatharva\brotli4j\service\1.12.0\service-1.12.0.jar;C:\Users\nikco\.m2\repository\com\aayushatharva\brotli4j\native-windows-x86_64\1.12.0\native-windows-x86_64-1.12.0.jar;C:\Users\nikco\.m2\repository\org\apache\httpcomponents\httpclient\4.5.14\httpclient-4.5.14.jar;C:\Users\nikco\.m2\repository\org\apache\httpcomponents\httpcore\4.4.16\httpcore-4.4.16.jar;C:\Users\nikco\.m2\repository\commons-codec\commons-codec\1.16.0\commons-codec-1.16.0.jar;C:\Users\nikco\.m2\repository\ch\qos\logback\logback-classic\1.4.11\logback-classic-1.4.11.jar;C:\Users\nikco\.m2\repository\ch\qos\logback\logback-core\1.4.11\logback-core-1.4.11.jar;C:\Users\nikco\.m2\repository\org\slf4j\jcl-over-slf4j\2.0.9\jcl-over-slf4j-2.0.9.jar;C:\Users\nikco\.m2\repository\org\antlr\antlr4-runtime\4.11.1\antlr4-runtime-4.11.1.jar;C:\Users\nikco\.m2\repository\com\jayway\jsonpath\json-path\2.8.0\json-path-2.8.0.jar;C:\Users\nikco\.m2\repository\net\minidev\json-smart\2.4.10\json-smart-2.4.10.jar;C:\Users\nikco\.m2\repository\net\minidev\accessors-smart\2.4.9\accessors-smart-2.4.9.jar;C:\Users\nikco\.m2\repository\org\ow2\asm\asm\9.3\asm-9.3.jar;C:\Users\nikco\.m2\repository\org\yaml\snakeyaml\2.0\snakeyaml-2.0.jar;C:\Users\nikco\.m2\repository\de\siegmar\fastcsv\2.2.1\fastcsv-2.2.1.jar;C:\Users\nikco\.m2\repository\info\picocli\picocli\4.7.1\picocli-4.7.1.jar;C:\Users\nikco\.m2\repository\io\github\classgraph\classgraph\4.8.160\classgraph-4.8.160.jar;C:\Users\nikco\.m2\repository\io\github\t12y\resemble\1.0.2\resemble-1.0.2.jar;C:\Users\nikco\.m2\repository\io\github\t12y\ssim\1.0.0\ssim-1.0.0.jar;C:\Users\nikco\.m2\repository\org\junit\jupiter\junit-jupiter-api\5.9.3\junit-jupiter-api-5.9.3.jar;C:\Users\nikco\.m2\repository\org\opentest4j\opentest4j\1.2.0\opentest4j-1.2.0.jar;C:\Users\nikco\.m2\repository\org\junit\platform\junit-platform-commons\1.9.3\junit-platform-commons-1.9.3.jar;C:\Users\nikco\.m2\repository\org\apiguardian\apiguardian-api\1.1.2\apiguardian-api-1.1.2.jar;C:\Users\nikco\.m2\repository\org\junit\jupiter\junit-jupiter-engine\5.9.3\junit-jupiter-engine-5.9.3.jar;C:\Users\nikco\.m2\repository\org\junit\platform\junit-platform-engine\1.9.3\junit-platform-engine-1.9.3.jar;C:\Users\nikco\.m2\repository\com\intuit\karate\karate-robot\1.4.1\karate-robot-1.4.1.jar;C:\Users\nikco\.m2\repository\net\java\dev\jna\jna-platform\5.5.0\jna-platform-5.5.0.jar;C:\Users\nikco\.m2\repository\net\java\dev\jna\jna\5.5.0\jna-5.5.0.jar;C:\Users\nikco\.m2\repository\org\bytedeco\javacv\1.5.3\javacv-1.5.3.jar;C:\Users\nikco\.m2\repository\org\bytedeco\javacpp\1.5.3\javacpp-1.5.3.jar;C:\Users\nikco\.m2\repository\org\bytedeco\openblas\0.3.9-1.5.3\openblas-0.3.9-1.5.3.jar;C:\Users\nikco\.m2\repository\org\bytedeco\opencv\4.3.0-1.5.3\opencv-4.3.0-1.5.3.jar;C:\Users\nikco\.m2\repository\org\bytedeco\ffmpeg\4.2.2-1.5.3\ffmpeg-4.2.2-1.5.3.jar;C:\Users\nikco\.m2\repository\org\bytedeco\leptonica\1.79.0-1.5.3\leptonica-1.79.0-1.5.3.jar;C:\Users\nikco\.m2\repository\org\bytedeco\tesseract\4.1.1-1.5.3\tesseract-4.1.1-1.5.3.jar;C:\Users\nikco\.m2\repository\org\bytedeco\opencv-platform\4.3.0-1.5.3\opencv-platform-4.3.0-1.5.3.jar;C:\Users\nikco\.m2\repository\org\bytedeco\openblas-platform\0.3.9-1.5.3\openblas-platform-0.3.9-1.5.3.jar;C:\Users\nikco\.m2\repository\org\bytedeco\openblas\0.3.9-1.5.3\openblas-0.3.9-1.5.3-android-arm.jar;C:\Users\nikco\.m2\repository\org\bytedeco\openblas\0.3.9-1.5.3\openblas-0.3.9-1.5.3-android-arm64.jar;C:\Users\nikco\.m2\repository\org\bytedeco\openblas\0.3.9-1.5.3\openblas-0.3.9-1.5.3-android-x86.jar;C:\Users\nikco\.m2\repository\org\bytedeco\openblas\0.3.9-1.5.3\openblas-0.3.9-1.5.3-android-x86_64.jar;C:\Users\nikco\.m2\repository\org\bytedeco\openblas\0.3.9-1.5.3\openblas-0.3.9-1.5.3-ios-arm64.jar;C:\Users\nikco\.m2\repository\org\bytedeco\openblas\0.3.9-1.5.3\openblas-0.3.9-1.5.3-ios-x86_64.jar;C:\Users\nikco\.m2\repository\org\bytedeco\openblas\0.3.9-1.5.3\openblas-0.3.9-1.5.3-linux-x86.jar;C:\Users\nikco\.m2\repository\org\bytedeco\openblas\0.3.9-1.5.3\openblas-0.3.9-1.5.3-linux-x86_64.jar;C:\Users\nikco\.m2\repository\org\bytedeco\openblas\0.3.9-1.5.3\openblas-0.3.9-1.5.3-linux-armhf.jar;C:\Users\nikco\.m2\repository\org\bytedeco\openblas\0.3.9-1.5.3\openblas-0.3.9-1.5.3-linux-arm64.jar;C:\Users\nikco\.m2\repository\org\bytedeco\openblas\0.3.9-1.5.3\openblas-0.3.9-1.5.3-linux-ppc64le.jar;C:\Users\nikco\.m2\repository\org\bytedeco\openblas\0.3.9-1.5.3\openblas-0.3.9-1.5.3-macosx-x86_64.jar;C:\Users\nikco\.m2\repository\org\bytedeco\openblas\0.3.9-1.5.3\openblas-0.3.9-1.5.3-windows-x86.jar;C:\Users\nikco\.m2\repository\org\bytedeco\openblas\0.3.9-1.5.3\openblas-0.3.9-1.5.3-windows-x86_64.jar;C:\Users\nikco\.m2\repository\org\bytedeco\opencv\4.3.0-1.5.3\opencv-4.3.0-1.5.3-android-arm.jar;C:\Users\nikco\.m2\repository\org\bytedeco\opencv\4.3.0-1.5.3\opencv-4.3.0-1.5.3-android-arm64.jar;C:\Users\nikco\.m2\repository\org\bytedeco\opencv\4.3.0-1.5.3\opencv-4.3.0-1.5.3-android-x86.jar;C:\Users\nikco\.m2\repository\org\bytedeco\opencv\4.3.0-1.5.3\opencv-4.3.0-1.5.3-android-x86_64.jar;C:\Users\nikco\.m2\repository\org\bytedeco\opencv\4.3.0-1.5.3\opencv-4.3.0-1.5.3-ios-arm64.jar;C:\Users\nikco\.m2\repository\org\bytedeco\opencv\4.3.0-1.5.3\opencv-4.3.0-1.5.3-ios-x86_64.jar;C:\Users\nikco\.m2\repository\org\bytedeco\opencv\4.3.0-1.5.3\opencv-4.3.0-1.5.3-linux-x86.jar;C:\Users\nikco\.m2\repository\org\bytedeco\opencv\4.3.0-1.5.3\opencv-4.3.0-1.5.3-linux-x86_64.jar;C:\Users\nikco\.m2\repository\org\bytedeco\opencv\4.3.0-1.5.3\opencv-4.3.0-1.5.3-linux-armhf.jar;C:\Users\nikco\.m2\repository\org\bytedeco\opencv\4.3.0-1.5.3\opencv-4.3.0-1.5.3-linux-arm64.jar;C:\Users\nikco\.m2\repository\org\bytedeco\opencv\4.3.0-1.5.3\opencv-4.3.0-1.5.3-linux-ppc64le.jar;C:\Users\nikco\.m2\repository\org\bytedeco\opencv\4.3.0-1.5.3\opencv-4.3.0-1.5.3-macosx-x86_64.jar;C:\Users\nikco\.m2\repository\org\bytedeco\opencv\4.3.0-1.5.3\opencv-4.3.0-1.5.3-windows-x86.jar;C:\Users\nikco\.m2\repository\org\bytedeco\opencv\4.3.0-1.5.3\opencv-4.3.0-1.5.3-windows-x86_64.jar;C:\Users\nikco\.m2\repository\org\bytedeco\tesseract-platform\4.1.1-1.5.3\tesseract-platform-4.1.1-1.5.3.jar;C:\Users\nikco\.m2\repository\org\bytedeco\leptonica-platform\1.79.0-1.5.3\leptonica-platform-1.79.0-1.5.3.jar;C:\Users\nikco\.m2\repository\org\bytedeco\leptonica\1.79.0-1.5.3\leptonica-1.79.0-1.5.3-android-arm.jar;C:\Users\nikco\.m2\repository\org\bytedeco\leptonica\1.79.0-1.5.3\leptonica-1.79.0-1.5.3-android-arm64.jar;C:\Users\nikco\.m2\repository\org\bytedeco\leptonica\1.79.0-1.5.3\leptonica-1.79.0-1.5.3-android-x86.jar;C:\Users\nikco\.m2\repository\org\bytedeco\leptonica\1.79.0-1.5.3\leptonica-1.79.0-1.5.3-android-x86_64.jar;C:\Users\nikco\.m2\repository\org\bytedeco\leptonica\1.79.0-1.5.3\leptonica-1.79.0-1.5.3-linux-x86.jar;C:\Users\nikco\.m2\repository\org\bytedeco\leptonica\1.79.0-1.5.3\leptonica-1.79.0-1.5.3-linux-x86_64.jar;C:\Users\nikco\.m2\repository\org\bytedeco\leptonica\1.79.0-1.5.3\leptonica-1.79.0-1.5.3-linux-armhf.jar;C:\Users\nikco\.m2\repository\org\bytedeco\leptonica\1.79.0-1.5.3\leptonica-1.79.0-1.5.3-linux-arm64.jar;C:\Users\nikco\.m2\repository\org\bytedeco\leptonica\1.79.0-1.5.3\leptonica-1.79.0-1.5.3-linux-ppc64le.jar;C:\Users\nikco\.m2\repository\org\bytedeco\leptonica\1.79.0-1.5.3\leptonica-1.79.0-1.5.3-macosx-x86_64.jar;C:\Users\nikco\.m2\repository\org\bytedeco\leptonica\1.79.0-1.5.3\leptonica-1.79.0-1.5.3-windows-x86.jar;C:\Users\nikco\.m2\repository\org\bytedeco\leptonica\1.79.0-1.5.3\leptonica-1.79.0-1.5.3-windows-x86_64.jar;C:\Users\nikco\.m2\repository\org\bytedeco\tesseract\4.1.1-1.5.3\tesseract-4.1.1-1.5.3-android-arm.jar;C:\Users\nikco\.m2\repository\org\bytedeco\tesseract\4.1.1-1.5.3\tesseract-4.1.1-1.5.3-android-arm64.jar;C:\Users\nikco\.m2\repository\org\bytedeco\tesseract\4.1.1-1.5.3\tesseract-4.1.1-1.5.3-android-x86.jar;C:\Users\nikco\.m2\repository\org\bytedeco\tesseract\4.1.1-1.5.3\tesseract-4.1.1-1.5.3-android-x86_64.jar;C:\Users\nikco\.m2\repository\org\bytedeco\tesseract\4.1.1-1.5.3\tesseract-4.1.1-1.5.3-linux-x86.jar;C:\Users\nikco\.m2\repository\org\bytedeco\tesseract\4.1.1-1.5.3\tesseract-4.1.1-1.5.3-linux-x86_64.jar;C:\Users\nikco\.m2\repository\org\bytedeco\tesseract\4.1.1-1.5.3\tesseract-4.1.1-1.5.3-linux-armhf.jar;C:\Users\nikco\.m2\repository\org\bytedeco\tesseract\4.1.1-1.5.3\tesseract-4.1.1-1.5.3-linux-arm64.jar;C:\Users\nikco\.m2\repository\org\bytedeco\tesseract\4.1.1-1.5.3\tesseract-4.1.1-1.5.3-linux-ppc64le.jar;C:\Users\nikco\.m2\repository\org\bytedeco\tesseract\4.1.1-1.5.3\tesseract-4.1.1-1.5.3-macosx-x86_64.jar;C:\Users\nikco\.m2\repository\org\bytedeco\tesseract\4.1.1-1.5.3\tesseract-4.1.1-1.5.3-windows-x86.jar;C:\Users\nikco\.m2\repository\org\bytedeco\tesseract\4.1.1-1.5.3\tesseract-4.1.1-1.5.3-windows-x86_64.jar;C:\Users\nikco\.m2\repository\org\bytedeco\ffmpeg-platform\4.2.2-1.5.3\ffmpeg-platform-4.2.2-1.5.3.jar;C:\Users\nikco\.m2\repository\org\bytedeco\javacpp-platform\1.5.3\javacpp-platform-1.5.3.jar;C:\Users\nikco\.m2\repository\org\bytedeco\javacpp\1.5.3\javacpp-1.5.3-android-arm.jar;C:\Users\nikco\.m2\repository\org\bytedeco\javacpp\1.5.3\javacpp-1.5.3-android-arm64.jar;C:\Users\nikco\.m2\repository\org\bytedeco\javacpp\1.5.3\javacpp-1.5.3-android-x86.jar;C:\Users\nikco\.m2\repository\org\bytedeco\javacpp\1.5.3\javacpp-1.5.3-android-x86_64.jar;C:\Users\nikco\.m2\repository\org\bytedeco\javacpp\1.5.3\javacpp-1.5.3-ios-arm64.jar;C:\Users\nikco\.m2\repository\org\bytedeco\javacpp\1.5.3\javacpp-1.5.3-ios-x86_64.jar;C:\Users\nikco\.m2\repository\org\bytedeco\javacpp\1.5.3\javacpp-1.5.3-linux-armhf.jar;C:\Users\nikco\.m2\repository\org\bytedeco\javacpp\1.5.3\javacpp-1.5.3-linux-arm64.jar;C:\Users\nikco\.m2\repository\org\bytedeco\javacpp\1.5.3\javacpp-1.5.3-linux-ppc64le.jar;C:\Users\nikco\.m2\repository\org\bytedeco\javacpp\1.5.3\javacpp-1.5.3-linux-x86.jar;C:\Users\nikco\.m2\repository\org\bytedeco\javacpp\1.5.3\javacpp-1.5.3-linux-x86_64.jar;C:\Users\nikco\.m2\repository\org\bytedeco\javacpp\1.5.3\javacpp-1.5.3-macosx-x86_64.jar;C:\Users\nikco\.m2\repository\org\bytedeco\javacpp\1.5.3\javacpp-1.5.3-windows-x86.jar;C:\Users\nikco\.m2\repository\org\bytedeco\javacpp\1.5.3\javacpp-1.5.3-windows-x86_64.jar;C:\Users\nikco\.m2\repository\org\bytedeco\ffmpeg\4.2.2-1.5.3\ffmpeg-4.2.2-1.5.3-android-arm.jar;C:\Users\nikco\.m2\repository\org\bytedeco\ffmpeg\4.2.2-1.5.3\ffmpeg-4.2.2-1.5.3-android-arm64.jar;C:\Users\nikco\.m2\repository\org\bytedeco\ffmpeg\4.2.2-1.5.3\ffmpeg-4.2.2-1.5.3-android-x86.jar;C:\Users\nikco\.m2\repository\org\bytedeco\ffmpeg\4.2.2-1.5.3\ffmpeg-4.2.2-1.5.3-android-x86_64.jar;C:\Users\nikco\.m2\repository\org\bytedeco\ffmpeg\4.2.2-1.5.3\ffmpeg-4.2.2-1.5.3-linux-x86.jar;C:\Users\nikco\.m2\repository\org\bytedeco\ffmpeg\4.2.2-1.5.3\ffmpeg-4.2.2-1.5.3-linux-x86_64.jar;C:\Users\nikco\.m2\repository\org\bytedeco\ffmpeg\4.2.2-1.5.3\ffmpeg-4.2.2-1.5.3-linux-armhf.jar;C:\Users\nikco\.m2\repository\org\bytedeco\ffmpeg\4.2.2-1.5.3\ffmpeg-4.2.2-1.5.3-linux-arm64.jar;C:\Users\nikco\.m2\repository\org\bytedeco\ffmpeg\4.2.2-1.5.3\ffmpeg-4.2.2-1.5.3-linux-ppc64le.jar;C:\Users\nikco\.m2\repository\org\bytedeco\ffmpeg\4.2.2-1.5.3\ffmpeg-4.2.2-1.5.3-macosx-x86_64.jar;C:\Users\nikco\.m2\repository\org\bytedeco\ffmpeg\4.2.2-1.5.3\ffmpeg-4.2.2-1.5.3-windows-x86.jar;C:\Users\nikco\.m2\repository\org\bytedeco\ffmpeg\4.2.2-1.5.3\ffmpeg-4.2.2-1.5.3-windows-x86_64.jar;"/>
    <property name="java.vm.vendor" value="Oracle Corporation"/>
    <property name="sun.arch.data.model" value="64"/>
    <property name="user.variant" value=""/>
    <property name="java.vendor.url" value="https://java.oracle.com/"/>
    <property name="user.timezone" value="America/Lima"/>
    <property name="os.name" value="Windows 11"/>
    <property name="java.vm.specification.version" value="17"/>
    <property name="sun.java.launcher" value="SUN_STANDARD"/>
    <property name="user.country" value="PE"/>
    <property name="sun.boot.library.path" value="C:\Program Files\Java\jdk-17\bin"/>
    <property name="sun.java.command" value="C:\Users\nikco\AppData\Local\Temp\surefire945315503089059216\surefirebooter-20241009164037426_3.jar C:\Users\nikco\AppData\Local\Temp\surefire945315503089059216 2024-10-09T16-40-37_175-jvmRun1 surefire-20241009164037426_1tmp surefire_0-20241009164037426_2tmp"/>
    <property name="jdk.debug" value="release"/>
    <property name="surefire.test.class.path" value="C:\Users\nikco\Documents\CURSOS AUTOMATIZACIÓN\PRUEBAS REST API\karate\target\test-classes;C:\Users\nikco\Documents\CURSOS AUTOMATIZACIÓN\PRUEBAS REST API\karate\target\classes;C:\Users\nikco\.m2\repository\com\intuit\karate\karate-junit5\1.4.1\karate-junit5-1.4.1.jar;C:\Users\nikco\.m2\repository\com\intuit\karate\karate-core\1.4.1\karate-core-1.4.1.jar;C:\Users\nikco\.m2\repository\org\graalvm\js\js-scriptengine\22.3.3\js-scriptengine-22.3.3.jar;C:\Users\nikco\.m2\repository\org\graalvm\sdk\graal-sdk\22.3.3\graal-sdk-22.3.3.jar;C:\Users\nikco\.m2\repository\org\graalvm\js\js\22.3.3\js-22.3.3.jar;C:\Users\nikco\.m2\repository\org\graalvm\regex\regex\22.3.3\regex-22.3.3.jar;C:\Users\nikco\.m2\repository\org\graalvm\truffle\truffle-api\22.3.3\truffle-api-22.3.3.jar;C:\Users\nikco\.m2\repository\com\ibm\icu\icu4j\71.1\icu4j-71.1.jar;C:\Users\nikco\.m2\repository\org\thymeleaf\thymeleaf\3.1.2.RELEASE\thymeleaf-3.1.2.RELEASE.jar;C:\Users\nikco\.m2\repository\ognl\ognl\3.3.4\ognl-3.3.4.jar;C:\Users\nikco\.m2\repository\org\javassist\javassist\3.29.0-GA\javassist-3.29.0-GA.jar;C:\Users\nikco\.m2\repository\org\attoparser\attoparser\2.0.7.RELEASE\attoparser-2.0.7.RELEASE.jar;C:\Users\nikco\.m2\repository\org\unbescape\unbescape\1.1.6.RELEASE\unbescape-1.1.6.RELEASE.jar;C:\Users\nikco\.m2\repository\org\slf4j\slf4j-api\2.0.7\slf4j-api-2.0.7.jar;C:\Users\nikco\.m2\repository\com\linecorp\armeria\armeria\1.25.2\armeria-1.25.2.jar;C:\Users\nikco\.m2\repository\com\fasterxml\jackson\core\jackson-core\2.15.2\jackson-core-2.15.2.jar;C:\Users\nikco\.m2\repository\com\fasterxml\jackson\core\jackson-annotations\2.15.2\jackson-annotations-2.15.2.jar;C:\Users\nikco\.m2\repository\com\fasterxml\jackson\core\jackson-databind\2.15.2\jackson-databind-2.15.2.jar;C:\Users\nikco\.m2\repository\com\fasterxml\jackson\datatype\jackson-datatype-jdk8\2.15.2\jackson-datatype-jdk8-2.15.2.jar;C:\Users\nikco\.m2\repository\com\fasterxml\jackson\datatype\jackson-datatype-jsr310\2.15.2\jackson-datatype-jsr310-2.15.2.jar;C:\Users\nikco\.m2\repository\io\micrometer\micrometer-core\1.11.3\micrometer-core-1.11.3.jar;C:\Users\nikco\.m2\repository\io\micrometer\micrometer-commons\1.11.3\micrometer-commons-1.11.3.jar;C:\Users\nikco\.m2\repository\io\micrometer\micrometer-observation\1.11.3\micrometer-observation-1.11.3.jar;C:\Users\nikco\.m2\repository\org\hdrhistogram\HdrHistogram\2.1.12\HdrHistogram-2.1.12.jar;C:\Users\nikco\.m2\repository\org\latencyutils\LatencyUtils\2.0.3\LatencyUtils-2.0.3.jar;C:\Users\nikco\.m2\repository\io\netty\netty-transport\4.1.96.Final\netty-transport-4.1.96.Final.jar;C:\Users\nikco\.m2\repository\io\netty\netty-common\4.1.96.Final\netty-common-4.1.96.Final.jar;C:\Users\nikco\.m2\repository\io\netty\netty-buffer\4.1.96.Final\netty-buffer-4.1.96.Final.jar;C:\Users\nikco\.m2\repository\io\netty\netty-resolver\4.1.96.Final\netty-resolver-4.1.96.Final.jar;C:\Users\nikco\.m2\repository\io\netty\netty-codec-haproxy\4.1.96.Final\netty-codec-haproxy-4.1.96.Final.jar;C:\Users\nikco\.m2\repository\io\netty\netty-codec\4.1.96.Final\netty-codec-4.1.96.Final.jar;C:\Users\nikco\.m2\repository\io\netty\netty-codec-http2\4.1.96.Final\netty-codec-http2-4.1.96.Final.jar;C:\Users\nikco\.m2\repository\io\netty\netty-handler\4.1.96.Final\netty-handler-4.1.96.Final.jar;C:\Users\nikco\.m2\repository\io\netty\netty-codec-http\4.1.96.Final\netty-codec-http-4.1.96.Final.jar;C:\Users\nikco\.m2\repository\io\netty\netty-resolver-dns\4.1.96.Final\netty-resolver-dns-4.1.96.Final.jar;C:\Users\nikco\.m2\repository\io\netty\netty-codec-dns\4.1.96.Final\netty-codec-dns-4.1.96.Final.jar;C:\Users\nikco\.m2\repository\org\reactivestreams\reactive-streams\1.0.4\reactive-streams-1.0.4.jar;C:\Users\nikco\.m2\repository\com\google\code\findbugs\jsr305\3.0.2\jsr305-3.0.2.jar;C:\Users\nikco\.m2\repository\io\netty\netty-handler-proxy\4.1.96.Final\netty-handler-proxy-4.1.96.Final.jar;C:\Users\nikco\.m2\repository\io\netty\netty-codec-socks\4.1.96.Final\netty-codec-socks-4.1.96.Final.jar;C:\Users\nikco\.m2\repository\io\netty\netty-transport-native-unix-common\4.1.96.Final\netty-transport-native-unix-common-4.1.96.Final-linux-x86_64.jar;C:\Users\nikco\.m2\repository\io\netty\netty-transport-native-epoll\4.1.96.Final\netty-transport-native-epoll-4.1.96.Final-linux-x86_64.jar;C:\Users\nikco\.m2\repository\io\netty\netty-transport-native-unix-common\4.1.96.Final\netty-transport-native-unix-common-4.1.96.Final.jar;C:\Users\nikco\.m2\repository\io\netty\netty-transport-classes-epoll\4.1.96.Final\netty-transport-classes-epoll-4.1.96.Final.jar;C:\Users\nikco\.m2\repository\io\netty\netty-transport-native-unix-common\4.1.96.Final\netty-transport-native-unix-common-4.1.96.Final-linux-aarch_64.jar;C:\Users\nikco\.m2\repository\io\netty\netty-transport-native-epoll\4.1.96.Final\netty-transport-native-epoll-4.1.96.Final-linux-aarch_64.jar;C:\Users\nikco\.m2\repository\io\netty\netty-transport-native-unix-common\4.1.96.Final\netty-transport-native-unix-common-4.1.96.Final-osx-x86_64.jar;C:\Users\nikco\.m2\repository\io\netty\netty-transport-native-kqueue\4.1.96.Final\netty-transport-native-kqueue-4.1.96.Final-osx-x86_64.jar;C:\Users\nikco\.m2\repository\io\netty\netty-transport-classes-kqueue\4.1.96.Final\netty-transport-classes-kqueue-4.1.96.Final.jar;C:\Users\nikco\.m2\repository\io\netty\netty-resolver-dns-native-macos\4.1.96.Final\netty-resolver-dns-native-macos-4.1.96.Final-osx-x86_64.jar;C:\Users\nikco\.m2\repository\io\netty\netty-resolver-dns-classes-macos\4.1.96.Final\netty-resolver-dns-classes-macos-4.1.96.Final.jar;C:\Users\nikco\.m2\repository\io\netty\netty-transport-native-unix-common\4.1.96.Final\netty-transport-native-unix-common-4.1.96.Final-osx-aarch_64.jar;C:\Users\nikco\.m2\repository\io\netty\netty-transport-native-kqueue\4.1.96.Final\netty-transport-native-kqueue-4.1.96.Final-osx-aarch_64.jar;C:\Users\nikco\.m2\repository\io\netty\netty-resolver-dns-native-macos\4.1.96.Final\netty-resolver-dns-native-macos-4.1.96.Final-osx-aarch_64.jar;C:\Users\nikco\.m2\repository\io\netty\netty-tcnative-boringssl-static\2.0.61.Final\netty-tcnative-boringssl-static-2.0.61.Final-linux-x86_64.jar;C:\Users\nikco\.m2\repository\io\netty\netty-tcnative-classes\2.0.61.Final\netty-tcnative-classes-2.0.61.Final.jar;C:\Users\nikco\.m2\repository\io\netty\netty-tcnative-boringssl-static\2.0.61.Final\netty-tcnative-boringssl-static-2.0.61.Final-linux-aarch_64.jar;C:\Users\nikco\.m2\repository\io\netty\netty-tcnative-boringssl-static\2.0.61.Final\netty-tcnative-boringssl-static-2.0.61.Final-osx-x86_64.jar;C:\Users\nikco\.m2\repository\io\netty\netty-tcnative-boringssl-static\2.0.61.Final\netty-tcnative-boringssl-static-2.0.61.Final-osx-aarch_64.jar;C:\Users\nikco\.m2\repository\io\netty\netty-tcnative-boringssl-static\2.0.61.Final\netty-tcnative-boringssl-static-2.0.61.Final-windows-x86_64.jar;C:\Users\nikco\.m2\repository\com\aayushatharva\brotli4j\brotli4j\1.12.0\brotli4j-1.12.0.jar;C:\Users\nikco\.m2\repository\com\aayushatharva\brotli4j\service\1.12.0\service-1.12.0.jar;C:\Users\nikco\.m2\repository\com\aayushatharva\brotli4j\native-windows-x86_64\1.12.0\native-windows-x86_64-1.12.0.jar;C:\Users\nikco\.m2\repository\org\apache\httpcomponents\httpclient\4.5.14\httpclient-4.5.14.jar;C:\Users\nikco\.m2\repository\org\apache\httpcomponents\httpcore\4.4.16\httpcore-4.4.16.jar;C:\Users\nikco\.m2\repository\commons-codec\commons-codec\1.16.0\commons-codec-1.16.0.jar;C:\Users\nikco\.m2\repository\ch\qos\logback\logback-classic\1.4.11\logback-classic-1.4.11.jar;C:\Users\nikco\.m2\repository\ch\qos\logback\logback-core\1.4.11\logback-core-1.4.11.jar;C:\Users\nikco\.m2\repository\org\slf4j\jcl-over-slf4j\2.0.9\jcl-over-slf4j-2.0.9.jar;C:\Users\nikco\.m2\repository\org\antlr\antlr4-runtime\4.11.1\antlr4-runtime-4.11.1.jar;C:\Users\nikco\.m2\repository\com\jayway\jsonpath\json-path\2.8.0\json-path-2.8.0.jar;C:\Users\nikco\.m2\repository\net\minidev\json-smart\2.4.10\json-smart-2.4.10.jar;C:\Users\nikco\.m2\repository\net\minidev\accessors-smart\2.4.9\accessors-smart-2.4.9.jar;C:\Users\nikco\.m2\repository\org\ow2\asm\asm\9.3\asm-9.3.jar;C:\Users\nikco\.m2\repository\org\yaml\snakeyaml\2.0\snakeyaml-2.0.jar;C:\Users\nikco\.m2\repository\de\siegmar\fastcsv\2.2.1\fastcsv-2.2.1.jar;C:\Users\nikco\.m2\repository\info\picocli\picocli\4.7.1\picocli-4.7.1.jar;C:\Users\nikco\.m2\repository\io\github\classgraph\classgraph\4.8.160\classgraph-4.8.160.jar;C:\Users\nikco\.m2\repository\io\github\t12y\resemble\1.0.2\resemble-1.0.2.jar;C:\Users\nikco\.m2\repository\io\github\t12y\ssim\1.0.0\ssim-1.0.0.jar;C:\Users\nikco\.m2\repository\org\junit\jupiter\junit-jupiter-api\5.9.3\junit-jupiter-api-5.9.3.jar;C:\Users\nikco\.m2\repository\org\opentest4j\opentest4j\1.2.0\opentest4j-1.2.0.jar;C:\Users\nikco\.m2\repository\org\junit\platform\junit-platform-commons\1.9.3\junit-platform-commons-1.9.3.jar;C:\Users\nikco\.m2\repository\org\apiguardian\apiguardian-api\1.1.2\apiguardian-api-1.1.2.jar;C:\Users\nikco\.m2\repository\org\junit\jupiter\junit-jupiter-engine\5.9.3\junit-jupiter-engine-5.9.3.jar;C:\Users\nikco\.m2\repository\org\junit\platform\junit-platform-engine\1.9.3\junit-platform-engine-1.9.3.jar;C:\Users\nikco\.m2\repository\com\intuit\karate\karate-robot\1.4.1\karate-robot-1.4.1.jar;C:\Users\nikco\.m2\repository\net\java\dev\jna\jna-platform\5.5.0\jna-platform-5.5.0.jar;C:\Users\nikco\.m2\repository\net\java\dev\jna\jna\5.5.0\jna-5.5.0.jar;C:\Users\nikco\.m2\repository\org\bytedeco\javacv\1.5.3\javacv-1.5.3.jar;C:\Users\nikco\.m2\repository\org\bytedeco\javacpp\1.5.3\javacpp-1.5.3.jar;C:\Users\nikco\.m2\repository\org\bytedeco\openblas\0.3.9-1.5.3\openblas-0.3.9-1.5.3.jar;C:\Users\nikco\.m2\repository\org\bytedeco\opencv\4.3.0-1.5.3\opencv-4.3.0-1.5.3.jar;C:\Users\nikco\.m2\repository\org\bytedeco\ffmpeg\4.2.2-1.5.3\ffmpeg-4.2.2-1.5.3.jar;C:\Users\nikco\.m2\repository\org\bytedeco\leptonica\1.79.0-1.5.3\leptonica-1.79.0-1.5.3.jar;C:\Users\nikco\.m2\repository\org\bytedeco\tesseract\4.1.1-1.5.3\tesseract-4.1.1-1.5.3.jar;C:\Users\nikco\.m2\repository\org\bytedeco\opencv-platform\4.3.0-1.5.3\opencv-platform-4.3.0-1.5.3.jar;C:\Users\nikco\.m2\repository\org\bytedeco\openblas-platform\0.3.9-1.5.3\openblas-platform-0.3.9-1.5.3.jar;C:\Users\nikco\.m2\repository\org\bytedeco\openblas\0.3.9-1.5.3\openblas-0.3.9-1.5.3-android-arm.jar;C:\Users\nikco\.m2\repository\org\bytedeco\openblas\0.3.9-1.5.3\openblas-0.3.9-1.5.3-android-arm64.jar;C:\Users\nikco\.m2\repository\org\bytedeco\openblas\0.3.9-1.5.3\openblas-0.3.9-1.5.3-android-x86.jar;C:\Users\nikco\.m2\repository\org\bytedeco\openblas\0.3.9-1.5.3\openblas-0.3.9-1.5.3-android-x86_64.jar;C:\Users\nikco\.m2\repository\org\bytedeco\openblas\0.3.9-1.5.3\openblas-0.3.9-1.5.3-ios-arm64.jar;C:\Users\nikco\.m2\repository\org\bytedeco\openblas\0.3.9-1.5.3\openblas-0.3.9-1.5.3-ios-x86_64.jar;C:\Users\nikco\.m2\repository\org\bytedeco\openblas\0.3.9-1.5.3\openblas-0.3.9-1.5.3-linux-x86.jar;C:\Users\nikco\.m2\repository\org\bytedeco\openblas\0.3.9-1.5.3\openblas-0.3.9-1.5.3-linux-x86_64.jar;C:\Users\nikco\.m2\repository\org\bytedeco\openblas\0.3.9-1.5.3\openblas-0.3.9-1.5.3-linux-armhf.jar;C:\Users\nikco\.m2\repository\org\bytedeco\openblas\0.3.9-1.5.3\openblas-0.3.9-1.5.3-linux-arm64.jar;C:\Users\nikco\.m2\repository\org\bytedeco\openblas\0.3.9-1.5.3\openblas-0.3.9-1.5.3-linux-ppc64le.jar;C:\Users\nikco\.m2\repository\org\bytedeco\openblas\0.3.9-1.5.3\openblas-0.3.9-1.5.3-macosx-x86_64.jar;C:\Users\nikco\.m2\repository\org\bytedeco\openblas\0.3.9-1.5.3\openblas-0.3.9-1.5.3-windows-x86.jar;C:\Users\nikco\.m2\repository\org\bytedeco\openblas\0.3.9-1.5.3\openblas-0.3.9-1.5.3-windows-x86_64.jar;C:\Users\nikco\.m2\repository\org\bytedeco\opencv\4.3.0-1.5.3\opencv-4.3.0-1.5.3-android-arm.jar;C:\Users\nikco\.m2\repository\org\bytedeco\opencv\4.3.0-1.5.3\opencv-4.3.0-1.5.3-android-arm64.jar;C:\Users\nikco\.m2\repository\org\bytedeco\opencv\4.3.0-1.5.3\opencv-4.3.0-1.5.3-android-x86.jar;C:\Users\nikco\.m2\repository\org\bytedeco\opencv\4.3.0-1.5.3\opencv-4.3.0-1.5.3-android-x86_64.jar;C:\Users\nikco\.m2\repository\org\bytedeco\opencv\4.3.0-1.5.3\opencv-4.3.0-1.5.3-ios-arm64.jar;C:\Users\nikco\.m2\repository\org\bytedeco\opencv\4.3.0-1.5.3\opencv-4.3.0-1.5.3-ios-x86_64.jar;C:\Users\nikco\.m2\repository\org\bytedeco\opencv\4.3.0-1.5.3\opencv-4.3.0-1.5.3-linux-x86.jar;C:\Users\nikco\.m2\repository\org\bytedeco\opencv\4.3.0-1.5.3\opencv-4.3.0-1.5.3-linux-x86_64.jar;C:\Users\nikco\.m2\repository\org\bytedeco\opencv\4.3.0-1.5.3\opencv-4.3.0-1.5.3-linux-armhf.jar;C:\Users\nikco\.m2\repository\org\bytedeco\opencv\4.3.0-1.5.3\opencv-4.3.0-1.5.3-linux-arm64.jar;C:\Users\nikco\.m2\repository\org\bytedeco\opencv\4.3.0-1.5.3\opencv-4.3.0-1.5.3-linux-ppc64le.jar;C:\Users\nikco\.m2\repository\org\bytedeco\opencv\4.3.0-1.5.3\opencv-4.3.0-1.5.3-macosx-x86_64.jar;C:\Users\nikco\.m2\repository\org\bytedeco\opencv\4.3.0-1.5.3\opencv-4.3.0-1.5.3-windows-x86.jar;C:\Users\nikco\.m2\repository\org\bytedeco\opencv\4.3.0-1.5.3\opencv-4.3.0-1.5.3-windows-x86_64.jar;C:\Users\nikco\.m2\repository\org\bytedeco\tesseract-platform\4.1.1-1.5.3\tesseract-platform-4.1.1-1.5.3.jar;C:\Users\nikco\.m2\repository\org\bytedeco\leptonica-platform\1.79.0-1.5.3\leptonica-platform-1.79.0-1.5.3.jar;C:\Users\nikco\.m2\repository\org\bytedeco\leptonica\1.79.0-1.5.3\leptonica-1.79.0-1.5.3-android-arm.jar;C:\Users\nikco\.m2\repository\org\bytedeco\leptonica\1.79.0-1.5.3\leptonica-1.79.0-1.5.3-android-arm64.jar;C:\Users\nikco\.m2\repository\org\bytedeco\leptonica\1.79.0-1.5.3\leptonica-1.79.0-1.5.3-android-x86.jar;C:\Users\nikco\.m2\repository\org\bytedeco\leptonica\1.79.0-1.5.3\leptonica-1.79.0-1.5.3-android-x86_64.jar;C:\Users\nikco\.m2\repository\org\bytedeco\leptonica\1.79.0-1.5.3\leptonica-1.79.0-1.5.3-linux-x86.jar;C:\Users\nikco\.m2\repository\org\bytedeco\leptonica\1.79.0-1.5.3\leptonica-1.79.0-1.5.3-linux-x86_64.jar;C:\Users\nikco\.m2\repository\org\bytedeco\leptonica\1.79.0-1.5.3\leptonica-1.79.0-1.5.3-linux-armhf.jar;C:\Users\nikco\.m2\repository\org\bytedeco\leptonica\1.79.0-1.5.3\leptonica-1.79.0-1.5.3-linux-arm64.jar;C:\Users\nikco\.m2\repository\org\bytedeco\leptonica\1.79.0-1.5.3\leptonica-1.79.0-1.5.3-linux-ppc64le.jar;C:\Users\nikco\.m2\repository\org\bytedeco\leptonica\1.79.0-1.5.3\leptonica-1.79.0-1.5.3-macosx-x86_64.jar;C:\Users\nikco\.m2\repository\org\bytedeco\leptonica\1.79.0-1.5.3\leptonica-1.79.0-1.5.3-windows-x86.jar;C:\Users\nikco\.m2\repository\org\bytedeco\leptonica\1.79.0-1.5.3\leptonica-1.79.0-1.5.3-windows-x86_64.jar;C:\Users\nikco\.m2\repository\org\bytedeco\tesseract\4.1.1-1.5.3\tesseract-4.1.1-1.5.3-android-arm.jar;C:\Users\nikco\.m2\repository\org\bytedeco\tesseract\4.1.1-1.5.3\tesseract-4.1.1-1.5.3-android-arm64.jar;C:\Users\nikco\.m2\repository\org\bytedeco\tesseract\4.1.1-1.5.3\tesseract-4.1.1-1.5.3-android-x86.jar;C:\Users\nikco\.m2\repository\org\bytedeco\tesseract\4.1.1-1.5.3\tesseract-4.1.1-1.5.3-android-x86_64.jar;C:\Users\nikco\.m2\repository\org\bytedeco\tesseract\4.1.1-1.5.3\tesseract-4.1.1-1.5.3-linux-x86.jar;C:\Users\nikco\.m2\repository\org\bytedeco\tesseract\4.1.1-1.5.3\tesseract-4.1.1-1.5.3-linux-x86_64.jar;C:\Users\nikco\.m2\repository\org\bytedeco\tesseract\4.1.1-1.5.3\tesseract-4.1.1-1.5.3-linux-armhf.jar;C:\Users\nikco\.m2\repository\org\bytedeco\tesseract\4.1.1-1.5.3\tesseract-4.1.1-1.5.3-linux-arm64.jar;C:\Users\nikco\.m2\repository\org\bytedeco\tesseract\4.1.1-1.5.3\tesseract-4.1.1-1.5.3-linux-ppc64le.jar;C:\Users\nikco\.m2\repository\org\bytedeco\tesseract\4.1.1-1.5.3\tesseract-4.1.1-1.5.3-macosx-x86_64.jar;C:\Users\nikco\.m2\repository\org\bytedeco\tesseract\4.1.1-1.5.3\tesseract-4.1.1-1.5.3-windows-x86.jar;C:\Users\nikco\.m2\repository\org\bytedeco\tesseract\4.1.1-1.5.3\tesseract-4.1.1-1.5.3-windows-x86_64.jar;C:\Users\nikco\.m2\repository\org\bytedeco\ffmpeg-platform\4.2.2-1.5.3\ffmpeg-platform-4.2.2-1.5.3.jar;C:\Users\nikco\.m2\repository\org\bytedeco\javacpp-platform\1.5.3\javacpp-platform-1.5.3.jar;C:\Users\nikco\.m2\repository\org\bytedeco\javacpp\1.5.3\javacpp-1.5.3-android-arm.jar;C:\Users\nikco\.m2\repository\org\bytedeco\javacpp\1.5.3\javacpp-1.5.3-android-arm64.jar;C:\Users\nikco\.m2\repository\org\bytedeco\javacpp\1.5.3\javacpp-1.5.3-android-x86.jar;C:\Users\nikco\.m2\repository\org\bytedeco\javacpp\1.5.3\javacpp-1.5.3-android-x86_64.jar;C:\Users\nikco\.m2\repository\org\bytedeco\javacpp\1.5.3\javacpp-1.5.3-ios-arm64.jar;C:\Users\nikco\.m2\repository\org\bytedeco\javacpp\1.5.3\javacpp-1.5.3-ios-x86_64.jar;C:\Users\nikco\.m2\repository\org\bytedeco\javacpp\1.5.3\javacpp-1.5.3-linux-armhf.jar;C:\Users\nikco\.m2\repository\org\bytedeco\javacpp\1.5.3\javacpp-1.5.3-linux-arm64.jar;C:\Users\nikco\.m2\repository\org\bytedeco\javacpp\1.5.3\javacpp-1.5.3-linux-ppc64le.jar;C:\Users\nikco\.m2\repository\org\bytedeco\javacpp\1.5.3\javacpp-1.5.3-linux-x86.jar;C:\Users\nikco\.m2\repository\org\bytedeco\javacpp\1.5.3\javacpp-1.5.3-linux-x86_64.jar;C:\Users\nikco\.m2\repository\org\bytedeco\javacpp\1.5.3\javacpp-1.5.3-macosx-x86_64.jar;C:\Users\nikco\.m2\repository\org\bytedeco\javacpp\1.5.3\javacpp-1.5.3-windows-x86.jar;C:\Users\nikco\.m2\repository\org\bytedeco\javacpp\1.5.3\javacpp-1.5.3-windows-x86_64.jar;C:\Users\nikco\.m2\repository\org\bytedeco\ffmpeg\4.2.2-1.5.3\ffmpeg-4.2.2-1.5.3-android-arm.jar;C:\Users\nikco\.m2\repository\org\bytedeco\ffmpeg\4.2.2-1.5.3\ffmpeg-4.2.2-1.5.3-android-arm64.jar;C:\Users\nikco\.m2\repository\org\bytedeco\ffmpeg\4.2.2-1.5.3\ffmpeg-4.2.2-1.5.3-android-x86.jar;C:\Users\nikco\.m2\repository\org\bytedeco\ffmpeg\4.2.2-1.5.3\ffmpeg-4.2.2-1.5.3-android-x86_64.jar;C:\Users\nikco\.m2\repository\org\bytedeco\ffmpeg\4.2.2-1.5.3\ffmpeg-4.2.2-1.5.3-linux-x86.jar;C:\Users\nikco\.m2\repository\org\bytedeco\ffmpeg\4.2.2-1.5.3\ffmpeg-4.2.2-1.5.3-linux-x86_64.jar;C:\Users\nikco\.m2\repository\org\bytedeco\ffmpeg\4.2.2-1.5.3\ffmpeg-4.2.2-1.5.3-linux-armhf.jar;C:\Users\nikco\.m2\repository\org\bytedeco\ffmpeg\4.2.2-1.5.3\ffmpeg-4.2.2-1.5.3-linux-arm64.jar;C:\Users\nikco\.m2\repository\org\bytedeco\ffmpeg\4.2.2-1.5.3\ffmpeg-4.2.2-1.5.3-linux-ppc64le.jar;C:\Users\nikco\.m2\repository\org\bytedeco\ffmpeg\4.2.2-1.5.3\ffmpeg-4.2.2-1.5.3-macosx-x86_64.jar;C:\Users\nikco\.m2\repository\org\bytedeco\ffmpeg\4.2.2-1.5.3\ffmpeg-4.2.2-1.5.3-windows-x86.jar;C:\Users\nikco\.m2\repository\org\bytedeco\ffmpeg\4.2.2-1.5.3\ffmpeg-4.2.2-1.5.3-windows-x86_64.jar;"/>
    <property name="sun.cpu.endian" value="little"/>
    <property name="user.home" value="C:\Users\nikco"/>
    <property name="user.language" value="es"/>
    <property name="java.specification.vendor" value="Oracle Corporation"/>
    <property name="java.version.date" value="2024-07-16"/>
    <property name="java.home" value="C:\Program Files\Java\jdk-17"/>
    <property name="file.separator" value="\"/>
    <property name="style.color" value="always"/>
    <property name="basedir" value="C:\Users\nikco\Documents\CURSOS AUTOMATIZACIÓN\PRUEBAS REST API\karate"/>
    <property name="java.vm.compressedOopsMode" value="Zero based"/>
    <property name="line.separator" value="&#10;"/>
    <property name="java.vm.specification.vendor" value="Oracle Corporation"/>
    <property name="java.specification.name" value="Java Platform API Specification"/>
    <property name="surefire.real.class.path" value="C:\Users\nikco\AppData\Local\Temp\surefire945315503089059216\surefirebooter-20241009164037426_3.jar"/>
    <property name="user.script" value=""/>
    <property name="sun.management.compiler" value="HotSpot 64-Bit Tiered Compilers"/>
    <property name="java.runtime.version" value="17.0.12+8-LTS-286"/>
    <property name="user.name" value="nikco"/>
    <property name="path.separator" value=";"/>
    <property name="os.version" value="10.0"/>
    <property name="java.runtime.name" value="Java(TM) SE Runtime Environment"/>
    <property name="file.encoding" value="UTF-8"/>
    <property name="java.vm.name" value="Java HotSpot(TM) 64-Bit Server VM"/>
    <property name="localRepository" value="C:\Users\nikco\.m2\repository"/>
    <property name="java.vendor.url.bug" value="https://bugreport.java.com/bugreport/"/>
    <property name="java.io.tmpdir" value="C:\Users\nikco\AppData\Local\Temp\"/>
    <property name="java.version" value="17.0.12"/>
    <property name="user.dir" value="C:\Users\nikco\Documents\CURSOS AUTOMATIZACIÓN\PRUEBAS REST API\karate"/>
    <property name="os.arch" value="amd64"/>
    <property name="java.vm.specification.name" value="Java Virtual Machine Specification"/>
    <property name="sun.os.patch.level" value=""/>
    <property name="native.encoding" value="Cp1252"/>
    <property name="java.library.path" value="C:\Program Files\Java\jdk-17\bin;C:\WINDOWS\Sun\Java\bin;C:\WINDOWS\system32;C:\WINDOWS;C:/sts-4.24.0.RELEASE//plugins/org.eclipse.justj.openjdk.hotspot.jre.full.win32.x86_64_21.0.3.v20240426-1530/jre/bin/server;C:/sts-4.24.0.RELEASE//plugins/org.eclipse.justj.openjdk.hotspot.jre.full.win32.x86_64_21.0.3.v20240426-1530/jre/bin;C:\Program Files\Common Files\Oracle\Java\javapath;C:\ProgramData\Oracle\Java\javapath;C:\Program Files\Rockwell Software\RSCommon;C:\Program Files (x86)\Common Files\Oracle\Java\javapath;C:\WINDOWS\system32;C:\WINDOWS;C:\WINDOWS\System32\Wbem;C:\WINDOWS\System32\WindowsPowerShell\v1.0\;C:\WINDOWS\System32\OpenSSH\;C:\Program Files\dotnet\;C:\Program Files (x86)\dotnet\;C:\Program Files\Microsoft SQL Server\Client SDK\ODBC\170\Tools\Binn\;C:\Program Files (x86)\Microsoft SQL Server\150\Tools\Binn\;C:\Program Files\Microsoft SQL Server\150\Tools\Binn\;C:\Program Files\Microsoft SQL Server\150\DTS\Binn\;C:\Program Files\Microsoft SQL Server\Client SDK\ODBC\130\Tools\Binn\;C:\Program Files\Azure Data Studio\bin;C:\Program Files\IBM\SPSS\Statistics\25\JRE\bin;C:\Program Files (x86)\Microsoft SQL Server\160\DTS\Binn\;C:\Program Files\Java\jdk-17\bin;C:\Programas\apache-maven-3.9.5\bin;C:\Program Files\Git\cmd;C:\Users\nikco\gradle-8.10\bin;C:\Program Files\nodejs\;C:\Users\nikco\AppData\Local\Microsoft\WindowsApps;;C:\Users\nikco\AppData\Local\Programs\Microsoft VS Code\bin;C:\Program Files\Azure Data Studio\bin;C:\Program Files\Azure Data Studio\bin;C:\Program Files\Azure Data Studio\bin;C:\Program Files\Azure Data Studio\bin;C:\Users\nikco\AppData\Roaming\npm;C:\sts-4.24.0.RELEASE;;."/>
    <property name="java.vm.info" value="mixed mode, sharing"/>
    <property name="java.vendor" value="Oracle Corporation"/>
    <property name="java.vm.version" value="17.0.12+8-LTS-286"/>
    <property name="sun.io.unicode.encoding" value="UnicodeLittle"/>
    <property name="java.class.version" value="61.0"/>
  </properties>
  <testcase name="testParallel" classname="api.ApiTest" time="8.337">
    <system-out><![CDATA[16:40:40.833 [main] DEBUG com.intuit.karate.Suite -- waiting for 11 features to complete
16:40:42.600 [pool-2-thread-1] DEBUG com.jayway.jsonpath.internal.path.CompiledPath -- Evaluating path: $
16:40:42.600 [pool-2-thread-3] DEBUG com.jayway.jsonpath.internal.path.CompiledPath -- Evaluating path: $
16:40:42.600 [pool-2-thread-4] DEBUG com.jayway.jsonpath.internal.path.CompiledPath -- Evaluating path: $
16:40:42.600 [pool-2-thread-2] DEBUG com.jayway.jsonpath.internal.path.CompiledPath -- Evaluating path: $
16:40:42.600 [pool-2-thread-5] DEBUG com.jayway.jsonpath.internal.path.CompiledPath -- Evaluating path: $
16:40:42.613 [pool-2-thread-5] DEBUG com.jayway.jsonpath.internal.path.CompiledPath -- Evaluating path: $
16:40:42.615 [pool-2-thread-5] DEBUG com.jayway.jsonpath.internal.path.CompiledPath -- Evaluating path: $
16:40:42.642 [pool-3-thread-1] DEBUG com.jayway.jsonpath.internal.path.CompiledPath -- Evaluating path: $
16:40:42.665 [pool-3-thread-1] DEBUG com.jayway.jsonpath.internal.path.CompiledPath -- Evaluating path: $
16:40:42.666 [pool-2-thread-1] DEBUG io.netty.util.internal.logging.InternalLoggerFactory -- Using SLF4J as the default logging framework
16:40:42.671 [pool-2-thread-1] DEBUG io.netty.util.internal.PlatformDependent0 -- -Dio.netty.noUnsafe: false
16:40:42.672 [pool-2-thread-1] DEBUG io.netty.util.internal.PlatformDependent0 -- Java version: 17
16:40:42.673 [pool-2-thread-1] DEBUG io.netty.util.internal.PlatformDependent0 -- sun.misc.Unsafe.theUnsafe: available
16:40:42.675 [pool-2-thread-1] DEBUG io.netty.util.internal.PlatformDependent0 -- sun.misc.Unsafe.copyMemory: available
16:40:42.676 [pool-2-thread-1] DEBUG io.netty.util.internal.PlatformDependent0 -- sun.misc.Unsafe.storeFence: available
16:40:42.677 [pool-2-thread-1] DEBUG io.netty.util.internal.PlatformDependent0 -- java.nio.Buffer.address: available
16:40:42.679 [pool-2-thread-1] DEBUG io.netty.util.internal.PlatformDependent0 -- direct buffer constructor: unavailable: Reflective setAccessible(true) disabled
16:40:42.680 [pool-2-thread-1] DEBUG io.netty.util.internal.PlatformDependent0 -- java.nio.Bits.unaligned: available, true
16:40:42.682 [pool-2-thread-1] DEBUG io.netty.util.internal.PlatformDependent0 -- jdk.internal.misc.Unsafe.allocateUninitializedArray(int): unavailable: class io.netty.util.internal.PlatformDependent0$7 cannot access class jdk.internal.misc.Unsafe (in module java.base) because module java.base does not export jdk.internal.misc to unnamed module @646be2c3
16:40:42.684 [pool-2-thread-1] DEBUG io.netty.util.internal.PlatformDependent0 -- java.nio.DirectByteBuffer.<init>(long, {int,long}): unavailable
16:40:42.685 [pool-2-thread-1] DEBUG io.netty.util.internal.PlatformDependent -- sun.misc.Unsafe: available
16:40:42.687 [pool-2-thread-1] DEBUG io.netty.util.internal.PlatformDependent -- maxDirectMemory: 3722444800 bytes (maybe)
16:40:42.689 [pool-2-thread-1] DEBUG io.netty.util.internal.PlatformDependent -- -Dio.netty.tmpdir: C:\Users\nikco\AppData\Local\Temp (java.io.tmpdir)
16:40:42.690 [pool-2-thread-1] DEBUG io.netty.util.internal.PlatformDependent -- -Dio.netty.bitMode: 64 (sun.arch.data.model)
16:40:42.690 [pool-2-thread-1] DEBUG io.netty.util.internal.PlatformDependent -- Platform: Windows
16:40:42.693 [pool-2-thread-1] DEBUG io.netty.util.internal.PlatformDependent -- -Dio.netty.maxDirectMemory: -1 bytes
16:40:42.694 [pool-2-thread-1] DEBUG io.netty.util.internal.PlatformDependent -- -Dio.netty.uninitializedArrayAllocationThreshold: -1
16:40:42.696 [pool-2-thread-1] DEBUG io.netty.util.internal.CleanerJava9 -- java.nio.ByteBuffer.cleaner(): available
16:40:42.697 [pool-2-thread-1] DEBUG io.netty.util.internal.PlatformDependent -- -Dio.netty.noPreferDirect: false
16:40:43.065 [pool-2-thread-4] DEBUG org.apache.http.client.protocol.RequestAddCookies -- CookieSpec selected: karate
16:40:43.065 [pool-2-thread-5] DEBUG org.apache.http.client.protocol.RequestAddCookies -- CookieSpec selected: karate
16:40:43.065 [pool-2-thread-1] DEBUG org.apache.http.client.protocol.RequestAddCookies -- CookieSpec selected: karate
16:40:43.065 [pool-2-thread-2] DEBUG org.apache.http.client.protocol.RequestAddCookies -- CookieSpec selected: karate
16:40:43.065 [pool-2-thread-3] DEBUG org.apache.http.client.protocol.RequestAddCookies -- CookieSpec selected: karate
16:40:43.073 [pool-2-thread-5] DEBUG org.apache.http.client.protocol.RequestAuthCache -- Auth cache not set in the context
16:40:43.073 [pool-2-thread-2] DEBUG org.apache.http.client.protocol.RequestAuthCache -- Auth cache not set in the context
16:40:43.073 [pool-2-thread-3] DEBUG org.apache.http.client.protocol.RequestAuthCache -- Auth cache not set in the context
16:40:43.073 [pool-2-thread-1] DEBUG org.apache.http.client.protocol.RequestAuthCache -- Auth cache not set in the context
16:40:43.073 [pool-2-thread-4] DEBUG org.apache.http.client.protocol.RequestAuthCache -- Auth cache not set in the context
16:40:43.076 [pool-2-thread-2] DEBUG com.intuit.karate -- request:
1 > POST http://localhost:8081/api/v1/product/
1 > Accept: application/json
1 > Content-Type: application/json; charset=UTF-8
1 > Authorization: Bearer aGFzaGRzZnNkZnNkZnNkZnNk
1 > Content-Length: 17
1 > Host: localhost:8081
1 > Connection: Keep-Alive
1 > User-Agent: Apache-HttpClient/4.5.14 (Java/17.0.12)
1 > Accept-Encoding: gzip,deflate
{"name":"Iphone"}

16:40:43.076 [pool-2-thread-5] DEBUG com.intuit.karate -- request:
1 > POST http://localhost:8081/api/v1/product/
1 > Accept: application/json
1 > Authorization: Bearer aGFzaGRzZnNkZnNkZnNkZnNk
1 > Content-Type: application/json; charset=UTF-8
1 > Content-Length: 58
1 > Host: localhost:8081
1 > Connection: Keep-Alive
1 > User-Agent: Apache-HttpClient/4.5.14 (Java/17.0.12)
1 > Accept-Encoding: gzip,deflate
{"name":"Iphone","description":"Marca Apple","price":1500}

16:40:43.076 [pool-2-thread-1] DEBUG com.intuit.karate -- request:
1 > POST http://localhost:8081/api/v1/product/
1 > Accept: application/json
1 > Content-Type: application/json; charset=UTF-8
1 > Authorization: Bearer aGFzaGRzZnNkZnNkZnNkZnNk
1 > Content-Length: 42
1 > Host: localhost:8081
1 > Connection: Keep-Alive
1 > User-Agent: Apache-HttpClient/4.5.14 (Java/17.0.12)
1 > Accept-Encoding: gzip,deflate
{"description":"Marca Apple","price":1500}

16:40:43.076 [pool-2-thread-3] DEBUG com.intuit.karate -- request:
1 > POST http://localhost:8081/api/v1/product/
1 > Accept: application/json
1 > Content-Type: application/json; charset=UTF-8
1 > Authorization: Bearer aGFzaGRzZnNkZnNkZnNkZnNk
1 > Content-Length: 49
1 > Host: localhost:8081
1 > Connection: Keep-Alive
1 > User-Agent: Apache-HttpClient/4.5.14 (Java/17.0.12)
1 > Accept-Encoding: gzip,deflate
{"name":"Iphone","description":"Celular moderno"}

16:40:43.076 [pool-2-thread-4] DEBUG com.intuit.karate -- request:
1 > POST http://localhost:8081/api/v1/product/
1 > Accept: application/json
1 > Content-Type: application/json; charset=UTF-8
1 > Content-Length: 84
1 > Host: localhost:8081
1 > Connection: Keep-Alive
1 > User-Agent: Apache-HttpClient/4.5.14 (Java/17.0.12)
1 > Accept-Encoding: gzip,deflate
{"name":"Iphone 14","description":"Este es un smartphone de alta gama","price":1400}

16:40:43.079 [pool-2-thread-5] DEBUG org.apache.http.impl.conn.PoolingHttpClientConnectionManager -- Connection request: [route: {}->http://localhost:8081][total available: 0; route allocated: 0 of 5; total allocated: 0 of 10]
16:40:43.079 [pool-2-thread-2] DEBUG org.apache.http.impl.conn.PoolingHttpClientConnectionManager -- Connection request: [route: {}->http://localhost:8081][total available: 0; route allocated: 0 of 5; total allocated: 0 of 10]
16:40:43.079 [pool-2-thread-1] DEBUG org.apache.http.impl.conn.PoolingHttpClientConnectionManager -- Connection request: [route: {}->http://localhost:8081][total available: 0; route allocated: 0 of 5; total allocated: 0 of 10]
16:40:43.079 [pool-2-thread-3] DEBUG org.apache.http.impl.conn.PoolingHttpClientConnectionManager -- Connection request: [route: {}->http://localhost:8081][total available: 0; route allocated: 0 of 5; total allocated: 0 of 10]
16:40:43.079 [pool-2-thread-4] DEBUG org.apache.http.impl.conn.PoolingHttpClientConnectionManager -- Connection request: [route: {}->http://localhost:8081][total available: 0; route allocated: 0 of 5; total allocated: 0 of 10]
16:40:43.093 [pool-2-thread-3] DEBUG org.apache.http.impl.conn.PoolingHttpClientConnectionManager -- Connection leased: [id: 1][route: {}->http://localhost:8081][total available: 0; route allocated: 1 of 5; total allocated: 1 of 10]
16:40:43.093 [pool-2-thread-4] DEBUG org.apache.http.impl.conn.PoolingHttpClientConnectionManager -- Connection leased: [id: 4][route: {}->http://localhost:8081][total available: 0; route allocated: 1 of 5; total allocated: 1 of 10]
16:40:43.093 [pool-2-thread-1] DEBUG org.apache.http.impl.conn.PoolingHttpClientConnectionManager -- Connection leased: [id: 3][route: {}->http://localhost:8081][total available: 0; route allocated: 1 of 5; total allocated: 1 of 10]
16:40:43.093 [pool-2-thread-5] DEBUG org.apache.http.impl.conn.PoolingHttpClientConnectionManager -- Connection leased: [id: 0][route: {}->http://localhost:8081][total available: 0; route allocated: 1 of 5; total allocated: 1 of 10]
16:40:43.093 [pool-2-thread-2] DEBUG org.apache.http.impl.conn.PoolingHttpClientConnectionManager -- Connection leased: [id: 2][route: {}->http://localhost:8081][total available: 0; route allocated: 1 of 5; total allocated: 1 of 10]
16:40:43.096 [pool-2-thread-2] DEBUG org.apache.http.impl.execchain.MainClientExec -- Opening connection {}->http://localhost:8081
16:40:43.096 [pool-2-thread-5] DEBUG org.apache.http.impl.execchain.MainClientExec -- Opening connection {}->http://localhost:8081
16:40:43.096 [pool-2-thread-1] DEBUG org.apache.http.impl.execchain.MainClientExec -- Opening connection {}->http://localhost:8081
16:40:43.096 [pool-2-thread-4] DEBUG org.apache.http.impl.execchain.MainClientExec -- Opening connection {}->http://localhost:8081
16:40:43.096 [pool-2-thread-3] DEBUG org.apache.http.impl.execchain.MainClientExec -- Opening connection {}->http://localhost:8081
16:40:43.107 [pool-2-thread-1] DEBUG org.apache.http.impl.conn.DefaultHttpClientConnectionOperator -- Connecting to localhost/127.0.0.1:8081
16:40:43.107 [pool-2-thread-3] DEBUG org.apache.http.impl.conn.DefaultHttpClientConnectionOperator -- Connecting to localhost/127.0.0.1:8081
16:40:43.107 [pool-2-thread-5] DEBUG org.apache.http.impl.conn.DefaultHttpClientConnectionOperator -- Connecting to localhost/127.0.0.1:8081
16:40:43.107 [pool-2-thread-4] DEBUG org.apache.http.impl.conn.DefaultHttpClientConnectionOperator -- Connecting to localhost/127.0.0.1:8081
16:40:43.107 [pool-2-thread-2] DEBUG org.apache.http.impl.conn.DefaultHttpClientConnectionOperator -- Connecting to localhost/127.0.0.1:8081
16:40:43.110 [pool-2-thread-3] DEBUG org.apache.http.impl.conn.DefaultHttpClientConnectionOperator -- Connection established 127.0.0.1:49520<->127.0.0.1:8081
16:40:43.110 [pool-2-thread-4] DEBUG org.apache.http.impl.conn.DefaultHttpClientConnectionOperator -- Connection established 127.0.0.1:49523<->127.0.0.1:8081
16:40:43.110 [pool-2-thread-5] DEBUG org.apache.http.impl.conn.DefaultHttpClientConnectionOperator -- Connection established 127.0.0.1:49522<->127.0.0.1:8081
16:40:43.110 [pool-2-thread-1] DEBUG org.apache.http.impl.conn.DefaultHttpClientConnectionOperator -- Connection established 127.0.0.1:49519<->127.0.0.1:8081
16:40:43.110 [pool-2-thread-2] DEBUG org.apache.http.impl.conn.DefaultHttpClientConnectionOperator -- Connection established 127.0.0.1:49521<->127.0.0.1:8081
16:40:43.111 [pool-2-thread-3] DEBUG org.apache.http.impl.conn.DefaultManagedHttpClientConnection -- http-outgoing-3: set socket timeout to 30000
16:40:43.111 [pool-2-thread-4] DEBUG org.apache.http.impl.conn.DefaultManagedHttpClientConnection -- http-outgoing-4: set socket timeout to 30000
16:40:43.111 [pool-2-thread-5] DEBUG org.apache.http.impl.conn.DefaultManagedHttpClientConnection -- http-outgoing-1: set socket timeout to 30000
16:40:43.111 [pool-2-thread-4] DEBUG org.apache.http.impl.execchain.MainClientExec -- Executing request POST /api/v1/product/ HTTP/1.1
16:40:43.111 [pool-2-thread-5] DEBUG org.apache.http.impl.execchain.MainClientExec -- Executing request POST /api/v1/product/ HTTP/1.1
16:40:43.111 [pool-2-thread-1] DEBUG org.apache.http.impl.conn.DefaultManagedHttpClientConnection -- http-outgoing-0: set socket timeout to 30000
16:40:43.111 [pool-2-thread-2] DEBUG org.apache.http.impl.conn.DefaultManagedHttpClientConnection -- http-outgoing-2: set socket timeout to 30000
16:40:43.111 [pool-2-thread-3] DEBUG org.apache.http.impl.execchain.MainClientExec -- Executing request POST /api/v1/product/ HTTP/1.1
16:40:43.111 [pool-2-thread-4] DEBUG org.apache.http.impl.execchain.MainClientExec -- Target auth state: UNCHALLENGED
16:40:43.112 [pool-2-thread-3] DEBUG org.apache.http.impl.execchain.MainClientExec -- Proxy auth state: UNCHALLENGED
16:40:43.111 [pool-2-thread-5] DEBUG org.apache.http.impl.execchain.MainClientExec -- Proxy auth state: UNCHALLENGED
16:40:43.111 [pool-2-thread-1] DEBUG org.apache.http.impl.execchain.MainClientExec -- Executing request POST /api/v1/product/ HTTP/1.1
16:40:43.112 [pool-2-thread-2] DEBUG org.apache.http.impl.execchain.MainClientExec -- Executing request POST /api/v1/product/ HTTP/1.1
16:40:43.112 [pool-2-thread-1] DEBUG org.apache.http.impl.execchain.MainClientExec -- Proxy auth state: UNCHALLENGED
16:40:43.112 [pool-2-thread-2] DEBUG org.apache.http.impl.execchain.MainClientExec -- Proxy auth state: UNCHALLENGED
16:40:43.112 [pool-2-thread-4] DEBUG org.apache.http.impl.execchain.MainClientExec -- Proxy auth state: UNCHALLENGED
16:40:43.114 [pool-2-thread-3] DEBUG org.apache.http.headers -- http-outgoing-3 >> POST /api/v1/product/ HTTP/1.1
16:40:43.114 [pool-2-thread-1] DEBUG org.apache.http.headers -- http-outgoing-0 >> POST /api/v1/product/ HTTP/1.1
16:40:43.114 [pool-2-thread-2] DEBUG org.apache.http.headers -- http-outgoing-2 >> POST /api/v1/product/ HTTP/1.1
16:40:43.114 [pool-2-thread-4] DEBUG org.apache.http.headers -- http-outgoing-4 >> POST /api/v1/product/ HTTP/1.1
16:40:43.114 [pool-2-thread-5] DEBUG org.apache.http.headers -- http-outgoing-1 >> POST /api/v1/product/ HTTP/1.1
16:40:43.114 [pool-2-thread-5] DEBUG org.apache.http.headers -- http-outgoing-1 >> Accept: application/json
16:40:43.114 [pool-2-thread-3] DEBUG org.apache.http.headers -- http-outgoing-3 >> Accept: application/json
16:40:43.114 [pool-2-thread-1] DEBUG org.apache.http.headers -- http-outgoing-0 >> Accept: application/json
16:40:43.114 [pool-2-thread-2] DEBUG org.apache.http.headers -- http-outgoing-2 >> Accept: application/json
16:40:43.114 [pool-2-thread-4] DEBUG org.apache.http.headers -- http-outgoing-4 >> Accept: application/json
16:40:43.115 [pool-2-thread-5] DEBUG org.apache.http.headers -- http-outgoing-1 >> Authorization: Bearer aGFzaGRzZnNkZnNkZnNkZnNk
16:40:43.115 [pool-2-thread-3] DEBUG org.apache.http.headers -- http-outgoing-3 >> Content-Type: application/json; charset=UTF-8
16:40:43.115 [pool-2-thread-1] DEBUG org.apache.http.headers -- http-outgoing-0 >> Content-Type: application/json; charset=UTF-8
16:40:43.115 [pool-2-thread-2] DEBUG org.apache.http.headers -- http-outgoing-2 >> Content-Type: application/json; charset=UTF-8
16:40:43.115 [pool-2-thread-4] DEBUG org.apache.http.headers -- http-outgoing-4 >> Content-Type: application/json; charset=UTF-8
16:40:43.115 [pool-2-thread-5] DEBUG org.apache.http.headers -- http-outgoing-1 >> Content-Type: application/json; charset=UTF-8
16:40:43.115 [pool-2-thread-3] DEBUG org.apache.http.headers -- http-outgoing-3 >> Authorization: Bearer aGFzaGRzZnNkZnNkZnNkZnNk
16:40:43.115 [pool-2-thread-1] DEBUG org.apache.http.headers -- http-outgoing-0 >> Authorization: Bearer aGFzaGRzZnNkZnNkZnNkZnNk
16:40:43.115 [pool-2-thread-2] DEBUG org.apache.http.headers -- http-outgoing-2 >> Authorization: Bearer aGFzaGRzZnNkZnNkZnNkZnNk
16:40:43.115 [pool-2-thread-2] DEBUG org.apache.http.headers -- http-outgoing-2 >> Content-Length: 17
16:40:43.115 [pool-2-thread-2] DEBUG org.apache.http.headers -- http-outgoing-2 >> Host: localhost:8081
16:40:43.115 [pool-2-thread-4] DEBUG org.apache.http.headers -- http-outgoing-4 >> Content-Length: 84
16:40:43.115 [pool-2-thread-5] DEBUG org.apache.http.headers -- http-outgoing-1 >> Content-Length: 58
16:40:43.115 [pool-2-thread-3] DEBUG org.apache.http.headers -- http-outgoing-3 >> Content-Length: 49
16:40:43.115 [pool-2-thread-1] DEBUG org.apache.http.headers -- http-outgoing-0 >> Content-Length: 42
16:40:43.115 [pool-2-thread-3] DEBUG org.apache.http.headers -- http-outgoing-3 >> Host: localhost:8081
16:40:43.115 [pool-2-thread-2] DEBUG org.apache.http.headers -- http-outgoing-2 >> Connection: Keep-Alive
16:40:43.115 [pool-2-thread-4] DEBUG org.apache.http.headers -- http-outgoing-4 >> Host: localhost:8081
16:40:43.116 [pool-2-thread-3] DEBUG org.apache.http.headers -- http-outgoing-3 >> Connection: Keep-Alive
16:40:43.116 [pool-2-thread-4] DEBUG org.apache.http.headers -- http-outgoing-4 >> Connection: Keep-Alive
16:40:43.116 [pool-2-thread-3] DEBUG org.apache.http.headers -- http-outgoing-3 >> User-Agent: Apache-HttpClient/4.5.14 (Java/17.0.12)
16:40:43.116 [pool-2-thread-4] DEBUG org.apache.http.headers -- http-outgoing-4 >> User-Agent: Apache-HttpClient/4.5.14 (Java/17.0.12)
16:40:43.115 [pool-2-thread-5] DEBUG org.apache.http.headers -- http-outgoing-1 >> Host: localhost:8081
16:40:43.116 [pool-2-thread-1] DEBUG org.apache.http.headers -- http-outgoing-0 >> Host: localhost:8081
16:40:43.116 [pool-2-thread-2] DEBUG org.apache.http.headers -- http-outgoing-2 >> User-Agent: Apache-HttpClient/4.5.14 (Java/17.0.12)
16:40:43.116 [pool-2-thread-3] DEBUG org.apache.http.headers -- http-outgoing-3 >> Accept-Encoding: gzip,deflate
16:40:43.116 [pool-2-thread-4] DEBUG org.apache.http.headers -- http-outgoing-4 >> Accept-Encoding: gzip,deflate
16:40:43.116 [pool-2-thread-5] DEBUG org.apache.http.headers -- http-outgoing-1 >> Connection: Keep-Alive
16:40:43.116 [pool-2-thread-1] DEBUG org.apache.http.headers -- http-outgoing-0 >> Connection: Keep-Alive
16:40:43.116 [pool-2-thread-2] DEBUG org.apache.http.headers -- http-outgoing-2 >> Accept-Encoding: gzip,deflate
16:40:43.116 [pool-2-thread-5] DEBUG org.apache.http.headers -- http-outgoing-1 >> User-Agent: Apache-HttpClient/4.5.14 (Java/17.0.12)
16:40:43.116 [pool-2-thread-1] DEBUG org.apache.http.headers -- http-outgoing-0 >> User-Agent: Apache-HttpClient/4.5.14 (Java/17.0.12)
16:40:43.116 [pool-2-thread-2] DEBUG org.apache.http.wire -- http-outgoing-2 >> "POST /api/v1/product/ HTTP/1.1[\r][\n]"
16:40:43.116 [pool-2-thread-1] DEBUG org.apache.http.headers -- http-outgoing-0 >> Accept-Encoding: gzip,deflate
16:40:43.116 [pool-2-thread-4] DEBUG org.apache.http.wire -- http-outgoing-4 >> "POST /api/v1/product/ HTTP/1.1[\r][\n]"
16:40:43.116 [pool-2-thread-2] DEBUG org.apache.http.wire -- http-outgoing-2 >> "Accept: application/json[\r][\n]"
16:40:43.116 [pool-2-thread-5] DEBUG org.apache.http.headers -- http-outgoing-1 >> Accept-Encoding: gzip,deflate
16:40:43.116 [pool-2-thread-2] DEBUG org.apache.http.wire -- http-outgoing-2 >> "Content-Type: application/json; charset=UTF-8[\r][\n]"
16:40:43.116 [pool-2-thread-1] DEBUG org.apache.http.wire -- http-outgoing-0 >> "POST /api/v1/product/ HTTP/1.1[\r][\n]"
16:40:43.116 [pool-2-thread-2] DEBUG org.apache.http.wire -- http-outgoing-2 >> "Authorization: Bearer aGFzaGRzZnNkZnNkZnNkZnNk[\r][\n]"
16:40:43.116 [pool-2-thread-4] DEBUG org.apache.http.wire -- http-outgoing-4 >> "Accept: application/json[\r][\n]"
16:40:43.116 [pool-2-thread-3] DEBUG org.apache.http.wire -- http-outgoing-3 >> "POST /api/v1/product/ HTTP/1.1[\r][\n]"
16:40:43.116 [pool-2-thread-2] DEBUG org.apache.http.wire -- http-outgoing-2 >> "Content-Length: 17[\r][\n]"
16:40:43.116 [pool-2-thread-5] DEBUG org.apache.http.wire -- http-outgoing-1 >> "POST /api/v1/product/ HTTP/1.1[\r][\n]"
16:40:43.116 [pool-2-thread-1] DEBUG org.apache.http.wire -- http-outgoing-0 >> "Accept: application/json[\r][\n]"
16:40:43.116 [pool-2-thread-4] DEBUG org.apache.http.wire -- http-outgoing-4 >> "Content-Type: application/json; charset=UTF-8[\r][\n]"
16:40:43.117 [pool-2-thread-3] DEBUG org.apache.http.wire -- http-outgoing-3 >> "Accept: application/json[\r][\n]"
16:40:43.117 [pool-2-thread-2] DEBUG org.apache.http.wire -- http-outgoing-2 >> "Host: localhost:8081[\r][\n]"
16:40:43.117 [pool-2-thread-5] DEBUG org.apache.http.wire -- http-outgoing-1 >> "Accept: application/json[\r][\n]"
16:40:43.117 [pool-2-thread-1] DEBUG org.apache.http.wire -- http-outgoing-0 >> "Content-Type: application/json; charset=UTF-8[\r][\n]"
16:40:43.117 [pool-2-thread-4] DEBUG org.apache.http.wire -- http-outgoing-4 >> "Content-Length: 84[\r][\n]"
16:40:43.117 [pool-2-thread-3] DEBUG org.apache.http.wire -- http-outgoing-3 >> "Content-Type: application/json; charset=UTF-8[\r][\n]"
16:40:43.117 [pool-2-thread-2] DEBUG org.apache.http.wire -- http-outgoing-2 >> "Connection: Keep-Alive[\r][\n]"
16:40:43.117 [pool-2-thread-5] DEBUG org.apache.http.wire -- http-outgoing-1 >> "Authorization: Bearer aGFzaGRzZnNkZnNkZnNkZnNk[\r][\n]"
16:40:43.117 [pool-2-thread-1] DEBUG org.apache.http.wire -- http-outgoing-0 >> "Authorization: Bearer aGFzaGRzZnNkZnNkZnNkZnNk[\r][\n]"
16:40:43.117 [pool-2-thread-4] DEBUG org.apache.http.wire -- http-outgoing-4 >> "Host: localhost:8081[\r][\n]"
16:40:43.117 [pool-2-thread-1] DEBUG org.apache.http.wire -- http-outgoing-0 >> "Content-Length: 42[\r][\n]"
16:40:43.117 [pool-2-thread-4] DEBUG org.apache.http.wire -- http-outgoing-4 >> "Connection: Keep-Alive[\r][\n]"
16:40:43.117 [pool-2-thread-3] DEBUG org.apache.http.wire -- http-outgoing-3 >> "Authorization: Bearer aGFzaGRzZnNkZnNkZnNkZnNk[\r][\n]"
16:40:43.117 [pool-2-thread-2] DEBUG org.apache.http.wire -- http-outgoing-2 >> "User-Agent: Apache-HttpClient/4.5.14 (Java/17.0.12)[\r][\n]"
16:40:43.117 [pool-2-thread-5] DEBUG org.apache.http.wire -- http-outgoing-1 >> "Content-Type: application/json; charset=UTF-8[\r][\n]"
16:40:43.117 [pool-2-thread-1] DEBUG org.apache.http.wire -- http-outgoing-0 >> "Host: localhost:8081[\r][\n]"
16:40:43.117 [pool-2-thread-4] DEBUG org.apache.http.wire -- http-outgoing-4 >> "User-Agent: Apache-HttpClient/4.5.14 (Java/17.0.12)[\r][\n]"
16:40:43.117 [pool-2-thread-3] DEBUG org.apache.http.wire -- http-outgoing-3 >> "Content-Length: 49[\r][\n]"
16:40:43.117 [pool-2-thread-2] DEBUG org.apache.http.wire -- http-outgoing-2 >> "Accept-Encoding: gzip,deflate[\r][\n]"
16:40:43.117 [pool-2-thread-5] DEBUG org.apache.http.wire -- http-outgoing-1 >> "Content-Length: 58[\r][\n]"
16:40:43.117 [pool-2-thread-1] DEBUG org.apache.http.wire -- http-outgoing-0 >> "Connection: Keep-Alive[\r][\n]"
16:40:43.117 [pool-2-thread-4] DEBUG org.apache.http.wire -- http-outgoing-4 >> "Accept-Encoding: gzip,deflate[\r][\n]"
16:40:43.117 [pool-2-thread-3] DEBUG org.apache.http.wire -- http-outgoing-3 >> "Host: localhost:8081[\r][\n]"
16:40:43.117 [pool-2-thread-2] DEBUG org.apache.http.wire -- http-outgoing-2 >> "[\r][\n]"
16:40:43.117 [pool-2-thread-5] DEBUG org.apache.http.wire -- http-outgoing-1 >> "Host: localhost:8081[\r][\n]"
16:40:43.117 [pool-2-thread-2] DEBUG org.apache.http.wire -- http-outgoing-2 >> "{"name":"Iphone"}"
16:40:43.117 [pool-2-thread-1] DEBUG org.apache.http.wire -- http-outgoing-0 >> "User-Agent: Apache-HttpClient/4.5.14 (Java/17.0.12)[\r][\n]"
16:40:43.117 [pool-2-thread-4] DEBUG org.apache.http.wire -- http-outgoing-4 >> "[\r][\n]"
16:40:43.117 [pool-2-thread-3] DEBUG org.apache.http.wire -- http-outgoing-3 >> "Connection: Keep-Alive[\r][\n]"
16:40:43.118 [pool-2-thread-4] DEBUG org.apache.http.wire -- http-outgoing-4 >> "{"name":"Iphone 14","description":"Este es un smartphone de alta gama","price":1400}"
16:40:43.117 [pool-2-thread-5] DEBUG org.apache.http.wire -- http-outgoing-1 >> "Connection: Keep-Alive[\r][\n]"
16:40:43.118 [pool-2-thread-1] DEBUG org.apache.http.wire -- http-outgoing-0 >> "Accept-Encoding: gzip,deflate[\r][\n]"
16:40:43.118 [pool-2-thread-3] DEBUG org.apache.http.wire -- http-outgoing-3 >> "User-Agent: Apache-HttpClient/4.5.14 (Java/17.0.12)[\r][\n]"
16:40:43.118 [pool-2-thread-5] DEBUG org.apache.http.wire -- http-outgoing-1 >> "User-Agent: Apache-HttpClient/4.5.14 (Java/17.0.12)[\r][\n]"
16:40:43.118 [pool-2-thread-1] DEBUG org.apache.http.wire -- http-outgoing-0 >> "[\r][\n]"
16:40:43.118 [pool-2-thread-3] DEBUG org.apache.http.wire -- http-outgoing-3 >> "Accept-Encoding: gzip,deflate[\r][\n]"
16:40:43.118 [pool-2-thread-1] DEBUG org.apache.http.wire -- http-outgoing-0 >> "{"description":"Marca Apple","price":1500}"
16:40:43.118 [pool-2-thread-3] DEBUG org.apache.http.wire -- http-outgoing-3 >> "[\r][\n]"
16:40:43.118 [pool-2-thread-5] DEBUG org.apache.http.wire -- http-outgoing-1 >> "Accept-Encoding: gzip,deflate[\r][\n]"
16:40:43.118 [pool-2-thread-3] DEBUG org.apache.http.wire -- http-outgoing-3 >> "{"name":"Iphone","description":"Celular moderno"}"
16:40:43.118 [pool-2-thread-5] DEBUG org.apache.http.wire -- http-outgoing-1 >> "[\r][\n]"
16:40:43.118 [pool-2-thread-5] DEBUG org.apache.http.wire -- http-outgoing-1 >> "{"name":"Iphone","description":"Marca Apple","price":1500}"
16:40:43.120 [pool-2-thread-3] DEBUG org.apache.http.wire -- http-outgoing-3 << "HTTP/1.1 400 [\r][\n]"
16:40:43.120 [pool-2-thread-2] DEBUG org.apache.http.wire -- http-outgoing-2 << "HTTP/1.1 400 [\r][\n]"
16:40:43.120 [pool-2-thread-3] DEBUG org.apache.http.wire -- http-outgoing-3 << "Content-Type: application/json[\r][\n]"
16:40:43.120 [pool-2-thread-1] DEBUG org.apache.http.wire -- http-outgoing-0 << "HTTP/1.1 400 [\r][\n]"
16:40:43.121 [pool-2-thread-2] DEBUG org.apache.http.wire -- http-outgoing-2 << "Content-Type: application/json[\r][\n]"
16:40:43.121 [pool-2-thread-1] DEBUG org.apache.http.wire -- http-outgoing-0 << "Content-Type: application/json[\r][\n]"
16:40:43.121 [pool-2-thread-2] DEBUG org.apache.http.wire -- http-outgoing-2 << "Transfer-Encoding: chunked[\r][\n]"
16:40:43.120 [pool-2-thread-4] DEBUG org.apache.http.wire -- http-outgoing-4 << "HTTP/1.1 400 [\r][\n]"
16:40:43.121 [pool-2-thread-3] DEBUG org.apache.http.wire -- http-outgoing-3 << "Transfer-Encoding: chunked[\r][\n]"
16:40:43.121 [pool-2-thread-1] DEBUG org.apache.http.wire -- http-outgoing-0 << "Transfer-Encoding: chunked[\r][\n]"
16:40:43.121 [pool-2-thread-2] DEBUG org.apache.http.wire -- http-outgoing-2 << "Date: Wed, 09 Oct 2024 21:40:43 GMT[\r][\n]"
16:40:43.121 [pool-2-thread-3] DEBUG org.apache.http.wire -- http-outgoing-3 << "Date: Wed, 09 Oct 2024 21:40:43 GMT[\r][\n]"
16:40:43.121 [pool-2-thread-4] DEBUG org.apache.http.wire -- http-outgoing-4 << "Content-Type: application/json[\r][\n]"
16:40:43.121 [pool-2-thread-1] DEBUG org.apache.http.wire -- http-outgoing-0 << "Date: Wed, 09 Oct 2024 21:40:43 GMT[\r][\n]"
16:40:43.121 [pool-2-thread-3] DEBUG org.apache.http.wire -- http-outgoing-3 << "Connection: close[\r][\n]"
16:40:43.121 [pool-2-thread-2] DEBUG org.apache.http.wire -- http-outgoing-2 << "Connection: close[\r][\n]"
16:40:43.121 [pool-2-thread-5] DEBUG org.apache.http.wire -- http-outgoing-1 << "HTTP/1.1 201 [\r][\n]"
16:40:43.121 [pool-2-thread-4] DEBUG org.apache.http.wire -- http-outgoing-4 << "Transfer-Encoding: chunked[\r][\n]"
16:40:43.121 [pool-2-thread-1] DEBUG org.apache.http.wire -- http-outgoing-0 << "Connection: close[\r][\n]"
16:40:43.121 [pool-2-thread-3] DEBUG org.apache.http.wire -- http-outgoing-3 << "[\r][\n]"
16:40:43.121 [pool-2-thread-2] DEBUG org.apache.http.wire -- http-outgoing-2 << "[\r][\n]"
16:40:43.121 [pool-2-thread-5] DEBUG org.apache.http.wire -- http-outgoing-1 << "Content-Type: application/json[\r][\n]"
16:40:43.122 [pool-2-thread-4] DEBUG org.apache.http.wire -- http-outgoing-4 << "Date: Wed, 09 Oct 2024 21:40:43 GMT[\r][\n]"
16:40:43.122 [pool-2-thread-2] DEBUG org.apache.http.wire -- http-outgoing-2 << "57[\r][\n]"
16:40:43.122 [pool-2-thread-1] DEBUG org.apache.http.wire -- http-outgoing-0 << "[\r][\n]"
16:40:43.122 [pool-2-thread-2] DEBUG org.apache.http.wire -- http-outgoing-2 << "{"sku":"","status":false,"message":"La descripci[0xc3][0xb3]n del producto no fue proporcionada"}[\r][\n]"
16:40:43.122 [pool-2-thread-3] DEBUG org.apache.http.wire -- http-outgoing-3 << "51[\r][\n]"
16:40:43.122 [pool-2-thread-5] DEBUG org.apache.http.wire -- http-outgoing-1 << "Transfer-Encoding: chunked[\r][\n]"
16:40:43.122 [pool-2-thread-4] DEBUG org.apache.http.wire -- http-outgoing-4 << "Connection: close[\r][\n]"
16:40:43.122 [pool-2-thread-1] DEBUG org.apache.http.wire -- http-outgoing-0 << "51[\r][\n]"
16:40:43.122 [pool-2-thread-3] DEBUG org.apache.http.wire -- http-outgoing-3 << "{"sku":"","status":false,"message":"El precio del producto no fue proporcionado"}[\r][\n]"
16:40:43.122 [pool-2-thread-5] DEBUG org.apache.http.wire -- http-outgoing-1 << "Date: Wed, 09 Oct 2024 21:40:43 GMT[\r][\n]"
16:40:43.122 [pool-2-thread-4] DEBUG org.apache.http.wire -- http-outgoing-4 << "[\r][\n]"
16:40:43.122 [pool-2-thread-1] DEBUG org.apache.http.wire -- http-outgoing-0 << "{"sku":"","status":false,"message":"El nombre del producto no fue proporcionado"}[\r][\n]"
16:40:43.122 [pool-2-thread-5] DEBUG org.apache.http.wire -- http-outgoing-1 << "Keep-Alive: timeout=60[\r][\n]"
16:40:43.122 [pool-2-thread-4] DEBUG org.apache.http.wire -- http-outgoing-4 << "6a[\r][\n]"
16:40:43.122 [pool-2-thread-5] DEBUG org.apache.http.wire -- http-outgoing-1 << "Connection: keep-alive[\r][\n]"
16:40:43.123 [pool-2-thread-4] DEBUG org.apache.http.wire -- http-outgoing-4 << "{"timestamp":"2024-10-09T21:40:43.120+00:00","status":400,"error":"Bad Request","path":"/api/v1/product/"}[\r][\n]"
16:40:43.123 [pool-2-thread-5] DEBUG org.apache.http.wire -- http-outgoing-1 << "[\r][\n]"
16:40:43.123 [pool-2-thread-5] DEBUG org.apache.http.wire -- http-outgoing-1 << "6b[\r][\n]"
16:40:43.123 [pool-2-thread-5] DEBUG org.apache.http.wire -- http-outgoing-1 << "{"sku":"d493986c-5f1d-4dab-88f4-e288f109d9f1","status":true,"message":"El producto fue creado con [0xc3][0xa9]xito!"}[\r][\n]"
16:40:43.125 [pool-2-thread-2] DEBUG org.apache.http.headers -- http-outgoing-2 << HTTP/1.1 400 
16:40:43.125 [pool-2-thread-1] DEBUG org.apache.http.headers -- http-outgoing-0 << HTTP/1.1 400 
16:40:43.125 [pool-2-thread-4] DEBUG org.apache.http.headers -- http-outgoing-4 << HTTP/1.1 400 
16:40:43.125 [pool-2-thread-5] DEBUG org.apache.http.headers -- http-outgoing-1 << HTTP/1.1 201 
16:40:43.125 [pool-2-thread-3] DEBUG org.apache.http.headers -- http-outgoing-3 << HTTP/1.1 400 
16:40:43.125 [pool-2-thread-2] DEBUG org.apache.http.headers -- http-outgoing-2 << Content-Type: application/json
16:40:43.125 [pool-2-thread-1] DEBUG org.apache.http.headers -- http-outgoing-0 << Content-Type: application/json
16:40:43.125 [pool-2-thread-1] DEBUG org.apache.http.headers -- http-outgoing-0 << Transfer-Encoding: chunked
16:40:43.125 [pool-2-thread-4] DEBUG org.apache.http.headers -- http-outgoing-4 << Content-Type: application/json
16:40:43.125 [pool-2-thread-5] DEBUG org.apache.http.headers -- http-outgoing-1 << Content-Type: application/json
16:40:43.126 [pool-2-thread-5] DEBUG org.apache.http.headers -- http-outgoing-1 << Transfer-Encoding: chunked
16:40:43.125 [pool-2-thread-3] DEBUG org.apache.http.headers -- http-outgoing-3 << Content-Type: application/json
16:40:43.125 [pool-2-thread-2] DEBUG org.apache.http.headers -- http-outgoing-2 << Transfer-Encoding: chunked
16:40:43.126 [pool-2-thread-1] DEBUG org.apache.http.headers -- http-outgoing-0 << Date: Wed, 09 Oct 2024 21:40:43 GMT
16:40:43.126 [pool-2-thread-4] DEBUG org.apache.http.headers -- http-outgoing-4 << Transfer-Encoding: chunked
16:40:43.126 [pool-2-thread-5] DEBUG org.apache.http.headers -- http-outgoing-1 << Date: Wed, 09 Oct 2024 21:40:43 GMT
16:40:43.126 [pool-2-thread-3] DEBUG org.apache.http.headers -- http-outgoing-3 << Transfer-Encoding: chunked
16:40:43.126 [pool-2-thread-2] DEBUG org.apache.http.headers -- http-outgoing-2 << Date: Wed, 09 Oct 2024 21:40:43 GMT
16:40:43.126 [pool-2-thread-1] DEBUG org.apache.http.headers -- http-outgoing-0 << Connection: close
16:40:43.126 [pool-2-thread-4] DEBUG org.apache.http.headers -- http-outgoing-4 << Date: Wed, 09 Oct 2024 21:40:43 GMT
16:40:43.126 [pool-2-thread-5] DEBUG org.apache.http.headers -- http-outgoing-1 << Keep-Alive: timeout=60
16:40:43.126 [pool-2-thread-3] DEBUG org.apache.http.headers -- http-outgoing-3 << Date: Wed, 09 Oct 2024 21:40:43 GMT
16:40:43.126 [pool-2-thread-2] DEBUG org.apache.http.headers -- http-outgoing-2 << Connection: close
16:40:43.126 [pool-2-thread-4] DEBUG org.apache.http.headers -- http-outgoing-4 << Connection: close
16:40:43.126 [pool-2-thread-5] DEBUG org.apache.http.headers -- http-outgoing-1 << Connection: keep-alive
16:40:43.126 [pool-2-thread-3] DEBUG org.apache.http.headers -- http-outgoing-3 << Connection: close
16:40:43.132 [pool-2-thread-5] DEBUG org.apache.http.impl.execchain.MainClientExec -- Connection can be kept alive for 60000 MILLISECONDS
16:40:43.134 [pool-2-thread-5] DEBUG org.apache.http.wire -- http-outgoing-1 << "0[\r][\n]"
16:40:43.134 [pool-2-thread-3] DEBUG org.apache.http.wire -- http-outgoing-3 << "0[\r][\n]"
16:40:43.134 [pool-2-thread-1] DEBUG org.apache.http.wire -- http-outgoing-0 << "0[\r][\n]"
16:40:43.135 [pool-2-thread-3] DEBUG org.apache.http.wire -- http-outgoing-3 << "[\r][\n]"
16:40:43.134 [pool-2-thread-4] DEBUG org.apache.http.wire -- http-outgoing-4 << "0[\r][\n]"
16:40:43.134 [pool-2-thread-2] DEBUG org.apache.http.wire -- http-outgoing-2 << "0[\r][\n]"
16:40:43.135 [pool-2-thread-5] DEBUG org.apache.http.wire -- http-outgoing-1 << "[\r][\n]"
16:40:43.135 [pool-2-thread-1] DEBUG org.apache.http.wire -- http-outgoing-0 << "[\r][\n]"
16:40:43.135 [pool-2-thread-4] DEBUG org.apache.http.wire -- http-outgoing-4 << "[\r][\n]"
16:40:43.135 [pool-2-thread-2] DEBUG org.apache.http.wire -- http-outgoing-2 << "[\r][\n]"
16:40:43.135 [pool-2-thread-3] DEBUG org.apache.http.impl.conn.DefaultManagedHttpClientConnection -- http-outgoing-3: Close connection
16:40:43.135 [pool-2-thread-2] DEBUG org.apache.http.impl.conn.DefaultManagedHttpClientConnection -- http-outgoing-2: Close connection
16:40:43.135 [pool-2-thread-1] DEBUG org.apache.http.impl.conn.DefaultManagedHttpClientConnection -- http-outgoing-0: Close connection
16:40:43.135 [pool-2-thread-4] DEBUG org.apache.http.impl.conn.DefaultManagedHttpClientConnection -- http-outgoing-4: Close connection
16:40:43.135 [pool-2-thread-5] DEBUG org.apache.http.impl.conn.PoolingHttpClientConnectionManager -- Connection [id: 0][route: {}->http://localhost:8081] can be kept alive for 60.0 seconds
16:40:43.135 [pool-2-thread-5] DEBUG org.apache.http.impl.conn.DefaultManagedHttpClientConnection -- http-outgoing-1: set socket timeout to 0
16:40:43.135 [pool-2-thread-5] DEBUG org.apache.http.impl.conn.PoolingHttpClientConnectionManager -- Connection released: [id: 0][route: {}->http://localhost:8081][total available: 1; route allocated: 1 of 5; total allocated: 1 of 10]
16:40:43.135 [pool-2-thread-4] DEBUG org.apache.http.impl.execchain.MainClientExec -- Connection discarded
16:40:43.135 [pool-2-thread-3] DEBUG org.apache.http.impl.execchain.MainClientExec -- Connection discarded
16:40:43.135 [pool-2-thread-4] DEBUG org.apache.http.impl.conn.PoolingHttpClientConnectionManager -- Connection released: [id: 4][route: {}->http://localhost:8081][total available: 0; route allocated: 0 of 5; total allocated: 0 of 10]
16:40:43.135 [pool-2-thread-2] DEBUG org.apache.http.impl.execchain.MainClientExec -- Connection discarded
16:40:43.135 [pool-2-thread-3] DEBUG org.apache.http.impl.conn.PoolingHttpClientConnectionManager -- Connection released: [id: 1][route: {}->http://localhost:8081][total available: 0; route allocated: 0 of 5; total allocated: 0 of 10]
16:40:43.135 [pool-2-thread-1] DEBUG org.apache.http.impl.execchain.MainClientExec -- Connection discarded
16:40:43.135 [pool-2-thread-5] DEBUG org.apache.http.impl.conn.PoolingHttpClientConnectionManager -- Connection manager is shutting down
16:40:43.135 [pool-2-thread-3] DEBUG org.apache.http.impl.conn.PoolingHttpClientConnectionManager -- Connection manager is shutting down
16:40:43.135 [pool-2-thread-4] DEBUG org.apache.http.impl.conn.PoolingHttpClientConnectionManager -- Connection manager is shutting down
16:40:43.135 [pool-2-thread-2] DEBUG org.apache.http.impl.conn.PoolingHttpClientConnectionManager -- Connection released: [id: 2][route: {}->http://localhost:8081][total available: 0; route allocated: 0 of 5; total allocated: 0 of 10]
16:40:43.135 [pool-2-thread-1] DEBUG org.apache.http.impl.conn.PoolingHttpClientConnectionManager -- Connection released: [id: 3][route: {}->http://localhost:8081][total available: 0; route allocated: 0 of 5; total allocated: 0 of 10]
16:40:43.136 [pool-2-thread-1] DEBUG org.apache.http.impl.conn.PoolingHttpClientConnectionManager -- Connection manager is shutting down
16:40:43.136 [pool-2-thread-2] DEBUG org.apache.http.impl.conn.PoolingHttpClientConnectionManager -- Connection manager is shutting down
16:40:43.137 [pool-2-thread-5] DEBUG org.apache.http.impl.conn.DefaultManagedHttpClientConnection -- http-outgoing-1: Close connection
16:40:43.137 [pool-2-thread-3] DEBUG org.apache.http.impl.conn.PoolingHttpClientConnectionManager -- Connection manager shut down
16:40:43.137 [pool-2-thread-1] DEBUG org.apache.http.impl.conn.PoolingHttpClientConnectionManager -- Connection manager shut down
16:40:43.137 [pool-2-thread-2] DEBUG org.apache.http.impl.conn.PoolingHttpClientConnectionManager -- Connection manager shut down
16:40:43.137 [pool-2-thread-4] DEBUG org.apache.http.impl.conn.PoolingHttpClientConnectionManager -- Connection manager shut down
16:40:43.137 [pool-2-thread-5] DEBUG org.apache.http.impl.conn.PoolingHttpClientConnectionManager -- Connection manager shut down
16:40:43.139 [pool-2-thread-5] DEBUG com.intuit.karate -- response time in milliseconds: 58
1 < 201
1 < Content-Type: application/json
1 < Transfer-Encoding: chunked
1 < Date: Wed, 09 Oct 2024 21:40:43 GMT
1 < Keep-Alive: timeout=60
1 < Connection: keep-alive
{"sku":"d493986c-5f1d-4dab-88f4-e288f109d9f1","status":true,"message":"El producto fue creado con éxito!"}

16:40:43.139 [pool-2-thread-2] DEBUG com.intuit.karate -- response time in milliseconds: 59
1 < 400
1 < Content-Type: application/json
1 < Transfer-Encoding: chunked
1 < Date: Wed, 09 Oct 2024 21:40:43 GMT
1 < Connection: close
{"sku":"","status":false,"message":"La descripción del producto no fue proporcionada"}

16:40:43.139 [pool-2-thread-4] DEBUG com.intuit.karate -- response time in milliseconds: 58
1 < 400
1 < Content-Type: application/json
1 < Transfer-Encoding: chunked
1 < Date: Wed, 09 Oct 2024 21:40:43 GMT
1 < Connection: close
{"timestamp":"2024-10-09T21:40:43.120+00:00","status":400,"error":"Bad Request","path":"/api/v1/product/"}

16:40:43.139 [pool-2-thread-3] DEBUG com.intuit.karate -- response time in milliseconds: 58
1 < 400
1 < Content-Type: application/json
1 < Transfer-Encoding: chunked
1 < Date: Wed, 09 Oct 2024 21:40:43 GMT
1 < Connection: close
{"sku":"","status":false,"message":"El precio del producto no fue proporcionado"}

16:40:43.139 [pool-2-thread-1] DEBUG com.intuit.karate -- response time in milliseconds: 59
1 < 400
1 < Content-Type: application/json
1 < Transfer-Encoding: chunked
1 < Date: Wed, 09 Oct 2024 21:40:43 GMT
1 < Connection: close
{"sku":"","status":false,"message":"El nombre del producto no fue proporcionado"}

16:40:43.154 [pool-2-thread-1] DEBUG com.jayway.jsonpath.internal.path.CompiledPath -- Evaluating path: $
16:40:43.154 [pool-2-thread-5] DEBUG com.jayway.jsonpath.internal.path.CompiledPath -- Evaluating path: $
16:40:43.154 [pool-2-thread-4] DEBUG com.jayway.jsonpath.internal.path.CompiledPath -- Evaluating path: $
16:40:43.157 [pool-2-thread-5] DEBUG com.jayway.jsonpath.internal.path.CompiledPath -- Evaluating path: $
16:40:43.162 [pool-2-thread-5] DEBUG org.apache.http.client.protocol.RequestAddCookies -- CookieSpec selected: karate
16:40:43.162 [pool-2-thread-5] DEBUG org.apache.http.client.protocol.RequestAuthCache -- Auth cache not set in the context
16:40:43.162 [pool-2-thread-5] DEBUG com.intuit.karate -- request:
1 > POST http://localhost:8081/api/v1/product/
1 > Accept: application/json
1 > Authorization: Bearer aGFzaGRzZnNkZnNkZnNkZnNk
1 > Content-Type: application/json; charset=UTF-8
1 > Content-Length: 58
1 > Host: localhost:8081
1 > Connection: Keep-Alive
1 > User-Agent: Apache-HttpClient/4.5.14 (Java/17.0.12)
1 > Accept-Encoding: gzip,deflate
{"name":"Iphone","description":"Marca Apple","price":1500}

16:40:43.162 [pool-2-thread-5] DEBUG org.apache.http.impl.conn.PoolingHttpClientConnectionManager -- Connection request: [route: {}->http://localhost:8081][total available: 0; route allocated: 0 of 5; total allocated: 0 of 10]
16:40:43.162 [pool-2-thread-5] DEBUG org.apache.http.impl.conn.PoolingHttpClientConnectionManager -- Connection leased: [id: 5][route: {}->http://localhost:8081][total available: 0; route allocated: 1 of 5; total allocated: 1 of 10]
16:40:43.162 [pool-2-thread-5] DEBUG org.apache.http.impl.execchain.MainClientExec -- Opening connection {}->http://localhost:8081
16:40:43.163 [pool-2-thread-5] DEBUG org.apache.http.impl.conn.DefaultHttpClientConnectionOperator -- Connecting to localhost/127.0.0.1:8081
16:40:43.165 [pool-2-thread-5] DEBUG org.apache.http.impl.conn.DefaultHttpClientConnectionOperator -- Connection established 127.0.0.1:49524<->127.0.0.1:8081
16:40:43.165 [pool-2-thread-5] DEBUG org.apache.http.impl.conn.DefaultManagedHttpClientConnection -- http-outgoing-5: set socket timeout to 30000
16:40:43.165 [pool-2-thread-5] DEBUG org.apache.http.impl.execchain.MainClientExec -- Executing request POST /api/v1/product/ HTTP/1.1
16:40:43.165 [pool-2-thread-5] DEBUG org.apache.http.impl.execchain.MainClientExec -- Proxy auth state: UNCHALLENGED
16:40:43.165 [pool-2-thread-5] DEBUG org.apache.http.headers -- http-outgoing-5 >> POST /api/v1/product/ HTTP/1.1
16:40:43.165 [pool-2-thread-5] DEBUG org.apache.http.headers -- http-outgoing-5 >> Accept: application/json
16:40:43.165 [pool-2-thread-5] DEBUG org.apache.http.headers -- http-outgoing-5 >> Authorization: Bearer aGFzaGRzZnNkZnNkZnNkZnNk
16:40:43.165 [pool-2-thread-5] DEBUG org.apache.http.headers -- http-outgoing-5 >> Content-Type: application/json; charset=UTF-8
16:40:43.165 [pool-2-thread-5] DEBUG org.apache.http.headers -- http-outgoing-5 >> Content-Length: 58
16:40:43.165 [pool-2-thread-5] DEBUG org.apache.http.headers -- http-outgoing-5 >> Host: localhost:8081
16:40:43.165 [pool-2-thread-5] DEBUG org.apache.http.headers -- http-outgoing-5 >> Connection: Keep-Alive
16:40:43.165 [pool-2-thread-5] DEBUG org.apache.http.headers -- http-outgoing-5 >> User-Agent: Apache-HttpClient/4.5.14 (Java/17.0.12)
16:40:43.165 [pool-2-thread-5] DEBUG org.apache.http.headers -- http-outgoing-5 >> Accept-Encoding: gzip,deflate
16:40:43.165 [pool-2-thread-5] DEBUG org.apache.http.wire -- http-outgoing-5 >> "POST /api/v1/product/ HTTP/1.1[\r][\n]"
16:40:43.165 [pool-2-thread-5] DEBUG org.apache.http.wire -- http-outgoing-5 >> "Accept: application/json[\r][\n]"
16:40:43.166 [pool-2-thread-5] DEBUG org.apache.http.wire -- http-outgoing-5 >> "Authorization: Bearer aGFzaGRzZnNkZnNkZnNkZnNk[\r][\n]"
16:40:43.166 [pool-2-thread-2] DEBUG com.jayway.jsonpath.internal.path.CompiledPath -- Evaluating path: $
16:40:43.166 [pool-2-thread-5] DEBUG org.apache.http.wire -- http-outgoing-5 >> "Content-Type: application/json; charset=UTF-8[\r][\n]"
16:40:43.166 [pool-2-thread-3] DEBUG com.jayway.jsonpath.internal.path.CompiledPath -- Evaluating path: $
16:40:43.166 [pool-2-thread-5] DEBUG org.apache.http.wire -- http-outgoing-5 >> "Content-Length: 58[\r][\n]"
16:40:43.166 [pool-2-thread-5] DEBUG org.apache.http.wire -- http-outgoing-5 >> "Host: localhost:8081[\r][\n]"
16:40:43.166 [pool-2-thread-5] DEBUG org.apache.http.wire -- http-outgoing-5 >> "Connection: Keep-Alive[\r][\n]"
16:40:43.166 [pool-2-thread-5] DEBUG org.apache.http.wire -- http-outgoing-5 >> "User-Agent: Apache-HttpClient/4.5.14 (Java/17.0.12)[\r][\n]"
16:40:43.166 [pool-2-thread-5] DEBUG org.apache.http.wire -- http-outgoing-5 >> "Accept-Encoding: gzip,deflate[\r][\n]"
16:40:43.166 [pool-2-thread-5] DEBUG org.apache.http.wire -- http-outgoing-5 >> "[\r][\n]"
16:40:43.166 [pool-2-thread-5] DEBUG org.apache.http.wire -- http-outgoing-5 >> "{"name":"Iphone","description":"Marca Apple","price":1500}"
16:40:43.168 [pool-2-thread-5] DEBUG org.apache.http.wire -- http-outgoing-5 << "HTTP/1.1 201 [\r][\n]"
16:40:43.169 [pool-2-thread-5] DEBUG org.apache.http.wire -- http-outgoing-5 << "Content-Type: application/json[\r][\n]"
16:40:43.169 [pool-2-thread-5] DEBUG org.apache.http.wire -- http-outgoing-5 << "Transfer-Encoding: chunked[\r][\n]"
16:40:43.169 [pool-2-thread-5] DEBUG org.apache.http.wire -- http-outgoing-5 << "Date: Wed, 09 Oct 2024 21:40:43 GMT[\r][\n]"
16:40:43.169 [pool-2-thread-5] DEBUG org.apache.http.wire -- http-outgoing-5 << "Keep-Alive: timeout=60[\r][\n]"
16:40:43.169 [pool-2-thread-5] DEBUG org.apache.http.wire -- http-outgoing-5 << "Connection: keep-alive[\r][\n]"
16:40:43.169 [pool-2-thread-5] DEBUG org.apache.http.wire -- http-outgoing-5 << "[\r][\n]"
16:40:43.169 [pool-2-thread-5] DEBUG org.apache.http.wire -- http-outgoing-5 << "6b[\r][\n]"
16:40:43.169 [pool-2-thread-5] DEBUG org.apache.http.wire -- http-outgoing-5 << "{"sku":"ab209fc2-aa18-40d0-ae1e-0ea16ce21c4f","status":true,"message":"El producto fue creado con [0xc3][0xa9]xito!"}[\r][\n]"
16:40:43.169 [pool-2-thread-5] DEBUG org.apache.http.headers -- http-outgoing-5 << HTTP/1.1 201 
16:40:43.169 [pool-2-thread-5] DEBUG org.apache.http.headers -- http-outgoing-5 << Content-Type: application/json
16:40:43.169 [pool-2-thread-5] DEBUG org.apache.http.headers -- http-outgoing-5 << Transfer-Encoding: chunked
16:40:43.169 [pool-2-thread-5] DEBUG org.apache.http.headers -- http-outgoing-5 << Date: Wed, 09 Oct 2024 21:40:43 GMT
16:40:43.169 [pool-2-thread-5] DEBUG org.apache.http.headers -- http-outgoing-5 << Keep-Alive: timeout=60
16:40:43.169 [pool-2-thread-5] DEBUG org.apache.http.headers -- http-outgoing-5 << Connection: keep-alive
16:40:43.169 [pool-2-thread-5] DEBUG org.apache.http.impl.execchain.MainClientExec -- Connection can be kept alive for 60000 MILLISECONDS
16:40:43.171 [pool-2-thread-5] DEBUG org.apache.http.wire -- http-outgoing-5 << "0[\r][\n]"
16:40:43.171 [pool-2-thread-5] DEBUG org.apache.http.wire -- http-outgoing-5 << "[\r][\n]"
16:40:43.171 [pool-2-thread-5] DEBUG org.apache.http.impl.conn.PoolingHttpClientConnectionManager -- Connection [id: 5][route: {}->http://localhost:8081] can be kept alive for 60.0 seconds
16:40:43.171 [pool-2-thread-5] DEBUG org.apache.http.impl.conn.DefaultManagedHttpClientConnection -- http-outgoing-5: set socket timeout to 0
16:40:43.171 [pool-2-thread-5] DEBUG org.apache.http.impl.conn.PoolingHttpClientConnectionManager -- Connection released: [id: 5][route: {}->http://localhost:8081][total available: 1; route allocated: 1 of 5; total allocated: 1 of 10]
16:40:43.171 [pool-2-thread-5] DEBUG org.apache.http.impl.conn.PoolingHttpClientConnectionManager -- Connection manager is shutting down
16:40:43.171 [pool-2-thread-5] DEBUG org.apache.http.impl.conn.DefaultManagedHttpClientConnection -- http-outgoing-5: Close connection
16:40:43.171 [pool-2-thread-5] DEBUG org.apache.http.impl.conn.PoolingHttpClientConnectionManager -- Connection manager shut down
16:40:43.172 [pool-2-thread-5] DEBUG com.intuit.karate -- response time in milliseconds: 9
1 < 201
1 < Content-Type: application/json
1 < Transfer-Encoding: chunked
1 < Date: Wed, 09 Oct 2024 21:40:43 GMT
1 < Keep-Alive: timeout=60
1 < Connection: keep-alive
{"sku":"ab209fc2-aa18-40d0-ae1e-0ea16ce21c4f","status":true,"message":"El producto fue creado con éxito!"}

16:40:43.175 [pool-2-thread-5] DEBUG com.jayway.jsonpath.internal.path.CompiledPath -- Evaluating path: $
16:40:43.202 [pool-2-thread-1] DEBUG com.jayway.jsonpath.internal.path.CompiledPath -- Evaluating path: $
16:40:43.205 [pool-2-thread-1] DEBUG org.apache.http.client.protocol.RequestAddCookies -- CookieSpec selected: karate
16:40:43.205 [pool-2-thread-1] DEBUG org.apache.http.client.protocol.RequestAuthCache -- Auth cache not set in the context
16:40:43.205 [pool-2-thread-1] DEBUG com.intuit.karate -- request:
1 > POST http://localhost:8081/api/v1/product/
1 > Accept: application/json
1 > Authorization: Bearer aGFzaGRzZnNkZnNkZnNkZnNk
1 > Content-Type: application/json; charset=UTF-8
1 > Content-Length: 58
1 > Host: localhost:8081
1 > Connection: Keep-Alive
1 > User-Agent: Apache-HttpClient/4.5.14 (Java/17.0.12)
1 > Accept-Encoding: gzip,deflate
{"name":"Iphone","description":"Marca Apple","price":1500}

16:40:43.206 [pool-2-thread-1] DEBUG org.apache.http.impl.conn.PoolingHttpClientConnectionManager -- Connection request: [route: {}->http://localhost:8081][total available: 0; route allocated: 0 of 5; total allocated: 0 of 10]
16:40:43.206 [pool-2-thread-1] DEBUG org.apache.http.impl.conn.PoolingHttpClientConnectionManager -- Connection leased: [id: 6][route: {}->http://localhost:8081][total available: 0; route allocated: 1 of 5; total allocated: 1 of 10]
16:40:43.206 [pool-2-thread-1] DEBUG org.apache.http.impl.execchain.MainClientExec -- Opening connection {}->http://localhost:8081
16:40:43.206 [pool-2-thread-4] DEBUG org.apache.http.client.protocol.RequestAddCookies -- CookieSpec selected: karate
16:40:43.206 [pool-2-thread-4] DEBUG org.apache.http.client.protocol.RequestAuthCache -- Auth cache not set in the context
16:40:43.206 [pool-2-thread-1] DEBUG org.apache.http.impl.conn.DefaultHttpClientConnectionOperator -- Connecting to localhost/127.0.0.1:8081
16:40:43.206 [pool-2-thread-4] DEBUG com.intuit.karate -- request:
1 > POST http://localhost:8081/api/v1/product/
1 > Accept: application/json
1 > Authorization: Bearer aGFzaGRzZnNkZnNkZnNkZnNk
1 > Content-Type: application/json; charset=UTF-8
1 > Content-Length: 82
1 > Host: localhost:8081
1 > Connection: Keep-Alive
1 > User-Agent: Apache-HttpClient/4.5.14 (Java/17.0.12)
1 > Accept-Encoding: gzip,deflate
{"name":"Samsung Galaxy 25","description":"Ultimo modelo de Samsung","price":1500}

16:40:43.206 [pool-2-thread-4] DEBUG org.apache.http.impl.conn.PoolingHttpClientConnectionManager -- Connection request: [route: {}->http://localhost:8081][total available: 0; route allocated: 0 of 5; total allocated: 0 of 10]
16:40:43.207 [pool-2-thread-4] DEBUG org.apache.http.impl.conn.PoolingHttpClientConnectionManager -- Connection leased: [id: 7][route: {}->http://localhost:8081][total available: 0; route allocated: 1 of 5; total allocated: 1 of 10]
16:40:43.207 [pool-2-thread-4] DEBUG org.apache.http.impl.execchain.MainClientExec -- Opening connection {}->http://localhost:8081
16:40:43.207 [pool-2-thread-4] DEBUG org.apache.http.impl.conn.DefaultHttpClientConnectionOperator -- Connecting to localhost/127.0.0.1:8081
16:40:43.207 [pool-2-thread-1] DEBUG org.apache.http.impl.conn.DefaultHttpClientConnectionOperator -- Connection established 127.0.0.1:49525<->127.0.0.1:8081
16:40:43.207 [pool-2-thread-1] DEBUG org.apache.http.impl.conn.DefaultManagedHttpClientConnection -- http-outgoing-6: set socket timeout to 30000
16:40:43.207 [pool-2-thread-1] DEBUG org.apache.http.impl.execchain.MainClientExec -- Executing request POST /api/v1/product/ HTTP/1.1
16:40:43.208 [pool-2-thread-1] DEBUG org.apache.http.impl.execchain.MainClientExec -- Proxy auth state: UNCHALLENGED
16:40:43.208 [pool-2-thread-4] DEBUG org.apache.http.impl.conn.DefaultHttpClientConnectionOperator -- Connection established 127.0.0.1:49526<->127.0.0.1:8081
16:40:43.208 [pool-2-thread-4] DEBUG org.apache.http.impl.conn.DefaultManagedHttpClientConnection -- http-outgoing-7: set socket timeout to 30000
16:40:43.208 [pool-2-thread-4] DEBUG org.apache.http.impl.execchain.MainClientExec -- Executing request POST /api/v1/product/ HTTP/1.1
16:40:43.208 [pool-2-thread-4] DEBUG org.apache.http.impl.execchain.MainClientExec -- Proxy auth state: UNCHALLENGED
16:40:43.208 [pool-2-thread-1] DEBUG org.apache.http.headers -- http-outgoing-6 >> POST /api/v1/product/ HTTP/1.1
16:40:43.208 [pool-2-thread-4] DEBUG org.apache.http.headers -- http-outgoing-7 >> POST /api/v1/product/ HTTP/1.1
16:40:43.208 [pool-2-thread-4] DEBUG org.apache.http.headers -- http-outgoing-7 >> Accept: application/json
16:40:43.208 [pool-2-thread-4] DEBUG org.apache.http.headers -- http-outgoing-7 >> Authorization: Bearer aGFzaGRzZnNkZnNkZnNkZnNk
16:40:43.208 [pool-2-thread-4] DEBUG org.apache.http.headers -- http-outgoing-7 >> Content-Type: application/json; charset=UTF-8
16:40:43.208 [pool-2-thread-4] DEBUG org.apache.http.headers -- http-outgoing-7 >> Content-Length: 82
16:40:43.208 [pool-2-thread-1] DEBUG org.apache.http.headers -- http-outgoing-6 >> Accept: application/json
16:40:43.210 [pool-2-thread-4] DEBUG org.apache.http.headers -- http-outgoing-7 >> Host: localhost:8081
16:40:43.210 [pool-2-thread-4] DEBUG org.apache.http.headers -- http-outgoing-7 >> Connection: Keep-Alive
16:40:43.210 [pool-2-thread-4] DEBUG org.apache.http.headers -- http-outgoing-7 >> User-Agent: Apache-HttpClient/4.5.14 (Java/17.0.12)
16:40:43.210 [pool-2-thread-1] DEBUG org.apache.http.headers -- http-outgoing-6 >> Authorization: Bearer aGFzaGRzZnNkZnNkZnNkZnNk
16:40:43.211 [pool-2-thread-4] DEBUG org.apache.http.headers -- http-outgoing-7 >> Accept-Encoding: gzip,deflate
16:40:43.211 [pool-2-thread-1] DEBUG org.apache.http.headers -- http-outgoing-6 >> Content-Type: application/json; charset=UTF-8
16:40:43.211 [pool-2-thread-1] DEBUG org.apache.http.headers -- http-outgoing-6 >> Content-Length: 58
16:40:43.211 [pool-2-thread-1] DEBUG org.apache.http.headers -- http-outgoing-6 >> Host: localhost:8081
16:40:43.211 [pool-2-thread-1] DEBUG org.apache.http.headers -- http-outgoing-6 >> Connection: Keep-Alive
16:40:43.211 [pool-2-thread-1] DEBUG org.apache.http.headers -- http-outgoing-6 >> User-Agent: Apache-HttpClient/4.5.14 (Java/17.0.12)
16:40:43.211 [pool-2-thread-1] DEBUG org.apache.http.headers -- http-outgoing-6 >> Accept-Encoding: gzip,deflate
16:40:43.211 [pool-2-thread-4] DEBUG org.apache.http.wire -- http-outgoing-7 >> "POST /api/v1/product/ HTTP/1.1[\r][\n]"
16:40:43.211 [pool-2-thread-1] DEBUG org.apache.http.wire -- http-outgoing-6 >> "POST /api/v1/product/ HTTP/1.1[\r][\n]"
16:40:43.211 [pool-2-thread-1] DEBUG org.apache.http.wire -- http-outgoing-6 >> "Accept: application/json[\r][\n]"
16:40:43.211 [pool-2-thread-1] DEBUG org.apache.http.wire -- http-outgoing-6 >> "Authorization: Bearer aGFzaGRzZnNkZnNkZnNkZnNk[\r][\n]"
16:40:43.211 [pool-2-thread-4] DEBUG org.apache.http.wire -- http-outgoing-7 >> "Accept: application/json[\r][\n]"
16:40:43.212 [pool-2-thread-1] DEBUG org.apache.http.wire -- http-outgoing-6 >> "Content-Type: application/json; charset=UTF-8[\r][\n]"
16:40:43.213 [pool-2-thread-1] DEBUG org.apache.http.wire -- http-outgoing-6 >> "Content-Length: 58[\r][\n]"
16:40:43.214 [pool-2-thread-2] DEBUG com.jayway.jsonpath.internal.path.CompiledPath -- Evaluating path: $
16:40:43.214 [pool-2-thread-1] DEBUG org.apache.http.wire -- http-outgoing-6 >> "Host: localhost:8081[\r][\n]"
16:40:43.214 [pool-2-thread-1] DEBUG org.apache.http.wire -- http-outgoing-6 >> "Connection: Keep-Alive[\r][\n]"
16:40:43.214 [pool-2-thread-1] DEBUG org.apache.http.wire -- http-outgoing-6 >> "User-Agent: Apache-HttpClient/4.5.14 (Java/17.0.12)[\r][\n]"
16:40:43.214 [pool-2-thread-1] DEBUG org.apache.http.wire -- http-outgoing-6 >> "Accept-Encoding: gzip,deflate[\r][\n]"
16:40:43.214 [pool-2-thread-1] DEBUG org.apache.http.wire -- http-outgoing-6 >> "[\r][\n]"
16:40:43.213 [pool-2-thread-4] DEBUG org.apache.http.wire -- http-outgoing-7 >> "Authorization: Bearer aGFzaGRzZnNkZnNkZnNkZnNk[\r][\n]"
16:40:43.214 [pool-2-thread-5] DEBUG com.jayway.jsonpath.internal.path.CompiledPath -- Evaluating path: $
16:40:43.214 [pool-2-thread-4] DEBUG org.apache.http.wire -- http-outgoing-7 >> "Content-Type: application/json; charset=UTF-8[\r][\n]"
16:40:43.214 [pool-2-thread-1] DEBUG org.apache.http.wire -- http-outgoing-6 >> "{"name":"Iphone","description":"Marca Apple","price":1500}"
16:40:43.214 [pool-2-thread-4] DEBUG org.apache.http.wire -- http-outgoing-7 >> "Content-Length: 82[\r][\n]"
16:40:43.215 [pool-2-thread-4] DEBUG org.apache.http.wire -- http-outgoing-7 >> "Host: localhost:8081[\r][\n]"
16:40:43.215 [pool-2-thread-4] DEBUG org.apache.http.wire -- http-outgoing-7 >> "Connection: Keep-Alive[\r][\n]"
16:40:43.215 [pool-2-thread-4] DEBUG org.apache.http.wire -- http-outgoing-7 >> "User-Agent: Apache-HttpClient/4.5.14 (Java/17.0.12)[\r][\n]"
16:40:43.215 [pool-2-thread-4] DEBUG org.apache.http.wire -- http-outgoing-7 >> "Accept-Encoding: gzip,deflate[\r][\n]"
16:40:43.215 [pool-2-thread-4] DEBUG org.apache.http.wire -- http-outgoing-7 >> "[\r][\n]"
16:40:43.215 [pool-2-thread-4] DEBUG org.apache.http.wire -- http-outgoing-7 >> "{"name":"Samsung Galaxy 25","description":"Ultimo modelo de Samsung","price":1500}"
16:40:43.215 [pool-2-thread-3] DEBUG com.jayway.jsonpath.internal.path.CompiledPath -- Evaluating path: $
16:40:43.219 [pool-2-thread-2] DEBUG com.jayway.jsonpath.internal.path.CompiledPath -- Evaluating path: $
16:40:43.219 [pool-2-thread-5] DEBUG com.jayway.jsonpath.internal.path.CompiledPath -- Evaluating path: $
16:40:43.222 [pool-2-thread-4] DEBUG org.apache.http.wire -- http-outgoing-7 << "HTTP/1.1 201 [\r][\n]"
16:40:43.222 [pool-2-thread-4] DEBUG org.apache.http.wire -- http-outgoing-7 << "Content-Type: application/json[\r][\n]"
16:40:43.222 [pool-2-thread-4] DEBUG org.apache.http.wire -- http-outgoing-7 << "Transfer-Encoding: chunked[\r][\n]"
16:40:43.222 [pool-2-thread-4] DEBUG org.apache.http.wire -- http-outgoing-7 << "Date: Wed, 09 Oct 2024 21:40:43 GMT[\r][\n]"
16:40:43.222 [pool-2-thread-4] DEBUG org.apache.http.wire -- http-outgoing-7 << "Keep-Alive: timeout=60[\r][\n]"
16:40:43.222 [pool-2-thread-4] DEBUG org.apache.http.wire -- http-outgoing-7 << "Connection: keep-alive[\r][\n]"
16:40:43.222 [pool-2-thread-4] DEBUG org.apache.http.wire -- http-outgoing-7 << "[\r][\n]"
16:40:43.222 [pool-2-thread-4] DEBUG org.apache.http.wire -- http-outgoing-7 << "6b[\r][\n]"
16:40:43.222 [pool-2-thread-4] DEBUG org.apache.http.wire -- http-outgoing-7 << "{"sku":"34585c6b-e886-427c-a08b-a3cec29582a5","status":true,"message":"El producto fue creado con [0xc3][0xa9]xito!"}[\r][\n]"
16:40:43.223 [pool-2-thread-4] DEBUG org.apache.http.headers -- http-outgoing-7 << HTTP/1.1 201 
16:40:43.223 [pool-2-thread-4] DEBUG org.apache.http.headers -- http-outgoing-7 << Content-Type: application/json
16:40:43.223 [pool-2-thread-4] DEBUG org.apache.http.headers -- http-outgoing-7 << Transfer-Encoding: chunked
16:40:43.223 [pool-2-thread-4] DEBUG org.apache.http.headers -- http-outgoing-7 << Date: Wed, 09 Oct 2024 21:40:43 GMT
16:40:43.223 [pool-2-thread-4] DEBUG org.apache.http.headers -- http-outgoing-7 << Keep-Alive: timeout=60
16:40:43.223 [pool-2-thread-4] DEBUG org.apache.http.headers -- http-outgoing-7 << Connection: keep-alive
16:40:43.223 [pool-2-thread-4] DEBUG org.apache.http.impl.execchain.MainClientExec -- Connection can be kept alive for 60000 MILLISECONDS
16:40:43.224 [pool-2-thread-3] DEBUG com.jayway.jsonpath.internal.path.CompiledPath -- Evaluating path: $
16:40:43.224 [pool-2-thread-5] DEBUG org.apache.http.client.protocol.RequestAddCookies -- CookieSpec selected: karate
16:40:43.224 [pool-2-thread-2] DEBUG org.apache.http.client.protocol.RequestAddCookies -- CookieSpec selected: karate
16:40:43.224 [pool-2-thread-5] DEBUG org.apache.http.client.protocol.RequestAuthCache -- Auth cache not set in the context
16:40:43.224 [pool-2-thread-4] DEBUG org.apache.http.wire -- http-outgoing-7 << "0[\r][\n]"
16:40:43.224 [pool-2-thread-4] DEBUG org.apache.http.wire -- http-outgoing-7 << "[\r][\n]"
16:40:43.224 [pool-2-thread-5] DEBUG com.intuit.karate -- request:
1 > POST http://localhost:8081/api/v1/product/
1 > Accept: application/json
1 > Authorization: Bearer aGFzaGRzZnNkZnNkZnNkZnNk
1 > Content-Type: application/json; charset=UTF-8
1 > Content-Length: 60
1 > Host: localhost:8081
1 > Connection: Keep-Alive
1 > User-Agent: Apache-HttpClient/4.5.14 (Java/17.0.12)
1 > Accept-Encoding: gzip,deflate
{"name":"Iphone1","description":"Marca Apple1","price":1000}

16:40:43.224 [pool-2-thread-4] DEBUG org.apache.http.impl.conn.PoolingHttpClientConnectionManager -- Connection [id: 7][route: {}->http://localhost:8081] can be kept alive for 60.0 seconds
16:40:43.224 [pool-2-thread-4] DEBUG org.apache.http.impl.conn.DefaultManagedHttpClientConnection -- http-outgoing-7: set socket timeout to 0
16:40:43.224 [pool-2-thread-4] DEBUG org.apache.http.impl.conn.PoolingHttpClientConnectionManager -- Connection released: [id: 7][route: {}->http://localhost:8081][total available: 1; route allocated: 1 of 5; total allocated: 1 of 10]
16:40:43.224 [pool-2-thread-5] DEBUG org.apache.http.impl.conn.PoolingHttpClientConnectionManager -- Connection request: [route: {}->http://localhost:8081][total available: 0; route allocated: 0 of 5; total allocated: 0 of 10]
16:40:43.225 [pool-2-thread-5] DEBUG org.apache.http.impl.conn.PoolingHttpClientConnectionManager -- Connection leased: [id: 8][route: {}->http://localhost:8081][total available: 0; route allocated: 1 of 5; total allocated: 1 of 10]
16:40:43.225 [pool-2-thread-1] DEBUG org.apache.http.wire -- http-outgoing-6 << "HTTP/1.1 201 [\r][\n]"
16:40:43.225 [pool-2-thread-5] DEBUG org.apache.http.impl.execchain.MainClientExec -- Opening connection {}->http://localhost:8081
16:40:43.225 [pool-2-thread-4] DEBUG org.apache.http.impl.conn.PoolingHttpClientConnectionManager -- Connection manager is shutting down
16:40:43.225 [pool-2-thread-1] DEBUG org.apache.http.wire -- http-outgoing-6 << "Content-Type: application/json[\r][\n]"
16:40:43.225 [pool-2-thread-1] DEBUG org.apache.http.wire -- http-outgoing-6 << "Transfer-Encoding: chunked[\r][\n]"
16:40:43.225 [pool-2-thread-1] DEBUG org.apache.http.wire -- http-outgoing-6 << "Date: Wed, 09 Oct 2024 21:40:43 GMT[\r][\n]"
16:40:43.225 [pool-2-thread-1] DEBUG org.apache.http.wire -- http-outgoing-6 << "Keep-Alive: timeout=60[\r][\n]"
16:40:43.225 [pool-2-thread-1] DEBUG org.apache.http.wire -- http-outgoing-6 << "Connection: keep-alive[\r][\n]"
16:40:43.225 [pool-2-thread-1] DEBUG org.apache.http.wire -- http-outgoing-6 << "[\r][\n]"
16:40:43.225 [pool-2-thread-1] DEBUG org.apache.http.wire -- http-outgoing-6 << "6b[\r][\n]"
16:40:43.225 [pool-2-thread-1] DEBUG org.apache.http.wire -- http-outgoing-6 << "{"sku":"cdc40ab0-a357-4532-b4d4-688a4f07ab20","status":true,"message":"El producto fue creado con [0xc3][0xa9]xito!"}[\r][\n]"
16:40:43.225 [pool-2-thread-5] DEBUG org.apache.http.impl.conn.DefaultHttpClientConnectionOperator -- Connecting to localhost/127.0.0.1:8081
16:40:43.225 [pool-2-thread-4] DEBUG org.apache.http.impl.conn.DefaultManagedHttpClientConnection -- http-outgoing-7: Close connection
16:40:43.225 [pool-2-thread-1] DEBUG org.apache.http.headers -- http-outgoing-6 << HTTP/1.1 201 
16:40:43.225 [pool-2-thread-1] DEBUG org.apache.http.headers -- http-outgoing-6 << Content-Type: application/json
16:40:43.225 [pool-2-thread-1] DEBUG org.apache.http.headers -- http-outgoing-6 << Transfer-Encoding: chunked
16:40:43.225 [pool-2-thread-1] DEBUG org.apache.http.headers -- http-outgoing-6 << Date: Wed, 09 Oct 2024 21:40:43 GMT
16:40:43.225 [pool-2-thread-1] DEBUG org.apache.http.headers -- http-outgoing-6 << Keep-Alive: timeout=60
16:40:43.225 [pool-2-thread-1] DEBUG org.apache.http.headers -- http-outgoing-6 << Connection: keep-alive
16:40:43.225 [pool-2-thread-4] DEBUG org.apache.http.impl.conn.PoolingHttpClientConnectionManager -- Connection manager shut down
16:40:43.226 [pool-2-thread-1] DEBUG org.apache.http.impl.execchain.MainClientExec -- Connection can be kept alive for 60000 MILLISECONDS
16:40:43.226 [pool-2-thread-4] DEBUG com.intuit.karate -- response time in milliseconds: 18
1 < 201
1 < Content-Type: application/json
1 < Transfer-Encoding: chunked
1 < Date: Wed, 09 Oct 2024 21:40:43 GMT
1 < Keep-Alive: timeout=60
1 < Connection: keep-alive
{"sku":"34585c6b-e886-427c-a08b-a3cec29582a5","status":true,"message":"El producto fue creado con éxito!"}

16:40:43.226 [pool-2-thread-1] DEBUG org.apache.http.wire -- http-outgoing-6 << "0[\r][\n]"
16:40:43.226 [pool-2-thread-5] DEBUG org.apache.http.impl.conn.DefaultHttpClientConnectionOperator -- Connection established 127.0.0.1:49527<->127.0.0.1:8081
16:40:43.226 [pool-2-thread-1] DEBUG org.apache.http.wire -- http-outgoing-6 << "[\r][\n]"
16:40:43.226 [pool-2-thread-2] DEBUG org.apache.http.client.protocol.RequestAuthCache -- Auth cache not set in the context
16:40:43.226 [pool-2-thread-1] DEBUG org.apache.http.impl.conn.PoolingHttpClientConnectionManager -- Connection [id: 6][route: {}->http://localhost:8081] can be kept alive for 60.0 seconds
16:40:43.226 [pool-2-thread-1] DEBUG org.apache.http.impl.conn.DefaultManagedHttpClientConnection -- http-outgoing-6: set socket timeout to 0
16:40:43.226 [pool-2-thread-5] DEBUG org.apache.http.impl.conn.DefaultManagedHttpClientConnection -- http-outgoing-8: set socket timeout to 30000
16:40:43.226 [pool-2-thread-1] DEBUG org.apache.http.impl.conn.PoolingHttpClientConnectionManager -- Connection released: [id: 6][route: {}->http://localhost:8081][total available: 1; route allocated: 1 of 5; total allocated: 1 of 10]
16:40:43.226 [pool-2-thread-1] DEBUG org.apache.http.impl.conn.PoolingHttpClientConnectionManager -- Connection manager is shutting down
16:40:43.226 [pool-2-thread-5] DEBUG org.apache.http.impl.execchain.MainClientExec -- Executing request POST /api/v1/product/ HTTP/1.1
16:40:43.226 [pool-2-thread-1] DEBUG org.apache.http.impl.conn.DefaultManagedHttpClientConnection -- http-outgoing-6: Close connection
16:40:43.226 [pool-2-thread-5] DEBUG org.apache.http.impl.execchain.MainClientExec -- Proxy auth state: UNCHALLENGED
16:40:43.226 [pool-2-thread-2] DEBUG com.intuit.karate -- request:
1 > POST http://localhost:8081/api/v1/product/
1 > Accept: application/json
1 > Authorization: Bearer aGFzaGRzZnNkZnNkZnNkZnNk
1 > Content-Type: application/json; charset=UTF-8
1 > Content-Length: 60
1 > Host: localhost:8081
1 > Connection: Keep-Alive
1 > User-Agent: Apache-HttpClient/4.5.14 (Java/17.0.12)
1 > Accept-Encoding: gzip,deflate
{"name":"Iphone3","description":"Marca Apple3","price":3000}

16:40:43.226 [pool-2-thread-5] DEBUG org.apache.http.headers -- http-outgoing-8 >> POST /api/v1/product/ HTTP/1.1
16:40:43.226 [pool-2-thread-5] DEBUG org.apache.http.headers -- http-outgoing-8 >> Accept: application/json
16:40:43.226 [pool-2-thread-1] DEBUG org.apache.http.impl.conn.PoolingHttpClientConnectionManager -- Connection manager shut down
16:40:43.226 [pool-2-thread-5] DEBUG org.apache.http.headers -- http-outgoing-8 >> Authorization: Bearer aGFzaGRzZnNkZnNkZnNkZnNk
16:40:43.226 [pool-2-thread-2] DEBUG org.apache.http.impl.conn.PoolingHttpClientConnectionManager -- Connection request: [route: {}->http://localhost:8081][total available: 0; route allocated: 0 of 5; total allocated: 0 of 10]
16:40:43.227 [pool-2-thread-5] DEBUG org.apache.http.headers -- http-outgoing-8 >> Content-Type: application/json; charset=UTF-8
16:40:43.227 [pool-2-thread-5] DEBUG org.apache.http.headers -- http-outgoing-8 >> Content-Length: 60
16:40:43.227 [pool-2-thread-1] DEBUG com.intuit.karate -- response time in milliseconds: 20
1 < 201
1 < Content-Type: application/json
1 < Transfer-Encoding: chunked
1 < Date: Wed, 09 Oct 2024 21:40:43 GMT
1 < Keep-Alive: timeout=60
1 < Connection: keep-alive
{"sku":"cdc40ab0-a357-4532-b4d4-688a4f07ab20","status":true,"message":"El producto fue creado con éxito!"}

16:40:43.227 [pool-2-thread-2] DEBUG org.apache.http.impl.conn.PoolingHttpClientConnectionManager -- Connection leased: [id: 9][route: {}->http://localhost:8081][total available: 0; route allocated: 1 of 5; total allocated: 1 of 10]
16:40:43.227 [pool-2-thread-5] DEBUG org.apache.http.headers -- http-outgoing-8 >> Host: localhost:8081
16:40:43.227 [pool-2-thread-2] DEBUG org.apache.http.impl.execchain.MainClientExec -- Opening connection {}->http://localhost:8081
16:40:43.227 [pool-2-thread-5] DEBUG org.apache.http.headers -- http-outgoing-8 >> Connection: Keep-Alive
16:40:43.227 [pool-2-thread-5] DEBUG org.apache.http.headers -- http-outgoing-8 >> User-Agent: Apache-HttpClient/4.5.14 (Java/17.0.12)
16:40:43.227 [pool-2-thread-5] DEBUG org.apache.http.headers -- http-outgoing-8 >> Accept-Encoding: gzip,deflate
16:40:43.227 [pool-2-thread-2] DEBUG org.apache.http.impl.conn.DefaultHttpClientConnectionOperator -- Connecting to localhost/127.0.0.1:8081
16:40:43.227 [pool-2-thread-5] DEBUG org.apache.http.wire -- http-outgoing-8 >> "POST /api/v1/product/ HTTP/1.1[\r][\n]"
16:40:43.227 [pool-2-thread-5] DEBUG org.apache.http.wire -- http-outgoing-8 >> "Accept: application/json[\r][\n]"
16:40:43.227 [pool-2-thread-5] DEBUG org.apache.http.wire -- http-outgoing-8 >> "Authorization: Bearer aGFzaGRzZnNkZnNkZnNkZnNk[\r][\n]"
16:40:43.227 [pool-2-thread-5] DEBUG org.apache.http.wire -- http-outgoing-8 >> "Content-Type: application/json; charset=UTF-8[\r][\n]"
16:40:43.227 [pool-2-thread-5] DEBUG org.apache.http.wire -- http-outgoing-8 >> "Content-Length: 60[\r][\n]"
16:40:43.227 [pool-2-thread-5] DEBUG org.apache.http.wire -- http-outgoing-8 >> "Host: localhost:8081[\r][\n]"
16:40:43.227 [pool-2-thread-5] DEBUG org.apache.http.wire -- http-outgoing-8 >> "Connection: Keep-Alive[\r][\n]"
16:40:43.227 [pool-2-thread-5] DEBUG org.apache.http.wire -- http-outgoing-8 >> "User-Agent: Apache-HttpClient/4.5.14 (Java/17.0.12)[\r][\n]"
16:40:43.227 [pool-2-thread-5] DEBUG org.apache.http.wire -- http-outgoing-8 >> "Accept-Encoding: gzip,deflate[\r][\n]"
16:40:43.227 [pool-2-thread-5] DEBUG org.apache.http.wire -- http-outgoing-8 >> "[\r][\n]"
16:40:43.227 [pool-2-thread-5] DEBUG org.apache.http.wire -- http-outgoing-8 >> "{"name":"Iphone1","description":"Marca Apple1","price":1000}"
16:40:43.228 [pool-2-thread-2] DEBUG org.apache.http.impl.conn.DefaultHttpClientConnectionOperator -- Connection established 127.0.0.1:49528<->127.0.0.1:8081
16:40:43.228 [pool-2-thread-2] DEBUG org.apache.http.impl.conn.DefaultManagedHttpClientConnection -- http-outgoing-9: set socket timeout to 30000
16:40:43.228 [pool-2-thread-2] DEBUG org.apache.http.impl.execchain.MainClientExec -- Executing request POST /api/v1/product/ HTTP/1.1
16:40:43.228 [pool-2-thread-2] DEBUG org.apache.http.impl.execchain.MainClientExec -- Proxy auth state: UNCHALLENGED
16:40:43.228 [pool-2-thread-2] DEBUG org.apache.http.headers -- http-outgoing-9 >> POST /api/v1/product/ HTTP/1.1
16:40:43.228 [pool-2-thread-2] DEBUG org.apache.http.headers -- http-outgoing-9 >> Accept: application/json
16:40:43.228 [pool-2-thread-2] DEBUG org.apache.http.headers -- http-outgoing-9 >> Authorization: Bearer aGFzaGRzZnNkZnNkZnNkZnNk
16:40:43.228 [pool-2-thread-2] DEBUG org.apache.http.headers -- http-outgoing-9 >> Content-Type: application/json; charset=UTF-8
16:40:43.228 [pool-2-thread-2] DEBUG org.apache.http.headers -- http-outgoing-9 >> Content-Length: 60
16:40:43.228 [pool-2-thread-2] DEBUG org.apache.http.headers -- http-outgoing-9 >> Host: localhost:8081
16:40:43.229 [pool-2-thread-2] DEBUG org.apache.http.headers -- http-outgoing-9 >> Connection: Keep-Alive
16:40:43.229 [pool-2-thread-2] DEBUG org.apache.http.headers -- http-outgoing-9 >> User-Agent: Apache-HttpClient/4.5.14 (Java/17.0.12)
16:40:43.229 [pool-2-thread-2] DEBUG org.apache.http.headers -- http-outgoing-9 >> Accept-Encoding: gzip,deflate
16:40:43.229 [pool-2-thread-2] DEBUG org.apache.http.wire -- http-outgoing-9 >> "POST /api/v1/product/ HTTP/1.1[\r][\n]"
16:40:43.229 [pool-2-thread-2] DEBUG org.apache.http.wire -- http-outgoing-9 >> "Accept: application/json[\r][\n]"
16:40:43.229 [pool-2-thread-2] DEBUG org.apache.http.wire -- http-outgoing-9 >> "Authorization: Bearer aGFzaGRzZnNkZnNkZnNkZnNk[\r][\n]"
16:40:43.229 [pool-2-thread-2] DEBUG org.apache.http.wire -- http-outgoing-9 >> "Content-Type: application/json; charset=UTF-8[\r][\n]"
16:40:43.229 [pool-2-thread-2] DEBUG org.apache.http.wire -- http-outgoing-9 >> "Content-Length: 60[\r][\n]"
16:40:43.229 [pool-2-thread-2] DEBUG org.apache.http.wire -- http-outgoing-9 >> "Host: localhost:8081[\r][\n]"
16:40:43.229 [pool-2-thread-2] DEBUG org.apache.http.wire -- http-outgoing-9 >> "Connection: Keep-Alive[\r][\n]"
16:40:43.229 [pool-2-thread-2] DEBUG org.apache.http.wire -- http-outgoing-9 >> "User-Agent: Apache-HttpClient/4.5.14 (Java/17.0.12)[\r][\n]"
16:40:43.229 [pool-2-thread-2] DEBUG org.apache.http.wire -- http-outgoing-9 >> "Accept-Encoding: gzip,deflate[\r][\n]"
16:40:43.229 [pool-2-thread-2] DEBUG org.apache.http.wire -- http-outgoing-9 >> "[\r][\n]"
16:40:43.229 [pool-2-thread-2] DEBUG org.apache.http.wire -- http-outgoing-9 >> "{"name":"Iphone3","description":"Marca Apple3","price":3000}"
16:40:43.230 [pool-2-thread-1] DEBUG com.jayway.jsonpath.internal.path.CompiledPath -- Evaluating path: $
16:40:43.230 [pool-2-thread-3] DEBUG org.apache.http.client.protocol.RequestAddCookies -- CookieSpec selected: karate
16:40:43.231 [pool-2-thread-5] DEBUG org.apache.http.wire -- http-outgoing-8 << "HTTP/1.1 201 [\r][\n]"
16:40:43.231 [pool-2-thread-5] DEBUG org.apache.http.wire -- http-outgoing-8 << "Content-Type: application/json[\r][\n]"
16:40:43.231 [pool-2-thread-5] DEBUG org.apache.http.wire -- http-outgoing-8 << "Transfer-Encoding: chunked[\r][\n]"
16:40:43.231 [pool-2-thread-5] DEBUG org.apache.http.wire -- http-outgoing-8 << "Date: Wed, 09 Oct 2024 21:40:43 GMT[\r][\n]"
16:40:43.231 [pool-2-thread-5] DEBUG org.apache.http.wire -- http-outgoing-8 << "Keep-Alive: timeout=60[\r][\n]"
16:40:43.231 [pool-2-thread-5] DEBUG org.apache.http.wire -- http-outgoing-8 << "Connection: keep-alive[\r][\n]"
16:40:43.231 [pool-2-thread-5] DEBUG org.apache.http.wire -- http-outgoing-8 << "[\r][\n]"
16:40:43.231 [pool-2-thread-5] DEBUG org.apache.http.wire -- http-outgoing-8 << "6b[\r][\n]"
16:40:43.231 [pool-2-thread-5] DEBUG org.apache.http.wire -- http-outgoing-8 << "{"sku":"744a1ebc-aced-4c5f-a398-08ebd47f6bd3","status":true,"message":"El producto fue creado con [0xc3][0xa9]xito!"}[\r][\n]"
16:40:43.231 [pool-2-thread-5] DEBUG org.apache.http.headers -- http-outgoing-8 << HTTP/1.1 201 
16:40:43.231 [pool-2-thread-5] DEBUG org.apache.http.headers -- http-outgoing-8 << Content-Type: application/json
16:40:43.231 [pool-2-thread-3] DEBUG org.apache.http.client.protocol.RequestAuthCache -- Auth cache not set in the context
16:40:43.231 [pool-2-thread-5] DEBUG org.apache.http.headers -- http-outgoing-8 << Transfer-Encoding: chunked
16:40:43.231 [pool-2-thread-5] DEBUG org.apache.http.headers -- http-outgoing-8 << Date: Wed, 09 Oct 2024 21:40:43 GMT
16:40:43.231 [pool-2-thread-5] DEBUG org.apache.http.headers -- http-outgoing-8 << Keep-Alive: timeout=60
16:40:43.231 [pool-2-thread-5] DEBUG org.apache.http.headers -- http-outgoing-8 << Connection: keep-alive
16:40:43.231 [pool-2-thread-3] DEBUG com.intuit.karate -- request:
1 > POST http://localhost:8081/api/v1/product/
1 > Accept: application/json
1 > Authorization: Bearer aGFzaGRzZnNkZnNkZnNkZnNk
1 > Content-Type: application/json; charset=UTF-8
1 > Content-Length: 60
1 > Host: localhost:8081
1 > Connection: Keep-Alive
1 > User-Agent: Apache-HttpClient/4.5.14 (Java/17.0.12)
1 > Accept-Encoding: gzip,deflate
{"name":"Iphone2","description":"Marca Apple2","price":2000}

16:40:43.232 [pool-2-thread-5] DEBUG org.apache.http.impl.execchain.MainClientExec -- Connection can be kept alive for 60000 MILLISECONDS
16:40:43.232 [pool-2-thread-3] DEBUG org.apache.http.impl.conn.PoolingHttpClientConnectionManager -- Connection request: [route: {}->http://localhost:8081][total available: 0; route allocated: 0 of 5; total allocated: 0 of 10]
16:40:43.232 [pool-2-thread-5] DEBUG org.apache.http.wire -- http-outgoing-8 << "0[\r][\n]"
16:40:43.232 [pool-2-thread-5] DEBUG org.apache.http.wire -- http-outgoing-8 << "[\r][\n]"
16:40:43.232 [pool-2-thread-5] DEBUG org.apache.http.impl.conn.PoolingHttpClientConnectionManager -- Connection [id: 8][route: {}->http://localhost:8081] can be kept alive for 60.0 seconds
16:40:43.232 [pool-2-thread-3] DEBUG org.apache.http.impl.conn.PoolingHttpClientConnectionManager -- Connection leased: [id: 10][route: {}->http://localhost:8081][total available: 0; route allocated: 1 of 5; total allocated: 1 of 10]
16:40:43.232 [pool-2-thread-5] DEBUG org.apache.http.impl.conn.DefaultManagedHttpClientConnection -- http-outgoing-8: set socket timeout to 0
16:40:43.232 [pool-2-thread-3] DEBUG org.apache.http.impl.execchain.MainClientExec -- Opening connection {}->http://localhost:8081
16:40:43.232 [pool-2-thread-5] DEBUG org.apache.http.impl.conn.PoolingHttpClientConnectionManager -- Connection released: [id: 8][route: {}->http://localhost:8081][total available: 1; route allocated: 1 of 5; total allocated: 1 of 10]
16:40:43.232 [pool-2-thread-5] DEBUG org.apache.http.impl.conn.PoolingHttpClientConnectionManager -- Connection manager is shutting down
16:40:43.232 [pool-2-thread-5] DEBUG org.apache.http.impl.conn.DefaultManagedHttpClientConnection -- http-outgoing-8: Close connection
16:40:43.233 [pool-2-thread-3] DEBUG org.apache.http.impl.conn.DefaultHttpClientConnectionOperator -- Connecting to localhost/127.0.0.1:8081
16:40:43.233 [pool-2-thread-5] DEBUG org.apache.http.impl.conn.PoolingHttpClientConnectionManager -- Connection manager shut down
16:40:43.233 [pool-2-thread-5] DEBUG com.intuit.karate -- response time in milliseconds: 8
1 < 201
1 < Content-Type: application/json
1 < Transfer-Encoding: chunked
1 < Date: Wed, 09 Oct 2024 21:40:43 GMT
1 < Keep-Alive: timeout=60
1 < Connection: keep-alive
{"sku":"744a1ebc-aced-4c5f-a398-08ebd47f6bd3","status":true,"message":"El producto fue creado con éxito!"}

16:40:43.234 [pool-2-thread-2] DEBUG org.apache.http.wire -- http-outgoing-9 << "HTTP/1.1 201 [\r][\n]"
16:40:43.234 [pool-2-thread-3] DEBUG org.apache.http.impl.conn.DefaultHttpClientConnectionOperator -- Connection established 127.0.0.1:49529<->127.0.0.1:8081
16:40:43.234 [pool-2-thread-2] DEBUG org.apache.http.wire -- http-outgoing-9 << "Content-Type: application/json[\r][\n]"
16:40:43.234 [pool-2-thread-2] DEBUG org.apache.http.wire -- http-outgoing-9 << "Transfer-Encoding: chunked[\r][\n]"
16:40:43.234 [pool-2-thread-3] DEBUG org.apache.http.impl.conn.DefaultManagedHttpClientConnection -- http-outgoing-10: set socket timeout to 30000
16:40:43.234 [pool-2-thread-2] DEBUG org.apache.http.wire -- http-outgoing-9 << "Date: Wed, 09 Oct 2024 21:40:43 GMT[\r][\n]"
16:40:43.234 [pool-2-thread-3] DEBUG org.apache.http.impl.execchain.MainClientExec -- Executing request POST /api/v1/product/ HTTP/1.1
16:40:43.234 [pool-2-thread-2] DEBUG org.apache.http.wire -- http-outgoing-9 << "Keep-Alive: timeout=60[\r][\n]"
16:40:43.234 [pool-2-thread-3] DEBUG org.apache.http.impl.execchain.MainClientExec -- Proxy auth state: UNCHALLENGED
16:40:43.234 [pool-2-thread-2] DEBUG org.apache.http.wire -- http-outgoing-9 << "Connection: keep-alive[\r][\n]"
16:40:43.234 [pool-2-thread-2] DEBUG org.apache.http.wire -- http-outgoing-9 << "[\r][\n]"
16:40:43.234 [pool-2-thread-2] DEBUG org.apache.http.wire -- http-outgoing-9 << "6b[\r][\n]"
16:40:43.234 [pool-2-thread-2] DEBUG org.apache.http.wire -- http-outgoing-9 << "{"sku":"651e3ea8-5ba1-4296-91b1-022b88eff552","status":true,"message":"El producto fue creado con [0xc3][0xa9]xito!"}[\r][\n]"
16:40:43.235 [pool-2-thread-3] DEBUG org.apache.http.headers -- http-outgoing-10 >> POST /api/v1/product/ HTTP/1.1
16:40:43.235 [pool-2-thread-2] DEBUG org.apache.http.headers -- http-outgoing-9 << HTTP/1.1 201 
16:40:43.235 [pool-2-thread-3] DEBUG org.apache.http.headers -- http-outgoing-10 >> Accept: application/json
16:40:43.235 [pool-2-thread-3] DEBUG org.apache.http.headers -- http-outgoing-10 >> Authorization: Bearer aGFzaGRzZnNkZnNkZnNkZnNk
16:40:43.235 [pool-2-thread-2] DEBUG org.apache.http.headers -- http-outgoing-9 << Content-Type: application/json
16:40:43.235 [pool-2-thread-2] DEBUG org.apache.http.headers -- http-outgoing-9 << Transfer-Encoding: chunked
16:40:43.235 [pool-2-thread-2] DEBUG org.apache.http.headers -- http-outgoing-9 << Date: Wed, 09 Oct 2024 21:40:43 GMT
16:40:43.235 [pool-2-thread-2] DEBUG org.apache.http.headers -- http-outgoing-9 << Keep-Alive: timeout=60
16:40:43.235 [pool-2-thread-2] DEBUG org.apache.http.headers -- http-outgoing-9 << Connection: keep-alive
16:40:43.235 [pool-2-thread-2] DEBUG org.apache.http.impl.execchain.MainClientExec -- Connection can be kept alive for 60000 MILLISECONDS
16:40:43.235 [pool-2-thread-3] DEBUG org.apache.http.headers -- http-outgoing-10 >> Content-Type: application/json; charset=UTF-8
16:40:43.235 [pool-2-thread-3] DEBUG org.apache.http.headers -- http-outgoing-10 >> Content-Length: 60
16:40:43.235 [pool-2-thread-3] DEBUG org.apache.http.headers -- http-outgoing-10 >> Host: localhost:8081
16:40:43.235 [pool-2-thread-2] DEBUG org.apache.http.wire -- http-outgoing-9 << "0[\r][\n]"
16:40:43.235 [pool-2-thread-3] DEBUG org.apache.http.headers -- http-outgoing-10 >> Connection: Keep-Alive
16:40:43.235 [pool-2-thread-2] DEBUG org.apache.http.wire -- http-outgoing-9 << "[\r][\n]"
16:40:43.235 [pool-2-thread-3] DEBUG org.apache.http.headers -- http-outgoing-10 >> User-Agent: Apache-HttpClient/4.5.14 (Java/17.0.12)
16:40:43.235 [pool-2-thread-3] DEBUG org.apache.http.headers -- http-outgoing-10 >> Accept-Encoding: gzip,deflate
16:40:43.235 [pool-2-thread-3] DEBUG org.apache.http.wire -- http-outgoing-10 >> "POST /api/v1/product/ HTTP/1.1[\r][\n]"
16:40:43.235 [pool-2-thread-2] DEBUG org.apache.http.impl.conn.PoolingHttpClientConnectionManager -- Connection [id: 9][route: {}->http://localhost:8081] can be kept alive for 60.0 seconds
16:40:43.235 [pool-2-thread-3] DEBUG org.apache.http.wire -- http-outgoing-10 >> "Accept: application/json[\r][\n]"
16:40:43.235 [pool-2-thread-2] DEBUG org.apache.http.impl.conn.DefaultManagedHttpClientConnection -- http-outgoing-9: set socket timeout to 0
16:40:43.235 [pool-2-thread-3] DEBUG org.apache.http.wire -- http-outgoing-10 >> "Authorization: Bearer aGFzaGRzZnNkZnNkZnNkZnNk[\r][\n]"
16:40:43.235 [pool-2-thread-3] DEBUG org.apache.http.wire -- http-outgoing-10 >> "Content-Type: application/json; charset=UTF-8[\r][\n]"
16:40:43.235 [pool-2-thread-3] DEBUG org.apache.http.wire -- http-outgoing-10 >> "Content-Length: 60[\r][\n]"
16:40:43.235 [pool-2-thread-2] DEBUG org.apache.http.impl.conn.PoolingHttpClientConnectionManager -- Connection released: [id: 9][route: {}->http://localhost:8081][total available: 1; route allocated: 1 of 5; total allocated: 1 of 10]
16:40:43.235 [pool-2-thread-3] DEBUG org.apache.http.wire -- http-outgoing-10 >> "Host: localhost:8081[\r][\n]"
16:40:43.235 [pool-2-thread-3] DEBUG org.apache.http.wire -- http-outgoing-10 >> "Connection: Keep-Alive[\r][\n]"
16:40:43.235 [pool-2-thread-2] DEBUG org.apache.http.impl.conn.PoolingHttpClientConnectionManager -- Connection manager is shutting down
16:40:43.235 [pool-2-thread-3] DEBUG org.apache.http.wire -- http-outgoing-10 >> "User-Agent: Apache-HttpClient/4.5.14 (Java/17.0.12)[\r][\n]"
16:40:43.235 [pool-2-thread-3] DEBUG org.apache.http.wire -- http-outgoing-10 >> "Accept-Encoding: gzip,deflate[\r][\n]"
16:40:43.235 [pool-2-thread-3] DEBUG org.apache.http.wire -- http-outgoing-10 >> "[\r][\n]"
16:40:43.235 [pool-2-thread-2] DEBUG org.apache.http.impl.conn.DefaultManagedHttpClientConnection -- http-outgoing-9: Close connection
16:40:43.235 [pool-2-thread-3] DEBUG org.apache.http.wire -- http-outgoing-10 >> "{"name":"Iphone2","description":"Marca Apple2","price":2000}"
16:40:43.236 [pool-2-thread-2] DEBUG org.apache.http.impl.conn.PoolingHttpClientConnectionManager -- Connection manager shut down
16:40:43.236 [pool-2-thread-2] DEBUG com.intuit.karate -- response time in milliseconds: 9
1 < 201
1 < Content-Type: application/json
1 < Transfer-Encoding: chunked
1 < Date: Wed, 09 Oct 2024 21:40:43 GMT
1 < Keep-Alive: timeout=60
1 < Connection: keep-alive
{"sku":"651e3ea8-5ba1-4296-91b1-022b88eff552","status":true,"message":"El producto fue creado con éxito!"}

16:40:43.236 [pool-2-thread-5] DEBUG com.jayway.jsonpath.internal.path.CompiledPath -- Evaluating path: $
16:40:43.238 [pool-2-thread-3] DEBUG org.apache.http.wire -- http-outgoing-10 << "HTTP/1.1 201 [\r][\n]"
16:40:43.238 [pool-2-thread-3] DEBUG org.apache.http.wire -- http-outgoing-10 << "Content-Type: application/json[\r][\n]"
16:40:43.238 [pool-2-thread-3] DEBUG org.apache.http.wire -- http-outgoing-10 << "Transfer-Encoding: chunked[\r][\n]"
16:40:43.238 [pool-2-thread-3] DEBUG org.apache.http.wire -- http-outgoing-10 << "Date: Wed, 09 Oct 2024 21:40:43 GMT[\r][\n]"
16:40:43.238 [pool-2-thread-3] DEBUG org.apache.http.wire -- http-outgoing-10 << "Keep-Alive: timeout=60[\r][\n]"
16:40:43.238 [pool-2-thread-3] DEBUG org.apache.http.wire -- http-outgoing-10 << "Connection: keep-alive[\r][\n]"
16:40:43.238 [pool-2-thread-3] DEBUG org.apache.http.wire -- http-outgoing-10 << "[\r][\n]"
16:40:43.238 [pool-2-thread-3] DEBUG org.apache.http.wire -- http-outgoing-10 << "6b[\r][\n]"
16:40:43.238 [pool-2-thread-3] DEBUG org.apache.http.wire -- http-outgoing-10 << "{"sku":"9ff31a0f-c9d6-412f-bef0-3776940c3b46","status":true,"message":"El producto fue creado con [0xc3][0xa9]xito!"}[\r][\n]"
16:40:43.240 [pool-2-thread-3] DEBUG org.apache.http.headers -- http-outgoing-10 << HTTP/1.1 201 
16:40:43.240 [pool-2-thread-3] DEBUG org.apache.http.headers -- http-outgoing-10 << Content-Type: application/json
16:40:43.240 [pool-2-thread-3] DEBUG org.apache.http.headers -- http-outgoing-10 << Transfer-Encoding: chunked
16:40:43.240 [pool-2-thread-3] DEBUG org.apache.http.headers -- http-outgoing-10 << Date: Wed, 09 Oct 2024 21:40:43 GMT
16:40:43.240 [pool-2-thread-3] DEBUG org.apache.http.headers -- http-outgoing-10 << Keep-Alive: timeout=60
16:40:43.240 [pool-2-thread-3] DEBUG org.apache.http.headers -- http-outgoing-10 << Connection: keep-alive
16:40:43.240 [pool-2-thread-3] DEBUG org.apache.http.impl.execchain.MainClientExec -- Connection can be kept alive for 60000 MILLISECONDS
16:40:43.240 [pool-2-thread-2] DEBUG com.jayway.jsonpath.internal.path.CompiledPath -- Evaluating path: $
16:40:43.240 [pool-2-thread-3] DEBUG org.apache.http.wire -- http-outgoing-10 << "0[\r][\n]"
16:40:43.240 [pool-2-thread-3] DEBUG org.apache.http.wire -- http-outgoing-10 << "[\r][\n]"
16:40:43.240 [pool-2-thread-3] DEBUG org.apache.http.impl.conn.PoolingHttpClientConnectionManager -- Connection [id: 10][route: {}->http://localhost:8081] can be kept alive for 60.0 seconds
16:40:43.240 [pool-2-thread-3] DEBUG org.apache.http.impl.conn.DefaultManagedHttpClientConnection -- http-outgoing-10: set socket timeout to 0
16:40:43.240 [pool-2-thread-3] DEBUG org.apache.http.impl.conn.PoolingHttpClientConnectionManager -- Connection released: [id: 10][route: {}->http://localhost:8081][total available: 1; route allocated: 1 of 5; total allocated: 1 of 10]
16:40:43.240 [pool-2-thread-3] DEBUG org.apache.http.impl.conn.PoolingHttpClientConnectionManager -- Connection manager is shutting down
16:40:43.240 [pool-2-thread-3] DEBUG org.apache.http.impl.conn.DefaultManagedHttpClientConnection -- http-outgoing-10: Close connection
16:40:43.240 [pool-2-thread-3] DEBUG org.apache.http.impl.conn.PoolingHttpClientConnectionManager -- Connection manager shut down
16:40:43.240 [pool-2-thread-3] DEBUG com.intuit.karate -- response time in milliseconds: 8
1 < 201
1 < Content-Type: application/json
1 < Transfer-Encoding: chunked
1 < Date: Wed, 09 Oct 2024 21:40:43 GMT
1 < Keep-Alive: timeout=60
1 < Connection: keep-alive
{"sku":"9ff31a0f-c9d6-412f-bef0-3776940c3b46","status":true,"message":"El producto fue creado con éxito!"}

16:40:43.241 [pool-2-thread-4] DEBUG com.jayway.jsonpath.internal.path.CompiledPath -- Evaluating path: $
16:40:43.242 [pool-2-thread-1] DEBUG com.jayway.jsonpath.internal.path.CompiledPath -- Evaluating path: $
16:40:43.243 [pool-2-thread-3] DEBUG com.jayway.jsonpath.internal.path.CompiledPath -- Evaluating path: $
16:40:43.246 [pool-2-thread-1] DEBUG org.apache.http.client.protocol.RequestAddCookies -- CookieSpec selected: karate
16:40:43.246 [pool-2-thread-1] DEBUG org.apache.http.client.protocol.RequestAuthCache -- Auth cache not set in the context
16:40:43.246 [pool-2-thread-5] DEBUG com.jayway.jsonpath.internal.path.CompiledPath -- Evaluating path: $
16:40:43.246 [pool-2-thread-1] DEBUG com.intuit.karate -- request:
1 > POST http://localhost:8081/api/v1/product/
1 > Accept: application/json
1 > Authorization: Bearer aGFzaGRzZnNkZnNkZnNkZnNk
1 > Content-Type: application/json; charset=UTF-8
1 > Content-Length: 78
1 > Host: localhost:8081
1 > Connection: Keep-Alive
1 > User-Agent: Apache-HttpClient/4.5.14 (Java/17.0.12)
1 > Accept-Encoding: gzip,deflate
{"name":"Producto original","description":"Descripcion original","price":1000}

16:40:43.246 [pool-2-thread-1] DEBUG org.apache.http.impl.conn.PoolingHttpClientConnectionManager -- Connection request: [route: {}->http://localhost:8081][total available: 0; route allocated: 0 of 5; total allocated: 0 of 10]
16:40:43.246 [pool-2-thread-1] DEBUG org.apache.http.impl.conn.PoolingHttpClientConnectionManager -- Connection leased: [id: 11][route: {}->http://localhost:8081][total available: 0; route allocated: 1 of 5; total allocated: 1 of 10]
16:40:43.246 [pool-2-thread-1] DEBUG org.apache.http.impl.execchain.MainClientExec -- Opening connection {}->http://localhost:8081
16:40:43.248 [pool-2-thread-1] DEBUG org.apache.http.impl.conn.DefaultHttpClientConnectionOperator -- Connecting to localhost/127.0.0.1:8081
16:40:43.249 [pool-2-thread-1] DEBUG org.apache.http.impl.conn.DefaultHttpClientConnectionOperator -- Connection established 127.0.0.1:49530<->127.0.0.1:8081
16:40:43.249 [pool-2-thread-1] DEBUG org.apache.http.impl.conn.DefaultManagedHttpClientConnection -- http-outgoing-11: set socket timeout to 30000
16:40:43.249 [pool-2-thread-1] DEBUG org.apache.http.impl.execchain.MainClientExec -- Executing request POST /api/v1/product/ HTTP/1.1
16:40:43.249 [pool-2-thread-1] DEBUG org.apache.http.impl.execchain.MainClientExec -- Proxy auth state: UNCHALLENGED
16:40:43.249 [pool-2-thread-1] DEBUG org.apache.http.headers -- http-outgoing-11 >> POST /api/v1/product/ HTTP/1.1
16:40:43.249 [pool-2-thread-1] DEBUG org.apache.http.headers -- http-outgoing-11 >> Accept: application/json
16:40:43.249 [pool-2-thread-1] DEBUG org.apache.http.headers -- http-outgoing-11 >> Authorization: Bearer aGFzaGRzZnNkZnNkZnNkZnNk
16:40:43.249 [pool-2-thread-1] DEBUG org.apache.http.headers -- http-outgoing-11 >> Content-Type: application/json; charset=UTF-8
16:40:43.249 [pool-2-thread-1] DEBUG org.apache.http.headers -- http-outgoing-11 >> Content-Length: 78
16:40:43.249 [pool-2-thread-1] DEBUG org.apache.http.headers -- http-outgoing-11 >> Host: localhost:8081
16:40:43.249 [pool-2-thread-1] DEBUG org.apache.http.headers -- http-outgoing-11 >> Connection: Keep-Alive
16:40:43.249 [pool-2-thread-1] DEBUG org.apache.http.headers -- http-outgoing-11 >> User-Agent: Apache-HttpClient/4.5.14 (Java/17.0.12)
16:40:43.249 [pool-2-thread-1] DEBUG org.apache.http.headers -- http-outgoing-11 >> Accept-Encoding: gzip,deflate
16:40:43.249 [pool-2-thread-1] DEBUG org.apache.http.wire -- http-outgoing-11 >> "POST /api/v1/product/ HTTP/1.1[\r][\n]"
16:40:43.249 [pool-2-thread-1] DEBUG org.apache.http.wire -- http-outgoing-11 >> "Accept: application/json[\r][\n]"
16:40:43.249 [pool-2-thread-1] DEBUG org.apache.http.wire -- http-outgoing-11 >> "Authorization: Bearer aGFzaGRzZnNkZnNkZnNkZnNk[\r][\n]"
16:40:43.249 [pool-2-thread-1] DEBUG org.apache.http.wire -- http-outgoing-11 >> "Content-Type: application/json; charset=UTF-8[\r][\n]"
16:40:43.249 [pool-2-thread-1] DEBUG org.apache.http.wire -- http-outgoing-11 >> "Content-Length: 78[\r][\n]"
16:40:43.249 [pool-2-thread-1] DEBUG org.apache.http.wire -- http-outgoing-11 >> "Host: localhost:8081[\r][\n]"
16:40:43.249 [pool-2-thread-1] DEBUG org.apache.http.wire -- http-outgoing-11 >> "Connection: Keep-Alive[\r][\n]"
16:40:43.249 [pool-2-thread-1] DEBUG org.apache.http.wire -- http-outgoing-11 >> "User-Agent: Apache-HttpClient/4.5.14 (Java/17.0.12)[\r][\n]"
16:40:43.249 [pool-2-thread-1] DEBUG org.apache.http.wire -- http-outgoing-11 >> "Accept-Encoding: gzip,deflate[\r][\n]"
16:40:43.249 [pool-2-thread-1] DEBUG org.apache.http.wire -- http-outgoing-11 >> "[\r][\n]"
16:40:43.249 [pool-2-thread-1] DEBUG org.apache.http.wire -- http-outgoing-11 >> "{"name":"Producto original","description":"Descripcion original","price":1000}"
16:40:43.250 [pool-2-thread-2] DEBUG com.jayway.jsonpath.internal.path.CompiledPath -- Evaluating path: $
16:40:43.250 [pool-2-thread-5] DEBUG org.apache.http.client.protocol.RequestAddCookies -- CookieSpec selected: karate
16:40:43.250 [pool-2-thread-5] DEBUG org.apache.http.client.protocol.RequestAuthCache -- Auth cache not set in the context
16:40:43.250 [pool-2-thread-5] DEBUG com.intuit.karate -- request:
1 > POST http://localhost:8081/api/v1/product/
1 > Accept: application/json
1 > Authorization: Bearer aGFzaGRzZnNkZnNkZnNkZnNk
1 > Content-Type: application/json; charset=UTF-8
1 > Content-Length: 78
1 > Host: localhost:8081
1 > Connection: Keep-Alive
1 > User-Agent: Apache-HttpClient/4.5.14 (Java/17.0.12)
1 > Accept-Encoding: gzip,deflate
{"name":"Producto original","description":"Descripcion original","price":1000}

16:40:43.250 [pool-2-thread-5] DEBUG org.apache.http.impl.conn.PoolingHttpClientConnectionManager -- Connection request: [route: {}->http://localhost:8081][total available: 0; route allocated: 0 of 5; total allocated: 0 of 10]
16:40:43.250 [pool-2-thread-5] DEBUG org.apache.http.impl.conn.PoolingHttpClientConnectionManager -- Connection leased: [id: 12][route: {}->http://localhost:8081][total available: 0; route allocated: 1 of 5; total allocated: 1 of 10]
16:40:43.250 [pool-2-thread-5] DEBUG org.apache.http.impl.execchain.MainClientExec -- Opening connection {}->http://localhost:8081
16:40:43.250 [pool-2-thread-3] DEBUG com.jayway.jsonpath.internal.path.CompiledPath -- Evaluating path: $
16:40:43.250 [pool-2-thread-4] DEBUG com.jayway.jsonpath.internal.path.CompiledPath -- Evaluating path: $
16:40:43.251 [pool-2-thread-5] DEBUG org.apache.http.impl.conn.DefaultHttpClientConnectionOperator -- Connecting to localhost/127.0.0.1:8081
16:40:43.251 [pool-2-thread-5] DEBUG org.apache.http.impl.conn.DefaultHttpClientConnectionOperator -- Connection established 127.0.0.1:49531<->127.0.0.1:8081
16:40:43.251 [pool-2-thread-5] DEBUG org.apache.http.impl.conn.DefaultManagedHttpClientConnection -- http-outgoing-12: set socket timeout to 30000
16:40:43.253 [pool-2-thread-5] DEBUG org.apache.http.impl.execchain.MainClientExec -- Executing request POST /api/v1/product/ HTTP/1.1
16:40:43.253 [pool-2-thread-1] DEBUG org.apache.http.wire -- http-outgoing-11 << "HTTP/1.1 201 [\r][\n]"
16:40:43.253 [pool-2-thread-5] DEBUG org.apache.http.impl.execchain.MainClientExec -- Proxy auth state: UNCHALLENGED
16:40:43.253 [pool-2-thread-1] DEBUG org.apache.http.wire -- http-outgoing-11 << "Content-Type: application/json[\r][\n]"
16:40:43.253 [pool-2-thread-1] DEBUG org.apache.http.wire -- http-outgoing-11 << "Transfer-Encoding: chunked[\r][\n]"
16:40:43.253 [pool-2-thread-1] DEBUG org.apache.http.wire -- http-outgoing-11 << "Date: Wed, 09 Oct 2024 21:40:43 GMT[\r][\n]"
16:40:43.253 [pool-2-thread-1] DEBUG org.apache.http.wire -- http-outgoing-11 << "Keep-Alive: timeout=60[\r][\n]"
16:40:43.253 [pool-2-thread-1] DEBUG org.apache.http.wire -- http-outgoing-11 << "Connection: keep-alive[\r][\n]"
16:40:43.253 [pool-2-thread-1] DEBUG org.apache.http.wire -- http-outgoing-11 << "[\r][\n]"
16:40:43.253 [pool-2-thread-1] DEBUG org.apache.http.wire -- http-outgoing-11 << "6b[\r][\n]"
16:40:43.253 [pool-2-thread-1] DEBUG org.apache.http.wire -- http-outgoing-11 << "{"sku":"c2df8d79-b5df-40ff-8f8a-e6fe182396db","status":true,"message":"El producto fue creado con [0xc3][0xa9]xito!"}[\r][\n]"
16:40:43.253 [pool-2-thread-5] DEBUG org.apache.http.headers -- http-outgoing-12 >> POST /api/v1/product/ HTTP/1.1
16:40:43.253 [pool-2-thread-5] DEBUG org.apache.http.headers -- http-outgoing-12 >> Accept: application/json
16:40:43.253 [pool-2-thread-5] DEBUG org.apache.http.headers -- http-outgoing-12 >> Authorization: Bearer aGFzaGRzZnNkZnNkZnNkZnNk
16:40:43.253 [pool-2-thread-5] DEBUG org.apache.http.headers -- http-outgoing-12 >> Content-Type: application/json; charset=UTF-8
16:40:43.253 [pool-2-thread-5] DEBUG org.apache.http.headers -- http-outgoing-12 >> Content-Length: 78
16:40:43.253 [pool-2-thread-5] DEBUG org.apache.http.headers -- http-outgoing-12 >> Host: localhost:8081
16:40:43.253 [pool-2-thread-5] DEBUG org.apache.http.headers -- http-outgoing-12 >> Connection: Keep-Alive
16:40:43.253 [pool-2-thread-5] DEBUG org.apache.http.headers -- http-outgoing-12 >> User-Agent: Apache-HttpClient/4.5.14 (Java/17.0.12)
16:40:43.253 [pool-2-thread-5] DEBUG org.apache.http.headers -- http-outgoing-12 >> Accept-Encoding: gzip,deflate
16:40:43.253 [pool-2-thread-1] DEBUG org.apache.http.headers -- http-outgoing-11 << HTTP/1.1 201 
16:40:43.253 [pool-2-thread-5] DEBUG org.apache.http.wire -- http-outgoing-12 >> "POST /api/v1/product/ HTTP/1.1[\r][\n]"
16:40:43.253 [pool-2-thread-1] DEBUG org.apache.http.headers -- http-outgoing-11 << Content-Type: application/json
16:40:43.253 [pool-2-thread-1] DEBUG org.apache.http.headers -- http-outgoing-11 << Transfer-Encoding: chunked
16:40:43.253 [pool-2-thread-1] DEBUG org.apache.http.headers -- http-outgoing-11 << Date: Wed, 09 Oct 2024 21:40:43 GMT
16:40:43.253 [pool-2-thread-1] DEBUG org.apache.http.headers -- http-outgoing-11 << Keep-Alive: timeout=60
16:40:43.253 [pool-2-thread-1] DEBUG org.apache.http.headers -- http-outgoing-11 << Connection: keep-alive
16:40:43.253 [pool-2-thread-1] DEBUG org.apache.http.impl.execchain.MainClientExec -- Connection can be kept alive for 60000 MILLISECONDS
16:40:43.253 [pool-2-thread-5] DEBUG org.apache.http.wire -- http-outgoing-12 >> "Accept: application/json[\r][\n]"
16:40:43.254 [pool-2-thread-5] DEBUG org.apache.http.wire -- http-outgoing-12 >> "Authorization: Bearer aGFzaGRzZnNkZnNkZnNkZnNk[\r][\n]"
16:40:43.254 [pool-2-thread-3] DEBUG org.apache.http.client.protocol.RequestAddCookies -- CookieSpec selected: karate
16:40:43.254 [pool-2-thread-5] DEBUG org.apache.http.wire -- http-outgoing-12 >> "Content-Type: application/json; charset=UTF-8[\r][\n]"
16:40:43.254 [pool-2-thread-5] DEBUG org.apache.http.wire -- http-outgoing-12 >> "Content-Length: 78[\r][\n]"
16:40:43.254 [pool-2-thread-1] DEBUG org.apache.http.wire -- http-outgoing-11 << "0[\r][\n]"
16:40:43.254 [pool-2-thread-5] DEBUG org.apache.http.wire -- http-outgoing-12 >> "Host: localhost:8081[\r][\n]"
16:40:43.254 [pool-2-thread-1] DEBUG org.apache.http.wire -- http-outgoing-11 << "[\r][\n]"
16:40:43.254 [pool-2-thread-5] DEBUG org.apache.http.wire -- http-outgoing-12 >> "Connection: Keep-Alive[\r][\n]"
16:40:43.254 [pool-2-thread-4] DEBUG org.apache.http.client.protocol.RequestAddCookies -- CookieSpec selected: karate
16:40:43.254 [pool-2-thread-5] DEBUG org.apache.http.wire -- http-outgoing-12 >> "User-Agent: Apache-HttpClient/4.5.14 (Java/17.0.12)[\r][\n]"
16:40:43.254 [pool-2-thread-3] DEBUG org.apache.http.client.protocol.RequestAuthCache -- Auth cache not set in the context
16:40:43.254 [pool-2-thread-4] DEBUG org.apache.http.client.protocol.RequestAuthCache -- Auth cache not set in the context
16:40:43.254 [pool-2-thread-1] DEBUG org.apache.http.impl.conn.PoolingHttpClientConnectionManager -- Connection [id: 11][route: {}->http://localhost:8081] can be kept alive for 60.0 seconds
16:40:43.254 [pool-2-thread-5] DEBUG org.apache.http.wire -- http-outgoing-12 >> "Accept-Encoding: gzip,deflate[\r][\n]"
16:40:43.254 [pool-2-thread-1] DEBUG org.apache.http.impl.conn.DefaultManagedHttpClientConnection -- http-outgoing-11: set socket timeout to 0
16:40:43.254 [pool-2-thread-5] DEBUG org.apache.http.wire -- http-outgoing-12 >> "[\r][\n]"
16:40:43.254 [pool-2-thread-5] DEBUG org.apache.http.wire -- http-outgoing-12 >> "{"name":"Producto original","description":"Descripcion original","price":1000}"
16:40:43.254 [pool-2-thread-1] DEBUG org.apache.http.impl.conn.PoolingHttpClientConnectionManager -- Connection released: [id: 11][route: {}->http://localhost:8081][total available: 1; route allocated: 1 of 5; total allocated: 1 of 10]
16:40:43.254 [pool-2-thread-1] DEBUG org.apache.http.impl.conn.PoolingHttpClientConnectionManager -- Connection manager is shutting down
16:40:43.254 [pool-2-thread-1] DEBUG org.apache.http.impl.conn.DefaultManagedHttpClientConnection -- http-outgoing-11: Close connection
16:40:43.254 [pool-2-thread-4] DEBUG com.intuit.karate -- request:
1 > POST http://localhost:8081/api/v1/product/
1 > Accept: application/json
1 > Authorization: Bearer aGFzaGRzZnNkZnNkZnNkZnNk
1 > Content-Type: application/json; charset=UTF-8
1 > Content-Length: 78
1 > Host: localhost:8081
1 > Connection: Keep-Alive
1 > User-Agent: Apache-HttpClient/4.5.14 (Java/17.0.12)
1 > Accept-Encoding: gzip,deflate
{"name":"Producto original","description":"Descripcion original","price":1000}

16:40:43.254 [pool-2-thread-1] DEBUG org.apache.http.impl.conn.PoolingHttpClientConnectionManager -- Connection manager shut down
16:40:43.255 [pool-2-thread-4] DEBUG org.apache.http.impl.conn.PoolingHttpClientConnectionManager -- Connection request: [route: {}->http://localhost:8081][total available: 0; route allocated: 0 of 5; total allocated: 0 of 10]
16:40:43.255 [pool-2-thread-1] DEBUG com.intuit.karate -- response time in milliseconds: 8
1 < 201
1 < Content-Type: application/json
1 < Transfer-Encoding: chunked
1 < Date: Wed, 09 Oct 2024 21:40:43 GMT
1 < Keep-Alive: timeout=60
1 < Connection: keep-alive
{"sku":"c2df8d79-b5df-40ff-8f8a-e6fe182396db","status":true,"message":"El producto fue creado con éxito!"}

16:40:43.255 [pool-2-thread-3] DEBUG com.intuit.karate -- request:
1 > POST http://localhost:8081/api/v1/product/
1 > Accept: application/json
1 > Authorization: Bearer aGFzaGRzZnNkZnNkZnNkZnNk
1 > Content-Type: application/json; charset=UTF-8
1 > Content-Length: 78
1 > Host: localhost:8081
1 > Connection: Keep-Alive
1 > User-Agent: Apache-HttpClient/4.5.14 (Java/17.0.12)
1 > Accept-Encoding: gzip,deflate
{"name":"Producto original","description":"Descripcion original","price":1000}

16:40:43.255 [pool-2-thread-4] DEBUG org.apache.http.impl.conn.PoolingHttpClientConnectionManager -- Connection leased: [id: 13][route: {}->http://localhost:8081][total available: 0; route allocated: 1 of 5; total allocated: 1 of 10]
16:40:43.255 [pool-2-thread-4] DEBUG org.apache.http.impl.execchain.MainClientExec -- Opening connection {}->http://localhost:8081
16:40:43.255 [pool-2-thread-3] DEBUG org.apache.http.impl.conn.PoolingHttpClientConnectionManager -- Connection request: [route: {}->http://localhost:8081][total available: 0; route allocated: 0 of 5; total allocated: 0 of 10]
16:40:43.255 [pool-2-thread-3] DEBUG org.apache.http.impl.conn.PoolingHttpClientConnectionManager -- Connection leased: [id: 14][route: {}->http://localhost:8081][total available: 0; route allocated: 1 of 5; total allocated: 1 of 10]
16:40:43.255 [pool-2-thread-3] DEBUG org.apache.http.impl.execchain.MainClientExec -- Opening connection {}->http://localhost:8081
16:40:43.255 [pool-2-thread-3] DEBUG org.apache.http.impl.conn.DefaultHttpClientConnectionOperator -- Connecting to localhost/127.0.0.1:8081
16:40:43.255 [pool-2-thread-4] DEBUG org.apache.http.impl.conn.DefaultHttpClientConnectionOperator -- Connecting to localhost/127.0.0.1:8081
16:40:43.256 [pool-2-thread-3] DEBUG org.apache.http.impl.conn.DefaultHttpClientConnectionOperator -- Connection established 127.0.0.1:49532<->127.0.0.1:8081
16:40:43.256 [pool-2-thread-3] DEBUG org.apache.http.impl.conn.DefaultManagedHttpClientConnection -- http-outgoing-14: set socket timeout to 30000
16:40:43.256 [pool-2-thread-3] DEBUG org.apache.http.impl.execchain.MainClientExec -- Executing request POST /api/v1/product/ HTTP/1.1
16:40:43.256 [pool-2-thread-3] DEBUG org.apache.http.impl.execchain.MainClientExec -- Proxy auth state: UNCHALLENGED
16:40:43.257 [pool-2-thread-3] DEBUG org.apache.http.headers -- http-outgoing-14 >> POST /api/v1/product/ HTTP/1.1
16:40:43.257 [pool-2-thread-2] DEBUG org.apache.http.client.protocol.RequestAddCookies -- CookieSpec selected: karate
16:40:43.257 [pool-2-thread-3] DEBUG org.apache.http.headers -- http-outgoing-14 >> Accept: application/json
16:40:43.257 [pool-2-thread-3] DEBUG org.apache.http.headers -- http-outgoing-14 >> Authorization: Bearer aGFzaGRzZnNkZnNkZnNkZnNk
16:40:43.257 [pool-2-thread-3] DEBUG org.apache.http.headers -- http-outgoing-14 >> Content-Type: application/json; charset=UTF-8
16:40:43.257 [pool-2-thread-3] DEBUG org.apache.http.headers -- http-outgoing-14 >> Content-Length: 78
16:40:43.257 [pool-2-thread-3] DEBUG org.apache.http.headers -- http-outgoing-14 >> Host: localhost:8081
16:40:43.257 [pool-2-thread-3] DEBUG org.apache.http.headers -- http-outgoing-14 >> Connection: Keep-Alive
16:40:43.257 [pool-2-thread-3] DEBUG org.apache.http.headers -- http-outgoing-14 >> User-Agent: Apache-HttpClient/4.5.14 (Java/17.0.12)
16:40:43.257 [pool-2-thread-3] DEBUG org.apache.http.headers -- http-outgoing-14 >> Accept-Encoding: gzip,deflate
16:40:43.257 [pool-2-thread-2] DEBUG org.apache.http.client.protocol.RequestAuthCache -- Auth cache not set in the context
16:40:43.257 [pool-2-thread-3] DEBUG org.apache.http.wire -- http-outgoing-14 >> "POST /api/v1/product/ HTTP/1.1[\r][\n]"
16:40:43.257 [pool-2-thread-3] DEBUG org.apache.http.wire -- http-outgoing-14 >> "Accept: application/json[\r][\n]"
16:40:43.257 [pool-2-thread-3] DEBUG org.apache.http.wire -- http-outgoing-14 >> "Authorization: Bearer aGFzaGRzZnNkZnNkZnNkZnNk[\r][\n]"
16:40:43.257 [pool-2-thread-3] DEBUG org.apache.http.wire -- http-outgoing-14 >> "Content-Type: application/json; charset=UTF-8[\r][\n]"
16:40:43.257 [pool-2-thread-3] DEBUG org.apache.http.wire -- http-outgoing-14 >> "Content-Length: 78[\r][\n]"
16:40:43.257 [pool-2-thread-3] DEBUG org.apache.http.wire -- http-outgoing-14 >> "Host: localhost:8081[\r][\n]"
16:40:43.257 [pool-2-thread-3] DEBUG org.apache.http.wire -- http-outgoing-14 >> "Connection: Keep-Alive[\r][\n]"
16:40:43.257 [pool-2-thread-3] DEBUG org.apache.http.wire -- http-outgoing-14 >> "User-Agent: Apache-HttpClient/4.5.14 (Java/17.0.12)[\r][\n]"
16:40:43.257 [pool-2-thread-3] DEBUG org.apache.http.wire -- http-outgoing-14 >> "Accept-Encoding: gzip,deflate[\r][\n]"
16:40:43.257 [pool-2-thread-3] DEBUG org.apache.http.wire -- http-outgoing-14 >> "[\r][\n]"
16:40:43.257 [pool-2-thread-3] DEBUG org.apache.http.wire -- http-outgoing-14 >> "{"name":"Producto original","description":"Descripcion original","price":1000}"
16:40:43.257 [pool-2-thread-2] DEBUG com.intuit.karate -- request:
1 > POST http://localhost:8081/api/v1/product/
1 > Accept: application/json
1 > Authorization: Bearer aGFzaGRzZnNkZnNkZnNkZnNk
1 > Content-Type: application/json; charset=UTF-8
1 > Content-Length: 78
1 > Host: localhost:8081
1 > Connection: Keep-Alive
1 > User-Agent: Apache-HttpClient/4.5.14 (Java/17.0.12)
1 > Accept-Encoding: gzip,deflate
{"name":"Producto original","description":"Descripcion original","price":1000}

16:40:43.257 [pool-2-thread-4] DEBUG org.apache.http.impl.conn.DefaultHttpClientConnectionOperator -- Connection established 127.0.0.1:49533<->127.0.0.1:8081
16:40:43.257 [pool-2-thread-4] DEBUG org.apache.http.impl.conn.DefaultManagedHttpClientConnection -- http-outgoing-13: set socket timeout to 30000
16:40:43.257 [pool-2-thread-4] DEBUG org.apache.http.impl.execchain.MainClientExec -- Executing request POST /api/v1/product/ HTTP/1.1
16:40:43.257 [pool-2-thread-4] DEBUG org.apache.http.impl.execchain.MainClientExec -- Proxy auth state: UNCHALLENGED
16:40:43.257 [pool-2-thread-4] DEBUG org.apache.http.headers -- http-outgoing-13 >> POST /api/v1/product/ HTTP/1.1
16:40:43.257 [pool-2-thread-4] DEBUG org.apache.http.headers -- http-outgoing-13 >> Accept: application/json
16:40:43.257 [pool-2-thread-4] DEBUG org.apache.http.headers -- http-outgoing-13 >> Authorization: Bearer aGFzaGRzZnNkZnNkZnNkZnNk
16:40:43.257 [pool-2-thread-4] DEBUG org.apache.http.headers -- http-outgoing-13 >> Content-Type: application/json; charset=UTF-8
16:40:43.257 [pool-2-thread-4] DEBUG org.apache.http.headers -- http-outgoing-13 >> Content-Length: 78
16:40:43.257 [pool-2-thread-4] DEBUG org.apache.http.headers -- http-outgoing-13 >> Host: localhost:8081
16:40:43.257 [pool-2-thread-4] DEBUG org.apache.http.headers -- http-outgoing-13 >> Connection: Keep-Alive
16:40:43.257 [pool-2-thread-4] DEBUG org.apache.http.headers -- http-outgoing-13 >> User-Agent: Apache-HttpClient/4.5.14 (Java/17.0.12)
16:40:43.257 [pool-2-thread-4] DEBUG org.apache.http.headers -- http-outgoing-13 >> Accept-Encoding: gzip,deflate
16:40:43.258 [pool-2-thread-4] DEBUG org.apache.http.wire -- http-outgoing-13 >> "POST /api/v1/product/ HTTP/1.1[\r][\n]"
16:40:43.258 [pool-2-thread-4] DEBUG org.apache.http.wire -- http-outgoing-13 >> "Accept: application/json[\r][\n]"
16:40:43.258 [pool-2-thread-4] DEBUG org.apache.http.wire -- http-outgoing-13 >> "Authorization: Bearer aGFzaGRzZnNkZnNkZnNkZnNk[\r][\n]"
16:40:43.258 [pool-2-thread-4] DEBUG org.apache.http.wire -- http-outgoing-13 >> "Content-Type: application/json; charset=UTF-8[\r][\n]"
16:40:43.258 [pool-2-thread-4] DEBUG org.apache.http.wire -- http-outgoing-13 >> "Content-Length: 78[\r][\n]"
16:40:43.258 [pool-2-thread-4] DEBUG org.apache.http.wire -- http-outgoing-13 >> "Host: localhost:8081[\r][\n]"
16:40:43.258 [pool-2-thread-4] DEBUG org.apache.http.wire -- http-outgoing-13 >> "Connection: Keep-Alive[\r][\n]"
16:40:43.258 [pool-2-thread-4] DEBUG org.apache.http.wire -- http-outgoing-13 >> "User-Agent: Apache-HttpClient/4.5.14 (Java/17.0.12)[\r][\n]"
16:40:43.258 [pool-2-thread-4] DEBUG org.apache.http.wire -- http-outgoing-13 >> "Accept-Encoding: gzip,deflate[\r][\n]"
16:40:43.258 [pool-2-thread-4] DEBUG org.apache.http.wire -- http-outgoing-13 >> "[\r][\n]"
16:40:43.258 [pool-2-thread-4] DEBUG org.apache.http.wire -- http-outgoing-13 >> "{"name":"Producto original","description":"Descripcion original","price":1000}"
16:40:43.258 [pool-2-thread-2] DEBUG org.apache.http.impl.conn.PoolingHttpClientConnectionManager -- Connection request: [route: {}->http://localhost:8081][total available: 0; route allocated: 0 of 5; total allocated: 0 of 10]
16:40:43.258 [pool-2-thread-2] DEBUG org.apache.http.impl.conn.PoolingHttpClientConnectionManager -- Connection leased: [id: 15][route: {}->http://localhost:8081][total available: 0; route allocated: 1 of 5; total allocated: 1 of 10]
16:40:43.258 [pool-2-thread-2] DEBUG org.apache.http.impl.execchain.MainClientExec -- Opening connection {}->http://localhost:8081
16:40:43.258 [pool-2-thread-2] DEBUG org.apache.http.impl.conn.DefaultHttpClientConnectionOperator -- Connecting to localhost/127.0.0.1:8081
16:40:43.261 [pool-2-thread-2] DEBUG org.apache.http.impl.conn.DefaultHttpClientConnectionOperator -- Connection established 127.0.0.1:49534<->127.0.0.1:8081
16:40:43.261 [pool-2-thread-2] DEBUG org.apache.http.impl.conn.DefaultManagedHttpClientConnection -- http-outgoing-15: set socket timeout to 30000
16:40:43.261 [pool-2-thread-2] DEBUG org.apache.http.impl.execchain.MainClientExec -- Executing request POST /api/v1/product/ HTTP/1.1
16:40:43.261 [pool-2-thread-2] DEBUG org.apache.http.impl.execchain.MainClientExec -- Proxy auth state: UNCHALLENGED
16:40:43.261 [pool-2-thread-5] DEBUG org.apache.http.wire -- http-outgoing-12 << "HTTP/1.1 201 [\r][\n]"
16:40:43.261 [pool-2-thread-2] DEBUG org.apache.http.headers -- http-outgoing-15 >> POST /api/v1/product/ HTTP/1.1
16:40:43.261 [pool-2-thread-5] DEBUG org.apache.http.wire -- http-outgoing-12 << "Content-Type: application/json[\r][\n]"
16:40:43.261 [pool-2-thread-5] DEBUG org.apache.http.wire -- http-outgoing-12 << "Transfer-Encoding: chunked[\r][\n]"
16:40:43.261 [pool-2-thread-5] DEBUG org.apache.http.wire -- http-outgoing-12 << "Date: Wed, 09 Oct 2024 21:40:43 GMT[\r][\n]"
16:40:43.261 [pool-2-thread-2] DEBUG org.apache.http.headers -- http-outgoing-15 >> Accept: application/json
16:40:43.261 [pool-2-thread-5] DEBUG org.apache.http.wire -- http-outgoing-12 << "Keep-Alive: timeout=60[\r][\n]"
16:40:43.261 [pool-2-thread-2] DEBUG org.apache.http.headers -- http-outgoing-15 >> Authorization: Bearer aGFzaGRzZnNkZnNkZnNkZnNk
16:40:43.261 [pool-2-thread-5] DEBUG org.apache.http.wire -- http-outgoing-12 << "Connection: keep-alive[\r][\n]"
16:40:43.261 [pool-2-thread-5] DEBUG org.apache.http.wire -- http-outgoing-12 << "[\r][\n]"
16:40:43.261 [pool-2-thread-5] DEBUG org.apache.http.wire -- http-outgoing-12 << "6b[\r][\n]"
16:40:43.261 [pool-2-thread-5] DEBUG org.apache.http.wire -- http-outgoing-12 << "{"sku":"e5373f6a-e21f-4d0d-b889-a19b9c779a5c","status":true,"message":"El producto fue creado con [0xc3][0xa9]xito!"}[\r][\n]"
16:40:43.261 [pool-2-thread-5] DEBUG org.apache.http.headers -- http-outgoing-12 << HTTP/1.1 201 
16:40:43.261 [pool-2-thread-5] DEBUG org.apache.http.headers -- http-outgoing-12 << Content-Type: application/json
16:40:43.261 [pool-2-thread-5] DEBUG org.apache.http.headers -- http-outgoing-12 << Transfer-Encoding: chunked
16:40:43.261 [pool-2-thread-5] DEBUG org.apache.http.headers -- http-outgoing-12 << Date: Wed, 09 Oct 2024 21:40:43 GMT
16:40:43.261 [pool-2-thread-5] DEBUG org.apache.http.headers -- http-outgoing-12 << Keep-Alive: timeout=60
16:40:43.261 [pool-2-thread-5] DEBUG org.apache.http.headers -- http-outgoing-12 << Connection: keep-alive
16:40:43.261 [pool-2-thread-2] DEBUG org.apache.http.headers -- http-outgoing-15 >> Content-Type: application/json; charset=UTF-8
16:40:43.261 [pool-2-thread-5] DEBUG org.apache.http.impl.execchain.MainClientExec -- Connection can be kept alive for 60000 MILLISECONDS
16:40:43.261 [pool-2-thread-2] DEBUG org.apache.http.headers -- http-outgoing-15 >> Content-Length: 78
16:40:43.261 [pool-2-thread-2] DEBUG org.apache.http.headers -- http-outgoing-15 >> Host: localhost:8081
16:40:43.261 [pool-2-thread-2] DEBUG org.apache.http.headers -- http-outgoing-15 >> Connection: Keep-Alive
16:40:43.262 [pool-2-thread-2] DEBUG org.apache.http.headers -- http-outgoing-15 >> User-Agent: Apache-HttpClient/4.5.14 (Java/17.0.12)
16:40:43.262 [pool-2-thread-2] DEBUG org.apache.http.headers -- http-outgoing-15 >> Accept-Encoding: gzip,deflate
16:40:43.262 [pool-2-thread-5] DEBUG org.apache.http.wire -- http-outgoing-12 << "0[\r][\n]"
16:40:43.262 [pool-2-thread-2] DEBUG org.apache.http.wire -- http-outgoing-15 >> "POST /api/v1/product/ HTTP/1.1[\r][\n]"
16:40:43.262 [pool-2-thread-5] DEBUG org.apache.http.wire -- http-outgoing-12 << "[\r][\n]"
16:40:43.262 [pool-2-thread-2] DEBUG org.apache.http.wire -- http-outgoing-15 >> "Accept: application/json[\r][\n]"
16:40:43.262 [pool-2-thread-2] DEBUG org.apache.http.wire -- http-outgoing-15 >> "Authorization: Bearer aGFzaGRzZnNkZnNkZnNkZnNk[\r][\n]"
16:40:43.262 [pool-2-thread-2] DEBUG org.apache.http.wire -- http-outgoing-15 >> "Content-Type: application/json; charset=UTF-8[\r][\n]"
16:40:43.262 [pool-2-thread-5] DEBUG org.apache.http.impl.conn.PoolingHttpClientConnectionManager -- Connection [id: 12][route: {}->http://localhost:8081] can be kept alive for 60.0 seconds
16:40:43.262 [pool-2-thread-5] DEBUG org.apache.http.impl.conn.DefaultManagedHttpClientConnection -- http-outgoing-12: set socket timeout to 0
16:40:43.262 [pool-2-thread-2] DEBUG org.apache.http.wire -- http-outgoing-15 >> "Content-Length: 78[\r][\n]"
16:40:43.262 [pool-2-thread-2] DEBUG org.apache.http.wire -- http-outgoing-15 >> "Host: localhost:8081[\r][\n]"
16:40:43.262 [pool-2-thread-2] DEBUG org.apache.http.wire -- http-outgoing-15 >> "Connection: Keep-Alive[\r][\n]"
16:40:43.262 [pool-2-thread-2] DEBUG org.apache.http.wire -- http-outgoing-15 >> "User-Agent: Apache-HttpClient/4.5.14 (Java/17.0.12)[\r][\n]"
16:40:43.262 [pool-2-thread-2] DEBUG org.apache.http.wire -- http-outgoing-15 >> "Accept-Encoding: gzip,deflate[\r][\n]"
16:40:43.262 [pool-2-thread-2] DEBUG org.apache.http.wire -- http-outgoing-15 >> "[\r][\n]"
16:40:43.262 [pool-2-thread-5] DEBUG org.apache.http.impl.conn.PoolingHttpClientConnectionManager -- Connection released: [id: 12][route: {}->http://localhost:8081][total available: 1; route allocated: 1 of 5; total allocated: 1 of 10]
16:40:43.262 [pool-2-thread-5] DEBUG org.apache.http.impl.conn.PoolingHttpClientConnectionManager -- Connection manager is shutting down
16:40:43.262 [pool-2-thread-5] DEBUG org.apache.http.impl.conn.DefaultManagedHttpClientConnection -- http-outgoing-12: Close connection
16:40:43.262 [pool-2-thread-2] DEBUG org.apache.http.wire -- http-outgoing-15 >> "{"name":"Producto original","description":"Descripcion original","price":1000}"
16:40:43.262 [pool-2-thread-3] DEBUG org.apache.http.wire -- http-outgoing-14 << "HTTP/1.1 201 [\r][\n]"
16:40:43.262 [pool-2-thread-5] DEBUG org.apache.http.impl.conn.PoolingHttpClientConnectionManager -- Connection manager shut down
16:40:43.262 [pool-2-thread-3] DEBUG org.apache.http.wire -- http-outgoing-14 << "Content-Type: application/json[\r][\n]"
16:40:43.262 [pool-2-thread-3] DEBUG org.apache.http.wire -- http-outgoing-14 << "Transfer-Encoding: chunked[\r][\n]"
16:40:43.262 [pool-2-thread-3] DEBUG org.apache.http.wire -- http-outgoing-14 << "Date: Wed, 09 Oct 2024 21:40:43 GMT[\r][\n]"
16:40:43.263 [pool-2-thread-3] DEBUG org.apache.http.wire -- http-outgoing-14 << "Keep-Alive: timeout=60[\r][\n]"
16:40:43.263 [pool-2-thread-3] DEBUG org.apache.http.wire -- http-outgoing-14 << "Connection: keep-alive[\r][\n]"
16:40:43.263 [pool-2-thread-3] DEBUG org.apache.http.wire -- http-outgoing-14 << "[\r][\n]"
16:40:43.263 [pool-2-thread-3] DEBUG org.apache.http.wire -- http-outgoing-14 << "6b[\r][\n]"
16:40:43.263 [pool-2-thread-3] DEBUG org.apache.http.wire -- http-outgoing-14 << "{"sku":"3eb3945a-3d53-48f3-8d5e-648c0ccfccd0","status":true,"message":"El producto fue creado con [0xc3][0xa9]xito!"}[\r][\n]"
16:40:43.263 [pool-2-thread-3] DEBUG org.apache.http.headers -- http-outgoing-14 << HTTP/1.1 201 
16:40:43.263 [pool-2-thread-3] DEBUG org.apache.http.headers -- http-outgoing-14 << Content-Type: application/json
16:40:43.263 [pool-2-thread-3] DEBUG org.apache.http.headers -- http-outgoing-14 << Transfer-Encoding: chunked
16:40:43.263 [pool-2-thread-3] DEBUG org.apache.http.headers -- http-outgoing-14 << Date: Wed, 09 Oct 2024 21:40:43 GMT
16:40:43.263 [pool-2-thread-3] DEBUG org.apache.http.headers -- http-outgoing-14 << Keep-Alive: timeout=60
16:40:43.262 [pool-2-thread-4] DEBUG org.apache.http.wire -- http-outgoing-13 << "HTTP/1.1 201 [\r][\n]"
16:40:43.263 [pool-2-thread-4] DEBUG org.apache.http.wire -- http-outgoing-13 << "Content-Type: application/json[\r][\n]"
16:40:43.263 [pool-2-thread-5] DEBUG com.intuit.karate -- response time in milliseconds: 12
1 < 201
1 < Content-Type: application/json
1 < Transfer-Encoding: chunked
1 < Date: Wed, 09 Oct 2024 21:40:43 GMT
1 < Keep-Alive: timeout=60
1 < Connection: keep-alive
{"sku":"e5373f6a-e21f-4d0d-b889-a19b9c779a5c","status":true,"message":"El producto fue creado con éxito!"}

16:40:43.263 [pool-2-thread-3] DEBUG org.apache.http.headers -- http-outgoing-14 << Connection: keep-alive
16:40:43.263 [pool-2-thread-4] DEBUG org.apache.http.wire -- http-outgoing-13 << "Transfer-Encoding: chunked[\r][\n]"
16:40:43.263 [pool-2-thread-4] DEBUG org.apache.http.wire -- http-outgoing-13 << "Date: Wed, 09 Oct 2024 21:40:43 GMT[\r][\n]"
16:40:43.264 [pool-2-thread-3] DEBUG org.apache.http.impl.execchain.MainClientExec -- Connection can be kept alive for 60000 MILLISECONDS
16:40:43.264 [pool-2-thread-4] DEBUG org.apache.http.wire -- http-outgoing-13 << "Keep-Alive: timeout=60[\r][\n]"
16:40:43.264 [pool-2-thread-4] DEBUG org.apache.http.wire -- http-outgoing-13 << "Connection: keep-alive[\r][\n]"
16:40:43.264 [pool-2-thread-4] DEBUG org.apache.http.wire -- http-outgoing-13 << "[\r][\n]"
16:40:43.264 [pool-2-thread-4] DEBUG org.apache.http.wire -- http-outgoing-13 << "6b[\r][\n]"
16:40:43.264 [pool-2-thread-4] DEBUG org.apache.http.wire -- http-outgoing-13 << "{"sku":"bdf201bc-8c82-47de-bc27-90e53b691dc4","status":true,"message":"El producto fue creado con [0xc3][0xa9]xito!"}[\r][\n]"
16:40:43.264 [pool-2-thread-4] DEBUG org.apache.http.headers -- http-outgoing-13 << HTTP/1.1 201 
16:40:43.264 [pool-2-thread-4] DEBUG org.apache.http.headers -- http-outgoing-13 << Content-Type: application/json
16:40:43.264 [pool-2-thread-4] DEBUG org.apache.http.headers -- http-outgoing-13 << Transfer-Encoding: chunked
16:40:43.264 [pool-2-thread-4] DEBUG org.apache.http.headers -- http-outgoing-13 << Date: Wed, 09 Oct 2024 21:40:43 GMT
16:40:43.264 [pool-2-thread-4] DEBUG org.apache.http.headers -- http-outgoing-13 << Keep-Alive: timeout=60
16:40:43.264 [pool-2-thread-4] DEBUG org.apache.http.headers -- http-outgoing-13 << Connection: keep-alive
16:40:43.264 [pool-2-thread-3] DEBUG org.apache.http.wire -- http-outgoing-14 << "0[\r][\n]"
16:40:43.264 [pool-2-thread-4] DEBUG org.apache.http.impl.execchain.MainClientExec -- Connection can be kept alive for 60000 MILLISECONDS
16:40:43.264 [pool-2-thread-3] DEBUG org.apache.http.wire -- http-outgoing-14 << "[\r][\n]"
16:40:43.264 [pool-2-thread-3] DEBUG org.apache.http.impl.conn.PoolingHttpClientConnectionManager -- Connection [id: 14][route: {}->http://localhost:8081] can be kept alive for 60.0 seconds
16:40:43.264 [pool-2-thread-4] DEBUG org.apache.http.wire -- http-outgoing-13 << "0[\r][\n]"
16:40:43.264 [pool-2-thread-3] DEBUG org.apache.http.impl.conn.DefaultManagedHttpClientConnection -- http-outgoing-14: set socket timeout to 0
16:40:43.264 [pool-2-thread-4] DEBUG org.apache.http.wire -- http-outgoing-13 << "[\r][\n]"
16:40:43.265 [pool-2-thread-3] DEBUG org.apache.http.impl.conn.PoolingHttpClientConnectionManager -- Connection released: [id: 14][route: {}->http://localhost:8081][total available: 1; route allocated: 1 of 5; total allocated: 1 of 10]
16:40:43.265 [pool-2-thread-3] DEBUG org.apache.http.impl.conn.PoolingHttpClientConnectionManager -- Connection manager is shutting down
16:40:43.265 [pool-2-thread-3] DEBUG org.apache.http.impl.conn.DefaultManagedHttpClientConnection -- http-outgoing-14: Close connection
16:40:43.265 [pool-2-thread-4] DEBUG org.apache.http.impl.conn.PoolingHttpClientConnectionManager -- Connection [id: 13][route: {}->http://localhost:8081] can be kept alive for 60.0 seconds
16:40:43.265 [pool-2-thread-4] DEBUG org.apache.http.impl.conn.DefaultManagedHttpClientConnection -- http-outgoing-13: set socket timeout to 0
16:40:43.265 [pool-2-thread-3] DEBUG org.apache.http.impl.conn.PoolingHttpClientConnectionManager -- Connection manager shut down
16:40:43.265 [pool-2-thread-4] DEBUG org.apache.http.impl.conn.PoolingHttpClientConnectionManager -- Connection released: [id: 13][route: {}->http://localhost:8081][total available: 1; route allocated: 1 of 5; total allocated: 1 of 10]
16:40:43.265 [pool-2-thread-4] DEBUG org.apache.http.impl.conn.PoolingHttpClientConnectionManager -- Connection manager is shutting down
16:40:43.266 [pool-2-thread-4] DEBUG org.apache.http.impl.conn.DefaultManagedHttpClientConnection -- http-outgoing-13: Close connection
16:40:43.266 [pool-2-thread-3] DEBUG com.intuit.karate -- response time in milliseconds: 10
1 < 201
1 < Content-Type: application/json
1 < Transfer-Encoding: chunked
1 < Date: Wed, 09 Oct 2024 21:40:43 GMT
1 < Keep-Alive: timeout=60
1 < Connection: keep-alive
{"sku":"3eb3945a-3d53-48f3-8d5e-648c0ccfccd0","status":true,"message":"El producto fue creado con éxito!"}

16:40:43.266 [pool-2-thread-4] DEBUG org.apache.http.impl.conn.PoolingHttpClientConnectionManager -- Connection manager shut down
16:40:43.266 [pool-2-thread-4] DEBUG com.intuit.karate -- response time in milliseconds: 11
1 < 201
1 < Content-Type: application/json
1 < Transfer-Encoding: chunked
1 < Date: Wed, 09 Oct 2024 21:40:43 GMT
1 < Keep-Alive: timeout=60
1 < Connection: keep-alive
{"sku":"bdf201bc-8c82-47de-bc27-90e53b691dc4","status":true,"message":"El producto fue creado con éxito!"}

16:40:43.268 [pool-2-thread-2] DEBUG org.apache.http.wire -- http-outgoing-15 << "HTTP/1.1 201 [\r][\n]"
16:40:43.268 [pool-2-thread-2] DEBUG org.apache.http.wire -- http-outgoing-15 << "Content-Type: application/json[\r][\n]"
16:40:43.268 [pool-2-thread-2] DEBUG org.apache.http.wire -- http-outgoing-15 << "Transfer-Encoding: chunked[\r][\n]"
16:40:43.268 [pool-2-thread-2] DEBUG org.apache.http.wire -- http-outgoing-15 << "Date: Wed, 09 Oct 2024 21:40:43 GMT[\r][\n]"
16:40:43.268 [pool-2-thread-2] DEBUG org.apache.http.wire -- http-outgoing-15 << "Keep-Alive: timeout=60[\r][\n]"
16:40:43.268 [pool-2-thread-2] DEBUG org.apache.http.wire -- http-outgoing-15 << "Connection: keep-alive[\r][\n]"
16:40:43.268 [pool-2-thread-2] DEBUG org.apache.http.wire -- http-outgoing-15 << "[\r][\n]"
16:40:43.268 [pool-2-thread-2] DEBUG org.apache.http.wire -- http-outgoing-15 << "6b[\r][\n]"
16:40:43.268 [pool-2-thread-2] DEBUG org.apache.http.wire -- http-outgoing-15 << "{"sku":"58cdefe0-cac7-416b-a6c8-ba358e62ce60","status":true,"message":"El producto fue creado con [0xc3][0xa9]xito!"}[\r][\n]"
16:40:43.269 [pool-2-thread-2] DEBUG org.apache.http.headers -- http-outgoing-15 << HTTP/1.1 201 
16:40:43.269 [pool-2-thread-2] DEBUG org.apache.http.headers -- http-outgoing-15 << Content-Type: application/json
16:40:43.269 [pool-2-thread-2] DEBUG org.apache.http.headers -- http-outgoing-15 << Transfer-Encoding: chunked
16:40:43.269 [pool-2-thread-2] DEBUG org.apache.http.headers -- http-outgoing-15 << Date: Wed, 09 Oct 2024 21:40:43 GMT
16:40:43.269 [pool-2-thread-2] DEBUG org.apache.http.headers -- http-outgoing-15 << Keep-Alive: timeout=60
16:40:43.269 [pool-2-thread-2] DEBUG org.apache.http.headers -- http-outgoing-15 << Connection: keep-alive
16:40:43.269 [pool-2-thread-2] DEBUG org.apache.http.impl.execchain.MainClientExec -- Connection can be kept alive for 60000 MILLISECONDS
16:40:43.269 [pool-2-thread-2] DEBUG org.apache.http.wire -- http-outgoing-15 << "0[\r][\n]"
16:40:43.269 [pool-2-thread-2] DEBUG org.apache.http.wire -- http-outgoing-15 << "[\r][\n]"
16:40:43.269 [pool-2-thread-2] DEBUG org.apache.http.impl.conn.PoolingHttpClientConnectionManager -- Connection [id: 15][route: {}->http://localhost:8081] can be kept alive for 60.0 seconds
16:40:43.269 [pool-2-thread-2] DEBUG org.apache.http.impl.conn.DefaultManagedHttpClientConnection -- http-outgoing-15: set socket timeout to 0
16:40:43.269 [pool-2-thread-2] DEBUG org.apache.http.impl.conn.PoolingHttpClientConnectionManager -- Connection released: [id: 15][route: {}->http://localhost:8081][total available: 1; route allocated: 1 of 5; total allocated: 1 of 10]
16:40:43.269 [pool-2-thread-2] DEBUG org.apache.http.impl.conn.PoolingHttpClientConnectionManager -- Connection manager is shutting down
16:40:43.269 [pool-2-thread-2] DEBUG org.apache.http.impl.conn.DefaultManagedHttpClientConnection -- http-outgoing-15: Close connection
16:40:43.269 [pool-2-thread-2] DEBUG org.apache.http.impl.conn.PoolingHttpClientConnectionManager -- Connection manager shut down
16:40:43.270 [pool-2-thread-2] DEBUG com.intuit.karate -- response time in milliseconds: 11
1 < 201
1 < Content-Type: application/json
1 < Transfer-Encoding: chunked
1 < Date: Wed, 09 Oct 2024 21:40:43 GMT
1 < Keep-Alive: timeout=60
1 < Connection: keep-alive
{"sku":"58cdefe0-cac7-416b-a6c8-ba358e62ce60","status":true,"message":"El producto fue creado con éxito!"}

16:40:43.317 [pool-2-thread-3] INFO com.intuit.karate -- [print] 3eb3945a-3d53-48f3-8d5e-648c0ccfccd0 
16:40:43.317 [pool-2-thread-2] INFO com.intuit.karate -- [print] 58cdefe0-cac7-416b-a6c8-ba358e62ce60 
16:40:43.317 [pool-2-thread-4] INFO com.intuit.karate -- [print] bdf201bc-8c82-47de-bc27-90e53b691dc4 
16:40:43.317 [pool-2-thread-1] INFO com.intuit.karate -- [print] c2df8d79-b5df-40ff-8f8a-e6fe182396db 
16:40:43.317 [pool-2-thread-5] INFO com.intuit.karate -- [print] e5373f6a-e21f-4d0d-b889-a19b9c779a5c 
16:40:43.324 [pool-2-thread-1] DEBUG com.jayway.jsonpath.internal.path.CompiledPath -- Evaluating path: $
16:40:43.324 [pool-2-thread-5] DEBUG com.jayway.jsonpath.internal.path.CompiledPath -- Evaluating path: $
16:40:43.325 [pool-2-thread-4] DEBUG com.jayway.jsonpath.internal.path.CompiledPath -- Evaluating path: $
16:40:43.327 [pool-2-thread-3] DEBUG com.jayway.jsonpath.internal.path.CompiledPath -- Evaluating path: $
16:40:43.327 [pool-2-thread-2] DEBUG com.jayway.jsonpath.internal.path.CompiledPath -- Evaluating path: $
16:40:43.328 [pool-2-thread-1] DEBUG org.apache.http.client.protocol.RequestAddCookies -- CookieSpec selected: karate
16:40:43.328 [pool-2-thread-4] DEBUG org.apache.http.client.protocol.RequestAddCookies -- CookieSpec selected: karate
16:40:43.329 [pool-2-thread-1] DEBUG org.apache.http.client.protocol.RequestAuthCache -- Auth cache not set in the context
16:40:43.329 [pool-2-thread-4] DEBUG org.apache.http.client.protocol.RequestAuthCache -- Auth cache not set in the context
16:40:43.329 [pool-2-thread-4] DEBUG com.intuit.karate -- request:
2 > PUT http://localhost:8081/api/v1/product/bdf201bc-8c82-47de-bc27-90e53b691dc4/
2 > Accept: application/json
2 > Authorization: Bearer aGFzaGRzZnNkZnNkZnNkZnNk
2 > Content-Type: application/json; charset=UTF-8
2 > Content-Length: 41
2 > Host: localhost:8081
2 > Connection: Keep-Alive
2 > User-Agent: Apache-HttpClient/4.5.14 (Java/17.0.12)
2 > Accept-Encoding: gzip,deflate
{"description":"Sin nombre","price":1500}

16:40:43.329 [pool-2-thread-1] DEBUG com.intuit.karate -- request:
2 > PUT http://localhost:8081/api/v1/product/c2df8d79-b5df-40ff-8f8a-e6fe182396db
2 > Accept: application/json
2 > Content-Type: application/json; charset=UTF-8
2 > Content-Length: 74
2 > Host: localhost:8081
2 > Connection: Keep-Alive
2 > User-Agent: Apache-HttpClient/4.5.14 (Java/17.0.12)
2 > Accept-Encoding: gzip,deflate
{"name":"Iphone 123","description":"Smartphone de alta gama","price":1400}

16:40:43.329 [pool-2-thread-1] DEBUG org.apache.http.impl.conn.PoolingHttpClientConnectionManager -- Connection request: [route: {}->http://localhost:8081][total available: 0; route allocated: 0 of 5; total allocated: 0 of 10]
16:40:43.329 [pool-2-thread-4] DEBUG org.apache.http.impl.conn.PoolingHttpClientConnectionManager -- Connection request: [route: {}->http://localhost:8081][total available: 0; route allocated: 0 of 5; total allocated: 0 of 10]
16:40:43.329 [pool-2-thread-5] DEBUG org.apache.http.client.protocol.RequestAddCookies -- CookieSpec selected: karate
16:40:43.329 [pool-2-thread-2] DEBUG org.apache.http.client.protocol.RequestAddCookies -- CookieSpec selected: karate
16:40:43.329 [pool-2-thread-3] DEBUG org.apache.http.client.protocol.RequestAddCookies -- CookieSpec selected: karate
16:40:43.329 [pool-2-thread-1] DEBUG org.apache.http.impl.conn.PoolingHttpClientConnectionManager -- Connection leased: [id: 16][route: {}->http://localhost:8081][total available: 0; route allocated: 1 of 5; total allocated: 1 of 10]
16:40:43.329 [pool-2-thread-4] DEBUG org.apache.http.impl.conn.PoolingHttpClientConnectionManager -- Connection leased: [id: 17][route: {}->http://localhost:8081][total available: 0; route allocated: 1 of 5; total allocated: 1 of 10]
16:40:43.329 [pool-2-thread-1] DEBUG org.apache.http.impl.execchain.MainClientExec -- Opening connection {}->http://localhost:8081
16:40:43.329 [pool-2-thread-5] DEBUG org.apache.http.client.protocol.RequestAuthCache -- Auth cache not set in the context
16:40:43.329 [pool-2-thread-3] DEBUG org.apache.http.client.protocol.RequestAuthCache -- Auth cache not set in the context
16:40:43.329 [pool-2-thread-2] DEBUG org.apache.http.client.protocol.RequestAuthCache -- Auth cache not set in the context
16:40:43.329 [pool-2-thread-4] DEBUG org.apache.http.impl.execchain.MainClientExec -- Opening connection {}->http://localhost:8081
16:40:43.329 [pool-2-thread-5] DEBUG com.intuit.karate -- request:
2 > PUT http://localhost:8081/api/v1/product/e5373f6a-e21f-4d0d-b889-a19b9c779a5c
2 > Accept: application/json
2 > Authorization: Bearer token_invalido
2 > Content-Type: application/json; charset=UTF-8
2 > Content-Length: 85
2 > Host: localhost:8081
2 > Connection: Keep-Alive
2 > User-Agent: Apache-HttpClient/4.5.14 (Java/17.0.12)
2 > Accept-Encoding: gzip,deflate
{"name":"Iphone 123","description":"Este es un smartphone de alta gama","price":1400}

16:40:43.329 [pool-2-thread-2] DEBUG com.intuit.karate -- request:
2 > PUT http://localhost:8081/api/v1/product/sku_invalido/
2 > Accept: application/json
2 > Authorization: Bearer aGFzaGRzZnNkZnNkZnNkZnNk
2 > Content-Type: application/json; charset=UTF-8
2 > Content-Length: 61
2 > Host: localhost:8081
2 > Connection: Keep-Alive
2 > User-Agent: Apache-HttpClient/4.5.14 (Java/17.0.12)
2 > Accept-Encoding: gzip,deflate
{"name":"ProductoF","description":"Inexistente","price":1500}

16:40:43.329 [pool-2-thread-3] DEBUG com.intuit.karate -- request:
2 > PUT http://localhost:8081/api/v1/product/3eb3945a-3d53-48f3-8d5e-648c0ccfccd0/
2 > Accept: application/json
2 > Authorization: Bearer aGFzaGRzZnNkZnNkZnNkZnNk
2 > Content-Type: application/json; charset=UTF-8
2 > Content-Length: 48
2 > Host: localhost:8081
2 > Connection: Keep-Alive
2 > User-Agent: Apache-HttpClient/4.5.14 (Java/17.0.12)
2 > Accept-Encoding: gzip,deflate
{"name":"Product sin descripción","price":1500}

16:40:43.329 [pool-2-thread-2] DEBUG org.apache.http.impl.conn.PoolingHttpClientConnectionManager -- Connection request: [route: {}->http://localhost:8081][total available: 0; route allocated: 0 of 5; total allocated: 0 of 10]
16:40:43.329 [pool-2-thread-4] DEBUG org.apache.http.impl.conn.DefaultHttpClientConnectionOperator -- Connecting to localhost/127.0.0.1:8081
16:40:43.329 [pool-2-thread-3] DEBUG org.apache.http.impl.conn.PoolingHttpClientConnectionManager -- Connection request: [route: {}->http://localhost:8081][total available: 0; route allocated: 0 of 5; total allocated: 0 of 10]
16:40:43.329 [pool-2-thread-1] DEBUG org.apache.http.impl.conn.DefaultHttpClientConnectionOperator -- Connecting to localhost/127.0.0.1:8081
16:40:43.329 [pool-2-thread-2] DEBUG org.apache.http.impl.conn.PoolingHttpClientConnectionManager -- Connection leased: [id: 18][route: {}->http://localhost:8081][total available: 0; route allocated: 1 of 5; total allocated: 1 of 10]
16:40:43.329 [pool-2-thread-5] DEBUG org.apache.http.impl.conn.PoolingHttpClientConnectionManager -- Connection request: [route: {}->http://localhost:8081][total available: 0; route allocated: 0 of 5; total allocated: 0 of 10]
16:40:43.329 [pool-2-thread-3] DEBUG org.apache.http.impl.conn.PoolingHttpClientConnectionManager -- Connection leased: [id: 19][route: {}->http://localhost:8081][total available: 0; route allocated: 1 of 5; total allocated: 1 of 10]
16:40:43.330 [pool-2-thread-3] DEBUG org.apache.http.impl.execchain.MainClientExec -- Opening connection {}->http://localhost:8081
16:40:43.330 [pool-2-thread-2] DEBUG org.apache.http.impl.execchain.MainClientExec -- Opening connection {}->http://localhost:8081
16:40:43.330 [pool-2-thread-5] DEBUG org.apache.http.impl.conn.PoolingHttpClientConnectionManager -- Connection leased: [id: 20][route: {}->http://localhost:8081][total available: 0; route allocated: 1 of 5; total allocated: 1 of 10]
16:40:43.330 [pool-2-thread-5] DEBUG org.apache.http.impl.execchain.MainClientExec -- Opening connection {}->http://localhost:8081
16:40:43.330 [pool-2-thread-5] DEBUG org.apache.http.impl.conn.DefaultHttpClientConnectionOperator -- Connecting to localhost/127.0.0.1:8081
16:40:43.330 [pool-2-thread-2] DEBUG org.apache.http.impl.conn.DefaultHttpClientConnectionOperator -- Connecting to localhost/127.0.0.1:8081
16:40:43.330 [pool-2-thread-3] DEBUG org.apache.http.impl.conn.DefaultHttpClientConnectionOperator -- Connecting to localhost/127.0.0.1:8081
16:40:43.330 [pool-2-thread-1] DEBUG org.apache.http.impl.conn.DefaultHttpClientConnectionOperator -- Connection established 127.0.0.1:49536<->127.0.0.1:8081
16:40:43.330 [pool-2-thread-1] DEBUG org.apache.http.impl.conn.DefaultManagedHttpClientConnection -- http-outgoing-16: set socket timeout to 30000
16:40:43.330 [pool-2-thread-4] DEBUG org.apache.http.impl.conn.DefaultHttpClientConnectionOperator -- Connection established 127.0.0.1:49535<->127.0.0.1:8081
16:40:43.330 [pool-2-thread-1] DEBUG org.apache.http.impl.execchain.MainClientExec -- Executing request PUT /api/v1/product/c2df8d79-b5df-40ff-8f8a-e6fe182396db HTTP/1.1
16:40:43.330 [pool-2-thread-4] DEBUG org.apache.http.impl.conn.DefaultManagedHttpClientConnection -- http-outgoing-17: set socket timeout to 30000
16:40:43.330 [pool-2-thread-1] DEBUG org.apache.http.impl.execchain.MainClientExec -- Target auth state: UNCHALLENGED
16:40:43.330 [pool-2-thread-4] DEBUG org.apache.http.impl.execchain.MainClientExec -- Executing request PUT /api/v1/product/bdf201bc-8c82-47de-bc27-90e53b691dc4/ HTTP/1.1
16:40:43.330 [pool-2-thread-1] DEBUG org.apache.http.impl.execchain.MainClientExec -- Proxy auth state: UNCHALLENGED
16:40:43.330 [pool-2-thread-4] DEBUG org.apache.http.impl.execchain.MainClientExec -- Proxy auth state: UNCHALLENGED
16:40:43.330 [pool-2-thread-1] DEBUG org.apache.http.headers -- http-outgoing-16 >> PUT /api/v1/product/c2df8d79-b5df-40ff-8f8a-e6fe182396db HTTP/1.1
16:40:43.330 [pool-2-thread-4] DEBUG org.apache.http.headers -- http-outgoing-17 >> PUT /api/v1/product/bdf201bc-8c82-47de-bc27-90e53b691dc4/ HTTP/1.1
16:40:43.331 [pool-2-thread-4] DEBUG org.apache.http.headers -- http-outgoing-17 >> Accept: application/json
16:40:43.331 [pool-2-thread-1] DEBUG org.apache.http.headers -- http-outgoing-16 >> Accept: application/json
16:40:43.331 [pool-2-thread-4] DEBUG org.apache.http.headers -- http-outgoing-17 >> Authorization: Bearer aGFzaGRzZnNkZnNkZnNkZnNk
16:40:43.331 [pool-2-thread-1] DEBUG org.apache.http.headers -- http-outgoing-16 >> Content-Type: application/json; charset=UTF-8
16:40:43.331 [pool-2-thread-4] DEBUG org.apache.http.headers -- http-outgoing-17 >> Content-Type: application/json; charset=UTF-8
16:40:43.331 [pool-2-thread-1] DEBUG org.apache.http.headers -- http-outgoing-16 >> Content-Length: 74
16:40:43.331 [pool-2-thread-2] DEBUG org.apache.http.impl.conn.DefaultHttpClientConnectionOperator -- Connection established 127.0.0.1:49539<->127.0.0.1:8081
16:40:43.331 [pool-2-thread-4] DEBUG org.apache.http.headers -- http-outgoing-17 >> Content-Length: 41
16:40:43.331 [pool-2-thread-4] DEBUG org.apache.http.headers -- http-outgoing-17 >> Host: localhost:8081
16:40:43.331 [pool-2-thread-1] DEBUG org.apache.http.headers -- http-outgoing-16 >> Host: localhost:8081
16:40:43.331 [pool-2-thread-3] DEBUG org.apache.http.impl.conn.DefaultHttpClientConnectionOperator -- Connection established 127.0.0.1:49538<->127.0.0.1:8081
16:40:43.331 [pool-2-thread-5] DEBUG org.apache.http.impl.conn.DefaultHttpClientConnectionOperator -- Connection established 127.0.0.1:49537<->127.0.0.1:8081
16:40:43.331 [pool-2-thread-3] DEBUG org.apache.http.impl.conn.DefaultManagedHttpClientConnection -- http-outgoing-19: set socket timeout to 30000
16:40:43.331 [pool-2-thread-4] DEBUG org.apache.http.headers -- http-outgoing-17 >> Connection: Keep-Alive
16:40:43.331 [pool-2-thread-3] DEBUG org.apache.http.impl.execchain.MainClientExec -- Executing request PUT /api/v1/product/3eb3945a-3d53-48f3-8d5e-648c0ccfccd0/ HTTP/1.1
16:40:43.331 [pool-2-thread-4] DEBUG org.apache.http.headers -- http-outgoing-17 >> User-Agent: Apache-HttpClient/4.5.14 (Java/17.0.12)
16:40:43.331 [pool-2-thread-3] DEBUG org.apache.http.impl.execchain.MainClientExec -- Proxy auth state: UNCHALLENGED
16:40:43.331 [pool-2-thread-2] DEBUG org.apache.http.impl.conn.DefaultManagedHttpClientConnection -- http-outgoing-18: set socket timeout to 30000
16:40:43.331 [pool-2-thread-1] DEBUG org.apache.http.headers -- http-outgoing-16 >> Connection: Keep-Alive
16:40:43.331 [pool-2-thread-2] DEBUG org.apache.http.impl.execchain.MainClientExec -- Executing request PUT /api/v1/product/sku_invalido/ HTTP/1.1
16:40:43.331 [pool-2-thread-2] DEBUG org.apache.http.impl.execchain.MainClientExec -- Proxy auth state: UNCHALLENGED
16:40:43.331 [pool-2-thread-5] DEBUG org.apache.http.impl.conn.DefaultManagedHttpClientConnection -- http-outgoing-20: set socket timeout to 30000
16:40:43.331 [pool-2-thread-5] DEBUG org.apache.http.impl.execchain.MainClientExec -- Executing request PUT /api/v1/product/e5373f6a-e21f-4d0d-b889-a19b9c779a5c HTTP/1.1
16:40:43.331 [pool-2-thread-4] DEBUG org.apache.http.headers -- http-outgoing-17 >> Accept-Encoding: gzip,deflate
16:40:43.331 [pool-2-thread-1] DEBUG org.apache.http.headers -- http-outgoing-16 >> User-Agent: Apache-HttpClient/4.5.14 (Java/17.0.12)
16:40:43.331 [pool-2-thread-2] DEBUG org.apache.http.headers -- http-outgoing-18 >> PUT /api/v1/product/sku_invalido/ HTTP/1.1
16:40:43.331 [pool-2-thread-5] DEBUG org.apache.http.impl.execchain.MainClientExec -- Proxy auth state: UNCHALLENGED
16:40:43.331 [pool-2-thread-4] DEBUG org.apache.http.wire -- http-outgoing-17 >> "PUT /api/v1/product/bdf201bc-8c82-47de-bc27-90e53b691dc4/ HTTP/1.1[\r][\n]"
16:40:43.331 [pool-2-thread-1] DEBUG org.apache.http.headers -- http-outgoing-16 >> Accept-Encoding: gzip,deflate
16:40:43.331 [pool-2-thread-3] DEBUG org.apache.http.headers -- http-outgoing-19 >> PUT /api/v1/product/3eb3945a-3d53-48f3-8d5e-648c0ccfccd0/ HTTP/1.1
16:40:43.331 [pool-2-thread-2] DEBUG org.apache.http.headers -- http-outgoing-18 >> Accept: application/json
16:40:43.332 [pool-2-thread-2] DEBUG org.apache.http.headers -- http-outgoing-18 >> Authorization: Bearer aGFzaGRzZnNkZnNkZnNkZnNk
16:40:43.332 [pool-2-thread-1] DEBUG org.apache.http.wire -- http-outgoing-16 >> "PUT /api/v1/product/c2df8d79-b5df-40ff-8f8a-e6fe182396db HTTP/1.1[\r][\n]"
16:40:43.332 [pool-2-thread-1] DEBUG org.apache.http.wire -- http-outgoing-16 >> "Accept: application/json[\r][\n]"
16:40:43.332 [pool-2-thread-1] DEBUG org.apache.http.wire -- http-outgoing-16 >> "Content-Type: application/json; charset=UTF-8[\r][\n]"
16:40:43.332 [pool-2-thread-2] DEBUG org.apache.http.headers -- http-outgoing-18 >> Content-Type: application/json; charset=UTF-8
16:40:43.332 [pool-2-thread-3] DEBUG org.apache.http.headers -- http-outgoing-19 >> Accept: application/json
16:40:43.331 [pool-2-thread-4] DEBUG org.apache.http.wire -- http-outgoing-17 >> "Accept: application/json[\r][\n]"
16:40:43.332 [pool-2-thread-5] DEBUG org.apache.http.headers -- http-outgoing-20 >> PUT /api/v1/product/e5373f6a-e21f-4d0d-b889-a19b9c779a5c HTTP/1.1
16:40:43.332 [pool-2-thread-1] DEBUG org.apache.http.wire -- http-outgoing-16 >> "Content-Length: 74[\r][\n]"
16:40:43.332 [pool-2-thread-5] DEBUG org.apache.http.headers -- http-outgoing-20 >> Accept: application/json
16:40:43.332 [pool-2-thread-2] DEBUG org.apache.http.headers -- http-outgoing-18 >> Content-Length: 61
16:40:43.332 [pool-2-thread-3] DEBUG org.apache.http.headers -- http-outgoing-19 >> Authorization: Bearer aGFzaGRzZnNkZnNkZnNkZnNk
16:40:43.332 [pool-2-thread-4] DEBUG org.apache.http.wire -- http-outgoing-17 >> "Authorization: Bearer aGFzaGRzZnNkZnNkZnNkZnNk[\r][\n]"
16:40:43.332 [pool-2-thread-5] DEBUG org.apache.http.headers -- http-outgoing-20 >> Authorization: Bearer token_invalido
16:40:43.332 [pool-2-thread-5] DEBUG org.apache.http.headers -- http-outgoing-20 >> Content-Type: application/json; charset=UTF-8
16:40:43.332 [pool-2-thread-5] DEBUG org.apache.http.headers -- http-outgoing-20 >> Content-Length: 85
16:40:43.332 [pool-2-thread-5] DEBUG org.apache.http.headers -- http-outgoing-20 >> Host: localhost:8081
16:40:43.332 [pool-2-thread-5] DEBUG org.apache.http.headers -- http-outgoing-20 >> Connection: Keep-Alive
16:40:43.332 [pool-2-thread-5] DEBUG org.apache.http.headers -- http-outgoing-20 >> User-Agent: Apache-HttpClient/4.5.14 (Java/17.0.12)
16:40:43.332 [pool-2-thread-5] DEBUG org.apache.http.headers -- http-outgoing-20 >> Accept-Encoding: gzip,deflate
16:40:43.332 [pool-2-thread-1] DEBUG org.apache.http.wire -- http-outgoing-16 >> "Host: localhost:8081[\r][\n]"
16:40:43.332 [pool-2-thread-2] DEBUG org.apache.http.headers -- http-outgoing-18 >> Host: localhost:8081
16:40:43.332 [pool-2-thread-3] DEBUG org.apache.http.headers -- http-outgoing-19 >> Content-Type: application/json; charset=UTF-8
16:40:43.332 [pool-2-thread-4] DEBUG org.apache.http.wire -- http-outgoing-17 >> "Content-Type: application/json; charset=UTF-8[\r][\n]"
16:40:43.332 [pool-2-thread-4] DEBUG org.apache.http.wire -- http-outgoing-17 >> "Content-Length: 41[\r][\n]"
16:40:43.332 [pool-2-thread-5] DEBUG org.apache.http.wire -- http-outgoing-20 >> "PUT /api/v1/product/e5373f6a-e21f-4d0d-b889-a19b9c779a5c HTTP/1.1[\r][\n]"
16:40:43.332 [pool-2-thread-1] DEBUG org.apache.http.wire -- http-outgoing-16 >> "Connection: Keep-Alive[\r][\n]"
16:40:43.334 [pool-2-thread-4] DEBUG org.apache.http.wire -- http-outgoing-17 >> "Host: localhost:8081[\r][\n]"
16:40:43.334 [pool-2-thread-4] DEBUG org.apache.http.wire -- http-outgoing-17 >> "Connection: Keep-Alive[\r][\n]"
16:40:43.334 [pool-2-thread-5] DEBUG org.apache.http.wire -- http-outgoing-20 >> "Accept: application/json[\r][\n]"
16:40:43.334 [pool-2-thread-5] DEBUG org.apache.http.wire -- http-outgoing-20 >> "Authorization: Bearer token_invalido[\r][\n]"
16:40:43.334 [pool-2-thread-5] DEBUG org.apache.http.wire -- http-outgoing-20 >> "Content-Type: application/json; charset=UTF-8[\r][\n]"
16:40:43.334 [pool-2-thread-5] DEBUG org.apache.http.wire -- http-outgoing-20 >> "Content-Length: 85[\r][\n]"
16:40:43.334 [pool-2-thread-5] DEBUG org.apache.http.wire -- http-outgoing-20 >> "Host: localhost:8081[\r][\n]"
16:40:43.334 [pool-2-thread-5] DEBUG org.apache.http.wire -- http-outgoing-20 >> "Connection: Keep-Alive[\r][\n]"
16:40:43.334 [pool-2-thread-5] DEBUG org.apache.http.wire -- http-outgoing-20 >> "User-Agent: Apache-HttpClient/4.5.14 (Java/17.0.12)[\r][\n]"
16:40:43.334 [pool-2-thread-5] DEBUG org.apache.http.wire -- http-outgoing-20 >> "Accept-Encoding: gzip,deflate[\r][\n]"
16:40:43.334 [pool-2-thread-5] DEBUG org.apache.http.wire -- http-outgoing-20 >> "[\r][\n]"
16:40:43.332 [pool-2-thread-2] DEBUG org.apache.http.headers -- http-outgoing-18 >> Connection: Keep-Alive
16:40:43.334 [pool-2-thread-5] DEBUG org.apache.http.wire -- http-outgoing-20 >> "{"name":"Iphone 123","description":"Este es un smartphone de alta gama","price":1400}"
16:40:43.332 [pool-2-thread-3] DEBUG org.apache.http.headers -- http-outgoing-19 >> Content-Length: 48
16:40:43.334 [pool-2-thread-3] DEBUG org.apache.http.headers -- http-outgoing-19 >> Host: localhost:8081
16:40:43.334 [pool-2-thread-3] DEBUG org.apache.http.headers -- http-outgoing-19 >> Connection: Keep-Alive
16:40:43.334 [pool-2-thread-1] DEBUG org.apache.http.wire -- http-outgoing-16 >> "User-Agent: Apache-HttpClient/4.5.14 (Java/17.0.12)[\r][\n]"
16:40:43.334 [pool-2-thread-1] DEBUG org.apache.http.wire -- http-outgoing-16 >> "Accept-Encoding: gzip,deflate[\r][\n]"
16:40:43.334 [pool-2-thread-1] DEBUG org.apache.http.wire -- http-outgoing-16 >> "[\r][\n]"
16:40:43.334 [pool-2-thread-4] DEBUG org.apache.http.wire -- http-outgoing-17 >> "User-Agent: Apache-HttpClient/4.5.14 (Java/17.0.12)[\r][\n]"
16:40:43.334 [pool-2-thread-1] DEBUG org.apache.http.wire -- http-outgoing-16 >> "{"name":"Iphone 123","description":"Smartphone de alta gama","price":1400}"
16:40:43.334 [pool-2-thread-4] DEBUG org.apache.http.wire -- http-outgoing-17 >> "Accept-Encoding: gzip,deflate[\r][\n]"
16:40:43.334 [pool-2-thread-4] DEBUG org.apache.http.wire -- http-outgoing-17 >> "[\r][\n]"
16:40:43.334 [pool-2-thread-4] DEBUG org.apache.http.wire -- http-outgoing-17 >> "{"description":"Sin nombre","price":1500}"
16:40:43.334 [pool-2-thread-2] DEBUG org.apache.http.headers -- http-outgoing-18 >> User-Agent: Apache-HttpClient/4.5.14 (Java/17.0.12)
16:40:43.334 [pool-2-thread-3] DEBUG org.apache.http.headers -- http-outgoing-19 >> User-Agent: Apache-HttpClient/4.5.14 (Java/17.0.12)
16:40:43.334 [pool-2-thread-2] DEBUG org.apache.http.headers -- http-outgoing-18 >> Accept-Encoding: gzip,deflate
16:40:43.334 [pool-2-thread-2] DEBUG org.apache.http.wire -- http-outgoing-18 >> "PUT /api/v1/product/sku_invalido/ HTTP/1.1[\r][\n]"
16:40:43.334 [pool-2-thread-2] DEBUG org.apache.http.wire -- http-outgoing-18 >> "Accept: application/json[\r][\n]"
16:40:43.334 [pool-2-thread-2] DEBUG org.apache.http.wire -- http-outgoing-18 >> "Authorization: Bearer aGFzaGRzZnNkZnNkZnNkZnNk[\r][\n]"
16:40:43.334 [pool-2-thread-2] DEBUG org.apache.http.wire -- http-outgoing-18 >> "Content-Type: application/json; charset=UTF-8[\r][\n]"
16:40:43.334 [pool-2-thread-2] DEBUG org.apache.http.wire -- http-outgoing-18 >> "Content-Length: 61[\r][\n]"
16:40:43.334 [pool-2-thread-2] DEBUG org.apache.http.wire -- http-outgoing-18 >> "Host: localhost:8081[\r][\n]"
16:40:43.334 [pool-2-thread-2] DEBUG org.apache.http.wire -- http-outgoing-18 >> "Connection: Keep-Alive[\r][\n]"
16:40:43.334 [pool-2-thread-2] DEBUG org.apache.http.wire -- http-outgoing-18 >> "User-Agent: Apache-HttpClient/4.5.14 (Java/17.0.12)[\r][\n]"
16:40:43.334 [pool-2-thread-2] DEBUG org.apache.http.wire -- http-outgoing-18 >> "Accept-Encoding: gzip,deflate[\r][\n]"
16:40:43.334 [pool-2-thread-2] DEBUG org.apache.http.wire -- http-outgoing-18 >> "[\r][\n]"
16:40:43.334 [pool-2-thread-3] DEBUG org.apache.http.headers -- http-outgoing-19 >> Accept-Encoding: gzip,deflate
16:40:43.334 [pool-2-thread-2] DEBUG org.apache.http.wire -- http-outgoing-18 >> "{"name":"ProductoF","description":"Inexistente","price":1500}"
16:40:43.335 [pool-2-thread-3] DEBUG org.apache.http.wire -- http-outgoing-19 >> "PUT /api/v1/product/3eb3945a-3d53-48f3-8d5e-648c0ccfccd0/ HTTP/1.1[\r][\n]"
16:40:43.335 [pool-2-thread-3] DEBUG org.apache.http.wire -- http-outgoing-19 >> "Accept: application/json[\r][\n]"
16:40:43.335 [pool-2-thread-3] DEBUG org.apache.http.wire -- http-outgoing-19 >> "Authorization: Bearer aGFzaGRzZnNkZnNkZnNkZnNk[\r][\n]"
16:40:43.335 [pool-2-thread-3] DEBUG org.apache.http.wire -- http-outgoing-19 >> "Content-Type: application/json; charset=UTF-8[\r][\n]"
16:40:43.335 [pool-2-thread-3] DEBUG org.apache.http.wire -- http-outgoing-19 >> "Content-Length: 48[\r][\n]"
16:40:43.335 [pool-2-thread-3] DEBUG org.apache.http.wire -- http-outgoing-19 >> "Host: localhost:8081[\r][\n]"
16:40:43.335 [pool-2-thread-3] DEBUG org.apache.http.wire -- http-outgoing-19 >> "Connection: Keep-Alive[\r][\n]"
16:40:43.335 [pool-2-thread-3] DEBUG org.apache.http.wire -- http-outgoing-19 >> "User-Agent: Apache-HttpClient/4.5.14 (Java/17.0.12)[\r][\n]"
16:40:43.336 [pool-2-thread-3] DEBUG org.apache.http.wire -- http-outgoing-19 >> "Accept-Encoding: gzip,deflate[\r][\n]"
16:40:43.337 [pool-2-thread-3] DEBUG org.apache.http.wire -- http-outgoing-19 >> "[\r][\n]"
16:40:43.337 [pool-2-thread-3] DEBUG org.apache.http.wire -- http-outgoing-19 >> "{"name":"Product sin descripci[0xc3][0xb3]n","price":1500}"
16:40:43.341 [pool-2-thread-4] DEBUG org.apache.http.wire -- http-outgoing-17 << "HTTP/1.1 400 [\r][\n]"
16:40:43.341 [pool-2-thread-4] DEBUG org.apache.http.wire -- http-outgoing-17 << "Content-Type: application/json[\r][\n]"
16:40:43.341 [pool-2-thread-4] DEBUG org.apache.http.wire -- http-outgoing-17 << "Transfer-Encoding: chunked[\r][\n]"
16:40:43.341 [pool-2-thread-4] DEBUG org.apache.http.wire -- http-outgoing-17 << "Date: Wed, 09 Oct 2024 21:40:43 GMT[\r][\n]"
16:40:43.341 [pool-2-thread-4] DEBUG org.apache.http.wire -- http-outgoing-17 << "Connection: close[\r][\n]"
16:40:43.341 [pool-2-thread-4] DEBUG org.apache.http.wire -- http-outgoing-17 << "[\r][\n]"
16:40:43.341 [pool-2-thread-4] DEBUG org.apache.http.wire -- http-outgoing-17 << "75[\r][\n]"
16:40:43.341 [pool-2-thread-4] DEBUG org.apache.http.wire -- http-outgoing-17 << "{"sku":"bdf201bc-8c82-47de-bc27-90e53b691dc4","status":false,"message":"El nombre del producto no fue proporcionado"}[\r][\n]"
16:40:43.341 [pool-2-thread-4] DEBUG org.apache.http.headers -- http-outgoing-17 << HTTP/1.1 400 
16:40:43.341 [pool-2-thread-4] DEBUG org.apache.http.headers -- http-outgoing-17 << Content-Type: application/json
16:40:43.341 [pool-2-thread-4] DEBUG org.apache.http.headers -- http-outgoing-17 << Transfer-Encoding: chunked
16:40:43.341 [pool-2-thread-4] DEBUG org.apache.http.headers -- http-outgoing-17 << Date: Wed, 09 Oct 2024 21:40:43 GMT
16:40:43.341 [pool-2-thread-4] DEBUG org.apache.http.headers -- http-outgoing-17 << Connection: close
16:40:43.342 [pool-2-thread-1] DEBUG org.apache.http.wire -- http-outgoing-16 << "HTTP/1.1 404 [\r][\n]"
16:40:43.342 [pool-2-thread-5] DEBUG org.apache.http.wire -- http-outgoing-20 << "HTTP/1.1 404 [\r][\n]"
16:40:43.342 [pool-2-thread-4] DEBUG org.apache.http.wire -- http-outgoing-17 << "0[\r][\n]"
16:40:43.342 [pool-2-thread-1] DEBUG org.apache.http.wire -- http-outgoing-16 << "Vary: Origin[\r][\n]"
16:40:43.342 [pool-2-thread-1] DEBUG org.apache.http.wire -- http-outgoing-16 << "Vary: Access-Control-Request-Method[\r][\n]"
16:40:43.342 [pool-2-thread-5] DEBUG org.apache.http.wire -- http-outgoing-20 << "Vary: Origin[\r][\n]"
16:40:43.342 [pool-2-thread-4] DEBUG org.apache.http.wire -- http-outgoing-17 << "[\r][\n]"
16:40:43.342 [pool-2-thread-1] DEBUG org.apache.http.wire -- http-outgoing-16 << "Vary: Access-Control-Request-Headers[\r][\n]"
16:40:43.342 [pool-2-thread-5] DEBUG org.apache.http.wire -- http-outgoing-20 << "Vary: Access-Control-Request-Method[\r][\n]"
16:40:43.342 [pool-2-thread-1] DEBUG org.apache.http.wire -- http-outgoing-16 << "Content-Type: application/json[\r][\n]"
16:40:43.342 [pool-2-thread-4] DEBUG org.apache.http.impl.conn.DefaultManagedHttpClientConnection -- http-outgoing-17: Close connection
16:40:43.342 [pool-2-thread-1] DEBUG org.apache.http.wire -- http-outgoing-16 << "Transfer-Encoding: chunked[\r][\n]"
16:40:43.342 [pool-2-thread-1] DEBUG org.apache.http.wire -- http-outgoing-16 << "Date: Wed, 09 Oct 2024 21:40:43 GMT[\r][\n]"
16:40:43.342 [pool-2-thread-5] DEBUG org.apache.http.wire -- http-outgoing-20 << "Vary: Access-Control-Request-Headers[\r][\n]"
16:40:43.342 [pool-2-thread-5] DEBUG org.apache.http.wire -- http-outgoing-20 << "Content-Type: application/json[\r][\n]"
16:40:43.342 [pool-2-thread-1] DEBUG org.apache.http.wire -- http-outgoing-16 << "Keep-Alive: timeout=60[\r][\n]"
16:40:43.342 [pool-2-thread-5] DEBUG org.apache.http.wire -- http-outgoing-20 << "Transfer-Encoding: chunked[\r][\n]"
16:40:43.342 [pool-2-thread-1] DEBUG org.apache.http.wire -- http-outgoing-16 << "Connection: keep-alive[\r][\n]"
16:40:43.342 [pool-2-thread-5] DEBUG org.apache.http.wire -- http-outgoing-20 << "Date: Wed, 09 Oct 2024 21:40:43 GMT[\r][\n]"
16:40:43.342 [pool-2-thread-1] DEBUG org.apache.http.wire -- http-outgoing-16 << "[\r][\n]"
16:40:43.342 [pool-2-thread-5] DEBUG org.apache.http.wire -- http-outgoing-20 << "Keep-Alive: timeout=60[\r][\n]"
16:40:43.342 [pool-2-thread-1] DEBUG org.apache.http.wire -- http-outgoing-16 << "8c[\r][\n]"
16:40:43.342 [pool-2-thread-5] DEBUG org.apache.http.wire -- http-outgoing-20 << "Connection: keep-alive[\r][\n]"
16:40:43.342 [pool-2-thread-5] DEBUG org.apache.http.wire -- http-outgoing-20 << "[\r][\n]"
16:40:43.342 [pool-2-thread-5] DEBUG org.apache.http.wire -- http-outgoing-20 << "8c[\r][\n]"
16:40:43.342 [pool-2-thread-1] DEBUG org.apache.http.wire -- http-outgoing-16 << "{"timestamp":"2024-10-09T21:40:43.341+00:00","status":404,"error":"Not Found","path":"/api/v1/product/c2df8d79-b5df-40ff-8f8a-e6fe182396db"}[\r][\n]"
16:40:43.342 [pool-2-thread-5] DEBUG org.apache.http.wire -- http-outgoing-20 << "{"timestamp":"2024-10-09T21:40:43.341+00:00","status":404,"error":"Not Found","path":"/api/v1/product/e5373f6a-e21f-4d0d-b889-a19b9c779a5c"}[\r][\n]"
16:40:43.342 [pool-2-thread-4] DEBUG org.apache.http.impl.execchain.MainClientExec -- Connection discarded
16:40:43.342 [pool-2-thread-1] DEBUG org.apache.http.headers -- http-outgoing-16 << HTTP/1.1 404 
16:40:43.342 [pool-2-thread-4] DEBUG org.apache.http.impl.conn.PoolingHttpClientConnectionManager -- Connection released: [id: 17][route: {}->http://localhost:8081][total available: 0; route allocated: 0 of 5; total allocated: 0 of 10]
16:40:43.342 [pool-2-thread-1] DEBUG org.apache.http.headers -- http-outgoing-16 << Vary: Origin
16:40:43.342 [pool-2-thread-5] DEBUG org.apache.http.headers -- http-outgoing-20 << HTTP/1.1 404 
16:40:43.342 [pool-2-thread-1] DEBUG org.apache.http.headers -- http-outgoing-16 << Vary: Access-Control-Request-Method
16:40:43.342 [pool-2-thread-5] DEBUG org.apache.http.headers -- http-outgoing-20 << Vary: Origin
16:40:43.342 [pool-2-thread-1] DEBUG org.apache.http.headers -- http-outgoing-16 << Vary: Access-Control-Request-Headers
16:40:43.342 [pool-2-thread-1] DEBUG org.apache.http.headers -- http-outgoing-16 << Content-Type: application/json
16:40:43.342 [pool-2-thread-4] DEBUG org.apache.http.impl.conn.PoolingHttpClientConnectionManager -- Connection manager is shutting down
16:40:43.342 [pool-2-thread-5] DEBUG org.apache.http.headers -- http-outgoing-20 << Vary: Access-Control-Request-Method
16:40:43.343 [pool-2-thread-5] DEBUG org.apache.http.headers -- http-outgoing-20 << Vary: Access-Control-Request-Headers
16:40:43.343 [pool-2-thread-5] DEBUG org.apache.http.headers -- http-outgoing-20 << Content-Type: application/json
16:40:43.343 [pool-2-thread-1] DEBUG org.apache.http.headers -- http-outgoing-16 << Transfer-Encoding: chunked
16:40:43.343 [pool-2-thread-4] DEBUG org.apache.http.impl.conn.PoolingHttpClientConnectionManager -- Connection manager shut down
16:40:43.343 [pool-2-thread-5] DEBUG org.apache.http.headers -- http-outgoing-20 << Transfer-Encoding: chunked
16:40:43.343 [pool-2-thread-5] DEBUG org.apache.http.headers -- http-outgoing-20 << Date: Wed, 09 Oct 2024 21:40:43 GMT
16:40:43.343 [pool-2-thread-5] DEBUG org.apache.http.headers -- http-outgoing-20 << Keep-Alive: timeout=60
16:40:43.343 [pool-2-thread-1] DEBUG org.apache.http.headers -- http-outgoing-16 << Date: Wed, 09 Oct 2024 21:40:43 GMT
16:40:43.343 [pool-2-thread-5] DEBUG org.apache.http.headers -- http-outgoing-20 << Connection: keep-alive
16:40:43.343 [pool-2-thread-3] DEBUG org.apache.http.wire -- http-outgoing-19 << "HTTP/1.1 400 [\r][\n]"
16:40:43.343 [pool-2-thread-1] DEBUG org.apache.http.headers -- http-outgoing-16 << Keep-Alive: timeout=60
16:40:43.343 [pool-2-thread-2] DEBUG org.apache.http.wire -- http-outgoing-18 << "HTTP/1.1 400 [\r][\n]"
16:40:43.343 [pool-2-thread-4] DEBUG com.intuit.karate -- response time in milliseconds: 13
2 < 400
2 < Content-Type: application/json
2 < Transfer-Encoding: chunked
2 < Date: Wed, 09 Oct 2024 21:40:43 GMT
2 < Connection: close
{"sku":"bdf201bc-8c82-47de-bc27-90e53b691dc4","status":false,"message":"El nombre del producto no fue proporcionado"}

16:40:43.343 [pool-2-thread-3] DEBUG org.apache.http.wire -- http-outgoing-19 << "Content-Type: application/json[\r][\n]"
16:40:43.343 [pool-2-thread-1] DEBUG org.apache.http.headers -- http-outgoing-16 << Connection: keep-alive
16:40:43.343 [pool-2-thread-2] DEBUG org.apache.http.wire -- http-outgoing-18 << "Content-Type: application/json[\r][\n]"
16:40:43.343 [pool-2-thread-5] DEBUG org.apache.http.impl.execchain.MainClientExec -- Connection can be kept alive for 60000 MILLISECONDS
16:40:43.343 [pool-2-thread-3] DEBUG org.apache.http.wire -- http-outgoing-19 << "Transfer-Encoding: chunked[\r][\n]"
16:40:43.343 [pool-2-thread-2] DEBUG org.apache.http.wire -- http-outgoing-18 << "Transfer-Encoding: chunked[\r][\n]"
16:40:43.343 [pool-2-thread-2] DEBUG org.apache.http.wire -- http-outgoing-18 << "Date: Wed, 09 Oct 2024 21:40:43 GMT[\r][\n]"
16:40:43.343 [pool-2-thread-3] DEBUG org.apache.http.wire -- http-outgoing-19 << "Date: Wed, 09 Oct 2024 21:40:43 GMT[\r][\n]"
16:40:43.343 [pool-2-thread-2] DEBUG org.apache.http.wire -- http-outgoing-18 << "Connection: close[\r][\n]"
16:40:43.343 [pool-2-thread-2] DEBUG org.apache.http.wire -- http-outgoing-18 << "[\r][\n]"
16:40:43.343 [pool-2-thread-2] DEBUG org.apache.http.wire -- http-outgoing-18 << "4f[\r][\n]"
16:40:43.343 [pool-2-thread-3] DEBUG org.apache.http.wire -- http-outgoing-19 << "Connection: close[\r][\n]"
16:40:43.343 [pool-2-thread-3] DEBUG org.apache.http.wire -- http-outgoing-19 << "[\r][\n]"
16:40:43.343 [pool-2-thread-2] DEBUG org.apache.http.wire -- http-outgoing-18 << "{"sku":"sku_invalido","status":false,"message":"El producto no fue encontrado"}[\r][\n]"
16:40:43.343 [pool-2-thread-3] DEBUG org.apache.http.wire -- http-outgoing-19 << "7b[\r][\n]"
16:40:43.343 [pool-2-thread-1] DEBUG org.apache.http.impl.execchain.MainClientExec -- Connection can be kept alive for 60000 MILLISECONDS
16:40:43.343 [pool-2-thread-3] DEBUG org.apache.http.wire -- http-outgoing-19 << "{"sku":"3eb3945a-3d53-48f3-8d5e-648c0ccfccd0","status":false,"message":"La descripci[0xc3][0xb3]n del producto no fue proporcionada"}[\r][\n]"
16:40:43.343 [pool-2-thread-5] DEBUG org.apache.http.wire -- http-outgoing-20 << "0[\r][\n]"
16:40:43.344 [pool-2-thread-5] DEBUG org.apache.http.wire -- http-outgoing-20 << "[\r][\n]"
16:40:43.344 [pool-2-thread-3] DEBUG org.apache.http.headers -- http-outgoing-19 << HTTP/1.1 400 
16:40:43.344 [pool-2-thread-2] DEBUG org.apache.http.headers -- http-outgoing-18 << HTTP/1.1 400 
16:40:43.344 [pool-2-thread-3] DEBUG org.apache.http.headers -- http-outgoing-19 << Content-Type: application/json
16:40:43.344 [pool-2-thread-3] DEBUG org.apache.http.headers -- http-outgoing-19 << Transfer-Encoding: chunked
16:40:43.344 [pool-2-thread-2] DEBUG org.apache.http.headers -- http-outgoing-18 << Content-Type: application/json
16:40:43.344 [pool-2-thread-5] DEBUG org.apache.http.impl.conn.PoolingHttpClientConnectionManager -- Connection [id: 20][route: {}->http://localhost:8081] can be kept alive for 60.0 seconds
16:40:43.344 [pool-2-thread-2] DEBUG org.apache.http.headers -- http-outgoing-18 << Transfer-Encoding: chunked
16:40:43.344 [pool-2-thread-5] DEBUG org.apache.http.impl.conn.DefaultManagedHttpClientConnection -- http-outgoing-20: set socket timeout to 0
16:40:43.344 [pool-2-thread-2] DEBUG org.apache.http.headers -- http-outgoing-18 << Date: Wed, 09 Oct 2024 21:40:43 GMT
16:40:43.344 [pool-2-thread-3] DEBUG org.apache.http.headers -- http-outgoing-19 << Date: Wed, 09 Oct 2024 21:40:43 GMT
16:40:43.344 [pool-2-thread-1] DEBUG org.apache.http.wire -- http-outgoing-16 << "0[\r][\n]"
16:40:43.344 [pool-2-thread-3] DEBUG org.apache.http.headers -- http-outgoing-19 << Connection: close
16:40:43.344 [pool-2-thread-1] DEBUG org.apache.http.wire -- http-outgoing-16 << "[\r][\n]"
16:40:43.344 [pool-2-thread-2] DEBUG org.apache.http.headers -- http-outgoing-18 << Connection: close
16:40:43.344 [pool-2-thread-5] DEBUG org.apache.http.impl.conn.PoolingHttpClientConnectionManager -- Connection released: [id: 20][route: {}->http://localhost:8081][total available: 1; route allocated: 1 of 5; total allocated: 1 of 10]
16:40:43.344 [pool-2-thread-1] DEBUG org.apache.http.impl.conn.PoolingHttpClientConnectionManager -- Connection [id: 16][route: {}->http://localhost:8081] can be kept alive for 60.0 seconds
16:40:43.344 [pool-2-thread-1] DEBUG org.apache.http.impl.conn.DefaultManagedHttpClientConnection -- http-outgoing-16: set socket timeout to 0
16:40:43.344 [pool-2-thread-5] DEBUG org.apache.http.impl.conn.PoolingHttpClientConnectionManager -- Connection manager is shutting down
16:40:43.344 [pool-2-thread-1] DEBUG org.apache.http.impl.conn.PoolingHttpClientConnectionManager -- Connection released: [id: 16][route: {}->http://localhost:8081][total available: 1; route allocated: 1 of 5; total allocated: 1 of 10]
16:40:43.344 [pool-2-thread-5] DEBUG org.apache.http.impl.conn.DefaultManagedHttpClientConnection -- http-outgoing-20: Close connection
16:40:43.344 [pool-2-thread-1] DEBUG org.apache.http.impl.conn.PoolingHttpClientConnectionManager -- Connection manager is shutting down
16:40:43.344 [pool-2-thread-1] DEBUG org.apache.http.impl.conn.DefaultManagedHttpClientConnection -- http-outgoing-16: Close connection
16:40:43.344 [pool-2-thread-2] DEBUG org.apache.http.wire -- http-outgoing-18 << "0[\r][\n]"
16:40:43.344 [pool-2-thread-2] DEBUG org.apache.http.wire -- http-outgoing-18 << "[\r][\n]"
16:40:43.344 [pool-2-thread-3] DEBUG org.apache.http.wire -- http-outgoing-19 << "0[\r][\n]"
16:40:43.344 [pool-2-thread-2] DEBUG org.apache.http.impl.conn.DefaultManagedHttpClientConnection -- http-outgoing-18: Close connection
16:40:43.344 [pool-2-thread-1] DEBUG org.apache.http.impl.conn.PoolingHttpClientConnectionManager -- Connection manager shut down
16:40:43.344 [pool-2-thread-5] DEBUG org.apache.http.impl.conn.PoolingHttpClientConnectionManager -- Connection manager shut down
16:40:43.344 [pool-2-thread-3] DEBUG org.apache.http.wire -- http-outgoing-19 << "[\r][\n]"
16:40:43.345 [pool-2-thread-3] DEBUG org.apache.http.impl.conn.DefaultManagedHttpClientConnection -- http-outgoing-19: Close connection
16:40:43.345 [pool-2-thread-1] DEBUG com.intuit.karate -- response time in milliseconds: 15
2 < 404
2 < Vary: Origin
2 < Vary: Access-Control-Request-Method
2 < Vary: Access-Control-Request-Headers
2 < Content-Type: application/json
2 < Transfer-Encoding: chunked
2 < Date: Wed, 09 Oct 2024 21:40:43 GMT
2 < Keep-Alive: timeout=60
2 < Connection: keep-alive
{"timestamp":"2024-10-09T21:40:43.341+00:00","status":404,"error":"Not Found","path":"/api/v1/product/c2df8d79-b5df-40ff-8f8a-e6fe182396db"}

16:40:43.345 [pool-2-thread-5] DEBUG com.intuit.karate -- response time in milliseconds: 15
2 < 404
2 < Vary: Origin
2 < Vary: Access-Control-Request-Method
2 < Vary: Access-Control-Request-Headers
2 < Content-Type: application/json
2 < Transfer-Encoding: chunked
2 < Date: Wed, 09 Oct 2024 21:40:43 GMT
2 < Keep-Alive: timeout=60
2 < Connection: keep-alive
{"timestamp":"2024-10-09T21:40:43.341+00:00","status":404,"error":"Not Found","path":"/api/v1/product/e5373f6a-e21f-4d0d-b889-a19b9c779a5c"}

16:40:43.345 [pool-2-thread-2] DEBUG org.apache.http.impl.execchain.MainClientExec -- Connection discarded
16:40:43.345 [pool-2-thread-3] DEBUG org.apache.http.impl.execchain.MainClientExec -- Connection discarded
16:40:43.345 [pool-2-thread-2] DEBUG org.apache.http.impl.conn.PoolingHttpClientConnectionManager -- Connection released: [id: 18][route: {}->http://localhost:8081][total available: 0; route allocated: 0 of 5; total allocated: 0 of 10]
16:40:43.345 [pool-2-thread-2] DEBUG org.apache.http.impl.conn.PoolingHttpClientConnectionManager -- Connection manager is shutting down
16:40:43.345 [pool-2-thread-3] DEBUG org.apache.http.impl.conn.PoolingHttpClientConnectionManager -- Connection released: [id: 19][route: {}->http://localhost:8081][total available: 0; route allocated: 0 of 5; total allocated: 0 of 10]
16:40:43.345 [pool-2-thread-2] DEBUG org.apache.http.impl.conn.PoolingHttpClientConnectionManager -- Connection manager shut down
16:40:43.345 [pool-2-thread-3] DEBUG org.apache.http.impl.conn.PoolingHttpClientConnectionManager -- Connection manager is shutting down
16:40:43.345 [pool-2-thread-3] DEBUG org.apache.http.impl.conn.PoolingHttpClientConnectionManager -- Connection manager shut down
16:40:43.345 [pool-2-thread-2] DEBUG com.intuit.karate -- response time in milliseconds: 16
2 < 400
2 < Content-Type: application/json
2 < Transfer-Encoding: chunked
2 < Date: Wed, 09 Oct 2024 21:40:43 GMT
2 < Connection: close
{"sku":"sku_invalido","status":false,"message":"El producto no fue encontrado"}

16:40:43.345 [pool-2-thread-3] DEBUG com.intuit.karate -- response time in milliseconds: 16
2 < 400
2 < Content-Type: application/json
2 < Transfer-Encoding: chunked
2 < Date: Wed, 09 Oct 2024 21:40:43 GMT
2 < Connection: close
{"sku":"3eb3945a-3d53-48f3-8d5e-648c0ccfccd0","status":false,"message":"La descripción del producto no fue proporcionada"}

16:40:43.350 [pool-2-thread-3] DEBUG com.jayway.jsonpath.internal.path.CompiledPath -- Evaluating path: $
16:40:43.350 [pool-2-thread-2] DEBUG com.jayway.jsonpath.internal.path.CompiledPath -- Evaluating path: $
16:40:43.351 [pool-2-thread-4] DEBUG com.jayway.jsonpath.internal.path.CompiledPath -- Evaluating path: $
16:40:43.360 [pool-2-thread-1] DEBUG com.jayway.jsonpath.internal.path.CompiledPath -- Evaluating path: $
16:40:43.362 [pool-2-thread-5] DEBUG com.jayway.jsonpath.internal.path.CompiledPath -- Evaluating path: $
16:40:43.362 [pool-2-thread-3] DEBUG com.jayway.jsonpath.internal.path.CompiledPath -- Evaluating path: $
16:40:43.362 [pool-2-thread-2] DEBUG com.jayway.jsonpath.internal.path.CompiledPath -- Evaluating path: $
16:40:43.363 [pool-2-thread-4] DEBUG com.jayway.jsonpath.internal.path.CompiledPath -- Evaluating path: $
16:40:43.363 [pool-2-thread-1] DEBUG org.apache.http.client.protocol.RequestAddCookies -- CookieSpec selected: karate
16:40:43.364 [pool-2-thread-1] DEBUG org.apache.http.client.protocol.RequestAuthCache -- Auth cache not set in the context
16:40:43.364 [pool-2-thread-1] DEBUG com.intuit.karate -- request:
1 > POST http://localhost:8081/api/v1/product/
1 > Accept: application/json
1 > Authorization: Bearer aGFzaGRzZnNkZnNkZnNkZnNk
1 > Content-Type: application/json; charset=UTF-8
1 > Content-Length: 78
1 > Host: localhost:8081
1 > Connection: Keep-Alive
1 > User-Agent: Apache-HttpClient/4.5.14 (Java/17.0.12)
1 > Accept-Encoding: gzip,deflate
{"name":"Producto original","description":"Descripcion original","price":1000}

16:40:43.364 [pool-2-thread-1] DEBUG org.apache.http.impl.conn.PoolingHttpClientConnectionManager -- Connection request: [route: {}->http://localhost:8081][total available: 0; route allocated: 0 of 5; total allocated: 0 of 10]
16:40:43.364 [pool-2-thread-1] DEBUG org.apache.http.impl.conn.PoolingHttpClientConnectionManager -- Connection leased: [id: 21][route: {}->http://localhost:8081][total available: 0; route allocated: 1 of 5; total allocated: 1 of 10]
16:40:43.364 [pool-2-thread-1] DEBUG org.apache.http.impl.execchain.MainClientExec -- Opening connection {}->http://localhost:8081
16:40:43.364 [pool-2-thread-2] DEBUG org.apache.http.client.protocol.RequestAddCookies -- CookieSpec selected: karate
16:40:43.364 [pool-2-thread-3] DEBUG org.apache.http.client.protocol.RequestAddCookies -- CookieSpec selected: karate
16:40:43.364 [pool-2-thread-5] DEBUG org.apache.http.client.protocol.RequestAddCookies -- CookieSpec selected: karate
16:40:43.364 [pool-2-thread-2] DEBUG org.apache.http.client.protocol.RequestAuthCache -- Auth cache not set in the context
16:40:43.364 [pool-2-thread-3] DEBUG org.apache.http.client.protocol.RequestAuthCache -- Auth cache not set in the context
16:40:43.364 [pool-2-thread-5] DEBUG org.apache.http.client.protocol.RequestAuthCache -- Auth cache not set in the context
16:40:43.364 [pool-2-thread-1] DEBUG org.apache.http.impl.conn.DefaultHttpClientConnectionOperator -- Connecting to localhost/127.0.0.1:8081
16:40:43.364 [pool-2-thread-5] DEBUG com.intuit.karate -- request:
1 > POST http://localhost:8081/api/v1/product/
1 > Accept: application/json
1 > Authorization: Bearer aGFzaGRzZnNkZnNkZnNkZnNk
1 > Content-Type: application/json; charset=UTF-8
1 > Content-Length: 78
1 > Host: localhost:8081
1 > Connection: Keep-Alive
1 > User-Agent: Apache-HttpClient/4.5.14 (Java/17.0.12)
1 > Accept-Encoding: gzip,deflate
{"name":"Producto original","description":"Descripcion original","price":1000}

16:40:43.364 [pool-2-thread-2] DEBUG com.intuit.karate -- request:
1 > POST http://localhost:8081/api/v1/product/
1 > Accept: application/json
1 > Authorization: Bearer aGFzaGRzZnNkZnNkZnNkZnNk
1 > Content-Type: application/json; charset=UTF-8
1 > Content-Length: 69
1 > Host: localhost:8081
1 > Connection: Keep-Alive
1 > User-Agent: Apache-HttpClient/4.5.14 (Java/17.0.12)
1 > Accept-Encoding: gzip,deflate
{"name":"Producto original","description":"Descripcion","price":1000}

16:40:43.364 [pool-2-thread-3] DEBUG com.intuit.karate -- request:
1 > POST http://localhost:8081/api/v1/product/
1 > Accept: application/json
1 > Authorization: Bearer aGFzaGRzZnNkZnNkZnNkZnNk
1 > Content-Type: application/json; charset=UTF-8
1 > Content-Length: 69
1 > Host: localhost:8081
1 > Connection: Keep-Alive
1 > User-Agent: Apache-HttpClient/4.5.14 (Java/17.0.12)
1 > Accept-Encoding: gzip,deflate
{"name":"Producto original","description":"Descripcion","price":1000}

16:40:43.365 [pool-2-thread-5] DEBUG org.apache.http.impl.conn.PoolingHttpClientConnectionManager -- Connection request: [route: {}->http://localhost:8081][total available: 0; route allocated: 0 of 5; total allocated: 0 of 10]
16:40:43.365 [pool-2-thread-3] DEBUG org.apache.http.impl.conn.PoolingHttpClientConnectionManager -- Connection request: [route: {}->http://localhost:8081][total available: 0; route allocated: 0 of 5; total allocated: 0 of 10]
16:40:43.365 [pool-2-thread-2] DEBUG org.apache.http.impl.conn.PoolingHttpClientConnectionManager -- Connection request: [route: {}->http://localhost:8081][total available: 0; route allocated: 0 of 5; total allocated: 0 of 10]
16:40:43.365 [pool-2-thread-2] DEBUG org.apache.http.impl.conn.PoolingHttpClientConnectionManager -- Connection leased: [id: 23][route: {}->http://localhost:8081][total available: 0; route allocated: 1 of 5; total allocated: 1 of 10]
16:40:43.365 [pool-2-thread-5] DEBUG org.apache.http.impl.conn.PoolingHttpClientConnectionManager -- Connection leased: [id: 22][route: {}->http://localhost:8081][total available: 0; route allocated: 1 of 5; total allocated: 1 of 10]
16:40:43.365 [pool-2-thread-3] DEBUG org.apache.http.impl.conn.PoolingHttpClientConnectionManager -- Connection leased: [id: 24][route: {}->http://localhost:8081][total available: 0; route allocated: 1 of 5; total allocated: 1 of 10]
16:40:43.365 [pool-2-thread-2] DEBUG org.apache.http.impl.execchain.MainClientExec -- Opening connection {}->http://localhost:8081
16:40:43.365 [pool-2-thread-3] DEBUG org.apache.http.impl.execchain.MainClientExec -- Opening connection {}->http://localhost:8081
16:40:43.365 [pool-2-thread-5] DEBUG org.apache.http.impl.execchain.MainClientExec -- Opening connection {}->http://localhost:8081
16:40:43.365 [pool-2-thread-5] DEBUG org.apache.http.impl.conn.DefaultHttpClientConnectionOperator -- Connecting to localhost/127.0.0.1:8081
16:40:43.365 [pool-2-thread-2] DEBUG org.apache.http.impl.conn.DefaultHttpClientConnectionOperator -- Connecting to localhost/127.0.0.1:8081
16:40:43.365 [pool-2-thread-3] DEBUG org.apache.http.impl.conn.DefaultHttpClientConnectionOperator -- Connecting to localhost/127.0.0.1:8081
16:40:43.365 [pool-2-thread-1] DEBUG org.apache.http.impl.conn.DefaultHttpClientConnectionOperator -- Connection established 127.0.0.1:49540<->127.0.0.1:8081
16:40:43.365 [pool-2-thread-1] DEBUG org.apache.http.impl.conn.DefaultManagedHttpClientConnection -- http-outgoing-21: set socket timeout to 30000
16:40:43.365 [pool-2-thread-1] DEBUG org.apache.http.impl.execchain.MainClientExec -- Executing request POST /api/v1/product/ HTTP/1.1
16:40:43.366 [pool-2-thread-1] DEBUG org.apache.http.impl.execchain.MainClientExec -- Proxy auth state: UNCHALLENGED
16:40:43.366 [pool-2-thread-3] DEBUG org.apache.http.impl.conn.DefaultHttpClientConnectionOperator -- Connection established 127.0.0.1:49543<->127.0.0.1:8081
16:40:43.366 [pool-2-thread-2] DEBUG org.apache.http.impl.conn.DefaultHttpClientConnectionOperator -- Connection established 127.0.0.1:49541<->127.0.0.1:8081
16:40:43.366 [pool-2-thread-3] DEBUG org.apache.http.impl.conn.DefaultManagedHttpClientConnection -- http-outgoing-23: set socket timeout to 30000
16:40:43.366 [pool-2-thread-1] DEBUG org.apache.http.headers -- http-outgoing-21 >> POST /api/v1/product/ HTTP/1.1
16:40:43.366 [pool-2-thread-2] DEBUG org.apache.http.impl.conn.DefaultManagedHttpClientConnection -- http-outgoing-24: set socket timeout to 30000
16:40:43.366 [pool-2-thread-1] DEBUG org.apache.http.headers -- http-outgoing-21 >> Accept: application/json
16:40:43.366 [pool-2-thread-1] DEBUG org.apache.http.headers -- http-outgoing-21 >> Authorization: Bearer aGFzaGRzZnNkZnNkZnNkZnNk
16:40:43.366 [pool-2-thread-5] DEBUG org.apache.http.impl.conn.DefaultHttpClientConnectionOperator -- Connection established 127.0.0.1:49542<->127.0.0.1:8081
16:40:43.366 [pool-2-thread-3] DEBUG org.apache.http.impl.execchain.MainClientExec -- Executing request POST /api/v1/product/ HTTP/1.1
16:40:43.366 [pool-2-thread-5] DEBUG org.apache.http.impl.conn.DefaultManagedHttpClientConnection -- http-outgoing-22: set socket timeout to 30000
16:40:43.366 [pool-2-thread-1] DEBUG org.apache.http.headers -- http-outgoing-21 >> Content-Type: application/json; charset=UTF-8
16:40:43.366 [pool-2-thread-2] DEBUG org.apache.http.impl.execchain.MainClientExec -- Executing request POST /api/v1/product/ HTTP/1.1
16:40:43.366 [pool-2-thread-1] DEBUG org.apache.http.headers -- http-outgoing-21 >> Content-Length: 78
16:40:43.366 [pool-2-thread-2] DEBUG org.apache.http.impl.execchain.MainClientExec -- Proxy auth state: UNCHALLENGED
16:40:43.366 [pool-2-thread-3] DEBUG org.apache.http.impl.execchain.MainClientExec -- Proxy auth state: UNCHALLENGED
16:40:43.366 [pool-2-thread-4] DEBUG org.apache.http.client.protocol.RequestAddCookies -- CookieSpec selected: karate
16:40:43.366 [pool-2-thread-5] DEBUG org.apache.http.impl.execchain.MainClientExec -- Executing request POST /api/v1/product/ HTTP/1.1
16:40:43.366 [pool-2-thread-1] DEBUG org.apache.http.headers -- http-outgoing-21 >> Host: localhost:8081
16:40:43.366 [pool-2-thread-2] DEBUG org.apache.http.headers -- http-outgoing-24 >> POST /api/v1/product/ HTTP/1.1
16:40:43.366 [pool-2-thread-5] DEBUG org.apache.http.impl.execchain.MainClientExec -- Proxy auth state: UNCHALLENGED
16:40:43.366 [pool-2-thread-2] DEBUG org.apache.http.headers -- http-outgoing-24 >> Accept: application/json
16:40:43.366 [pool-2-thread-1] DEBUG org.apache.http.headers -- http-outgoing-21 >> Connection: Keep-Alive
16:40:43.366 [pool-2-thread-2] DEBUG org.apache.http.headers -- http-outgoing-24 >> Authorization: Bearer aGFzaGRzZnNkZnNkZnNkZnNk
16:40:43.366 [pool-2-thread-4] DEBUG org.apache.http.client.protocol.RequestAuthCache -- Auth cache not set in the context
16:40:43.366 [pool-2-thread-3] DEBUG org.apache.http.headers -- http-outgoing-23 >> POST /api/v1/product/ HTTP/1.1
16:40:43.366 [pool-2-thread-1] DEBUG org.apache.http.headers -- http-outgoing-21 >> User-Agent: Apache-HttpClient/4.5.14 (Java/17.0.12)
16:40:43.366 [pool-2-thread-3] DEBUG org.apache.http.headers -- http-outgoing-23 >> Accept: application/json
16:40:43.366 [pool-2-thread-2] DEBUG org.apache.http.headers -- http-outgoing-24 >> Content-Type: application/json; charset=UTF-8
16:40:43.366 [pool-2-thread-1] DEBUG org.apache.http.headers -- http-outgoing-21 >> Accept-Encoding: gzip,deflate
16:40:43.366 [pool-2-thread-2] DEBUG org.apache.http.headers -- http-outgoing-24 >> Content-Length: 69
16:40:43.366 [pool-2-thread-2] DEBUG org.apache.http.headers -- http-outgoing-24 >> Host: localhost:8081
16:40:43.366 [pool-2-thread-4] DEBUG com.intuit.karate -- request:
1 > POST http://localhost:8081/api/v1/product/
1 > Accept: application/json
1 > Authorization: Bearer aGFzaGRzZnNkZnNkZnNkZnNk
1 > Content-Type: application/json; charset=UTF-8
1 > Content-Length: 49
1 > Host: localhost:8081
1 > Connection: Keep-Alive
1 > User-Agent: Apache-HttpClient/4.5.14 (Java/17.0.12)
1 > Accept-Encoding: gzip,deflate
{"name":"","description":"Telefono","price":1500}

16:40:43.366 [pool-2-thread-5] DEBUG org.apache.http.headers -- http-outgoing-22 >> POST /api/v1/product/ HTTP/1.1
16:40:43.366 [pool-2-thread-1] DEBUG org.apache.http.wire -- http-outgoing-21 >> "POST /api/v1/product/ HTTP/1.1[\r][\n]"
16:40:43.366 [pool-2-thread-3] DEBUG org.apache.http.headers -- http-outgoing-23 >> Authorization: Bearer aGFzaGRzZnNkZnNkZnNkZnNk
16:40:43.366 [pool-2-thread-2] DEBUG org.apache.http.headers -- http-outgoing-24 >> Connection: Keep-Alive
16:40:43.366 [pool-2-thread-3] DEBUG org.apache.http.headers -- http-outgoing-23 >> Content-Type: application/json; charset=UTF-8
16:40:43.366 [pool-2-thread-1] DEBUG org.apache.http.wire -- http-outgoing-21 >> "Accept: application/json[\r][\n]"
16:40:43.366 [pool-2-thread-5] DEBUG org.apache.http.headers -- http-outgoing-22 >> Accept: application/json
16:40:43.366 [pool-2-thread-2] DEBUG org.apache.http.headers -- http-outgoing-24 >> User-Agent: Apache-HttpClient/4.5.14 (Java/17.0.12)
16:40:43.366 [pool-2-thread-3] DEBUG org.apache.http.headers -- http-outgoing-23 >> Content-Length: 69
16:40:43.366 [pool-2-thread-1] DEBUG org.apache.http.wire -- http-outgoing-21 >> "Authorization: Bearer aGFzaGRzZnNkZnNkZnNkZnNk[\r][\n]"
16:40:43.368 [pool-2-thread-3] DEBUG org.apache.http.headers -- http-outgoing-23 >> Host: localhost:8081
16:40:43.368 [pool-2-thread-2] DEBUG org.apache.http.headers -- http-outgoing-24 >> Accept-Encoding: gzip,deflate
16:40:43.368 [pool-2-thread-4] DEBUG org.apache.http.impl.conn.PoolingHttpClientConnectionManager -- Connection request: [route: {}->http://localhost:8081][total available: 0; route allocated: 0 of 5; total allocated: 0 of 10]
16:40:43.368 [pool-2-thread-5] DEBUG org.apache.http.headers -- http-outgoing-22 >> Authorization: Bearer aGFzaGRzZnNkZnNkZnNkZnNk
16:40:43.368 [pool-2-thread-1] DEBUG org.apache.http.wire -- http-outgoing-21 >> "Content-Type: application/json; charset=UTF-8[\r][\n]"
16:40:43.368 [pool-2-thread-2] DEBUG org.apache.http.wire -- http-outgoing-24 >> "POST /api/v1/product/ HTTP/1.1[\r][\n]"
16:40:43.368 [pool-2-thread-3] DEBUG org.apache.http.headers -- http-outgoing-23 >> Connection: Keep-Alive
16:40:43.368 [pool-2-thread-5] DEBUG org.apache.http.headers -- http-outgoing-22 >> Content-Type: application/json; charset=UTF-8
16:40:43.368 [pool-2-thread-3] DEBUG org.apache.http.headers -- http-outgoing-23 >> User-Agent: Apache-HttpClient/4.5.14 (Java/17.0.12)
16:40:43.368 [pool-2-thread-5] DEBUG org.apache.http.headers -- http-outgoing-22 >> Content-Length: 78
16:40:43.368 [pool-2-thread-5] DEBUG org.apache.http.headers -- http-outgoing-22 >> Host: localhost:8081
16:40:43.368 [pool-2-thread-1] DEBUG org.apache.http.wire -- http-outgoing-21 >> "Content-Length: 78[\r][\n]"
16:40:43.368 [pool-2-thread-2] DEBUG org.apache.http.wire -- http-outgoing-24 >> "Accept: application/json[\r][\n]"
16:40:43.368 [pool-2-thread-3] DEBUG org.apache.http.headers -- http-outgoing-23 >> Accept-Encoding: gzip,deflate
16:40:43.368 [pool-2-thread-4] DEBUG org.apache.http.impl.conn.PoolingHttpClientConnectionManager -- Connection leased: [id: 25][route: {}->http://localhost:8081][total available: 0; route allocated: 1 of 5; total allocated: 1 of 10]
16:40:43.368 [pool-2-thread-5] DEBUG org.apache.http.headers -- http-outgoing-22 >> Connection: Keep-Alive
16:40:43.368 [pool-2-thread-3] DEBUG org.apache.http.wire -- http-outgoing-23 >> "POST /api/v1/product/ HTTP/1.1[\r][\n]"
16:40:43.368 [pool-2-thread-4] DEBUG org.apache.http.impl.execchain.MainClientExec -- Opening connection {}->http://localhost:8081
16:40:43.368 [pool-2-thread-3] DEBUG org.apache.http.wire -- http-outgoing-23 >> "Accept: application/json[\r][\n]"
16:40:43.368 [pool-2-thread-1] DEBUG org.apache.http.wire -- http-outgoing-21 >> "Host: localhost:8081[\r][\n]"
16:40:43.368 [pool-2-thread-2] DEBUG org.apache.http.wire -- http-outgoing-24 >> "Authorization: Bearer aGFzaGRzZnNkZnNkZnNkZnNk[\r][\n]"
16:40:43.368 [pool-2-thread-5] DEBUG org.apache.http.headers -- http-outgoing-22 >> User-Agent: Apache-HttpClient/4.5.14 (Java/17.0.12)
16:40:43.368 [pool-2-thread-2] DEBUG org.apache.http.wire -- http-outgoing-24 >> "Content-Type: application/json; charset=UTF-8[\r][\n]"
16:40:43.368 [pool-2-thread-3] DEBUG org.apache.http.wire -- http-outgoing-23 >> "Authorization: Bearer aGFzaGRzZnNkZnNkZnNkZnNk[\r][\n]"
16:40:43.368 [pool-2-thread-5] DEBUG org.apache.http.headers -- http-outgoing-22 >> Accept-Encoding: gzip,deflate
16:40:43.368 [pool-2-thread-4] DEBUG org.apache.http.impl.conn.DefaultHttpClientConnectionOperator -- Connecting to localhost/127.0.0.1:8081
16:40:43.368 [pool-2-thread-1] DEBUG org.apache.http.wire -- http-outgoing-21 >> "Connection: Keep-Alive[\r][\n]"
16:40:43.368 [pool-2-thread-5] DEBUG org.apache.http.wire -- http-outgoing-22 >> "POST /api/v1/product/ HTTP/1.1[\r][\n]"
16:40:43.368 [pool-2-thread-1] DEBUG org.apache.http.wire -- http-outgoing-21 >> "User-Agent: Apache-HttpClient/4.5.14 (Java/17.0.12)[\r][\n]"
16:40:43.368 [pool-2-thread-2] DEBUG org.apache.http.wire -- http-outgoing-24 >> "Content-Length: 69[\r][\n]"
16:40:43.368 [pool-2-thread-3] DEBUG org.apache.http.wire -- http-outgoing-23 >> "Content-Type: application/json; charset=UTF-8[\r][\n]"
16:40:43.368 [pool-2-thread-5] DEBUG org.apache.http.wire -- http-outgoing-22 >> "Accept: application/json[\r][\n]"
16:40:43.369 [pool-2-thread-1] DEBUG org.apache.http.wire -- http-outgoing-21 >> "Accept-Encoding: gzip,deflate[\r][\n]"
16:40:43.369 [pool-2-thread-5] DEBUG org.apache.http.wire -- http-outgoing-22 >> "Authorization: Bearer aGFzaGRzZnNkZnNkZnNkZnNk[\r][\n]"
16:40:43.369 [pool-2-thread-2] DEBUG org.apache.http.wire -- http-outgoing-24 >> "Host: localhost:8081[\r][\n]"
16:40:43.369 [pool-2-thread-5] DEBUG org.apache.http.wire -- http-outgoing-22 >> "Content-Type: application/json; charset=UTF-8[\r][\n]"
16:40:43.369 [pool-2-thread-2] DEBUG org.apache.http.wire -- http-outgoing-24 >> "Connection: Keep-Alive[\r][\n]"
16:40:43.369 [pool-2-thread-1] DEBUG org.apache.http.wire -- http-outgoing-21 >> "[\r][\n]"
16:40:43.369 [pool-2-thread-2] DEBUG org.apache.http.wire -- http-outgoing-24 >> "User-Agent: Apache-HttpClient/4.5.14 (Java/17.0.12)[\r][\n]"
16:40:43.369 [pool-2-thread-3] DEBUG org.apache.http.wire -- http-outgoing-23 >> "Content-Length: 69[\r][\n]"
16:40:43.369 [pool-2-thread-3] DEBUG org.apache.http.wire -- http-outgoing-23 >> "Host: localhost:8081[\r][\n]"
16:40:43.369 [pool-2-thread-5] DEBUG org.apache.http.wire -- http-outgoing-22 >> "Content-Length: 78[\r][\n]"
16:40:43.369 [pool-2-thread-2] DEBUG org.apache.http.wire -- http-outgoing-24 >> "Accept-Encoding: gzip,deflate[\r][\n]"
16:40:43.369 [pool-2-thread-2] DEBUG org.apache.http.wire -- http-outgoing-24 >> "[\r][\n]"
16:40:43.369 [pool-2-thread-1] DEBUG org.apache.http.wire -- http-outgoing-21 >> "{"name":"Producto original","description":"Descripcion original","price":1000}"
16:40:43.369 [pool-2-thread-3] DEBUG org.apache.http.wire -- http-outgoing-23 >> "Connection: Keep-Alive[\r][\n]"
16:40:43.369 [pool-2-thread-5] DEBUG org.apache.http.wire -- http-outgoing-22 >> "Host: localhost:8081[\r][\n]"
16:40:43.369 [pool-2-thread-2] DEBUG org.apache.http.wire -- http-outgoing-24 >> "{"name":"Producto original","description":"Descripcion","price":1000}"
16:40:43.369 [pool-2-thread-3] DEBUG org.apache.http.wire -- http-outgoing-23 >> "User-Agent: Apache-HttpClient/4.5.14 (Java/17.0.12)[\r][\n]"
16:40:43.369 [pool-2-thread-5] DEBUG org.apache.http.wire -- http-outgoing-22 >> "Connection: Keep-Alive[\r][\n]"
16:40:43.369 [pool-2-thread-3] DEBUG org.apache.http.wire -- http-outgoing-23 >> "Accept-Encoding: gzip,deflate[\r][\n]"
16:40:43.369 [pool-2-thread-5] DEBUG org.apache.http.wire -- http-outgoing-22 >> "User-Agent: Apache-HttpClient/4.5.14 (Java/17.0.12)[\r][\n]"
16:40:43.369 [pool-2-thread-3] DEBUG org.apache.http.wire -- http-outgoing-23 >> "[\r][\n]"
16:40:43.369 [pool-2-thread-5] DEBUG org.apache.http.wire -- http-outgoing-22 >> "Accept-Encoding: gzip,deflate[\r][\n]"
16:40:43.369 [pool-2-thread-3] DEBUG org.apache.http.wire -- http-outgoing-23 >> "{"name":"Producto original","description":"Descripcion","price":1000}"
16:40:43.369 [pool-2-thread-5] DEBUG org.apache.http.wire -- http-outgoing-22 >> "[\r][\n]"
16:40:43.369 [pool-2-thread-5] DEBUG org.apache.http.wire -- http-outgoing-22 >> "{"name":"Producto original","description":"Descripcion original","price":1000}"
16:40:43.369 [pool-2-thread-4] DEBUG org.apache.http.impl.conn.DefaultHttpClientConnectionOperator -- Connection established 127.0.0.1:49544<->127.0.0.1:8081
16:40:43.370 [pool-2-thread-4] DEBUG org.apache.http.impl.conn.DefaultManagedHttpClientConnection -- http-outgoing-25: set socket timeout to 30000
16:40:43.370 [pool-2-thread-4] DEBUG org.apache.http.impl.execchain.MainClientExec -- Executing request POST /api/v1/product/ HTTP/1.1
16:40:43.370 [pool-2-thread-4] DEBUG org.apache.http.impl.execchain.MainClientExec -- Proxy auth state: UNCHALLENGED
16:40:43.370 [pool-2-thread-4] DEBUG org.apache.http.headers -- http-outgoing-25 >> POST /api/v1/product/ HTTP/1.1
16:40:43.370 [pool-2-thread-4] DEBUG org.apache.http.headers -- http-outgoing-25 >> Accept: application/json
16:40:43.370 [pool-2-thread-4] DEBUG org.apache.http.headers -- http-outgoing-25 >> Authorization: Bearer aGFzaGRzZnNkZnNkZnNkZnNk
16:40:43.370 [pool-2-thread-4] DEBUG org.apache.http.headers -- http-outgoing-25 >> Content-Type: application/json; charset=UTF-8
16:40:43.370 [pool-2-thread-4] DEBUG org.apache.http.headers -- http-outgoing-25 >> Content-Length: 49
16:40:43.370 [pool-2-thread-4] DEBUG org.apache.http.headers -- http-outgoing-25 >> Host: localhost:8081
16:40:43.370 [pool-2-thread-4] DEBUG org.apache.http.headers -- http-outgoing-25 >> Connection: Keep-Alive
16:40:43.370 [pool-2-thread-4] DEBUG org.apache.http.headers -- http-outgoing-25 >> User-Agent: Apache-HttpClient/4.5.14 (Java/17.0.12)
16:40:43.370 [pool-2-thread-4] DEBUG org.apache.http.headers -- http-outgoing-25 >> Accept-Encoding: gzip,deflate
16:40:43.370 [pool-2-thread-4] DEBUG org.apache.http.wire -- http-outgoing-25 >> "POST /api/v1/product/ HTTP/1.1[\r][\n]"
16:40:43.370 [pool-2-thread-4] DEBUG org.apache.http.wire -- http-outgoing-25 >> "Accept: application/json[\r][\n]"
16:40:43.370 [pool-2-thread-4] DEBUG org.apache.http.wire -- http-outgoing-25 >> "Authorization: Bearer aGFzaGRzZnNkZnNkZnNkZnNk[\r][\n]"
16:40:43.370 [pool-2-thread-4] DEBUG org.apache.http.wire -- http-outgoing-25 >> "Content-Type: application/json; charset=UTF-8[\r][\n]"
16:40:43.370 [pool-2-thread-4] DEBUG org.apache.http.wire -- http-outgoing-25 >> "Content-Length: 49[\r][\n]"
16:40:43.370 [pool-2-thread-4] DEBUG org.apache.http.wire -- http-outgoing-25 >> "Host: localhost:8081[\r][\n]"
16:40:43.370 [pool-2-thread-4] DEBUG org.apache.http.wire -- http-outgoing-25 >> "Connection: Keep-Alive[\r][\n]"
16:40:43.370 [pool-2-thread-4] DEBUG org.apache.http.wire -- http-outgoing-25 >> "User-Agent: Apache-HttpClient/4.5.14 (Java/17.0.12)[\r][\n]"
16:40:43.370 [pool-2-thread-4] DEBUG org.apache.http.wire -- http-outgoing-25 >> "Accept-Encoding: gzip,deflate[\r][\n]"
16:40:43.370 [pool-2-thread-4] DEBUG org.apache.http.wire -- http-outgoing-25 >> "[\r][\n]"
16:40:43.370 [pool-2-thread-4] DEBUG org.apache.http.wire -- http-outgoing-25 >> "{"name":"","description":"Telefono","price":1500}"
16:40:43.371 [pool-2-thread-2] DEBUG org.apache.http.wire -- http-outgoing-24 << "HTTP/1.1 201 [\r][\n]"
16:40:43.371 [pool-2-thread-1] DEBUG org.apache.http.wire -- http-outgoing-21 << "HTTP/1.1 201 [\r][\n]"
16:40:43.372 [pool-2-thread-2] DEBUG org.apache.http.wire -- http-outgoing-24 << "Content-Type: application/json[\r][\n]"
16:40:43.372 [pool-2-thread-2] DEBUG org.apache.http.wire -- http-outgoing-24 << "Transfer-Encoding: chunked[\r][\n]"
16:40:43.372 [pool-2-thread-2] DEBUG org.apache.http.wire -- http-outgoing-24 << "Date: Wed, 09 Oct 2024 21:40:43 GMT[\r][\n]"
16:40:43.372 [pool-2-thread-1] DEBUG org.apache.http.wire -- http-outgoing-21 << "Content-Type: application/json[\r][\n]"
16:40:43.372 [pool-2-thread-3] DEBUG org.apache.http.wire -- http-outgoing-23 << "HTTP/1.1 201 [\r][\n]"
16:40:43.372 [pool-2-thread-5] DEBUG org.apache.http.wire -- http-outgoing-22 << "HTTP/1.1 201 [\r][\n]"
16:40:43.372 [pool-2-thread-3] DEBUG org.apache.http.wire -- http-outgoing-23 << "Content-Type: application/json[\r][\n]"
16:40:43.372 [pool-2-thread-5] DEBUG org.apache.http.wire -- http-outgoing-22 << "Content-Type: application/json[\r][\n]"
16:40:43.372 [pool-2-thread-3] DEBUG org.apache.http.wire -- http-outgoing-23 << "Transfer-Encoding: chunked[\r][\n]"
16:40:43.372 [pool-2-thread-3] DEBUG org.apache.http.wire -- http-outgoing-23 << "Date: Wed, 09 Oct 2024 21:40:43 GMT[\r][\n]"
16:40:43.372 [pool-2-thread-2] DEBUG org.apache.http.wire -- http-outgoing-24 << "Keep-Alive: timeout=60[\r][\n]"
16:40:43.372 [pool-2-thread-1] DEBUG org.apache.http.wire -- http-outgoing-21 << "Transfer-Encoding: chunked[\r][\n]"
16:40:43.372 [pool-2-thread-5] DEBUG org.apache.http.wire -- http-outgoing-22 << "Transfer-Encoding: chunked[\r][\n]"
16:40:43.372 [pool-2-thread-3] DEBUG org.apache.http.wire -- http-outgoing-23 << "Keep-Alive: timeout=60[\r][\n]"
16:40:43.372 [pool-2-thread-5] DEBUG org.apache.http.wire -- http-outgoing-22 << "Date: Wed, 09 Oct 2024 21:40:43 GMT[\r][\n]"
16:40:43.372 [pool-2-thread-2] DEBUG org.apache.http.wire -- http-outgoing-24 << "Connection: keep-alive[\r][\n]"
16:40:43.372 [pool-2-thread-1] DEBUG org.apache.http.wire -- http-outgoing-21 << "Date: Wed, 09 Oct 2024 21:40:43 GMT[\r][\n]"
16:40:43.373 [pool-2-thread-5] DEBUG org.apache.http.wire -- http-outgoing-22 << "Keep-Alive: timeout=60[\r][\n]"
16:40:43.373 [pool-2-thread-4] DEBUG org.apache.http.wire -- http-outgoing-25 << "HTTP/1.1 400 [\r][\n]"
16:40:43.373 [pool-2-thread-1] DEBUG org.apache.http.wire -- http-outgoing-21 << "Keep-Alive: timeout=60[\r][\n]"
16:40:43.373 [pool-2-thread-1] DEBUG org.apache.http.wire -- http-outgoing-21 << "Connection: keep-alive[\r][\n]"
16:40:43.373 [pool-2-thread-1] DEBUG org.apache.http.wire -- http-outgoing-21 << "[\r][\n]"
16:40:43.373 [pool-2-thread-1] DEBUG org.apache.http.wire -- http-outgoing-21 << "6b[\r][\n]"
16:40:43.373 [pool-2-thread-3] DEBUG org.apache.http.wire -- http-outgoing-23 << "Connection: keep-alive[\r][\n]"
16:40:43.373 [pool-2-thread-1] DEBUG org.apache.http.wire -- http-outgoing-21 << "{"sku":"69a8e4b0-a892-4856-a144-a2bff12adf98","status":true,"message":"El producto fue creado con [0xc3][0xa9]xito!"}[\r][\n]"
16:40:43.373 [pool-2-thread-3] DEBUG org.apache.http.wire -- http-outgoing-23 << "[\r][\n]"
16:40:43.373 [pool-2-thread-3] DEBUG org.apache.http.wire -- http-outgoing-23 << "6b[\r][\n]"
16:40:43.373 [pool-2-thread-5] DEBUG org.apache.http.wire -- http-outgoing-22 << "Connection: keep-alive[\r][\n]"
16:40:43.373 [pool-2-thread-3] DEBUG org.apache.http.wire -- http-outgoing-23 << "{"sku":"a9bad3fd-e01f-46a1-9e7d-6e88fc4aab55","status":true,"message":"El producto fue creado con [0xc3][0xa9]xito!"}[\r][\n]"
16:40:43.373 [pool-2-thread-5] DEBUG org.apache.http.wire -- http-outgoing-22 << "[\r][\n]"
16:40:43.373 [pool-2-thread-3] DEBUG org.apache.http.wire -- http-outgoing-23 << "0[\r][\n]"
16:40:43.373 [pool-2-thread-2] DEBUG org.apache.http.wire -- http-outgoing-24 << "[\r][\n]"
16:40:43.373 [pool-2-thread-4] DEBUG org.apache.http.wire -- http-outgoing-25 << "Content-Type: application/json[\r][\n]"
16:40:43.373 [pool-2-thread-4] DEBUG org.apache.http.wire -- http-outgoing-25 << "Transfer-Encoding: chunked[\r][\n]"
16:40:43.373 [pool-2-thread-4] DEBUG org.apache.http.wire -- http-outgoing-25 << "Date: Wed, 09 Oct 2024 21:40:43 GMT[\r][\n]"
16:40:43.373 [pool-2-thread-4] DEBUG org.apache.http.wire -- http-outgoing-25 << "Connection: close[\r][\n]"
16:40:43.373 [pool-2-thread-5] DEBUG org.apache.http.wire -- http-outgoing-22 << "6b[\r][\n]"
16:40:43.373 [pool-2-thread-3] DEBUG org.apache.http.wire -- http-outgoing-23 << "[\r][\n]"
16:40:43.373 [pool-2-thread-1] DEBUG org.apache.http.headers -- http-outgoing-21 << HTTP/1.1 201 
16:40:43.373 [pool-2-thread-2] DEBUG org.apache.http.wire -- http-outgoing-24 << "6b[\r][\n]"
16:40:43.373 [pool-2-thread-1] DEBUG org.apache.http.headers -- http-outgoing-21 << Content-Type: application/json
16:40:43.373 [pool-2-thread-1] DEBUG org.apache.http.headers -- http-outgoing-21 << Transfer-Encoding: chunked
16:40:43.373 [pool-2-thread-4] DEBUG org.apache.http.wire -- http-outgoing-25 << "[\r][\n]"
16:40:43.373 [pool-2-thread-4] DEBUG org.apache.http.wire -- http-outgoing-25 << "51[\r][\n]"
16:40:43.373 [pool-2-thread-5] DEBUG org.apache.http.wire -- http-outgoing-22 << "{"sku":"ab8d27a5-83ee-4653-8507-87f01fc24db5","status":true,"message":"El producto fue creado con [0xc3][0xa9]xito!"}[\r][\n]"
16:40:43.373 [pool-2-thread-4] DEBUG org.apache.http.wire -- http-outgoing-25 << "{"sku":"","status":false,"message":"El nombre del producto no fue proporcionado"}[\r][\n]"
16:40:43.373 [pool-2-thread-1] DEBUG org.apache.http.headers -- http-outgoing-21 << Date: Wed, 09 Oct 2024 21:40:43 GMT
16:40:43.373 [pool-2-thread-1] DEBUG org.apache.http.headers -- http-outgoing-21 << Keep-Alive: timeout=60
16:40:43.373 [pool-2-thread-2] DEBUG org.apache.http.wire -- http-outgoing-24 << "{"sku":"48163b93-e84b-432a-b2fd-bf894716d9ff","status":true,"message":"El producto fue creado con [0xc3][0xa9]xito!"}[\r][\n]"
16:40:43.373 [pool-2-thread-3] DEBUG org.apache.http.headers -- http-outgoing-23 << HTTP/1.1 201 
16:40:43.373 [pool-2-thread-4] DEBUG org.apache.http.headers -- http-outgoing-25 << HTTP/1.1 400 
16:40:43.373 [pool-2-thread-1] DEBUG org.apache.http.headers -- http-outgoing-21 << Connection: keep-alive
16:40:43.373 [pool-2-thread-4] DEBUG org.apache.http.headers -- http-outgoing-25 << Content-Type: application/json
16:40:43.373 [pool-2-thread-4] DEBUG org.apache.http.headers -- http-outgoing-25 << Transfer-Encoding: chunked
16:40:43.373 [pool-2-thread-4] DEBUG org.apache.http.headers -- http-outgoing-25 << Date: Wed, 09 Oct 2024 21:40:43 GMT
16:40:43.373 [pool-2-thread-4] DEBUG org.apache.http.headers -- http-outgoing-25 << Connection: close
16:40:43.373 [pool-2-thread-5] DEBUG org.apache.http.headers -- http-outgoing-22 << HTTP/1.1 201 
16:40:43.373 [pool-2-thread-3] DEBUG org.apache.http.headers -- http-outgoing-23 << Content-Type: application/json
16:40:43.373 [pool-2-thread-2] DEBUG org.apache.http.headers -- http-outgoing-24 << HTTP/1.1 201 
16:40:43.373 [pool-2-thread-5] DEBUG org.apache.http.headers -- http-outgoing-22 << Content-Type: application/json
16:40:43.373 [pool-2-thread-3] DEBUG org.apache.http.headers -- http-outgoing-23 << Transfer-Encoding: chunked
16:40:43.373 [pool-2-thread-3] DEBUG org.apache.http.headers -- http-outgoing-23 << Date: Wed, 09 Oct 2024 21:40:43 GMT
16:40:43.373 [pool-2-thread-3] DEBUG org.apache.http.headers -- http-outgoing-23 << Keep-Alive: timeout=60
16:40:43.373 [pool-2-thread-3] DEBUG org.apache.http.headers -- http-outgoing-23 << Connection: keep-alive
16:40:43.373 [pool-2-thread-2] DEBUG org.apache.http.headers -- http-outgoing-24 << Content-Type: application/json
16:40:43.373 [pool-2-thread-5] DEBUG org.apache.http.headers -- http-outgoing-22 << Transfer-Encoding: chunked
16:40:43.373 [pool-2-thread-1] DEBUG org.apache.http.impl.execchain.MainClientExec -- Connection can be kept alive for 60000 MILLISECONDS
16:40:43.373 [pool-2-thread-5] DEBUG org.apache.http.headers -- http-outgoing-22 << Date: Wed, 09 Oct 2024 21:40:43 GMT
16:40:43.373 [pool-2-thread-5] DEBUG org.apache.http.headers -- http-outgoing-22 << Keep-Alive: timeout=60
16:40:43.373 [pool-2-thread-2] DEBUG org.apache.http.headers -- http-outgoing-24 << Transfer-Encoding: chunked
16:40:43.373 [pool-2-thread-5] DEBUG org.apache.http.headers -- http-outgoing-22 << Connection: keep-alive
16:40:43.373 [pool-2-thread-2] DEBUG org.apache.http.headers -- http-outgoing-24 << Date: Wed, 09 Oct 2024 21:40:43 GMT
16:40:43.373 [pool-2-thread-3] DEBUG org.apache.http.impl.execchain.MainClientExec -- Connection can be kept alive for 60000 MILLISECONDS
16:40:43.373 [pool-2-thread-1] DEBUG org.apache.http.wire -- http-outgoing-21 << "0[\r][\n]"
16:40:43.373 [pool-2-thread-4] DEBUG org.apache.http.wire -- http-outgoing-25 << "0[\r][\n]"
16:40:43.373 [pool-2-thread-1] DEBUG org.apache.http.wire -- http-outgoing-21 << "[\r][\n]"
16:40:43.373 [pool-2-thread-4] DEBUG org.apache.http.wire -- http-outgoing-25 << "[\r][\n]"
16:40:43.373 [pool-2-thread-2] DEBUG org.apache.http.headers -- http-outgoing-24 << Keep-Alive: timeout=60
16:40:43.373 [pool-2-thread-5] DEBUG org.apache.http.impl.execchain.MainClientExec -- Connection can be kept alive for 60000 MILLISECONDS
16:40:43.374 [pool-2-thread-2] DEBUG org.apache.http.headers -- http-outgoing-24 << Connection: keep-alive
16:40:43.374 [pool-2-thread-1] DEBUG org.apache.http.impl.conn.PoolingHttpClientConnectionManager -- Connection [id: 21][route: {}->http://localhost:8081] can be kept alive for 60.0 seconds
16:40:43.374 [pool-2-thread-4] DEBUG org.apache.http.impl.conn.DefaultManagedHttpClientConnection -- http-outgoing-25: Close connection
16:40:43.374 [pool-2-thread-3] DEBUG org.apache.http.impl.conn.PoolingHttpClientConnectionManager -- Connection [id: 24][route: {}->http://localhost:8081] can be kept alive for 60.0 seconds
16:40:43.374 [pool-2-thread-2] DEBUG org.apache.http.impl.execchain.MainClientExec -- Connection can be kept alive for 60000 MILLISECONDS
16:40:43.374 [pool-2-thread-1] DEBUG org.apache.http.impl.conn.DefaultManagedHttpClientConnection -- http-outgoing-21: set socket timeout to 0
16:40:43.374 [pool-2-thread-3] DEBUG org.apache.http.impl.conn.DefaultManagedHttpClientConnection -- http-outgoing-23: set socket timeout to 0
16:40:43.374 [pool-2-thread-5] DEBUG org.apache.http.wire -- http-outgoing-22 << "0[\r][\n]"
16:40:43.374 [pool-2-thread-5] DEBUG org.apache.http.wire -- http-outgoing-22 << "[\r][\n]"
16:40:43.374 [pool-2-thread-2] DEBUG org.apache.http.wire -- http-outgoing-24 << "0[\r][\n]"
16:40:43.374 [pool-2-thread-2] DEBUG org.apache.http.wire -- http-outgoing-24 << "[\r][\n]"
16:40:43.374 [pool-2-thread-3] DEBUG org.apache.http.impl.conn.PoolingHttpClientConnectionManager -- Connection released: [id: 24][route: {}->http://localhost:8081][total available: 1; route allocated: 1 of 5; total allocated: 1 of 10]
16:40:43.374 [pool-2-thread-1] DEBUG org.apache.http.impl.conn.PoolingHttpClientConnectionManager -- Connection released: [id: 21][route: {}->http://localhost:8081][total available: 1; route allocated: 1 of 5; total allocated: 1 of 10]
16:40:43.374 [pool-2-thread-5] DEBUG org.apache.http.impl.conn.PoolingHttpClientConnectionManager -- Connection [id: 22][route: {}->http://localhost:8081] can be kept alive for 60.0 seconds
16:40:43.374 [pool-2-thread-2] DEBUG org.apache.http.impl.conn.PoolingHttpClientConnectionManager -- Connection [id: 23][route: {}->http://localhost:8081] can be kept alive for 60.0 seconds
16:40:43.374 [pool-2-thread-3] DEBUG org.apache.http.impl.conn.PoolingHttpClientConnectionManager -- Connection manager is shutting down
16:40:43.374 [pool-2-thread-4] DEBUG org.apache.http.impl.execchain.MainClientExec -- Connection discarded
16:40:43.374 [pool-2-thread-1] DEBUG org.apache.http.impl.conn.PoolingHttpClientConnectionManager -- Connection manager is shutting down
16:40:43.374 [pool-2-thread-3] DEBUG org.apache.http.impl.conn.DefaultManagedHttpClientConnection -- http-outgoing-23: Close connection
16:40:43.374 [pool-2-thread-5] DEBUG org.apache.http.impl.conn.DefaultManagedHttpClientConnection -- http-outgoing-22: set socket timeout to 0
16:40:43.374 [pool-2-thread-2] DEBUG org.apache.http.impl.conn.DefaultManagedHttpClientConnection -- http-outgoing-24: set socket timeout to 0
16:40:43.374 [pool-2-thread-4] DEBUG org.apache.http.impl.conn.PoolingHttpClientConnectionManager -- Connection released: [id: 25][route: {}->http://localhost:8081][total available: 0; route allocated: 0 of 5; total allocated: 0 of 10]
16:40:43.374 [pool-2-thread-1] DEBUG org.apache.http.impl.conn.DefaultManagedHttpClientConnection -- http-outgoing-21: Close connection
16:40:43.374 [pool-2-thread-4] DEBUG org.apache.http.impl.conn.PoolingHttpClientConnectionManager -- Connection manager is shutting down
16:40:43.374 [pool-2-thread-2] DEBUG org.apache.http.impl.conn.PoolingHttpClientConnectionManager -- Connection released: [id: 23][route: {}->http://localhost:8081][total available: 1; route allocated: 1 of 5; total allocated: 1 of 10]
16:40:43.374 [pool-2-thread-4] DEBUG org.apache.http.impl.conn.PoolingHttpClientConnectionManager -- Connection manager shut down
16:40:43.374 [pool-2-thread-2] DEBUG org.apache.http.impl.conn.PoolingHttpClientConnectionManager -- Connection manager is shutting down
16:40:43.374 [pool-2-thread-5] DEBUG org.apache.http.impl.conn.PoolingHttpClientConnectionManager -- Connection released: [id: 22][route: {}->http://localhost:8081][total available: 1; route allocated: 1 of 5; total allocated: 1 of 10]
16:40:43.374 [pool-2-thread-3] DEBUG org.apache.http.impl.conn.PoolingHttpClientConnectionManager -- Connection manager shut down
16:40:43.374 [pool-2-thread-2] DEBUG org.apache.http.impl.conn.DefaultManagedHttpClientConnection -- http-outgoing-24: Close connection
16:40:43.374 [pool-2-thread-5] DEBUG org.apache.http.impl.conn.PoolingHttpClientConnectionManager -- Connection manager is shutting down
16:40:43.374 [pool-2-thread-1] DEBUG org.apache.http.impl.conn.PoolingHttpClientConnectionManager -- Connection manager shut down
16:40:43.374 [pool-2-thread-5] DEBUG org.apache.http.impl.conn.DefaultManagedHttpClientConnection -- http-outgoing-22: Close connection
16:40:43.374 [pool-2-thread-2] DEBUG org.apache.http.impl.conn.PoolingHttpClientConnectionManager -- Connection manager shut down
16:40:43.374 [pool-2-thread-4] DEBUG com.intuit.karate -- response time in milliseconds: 6
1 < 400
1 < Content-Type: application/json
1 < Transfer-Encoding: chunked
1 < Date: Wed, 09 Oct 2024 21:40:43 GMT
1 < Connection: close
{"sku":"","status":false,"message":"El nombre del producto no fue proporcionado"}

16:40:43.374 [pool-2-thread-5] DEBUG org.apache.http.impl.conn.PoolingHttpClientConnectionManager -- Connection manager shut down
16:40:43.374 [pool-2-thread-1] DEBUG com.intuit.karate -- response time in milliseconds: 10
1 < 201
1 < Content-Type: application/json
1 < Transfer-Encoding: chunked
1 < Date: Wed, 09 Oct 2024 21:40:43 GMT
1 < Keep-Alive: timeout=60
1 < Connection: keep-alive
{"sku":"69a8e4b0-a892-4856-a144-a2bff12adf98","status":true,"message":"El producto fue creado con éxito!"}

16:40:43.374 [pool-2-thread-3] DEBUG com.intuit.karate -- response time in milliseconds: 9
1 < 201
1 < Content-Type: application/json
1 < Transfer-Encoding: chunked
1 < Date: Wed, 09 Oct 2024 21:40:43 GMT
1 < Keep-Alive: timeout=60
1 < Connection: keep-alive
{"sku":"a9bad3fd-e01f-46a1-9e7d-6e88fc4aab55","status":true,"message":"El producto fue creado con éxito!"}

16:40:43.374 [pool-2-thread-5] DEBUG com.intuit.karate -- response time in milliseconds: 9
1 < 201
1 < Content-Type: application/json
1 < Transfer-Encoding: chunked
1 < Date: Wed, 09 Oct 2024 21:40:43 GMT
1 < Keep-Alive: timeout=60
1 < Connection: keep-alive
{"sku":"ab8d27a5-83ee-4653-8507-87f01fc24db5","status":true,"message":"El producto fue creado con éxito!"}

16:40:43.374 [pool-2-thread-2] DEBUG com.intuit.karate -- response time in milliseconds: 9
1 < 201
1 < Content-Type: application/json
1 < Transfer-Encoding: chunked
1 < Date: Wed, 09 Oct 2024 21:40:43 GMT
1 < Keep-Alive: timeout=60
1 < Connection: keep-alive
{"sku":"48163b93-e84b-432a-b2fd-bf894716d9ff","status":true,"message":"El producto fue creado con éxito!"}

16:40:43.378 [pool-2-thread-5] INFO com.intuit.karate -- [print] ab8d27a5-83ee-4653-8507-87f01fc24db5 
16:40:43.378 [pool-2-thread-2] INFO com.intuit.karate -- [print] 48163b93-e84b-432a-b2fd-bf894716d9ff 
16:40:43.379 [pool-2-thread-3] INFO com.intuit.karate -- [print] a9bad3fd-e01f-46a1-9e7d-6e88fc4aab55 
16:40:43.378 [pool-2-thread-1] INFO com.intuit.karate -- [print] 69a8e4b0-a892-4856-a144-a2bff12adf98 
16:40:43.379 [pool-2-thread-5] DEBUG com.jayway.jsonpath.internal.path.CompiledPath -- Evaluating path: $
16:40:43.380 [pool-2-thread-1] DEBUG com.jayway.jsonpath.internal.path.CompiledPath -- Evaluating path: $
16:40:43.380 [pool-2-thread-2] DEBUG com.jayway.jsonpath.internal.path.CompiledPath -- Evaluating path: $
16:40:43.380 [pool-2-thread-3] DEBUG com.jayway.jsonpath.internal.path.CompiledPath -- Evaluating path: $
16:40:43.380 [pool-2-thread-4] DEBUG com.jayway.jsonpath.internal.path.CompiledPath -- Evaluating path: $
16:40:43.382 [pool-2-thread-5] DEBUG org.apache.http.client.protocol.RequestAddCookies -- CookieSpec selected: karate
16:40:43.382 [pool-2-thread-1] DEBUG org.apache.http.client.protocol.RequestAddCookies -- CookieSpec selected: karate
16:40:43.382 [pool-2-thread-3] DEBUG org.apache.http.client.protocol.RequestAddCookies -- CookieSpec selected: karate
16:40:43.382 [pool-2-thread-2] DEBUG org.apache.http.client.protocol.RequestAddCookies -- CookieSpec selected: karate
16:40:43.384 [pool-2-thread-5] DEBUG org.apache.http.client.protocol.RequestAuthCache -- Auth cache not set in the context
16:40:43.384 [pool-2-thread-2] DEBUG org.apache.http.client.protocol.RequestAuthCache -- Auth cache not set in the context
16:40:43.384 [pool-2-thread-1] DEBUG org.apache.http.client.protocol.RequestAuthCache -- Auth cache not set in the context
16:40:43.384 [pool-2-thread-3] DEBUG org.apache.http.client.protocol.RequestAuthCache -- Auth cache not set in the context
16:40:43.384 [pool-2-thread-2] DEBUG com.intuit.karate -- request:
2 > PUT http://localhost:8081/api/v1/product/48163b93-e84b-432a-b2fd-bf894716d9ff/
2 > Accept: application/json
2 > Authorization: Bearer aGFzaGRzZnNkZnNkZnNkZnNk
2 > Content-Type: application/json; charset=UTF-8
2 > Content-Length: 59
2 > Host: localhost:8081
2 > Connection: Keep-Alive
2 > User-Agent: Apache-HttpClient/4.5.14 (Java/17.0.12)
2 > Accept-Encoding: gzip,deflate
{"name":"Huawei","description":"Marca Huawei","price":2500}

16:40:43.384 [pool-2-thread-1] DEBUG com.intuit.karate -- request:
2 > PUT http://localhost:8081/api/v1/product/69a8e4b0-a892-4856-a144-a2bff12adf98/
2 > Accept: application/json
2 > Authorization: Bearer aGFzaGRzZnNkZnNkZnNkZnNk
2 > Content-Type: application/json; charset=UTF-8
2 > Content-Length: 51
2 > Host: localhost:8081
2 > Connection: Keep-Alive
2 > User-Agent: Apache-HttpClient/4.5.14 (Java/17.0.12)
2 > Accept-Encoding: gzip,deflate
{"name":"Iphone20","description":"Celular moderno"}

16:40:43.384 [pool-2-thread-3] DEBUG com.intuit.karate -- request:
2 > PUT http://localhost:8081/api/v1/product/a9bad3fd-e01f-46a1-9e7d-6e88fc4aab55/
2 > Accept: application/json
2 > Authorization: Bearer aGFzaGRzZnNkZnNkZnNkZnNk
2 > Content-Type: application/json; charset=UTF-8
2 > Content-Length: 75
2 > Host: localhost:8081
2 > Connection: Keep-Alive
2 > User-Agent: Apache-HttpClient/4.5.14 (Java/17.0.12)
2 > Accept-Encoding: gzip,deflate
{"name":"Iphone Actualizado","description":"Marca Actualizado","price":150}

16:40:43.384 [pool-2-thread-5] DEBUG com.intuit.karate -- request:
2 > POST http://localhost:8081/api/v1/product/
2 > Accept: application/json
2 > Authorization: Bearer aGFzaGRzZnNkZnNkZnNkZnNk
2 > Content-Type: application/json; charset=UTF-8
2 > Content-Length: 73
2 > Host: localhost:8081
2 > Connection: Keep-Alive
2 > User-Agent: Apache-HttpClient/4.5.14 (Java/17.0.12)
2 > Accept-Encoding: gzip,deflate
{"name":"Iphone2050","description":"Prueba de duplicación","price":2000}

16:40:43.384 [pool-2-thread-5] DEBUG org.apache.http.impl.conn.PoolingHttpClientConnectionManager -- Connection request: [route: {}->http://localhost:8081][total available: 0; route allocated: 0 of 5; total allocated: 0 of 10]
16:40:43.384 [pool-2-thread-3] DEBUG org.apache.http.impl.conn.PoolingHttpClientConnectionManager -- Connection request: [route: {}->http://localhost:8081][total available: 0; route allocated: 0 of 5; total allocated: 0 of 10]
16:40:43.384 [pool-2-thread-2] DEBUG org.apache.http.impl.conn.PoolingHttpClientConnectionManager -- Connection request: [route: {}->http://localhost:8081][total available: 0; route allocated: 0 of 5; total allocated: 0 of 10]
16:40:43.384 [pool-2-thread-1] DEBUG org.apache.http.impl.conn.PoolingHttpClientConnectionManager -- Connection request: [route: {}->http://localhost:8081][total available: 0; route allocated: 0 of 5; total allocated: 0 of 10]
16:40:43.384 [pool-2-thread-5] DEBUG org.apache.http.impl.conn.PoolingHttpClientConnectionManager -- Connection leased: [id: 26][route: {}->http://localhost:8081][total available: 0; route allocated: 1 of 5; total allocated: 1 of 10]
16:40:43.384 [pool-2-thread-3] DEBUG org.apache.http.impl.conn.PoolingHttpClientConnectionManager -- Connection leased: [id: 27][route: {}->http://localhost:8081][total available: 0; route allocated: 1 of 5; total allocated: 1 of 10]
16:40:43.384 [pool-2-thread-3] DEBUG org.apache.http.impl.execchain.MainClientExec -- Opening connection {}->http://localhost:8081
16:40:43.384 [pool-2-thread-5] DEBUG org.apache.http.impl.execchain.MainClientExec -- Opening connection {}->http://localhost:8081
16:40:43.384 [pool-2-thread-2] DEBUG org.apache.http.impl.conn.PoolingHttpClientConnectionManager -- Connection leased: [id: 29][route: {}->http://localhost:8081][total available: 0; route allocated: 1 of 5; total allocated: 1 of 10]
16:40:43.384 [pool-2-thread-2] DEBUG org.apache.http.impl.execchain.MainClientExec -- Opening connection {}->http://localhost:8081
16:40:43.384 [pool-2-thread-1] DEBUG org.apache.http.impl.conn.PoolingHttpClientConnectionManager -- Connection leased: [id: 28][route: {}->http://localhost:8081][total available: 0; route allocated: 1 of 5; total allocated: 1 of 10]
16:40:43.385 [pool-2-thread-1] DEBUG org.apache.http.impl.execchain.MainClientExec -- Opening connection {}->http://localhost:8081
16:40:43.385 [pool-2-thread-5] DEBUG org.apache.http.impl.conn.DefaultHttpClientConnectionOperator -- Connecting to localhost/127.0.0.1:8081
16:40:43.385 [pool-2-thread-3] DEBUG org.apache.http.impl.conn.DefaultHttpClientConnectionOperator -- Connecting to localhost/127.0.0.1:8081
16:40:43.385 [pool-2-thread-2] DEBUG org.apache.http.impl.conn.DefaultHttpClientConnectionOperator -- Connecting to localhost/127.0.0.1:8081
16:40:43.385 [pool-2-thread-1] DEBUG org.apache.http.impl.conn.DefaultHttpClientConnectionOperator -- Connecting to localhost/127.0.0.1:8081
16:40:43.386 [pool-2-thread-1] DEBUG org.apache.http.impl.conn.DefaultHttpClientConnectionOperator -- Connection established 127.0.0.1:49547<->127.0.0.1:8081
16:40:43.386 [pool-2-thread-3] DEBUG org.apache.http.impl.conn.DefaultHttpClientConnectionOperator -- Connection established 127.0.0.1:49546<->127.0.0.1:8081
16:40:43.386 [pool-2-thread-2] DEBUG org.apache.http.impl.conn.DefaultHttpClientConnectionOperator -- Connection established 127.0.0.1:49548<->127.0.0.1:8081
16:40:43.386 [pool-2-thread-3] DEBUG org.apache.http.impl.conn.DefaultManagedHttpClientConnection -- http-outgoing-26: set socket timeout to 30000
16:40:43.386 [pool-2-thread-5] DEBUG org.apache.http.impl.conn.DefaultHttpClientConnectionOperator -- Connection established 127.0.0.1:49545<->127.0.0.1:8081
16:40:43.386 [pool-2-thread-3] DEBUG org.apache.http.impl.execchain.MainClientExec -- Executing request PUT /api/v1/product/a9bad3fd-e01f-46a1-9e7d-6e88fc4aab55/ HTTP/1.1
16:40:43.386 [pool-2-thread-1] DEBUG org.apache.http.impl.conn.DefaultManagedHttpClientConnection -- http-outgoing-29: set socket timeout to 30000
16:40:43.386 [pool-2-thread-2] DEBUG org.apache.http.impl.conn.DefaultManagedHttpClientConnection -- http-outgoing-28: set socket timeout to 30000
16:40:43.386 [pool-2-thread-3] DEBUG org.apache.http.impl.execchain.MainClientExec -- Proxy auth state: UNCHALLENGED
16:40:43.386 [pool-2-thread-5] DEBUG org.apache.http.impl.conn.DefaultManagedHttpClientConnection -- http-outgoing-27: set socket timeout to 30000
16:40:43.386 [pool-2-thread-2] DEBUG org.apache.http.impl.execchain.MainClientExec -- Executing request PUT /api/v1/product/48163b93-e84b-432a-b2fd-bf894716d9ff/ HTTP/1.1
16:40:43.387 [pool-2-thread-5] DEBUG org.apache.http.impl.execchain.MainClientExec -- Executing request POST /api/v1/product/ HTTP/1.1
16:40:43.386 [pool-2-thread-1] DEBUG org.apache.http.impl.execchain.MainClientExec -- Executing request PUT /api/v1/product/69a8e4b0-a892-4856-a144-a2bff12adf98/ HTTP/1.1
16:40:43.387 [pool-2-thread-5] DEBUG org.apache.http.impl.execchain.MainClientExec -- Proxy auth state: UNCHALLENGED
16:40:43.387 [pool-2-thread-3] DEBUG org.apache.http.headers -- http-outgoing-26 >> PUT /api/v1/product/a9bad3fd-e01f-46a1-9e7d-6e88fc4aab55/ HTTP/1.1
16:40:43.387 [pool-2-thread-2] DEBUG org.apache.http.impl.execchain.MainClientExec -- Proxy auth state: UNCHALLENGED
16:40:43.387 [pool-2-thread-1] DEBUG org.apache.http.impl.execchain.MainClientExec -- Proxy auth state: UNCHALLENGED
16:40:43.387 [pool-2-thread-3] DEBUG org.apache.http.headers -- http-outgoing-26 >> Accept: application/json
16:40:43.387 [pool-2-thread-3] DEBUG org.apache.http.headers -- http-outgoing-26 >> Authorization: Bearer aGFzaGRzZnNkZnNkZnNkZnNk
16:40:43.387 [pool-2-thread-3] DEBUG org.apache.http.headers -- http-outgoing-26 >> Content-Type: application/json; charset=UTF-8
16:40:43.387 [pool-2-thread-3] DEBUG org.apache.http.headers -- http-outgoing-26 >> Content-Length: 75
16:40:43.387 [pool-2-thread-3] DEBUG org.apache.http.headers -- http-outgoing-26 >> Host: localhost:8081
16:40:43.387 [pool-2-thread-3] DEBUG org.apache.http.headers -- http-outgoing-26 >> Connection: Keep-Alive
16:40:43.387 [pool-2-thread-3] DEBUG org.apache.http.headers -- http-outgoing-26 >> User-Agent: Apache-HttpClient/4.5.14 (Java/17.0.12)
16:40:43.387 [pool-2-thread-3] DEBUG org.apache.http.headers -- http-outgoing-26 >> Accept-Encoding: gzip,deflate
16:40:43.387 [pool-2-thread-1] DEBUG org.apache.http.headers -- http-outgoing-29 >> PUT /api/v1/product/69a8e4b0-a892-4856-a144-a2bff12adf98/ HTTP/1.1
16:40:43.387 [pool-2-thread-1] DEBUG org.apache.http.headers -- http-outgoing-29 >> Accept: application/json
16:40:43.387 [pool-2-thread-2] DEBUG org.apache.http.headers -- http-outgoing-28 >> PUT /api/v1/product/48163b93-e84b-432a-b2fd-bf894716d9ff/ HTTP/1.1
16:40:43.387 [pool-2-thread-5] DEBUG org.apache.http.headers -- http-outgoing-27 >> POST /api/v1/product/ HTTP/1.1
16:40:43.387 [pool-2-thread-3] DEBUG org.apache.http.wire -- http-outgoing-26 >> "PUT /api/v1/product/a9bad3fd-e01f-46a1-9e7d-6e88fc4aab55/ HTTP/1.1[\r][\n]"
16:40:43.387 [pool-2-thread-5] DEBUG org.apache.http.headers -- http-outgoing-27 >> Accept: application/json
16:40:43.387 [pool-2-thread-3] DEBUG org.apache.http.wire -- http-outgoing-26 >> "Accept: application/json[\r][\n]"
16:40:43.387 [pool-2-thread-5] DEBUG org.apache.http.headers -- http-outgoing-27 >> Authorization: Bearer aGFzaGRzZnNkZnNkZnNkZnNk
16:40:43.387 [pool-2-thread-1] DEBUG org.apache.http.headers -- http-outgoing-29 >> Authorization: Bearer aGFzaGRzZnNkZnNkZnNkZnNk
16:40:43.387 [pool-2-thread-1] DEBUG org.apache.http.headers -- http-outgoing-29 >> Content-Type: application/json; charset=UTF-8
16:40:43.387 [pool-2-thread-2] DEBUG org.apache.http.headers -- http-outgoing-28 >> Accept: application/json
16:40:43.387 [pool-2-thread-3] DEBUG org.apache.http.wire -- http-outgoing-26 >> "Authorization: Bearer aGFzaGRzZnNkZnNkZnNkZnNk[\r][\n]"
16:40:43.387 [pool-2-thread-5] DEBUG org.apache.http.headers -- http-outgoing-27 >> Content-Type: application/json; charset=UTF-8
16:40:43.388 [pool-2-thread-1] DEBUG org.apache.http.headers -- http-outgoing-29 >> Content-Length: 51
16:40:43.388 [pool-2-thread-3] DEBUG org.apache.http.wire -- http-outgoing-26 >> "Content-Type: application/json; charset=UTF-8[\r][\n]"
16:40:43.388 [pool-2-thread-1] DEBUG org.apache.http.headers -- http-outgoing-29 >> Host: localhost:8081
16:40:43.388 [pool-2-thread-2] DEBUG org.apache.http.headers -- http-outgoing-28 >> Authorization: Bearer aGFzaGRzZnNkZnNkZnNkZnNk
16:40:43.388 [pool-2-thread-2] DEBUG org.apache.http.headers -- http-outgoing-28 >> Content-Type: application/json; charset=UTF-8
16:40:43.388 [pool-2-thread-5] DEBUG org.apache.http.headers -- http-outgoing-27 >> Content-Length: 73
16:40:43.388 [pool-2-thread-3] DEBUG org.apache.http.wire -- http-outgoing-26 >> "Content-Length: 75[\r][\n]"
16:40:43.388 [pool-2-thread-1] DEBUG org.apache.http.headers -- http-outgoing-29 >> Connection: Keep-Alive
16:40:43.388 [pool-2-thread-1] DEBUG org.apache.http.headers -- http-outgoing-29 >> User-Agent: Apache-HttpClient/4.5.14 (Java/17.0.12)
16:40:43.388 [pool-2-thread-1] DEBUG org.apache.http.headers -- http-outgoing-29 >> Accept-Encoding: gzip,deflate
16:40:43.388 [pool-2-thread-2] DEBUG org.apache.http.headers -- http-outgoing-28 >> Content-Length: 59
16:40:43.388 [pool-2-thread-5] DEBUG org.apache.http.headers -- http-outgoing-27 >> Host: localhost:8081
16:40:43.388 [pool-2-thread-5] DEBUG org.apache.http.headers -- http-outgoing-27 >> Connection: Keep-Alive
16:40:43.388 [pool-2-thread-1] DEBUG org.apache.http.wire -- http-outgoing-29 >> "PUT /api/v1/product/69a8e4b0-a892-4856-a144-a2bff12adf98/ HTTP/1.1[\r][\n]"
16:40:43.388 [pool-2-thread-1] DEBUG org.apache.http.wire -- http-outgoing-29 >> "Accept: application/json[\r][\n]"
16:40:43.388 [pool-2-thread-5] DEBUG org.apache.http.headers -- http-outgoing-27 >> User-Agent: Apache-HttpClient/4.5.14 (Java/17.0.12)
16:40:43.388 [pool-2-thread-3] DEBUG org.apache.http.wire -- http-outgoing-26 >> "Host: localhost:8081[\r][\n]"
16:40:43.388 [pool-2-thread-3] DEBUG org.apache.http.wire -- http-outgoing-26 >> "Connection: Keep-Alive[\r][\n]"
16:40:43.388 [pool-2-thread-2] DEBUG org.apache.http.headers -- http-outgoing-28 >> Host: localhost:8081
16:40:43.388 [pool-2-thread-1] DEBUG org.apache.http.wire -- http-outgoing-29 >> "Authorization: Bearer aGFzaGRzZnNkZnNkZnNkZnNk[\r][\n]"
16:40:43.388 [pool-2-thread-5] DEBUG org.apache.http.headers -- http-outgoing-27 >> Accept-Encoding: gzip,deflate
16:40:43.388 [pool-2-thread-3] DEBUG org.apache.http.wire -- http-outgoing-26 >> "User-Agent: Apache-HttpClient/4.5.14 (Java/17.0.12)[\r][\n]"
16:40:43.388 [pool-2-thread-2] DEBUG org.apache.http.headers -- http-outgoing-28 >> Connection: Keep-Alive
16:40:43.388 [pool-2-thread-3] DEBUG org.apache.http.wire -- http-outgoing-26 >> "Accept-Encoding: gzip,deflate[\r][\n]"
16:40:43.388 [pool-2-thread-3] DEBUG org.apache.http.wire -- http-outgoing-26 >> "[\r][\n]"
16:40:43.388 [pool-2-thread-5] DEBUG org.apache.http.wire -- http-outgoing-27 >> "POST /api/v1/product/ HTTP/1.1[\r][\n]"
16:40:43.388 [pool-2-thread-2] DEBUG org.apache.http.headers -- http-outgoing-28 >> User-Agent: Apache-HttpClient/4.5.14 (Java/17.0.12)
16:40:43.388 [pool-2-thread-5] DEBUG org.apache.http.wire -- http-outgoing-27 >> "Accept: application/json[\r][\n]"
16:40:43.388 [pool-2-thread-1] DEBUG org.apache.http.wire -- http-outgoing-29 >> "Content-Type: application/json; charset=UTF-8[\r][\n]"
16:40:43.388 [pool-2-thread-3] DEBUG org.apache.http.wire -- http-outgoing-26 >> "{"name":"Iphone Actualizado","description":"Marca Actualizado","price":150}"
16:40:43.388 [pool-2-thread-2] DEBUG org.apache.http.headers -- http-outgoing-28 >> Accept-Encoding: gzip,deflate
16:40:43.388 [pool-2-thread-5] DEBUG org.apache.http.wire -- http-outgoing-27 >> "Authorization: Bearer aGFzaGRzZnNkZnNkZnNkZnNk[\r][\n]"
16:40:43.388 [pool-2-thread-1] DEBUG org.apache.http.wire -- http-outgoing-29 >> "Content-Length: 51[\r][\n]"
16:40:43.388 [pool-2-thread-1] DEBUG org.apache.http.wire -- http-outgoing-29 >> "Host: localhost:8081[\r][\n]"
16:40:43.388 [pool-2-thread-1] DEBUG org.apache.http.wire -- http-outgoing-29 >> "Connection: Keep-Alive[\r][\n]"
16:40:43.388 [pool-2-thread-5] DEBUG org.apache.http.wire -- http-outgoing-27 >> "Content-Type: application/json; charset=UTF-8[\r][\n]"
16:40:43.388 [pool-2-thread-1] DEBUG org.apache.http.wire -- http-outgoing-29 >> "User-Agent: Apache-HttpClient/4.5.14 (Java/17.0.12)[\r][\n]"
16:40:43.388 [pool-2-thread-2] DEBUG org.apache.http.wire -- http-outgoing-28 >> "PUT /api/v1/product/48163b93-e84b-432a-b2fd-bf894716d9ff/ HTTP/1.1[\r][\n]"
16:40:43.388 [pool-2-thread-5] DEBUG org.apache.http.wire -- http-outgoing-27 >> "Content-Length: 73[\r][\n]"
16:40:43.388 [pool-2-thread-1] DEBUG org.apache.http.wire -- http-outgoing-29 >> "Accept-Encoding: gzip,deflate[\r][\n]"
16:40:43.389 [pool-2-thread-1] DEBUG org.apache.http.wire -- http-outgoing-29 >> "[\r][\n]"
16:40:43.389 [pool-2-thread-2] DEBUG org.apache.http.wire -- http-outgoing-28 >> "Accept: application/json[\r][\n]"
16:40:43.389 [pool-2-thread-5] DEBUG org.apache.http.wire -- http-outgoing-27 >> "Host: localhost:8081[\r][\n]"
16:40:43.389 [pool-2-thread-1] DEBUG org.apache.http.wire -- http-outgoing-29 >> "{"name":"Iphone20","description":"Celular moderno"}"
16:40:43.389 [pool-2-thread-2] DEBUG org.apache.http.wire -- http-outgoing-28 >> "Authorization: Bearer aGFzaGRzZnNkZnNkZnNkZnNk[\r][\n]"
16:40:43.389 [pool-2-thread-5] DEBUG org.apache.http.wire -- http-outgoing-27 >> "Connection: Keep-Alive[\r][\n]"
16:40:43.389 [pool-2-thread-2] DEBUG org.apache.http.wire -- http-outgoing-28 >> "Content-Type: application/json; charset=UTF-8[\r][\n]"
16:40:43.389 [pool-2-thread-5] DEBUG org.apache.http.wire -- http-outgoing-27 >> "User-Agent: Apache-HttpClient/4.5.14 (Java/17.0.12)[\r][\n]"
16:40:43.389 [pool-2-thread-2] DEBUG org.apache.http.wire -- http-outgoing-28 >> "Content-Length: 59[\r][\n]"
16:40:43.389 [pool-2-thread-5] DEBUG org.apache.http.wire -- http-outgoing-27 >> "Accept-Encoding: gzip,deflate[\r][\n]"
16:40:43.389 [pool-2-thread-5] DEBUG org.apache.http.wire -- http-outgoing-27 >> "[\r][\n]"
16:40:43.389 [pool-2-thread-2] DEBUG org.apache.http.wire -- http-outgoing-28 >> "Host: localhost:8081[\r][\n]"
16:40:43.389 [pool-2-thread-2] DEBUG org.apache.http.wire -- http-outgoing-28 >> "Connection: Keep-Alive[\r][\n]"
16:40:43.389 [pool-2-thread-5] DEBUG org.apache.http.wire -- http-outgoing-27 >> "{"name":"Iphone2050","description":"Prueba de duplicaci[0xc3][0xb3]n","price":2000}"
16:40:43.389 [pool-2-thread-2] DEBUG org.apache.http.wire -- http-outgoing-28 >> "User-Agent: Apache-HttpClient/4.5.14 (Java/17.0.12)[\r][\n]"
16:40:43.389 [pool-2-thread-2] DEBUG org.apache.http.wire -- http-outgoing-28 >> "Accept-Encoding: gzip,deflate[\r][\n]"
16:40:43.389 [pool-2-thread-2] DEBUG org.apache.http.wire -- http-outgoing-28 >> "[\r][\n]"
16:40:43.389 [pool-2-thread-2] DEBUG org.apache.http.wire -- http-outgoing-28 >> "{"name":"Huawei","description":"Marca Huawei","price":2500}"
16:40:43.392 [pool-2-thread-5] DEBUG org.apache.http.wire -- http-outgoing-27 << "HTTP/1.1 201 [\r][\n]"
16:40:43.393 [pool-2-thread-5] DEBUG org.apache.http.wire -- http-outgoing-27 << "Content-Type: application/json[\r][\n]"
16:40:43.393 [pool-2-thread-5] DEBUG org.apache.http.wire -- http-outgoing-27 << "Transfer-Encoding: chunked[\r][\n]"
16:40:43.393 [pool-2-thread-5] DEBUG org.apache.http.wire -- http-outgoing-27 << "Date: Wed, 09 Oct 2024 21:40:43 GMT[\r][\n]"
16:40:43.393 [pool-2-thread-5] DEBUG org.apache.http.wire -- http-outgoing-27 << "Keep-Alive: timeout=60[\r][\n]"
16:40:43.393 [pool-2-thread-5] DEBUG org.apache.http.wire -- http-outgoing-27 << "Connection: keep-alive[\r][\n]"
16:40:43.393 [pool-2-thread-5] DEBUG org.apache.http.wire -- http-outgoing-27 << "[\r][\n]"
16:40:43.393 [pool-2-thread-5] DEBUG org.apache.http.wire -- http-outgoing-27 << "6b[\r][\n]"
16:40:43.393 [pool-2-thread-5] DEBUG org.apache.http.wire -- http-outgoing-27 << "{"sku":"94b7be02-3d98-420b-87ad-fdd309803d39","status":true,"message":"El producto fue creado con [0xc3][0xa9]xito!"}[\r][\n]"
16:40:43.393 [pool-2-thread-5] DEBUG org.apache.http.wire -- http-outgoing-27 << "0[\r][\n]"
16:40:43.393 [pool-2-thread-5] DEBUG org.apache.http.wire -- http-outgoing-27 << "[\r][\n]"
16:40:43.393 [pool-2-thread-5] DEBUG org.apache.http.headers -- http-outgoing-27 << HTTP/1.1 201 
16:40:43.393 [pool-2-thread-5] DEBUG org.apache.http.headers -- http-outgoing-27 << Content-Type: application/json
16:40:43.393 [pool-2-thread-5] DEBUG org.apache.http.headers -- http-outgoing-27 << Transfer-Encoding: chunked
16:40:43.393 [pool-2-thread-5] DEBUG org.apache.http.headers -- http-outgoing-27 << Date: Wed, 09 Oct 2024 21:40:43 GMT
16:40:43.393 [pool-2-thread-5] DEBUG org.apache.http.headers -- http-outgoing-27 << Keep-Alive: timeout=60
16:40:43.393 [pool-2-thread-5] DEBUG org.apache.http.headers -- http-outgoing-27 << Connection: keep-alive
16:40:43.393 [pool-2-thread-5] DEBUG org.apache.http.impl.execchain.MainClientExec -- Connection can be kept alive for 60000 MILLISECONDS
16:40:43.394 [pool-2-thread-1] DEBUG org.apache.http.wire -- http-outgoing-29 << "HTTP/1.1 400 [\r][\n]"
16:40:43.394 [pool-2-thread-1] DEBUG org.apache.http.wire -- http-outgoing-29 << "Content-Type: application/json[\r][\n]"
16:40:43.394 [pool-2-thread-1] DEBUG org.apache.http.wire -- http-outgoing-29 << "Transfer-Encoding: chunked[\r][\n]"
16:40:43.394 [pool-2-thread-1] DEBUG org.apache.http.wire -- http-outgoing-29 << "Date: Wed, 09 Oct 2024 21:40:43 GMT[\r][\n]"
16:40:43.394 [pool-2-thread-1] DEBUG org.apache.http.wire -- http-outgoing-29 << "Connection: close[\r][\n]"
16:40:43.394 [pool-2-thread-1] DEBUG org.apache.http.wire -- http-outgoing-29 << "[\r][\n]"
16:40:43.394 [pool-2-thread-1] DEBUG org.apache.http.wire -- http-outgoing-29 << "75[\r][\n]"
16:40:43.394 [pool-2-thread-5] DEBUG org.apache.http.impl.conn.PoolingHttpClientConnectionManager -- Connection [id: 26][route: {}->http://localhost:8081] can be kept alive for 60.0 seconds
16:40:43.394 [pool-2-thread-1] DEBUG org.apache.http.wire -- http-outgoing-29 << "{"sku":"69a8e4b0-a892-4856-a144-a2bff12adf98","status":false,"message":"El precio del producto no fue proporcionado"}[\r][\n]"
16:40:43.394 [pool-2-thread-5] DEBUG org.apache.http.impl.conn.DefaultManagedHttpClientConnection -- http-outgoing-27: set socket timeout to 0
16:40:43.394 [pool-2-thread-1] DEBUG org.apache.http.headers -- http-outgoing-29 << HTTP/1.1 400 
16:40:43.394 [pool-2-thread-5] DEBUG org.apache.http.impl.conn.PoolingHttpClientConnectionManager -- Connection released: [id: 26][route: {}->http://localhost:8081][total available: 1; route allocated: 1 of 5; total allocated: 1 of 10]
16:40:43.394 [pool-2-thread-1] DEBUG org.apache.http.headers -- http-outgoing-29 << Content-Type: application/json
16:40:43.394 [pool-2-thread-1] DEBUG org.apache.http.headers -- http-outgoing-29 << Transfer-Encoding: chunked
16:40:43.394 [pool-2-thread-1] DEBUG org.apache.http.headers -- http-outgoing-29 << Date: Wed, 09 Oct 2024 21:40:43 GMT
16:40:43.394 [pool-2-thread-1] DEBUG org.apache.http.headers -- http-outgoing-29 << Connection: close
16:40:43.394 [pool-2-thread-5] DEBUG org.apache.http.impl.conn.PoolingHttpClientConnectionManager -- Connection manager is shutting down
16:40:43.394 [pool-2-thread-5] DEBUG org.apache.http.impl.conn.DefaultManagedHttpClientConnection -- http-outgoing-27: Close connection
16:40:43.394 [pool-2-thread-5] DEBUG org.apache.http.impl.conn.PoolingHttpClientConnectionManager -- Connection manager shut down
16:40:43.395 [pool-2-thread-1] DEBUG org.apache.http.wire -- http-outgoing-29 << "0[\r][\n]"
16:40:43.395 [pool-2-thread-5] DEBUG com.intuit.karate -- response time in milliseconds: 10
2 < 201
2 < Content-Type: application/json
2 < Transfer-Encoding: chunked
2 < Date: Wed, 09 Oct 2024 21:40:43 GMT
2 < Keep-Alive: timeout=60
2 < Connection: keep-alive
{"sku":"94b7be02-3d98-420b-87ad-fdd309803d39","status":true,"message":"El producto fue creado con éxito!"}

16:40:43.395 [pool-2-thread-1] DEBUG org.apache.http.wire -- http-outgoing-29 << "[\r][\n]"
16:40:43.395 [pool-2-thread-1] DEBUG org.apache.http.impl.conn.DefaultManagedHttpClientConnection -- http-outgoing-29: Close connection
16:40:43.395 [pool-2-thread-2] DEBUG org.apache.http.wire -- http-outgoing-28 << "HTTP/1.1 200 [\r][\n]"
16:40:43.395 [pool-2-thread-2] DEBUG org.apache.http.wire -- http-outgoing-28 << "Content-Type: application/json[\r][\n]"
16:40:43.395 [pool-2-thread-2] DEBUG org.apache.http.wire -- http-outgoing-28 << "Transfer-Encoding: chunked[\r][\n]"
16:40:43.395 [pool-2-thread-2] DEBUG org.apache.http.wire -- http-outgoing-28 << "Date: Wed, 09 Oct 2024 21:40:43 GMT[\r][\n]"
16:40:43.395 [pool-2-thread-2] DEBUG org.apache.http.wire -- http-outgoing-28 << "Keep-Alive: timeout=60[\r][\n]"
16:40:43.395 [pool-2-thread-2] DEBUG org.apache.http.wire -- http-outgoing-28 << "Connection: keep-alive[\r][\n]"
16:40:43.395 [pool-2-thread-3] DEBUG org.apache.http.wire -- http-outgoing-26 << "HTTP/1.1 200 [\r][\n]"
16:40:43.395 [pool-2-thread-1] DEBUG org.apache.http.impl.execchain.MainClientExec -- Connection discarded
16:40:43.395 [pool-2-thread-2] DEBUG org.apache.http.wire -- http-outgoing-28 << "[\r][\n]"
16:40:43.395 [pool-2-thread-2] DEBUG org.apache.http.wire -- http-outgoing-28 << "6f[\r][\n]"
16:40:43.395 [pool-2-thread-1] DEBUG org.apache.http.impl.conn.PoolingHttpClientConnectionManager -- Connection released: [id: 28][route: {}->http://localhost:8081][total available: 0; route allocated: 0 of 5; total allocated: 0 of 10]
16:40:43.395 [pool-2-thread-3] DEBUG org.apache.http.wire -- http-outgoing-26 << "Content-Type: application/json[\r][\n]"
16:40:43.395 [pool-2-thread-3] DEBUG org.apache.http.wire -- http-outgoing-26 << "Transfer-Encoding: chunked[\r][\n]"
16:40:43.395 [pool-2-thread-3] DEBUG org.apache.http.wire -- http-outgoing-26 << "Date: Wed, 09 Oct 2024 21:40:43 GMT[\r][\n]"
16:40:43.395 [pool-2-thread-1] DEBUG org.apache.http.impl.conn.PoolingHttpClientConnectionManager -- Connection manager is shutting down
16:40:43.395 [pool-2-thread-2] DEBUG org.apache.http.wire -- http-outgoing-28 << "{"sku":"48163b93-e84b-432a-b2fd-bf894716d9ff","status":true,"message":"El producto fue actualizado con [0xc3][0xa9]xito"}[\r][\n]"
16:40:43.395 [pool-2-thread-3] DEBUG org.apache.http.wire -- http-outgoing-26 << "Keep-Alive: timeout=60[\r][\n]"
16:40:43.395 [pool-2-thread-3] DEBUG org.apache.http.wire -- http-outgoing-26 << "Connection: keep-alive[\r][\n]"
16:40:43.395 [pool-2-thread-1] DEBUG org.apache.http.impl.conn.PoolingHttpClientConnectionManager -- Connection manager shut down
16:40:43.395 [pool-2-thread-3] DEBUG org.apache.http.wire -- http-outgoing-26 << "[\r][\n]"
16:40:43.395 [pool-2-thread-3] DEBUG org.apache.http.wire -- http-outgoing-26 << "6f[\r][\n]"
16:40:43.396 [pool-2-thread-3] DEBUG org.apache.http.wire -- http-outgoing-26 << "{"sku":"a9bad3fd-e01f-46a1-9e7d-6e88fc4aab55","status":true,"message":"El producto fue actualizado con [0xc3][0xa9]xito"}[\r][\n]"
16:40:43.396 [pool-2-thread-2] DEBUG org.apache.http.headers -- http-outgoing-28 << HTTP/1.1 200 
16:40:43.396 [pool-2-thread-2] DEBUG org.apache.http.headers -- http-outgoing-28 << Content-Type: application/json
16:40:43.396 [pool-2-thread-2] DEBUG org.apache.http.headers -- http-outgoing-28 << Transfer-Encoding: chunked
16:40:43.396 [pool-2-thread-2] DEBUG org.apache.http.headers -- http-outgoing-28 << Date: Wed, 09 Oct 2024 21:40:43 GMT
16:40:43.396 [pool-2-thread-2] DEBUG org.apache.http.headers -- http-outgoing-28 << Keep-Alive: timeout=60
16:40:43.396 [pool-2-thread-3] DEBUG org.apache.http.headers -- http-outgoing-26 << HTTP/1.1 200 
16:40:43.396 [pool-2-thread-3] DEBUG org.apache.http.headers -- http-outgoing-26 << Content-Type: application/json
16:40:43.396 [pool-2-thread-3] DEBUG org.apache.http.headers -- http-outgoing-26 << Transfer-Encoding: chunked
16:40:43.396 [pool-2-thread-3] DEBUG org.apache.http.headers -- http-outgoing-26 << Date: Wed, 09 Oct 2024 21:40:43 GMT
16:40:43.396 [pool-2-thread-3] DEBUG org.apache.http.headers -- http-outgoing-26 << Keep-Alive: timeout=60
16:40:43.396 [pool-2-thread-3] DEBUG org.apache.http.headers -- http-outgoing-26 << Connection: keep-alive
16:40:43.396 [pool-2-thread-1] DEBUG com.intuit.karate -- response time in milliseconds: 11
2 < 400
2 < Content-Type: application/json
2 < Transfer-Encoding: chunked
2 < Date: Wed, 09 Oct 2024 21:40:43 GMT
2 < Connection: close
{"sku":"69a8e4b0-a892-4856-a144-a2bff12adf98","status":false,"message":"El precio del producto no fue proporcionado"}

16:40:43.396 [pool-2-thread-2] DEBUG org.apache.http.headers -- http-outgoing-28 << Connection: keep-alive
16:40:43.396 [pool-2-thread-3] DEBUG org.apache.http.impl.execchain.MainClientExec -- Connection can be kept alive for 60000 MILLISECONDS
16:40:43.396 [pool-2-thread-2] DEBUG org.apache.http.impl.execchain.MainClientExec -- Connection can be kept alive for 60000 MILLISECONDS
16:40:43.396 [pool-2-thread-3] DEBUG org.apache.http.wire -- http-outgoing-26 << "0[\r][\n]"
16:40:43.396 [pool-2-thread-3] DEBUG org.apache.http.wire -- http-outgoing-26 << "[\r][\n]"
16:40:43.396 [pool-2-thread-2] DEBUG org.apache.http.wire -- http-outgoing-28 << "0[\r][\n]"
16:40:43.396 [pool-2-thread-2] DEBUG org.apache.http.wire -- http-outgoing-28 << "[\r][\n]"
16:40:43.396 [pool-2-thread-3] DEBUG org.apache.http.impl.conn.PoolingHttpClientConnectionManager -- Connection [id: 27][route: {}->http://localhost:8081] can be kept alive for 60.0 seconds
16:40:43.396 [pool-2-thread-3] DEBUG org.apache.http.impl.conn.DefaultManagedHttpClientConnection -- http-outgoing-26: set socket timeout to 0
16:40:43.396 [pool-2-thread-2] DEBUG org.apache.http.impl.conn.PoolingHttpClientConnectionManager -- Connection [id: 29][route: {}->http://localhost:8081] can be kept alive for 60.0 seconds
16:40:43.396 [pool-2-thread-2] DEBUG org.apache.http.impl.conn.DefaultManagedHttpClientConnection -- http-outgoing-28: set socket timeout to 0
16:40:43.396 [pool-2-thread-3] DEBUG org.apache.http.impl.conn.PoolingHttpClientConnectionManager -- Connection released: [id: 27][route: {}->http://localhost:8081][total available: 1; route allocated: 1 of 5; total allocated: 1 of 10]
16:40:43.396 [pool-2-thread-3] DEBUG org.apache.http.impl.conn.PoolingHttpClientConnectionManager -- Connection manager is shutting down
16:40:43.396 [pool-2-thread-2] DEBUG org.apache.http.impl.conn.PoolingHttpClientConnectionManager -- Connection released: [id: 29][route: {}->http://localhost:8081][total available: 1; route allocated: 1 of 5; total allocated: 1 of 10]
16:40:43.396 [pool-2-thread-3] DEBUG org.apache.http.impl.conn.DefaultManagedHttpClientConnection -- http-outgoing-26: Close connection
16:40:43.396 [pool-2-thread-2] DEBUG org.apache.http.impl.conn.PoolingHttpClientConnectionManager -- Connection manager is shutting down
16:40:43.396 [pool-2-thread-2] DEBUG org.apache.http.impl.conn.DefaultManagedHttpClientConnection -- http-outgoing-28: Close connection
16:40:43.396 [pool-2-thread-2] DEBUG org.apache.http.impl.conn.PoolingHttpClientConnectionManager -- Connection manager shut down
16:40:43.396 [pool-2-thread-3] DEBUG org.apache.http.impl.conn.PoolingHttpClientConnectionManager -- Connection manager shut down
16:40:43.396 [pool-2-thread-2] DEBUG com.intuit.karate -- response time in milliseconds: 12
2 < 200
2 < Content-Type: application/json
2 < Transfer-Encoding: chunked
2 < Date: Wed, 09 Oct 2024 21:40:43 GMT
2 < Keep-Alive: timeout=60
2 < Connection: keep-alive
{"sku":"48163b93-e84b-432a-b2fd-bf894716d9ff","status":true,"message":"El producto fue actualizado con éxito"}

16:40:43.396 [pool-2-thread-3] DEBUG com.intuit.karate -- response time in milliseconds: 12
2 < 200
2 < Content-Type: application/json
2 < Transfer-Encoding: chunked
2 < Date: Wed, 09 Oct 2024 21:40:43 GMT
2 < Keep-Alive: timeout=60
2 < Connection: keep-alive
{"sku":"a9bad3fd-e01f-46a1-9e7d-6e88fc4aab55","status":true,"message":"El producto fue actualizado con éxito"}

16:40:43.398 [pool-2-thread-4] DEBUG com.jayway.jsonpath.internal.path.CompiledPath -- Evaluating path: $
16:40:43.398 [pool-2-thread-1] DEBUG com.jayway.jsonpath.internal.path.CompiledPath -- Evaluating path: $
16:40:43.400 [pool-2-thread-5] INFO com.intuit.karate -- [print] b5b4e8f5-e385-4af2-b2af-ecc90497c09a 
16:40:43.401 [pool-2-thread-4] DEBUG org.apache.http.client.protocol.RequestAddCookies -- CookieSpec selected: karate
16:40:43.401 [pool-2-thread-3] DEBUG com.jayway.jsonpath.internal.path.CompiledPath -- Evaluating path: $
16:40:43.401 [pool-2-thread-4] DEBUG org.apache.http.client.protocol.RequestAuthCache -- Auth cache not set in the context
16:40:43.401 [pool-2-thread-4] DEBUG com.intuit.karate -- request:
1 > POST http://localhost:8081/api/v1/product/
1 > Accept: application/json
1 > Authorization: Bearer aGFzaGRzZnNkZnNkZnNkZnNk
1 > Content-Type: application/json; charset=UTF-8
1 > Content-Length: 51
1 > Host: localhost:8081
1 > Connection: Keep-Alive
1 > User-Agent: Apache-HttpClient/4.5.14 (Java/17.0.12)
1 > Accept-Encoding: gzip,deflate
{"name":"","description":"Telefono01","price":1000}

16:40:43.401 [pool-2-thread-4] DEBUG org.apache.http.impl.conn.PoolingHttpClientConnectionManager -- Connection request: [route: {}->http://localhost:8081][total available: 0; route allocated: 0 of 5; total allocated: 0 of 10]
16:40:43.401 [pool-2-thread-4] DEBUG org.apache.http.impl.conn.PoolingHttpClientConnectionManager -- Connection leased: [id: 30][route: {}->http://localhost:8081][total available: 0; route allocated: 1 of 5; total allocated: 1 of 10]
16:40:43.401 [pool-2-thread-4] DEBUG org.apache.http.impl.execchain.MainClientExec -- Opening connection {}->http://localhost:8081
16:40:43.402 [pool-2-thread-4] DEBUG org.apache.http.impl.conn.DefaultHttpClientConnectionOperator -- Connecting to localhost/127.0.0.1:8081
16:40:43.402 [pool-2-thread-5] DEBUG com.jayway.jsonpath.internal.path.CompiledPath -- Evaluating path: $
16:40:43.402 [pool-2-thread-2] DEBUG com.jayway.jsonpath.internal.path.CompiledPath -- Evaluating path: $
16:40:43.403 [pool-2-thread-4] DEBUG org.apache.http.impl.conn.DefaultHttpClientConnectionOperator -- Connection established 127.0.0.1:49549<->127.0.0.1:8081
16:40:43.403 [pool-2-thread-4] DEBUG org.apache.http.impl.conn.DefaultManagedHttpClientConnection -- http-outgoing-30: set socket timeout to 30000
16:40:43.404 [pool-2-thread-4] DEBUG org.apache.http.impl.execchain.MainClientExec -- Executing request POST /api/v1/product/ HTTP/1.1
16:40:43.404 [pool-2-thread-4] DEBUG org.apache.http.impl.execchain.MainClientExec -- Proxy auth state: UNCHALLENGED
16:40:43.404 [pool-2-thread-4] DEBUG org.apache.http.headers -- http-outgoing-30 >> POST /api/v1/product/ HTTP/1.1
16:40:43.404 [pool-2-thread-4] DEBUG org.apache.http.headers -- http-outgoing-30 >> Accept: application/json
16:40:43.404 [pool-2-thread-4] DEBUG org.apache.http.headers -- http-outgoing-30 >> Authorization: Bearer aGFzaGRzZnNkZnNkZnNkZnNk
16:40:43.404 [pool-2-thread-4] DEBUG org.apache.http.headers -- http-outgoing-30 >> Content-Type: application/json; charset=UTF-8
16:40:43.404 [pool-2-thread-4] DEBUG org.apache.http.headers -- http-outgoing-30 >> Content-Length: 51
16:40:43.404 [pool-2-thread-4] DEBUG org.apache.http.headers -- http-outgoing-30 >> Host: localhost:8081
16:40:43.404 [pool-2-thread-4] DEBUG org.apache.http.headers -- http-outgoing-30 >> Connection: Keep-Alive
16:40:43.404 [pool-2-thread-4] DEBUG org.apache.http.headers -- http-outgoing-30 >> User-Agent: Apache-HttpClient/4.5.14 (Java/17.0.12)
16:40:43.404 [pool-2-thread-4] DEBUG org.apache.http.headers -- http-outgoing-30 >> Accept-Encoding: gzip,deflate
16:40:43.404 [pool-2-thread-4] DEBUG org.apache.http.wire -- http-outgoing-30 >> "POST /api/v1/product/ HTTP/1.1[\r][\n]"
16:40:43.404 [pool-2-thread-4] DEBUG org.apache.http.wire -- http-outgoing-30 >> "Accept: application/json[\r][\n]"
16:40:43.404 [pool-2-thread-4] DEBUG org.apache.http.wire -- http-outgoing-30 >> "Authorization: Bearer aGFzaGRzZnNkZnNkZnNkZnNk[\r][\n]"
16:40:43.404 [pool-2-thread-4] DEBUG org.apache.http.wire -- http-outgoing-30 >> "Content-Type: application/json; charset=UTF-8[\r][\n]"
16:40:43.404 [pool-2-thread-4] DEBUG org.apache.http.wire -- http-outgoing-30 >> "Content-Length: 51[\r][\n]"
16:40:43.404 [pool-2-thread-4] DEBUG org.apache.http.wire -- http-outgoing-30 >> "Host: localhost:8081[\r][\n]"
16:40:43.404 [pool-2-thread-4] DEBUG org.apache.http.wire -- http-outgoing-30 >> "Connection: Keep-Alive[\r][\n]"
16:40:43.404 [pool-2-thread-4] DEBUG org.apache.http.wire -- http-outgoing-30 >> "User-Agent: Apache-HttpClient/4.5.14 (Java/17.0.12)[\r][\n]"
16:40:43.404 [pool-2-thread-4] DEBUG org.apache.http.wire -- http-outgoing-30 >> "Accept-Encoding: gzip,deflate[\r][\n]"
16:40:43.404 [pool-2-thread-4] DEBUG org.apache.http.wire -- http-outgoing-30 >> "[\r][\n]"
16:40:43.404 [pool-2-thread-4] DEBUG org.apache.http.wire -- http-outgoing-30 >> "{"name":"","description":"Telefono01","price":1000}"
16:40:43.405 [pool-2-thread-5] DEBUG org.apache.http.client.protocol.RequestAddCookies -- CookieSpec selected: karate
16:40:43.405 [pool-2-thread-5] DEBUG org.apache.http.client.protocol.RequestAuthCache -- Auth cache not set in the context
16:40:43.407 [pool-2-thread-5] DEBUG com.intuit.karate -- request:
3 > PUT http://localhost:8081/api/v1/product/b5b4e8f5-e385-4af2-b2af-ecc90497c09a/
3 > Accept: application/json
3 > Content-Type: application/json; charset=UTF-8
3 > Content-Length: 73
3 > Host: localhost:8081
3 > Connection: Keep-Alive
3 > User-Agent: Apache-HttpClient/4.5.14 (Java/17.0.12)
3 > Accept-Encoding: gzip,deflate
{"name":"Iphone2050","description":"Prueba de duplicación","price":1500}

16:40:43.407 [pool-2-thread-5] DEBUG org.apache.http.impl.conn.PoolingHttpClientConnectionManager -- Connection request: [route: {}->http://localhost:8081][total available: 0; route allocated: 0 of 5; total allocated: 0 of 10]
16:40:43.407 [pool-2-thread-5] DEBUG org.apache.http.impl.conn.PoolingHttpClientConnectionManager -- Connection leased: [id: 31][route: {}->http://localhost:8081][total available: 0; route allocated: 1 of 5; total allocated: 1 of 10]
16:40:43.407 [pool-2-thread-5] DEBUG org.apache.http.impl.execchain.MainClientExec -- Opening connection {}->http://localhost:8081
16:40:43.407 [pool-2-thread-5] DEBUG org.apache.http.impl.conn.DefaultHttpClientConnectionOperator -- Connecting to localhost/127.0.0.1:8081
16:40:43.408 [pool-2-thread-4] DEBUG org.apache.http.wire -- http-outgoing-30 << "HTTP/1.1 400 [\r][\n]"
16:40:43.408 [pool-2-thread-4] DEBUG org.apache.http.wire -- http-outgoing-30 << "Content-Type: application/json[\r][\n]"
16:40:43.408 [pool-2-thread-4] DEBUG org.apache.http.wire -- http-outgoing-30 << "Transfer-Encoding: chunked[\r][\n]"
16:40:43.408 [pool-2-thread-4] DEBUG org.apache.http.wire -- http-outgoing-30 << "Date: Wed, 09 Oct 2024 21:40:43 GMT[\r][\n]"
16:40:43.408 [pool-2-thread-4] DEBUG org.apache.http.wire -- http-outgoing-30 << "Connection: close[\r][\n]"
16:40:43.408 [pool-2-thread-4] DEBUG org.apache.http.wire -- http-outgoing-30 << "[\r][\n]"
16:40:43.408 [pool-2-thread-4] DEBUG org.apache.http.wire -- http-outgoing-30 << "51[\r][\n]"
16:40:43.408 [pool-2-thread-4] DEBUG org.apache.http.wire -- http-outgoing-30 << "{"sku":"","status":false,"message":"El nombre del producto no fue proporcionado"}[\r][\n]"
16:40:43.408 [pool-2-thread-4] DEBUG org.apache.http.headers -- http-outgoing-30 << HTTP/1.1 400 
16:40:43.408 [pool-2-thread-4] DEBUG org.apache.http.headers -- http-outgoing-30 << Content-Type: application/json
16:40:43.408 [pool-2-thread-4] DEBUG org.apache.http.headers -- http-outgoing-30 << Transfer-Encoding: chunked
16:40:43.408 [pool-2-thread-4] DEBUG org.apache.http.headers -- http-outgoing-30 << Date: Wed, 09 Oct 2024 21:40:43 GMT
16:40:43.408 [pool-2-thread-4] DEBUG org.apache.http.headers -- http-outgoing-30 << Connection: close
16:40:43.408 [pool-2-thread-4] DEBUG org.apache.http.wire -- http-outgoing-30 << "0[\r][\n]"
16:40:43.408 [pool-2-thread-4] DEBUG org.apache.http.wire -- http-outgoing-30 << "[\r][\n]"
16:40:43.408 [pool-2-thread-4] DEBUG org.apache.http.impl.conn.DefaultManagedHttpClientConnection -- http-outgoing-30: Close connection
16:40:43.408 [pool-2-thread-5] DEBUG org.apache.http.impl.conn.DefaultHttpClientConnectionOperator -- Connection established 127.0.0.1:49550<->127.0.0.1:8081
16:40:43.409 [pool-2-thread-1] DEBUG com.jayway.jsonpath.internal.path.CompiledPath -- Evaluating path: $
16:40:43.409 [pool-2-thread-5] DEBUG org.apache.http.impl.conn.DefaultManagedHttpClientConnection -- http-outgoing-31: set socket timeout to 30000
16:40:43.409 [pool-2-thread-4] DEBUG org.apache.http.impl.execchain.MainClientExec -- Connection discarded
16:40:43.409 [pool-2-thread-4] DEBUG org.apache.http.impl.conn.PoolingHttpClientConnectionManager -- Connection released: [id: 30][route: {}->http://localhost:8081][total available: 0; route allocated: 0 of 5; total allocated: 0 of 10]
16:40:43.409 [pool-2-thread-5] DEBUG org.apache.http.impl.execchain.MainClientExec -- Executing request PUT /api/v1/product/b5b4e8f5-e385-4af2-b2af-ecc90497c09a/ HTTP/1.1
16:40:43.409 [pool-2-thread-4] DEBUG org.apache.http.impl.conn.PoolingHttpClientConnectionManager -- Connection manager is shutting down
16:40:43.409 [pool-2-thread-4] DEBUG org.apache.http.impl.conn.PoolingHttpClientConnectionManager -- Connection manager shut down
16:40:43.409 [pool-2-thread-5] DEBUG org.apache.http.impl.execchain.MainClientExec -- Target auth state: UNCHALLENGED
16:40:43.409 [pool-2-thread-5] DEBUG org.apache.http.impl.execchain.MainClientExec -- Proxy auth state: UNCHALLENGED
16:40:43.409 [pool-2-thread-4] DEBUG com.intuit.karate -- response time in milliseconds: 8
1 < 400
1 < Content-Type: application/json
1 < Transfer-Encoding: chunked
1 < Date: Wed, 09 Oct 2024 21:40:43 GMT
1 < Connection: close
{"sku":"","status":false,"message":"El nombre del producto no fue proporcionado"}

16:40:43.409 [pool-2-thread-5] DEBUG org.apache.http.headers -- http-outgoing-31 >> PUT /api/v1/product/b5b4e8f5-e385-4af2-b2af-ecc90497c09a/ HTTP/1.1
16:40:43.409 [pool-2-thread-5] DEBUG org.apache.http.headers -- http-outgoing-31 >> Accept: application/json
16:40:43.409 [pool-2-thread-5] DEBUG org.apache.http.headers -- http-outgoing-31 >> Content-Type: application/json; charset=UTF-8
16:40:43.409 [pool-2-thread-5] DEBUG org.apache.http.headers -- http-outgoing-31 >> Content-Length: 73
16:40:43.410 [pool-2-thread-5] DEBUG org.apache.http.headers -- http-outgoing-31 >> Host: localhost:8081
16:40:43.410 [pool-2-thread-5] DEBUG org.apache.http.headers -- http-outgoing-31 >> Connection: Keep-Alive
16:40:43.410 [pool-2-thread-5] DEBUG org.apache.http.headers -- http-outgoing-31 >> User-Agent: Apache-HttpClient/4.5.14 (Java/17.0.12)
16:40:43.410 [pool-2-thread-5] DEBUG org.apache.http.headers -- http-outgoing-31 >> Accept-Encoding: gzip,deflate
16:40:43.410 [pool-2-thread-5] DEBUG org.apache.http.wire -- http-outgoing-31 >> "PUT /api/v1/product/b5b4e8f5-e385-4af2-b2af-ecc90497c09a/ HTTP/1.1[\r][\n]"
16:40:43.410 [pool-2-thread-5] DEBUG org.apache.http.wire -- http-outgoing-31 >> "Accept: application/json[\r][\n]"
16:40:43.410 [pool-2-thread-5] DEBUG org.apache.http.wire -- http-outgoing-31 >> "Content-Type: application/json; charset=UTF-8[\r][\n]"
16:40:43.410 [pool-2-thread-5] DEBUG org.apache.http.wire -- http-outgoing-31 >> "Content-Length: 73[\r][\n]"
16:40:43.410 [pool-2-thread-5] DEBUG org.apache.http.wire -- http-outgoing-31 >> "Host: localhost:8081[\r][\n]"
16:40:43.410 [pool-2-thread-5] DEBUG org.apache.http.wire -- http-outgoing-31 >> "Connection: Keep-Alive[\r][\n]"
16:40:43.410 [pool-2-thread-5] DEBUG org.apache.http.wire -- http-outgoing-31 >> "User-Agent: Apache-HttpClient/4.5.14 (Java/17.0.12)[\r][\n]"
16:40:43.410 [pool-2-thread-5] DEBUG org.apache.http.wire -- http-outgoing-31 >> "Accept-Encoding: gzip,deflate[\r][\n]"
16:40:43.410 [pool-2-thread-5] DEBUG org.apache.http.wire -- http-outgoing-31 >> "[\r][\n]"
16:40:43.410 [pool-2-thread-5] DEBUG org.apache.http.wire -- http-outgoing-31 >> "{"name":"Iphone2050","description":"Prueba de duplicaci[0xc3][0xb3]n","price":1500}"
16:40:43.412 [pool-2-thread-1] DEBUG org.apache.http.client.protocol.RequestAddCookies -- CookieSpec selected: karate
16:40:43.413 [pool-2-thread-3] DEBUG com.jayway.jsonpath.internal.path.CompiledPath -- Evaluating path: $
16:40:43.413 [pool-2-thread-1] DEBUG org.apache.http.client.protocol.RequestAuthCache -- Auth cache not set in the context
16:40:43.413 [pool-2-thread-1] DEBUG com.intuit.karate -- request:
1 > POST http://localhost:8081/api/v1/product/
1 > Accept: application/json
1 > Authorization: Bearer aGFzaGRzZnNkZnNkZnNkZnNk
1 > Content-Type: application/json; charset=UTF-8
1 > Content-Length: 58
1 > Host: localhost:8081
1 > Connection: Keep-Alive
1 > User-Agent: Apache-HttpClient/4.5.14 (Java/17.0.12)
1 > Accept-Encoding: gzip,deflate
{"name":"","description":"Telefono Alta gama","price":500}

16:40:43.413 [pool-2-thread-4] DEBUG com.jayway.jsonpath.internal.path.CompiledPath -- Evaluating path: $
16:40:43.413 [pool-2-thread-1] DEBUG org.apache.http.impl.conn.PoolingHttpClientConnectionManager -- Connection request: [route: {}->http://localhost:8081][total available: 0; route allocated: 0 of 5; total allocated: 0 of 10]
16:40:43.413 [pool-2-thread-1] DEBUG org.apache.http.impl.conn.PoolingHttpClientConnectionManager -- Connection leased: [id: 32][route: {}->http://localhost:8081][total available: 0; route allocated: 1 of 5; total allocated: 1 of 10]
16:40:43.413 [pool-2-thread-1] DEBUG org.apache.http.impl.execchain.MainClientExec -- Opening connection {}->http://localhost:8081
16:40:43.414 [pool-2-thread-1] DEBUG org.apache.http.impl.conn.DefaultHttpClientConnectionOperator -- Connecting to localhost/127.0.0.1:8081
16:40:43.414 [pool-2-thread-2] DEBUG com.jayway.jsonpath.internal.path.CompiledPath -- Evaluating path: $
16:40:43.415 [pool-2-thread-1] DEBUG org.apache.http.impl.conn.DefaultHttpClientConnectionOperator -- Connection established 127.0.0.1:49551<->127.0.0.1:8081
16:40:43.415 [pool-2-thread-1] DEBUG org.apache.http.impl.conn.DefaultManagedHttpClientConnection -- http-outgoing-32: set socket timeout to 30000
16:40:43.415 [pool-2-thread-1] DEBUG org.apache.http.impl.execchain.MainClientExec -- Executing request POST /api/v1/product/ HTTP/1.1
16:40:43.415 [pool-2-thread-1] DEBUG org.apache.http.impl.execchain.MainClientExec -- Proxy auth state: UNCHALLENGED
16:40:43.415 [pool-2-thread-1] DEBUG org.apache.http.headers -- http-outgoing-32 >> POST /api/v1/product/ HTTP/1.1
16:40:43.415 [pool-2-thread-1] DEBUG org.apache.http.headers -- http-outgoing-32 >> Accept: application/json
16:40:43.415 [pool-2-thread-1] DEBUG org.apache.http.headers -- http-outgoing-32 >> Authorization: Bearer aGFzaGRzZnNkZnNkZnNkZnNk
16:40:43.415 [pool-2-thread-1] DEBUG org.apache.http.headers -- http-outgoing-32 >> Content-Type: application/json; charset=UTF-8
16:40:43.415 [pool-2-thread-1] DEBUG org.apache.http.headers -- http-outgoing-32 >> Content-Length: 58
16:40:43.415 [pool-2-thread-1] DEBUG org.apache.http.headers -- http-outgoing-32 >> Host: localhost:8081
16:40:43.415 [pool-2-thread-1] DEBUG org.apache.http.headers -- http-outgoing-32 >> Connection: Keep-Alive
16:40:43.415 [pool-2-thread-1] DEBUG org.apache.http.headers -- http-outgoing-32 >> User-Agent: Apache-HttpClient/4.5.14 (Java/17.0.12)
16:40:43.415 [pool-2-thread-1] DEBUG org.apache.http.headers -- http-outgoing-32 >> Accept-Encoding: gzip,deflate
16:40:43.415 [pool-2-thread-1] DEBUG org.apache.http.wire -- http-outgoing-32 >> "POST /api/v1/product/ HTTP/1.1[\r][\n]"
16:40:43.415 [pool-2-thread-1] DEBUG org.apache.http.wire -- http-outgoing-32 >> "Accept: application/json[\r][\n]"
16:40:43.415 [pool-2-thread-1] DEBUG org.apache.http.wire -- http-outgoing-32 >> "Authorization: Bearer aGFzaGRzZnNkZnNkZnNkZnNk[\r][\n]"
16:40:43.415 [pool-2-thread-1] DEBUG org.apache.http.wire -- http-outgoing-32 >> "Content-Type: application/json; charset=UTF-8[\r][\n]"
16:40:43.415 [pool-2-thread-1] DEBUG org.apache.http.wire -- http-outgoing-32 >> "Content-Length: 58[\r][\n]"
16:40:43.415 [pool-2-thread-1] DEBUG org.apache.http.wire -- http-outgoing-32 >> "Host: localhost:8081[\r][\n]"
16:40:43.415 [pool-2-thread-1] DEBUG org.apache.http.wire -- http-outgoing-32 >> "Connection: Keep-Alive[\r][\n]"
16:40:43.415 [pool-2-thread-1] DEBUG org.apache.http.wire -- http-outgoing-32 >> "User-Agent: Apache-HttpClient/4.5.14 (Java/17.0.12)[\r][\n]"
16:40:43.415 [pool-2-thread-1] DEBUG org.apache.http.wire -- http-outgoing-32 >> "Accept-Encoding: gzip,deflate[\r][\n]"
16:40:43.415 [pool-2-thread-1] DEBUG org.apache.http.wire -- http-outgoing-32 >> "[\r][\n]"
16:40:43.415 [pool-2-thread-1] DEBUG org.apache.http.wire -- http-outgoing-32 >> "{"name":"","description":"Telefono Alta gama","price":500}"
16:40:43.415 [pool-2-thread-3] DEBUG org.apache.http.client.protocol.RequestAddCookies -- CookieSpec selected: karate
16:40:43.416 [pool-2-thread-3] DEBUG org.apache.http.client.protocol.RequestAuthCache -- Auth cache not set in the context
16:40:43.416 [pool-2-thread-3] DEBUG com.intuit.karate -- request:
1 > POST http://localhost:8081/api/v1/product/
1 > Accept: application/json
1 > Authorization: Bearer aGFzaGRzZnNkZnNkZnNkZnNk
1 > Content-Type: application/json; charset=UTF-8
1 > Content-Length: 64
1 > Host: localhost:8081
1 > Connection: Keep-Alive
1 > User-Agent: Apache-HttpClient/4.5.14 (Java/17.0.12)
1 > Accept-Encoding: gzip,deflate
{"name":"Iphone 2024","description":"Duplicado 1","price":"mil"}

16:40:43.416 [pool-2-thread-3] DEBUG org.apache.http.impl.conn.PoolingHttpClientConnectionManager -- Connection request: [route: {}->http://localhost:8081][total available: 0; route allocated: 0 of 5; total allocated: 0 of 10]
16:40:43.416 [pool-2-thread-5] DEBUG org.apache.http.wire -- http-outgoing-31 << "HTTP/1.1 400 [\r][\n]"
16:40:43.416 [pool-2-thread-5] DEBUG org.apache.http.wire -- http-outgoing-31 << "Content-Type: application/json[\r][\n]"
16:40:43.416 [pool-2-thread-5] DEBUG org.apache.http.wire -- http-outgoing-31 << "Transfer-Encoding: chunked[\r][\n]"
16:40:43.416 [pool-2-thread-3] DEBUG org.apache.http.impl.conn.PoolingHttpClientConnectionManager -- Connection leased: [id: 33][route: {}->http://localhost:8081][total available: 0; route allocated: 1 of 5; total allocated: 1 of 10]
16:40:43.416 [pool-2-thread-5] DEBUG org.apache.http.wire -- http-outgoing-31 << "Date: Wed, 09 Oct 2024 21:40:43 GMT[\r][\n]"
16:40:43.416 [pool-2-thread-5] DEBUG org.apache.http.wire -- http-outgoing-31 << "Connection: close[\r][\n]"
16:40:43.416 [pool-2-thread-5] DEBUG org.apache.http.wire -- http-outgoing-31 << "[\r][\n]"
16:40:43.416 [pool-2-thread-3] DEBUG org.apache.http.impl.execchain.MainClientExec -- Opening connection {}->http://localhost:8081
16:40:43.416 [pool-2-thread-5] DEBUG org.apache.http.wire -- http-outgoing-31 << "67[\r][\n]"
16:40:43.416 [pool-2-thread-5] DEBUG org.apache.http.wire -- http-outgoing-31 << "{"sku":"b5b4e8f5-e385-4af2-b2af-ecc90497c09a","status":false,"message":"El producto no fue encontrado"}[\r][\n]"
16:40:43.416 [pool-2-thread-5] DEBUG org.apache.http.headers -- http-outgoing-31 << HTTP/1.1 400 
16:40:43.416 [pool-2-thread-5] DEBUG org.apache.http.headers -- http-outgoing-31 << Content-Type: application/json
16:40:43.416 [pool-2-thread-5] DEBUG org.apache.http.headers -- http-outgoing-31 << Transfer-Encoding: chunked
16:40:43.416 [pool-2-thread-5] DEBUG org.apache.http.headers -- http-outgoing-31 << Date: Wed, 09 Oct 2024 21:40:43 GMT
16:40:43.416 [pool-2-thread-5] DEBUG org.apache.http.headers -- http-outgoing-31 << Connection: close
16:40:43.416 [pool-2-thread-3] DEBUG org.apache.http.impl.conn.DefaultHttpClientConnectionOperator -- Connecting to localhost/127.0.0.1:8081
16:40:43.418 [pool-2-thread-5] DEBUG org.apache.http.wire -- http-outgoing-31 << "0[\r][\n]"
16:40:43.418 [pool-2-thread-5] DEBUG org.apache.http.wire -- http-outgoing-31 << "[\r][\n]"
16:40:43.418 [pool-2-thread-5] DEBUG org.apache.http.impl.conn.DefaultManagedHttpClientConnection -- http-outgoing-31: Close connection
16:40:43.418 [pool-2-thread-2] DEBUG org.apache.http.client.protocol.RequestAddCookies -- CookieSpec selected: karate
16:40:43.419 [pool-2-thread-5] DEBUG org.apache.http.impl.execchain.MainClientExec -- Connection discarded
16:40:43.419 [pool-2-thread-2] DEBUG org.apache.http.client.protocol.RequestAuthCache -- Auth cache not set in the context
16:40:43.419 [pool-2-thread-5] DEBUG org.apache.http.impl.conn.PoolingHttpClientConnectionManager -- Connection released: [id: 31][route: {}->http://localhost:8081][total available: 0; route allocated: 0 of 5; total allocated: 0 of 10]
16:40:43.419 [pool-2-thread-3] DEBUG org.apache.http.impl.conn.DefaultHttpClientConnectionOperator -- Connection established 127.0.0.1:49552<->127.0.0.1:8081
16:40:43.419 [pool-2-thread-5] DEBUG org.apache.http.impl.conn.PoolingHttpClientConnectionManager -- Connection manager is shutting down
16:40:43.419 [pool-2-thread-2] DEBUG com.intuit.karate -- request:
1 > POST http://localhost:8081/api/v1/product/
1 > Accept: application/json
1 > Authorization: Bearer aGFzaGRzZnNkZnNkZnNkZnNk
1 > Content-Type: application/json; charset=UTF-8
1 > Content-Length: 64
1 > Host: localhost:8081
1 > Connection: Keep-Alive
1 > User-Agent: Apache-HttpClient/4.5.14 (Java/17.0.12)
1 > Accept-Encoding: gzip,deflate
{"name":"Iphone 2024","description":"Duplicado 2","price":"mil"}

16:40:43.419 [pool-2-thread-3] DEBUG org.apache.http.impl.conn.DefaultManagedHttpClientConnection -- http-outgoing-33: set socket timeout to 30000
16:40:43.419 [pool-2-thread-5] DEBUG org.apache.http.impl.conn.PoolingHttpClientConnectionManager -- Connection manager shut down
16:40:43.419 [pool-2-thread-3] DEBUG org.apache.http.impl.execchain.MainClientExec -- Executing request POST /api/v1/product/ HTTP/1.1
16:40:43.419 [pool-2-thread-3] DEBUG org.apache.http.impl.execchain.MainClientExec -- Proxy auth state: UNCHALLENGED
16:40:43.419 [pool-2-thread-2] DEBUG org.apache.http.impl.conn.PoolingHttpClientConnectionManager -- Connection request: [route: {}->http://localhost:8081][total available: 0; route allocated: 0 of 5; total allocated: 0 of 10]
16:40:43.419 [pool-2-thread-5] DEBUG com.intuit.karate -- response time in milliseconds: 12
3 < 400
3 < Content-Type: application/json
3 < Transfer-Encoding: chunked
3 < Date: Wed, 09 Oct 2024 21:40:43 GMT
3 < Connection: close
{"sku":"b5b4e8f5-e385-4af2-b2af-ecc90497c09a","status":false,"message":"El producto no fue encontrado"}

16:40:43.419 [pool-2-thread-3] DEBUG org.apache.http.headers -- http-outgoing-33 >> POST /api/v1/product/ HTTP/1.1
16:40:43.419 [pool-2-thread-3] DEBUG org.apache.http.headers -- http-outgoing-33 >> Accept: application/json
16:40:43.419 [pool-2-thread-3] DEBUG org.apache.http.headers -- http-outgoing-33 >> Authorization: Bearer aGFzaGRzZnNkZnNkZnNkZnNk
16:40:43.419 [pool-2-thread-3] DEBUG org.apache.http.headers -- http-outgoing-33 >> Content-Type: application/json; charset=UTF-8
16:40:43.419 [pool-2-thread-3] DEBUG org.apache.http.headers -- http-outgoing-33 >> Content-Length: 64
16:40:43.419 [pool-2-thread-3] DEBUG org.apache.http.headers -- http-outgoing-33 >> Host: localhost:8081
16:40:43.419 [pool-2-thread-3] DEBUG org.apache.http.headers -- http-outgoing-33 >> Connection: Keep-Alive
16:40:43.419 [pool-2-thread-2] DEBUG org.apache.http.impl.conn.PoolingHttpClientConnectionManager -- Connection leased: [id: 34][route: {}->http://localhost:8081][total available: 0; route allocated: 1 of 5; total allocated: 1 of 10]
16:40:43.419 [pool-2-thread-3] DEBUG org.apache.http.headers -- http-outgoing-33 >> User-Agent: Apache-HttpClient/4.5.14 (Java/17.0.12)
16:40:43.419 [pool-2-thread-2] DEBUG org.apache.http.impl.execchain.MainClientExec -- Opening connection {}->http://localhost:8081
16:40:43.419 [pool-2-thread-3] DEBUG org.apache.http.headers -- http-outgoing-33 >> Accept-Encoding: gzip,deflate
16:40:43.419 [pool-2-thread-3] DEBUG org.apache.http.wire -- http-outgoing-33 >> "POST /api/v1/product/ HTTP/1.1[\r][\n]"
16:40:43.419 [pool-2-thread-3] DEBUG org.apache.http.wire -- http-outgoing-33 >> "Accept: application/json[\r][\n]"
16:40:43.419 [pool-2-thread-3] DEBUG org.apache.http.wire -- http-outgoing-33 >> "Authorization: Bearer aGFzaGRzZnNkZnNkZnNkZnNk[\r][\n]"
16:40:43.419 [pool-2-thread-3] DEBUG org.apache.http.wire -- http-outgoing-33 >> "Content-Type: application/json; charset=UTF-8[\r][\n]"
16:40:43.419 [pool-2-thread-3] DEBUG org.apache.http.wire -- http-outgoing-33 >> "Content-Length: 64[\r][\n]"
16:40:43.419 [pool-2-thread-3] DEBUG org.apache.http.wire -- http-outgoing-33 >> "Host: localhost:8081[\r][\n]"
16:40:43.419 [pool-2-thread-3] DEBUG org.apache.http.wire -- http-outgoing-33 >> "Connection: Keep-Alive[\r][\n]"
16:40:43.420 [pool-2-thread-2] DEBUG org.apache.http.impl.conn.DefaultHttpClientConnectionOperator -- Connecting to localhost/127.0.0.1:8081
16:40:43.420 [pool-2-thread-3] DEBUG org.apache.http.wire -- http-outgoing-33 >> "User-Agent: Apache-HttpClient/4.5.14 (Java/17.0.12)[\r][\n]"
16:40:43.420 [pool-2-thread-1] DEBUG org.apache.http.wire -- http-outgoing-32 << "HTTP/1.1 400 [\r][\n]"
16:40:43.420 [pool-2-thread-3] DEBUG org.apache.http.wire -- http-outgoing-33 >> "Accept-Encoding: gzip,deflate[\r][\n]"
16:40:43.420 [pool-2-thread-1] DEBUG org.apache.http.wire -- http-outgoing-32 << "Content-Type: application/json[\r][\n]"
16:40:43.420 [pool-2-thread-3] DEBUG org.apache.http.wire -- http-outgoing-33 >> "[\r][\n]"
16:40:43.420 [pool-2-thread-1] DEBUG org.apache.http.wire -- http-outgoing-32 << "Transfer-Encoding: chunked[\r][\n]"
16:40:43.420 [pool-2-thread-1] DEBUG org.apache.http.wire -- http-outgoing-32 << "Date: Wed, 09 Oct 2024 21:40:43 GMT[\r][\n]"
16:40:43.420 [pool-2-thread-1] DEBUG org.apache.http.wire -- http-outgoing-32 << "Connection: close[\r][\n]"
16:40:43.420 [pool-2-thread-1] DEBUG org.apache.http.wire -- http-outgoing-32 << "[\r][\n]"
16:40:43.420 [pool-2-thread-3] DEBUG org.apache.http.wire -- http-outgoing-33 >> "{"name":"Iphone 2024","description":"Duplicado 1","price":"mil"}"
16:40:43.420 [pool-2-thread-1] DEBUG org.apache.http.wire -- http-outgoing-32 << "51[\r][\n]"
16:40:43.420 [pool-2-thread-1] DEBUG org.apache.http.wire -- http-outgoing-32 << "{"sku":"","status":false,"message":"El nombre del producto no fue proporcionado"}[\r][\n]"
16:40:43.420 [pool-2-thread-1] DEBUG org.apache.http.headers -- http-outgoing-32 << HTTP/1.1 400 
16:40:43.420 [pool-2-thread-1] DEBUG org.apache.http.headers -- http-outgoing-32 << Content-Type: application/json
16:40:43.420 [pool-2-thread-1] DEBUG org.apache.http.headers -- http-outgoing-32 << Transfer-Encoding: chunked
16:40:43.420 [pool-2-thread-1] DEBUG org.apache.http.headers -- http-outgoing-32 << Date: Wed, 09 Oct 2024 21:40:43 GMT
16:40:43.420 [pool-2-thread-1] DEBUG org.apache.http.headers -- http-outgoing-32 << Connection: close
16:40:43.420 [pool-2-thread-1] DEBUG org.apache.http.wire -- http-outgoing-32 << "0[\r][\n]"
16:40:43.420 [pool-2-thread-1] DEBUG org.apache.http.wire -- http-outgoing-32 << "[\r][\n]"
16:40:43.420 [pool-2-thread-1] DEBUG org.apache.http.impl.conn.DefaultManagedHttpClientConnection -- http-outgoing-32: Close connection
16:40:43.420 [pool-2-thread-2] DEBUG org.apache.http.impl.conn.DefaultHttpClientConnectionOperator -- Connection established 127.0.0.1:49553<->127.0.0.1:8081
16:40:43.420 [pool-2-thread-2] DEBUG org.apache.http.impl.conn.DefaultManagedHttpClientConnection -- http-outgoing-34: set socket timeout to 30000
16:40:43.420 [pool-2-thread-2] DEBUG org.apache.http.impl.execchain.MainClientExec -- Executing request POST /api/v1/product/ HTTP/1.1
16:40:43.420 [pool-2-thread-2] DEBUG org.apache.http.impl.execchain.MainClientExec -- Proxy auth state: UNCHALLENGED
16:40:43.420 [pool-2-thread-1] DEBUG org.apache.http.impl.execchain.MainClientExec -- Connection discarded
16:40:43.420 [pool-2-thread-1] DEBUG org.apache.http.impl.conn.PoolingHttpClientConnectionManager -- Connection released: [id: 32][route: {}->http://localhost:8081][total available: 0; route allocated: 0 of 5; total allocated: 0 of 10]
16:40:43.420 [pool-2-thread-2] DEBUG org.apache.http.headers -- http-outgoing-34 >> POST /api/v1/product/ HTTP/1.1
16:40:43.420 [pool-2-thread-1] DEBUG org.apache.http.impl.conn.PoolingHttpClientConnectionManager -- Connection manager is shutting down
16:40:43.420 [pool-2-thread-2] DEBUG org.apache.http.headers -- http-outgoing-34 >> Accept: application/json
16:40:43.420 [pool-2-thread-2] DEBUG org.apache.http.headers -- http-outgoing-34 >> Authorization: Bearer aGFzaGRzZnNkZnNkZnNkZnNk
16:40:43.420 [pool-2-thread-2] DEBUG org.apache.http.headers -- http-outgoing-34 >> Content-Type: application/json; charset=UTF-8
16:40:43.420 [pool-2-thread-2] DEBUG org.apache.http.headers -- http-outgoing-34 >> Content-Length: 64
16:40:43.420 [pool-2-thread-2] DEBUG org.apache.http.headers -- http-outgoing-34 >> Host: localhost:8081
16:40:43.420 [pool-2-thread-2] DEBUG org.apache.http.headers -- http-outgoing-34 >> Connection: Keep-Alive
16:40:43.420 [pool-2-thread-1] DEBUG org.apache.http.impl.conn.PoolingHttpClientConnectionManager -- Connection manager shut down
16:40:43.420 [pool-2-thread-2] DEBUG org.apache.http.headers -- http-outgoing-34 >> User-Agent: Apache-HttpClient/4.5.14 (Java/17.0.12)
16:40:43.420 [pool-2-thread-2] DEBUG org.apache.http.headers -- http-outgoing-34 >> Accept-Encoding: gzip,deflate
16:40:43.420 [pool-2-thread-2] DEBUG org.apache.http.wire -- http-outgoing-34 >> "POST /api/v1/product/ HTTP/1.1[\r][\n]"
16:40:43.420 [pool-2-thread-2] DEBUG org.apache.http.wire -- http-outgoing-34 >> "Accept: application/json[\r][\n]"
16:40:43.420 [pool-2-thread-2] DEBUG org.apache.http.wire -- http-outgoing-34 >> "Authorization: Bearer aGFzaGRzZnNkZnNkZnNkZnNk[\r][\n]"
16:40:43.420 [pool-2-thread-1] DEBUG com.intuit.karate -- response time in milliseconds: 7
1 < 400
1 < Content-Type: application/json
1 < Transfer-Encoding: chunked
1 < Date: Wed, 09 Oct 2024 21:40:43 GMT
1 < Connection: close
{"sku":"","status":false,"message":"El nombre del producto no fue proporcionado"}

16:40:43.421 [pool-2-thread-2] DEBUG org.apache.http.wire -- http-outgoing-34 >> "Content-Type: application/json; charset=UTF-8[\r][\n]"
16:40:43.421 [pool-2-thread-2] DEBUG org.apache.http.wire -- http-outgoing-34 >> "Content-Length: 64[\r][\n]"
16:40:43.421 [pool-2-thread-5] DEBUG com.jayway.jsonpath.internal.path.CompiledPath -- Evaluating path: $
16:40:43.421 [pool-2-thread-2] DEBUG org.apache.http.wire -- http-outgoing-34 >> "Host: localhost:8081[\r][\n]"
16:40:43.421 [pool-2-thread-2] DEBUG org.apache.http.wire -- http-outgoing-34 >> "Connection: Keep-Alive[\r][\n]"
16:40:43.421 [pool-2-thread-2] DEBUG org.apache.http.wire -- http-outgoing-34 >> "User-Agent: Apache-HttpClient/4.5.14 (Java/17.0.12)[\r][\n]"
16:40:43.421 [pool-2-thread-2] DEBUG org.apache.http.wire -- http-outgoing-34 >> "Accept-Encoding: gzip,deflate[\r][\n]"
16:40:43.421 [pool-2-thread-2] DEBUG org.apache.http.wire -- http-outgoing-34 >> "[\r][\n]"
16:40:43.421 [pool-2-thread-2] DEBUG org.apache.http.wire -- http-outgoing-34 >> "{"name":"Iphone 2024","description":"Duplicado 2","price":"mil"}"
16:40:43.422 [pool-2-thread-4] DEBUG com.jayway.jsonpath.internal.path.CompiledPath -- Evaluating path: $
16:40:43.424 [pool-2-thread-3] DEBUG org.apache.http.wire -- http-outgoing-33 << "HTTP/1.1 400 [\r][\n]"
16:40:43.424 [pool-2-thread-3] DEBUG org.apache.http.wire -- http-outgoing-33 << "Content-Type: application/json[\r][\n]"
16:40:43.424 [pool-2-thread-2] DEBUG org.apache.http.wire -- http-outgoing-34 << "HTTP/1.1 400 [\r][\n]"
16:40:43.424 [pool-2-thread-3] DEBUG org.apache.http.wire -- http-outgoing-33 << "Transfer-Encoding: chunked[\r][\n]"
16:40:43.424 [pool-2-thread-2] DEBUG org.apache.http.wire -- http-outgoing-34 << "Content-Type: application/json[\r][\n]"
16:40:43.424 [pool-2-thread-2] DEBUG org.apache.http.wire -- http-outgoing-34 << "Transfer-Encoding: chunked[\r][\n]"
16:40:43.424 [pool-2-thread-2] DEBUG org.apache.http.wire -- http-outgoing-34 << "Date: Wed, 09 Oct 2024 21:40:43 GMT[\r][\n]"
16:40:43.424 [pool-2-thread-2] DEBUG org.apache.http.wire -- http-outgoing-34 << "Connection: close[\r][\n]"
16:40:43.424 [pool-2-thread-3] DEBUG org.apache.http.wire -- http-outgoing-33 << "Date: Wed, 09 Oct 2024 21:40:43 GMT[\r][\n]"
16:40:43.424 [pool-2-thread-2] DEBUG org.apache.http.wire -- http-outgoing-34 << "[\r][\n]"
16:40:43.424 [pool-2-thread-3] DEBUG org.apache.http.wire -- http-outgoing-33 << "Connection: close[\r][\n]"
16:40:43.424 [pool-2-thread-2] DEBUG org.apache.http.wire -- http-outgoing-34 << "6a[\r][\n]"
16:40:43.424 [pool-2-thread-3] DEBUG org.apache.http.wire -- http-outgoing-33 << "[\r][\n]"
16:40:43.424 [pool-2-thread-1] DEBUG com.jayway.jsonpath.internal.path.CompiledPath -- Evaluating path: $
16:40:43.424 [pool-2-thread-2] DEBUG org.apache.http.wire -- http-outgoing-34 << "{"timestamp":"2024-10-09T21:40:43.424+00:00","status":400,"error":"Bad Request","path":"/api/v1/product/"}[\r][\n]"
16:40:43.424 [pool-2-thread-3] DEBUG org.apache.http.wire -- http-outgoing-33 << "6a[\r][\n]"
16:40:43.424 [pool-2-thread-3] DEBUG org.apache.http.wire -- http-outgoing-33 << "{"timestamp":"2024-10-09T21:40:43.423+00:00","status":400,"error":"Bad Request","path":"/api/v1/product/"}[\r][\n]"
16:40:43.426 [pool-2-thread-2] DEBUG org.apache.http.headers -- http-outgoing-34 << HTTP/1.1 400 
16:40:43.426 [pool-2-thread-3] DEBUG org.apache.http.headers -- http-outgoing-33 << HTTP/1.1 400 
16:40:43.426 [pool-2-thread-2] DEBUG org.apache.http.headers -- http-outgoing-34 << Content-Type: application/json
16:40:43.426 [pool-2-thread-3] DEBUG org.apache.http.headers -- http-outgoing-33 << Content-Type: application/json
16:40:43.426 [pool-2-thread-3] DEBUG org.apache.http.headers -- http-outgoing-33 << Transfer-Encoding: chunked
16:40:43.426 [pool-2-thread-3] DEBUG org.apache.http.headers -- http-outgoing-33 << Date: Wed, 09 Oct 2024 21:40:43 GMT
16:40:43.426 [pool-2-thread-3] DEBUG org.apache.http.headers -- http-outgoing-33 << Connection: close
16:40:43.426 [pool-2-thread-2] DEBUG org.apache.http.headers -- http-outgoing-34 << Transfer-Encoding: chunked
16:40:43.426 [pool-2-thread-2] DEBUG org.apache.http.headers -- http-outgoing-34 << Date: Wed, 09 Oct 2024 21:40:43 GMT
16:40:43.426 [pool-2-thread-2] DEBUG org.apache.http.headers -- http-outgoing-34 << Connection: close
16:40:43.426 [pool-2-thread-2] DEBUG org.apache.http.wire -- http-outgoing-34 << "0[\r][\n]"
16:40:43.426 [pool-2-thread-3] DEBUG org.apache.http.wire -- http-outgoing-33 << "0[\r][\n]"
16:40:43.426 [pool-2-thread-2] DEBUG org.apache.http.wire -- http-outgoing-34 << "[\r][\n]"
16:40:43.426 [pool-2-thread-3] DEBUG org.apache.http.wire -- http-outgoing-33 << "[\r][\n]"
16:40:43.426 [pool-2-thread-3] DEBUG org.apache.http.impl.conn.DefaultManagedHttpClientConnection -- http-outgoing-33: Close connection
16:40:43.426 [pool-2-thread-2] DEBUG org.apache.http.impl.conn.DefaultManagedHttpClientConnection -- http-outgoing-34: Close connection
16:40:43.426 [pool-2-thread-3] DEBUG org.apache.http.impl.execchain.MainClientExec -- Connection discarded
16:40:43.426 [pool-2-thread-2] DEBUG org.apache.http.impl.execchain.MainClientExec -- Connection discarded
16:40:43.426 [pool-2-thread-3] DEBUG org.apache.http.impl.conn.PoolingHttpClientConnectionManager -- Connection released: [id: 33][route: {}->http://localhost:8081][total available: 0; route allocated: 0 of 5; total allocated: 0 of 10]
16:40:43.426 [pool-2-thread-2] DEBUG org.apache.http.impl.conn.PoolingHttpClientConnectionManager -- Connection released: [id: 34][route: {}->http://localhost:8081][total available: 0; route allocated: 0 of 5; total allocated: 0 of 10]
16:40:43.427 [pool-2-thread-2] DEBUG org.apache.http.impl.conn.PoolingHttpClientConnectionManager -- Connection manager is shutting down
16:40:43.427 [pool-2-thread-3] DEBUG org.apache.http.impl.conn.PoolingHttpClientConnectionManager -- Connection manager is shutting down
16:40:43.427 [pool-2-thread-4] DEBUG org.apache.http.client.protocol.RequestAddCookies -- CookieSpec selected: karate
16:40:43.427 [pool-2-thread-2] DEBUG org.apache.http.impl.conn.PoolingHttpClientConnectionManager -- Connection manager shut down
16:40:43.427 [pool-2-thread-3] DEBUG org.apache.http.impl.conn.PoolingHttpClientConnectionManager -- Connection manager shut down
16:40:43.427 [pool-2-thread-4] DEBUG org.apache.http.client.protocol.RequestAuthCache -- Auth cache not set in the context
16:40:43.427 [pool-2-thread-2] DEBUG com.intuit.karate -- response time in milliseconds: 8
1 < 400
1 < Content-Type: application/json
1 < Transfer-Encoding: chunked
1 < Date: Wed, 09 Oct 2024 21:40:43 GMT
1 < Connection: close
{"timestamp":"2024-10-09T21:40:43.424+00:00","status":400,"error":"Bad Request","path":"/api/v1/product/"}

16:40:43.427 [pool-2-thread-4] DEBUG com.intuit.karate -- request:
1 > POST http://localhost:8081/api/v1/product/
1 > Accept: application/json
1 > Authorization: Bearer token_invalido
1 > Content-Type: application/json; charset=UTF-8
1 > Content-Length: 58
1 > Host: localhost:8081
1 > Connection: Keep-Alive
1 > User-Agent: Apache-HttpClient/4.5.14 (Java/17.0.12)
1 > Accept-Encoding: gzip,deflate
{"name":"Xiaomi","description":"Descripción","price":100}

16:40:43.427 [pool-2-thread-3] DEBUG com.intuit.karate -- response time in milliseconds: 11
1 < 400
1 < Content-Type: application/json
1 < Transfer-Encoding: chunked
1 < Date: Wed, 09 Oct 2024 21:40:43 GMT
1 < Connection: close
{"timestamp":"2024-10-09T21:40:43.423+00:00","status":400,"error":"Bad Request","path":"/api/v1/product/"}

16:40:43.427 [pool-2-thread-4] DEBUG org.apache.http.impl.conn.PoolingHttpClientConnectionManager -- Connection request: [route: {}->http://localhost:8081][total available: 0; route allocated: 0 of 5; total allocated: 0 of 10]
16:40:43.427 [pool-2-thread-4] DEBUG org.apache.http.impl.conn.PoolingHttpClientConnectionManager -- Connection leased: [id: 35][route: {}->http://localhost:8081][total available: 0; route allocated: 1 of 5; total allocated: 1 of 10]
16:40:43.427 [pool-2-thread-4] DEBUG org.apache.http.impl.execchain.MainClientExec -- Opening connection {}->http://localhost:8081
16:40:43.428 [pool-2-thread-4] DEBUG org.apache.http.impl.conn.DefaultHttpClientConnectionOperator -- Connecting to localhost/127.0.0.1:8081
16:40:43.429 [pool-2-thread-4] DEBUG org.apache.http.impl.conn.DefaultHttpClientConnectionOperator -- Connection established 127.0.0.1:49554<->127.0.0.1:8081
16:40:43.429 [pool-2-thread-4] DEBUG org.apache.http.impl.conn.DefaultManagedHttpClientConnection -- http-outgoing-35: set socket timeout to 30000
16:40:43.429 [pool-2-thread-4] DEBUG org.apache.http.impl.execchain.MainClientExec -- Executing request POST /api/v1/product/ HTTP/1.1
16:40:43.429 [pool-2-thread-4] DEBUG org.apache.http.impl.execchain.MainClientExec -- Proxy auth state: UNCHALLENGED
16:40:43.429 [pool-2-thread-4] DEBUG org.apache.http.headers -- http-outgoing-35 >> POST /api/v1/product/ HTTP/1.1
16:40:43.429 [pool-2-thread-4] DEBUG org.apache.http.headers -- http-outgoing-35 >> Accept: application/json
16:40:43.429 [pool-2-thread-4] DEBUG org.apache.http.headers -- http-outgoing-35 >> Authorization: Bearer token_invalido
16:40:43.429 [pool-2-thread-4] DEBUG org.apache.http.headers -- http-outgoing-35 >> Content-Type: application/json; charset=UTF-8
16:40:43.429 [pool-2-thread-4] DEBUG org.apache.http.headers -- http-outgoing-35 >> Content-Length: 58
16:40:43.429 [pool-2-thread-4] DEBUG org.apache.http.headers -- http-outgoing-35 >> Host: localhost:8081
16:40:43.429 [pool-2-thread-4] DEBUG org.apache.http.headers -- http-outgoing-35 >> Connection: Keep-Alive
16:40:43.429 [pool-2-thread-4] DEBUG org.apache.http.headers -- http-outgoing-35 >> User-Agent: Apache-HttpClient/4.5.14 (Java/17.0.12)
16:40:43.429 [pool-2-thread-4] DEBUG org.apache.http.headers -- http-outgoing-35 >> Accept-Encoding: gzip,deflate
16:40:43.429 [pool-2-thread-4] DEBUG org.apache.http.wire -- http-outgoing-35 >> "POST /api/v1/product/ HTTP/1.1[\r][\n]"
16:40:43.429 [pool-2-thread-4] DEBUG org.apache.http.wire -- http-outgoing-35 >> "Accept: application/json[\r][\n]"
16:40:43.429 [pool-2-thread-4] DEBUG org.apache.http.wire -- http-outgoing-35 >> "Authorization: Bearer token_invalido[\r][\n]"
16:40:43.429 [pool-2-thread-4] DEBUG org.apache.http.wire -- http-outgoing-35 >> "Content-Type: application/json; charset=UTF-8[\r][\n]"
16:40:43.429 [pool-2-thread-4] DEBUG org.apache.http.wire -- http-outgoing-35 >> "Content-Length: 58[\r][\n]"
16:40:43.429 [pool-2-thread-4] DEBUG org.apache.http.wire -- http-outgoing-35 >> "Host: localhost:8081[\r][\n]"
16:40:43.429 [pool-2-thread-4] DEBUG org.apache.http.wire -- http-outgoing-35 >> "Connection: Keep-Alive[\r][\n]"
16:40:43.429 [pool-2-thread-4] DEBUG org.apache.http.wire -- http-outgoing-35 >> "User-Agent: Apache-HttpClient/4.5.14 (Java/17.0.12)[\r][\n]"
16:40:43.429 [pool-2-thread-4] DEBUG org.apache.http.wire -- http-outgoing-35 >> "Accept-Encoding: gzip,deflate[\r][\n]"
16:40:43.429 [pool-2-thread-4] DEBUG org.apache.http.wire -- http-outgoing-35 >> "[\r][\n]"
16:40:43.429 [pool-2-thread-4] DEBUG org.apache.http.wire -- http-outgoing-35 >> "{"name":"Xiaomi","description":"Descripci[0xc3][0xb3]n","price":100}"
16:40:43.433 [pool-2-thread-4] DEBUG org.apache.http.wire -- http-outgoing-35 << "HTTP/1.1 400 [\r][\n]"
16:40:43.433 [pool-2-thread-4] DEBUG org.apache.http.wire -- http-outgoing-35 << "Content-Type: application/json[\r][\n]"
16:40:43.433 [pool-2-thread-4] DEBUG org.apache.http.wire -- http-outgoing-35 << "Transfer-Encoding: chunked[\r][\n]"
16:40:43.433 [pool-2-thread-4] DEBUG org.apache.http.wire -- http-outgoing-35 << "Date: Wed, 09 Oct 2024 21:40:43 GMT[\r][\n]"
16:40:43.433 [pool-2-thread-4] DEBUG org.apache.http.wire -- http-outgoing-35 << "Connection: close[\r][\n]"
16:40:43.433 [pool-2-thread-4] DEBUG org.apache.http.wire -- http-outgoing-35 << "[\r][\n]"
16:40:43.433 [pool-2-thread-4] DEBUG org.apache.http.wire -- http-outgoing-35 << "39[\r][\n]"
16:40:43.433 [pool-2-thread-4] DEBUG org.apache.http.wire -- http-outgoing-35 << "{"sku":"","status":false,"message":"Invalid permissions"}[\r][\n]"
16:40:43.433 [pool-2-thread-4] DEBUG org.apache.http.headers -- http-outgoing-35 << HTTP/1.1 400 
16:40:43.433 [pool-2-thread-4] DEBUG org.apache.http.headers -- http-outgoing-35 << Content-Type: application/json
16:40:43.433 [pool-2-thread-4] DEBUG org.apache.http.headers -- http-outgoing-35 << Transfer-Encoding: chunked
16:40:43.433 [pool-2-thread-4] DEBUG org.apache.http.headers -- http-outgoing-35 << Date: Wed, 09 Oct 2024 21:40:43 GMT
16:40:43.433 [pool-2-thread-4] DEBUG org.apache.http.headers -- http-outgoing-35 << Connection: close
16:40:43.433 [pool-2-thread-4] DEBUG org.apache.http.wire -- http-outgoing-35 << "0[\r][\n]"
16:40:43.433 [pool-2-thread-4] DEBUG org.apache.http.wire -- http-outgoing-35 << "[\r][\n]"
16:40:43.433 [pool-2-thread-4] DEBUG org.apache.http.impl.conn.DefaultManagedHttpClientConnection -- http-outgoing-35: Close connection
16:40:43.435 [pool-2-thread-4] DEBUG org.apache.http.impl.execchain.MainClientExec -- Connection discarded
16:40:43.435 [pool-2-thread-4] DEBUG org.apache.http.impl.conn.PoolingHttpClientConnectionManager -- Connection released: [id: 35][route: {}->http://localhost:8081][total available: 0; route allocated: 0 of 5; total allocated: 0 of 10]
16:40:43.435 [pool-2-thread-4] DEBUG org.apache.http.impl.conn.PoolingHttpClientConnectionManager -- Connection manager is shutting down
16:40:43.435 [pool-2-thread-4] DEBUG org.apache.http.impl.conn.PoolingHttpClientConnectionManager -- Connection manager shut down
16:40:43.435 [pool-2-thread-4] DEBUG com.intuit.karate -- response time in milliseconds: 8
1 < 400
1 < Content-Type: application/json
1 < Transfer-Encoding: chunked
1 < Date: Wed, 09 Oct 2024 21:40:43 GMT
1 < Connection: close
{"sku":"","status":false,"message":"Invalid permissions"}

16:40:43.436 [pool-2-thread-1] DEBUG com.jayway.jsonpath.internal.path.CompiledPath -- Evaluating path: $
16:40:43.436 [pool-2-thread-5] DEBUG com.jayway.jsonpath.internal.path.CompiledPath -- Evaluating path: $
16:40:43.437 [pool-2-thread-4] DEBUG com.jayway.jsonpath.internal.path.CompiledPath -- Evaluating path: $
16:40:43.439 [pool-2-thread-5] DEBUG org.apache.http.client.protocol.RequestAddCookies -- CookieSpec selected: karate
16:40:43.439 [pool-2-thread-1] DEBUG org.apache.http.client.protocol.RequestAddCookies -- CookieSpec selected: karate
16:40:43.439 [pool-2-thread-5] DEBUG org.apache.http.client.protocol.RequestAuthCache -- Auth cache not set in the context
16:40:43.439 [pool-2-thread-1] DEBUG org.apache.http.client.protocol.RequestAuthCache -- Auth cache not set in the context
16:40:43.439 [pool-2-thread-1] DEBUG com.intuit.karate -- request:
1 > POST http://localhost:8081/api/v1/product/
1 > Accept: application/json
1 > Authorization: Bearer aGFzaGRzZnNkZnNkZnNkZnNk
1 > Content-Type: application/json; charset=UTF-8
1 > Content-Length: 50
1 > Host: localhost:8081
1 > Connection: Keep-Alive
1 > User-Agent: Apache-HttpClient/4.5.14 (Java/17.0.12)
1 > Accept-Encoding: gzip,deflate
{"name":"Producto01","description":"Descripción"}

16:40:43.439 [pool-2-thread-5] DEBUG com.intuit.karate -- request:
1 > POST http://localhost:8081/api/v1/product/
1 > Accept: application/json
1 > Authorization: Bearer aGFzaGRzZnNkZnNkZnNkZnNk
1 > Content-Type: application/json; charset=UTF-8
1 > Content-Length: 42
1 > Host: localhost:8081
1 > Connection: Keep-Alive
1 > User-Agent: Apache-HttpClient/4.5.14 (Java/17.0.12)
1 > Accept-Encoding: gzip,deflate
{"description":"Descripción","price":150}

16:40:43.439 [pool-2-thread-1] DEBUG org.apache.http.impl.conn.PoolingHttpClientConnectionManager -- Connection request: [route: {}->http://localhost:8081][total available: 0; route allocated: 0 of 5; total allocated: 0 of 10]
16:40:43.439 [pool-2-thread-5] DEBUG org.apache.http.impl.conn.PoolingHttpClientConnectionManager -- Connection request: [route: {}->http://localhost:8081][total available: 0; route allocated: 0 of 5; total allocated: 0 of 10]
16:40:43.439 [pool-2-thread-1] DEBUG org.apache.http.impl.conn.PoolingHttpClientConnectionManager -- Connection leased: [id: 36][route: {}->http://localhost:8081][total available: 0; route allocated: 1 of 5; total allocated: 1 of 10]
16:40:43.439 [pool-2-thread-1] DEBUG org.apache.http.impl.execchain.MainClientExec -- Opening connection {}->http://localhost:8081
16:40:43.439 [pool-2-thread-5] DEBUG org.apache.http.impl.conn.PoolingHttpClientConnectionManager -- Connection leased: [id: 37][route: {}->http://localhost:8081][total available: 0; route allocated: 1 of 5; total allocated: 1 of 10]
16:40:43.441 [pool-2-thread-1] DEBUG org.apache.http.impl.conn.DefaultHttpClientConnectionOperator -- Connecting to localhost/127.0.0.1:8081
16:40:43.441 [pool-2-thread-5] DEBUG org.apache.http.impl.execchain.MainClientExec -- Opening connection {}->http://localhost:8081
16:40:43.441 [pool-2-thread-3] DEBUG com.jayway.jsonpath.internal.path.CompiledPath -- Evaluating path: $
16:40:43.441 [pool-2-thread-2] DEBUG com.jayway.jsonpath.internal.path.CompiledPath -- Evaluating path: $
16:40:43.441 [pool-2-thread-5] DEBUG org.apache.http.impl.conn.DefaultHttpClientConnectionOperator -- Connecting to localhost/127.0.0.1:8081
16:40:43.442 [pool-2-thread-1] DEBUG org.apache.http.impl.conn.DefaultHttpClientConnectionOperator -- Connection established 127.0.0.1:49555<->127.0.0.1:8081
16:40:43.442 [pool-2-thread-1] DEBUG org.apache.http.impl.conn.DefaultManagedHttpClientConnection -- http-outgoing-36: set socket timeout to 30000
16:40:43.442 [pool-2-thread-1] DEBUG org.apache.http.impl.execchain.MainClientExec -- Executing request POST /api/v1/product/ HTTP/1.1
16:40:43.442 [pool-2-thread-1] DEBUG org.apache.http.impl.execchain.MainClientExec -- Proxy auth state: UNCHALLENGED
16:40:43.442 [pool-2-thread-1] DEBUG org.apache.http.headers -- http-outgoing-36 >> POST /api/v1/product/ HTTP/1.1
16:40:43.442 [pool-2-thread-1] DEBUG org.apache.http.headers -- http-outgoing-36 >> Accept: application/json
16:40:43.442 [pool-2-thread-1] DEBUG org.apache.http.headers -- http-outgoing-36 >> Authorization: Bearer aGFzaGRzZnNkZnNkZnNkZnNk
16:40:43.442 [pool-2-thread-1] DEBUG org.apache.http.headers -- http-outgoing-36 >> Content-Type: application/json; charset=UTF-8
16:40:43.442 [pool-2-thread-1] DEBUG org.apache.http.headers -- http-outgoing-36 >> Content-Length: 50
16:40:43.442 [pool-2-thread-1] DEBUG org.apache.http.headers -- http-outgoing-36 >> Host: localhost:8081
16:40:43.442 [pool-2-thread-1] DEBUG org.apache.http.headers -- http-outgoing-36 >> Connection: Keep-Alive
16:40:43.442 [pool-2-thread-1] DEBUG org.apache.http.headers -- http-outgoing-36 >> User-Agent: Apache-HttpClient/4.5.14 (Java/17.0.12)
16:40:43.442 [pool-2-thread-1] DEBUG org.apache.http.headers -- http-outgoing-36 >> Accept-Encoding: gzip,deflate
16:40:43.442 [pool-2-thread-1] DEBUG org.apache.http.wire -- http-outgoing-36 >> "POST /api/v1/product/ HTTP/1.1[\r][\n]"
16:40:43.442 [pool-2-thread-1] DEBUG org.apache.http.wire -- http-outgoing-36 >> "Accept: application/json[\r][\n]"
16:40:43.442 [pool-2-thread-1] DEBUG org.apache.http.wire -- http-outgoing-36 >> "Authorization: Bearer aGFzaGRzZnNkZnNkZnNkZnNk[\r][\n]"
16:40:43.442 [pool-2-thread-1] DEBUG org.apache.http.wire -- http-outgoing-36 >> "Content-Type: application/json; charset=UTF-8[\r][\n]"
16:40:43.442 [pool-2-thread-1] DEBUG org.apache.http.wire -- http-outgoing-36 >> "Content-Length: 50[\r][\n]"
16:40:43.442 [pool-2-thread-1] DEBUG org.apache.http.wire -- http-outgoing-36 >> "Host: localhost:8081[\r][\n]"
16:40:43.442 [pool-2-thread-5] DEBUG org.apache.http.impl.conn.DefaultHttpClientConnectionOperator -- Connection established 127.0.0.1:49556<->127.0.0.1:8081
16:40:43.442 [pool-2-thread-1] DEBUG org.apache.http.wire -- http-outgoing-36 >> "Connection: Keep-Alive[\r][\n]"
16:40:43.442 [pool-2-thread-5] DEBUG org.apache.http.impl.conn.DefaultManagedHttpClientConnection -- http-outgoing-37: set socket timeout to 30000
16:40:43.442 [pool-2-thread-1] DEBUG org.apache.http.wire -- http-outgoing-36 >> "User-Agent: Apache-HttpClient/4.5.14 (Java/17.0.12)[\r][\n]"
16:40:43.442 [pool-2-thread-1] DEBUG org.apache.http.wire -- http-outgoing-36 >> "Accept-Encoding: gzip,deflate[\r][\n]"
16:40:43.442 [pool-2-thread-5] DEBUG org.apache.http.impl.execchain.MainClientExec -- Executing request POST /api/v1/product/ HTTP/1.1
16:40:43.442 [pool-2-thread-1] DEBUG org.apache.http.wire -- http-outgoing-36 >> "[\r][\n]"
16:40:43.442 [pool-2-thread-5] DEBUG org.apache.http.impl.execchain.MainClientExec -- Proxy auth state: UNCHALLENGED
16:40:43.442 [pool-2-thread-1] DEBUG org.apache.http.wire -- http-outgoing-36 >> "{"name":"Producto01","description":"Descripci[0xc3][0xb3]n"}"
16:40:43.442 [pool-2-thread-5] DEBUG org.apache.http.headers -- http-outgoing-37 >> POST /api/v1/product/ HTTP/1.1
16:40:43.442 [pool-2-thread-5] DEBUG org.apache.http.headers -- http-outgoing-37 >> Accept: application/json
16:40:43.442 [pool-2-thread-5] DEBUG org.apache.http.headers -- http-outgoing-37 >> Authorization: Bearer aGFzaGRzZnNkZnNkZnNkZnNk
16:40:43.442 [pool-2-thread-5] DEBUG org.apache.http.headers -- http-outgoing-37 >> Content-Type: application/json; charset=UTF-8
16:40:43.442 [pool-2-thread-5] DEBUG org.apache.http.headers -- http-outgoing-37 >> Content-Length: 42
16:40:43.442 [pool-2-thread-5] DEBUG org.apache.http.headers -- http-outgoing-37 >> Host: localhost:8081
16:40:43.442 [pool-2-thread-5] DEBUG org.apache.http.headers -- http-outgoing-37 >> Connection: Keep-Alive
16:40:43.442 [pool-2-thread-5] DEBUG org.apache.http.headers -- http-outgoing-37 >> User-Agent: Apache-HttpClient/4.5.14 (Java/17.0.12)
16:40:43.442 [pool-2-thread-5] DEBUG org.apache.http.headers -- http-outgoing-37 >> Accept-Encoding: gzip,deflate
16:40:43.442 [pool-2-thread-5] DEBUG org.apache.http.wire -- http-outgoing-37 >> "POST /api/v1/product/ HTTP/1.1[\r][\n]"
16:40:43.442 [pool-2-thread-5] DEBUG org.apache.http.wire -- http-outgoing-37 >> "Accept: application/json[\r][\n]"
16:40:43.442 [pool-2-thread-5] DEBUG org.apache.http.wire -- http-outgoing-37 >> "Authorization: Bearer aGFzaGRzZnNkZnNkZnNkZnNk[\r][\n]"
16:40:43.442 [pool-2-thread-5] DEBUG org.apache.http.wire -- http-outgoing-37 >> "Content-Type: application/json; charset=UTF-8[\r][\n]"
16:40:43.442 [pool-2-thread-5] DEBUG org.apache.http.wire -- http-outgoing-37 >> "Content-Length: 42[\r][\n]"
16:40:43.442 [pool-2-thread-5] DEBUG org.apache.http.wire -- http-outgoing-37 >> "Host: localhost:8081[\r][\n]"
16:40:43.442 [pool-2-thread-5] DEBUG org.apache.http.wire -- http-outgoing-37 >> "Connection: Keep-Alive[\r][\n]"
16:40:43.442 [pool-2-thread-5] DEBUG org.apache.http.wire -- http-outgoing-37 >> "User-Agent: Apache-HttpClient/4.5.14 (Java/17.0.12)[\r][\n]"
16:40:43.442 [pool-2-thread-5] DEBUG org.apache.http.wire -- http-outgoing-37 >> "Accept-Encoding: gzip,deflate[\r][\n]"
16:40:43.442 [pool-2-thread-5] DEBUG org.apache.http.wire -- http-outgoing-37 >> "[\r][\n]"
16:40:43.442 [pool-2-thread-5] DEBUG org.apache.http.wire -- http-outgoing-37 >> "{"description":"Descripci[0xc3][0xb3]n","price":150}"
16:40:43.443 [pool-2-thread-2] DEBUG org.apache.http.client.protocol.RequestAddCookies -- CookieSpec selected: karate
16:40:43.443 [pool-2-thread-3] DEBUG org.apache.http.client.protocol.RequestAddCookies -- CookieSpec selected: karate
16:40:43.443 [pool-2-thread-2] DEBUG org.apache.http.client.protocol.RequestAuthCache -- Auth cache not set in the context
16:40:43.443 [pool-2-thread-3] DEBUG org.apache.http.client.protocol.RequestAuthCache -- Auth cache not set in the context
16:40:43.443 [pool-2-thread-3] DEBUG com.intuit.karate -- request:
1 > POST http://localhost:8081/api/v1/product/
1 > Accept: application/json
1 > Authorization: Bearer aGFzaGRzZnNkZnNkZnNkZnNk
1 > Content-Type: application/json; charset=UTF-8
1 > Content-Length: 68
1 > Host: localhost:8081
1 > Connection: Keep-Alive
1 > User-Agent: Apache-HttpClient/4.5.14 (Java/17.0.12)
1 > Accept-Encoding: gzip,deflate
{"name":"Iphone 17","description":"Telefono Alta gama","price":1700}

16:40:43.443 [pool-2-thread-2] DEBUG com.intuit.karate -- request:
1 > POST http://localhost:8081/api/v1/product/
1 > Accept: application/json
1 > Authorization: Bearer aGFzaGRzZnNkZnNkZnNkZnNk
1 > Content-Type: application/json; charset=UTF-8
1 > Content-Length: 68
1 > Host: localhost:8081
1 > Connection: Keep-Alive
1 > User-Agent: Apache-HttpClient/4.5.14 (Java/17.0.12)
1 > Accept-Encoding: gzip,deflate
{"name":"Iphone 16","description":"Telefono Alta gama","price":1600}

16:40:43.444 [pool-2-thread-2] DEBUG org.apache.http.impl.conn.PoolingHttpClientConnectionManager -- Connection request: [route: {}->http://localhost:8081][total available: 0; route allocated: 0 of 5; total allocated: 0 of 10]
16:40:43.444 [pool-2-thread-3] DEBUG org.apache.http.impl.conn.PoolingHttpClientConnectionManager -- Connection request: [route: {}->http://localhost:8081][total available: 0; route allocated: 0 of 5; total allocated: 0 of 10]
16:40:43.444 [pool-2-thread-1] DEBUG org.apache.http.wire -- http-outgoing-36 << "HTTP/1.1 400 [\r][\n]"
16:40:43.444 [pool-2-thread-5] DEBUG org.apache.http.wire -- http-outgoing-37 << "HTTP/1.1 400 [\r][\n]"
16:40:43.444 [pool-2-thread-5] DEBUG org.apache.http.wire -- http-outgoing-37 << "Content-Type: application/json[\r][\n]"
16:40:43.444 [pool-2-thread-5] DEBUG org.apache.http.wire -- http-outgoing-37 << "Transfer-Encoding: chunked[\r][\n]"
16:40:43.444 [pool-2-thread-2] DEBUG org.apache.http.impl.conn.PoolingHttpClientConnectionManager -- Connection leased: [id: 38][route: {}->http://localhost:8081][total available: 0; route allocated: 1 of 5; total allocated: 1 of 10]
16:40:43.444 [pool-2-thread-3] DEBUG org.apache.http.impl.conn.PoolingHttpClientConnectionManager -- Connection leased: [id: 39][route: {}->http://localhost:8081][total available: 0; route allocated: 1 of 5; total allocated: 1 of 10]
16:40:43.444 [pool-2-thread-1] DEBUG org.apache.http.wire -- http-outgoing-36 << "Content-Type: application/json[\r][\n]"
16:40:43.444 [pool-2-thread-5] DEBUG org.apache.http.wire -- http-outgoing-37 << "Date: Wed, 09 Oct 2024 21:40:43 GMT[\r][\n]"
16:40:43.444 [pool-2-thread-3] DEBUG org.apache.http.impl.execchain.MainClientExec -- Opening connection {}->http://localhost:8081
16:40:43.444 [pool-2-thread-2] DEBUG org.apache.http.impl.execchain.MainClientExec -- Opening connection {}->http://localhost:8081
16:40:43.444 [pool-2-thread-5] DEBUG org.apache.http.wire -- http-outgoing-37 << "Connection: close[\r][\n]"
16:40:43.444 [pool-2-thread-5] DEBUG org.apache.http.wire -- http-outgoing-37 << "[\r][\n]"
16:40:43.444 [pool-2-thread-5] DEBUG org.apache.http.wire -- http-outgoing-37 << "51[\r][\n]"
16:40:43.444 [pool-2-thread-5] DEBUG org.apache.http.wire -- http-outgoing-37 << "{"sku":"","status":false,"message":"El nombre del producto no fue proporcionado"}[\r][\n]"
16:40:43.444 [pool-2-thread-1] DEBUG org.apache.http.wire -- http-outgoing-36 << "Transfer-Encoding: chunked[\r][\n]"
16:40:43.444 [pool-2-thread-1] DEBUG org.apache.http.wire -- http-outgoing-36 << "Date: Wed, 09 Oct 2024 21:40:43 GMT[\r][\n]"
16:40:43.444 [pool-2-thread-1] DEBUG org.apache.http.wire -- http-outgoing-36 << "Connection: close[\r][\n]"
16:40:43.444 [pool-2-thread-1] DEBUG org.apache.http.wire -- http-outgoing-36 << "[\r][\n]"
16:40:43.444 [pool-2-thread-1] DEBUG org.apache.http.wire -- http-outgoing-36 << "51[\r][\n]"
16:40:43.444 [pool-2-thread-1] DEBUG org.apache.http.wire -- http-outgoing-36 << "{"sku":"","status":false,"message":"El precio del producto no fue proporcionado"}[\r][\n]"
16:40:43.444 [pool-2-thread-5] DEBUG org.apache.http.headers -- http-outgoing-37 << HTTP/1.1 400 
16:40:43.444 [pool-2-thread-5] DEBUG org.apache.http.headers -- http-outgoing-37 << Content-Type: application/json
16:40:43.444 [pool-2-thread-5] DEBUG org.apache.http.headers -- http-outgoing-37 << Transfer-Encoding: chunked
16:40:43.444 [pool-2-thread-5] DEBUG org.apache.http.headers -- http-outgoing-37 << Date: Wed, 09 Oct 2024 21:40:43 GMT
16:40:43.444 [pool-2-thread-5] DEBUG org.apache.http.headers -- http-outgoing-37 << Connection: close
16:40:43.444 [pool-2-thread-1] DEBUG org.apache.http.headers -- http-outgoing-36 << HTTP/1.1 400 
16:40:43.444 [pool-2-thread-1] DEBUG org.apache.http.headers -- http-outgoing-36 << Content-Type: application/json
16:40:43.444 [pool-2-thread-1] DEBUG org.apache.http.headers -- http-outgoing-36 << Transfer-Encoding: chunked
16:40:43.444 [pool-2-thread-1] DEBUG org.apache.http.headers -- http-outgoing-36 << Date: Wed, 09 Oct 2024 21:40:43 GMT
16:40:43.444 [pool-2-thread-1] DEBUG org.apache.http.headers -- http-outgoing-36 << Connection: close
16:40:43.444 [pool-2-thread-3] DEBUG org.apache.http.impl.conn.DefaultHttpClientConnectionOperator -- Connecting to localhost/127.0.0.1:8081
16:40:43.444 [pool-2-thread-2] DEBUG org.apache.http.impl.conn.DefaultHttpClientConnectionOperator -- Connecting to localhost/127.0.0.1:8081
16:40:43.445 [pool-2-thread-1] DEBUG org.apache.http.wire -- http-outgoing-36 << "0[\r][\n]"
16:40:43.445 [pool-2-thread-5] DEBUG org.apache.http.wire -- http-outgoing-37 << "0[\r][\n]"
16:40:43.445 [pool-2-thread-1] DEBUG org.apache.http.wire -- http-outgoing-36 << "[\r][\n]"
16:40:43.445 [pool-2-thread-5] DEBUG org.apache.http.wire -- http-outgoing-37 << "[\r][\n]"
16:40:43.445 [pool-2-thread-5] DEBUG org.apache.http.impl.conn.DefaultManagedHttpClientConnection -- http-outgoing-37: Close connection
16:40:43.445 [pool-2-thread-1] DEBUG org.apache.http.impl.conn.DefaultManagedHttpClientConnection -- http-outgoing-36: Close connection
16:40:43.445 [pool-2-thread-5] DEBUG org.apache.http.impl.execchain.MainClientExec -- Connection discarded
16:40:43.445 [pool-2-thread-1] DEBUG org.apache.http.impl.execchain.MainClientExec -- Connection discarded
16:40:43.445 [pool-2-thread-5] DEBUG org.apache.http.impl.conn.PoolingHttpClientConnectionManager -- Connection released: [id: 37][route: {}->http://localhost:8081][total available: 0; route allocated: 0 of 5; total allocated: 0 of 10]
16:40:43.445 [pool-2-thread-5] DEBUG org.apache.http.impl.conn.PoolingHttpClientConnectionManager -- Connection manager is shutting down
16:40:43.445 [pool-2-thread-1] DEBUG org.apache.http.impl.conn.PoolingHttpClientConnectionManager -- Connection released: [id: 36][route: {}->http://localhost:8081][total available: 0; route allocated: 0 of 5; total allocated: 0 of 10]
16:40:43.445 [pool-2-thread-3] DEBUG org.apache.http.impl.conn.DefaultHttpClientConnectionOperator -- Connection established 127.0.0.1:49558<->127.0.0.1:8081
16:40:43.445 [pool-2-thread-2] DEBUG org.apache.http.impl.conn.DefaultHttpClientConnectionOperator -- Connection established 127.0.0.1:49557<->127.0.0.1:8081
16:40:43.445 [pool-2-thread-1] DEBUG org.apache.http.impl.conn.PoolingHttpClientConnectionManager -- Connection manager is shutting down
16:40:43.445 [pool-2-thread-3] DEBUG org.apache.http.impl.conn.DefaultManagedHttpClientConnection -- http-outgoing-39: set socket timeout to 30000
16:40:43.445 [pool-2-thread-5] DEBUG org.apache.http.impl.conn.PoolingHttpClientConnectionManager -- Connection manager shut down
16:40:43.445 [pool-2-thread-2] DEBUG org.apache.http.impl.conn.DefaultManagedHttpClientConnection -- http-outgoing-38: set socket timeout to 30000
16:40:43.445 [pool-2-thread-3] DEBUG org.apache.http.impl.execchain.MainClientExec -- Executing request POST /api/v1/product/ HTTP/1.1
16:40:43.445 [pool-2-thread-1] DEBUG org.apache.http.impl.conn.PoolingHttpClientConnectionManager -- Connection manager shut down
16:40:43.445 [pool-2-thread-2] DEBUG org.apache.http.impl.execchain.MainClientExec -- Executing request POST /api/v1/product/ HTTP/1.1
16:40:43.447 [pool-2-thread-2] DEBUG org.apache.http.impl.execchain.MainClientExec -- Proxy auth state: UNCHALLENGED
16:40:43.447 [pool-2-thread-3] DEBUG org.apache.http.impl.execchain.MainClientExec -- Proxy auth state: UNCHALLENGED
16:40:43.447 [pool-2-thread-5] DEBUG com.intuit.karate -- response time in milliseconds: 6
1 < 400
1 < Content-Type: application/json
1 < Transfer-Encoding: chunked
1 < Date: Wed, 09 Oct 2024 21:40:43 GMT
1 < Connection: close
{"sku":"","status":false,"message":"El nombre del producto no fue proporcionado"}

16:40:43.447 [pool-2-thread-1] DEBUG com.intuit.karate -- response time in milliseconds: 6
1 < 400
1 < Content-Type: application/json
1 < Transfer-Encoding: chunked
1 < Date: Wed, 09 Oct 2024 21:40:43 GMT
1 < Connection: close
{"sku":"","status":false,"message":"El precio del producto no fue proporcionado"}

16:40:43.447 [pool-2-thread-2] DEBUG org.apache.http.headers -- http-outgoing-38 >> POST /api/v1/product/ HTTP/1.1
16:40:43.447 [pool-2-thread-3] DEBUG org.apache.http.headers -- http-outgoing-39 >> POST /api/v1/product/ HTTP/1.1
16:40:43.447 [pool-2-thread-2] DEBUG org.apache.http.headers -- http-outgoing-38 >> Accept: application/json
16:40:43.447 [pool-2-thread-2] DEBUG org.apache.http.headers -- http-outgoing-38 >> Authorization: Bearer aGFzaGRzZnNkZnNkZnNkZnNk
16:40:43.447 [pool-2-thread-3] DEBUG org.apache.http.headers -- http-outgoing-39 >> Accept: application/json
16:40:43.447 [pool-2-thread-3] DEBUG org.apache.http.headers -- http-outgoing-39 >> Authorization: Bearer aGFzaGRzZnNkZnNkZnNkZnNk
16:40:43.447 [pool-2-thread-2] DEBUG org.apache.http.headers -- http-outgoing-38 >> Content-Type: application/json; charset=UTF-8
16:40:43.447 [pool-2-thread-3] DEBUG org.apache.http.headers -- http-outgoing-39 >> Content-Type: application/json; charset=UTF-8
16:40:43.447 [pool-2-thread-2] DEBUG org.apache.http.headers -- http-outgoing-38 >> Content-Length: 68
16:40:43.447 [pool-2-thread-2] DEBUG org.apache.http.headers -- http-outgoing-38 >> Host: localhost:8081
16:40:43.447 [pool-2-thread-3] DEBUG org.apache.http.headers -- http-outgoing-39 >> Content-Length: 68
16:40:43.447 [pool-2-thread-2] DEBUG org.apache.http.headers -- http-outgoing-38 >> Connection: Keep-Alive
16:40:43.447 [pool-2-thread-3] DEBUG org.apache.http.headers -- http-outgoing-39 >> Host: localhost:8081
16:40:43.447 [pool-2-thread-2] DEBUG org.apache.http.headers -- http-outgoing-38 >> User-Agent: Apache-HttpClient/4.5.14 (Java/17.0.12)
16:40:43.447 [pool-2-thread-3] DEBUG org.apache.http.headers -- http-outgoing-39 >> Connection: Keep-Alive
16:40:43.447 [pool-2-thread-3] DEBUG org.apache.http.headers -- http-outgoing-39 >> User-Agent: Apache-HttpClient/4.5.14 (Java/17.0.12)
16:40:43.447 [pool-2-thread-2] DEBUG org.apache.http.headers -- http-outgoing-38 >> Accept-Encoding: gzip,deflate
16:40:43.447 [pool-2-thread-3] DEBUG org.apache.http.headers -- http-outgoing-39 >> Accept-Encoding: gzip,deflate
16:40:43.447 [pool-2-thread-3] DEBUG org.apache.http.wire -- http-outgoing-39 >> "POST /api/v1/product/ HTTP/1.1[\r][\n]"
16:40:43.447 [pool-2-thread-2] DEBUG org.apache.http.wire -- http-outgoing-38 >> "POST /api/v1/product/ HTTP/1.1[\r][\n]"
16:40:43.447 [pool-2-thread-3] DEBUG org.apache.http.wire -- http-outgoing-39 >> "Accept: application/json[\r][\n]"
16:40:43.447 [pool-2-thread-2] DEBUG org.apache.http.wire -- http-outgoing-38 >> "Accept: application/json[\r][\n]"
16:40:43.447 [pool-2-thread-3] DEBUG org.apache.http.wire -- http-outgoing-39 >> "Authorization: Bearer aGFzaGRzZnNkZnNkZnNkZnNk[\r][\n]"
16:40:43.447 [pool-2-thread-2] DEBUG org.apache.http.wire -- http-outgoing-38 >> "Authorization: Bearer aGFzaGRzZnNkZnNkZnNkZnNk[\r][\n]"
16:40:43.447 [pool-2-thread-3] DEBUG org.apache.http.wire -- http-outgoing-39 >> "Content-Type: application/json; charset=UTF-8[\r][\n]"
16:40:43.447 [pool-2-thread-2] DEBUG org.apache.http.wire -- http-outgoing-38 >> "Content-Type: application/json; charset=UTF-8[\r][\n]"
16:40:43.447 [pool-2-thread-3] DEBUG org.apache.http.wire -- http-outgoing-39 >> "Content-Length: 68[\r][\n]"
16:40:43.447 [pool-2-thread-2] DEBUG org.apache.http.wire -- http-outgoing-38 >> "Content-Length: 68[\r][\n]"
16:40:43.447 [pool-2-thread-3] DEBUG org.apache.http.wire -- http-outgoing-39 >> "Host: localhost:8081[\r][\n]"
16:40:43.447 [pool-2-thread-2] DEBUG org.apache.http.wire -- http-outgoing-38 >> "Host: localhost:8081[\r][\n]"
16:40:43.447 [pool-2-thread-3] DEBUG org.apache.http.wire -- http-outgoing-39 >> "Connection: Keep-Alive[\r][\n]"
16:40:43.447 [pool-2-thread-2] DEBUG org.apache.http.wire -- http-outgoing-38 >> "Connection: Keep-Alive[\r][\n]"
16:40:43.447 [pool-2-thread-3] DEBUG org.apache.http.wire -- http-outgoing-39 >> "User-Agent: Apache-HttpClient/4.5.14 (Java/17.0.12)[\r][\n]"
16:40:43.447 [pool-2-thread-3] DEBUG org.apache.http.wire -- http-outgoing-39 >> "Accept-Encoding: gzip,deflate[\r][\n]"
16:40:43.447 [pool-2-thread-2] DEBUG org.apache.http.wire -- http-outgoing-38 >> "User-Agent: Apache-HttpClient/4.5.14 (Java/17.0.12)[\r][\n]"
16:40:43.447 [pool-2-thread-3] DEBUG org.apache.http.wire -- http-outgoing-39 >> "[\r][\n]"
16:40:43.447 [pool-2-thread-2] DEBUG org.apache.http.wire -- http-outgoing-38 >> "Accept-Encoding: gzip,deflate[\r][\n]"
16:40:43.447 [pool-2-thread-3] DEBUG org.apache.http.wire -- http-outgoing-39 >> "{"name":"Iphone 17","description":"Telefono Alta gama","price":1700}"
16:40:43.447 [pool-2-thread-2] DEBUG org.apache.http.wire -- http-outgoing-38 >> "[\r][\n]"
16:40:43.448 [pool-2-thread-2] DEBUG org.apache.http.wire -- http-outgoing-38 >> "{"name":"Iphone 16","description":"Telefono Alta gama","price":1600}"
16:40:43.448 [pool-2-thread-4] DEBUG com.jayway.jsonpath.internal.path.CompiledPath -- Evaluating path: $
16:40:43.448 [pool-2-thread-5] DEBUG com.jayway.jsonpath.internal.path.CompiledPath -- Evaluating path: $
16:40:43.448 [pool-2-thread-1] DEBUG com.jayway.jsonpath.internal.path.CompiledPath -- Evaluating path: $
16:40:43.450 [pool-2-thread-2] DEBUG org.apache.http.wire -- http-outgoing-38 << "HTTP/1.1 201 [\r][\n]"
16:40:43.450 [pool-2-thread-3] DEBUG org.apache.http.wire -- http-outgoing-39 << "HTTP/1.1 201 [\r][\n]"
16:40:43.450 [pool-2-thread-2] DEBUG org.apache.http.wire -- http-outgoing-38 << "Content-Type: application/json[\r][\n]"
16:40:43.450 [pool-2-thread-3] DEBUG org.apache.http.wire -- http-outgoing-39 << "Content-Type: application/json[\r][\n]"
16:40:43.450 [pool-2-thread-3] DEBUG org.apache.http.wire -- http-outgoing-39 << "Transfer-Encoding: chunked[\r][\n]"
16:40:43.450 [pool-2-thread-2] DEBUG org.apache.http.wire -- http-outgoing-38 << "Transfer-Encoding: chunked[\r][\n]"
16:40:43.450 [pool-2-thread-3] DEBUG org.apache.http.wire -- http-outgoing-39 << "Date: Wed, 09 Oct 2024 21:40:43 GMT[\r][\n]"
16:40:43.450 [pool-2-thread-2] DEBUG org.apache.http.wire -- http-outgoing-38 << "Date: Wed, 09 Oct 2024 21:40:43 GMT[\r][\n]"
16:40:43.450 [pool-2-thread-3] DEBUG org.apache.http.wire -- http-outgoing-39 << "Keep-Alive: timeout=60[\r][\n]"
16:40:43.450 [pool-2-thread-3] DEBUG org.apache.http.wire -- http-outgoing-39 << "Connection: keep-alive[\r][\n]"
16:40:43.450 [pool-2-thread-3] DEBUG org.apache.http.wire -- http-outgoing-39 << "[\r][\n]"
16:40:43.450 [pool-2-thread-3] DEBUG org.apache.http.wire -- http-outgoing-39 << "6b[\r][\n]"
16:40:43.450 [pool-2-thread-2] DEBUG org.apache.http.wire -- http-outgoing-38 << "Keep-Alive: timeout=60[\r][\n]"
16:40:43.450 [pool-2-thread-3] DEBUG org.apache.http.wire -- http-outgoing-39 << "{"sku":"234fa27c-59af-446f-96a3-51162ce0392e","status":true,"message":"El producto fue creado con [0xc3][0xa9]xito!"}[\r][\n]"
16:40:43.450 [pool-2-thread-2] DEBUG org.apache.http.wire -- http-outgoing-38 << "Connection: keep-alive[\r][\n]"
16:40:43.450 [pool-2-thread-2] DEBUG org.apache.http.wire -- http-outgoing-38 << "[\r][\n]"
16:40:43.450 [pool-2-thread-2] DEBUG org.apache.http.wire -- http-outgoing-38 << "6b[\r][\n]"
16:40:43.451 [pool-2-thread-2] DEBUG org.apache.http.wire -- http-outgoing-38 << "{"sku":"7c57f833-39d4-45c7-be09-56c22e50dcbc","status":true,"message":"El producto fue creado con [0xc3][0xa9]xito!"}[\r][\n]"
16:40:43.451 [pool-2-thread-3] DEBUG org.apache.http.headers -- http-outgoing-39 << HTTP/1.1 201 
16:40:43.451 [pool-2-thread-3] DEBUG org.apache.http.headers -- http-outgoing-39 << Content-Type: application/json
16:40:43.451 [pool-2-thread-3] DEBUG org.apache.http.headers -- http-outgoing-39 << Transfer-Encoding: chunked
16:40:43.451 [pool-2-thread-3] DEBUG org.apache.http.headers -- http-outgoing-39 << Date: Wed, 09 Oct 2024 21:40:43 GMT
16:40:43.451 [pool-2-thread-3] DEBUG org.apache.http.headers -- http-outgoing-39 << Keep-Alive: timeout=60
16:40:43.451 [pool-2-thread-3] DEBUG org.apache.http.headers -- http-outgoing-39 << Connection: keep-alive
16:40:43.451 [pool-2-thread-2] DEBUG org.apache.http.headers -- http-outgoing-38 << HTTP/1.1 201 
16:40:43.451 [pool-2-thread-2] DEBUG org.apache.http.headers -- http-outgoing-38 << Content-Type: application/json
16:40:43.451 [pool-2-thread-2] DEBUG org.apache.http.headers -- http-outgoing-38 << Transfer-Encoding: chunked
16:40:43.451 [pool-2-thread-2] DEBUG org.apache.http.headers -- http-outgoing-38 << Date: Wed, 09 Oct 2024 21:40:43 GMT
16:40:43.451 [pool-2-thread-2] DEBUG org.apache.http.headers -- http-outgoing-38 << Keep-Alive: timeout=60
16:40:43.451 [pool-2-thread-2] DEBUG org.apache.http.headers -- http-outgoing-38 << Connection: keep-alive
16:40:43.451 [pool-2-thread-2] DEBUG org.apache.http.impl.execchain.MainClientExec -- Connection can be kept alive for 60000 MILLISECONDS
16:40:43.451 [pool-2-thread-3] DEBUG org.apache.http.impl.execchain.MainClientExec -- Connection can be kept alive for 60000 MILLISECONDS
16:40:43.451 [pool-2-thread-3] DEBUG org.apache.http.wire -- http-outgoing-39 << "0[\r][\n]"
16:40:43.451 [pool-2-thread-3] DEBUG org.apache.http.wire -- http-outgoing-39 << "[\r][\n]"
16:40:43.451 [pool-2-thread-2] DEBUG org.apache.http.wire -- http-outgoing-38 << "0[\r][\n]"
16:40:43.451 [pool-2-thread-2] DEBUG org.apache.http.wire -- http-outgoing-38 << "[\r][\n]"
16:40:43.451 [pool-2-thread-3] DEBUG org.apache.http.impl.conn.PoolingHttpClientConnectionManager -- Connection [id: 39][route: {}->http://localhost:8081] can be kept alive for 60.0 seconds
16:40:43.451 [pool-2-thread-3] DEBUG org.apache.http.impl.conn.DefaultManagedHttpClientConnection -- http-outgoing-39: set socket timeout to 0
16:40:43.451 [pool-2-thread-2] DEBUG org.apache.http.impl.conn.PoolingHttpClientConnectionManager -- Connection [id: 38][route: {}->http://localhost:8081] can be kept alive for 60.0 seconds
16:40:43.451 [pool-2-thread-2] DEBUG org.apache.http.impl.conn.DefaultManagedHttpClientConnection -- http-outgoing-38: set socket timeout to 0
16:40:43.451 [pool-2-thread-3] DEBUG org.apache.http.impl.conn.PoolingHttpClientConnectionManager -- Connection released: [id: 39][route: {}->http://localhost:8081][total available: 1; route allocated: 1 of 5; total allocated: 1 of 10]
16:40:43.451 [pool-2-thread-2] DEBUG org.apache.http.impl.conn.PoolingHttpClientConnectionManager -- Connection released: [id: 38][route: {}->http://localhost:8081][total available: 1; route allocated: 1 of 5; total allocated: 1 of 10]
16:40:43.451 [pool-2-thread-3] DEBUG org.apache.http.impl.conn.PoolingHttpClientConnectionManager -- Connection manager is shutting down
16:40:43.451 [pool-2-thread-4] DEBUG org.apache.http.client.protocol.RequestAddCookies -- CookieSpec selected: karate
16:40:43.452 [pool-2-thread-2] DEBUG org.apache.http.impl.conn.PoolingHttpClientConnectionManager -- Connection manager is shutting down
16:40:43.452 [pool-2-thread-3] DEBUG org.apache.http.impl.conn.DefaultManagedHttpClientConnection -- http-outgoing-39: Close connection
16:40:43.452 [pool-2-thread-2] DEBUG org.apache.http.impl.conn.DefaultManagedHttpClientConnection -- http-outgoing-38: Close connection
16:40:43.452 [pool-2-thread-4] DEBUG org.apache.http.client.protocol.RequestAuthCache -- Auth cache not set in the context
16:40:43.452 [pool-2-thread-4] DEBUG com.intuit.karate -- request:
1 > POST http://localhost:8081/api/v1/product/
1 > Accept: application/json
1 > Authorization: Bearer aGFzaGRzZnNkZnNkZnNkZnNk
1 > Content-Type: application/json; charset=UTF-8
1 > Content-Length: 68
1 > Host: localhost:8081
1 > Connection: Keep-Alive
1 > User-Agent: Apache-HttpClient/4.5.14 (Java/17.0.12)
1 > Accept-Encoding: gzip,deflate
{"name":"Iphone 18","description":"Telefono Alta gama","price":1800}

16:40:43.452 [pool-2-thread-3] DEBUG org.apache.http.impl.conn.PoolingHttpClientConnectionManager -- Connection manager shut down
16:40:43.452 [pool-2-thread-2] DEBUG org.apache.http.impl.conn.PoolingHttpClientConnectionManager -- Connection manager shut down
16:40:43.452 [pool-2-thread-3] DEBUG com.intuit.karate -- response time in milliseconds: 7
1 < 201
1 < Content-Type: application/json
1 < Transfer-Encoding: chunked
1 < Date: Wed, 09 Oct 2024 21:40:43 GMT
1 < Keep-Alive: timeout=60
1 < Connection: keep-alive
{"sku":"234fa27c-59af-446f-96a3-51162ce0392e","status":true,"message":"El producto fue creado con éxito!"}

16:40:43.452 [pool-2-thread-4] DEBUG org.apache.http.impl.conn.PoolingHttpClientConnectionManager -- Connection request: [route: {}->http://localhost:8081][total available: 0; route allocated: 0 of 5; total allocated: 0 of 10]
16:40:43.452 [pool-2-thread-2] DEBUG com.intuit.karate -- response time in milliseconds: 8
1 < 201
1 < Content-Type: application/json
1 < Transfer-Encoding: chunked
1 < Date: Wed, 09 Oct 2024 21:40:43 GMT
1 < Keep-Alive: timeout=60
1 < Connection: keep-alive
{"sku":"7c57f833-39d4-45c7-be09-56c22e50dcbc","status":true,"message":"El producto fue creado con éxito!"}

16:40:43.452 [pool-2-thread-4] DEBUG org.apache.http.impl.conn.PoolingHttpClientConnectionManager -- Connection leased: [id: 40][route: {}->http://localhost:8081][total available: 0; route allocated: 1 of 5; total allocated: 1 of 10]
16:40:43.453 [pool-2-thread-4] DEBUG org.apache.http.impl.execchain.MainClientExec -- Opening connection {}->http://localhost:8081
16:40:43.454 [pool-2-thread-4] DEBUG org.apache.http.impl.conn.DefaultHttpClientConnectionOperator -- Connecting to localhost/127.0.0.1:8081
16:40:43.455 [pool-2-thread-4] DEBUG org.apache.http.impl.conn.DefaultHttpClientConnectionOperator -- Connection established 127.0.0.1:49559<->127.0.0.1:8081
16:40:43.455 [pool-2-thread-4] DEBUG org.apache.http.impl.conn.DefaultManagedHttpClientConnection -- http-outgoing-40: set socket timeout to 30000
16:40:43.455 [pool-2-thread-4] DEBUG org.apache.http.impl.execchain.MainClientExec -- Executing request POST /api/v1/product/ HTTP/1.1
16:40:43.455 [pool-2-thread-4] DEBUG org.apache.http.impl.execchain.MainClientExec -- Proxy auth state: UNCHALLENGED
16:40:43.455 [pool-2-thread-4] DEBUG org.apache.http.headers -- http-outgoing-40 >> POST /api/v1/product/ HTTP/1.1
16:40:43.455 [pool-2-thread-4] DEBUG org.apache.http.headers -- http-outgoing-40 >> Accept: application/json
16:40:43.455 [pool-2-thread-4] DEBUG org.apache.http.headers -- http-outgoing-40 >> Authorization: Bearer aGFzaGRzZnNkZnNkZnNkZnNk
16:40:43.455 [pool-2-thread-4] DEBUG org.apache.http.headers -- http-outgoing-40 >> Content-Type: application/json; charset=UTF-8
16:40:43.455 [pool-2-thread-4] DEBUG org.apache.http.headers -- http-outgoing-40 >> Content-Length: 68
16:40:43.455 [pool-2-thread-4] DEBUG org.apache.http.headers -- http-outgoing-40 >> Host: localhost:8081
16:40:43.455 [pool-2-thread-4] DEBUG org.apache.http.headers -- http-outgoing-40 >> Connection: Keep-Alive
16:40:43.455 [pool-2-thread-4] DEBUG org.apache.http.headers -- http-outgoing-40 >> User-Agent: Apache-HttpClient/4.5.14 (Java/17.0.12)
16:40:43.455 [pool-2-thread-4] DEBUG org.apache.http.headers -- http-outgoing-40 >> Accept-Encoding: gzip,deflate
16:40:43.455 [pool-2-thread-4] DEBUG org.apache.http.wire -- http-outgoing-40 >> "POST /api/v1/product/ HTTP/1.1[\r][\n]"
16:40:43.455 [pool-2-thread-4] DEBUG org.apache.http.wire -- http-outgoing-40 >> "Accept: application/json[\r][\n]"
16:40:43.455 [pool-2-thread-4] DEBUG org.apache.http.wire -- http-outgoing-40 >> "Authorization: Bearer aGFzaGRzZnNkZnNkZnNkZnNk[\r][\n]"
16:40:43.455 [pool-2-thread-4] DEBUG org.apache.http.wire -- http-outgoing-40 >> "Content-Type: application/json; charset=UTF-8[\r][\n]"
16:40:43.455 [pool-2-thread-4] DEBUG org.apache.http.wire -- http-outgoing-40 >> "Content-Length: 68[\r][\n]"
16:40:43.455 [pool-2-thread-4] DEBUG org.apache.http.wire -- http-outgoing-40 >> "Host: localhost:8081[\r][\n]"
16:40:43.455 [pool-2-thread-4] DEBUG org.apache.http.wire -- http-outgoing-40 >> "Connection: Keep-Alive[\r][\n]"
16:40:43.455 [pool-2-thread-4] DEBUG org.apache.http.wire -- http-outgoing-40 >> "User-Agent: Apache-HttpClient/4.5.14 (Java/17.0.12)[\r][\n]"
16:40:43.455 [pool-2-thread-4] DEBUG org.apache.http.wire -- http-outgoing-40 >> "Accept-Encoding: gzip,deflate[\r][\n]"
16:40:43.455 [pool-2-thread-4] DEBUG org.apache.http.wire -- http-outgoing-40 >> "[\r][\n]"
16:40:43.455 [pool-2-thread-4] DEBUG org.apache.http.wire -- http-outgoing-40 >> "{"name":"Iphone 18","description":"Telefono Alta gama","price":1800}"
16:40:43.455 [pool-2-thread-3] DEBUG com.jayway.jsonpath.internal.path.CompiledPath -- Evaluating path: $
16:40:43.456 [pool-2-thread-2] DEBUG com.jayway.jsonpath.internal.path.CompiledPath -- Evaluating path: $
16:40:43.459 [pool-2-thread-4] DEBUG org.apache.http.wire -- http-outgoing-40 << "HTTP/1.1 201 [\r][\n]"
16:40:43.460 [pool-2-thread-4] DEBUG org.apache.http.wire -- http-outgoing-40 << "Content-Type: application/json[\r][\n]"
16:40:43.460 [pool-2-thread-4] DEBUG org.apache.http.wire -- http-outgoing-40 << "Transfer-Encoding: chunked[\r][\n]"
16:40:43.460 [pool-2-thread-4] DEBUG org.apache.http.wire -- http-outgoing-40 << "Date: Wed, 09 Oct 2024 21:40:43 GMT[\r][\n]"
16:40:43.460 [pool-2-thread-4] DEBUG org.apache.http.wire -- http-outgoing-40 << "Keep-Alive: timeout=60[\r][\n]"
16:40:43.460 [pool-2-thread-4] DEBUG org.apache.http.wire -- http-outgoing-40 << "Connection: keep-alive[\r][\n]"
16:40:43.460 [pool-2-thread-4] DEBUG org.apache.http.wire -- http-outgoing-40 << "[\r][\n]"
16:40:43.460 [pool-2-thread-4] DEBUG org.apache.http.wire -- http-outgoing-40 << "6b[\r][\n]"
16:40:43.460 [pool-2-thread-4] DEBUG org.apache.http.wire -- http-outgoing-40 << "{"sku":"f1cc9e3b-c7f5-430d-a7a9-6979850a1f88","status":true,"message":"El producto fue creado con [0xc3][0xa9]xito!"}[\r][\n]"
16:40:43.460 [pool-2-thread-4] DEBUG org.apache.http.headers -- http-outgoing-40 << HTTP/1.1 201 
16:40:43.460 [pool-2-thread-4] DEBUG org.apache.http.headers -- http-outgoing-40 << Content-Type: application/json
16:40:43.460 [pool-2-thread-4] DEBUG org.apache.http.headers -- http-outgoing-40 << Transfer-Encoding: chunked
16:40:43.460 [pool-2-thread-4] DEBUG org.apache.http.headers -- http-outgoing-40 << Date: Wed, 09 Oct 2024 21:40:43 GMT
16:40:43.460 [pool-2-thread-4] DEBUG org.apache.http.headers -- http-outgoing-40 << Keep-Alive: timeout=60
16:40:43.460 [pool-2-thread-4] DEBUG org.apache.http.headers -- http-outgoing-40 << Connection: keep-alive
16:40:43.460 [pool-2-thread-1] DEBUG com.jayway.jsonpath.internal.path.CompiledPath -- Evaluating path: $
16:40:43.460 [pool-2-thread-4] DEBUG org.apache.http.impl.execchain.MainClientExec -- Connection can be kept alive for 60000 MILLISECONDS
16:40:43.460 [pool-2-thread-4] DEBUG org.apache.http.wire -- http-outgoing-40 << "0[\r][\n]"
16:40:43.460 [pool-2-thread-4] DEBUG org.apache.http.wire -- http-outgoing-40 << "[\r][\n]"
16:40:43.460 [pool-2-thread-4] DEBUG org.apache.http.impl.conn.PoolingHttpClientConnectionManager -- Connection [id: 40][route: {}->http://localhost:8081] can be kept alive for 60.0 seconds
16:40:43.460 [pool-2-thread-4] DEBUG org.apache.http.impl.conn.DefaultManagedHttpClientConnection -- http-outgoing-40: set socket timeout to 0
16:40:43.461 [pool-2-thread-4] DEBUG org.apache.http.impl.conn.PoolingHttpClientConnectionManager -- Connection released: [id: 40][route: {}->http://localhost:8081][total available: 1; route allocated: 1 of 5; total allocated: 1 of 10]
16:40:43.461 [pool-2-thread-4] DEBUG org.apache.http.impl.conn.PoolingHttpClientConnectionManager -- Connection manager is shutting down
16:40:43.461 [pool-2-thread-4] DEBUG org.apache.http.impl.conn.DefaultManagedHttpClientConnection -- http-outgoing-40: Close connection
16:40:43.461 [pool-2-thread-5] DEBUG com.jayway.jsonpath.internal.path.CompiledPath -- Evaluating path: $
16:40:43.461 [pool-2-thread-4] DEBUG org.apache.http.impl.conn.PoolingHttpClientConnectionManager -- Connection manager shut down
16:40:43.461 [pool-2-thread-4] DEBUG com.intuit.karate -- response time in milliseconds: 9
1 < 201
1 < Content-Type: application/json
1 < Transfer-Encoding: chunked
1 < Date: Wed, 09 Oct 2024 21:40:43 GMT
1 < Keep-Alive: timeout=60
1 < Connection: keep-alive
{"sku":"f1cc9e3b-c7f5-430d-a7a9-6979850a1f88","status":true,"message":"El producto fue creado con éxito!"}

16:40:43.464 [pool-2-thread-1] DEBUG org.apache.http.client.protocol.RequestAddCookies -- CookieSpec selected: karate
16:40:43.464 [pool-2-thread-1] DEBUG org.apache.http.client.protocol.RequestAuthCache -- Auth cache not set in the context
16:40:43.464 [pool-2-thread-1] DEBUG com.intuit.karate -- request:
1 > POST http://localhost:8081/api/v1/product/
1 > Accept: application/json
1 > Authorization: Bearer aGFzaGRzZnNkZnNkZnNkZnNk
1 > Content-Type: application/json; charset=UTF-8
1 > Content-Length: 86
1 > Host: localhost:8081
1 > Connection: Keep-Alive
1 > User-Agent: Apache-HttpClient/4.5.14 (Java/17.0.12)
1 > Accept-Encoding: gzip,deflate
{"name":"Samsung Galaxy S21","description":"Otro smartphone de alta gama","price":999}

16:40:43.465 [pool-2-thread-4] DEBUG com.jayway.jsonpath.internal.path.CompiledPath -- Evaluating path: $
16:40:43.465 [pool-2-thread-5] DEBUG org.apache.http.client.protocol.RequestAddCookies -- CookieSpec selected: karate
16:40:43.465 [pool-2-thread-1] DEBUG org.apache.http.impl.conn.PoolingHttpClientConnectionManager -- Connection request: [route: {}->http://localhost:8081][total available: 0; route allocated: 0 of 5; total allocated: 0 of 10]
16:40:43.465 [pool-2-thread-1] DEBUG org.apache.http.impl.conn.PoolingHttpClientConnectionManager -- Connection leased: [id: 41][route: {}->http://localhost:8081][total available: 0; route allocated: 1 of 5; total allocated: 1 of 10]
16:40:43.465 [pool-2-thread-1] DEBUG org.apache.http.impl.execchain.MainClientExec -- Opening connection {}->http://localhost:8081
16:40:43.465 [pool-2-thread-5] DEBUG org.apache.http.client.protocol.RequestAuthCache -- Auth cache not set in the context
16:40:43.465 [pool-2-thread-5] DEBUG com.intuit.karate -- request:
1 > POST http://localhost:8081/api/v1/product/
1 > Accept: application/json
1 > Authorization: Bearer aGFzaGRzZnNkZnNkZnNkZnNk
1 > Content-Type: application/json; charset=UTF-8
1 > Content-Length: 84
1 > Host: localhost:8081
1 > Connection: Keep-Alive
1 > User-Agent: Apache-HttpClient/4.5.14 (Java/17.0.12)
1 > Accept-Encoding: gzip,deflate
{"name":"Iphone 12","description":"Este es un smartphone de alta gama","price":1200}

16:40:43.465 [pool-2-thread-5] DEBUG org.apache.http.impl.conn.PoolingHttpClientConnectionManager -- Connection request: [route: {}->http://localhost:8081][total available: 0; route allocated: 0 of 5; total allocated: 0 of 10]
16:40:43.465 [pool-2-thread-1] DEBUG org.apache.http.impl.conn.DefaultHttpClientConnectionOperator -- Connecting to localhost/127.0.0.1:8081
16:40:43.466 [pool-2-thread-5] DEBUG org.apache.http.impl.conn.PoolingHttpClientConnectionManager -- Connection leased: [id: 42][route: {}->http://localhost:8081][total available: 0; route allocated: 1 of 5; total allocated: 1 of 10]
16:40:43.466 [pool-2-thread-5] DEBUG org.apache.http.impl.execchain.MainClientExec -- Opening connection {}->http://localhost:8081
16:40:43.466 [pool-2-thread-5] DEBUG org.apache.http.impl.conn.DefaultHttpClientConnectionOperator -- Connecting to localhost/127.0.0.1:8081
16:40:43.466 [pool-2-thread-1] DEBUG org.apache.http.impl.conn.DefaultHttpClientConnectionOperator -- Connection established 127.0.0.1:49560<->127.0.0.1:8081
16:40:43.467 [pool-2-thread-1] DEBUG org.apache.http.impl.conn.DefaultManagedHttpClientConnection -- http-outgoing-41: set socket timeout to 30000
16:40:43.467 [pool-2-thread-1] DEBUG org.apache.http.impl.execchain.MainClientExec -- Executing request POST /api/v1/product/ HTTP/1.1
16:40:43.467 [pool-2-thread-1] DEBUG org.apache.http.impl.execchain.MainClientExec -- Proxy auth state: UNCHALLENGED
16:40:43.467 [pool-2-thread-1] DEBUG org.apache.http.headers -- http-outgoing-41 >> POST /api/v1/product/ HTTP/1.1
16:40:43.467 [pool-2-thread-1] DEBUG org.apache.http.headers -- http-outgoing-41 >> Accept: application/json
16:40:43.467 [pool-2-thread-1] DEBUG org.apache.http.headers -- http-outgoing-41 >> Authorization: Bearer aGFzaGRzZnNkZnNkZnNkZnNk
16:40:43.467 [pool-2-thread-1] DEBUG org.apache.http.headers -- http-outgoing-41 >> Content-Type: application/json; charset=UTF-8
16:40:43.467 [pool-2-thread-1] DEBUG org.apache.http.headers -- http-outgoing-41 >> Content-Length: 86
16:40:43.467 [pool-2-thread-1] DEBUG org.apache.http.headers -- http-outgoing-41 >> Host: localhost:8081
16:40:43.467 [pool-2-thread-1] DEBUG org.apache.http.headers -- http-outgoing-41 >> Connection: Keep-Alive
16:40:43.467 [pool-2-thread-1] DEBUG org.apache.http.headers -- http-outgoing-41 >> User-Agent: Apache-HttpClient/4.5.14 (Java/17.0.12)
16:40:43.467 [pool-2-thread-1] DEBUG org.apache.http.headers -- http-outgoing-41 >> Accept-Encoding: gzip,deflate
16:40:43.467 [pool-2-thread-1] DEBUG org.apache.http.wire -- http-outgoing-41 >> "POST /api/v1/product/ HTTP/1.1[\r][\n]"
16:40:43.467 [pool-2-thread-1] DEBUG org.apache.http.wire -- http-outgoing-41 >> "Accept: application/json[\r][\n]"
16:40:43.467 [pool-2-thread-1] DEBUG org.apache.http.wire -- http-outgoing-41 >> "Authorization: Bearer aGFzaGRzZnNkZnNkZnNkZnNk[\r][\n]"
16:40:43.467 [pool-2-thread-1] DEBUG org.apache.http.wire -- http-outgoing-41 >> "Content-Type: application/json; charset=UTF-8[\r][\n]"
16:40:43.467 [pool-2-thread-1] DEBUG org.apache.http.wire -- http-outgoing-41 >> "Content-Length: 86[\r][\n]"
16:40:43.467 [pool-2-thread-1] DEBUG org.apache.http.wire -- http-outgoing-41 >> "Host: localhost:8081[\r][\n]"
16:40:43.467 [pool-2-thread-1] DEBUG org.apache.http.wire -- http-outgoing-41 >> "Connection: Keep-Alive[\r][\n]"
16:40:43.467 [pool-2-thread-1] DEBUG org.apache.http.wire -- http-outgoing-41 >> "User-Agent: Apache-HttpClient/4.5.14 (Java/17.0.12)[\r][\n]"
16:40:43.467 [pool-2-thread-1] DEBUG org.apache.http.wire -- http-outgoing-41 >> "Accept-Encoding: gzip,deflate[\r][\n]"
16:40:43.467 [pool-2-thread-1] DEBUG org.apache.http.wire -- http-outgoing-41 >> "[\r][\n]"
16:40:43.467 [pool-2-thread-1] DEBUG org.apache.http.wire -- http-outgoing-41 >> "{"name":"Samsung Galaxy S21","description":"Otro smartphone de alta gama","price":999}"
16:40:43.468 [pool-2-thread-5] DEBUG org.apache.http.impl.conn.DefaultHttpClientConnectionOperator -- Connection established 127.0.0.1:49561<->127.0.0.1:8081
16:40:43.468 [pool-2-thread-5] DEBUG org.apache.http.impl.conn.DefaultManagedHttpClientConnection -- http-outgoing-42: set socket timeout to 30000
16:40:43.468 [pool-2-thread-5] DEBUG org.apache.http.impl.execchain.MainClientExec -- Executing request POST /api/v1/product/ HTTP/1.1
16:40:43.468 [pool-2-thread-5] DEBUG org.apache.http.impl.execchain.MainClientExec -- Proxy auth state: UNCHALLENGED
16:40:43.469 [pool-2-thread-5] DEBUG org.apache.http.headers -- http-outgoing-42 >> POST /api/v1/product/ HTTP/1.1
16:40:43.469 [pool-2-thread-5] DEBUG org.apache.http.headers -- http-outgoing-42 >> Accept: application/json
16:40:43.469 [pool-2-thread-5] DEBUG org.apache.http.headers -- http-outgoing-42 >> Authorization: Bearer aGFzaGRzZnNkZnNkZnNkZnNk
16:40:43.469 [pool-2-thread-5] DEBUG org.apache.http.headers -- http-outgoing-42 >> Content-Type: application/json; charset=UTF-8
16:40:43.469 [pool-2-thread-5] DEBUG org.apache.http.headers -- http-outgoing-42 >> Content-Length: 84
16:40:43.469 [pool-2-thread-5] DEBUG org.apache.http.headers -- http-outgoing-42 >> Host: localhost:8081
16:40:43.469 [pool-2-thread-5] DEBUG org.apache.http.headers -- http-outgoing-42 >> Connection: Keep-Alive
16:40:43.469 [pool-2-thread-5] DEBUG org.apache.http.headers -- http-outgoing-42 >> User-Agent: Apache-HttpClient/4.5.14 (Java/17.0.12)
16:40:43.469 [pool-2-thread-5] DEBUG org.apache.http.headers -- http-outgoing-42 >> Accept-Encoding: gzip,deflate
16:40:43.469 [pool-2-thread-5] DEBUG org.apache.http.wire -- http-outgoing-42 >> "POST /api/v1/product/ HTTP/1.1[\r][\n]"
16:40:43.469 [pool-2-thread-5] DEBUG org.apache.http.wire -- http-outgoing-42 >> "Accept: application/json[\r][\n]"
16:40:43.469 [pool-2-thread-5] DEBUG org.apache.http.wire -- http-outgoing-42 >> "Authorization: Bearer aGFzaGRzZnNkZnNkZnNkZnNk[\r][\n]"
16:40:43.469 [pool-2-thread-5] DEBUG org.apache.http.wire -- http-outgoing-42 >> "Content-Type: application/json; charset=UTF-8[\r][\n]"
16:40:43.469 [pool-2-thread-5] DEBUG org.apache.http.wire -- http-outgoing-42 >> "Content-Length: 84[\r][\n]"
16:40:43.469 [pool-2-thread-5] DEBUG org.apache.http.wire -- http-outgoing-42 >> "Host: localhost:8081[\r][\n]"
16:40:43.469 [pool-2-thread-5] DEBUG org.apache.http.wire -- http-outgoing-42 >> "Connection: Keep-Alive[\r][\n]"
16:40:43.469 [pool-2-thread-5] DEBUG org.apache.http.wire -- http-outgoing-42 >> "User-Agent: Apache-HttpClient/4.5.14 (Java/17.0.12)[\r][\n]"
16:40:43.469 [pool-2-thread-5] DEBUG org.apache.http.wire -- http-outgoing-42 >> "Accept-Encoding: gzip,deflate[\r][\n]"
16:40:43.469 [pool-2-thread-5] DEBUG org.apache.http.wire -- http-outgoing-42 >> "[\r][\n]"
16:40:43.469 [pool-2-thread-5] DEBUG org.apache.http.wire -- http-outgoing-42 >> "{"name":"Iphone 12","description":"Este es un smartphone de alta gama","price":1200}"
16:40:43.470 [pool-2-thread-1] DEBUG org.apache.http.wire -- http-outgoing-41 << "HTTP/1.1 201 [\r][\n]"
16:40:43.470 [pool-2-thread-1] DEBUG org.apache.http.wire -- http-outgoing-41 << "Content-Type: application/json[\r][\n]"
16:40:43.472 [pool-2-thread-1] DEBUG org.apache.http.wire -- http-outgoing-41 << "Transfer-Encoding: chunked[\r][\n]"
16:40:43.472 [pool-2-thread-1] DEBUG org.apache.http.wire -- http-outgoing-41 << "Date: Wed, 09 Oct 2024 21:40:43 GMT[\r][\n]"
16:40:43.472 [pool-2-thread-1] DEBUG org.apache.http.wire -- http-outgoing-41 << "Keep-Alive: timeout=60[\r][\n]"
16:40:43.472 [pool-2-thread-1] DEBUG org.apache.http.wire -- http-outgoing-41 << "Connection: keep-alive[\r][\n]"
16:40:43.472 [pool-2-thread-1] DEBUG org.apache.http.wire -- http-outgoing-41 << "[\r][\n]"
16:40:43.472 [pool-2-thread-1] DEBUG org.apache.http.wire -- http-outgoing-41 << "6b[\r][\n]"
16:40:43.472 [pool-2-thread-1] DEBUG org.apache.http.wire -- http-outgoing-41 << "{"sku":"eb0f3cd8-3a21-4388-8616-30c762c26783","status":true,"message":"El producto fue creado con [0xc3][0xa9]xito!"}[\r][\n]"
16:40:43.472 [pool-2-thread-1] DEBUG org.apache.http.headers -- http-outgoing-41 << HTTP/1.1 201 
16:40:43.472 [pool-2-thread-1] DEBUG org.apache.http.headers -- http-outgoing-41 << Content-Type: application/json
16:40:43.472 [pool-2-thread-1] DEBUG org.apache.http.headers -- http-outgoing-41 << Transfer-Encoding: chunked
16:40:43.472 [pool-2-thread-1] DEBUG org.apache.http.headers -- http-outgoing-41 << Date: Wed, 09 Oct 2024 21:40:43 GMT
16:40:43.472 [pool-2-thread-1] DEBUG org.apache.http.headers -- http-outgoing-41 << Keep-Alive: timeout=60
16:40:43.472 [pool-2-thread-1] DEBUG org.apache.http.headers -- http-outgoing-41 << Connection: keep-alive
16:40:43.472 [pool-2-thread-1] DEBUG org.apache.http.impl.execchain.MainClientExec -- Connection can be kept alive for 60000 MILLISECONDS
16:40:43.472 [pool-2-thread-1] DEBUG org.apache.http.wire -- http-outgoing-41 << "0[\r][\n]"
16:40:43.472 [pool-2-thread-1] DEBUG org.apache.http.wire -- http-outgoing-41 << "[\r][\n]"
16:40:43.472 [pool-2-thread-3] INFO com.intuit.karate -- >> lock acquired, begin callonce: read('nuevo.feature')
16:40:43.472 [pool-2-thread-1] DEBUG org.apache.http.impl.conn.PoolingHttpClientConnectionManager -- Connection [id: 41][route: {}->http://localhost:8081] can be kept alive for 60.0 seconds
16:40:43.472 [pool-2-thread-1] DEBUG org.apache.http.impl.conn.DefaultManagedHttpClientConnection -- http-outgoing-41: set socket timeout to 0
16:40:43.472 [pool-2-thread-1] DEBUG org.apache.http.impl.conn.PoolingHttpClientConnectionManager -- Connection released: [id: 41][route: {}->http://localhost:8081][total available: 1; route allocated: 1 of 5; total allocated: 1 of 10]
16:40:43.472 [pool-2-thread-1] DEBUG org.apache.http.impl.conn.PoolingHttpClientConnectionManager -- Connection manager is shutting down
16:40:43.472 [pool-2-thread-1] DEBUG org.apache.http.impl.conn.DefaultManagedHttpClientConnection -- http-outgoing-41: Close connection
16:40:43.473 [pool-2-thread-1] DEBUG org.apache.http.impl.conn.PoolingHttpClientConnectionManager -- Connection manager shut down
16:40:43.473 [pool-2-thread-1] DEBUG com.intuit.karate -- response time in milliseconds: 7
1 < 201
1 < Content-Type: application/json
1 < Transfer-Encoding: chunked
1 < Date: Wed, 09 Oct 2024 21:40:43 GMT
1 < Keep-Alive: timeout=60
1 < Connection: keep-alive
{"sku":"eb0f3cd8-3a21-4388-8616-30c762c26783","status":true,"message":"El producto fue creado con éxito!"}

16:40:43.473 [pool-2-thread-5] DEBUG org.apache.http.wire -- http-outgoing-42 << "HTTP/1.1 201 [\r][\n]"
16:40:43.473 [pool-2-thread-5] DEBUG org.apache.http.wire -- http-outgoing-42 << "Content-Type: application/json[\r][\n]"
16:40:43.473 [pool-2-thread-5] DEBUG org.apache.http.wire -- http-outgoing-42 << "Transfer-Encoding: chunked[\r][\n]"
16:40:43.473 [pool-2-thread-5] DEBUG org.apache.http.wire -- http-outgoing-42 << "Date: Wed, 09 Oct 2024 21:40:43 GMT[\r][\n]"
16:40:43.473 [pool-2-thread-5] DEBUG org.apache.http.wire -- http-outgoing-42 << "Keep-Alive: timeout=60[\r][\n]"
16:40:43.473 [pool-2-thread-5] DEBUG org.apache.http.wire -- http-outgoing-42 << "Connection: keep-alive[\r][\n]"
16:40:43.473 [pool-2-thread-5] DEBUG org.apache.http.wire -- http-outgoing-42 << "[\r][\n]"
16:40:43.473 [pool-2-thread-5] DEBUG org.apache.http.wire -- http-outgoing-42 << "6b[\r][\n]"
16:40:43.473 [pool-2-thread-5] DEBUG org.apache.http.wire -- http-outgoing-42 << "{"sku":"a9a7e149-f0a6-4517-ac23-c653592c44af","status":true,"message":"El producto fue creado con [0xc3][0xa9]xito!"}[\r][\n]"
16:40:43.473 [pool-2-thread-5] DEBUG org.apache.http.headers -- http-outgoing-42 << HTTP/1.1 201 
16:40:43.473 [pool-2-thread-5] DEBUG org.apache.http.headers -- http-outgoing-42 << Content-Type: application/json
16:40:43.473 [pool-2-thread-5] DEBUG org.apache.http.headers -- http-outgoing-42 << Transfer-Encoding: chunked
16:40:43.473 [pool-2-thread-5] DEBUG org.apache.http.headers -- http-outgoing-42 << Date: Wed, 09 Oct 2024 21:40:43 GMT
16:40:43.473 [pool-2-thread-5] DEBUG org.apache.http.headers -- http-outgoing-42 << Keep-Alive: timeout=60
16:40:43.473 [pool-2-thread-5] DEBUG org.apache.http.headers -- http-outgoing-42 << Connection: keep-alive
16:40:43.474 [pool-2-thread-5] DEBUG org.apache.http.impl.execchain.MainClientExec -- Connection can be kept alive for 60000 MILLISECONDS
16:40:43.474 [pool-2-thread-5] DEBUG org.apache.http.wire -- http-outgoing-42 << "0[\r][\n]"
16:40:43.474 [pool-2-thread-5] DEBUG org.apache.http.wire -- http-outgoing-42 << "[\r][\n]"
16:40:43.474 [pool-2-thread-5] DEBUG org.apache.http.impl.conn.PoolingHttpClientConnectionManager -- Connection [id: 42][route: {}->http://localhost:8081] can be kept alive for 60.0 seconds
16:40:43.474 [pool-2-thread-5] DEBUG org.apache.http.impl.conn.DefaultManagedHttpClientConnection -- http-outgoing-42: set socket timeout to 0
16:40:43.474 [pool-2-thread-5] DEBUG org.apache.http.impl.conn.PoolingHttpClientConnectionManager -- Connection released: [id: 42][route: {}->http://localhost:8081][total available: 1; route allocated: 1 of 5; total allocated: 1 of 10]
16:40:43.474 [pool-2-thread-5] DEBUG org.apache.http.impl.conn.PoolingHttpClientConnectionManager -- Connection manager is shutting down
16:40:43.474 [pool-2-thread-5] DEBUG org.apache.http.impl.conn.DefaultManagedHttpClientConnection -- http-outgoing-42: Close connection
16:40:43.475 [pool-2-thread-5] DEBUG org.apache.http.impl.conn.PoolingHttpClientConnectionManager -- Connection manager shut down
16:40:43.475 [pool-2-thread-1] DEBUG com.jayway.jsonpath.internal.path.CompiledPath -- Evaluating path: $
16:40:43.475 [pool-2-thread-5] DEBUG com.intuit.karate -- response time in milliseconds: 9
1 < 201
1 < Content-Type: application/json
1 < Transfer-Encoding: chunked
1 < Date: Wed, 09 Oct 2024 21:40:43 GMT
1 < Keep-Alive: timeout=60
1 < Connection: keep-alive
{"sku":"a9a7e149-f0a6-4517-ac23-c653592c44af","status":true,"message":"El producto fue creado con éxito!"}

16:40:43.486 [pool-2-thread-4] INFO com.intuit.karate -- >> lock acquired, begin callonce: read('nuevo.feature')
16:40:43.488 [pool-2-thread-5] DEBUG com.jayway.jsonpath.internal.path.CompiledPath -- Evaluating path: $
16:40:43.497 [pool-2-thread-3] DEBUG com.jayway.jsonpath.internal.path.CompiledPath -- Evaluating path: $
16:40:43.497 [pool-2-thread-4] DEBUG com.jayway.jsonpath.internal.path.CompiledPath -- Evaluating path: $
16:40:43.500 [pool-2-thread-1] INFO com.intuit.karate -- >> lock acquired, begin callonce: read('nuevo.feature')
16:40:43.501 [pool-2-thread-4] DEBUG org.apache.http.client.protocol.RequestAddCookies -- CookieSpec selected: karate
16:40:43.501 [pool-2-thread-3] DEBUG org.apache.http.client.protocol.RequestAddCookies -- CookieSpec selected: karate
16:40:43.501 [pool-2-thread-4] DEBUG org.apache.http.client.protocol.RequestAuthCache -- Auth cache not set in the context
16:40:43.501 [pool-2-thread-3] DEBUG org.apache.http.client.protocol.RequestAuthCache -- Auth cache not set in the context
16:40:43.501 [pool-2-thread-4] DEBUG com.intuit.karate -- request:
1 > POST http://localhost:8081/api/v1/product/
1 > Accept: application/json
1 > Authorization: Bearer aGFzaGRzZnNkZnNkZnNkZnNk
1 > Content-Type: application/json; charset=UTF-8
1 > Content-Length: 84
1 > Host: localhost:8081
1 > Connection: Keep-Alive
1 > User-Agent: Apache-HttpClient/4.5.14 (Java/17.0.12)
1 > Accept-Encoding: gzip,deflate
{"name":"Iphone 12","description":"Este es un smartphone de alta gama","price":1200}

16:40:43.503 [pool-2-thread-3] DEBUG com.intuit.karate -- request:
1 > POST http://localhost:8081/api/v1/product/
1 > Accept: application/json
1 > Authorization: Bearer aGFzaGRzZnNkZnNkZnNkZnNk
1 > Content-Type: application/json; charset=UTF-8
1 > Content-Length: 84
1 > Host: localhost:8081
1 > Connection: Keep-Alive
1 > User-Agent: Apache-HttpClient/4.5.14 (Java/17.0.12)
1 > Accept-Encoding: gzip,deflate
{"name":"Iphone 12","description":"Este es un smartphone de alta gama","price":1200}

16:40:43.503 [pool-2-thread-4] DEBUG org.apache.http.impl.conn.PoolingHttpClientConnectionManager -- Connection request: [route: {}->http://localhost:8081][total available: 0; route allocated: 0 of 5; total allocated: 0 of 10]
16:40:43.503 [pool-2-thread-3] DEBUG org.apache.http.impl.conn.PoolingHttpClientConnectionManager -- Connection request: [route: {}->http://localhost:8081][total available: 0; route allocated: 0 of 5; total allocated: 0 of 10]
16:40:43.503 [pool-2-thread-3] DEBUG org.apache.http.impl.conn.PoolingHttpClientConnectionManager -- Connection leased: [id: 43][route: {}->http://localhost:8081][total available: 0; route allocated: 1 of 5; total allocated: 1 of 10]
16:40:43.503 [pool-2-thread-4] DEBUG org.apache.http.impl.conn.PoolingHttpClientConnectionManager -- Connection leased: [id: 44][route: {}->http://localhost:8081][total available: 0; route allocated: 1 of 5; total allocated: 1 of 10]
16:40:43.503 [pool-2-thread-3] DEBUG org.apache.http.impl.execchain.MainClientExec -- Opening connection {}->http://localhost:8081
16:40:43.503 [pool-2-thread-4] DEBUG org.apache.http.impl.execchain.MainClientExec -- Opening connection {}->http://localhost:8081
16:40:43.503 [pool-2-thread-3] DEBUG org.apache.http.impl.conn.DefaultHttpClientConnectionOperator -- Connecting to localhost/127.0.0.1:8081
16:40:43.503 [pool-2-thread-4] DEBUG org.apache.http.impl.conn.DefaultHttpClientConnectionOperator -- Connecting to localhost/127.0.0.1:8081
16:40:43.504 [pool-2-thread-4] DEBUG org.apache.http.impl.conn.DefaultHttpClientConnectionOperator -- Connection established 127.0.0.1:49562<->127.0.0.1:8081
16:40:43.504 [pool-2-thread-3] DEBUG org.apache.http.impl.conn.DefaultHttpClientConnectionOperator -- Connection established 127.0.0.1:49563<->127.0.0.1:8081
16:40:43.504 [pool-2-thread-3] DEBUG org.apache.http.impl.conn.DefaultManagedHttpClientConnection -- http-outgoing-44: set socket timeout to 30000
16:40:43.504 [pool-2-thread-4] DEBUG org.apache.http.impl.conn.DefaultManagedHttpClientConnection -- http-outgoing-43: set socket timeout to 30000
16:40:43.504 [pool-2-thread-3] DEBUG org.apache.http.impl.execchain.MainClientExec -- Executing request POST /api/v1/product/ HTTP/1.1
16:40:43.504 [pool-2-thread-5] INFO com.intuit.karate -- >> lock acquired, begin callonce: read('nuevo.feature')
16:40:43.505 [pool-2-thread-3] DEBUG org.apache.http.impl.execchain.MainClientExec -- Proxy auth state: UNCHALLENGED
16:40:43.505 [pool-2-thread-4] DEBUG org.apache.http.impl.execchain.MainClientExec -- Executing request POST /api/v1/product/ HTTP/1.1
16:40:43.505 [pool-2-thread-4] DEBUG org.apache.http.impl.execchain.MainClientExec -- Proxy auth state: UNCHALLENGED
16:40:43.505 [pool-2-thread-3] DEBUG org.apache.http.headers -- http-outgoing-44 >> POST /api/v1/product/ HTTP/1.1
16:40:43.505 [pool-2-thread-3] DEBUG org.apache.http.headers -- http-outgoing-44 >> Accept: application/json
16:40:43.505 [pool-2-thread-3] DEBUG org.apache.http.headers -- http-outgoing-44 >> Authorization: Bearer aGFzaGRzZnNkZnNkZnNkZnNk
16:40:43.505 [pool-2-thread-3] DEBUG org.apache.http.headers -- http-outgoing-44 >> Content-Type: application/json; charset=UTF-8
16:40:43.505 [pool-2-thread-3] DEBUG org.apache.http.headers -- http-outgoing-44 >> Content-Length: 84
16:40:43.505 [pool-2-thread-4] DEBUG org.apache.http.headers -- http-outgoing-43 >> POST /api/v1/product/ HTTP/1.1
16:40:43.505 [pool-2-thread-4] DEBUG org.apache.http.headers -- http-outgoing-43 >> Accept: application/json
16:40:43.505 [pool-2-thread-4] DEBUG org.apache.http.headers -- http-outgoing-43 >> Authorization: Bearer aGFzaGRzZnNkZnNkZnNkZnNk
16:40:43.505 [pool-2-thread-3] DEBUG org.apache.http.headers -- http-outgoing-44 >> Host: localhost:8081
16:40:43.505 [pool-2-thread-3] DEBUG org.apache.http.headers -- http-outgoing-44 >> Connection: Keep-Alive
16:40:43.505 [pool-2-thread-3] DEBUG org.apache.http.headers -- http-outgoing-44 >> User-Agent: Apache-HttpClient/4.5.14 (Java/17.0.12)
16:40:43.505 [pool-2-thread-3] DEBUG org.apache.http.headers -- http-outgoing-44 >> Accept-Encoding: gzip,deflate
16:40:43.505 [pool-2-thread-4] DEBUG org.apache.http.headers -- http-outgoing-43 >> Content-Type: application/json; charset=UTF-8
16:40:43.505 [pool-2-thread-3] DEBUG org.apache.http.wire -- http-outgoing-44 >> "POST /api/v1/product/ HTTP/1.1[\r][\n]"
16:40:43.505 [pool-2-thread-4] DEBUG org.apache.http.headers -- http-outgoing-43 >> Content-Length: 84
16:40:43.505 [pool-2-thread-3] DEBUG org.apache.http.wire -- http-outgoing-44 >> "Accept: application/json[\r][\n]"
16:40:43.505 [pool-2-thread-4] DEBUG org.apache.http.headers -- http-outgoing-43 >> Host: localhost:8081
16:40:43.505 [pool-2-thread-4] DEBUG org.apache.http.headers -- http-outgoing-43 >> Connection: Keep-Alive
16:40:43.505 [pool-2-thread-3] DEBUG org.apache.http.wire -- http-outgoing-44 >> "Authorization: Bearer aGFzaGRzZnNkZnNkZnNkZnNk[\r][\n]"
16:40:43.505 [pool-2-thread-4] DEBUG org.apache.http.headers -- http-outgoing-43 >> User-Agent: Apache-HttpClient/4.5.14 (Java/17.0.12)
16:40:43.505 [pool-2-thread-3] DEBUG org.apache.http.wire -- http-outgoing-44 >> "Content-Type: application/json; charset=UTF-8[\r][\n]"
16:40:43.505 [pool-2-thread-3] DEBUG org.apache.http.wire -- http-outgoing-44 >> "Content-Length: 84[\r][\n]"
16:40:43.505 [pool-2-thread-3] DEBUG org.apache.http.wire -- http-outgoing-44 >> "Host: localhost:8081[\r][\n]"
16:40:43.505 [pool-2-thread-3] DEBUG org.apache.http.wire -- http-outgoing-44 >> "Connection: Keep-Alive[\r][\n]"
16:40:43.505 [pool-2-thread-4] DEBUG org.apache.http.headers -- http-outgoing-43 >> Accept-Encoding: gzip,deflate
16:40:43.505 [pool-2-thread-4] DEBUG org.apache.http.wire -- http-outgoing-43 >> "POST /api/v1/product/ HTTP/1.1[\r][\n]"
16:40:43.505 [pool-2-thread-4] DEBUG org.apache.http.wire -- http-outgoing-43 >> "Accept: application/json[\r][\n]"
16:40:43.505 [pool-2-thread-4] DEBUG org.apache.http.wire -- http-outgoing-43 >> "Authorization: Bearer aGFzaGRzZnNkZnNkZnNkZnNk[\r][\n]"
16:40:43.505 [pool-2-thread-3] DEBUG org.apache.http.wire -- http-outgoing-44 >> "User-Agent: Apache-HttpClient/4.5.14 (Java/17.0.12)[\r][\n]"
16:40:43.505 [pool-2-thread-4] DEBUG org.apache.http.wire -- http-outgoing-43 >> "Content-Type: application/json; charset=UTF-8[\r][\n]"
16:40:43.505 [pool-2-thread-3] DEBUG org.apache.http.wire -- http-outgoing-44 >> "Accept-Encoding: gzip,deflate[\r][\n]"
16:40:43.505 [pool-2-thread-3] DEBUG org.apache.http.wire -- http-outgoing-44 >> "[\r][\n]"
16:40:43.505 [pool-2-thread-3] DEBUG org.apache.http.wire -- http-outgoing-44 >> "{"name":"Iphone 12","description":"Este es un smartphone de alta gama","price":1200}"
16:40:43.505 [pool-2-thread-4] DEBUG org.apache.http.wire -- http-outgoing-43 >> "Content-Length: 84[\r][\n]"
16:40:43.506 [pool-2-thread-4] DEBUG org.apache.http.wire -- http-outgoing-43 >> "Host: localhost:8081[\r][\n]"
16:40:43.506 [pool-2-thread-4] DEBUG org.apache.http.wire -- http-outgoing-43 >> "Connection: Keep-Alive[\r][\n]"
16:40:43.506 [pool-2-thread-4] DEBUG org.apache.http.wire -- http-outgoing-43 >> "User-Agent: Apache-HttpClient/4.5.14 (Java/17.0.12)[\r][\n]"
16:40:43.506 [pool-2-thread-4] DEBUG org.apache.http.wire -- http-outgoing-43 >> "Accept-Encoding: gzip,deflate[\r][\n]"
16:40:43.506 [pool-2-thread-4] DEBUG org.apache.http.wire -- http-outgoing-43 >> "[\r][\n]"
16:40:43.506 [pool-2-thread-4] DEBUG org.apache.http.wire -- http-outgoing-43 >> "{"name":"Iphone 12","description":"Este es un smartphone de alta gama","price":1200}"
16:40:43.508 [pool-2-thread-3] DEBUG org.apache.http.wire -- http-outgoing-44 << "HTTP/1.1 201 [\r][\n]"
16:40:43.508 [pool-2-thread-4] DEBUG org.apache.http.wire -- http-outgoing-43 << "HTTP/1.1 201 [\r][\n]"
16:40:43.508 [pool-2-thread-3] DEBUG org.apache.http.wire -- http-outgoing-44 << "Content-Type: application/json[\r][\n]"
16:40:43.508 [pool-2-thread-4] DEBUG org.apache.http.wire -- http-outgoing-43 << "Content-Type: application/json[\r][\n]"
16:40:43.508 [pool-2-thread-4] DEBUG org.apache.http.wire -- http-outgoing-43 << "Transfer-Encoding: chunked[\r][\n]"
16:40:43.508 [pool-2-thread-4] DEBUG org.apache.http.wire -- http-outgoing-43 << "Date: Wed, 09 Oct 2024 21:40:43 GMT[\r][\n]"
16:40:43.508 [pool-2-thread-4] DEBUG org.apache.http.wire -- http-outgoing-43 << "Keep-Alive: timeout=60[\r][\n]"
16:40:43.508 [pool-2-thread-4] DEBUG org.apache.http.wire -- http-outgoing-43 << "Connection: keep-alive[\r][\n]"
16:40:43.508 [pool-2-thread-4] DEBUG org.apache.http.wire -- http-outgoing-43 << "[\r][\n]"
16:40:43.508 [pool-2-thread-3] DEBUG org.apache.http.wire -- http-outgoing-44 << "Transfer-Encoding: chunked[\r][\n]"
16:40:43.508 [pool-2-thread-4] DEBUG org.apache.http.wire -- http-outgoing-43 << "6b[\r][\n]"
16:40:43.508 [pool-2-thread-3] DEBUG org.apache.http.wire -- http-outgoing-44 << "Date: Wed, 09 Oct 2024 21:40:43 GMT[\r][\n]"
16:40:43.508 [pool-2-thread-3] DEBUG org.apache.http.wire -- http-outgoing-44 << "Keep-Alive: timeout=60[\r][\n]"
16:40:43.508 [pool-2-thread-3] DEBUG org.apache.http.wire -- http-outgoing-44 << "Connection: keep-alive[\r][\n]"
16:40:43.508 [pool-2-thread-3] DEBUG org.apache.http.wire -- http-outgoing-44 << "[\r][\n]"
16:40:43.508 [pool-2-thread-3] DEBUG org.apache.http.wire -- http-outgoing-44 << "6b[\r][\n]"
16:40:43.508 [pool-2-thread-3] DEBUG org.apache.http.wire -- http-outgoing-44 << "{"sku":"ed3476be-7008-4405-b894-1184528e76f6","status":true,"message":"El producto fue creado con [0xc3][0xa9]xito!"}[\r][\n]"
16:40:43.508 [pool-2-thread-4] DEBUG org.apache.http.wire -- http-outgoing-43 << "{"sku":"0e08af70-4d08-4e3b-adbb-0b5bf26a2075","status":true,"message":"El producto fue creado con [0xc3][0xa9]xito!"}[\r][\n]"
16:40:43.509 [pool-2-thread-3] DEBUG org.apache.http.headers -- http-outgoing-44 << HTTP/1.1 201 
16:40:43.509 [pool-2-thread-3] DEBUG org.apache.http.headers -- http-outgoing-44 << Content-Type: application/json
16:40:43.509 [pool-2-thread-3] DEBUG org.apache.http.headers -- http-outgoing-44 << Transfer-Encoding: chunked
16:40:43.509 [pool-2-thread-4] DEBUG org.apache.http.headers -- http-outgoing-43 << HTTP/1.1 201 
16:40:43.509 [pool-2-thread-3] DEBUG org.apache.http.headers -- http-outgoing-44 << Date: Wed, 09 Oct 2024 21:40:43 GMT
16:40:43.509 [pool-2-thread-4] DEBUG org.apache.http.headers -- http-outgoing-43 << Content-Type: application/json
16:40:43.509 [pool-2-thread-3] DEBUG org.apache.http.headers -- http-outgoing-44 << Keep-Alive: timeout=60
16:40:43.509 [pool-2-thread-4] DEBUG org.apache.http.headers -- http-outgoing-43 << Transfer-Encoding: chunked
16:40:43.509 [pool-2-thread-3] DEBUG org.apache.http.headers -- http-outgoing-44 << Connection: keep-alive
16:40:43.509 [pool-2-thread-4] DEBUG org.apache.http.headers -- http-outgoing-43 << Date: Wed, 09 Oct 2024 21:40:43 GMT
16:40:43.509 [pool-2-thread-4] DEBUG org.apache.http.headers -- http-outgoing-43 << Keep-Alive: timeout=60
16:40:43.509 [pool-2-thread-4] DEBUG org.apache.http.headers -- http-outgoing-43 << Connection: keep-alive
16:40:43.509 [pool-2-thread-4] DEBUG org.apache.http.impl.execchain.MainClientExec -- Connection can be kept alive for 60000 MILLISECONDS
16:40:43.509 [pool-2-thread-3] DEBUG org.apache.http.impl.execchain.MainClientExec -- Connection can be kept alive for 60000 MILLISECONDS
16:40:43.509 [pool-2-thread-4] DEBUG org.apache.http.wire -- http-outgoing-43 << "0[\r][\n]"
16:40:43.509 [pool-2-thread-4] DEBUG org.apache.http.wire -- http-outgoing-43 << "[\r][\n]"
16:40:43.509 [pool-2-thread-3] DEBUG org.apache.http.wire -- http-outgoing-44 << "0[\r][\n]"
16:40:43.509 [pool-2-thread-3] DEBUG org.apache.http.wire -- http-outgoing-44 << "[\r][\n]"
16:40:43.509 [pool-2-thread-4] DEBUG org.apache.http.impl.conn.PoolingHttpClientConnectionManager -- Connection [id: 44][route: {}->http://localhost:8081] can be kept alive for 60.0 seconds
16:40:43.509 [pool-2-thread-4] DEBUG org.apache.http.impl.conn.DefaultManagedHttpClientConnection -- http-outgoing-43: set socket timeout to 0
16:40:43.509 [pool-2-thread-3] DEBUG org.apache.http.impl.conn.PoolingHttpClientConnectionManager -- Connection [id: 43][route: {}->http://localhost:8081] can be kept alive for 60.0 seconds
16:40:43.509 [pool-2-thread-3] DEBUG org.apache.http.impl.conn.DefaultManagedHttpClientConnection -- http-outgoing-44: set socket timeout to 0
16:40:43.509 [pool-2-thread-3] DEBUG org.apache.http.impl.conn.PoolingHttpClientConnectionManager -- Connection released: [id: 43][route: {}->http://localhost:8081][total available: 1; route allocated: 1 of 5; total allocated: 1 of 10]
16:40:43.509 [pool-2-thread-4] DEBUG org.apache.http.impl.conn.PoolingHttpClientConnectionManager -- Connection released: [id: 44][route: {}->http://localhost:8081][total available: 1; route allocated: 1 of 5; total allocated: 1 of 10]
16:40:43.509 [pool-2-thread-3] DEBUG org.apache.http.impl.conn.PoolingHttpClientConnectionManager -- Connection manager is shutting down
16:40:43.510 [pool-2-thread-3] DEBUG org.apache.http.impl.conn.DefaultManagedHttpClientConnection -- http-outgoing-44: Close connection
16:40:43.510 [pool-2-thread-4] DEBUG org.apache.http.impl.conn.PoolingHttpClientConnectionManager -- Connection manager is shutting down
16:40:43.510 [pool-2-thread-4] DEBUG org.apache.http.impl.conn.DefaultManagedHttpClientConnection -- http-outgoing-43: Close connection
16:40:43.510 [pool-2-thread-4] DEBUG org.apache.http.impl.conn.PoolingHttpClientConnectionManager -- Connection manager shut down
16:40:43.510 [pool-2-thread-3] DEBUG org.apache.http.impl.conn.PoolingHttpClientConnectionManager -- Connection manager shut down
16:40:43.510 [pool-2-thread-3] DEBUG com.intuit.karate -- response time in milliseconds: 6
1 < 201
1 < Content-Type: application/json
1 < Transfer-Encoding: chunked
1 < Date: Wed, 09 Oct 2024 21:40:43 GMT
1 < Keep-Alive: timeout=60
1 < Connection: keep-alive
{"sku":"ed3476be-7008-4405-b894-1184528e76f6","status":true,"message":"El producto fue creado con éxito!"}

16:40:43.510 [pool-2-thread-4] DEBUG com.intuit.karate -- response time in milliseconds: 6
1 < 201
1 < Content-Type: application/json
1 < Transfer-Encoding: chunked
1 < Date: Wed, 09 Oct 2024 21:40:43 GMT
1 < Keep-Alive: timeout=60
1 < Connection: keep-alive
{"sku":"0e08af70-4d08-4e3b-adbb-0b5bf26a2075","status":true,"message":"El producto fue creado con éxito!"}

16:40:43.512 [pool-2-thread-1] DEBUG com.jayway.jsonpath.internal.path.CompiledPath -- Evaluating path: $
16:40:43.513 [pool-2-thread-4] INFO com.intuit.karate -- << lock released, cached callonce: read('nuevo.feature')
16:40:43.513 [pool-2-thread-3] INFO com.intuit.karate -- << lock released, cached callonce: read('nuevo.feature')
16:40:43.519 [pool-2-thread-2] WARN com.intuit.karate -- this thread waited 47 milliseconds for callonce lock: read('nuevo.feature')
16:40:43.521 [pool-2-thread-5] DEBUG com.jayway.jsonpath.internal.path.CompiledPath -- Evaluating path: $
16:40:43.523 [pool-2-thread-1] DEBUG org.apache.http.client.protocol.RequestAddCookies -- CookieSpec selected: karate
16:40:43.523 [pool-2-thread-1] DEBUG org.apache.http.client.protocol.RequestAuthCache -- Auth cache not set in the context
16:40:43.523 [pool-2-thread-1] DEBUG com.intuit.karate -- request:
1 > POST http://localhost:8081/api/v1/product/
1 > Accept: application/json
1 > Authorization: Bearer aGFzaGRzZnNkZnNkZnNkZnNk
1 > Content-Type: application/json; charset=UTF-8
1 > Content-Length: 84
1 > Host: localhost:8081
1 > Connection: Keep-Alive
1 > User-Agent: Apache-HttpClient/4.5.14 (Java/17.0.12)
1 > Accept-Encoding: gzip,deflate
{"name":"Iphone 12","description":"Este es un smartphone de alta gama","price":1200}

16:40:43.524 [pool-2-thread-1] DEBUG org.apache.http.impl.conn.PoolingHttpClientConnectionManager -- Connection request: [route: {}->http://localhost:8081][total available: 0; route allocated: 0 of 5; total allocated: 0 of 10]
16:40:43.524 [pool-2-thread-1] DEBUG org.apache.http.impl.conn.PoolingHttpClientConnectionManager -- Connection leased: [id: 45][route: {}->http://localhost:8081][total available: 0; route allocated: 1 of 5; total allocated: 1 of 10]
16:40:43.525 [pool-2-thread-1] DEBUG org.apache.http.impl.execchain.MainClientExec -- Opening connection {}->http://localhost:8081
16:40:43.525 [pool-2-thread-1] DEBUG org.apache.http.impl.conn.DefaultHttpClientConnectionOperator -- Connecting to localhost/127.0.0.1:8081
16:40:43.526 [pool-2-thread-1] DEBUG org.apache.http.impl.conn.DefaultHttpClientConnectionOperator -- Connection established 127.0.0.1:49564<->127.0.0.1:8081
16:40:43.526 [pool-2-thread-1] DEBUG org.apache.http.impl.conn.DefaultManagedHttpClientConnection -- http-outgoing-45: set socket timeout to 30000
16:40:43.526 [pool-2-thread-1] DEBUG org.apache.http.impl.execchain.MainClientExec -- Executing request POST /api/v1/product/ HTTP/1.1
16:40:43.526 [pool-2-thread-1] DEBUG org.apache.http.impl.execchain.MainClientExec -- Proxy auth state: UNCHALLENGED
16:40:43.527 [pool-2-thread-1] DEBUG org.apache.http.headers -- http-outgoing-45 >> POST /api/v1/product/ HTTP/1.1
16:40:43.527 [pool-2-thread-1] DEBUG org.apache.http.headers -- http-outgoing-45 >> Accept: application/json
16:40:43.527 [pool-2-thread-1] DEBUG org.apache.http.headers -- http-outgoing-45 >> Authorization: Bearer aGFzaGRzZnNkZnNkZnNkZnNk
16:40:43.527 [pool-2-thread-1] DEBUG org.apache.http.headers -- http-outgoing-45 >> Content-Type: application/json; charset=UTF-8
16:40:43.527 [pool-2-thread-1] DEBUG org.apache.http.headers -- http-outgoing-45 >> Content-Length: 84
16:40:43.527 [pool-2-thread-1] DEBUG org.apache.http.headers -- http-outgoing-45 >> Host: localhost:8081
16:40:43.527 [pool-2-thread-1] DEBUG org.apache.http.headers -- http-outgoing-45 >> Connection: Keep-Alive
16:40:43.527 [pool-2-thread-1] DEBUG org.apache.http.headers -- http-outgoing-45 >> User-Agent: Apache-HttpClient/4.5.14 (Java/17.0.12)
16:40:43.527 [pool-2-thread-1] DEBUG org.apache.http.headers -- http-outgoing-45 >> Accept-Encoding: gzip,deflate
16:40:43.527 [pool-2-thread-1] DEBUG org.apache.http.wire -- http-outgoing-45 >> "POST /api/v1/product/ HTTP/1.1[\r][\n]"
16:40:43.527 [pool-2-thread-1] DEBUG org.apache.http.wire -- http-outgoing-45 >> "Accept: application/json[\r][\n]"
16:40:43.527 [pool-2-thread-1] DEBUG org.apache.http.wire -- http-outgoing-45 >> "Authorization: Bearer aGFzaGRzZnNkZnNkZnNkZnNk[\r][\n]"
16:40:43.527 [pool-2-thread-1] DEBUG org.apache.http.wire -- http-outgoing-45 >> "Content-Type: application/json; charset=UTF-8[\r][\n]"
16:40:43.527 [pool-2-thread-1] DEBUG org.apache.http.wire -- http-outgoing-45 >> "Content-Length: 84[\r][\n]"
16:40:43.527 [pool-2-thread-1] DEBUG org.apache.http.wire -- http-outgoing-45 >> "Host: localhost:8081[\r][\n]"
16:40:43.527 [pool-2-thread-1] DEBUG org.apache.http.wire -- http-outgoing-45 >> "Connection: Keep-Alive[\r][\n]"
16:40:43.527 [pool-2-thread-1] DEBUG org.apache.http.wire -- http-outgoing-45 >> "User-Agent: Apache-HttpClient/4.5.14 (Java/17.0.12)[\r][\n]"
16:40:43.527 [pool-2-thread-1] DEBUG org.apache.http.wire -- http-outgoing-45 >> "Accept-Encoding: gzip,deflate[\r][\n]"
16:40:43.527 [pool-2-thread-1] DEBUG org.apache.http.wire -- http-outgoing-45 >> "[\r][\n]"
16:40:43.527 [pool-2-thread-1] DEBUG org.apache.http.wire -- http-outgoing-45 >> "{"name":"Iphone 12","description":"Este es un smartphone de alta gama","price":1200}"
16:40:43.529 [pool-2-thread-1] DEBUG org.apache.http.wire -- http-outgoing-45 << "HTTP/1.1 201 [\r][\n]"
16:40:43.530 [pool-2-thread-1] DEBUG org.apache.http.wire -- http-outgoing-45 << "Content-Type: application/json[\r][\n]"
16:40:43.530 [pool-2-thread-1] DEBUG org.apache.http.wire -- http-outgoing-45 << "Transfer-Encoding: chunked[\r][\n]"
16:40:43.530 [pool-2-thread-1] DEBUG org.apache.http.wire -- http-outgoing-45 << "Date: Wed, 09 Oct 2024 21:40:43 GMT[\r][\n]"
16:40:43.530 [pool-2-thread-1] DEBUG org.apache.http.wire -- http-outgoing-45 << "Keep-Alive: timeout=60[\r][\n]"
16:40:43.529 [pool-2-thread-5] DEBUG org.apache.http.client.protocol.RequestAddCookies -- CookieSpec selected: karate
16:40:43.530 [pool-2-thread-1] DEBUG org.apache.http.wire -- http-outgoing-45 << "Connection: keep-alive[\r][\n]"
16:40:43.529 [pool-2-thread-4] INFO com.intuit.karate -- [print] {
  "sku": "0e08af70-4d08-4e3b-adbb-0b5bf26a2075",
  "status": true,
  "message": "El producto fue creado con éxito!"
}
 
16:40:43.530 [pool-2-thread-1] DEBUG org.apache.http.wire -- http-outgoing-45 << "[\r][\n]"
16:40:43.530 [pool-2-thread-5] DEBUG org.apache.http.client.protocol.RequestAuthCache -- Auth cache not set in the context
16:40:43.530 [pool-2-thread-1] DEBUG org.apache.http.wire -- http-outgoing-45 << "6b[\r][\n]"
16:40:43.531 [pool-2-thread-5] DEBUG com.intuit.karate -- request:
1 > POST http://localhost:8081/api/v1/product/
1 > Accept: application/json
1 > Authorization: Bearer aGFzaGRzZnNkZnNkZnNkZnNk
1 > Content-Type: application/json; charset=UTF-8
1 > Content-Length: 84
1 > Host: localhost:8081
1 > Connection: Keep-Alive
1 > User-Agent: Apache-HttpClient/4.5.14 (Java/17.0.12)
1 > Accept-Encoding: gzip,deflate
{"name":"Iphone 12","description":"Este es un smartphone de alta gama","price":1200}

16:40:43.531 [pool-2-thread-1] DEBUG org.apache.http.wire -- http-outgoing-45 << "{"sku":"f73e5602-0406-4003-8910-4599f30b1e0b","status":true,"message":"El producto fue creado con [0xc3][0xa9]xito!"}[\r][\n]"
16:40:43.531 [pool-2-thread-3] INFO com.intuit.karate -- [print] {
  "sku": "ed3476be-7008-4405-b894-1184528e76f6",
  "status": true,
  "message": "El producto fue creado con éxito!"
}
 
16:40:43.531 [pool-2-thread-5] DEBUG org.apache.http.impl.conn.PoolingHttpClientConnectionManager -- Connection request: [route: {}->http://localhost:8081][total available: 0; route allocated: 0 of 5; total allocated: 0 of 10]
16:40:43.531 [pool-2-thread-1] DEBUG org.apache.http.headers -- http-outgoing-45 << HTTP/1.1 201 
16:40:43.531 [pool-2-thread-1] DEBUG org.apache.http.headers -- http-outgoing-45 << Content-Type: application/json
16:40:43.531 [pool-2-thread-1] DEBUG org.apache.http.headers -- http-outgoing-45 << Transfer-Encoding: chunked
16:40:43.531 [pool-2-thread-1] DEBUG org.apache.http.headers -- http-outgoing-45 << Date: Wed, 09 Oct 2024 21:40:43 GMT
16:40:43.531 [pool-2-thread-1] DEBUG org.apache.http.headers -- http-outgoing-45 << Keep-Alive: timeout=60
16:40:43.531 [pool-2-thread-1] DEBUG org.apache.http.headers -- http-outgoing-45 << Connection: keep-alive
16:40:43.531 [pool-2-thread-5] DEBUG org.apache.http.impl.conn.PoolingHttpClientConnectionManager -- Connection leased: [id: 46][route: {}->http://localhost:8081][total available: 0; route allocated: 1 of 5; total allocated: 1 of 10]
16:40:43.531 [pool-2-thread-5] DEBUG org.apache.http.impl.execchain.MainClientExec -- Opening connection {}->http://localhost:8081
16:40:43.532 [pool-2-thread-1] DEBUG org.apache.http.impl.execchain.MainClientExec -- Connection can be kept alive for 60000 MILLISECONDS
16:40:43.532 [pool-2-thread-5] DEBUG org.apache.http.impl.conn.DefaultHttpClientConnectionOperator -- Connecting to localhost/127.0.0.1:8081
16:40:43.532 [pool-2-thread-2] INFO com.intuit.karate -- [print] {
  "sku": "ed3476be-7008-4405-b894-1184528e76f6",
  "status": true,
  "message": "El producto fue creado con éxito!"
}
 
16:40:43.532 [pool-2-thread-1] DEBUG org.apache.http.wire -- http-outgoing-45 << "0[\r][\n]"
16:40:43.532 [pool-2-thread-1] DEBUG org.apache.http.wire -- http-outgoing-45 << "[\r][\n]"
16:40:43.532 [pool-2-thread-1] DEBUG org.apache.http.impl.conn.PoolingHttpClientConnectionManager -- Connection [id: 45][route: {}->http://localhost:8081] can be kept alive for 60.0 seconds
16:40:43.532 [pool-2-thread-1] DEBUG org.apache.http.impl.conn.DefaultManagedHttpClientConnection -- http-outgoing-45: set socket timeout to 0
16:40:43.532 [pool-2-thread-1] DEBUG org.apache.http.impl.conn.PoolingHttpClientConnectionManager -- Connection released: [id: 45][route: {}->http://localhost:8081][total available: 1; route allocated: 1 of 5; total allocated: 1 of 10]
16:40:43.532 [pool-2-thread-1] DEBUG org.apache.http.impl.conn.PoolingHttpClientConnectionManager -- Connection manager is shutting down
16:40:43.532 [pool-2-thread-1] DEBUG org.apache.http.impl.conn.DefaultManagedHttpClientConnection -- http-outgoing-45: Close connection
16:40:43.533 [pool-2-thread-1] DEBUG org.apache.http.impl.conn.PoolingHttpClientConnectionManager -- Connection manager shut down
16:40:43.533 [pool-2-thread-1] DEBUG com.intuit.karate -- response time in milliseconds: 8
1 < 201
1 < Content-Type: application/json
1 < Transfer-Encoding: chunked
1 < Date: Wed, 09 Oct 2024 21:40:43 GMT
1 < Keep-Alive: timeout=60
1 < Connection: keep-alive
{"sku":"f73e5602-0406-4003-8910-4599f30b1e0b","status":true,"message":"El producto fue creado con éxito!"}

16:40:43.534 [pool-2-thread-5] DEBUG org.apache.http.impl.conn.DefaultHttpClientConnectionOperator -- Connection established 127.0.0.1:49565<->127.0.0.1:8081
16:40:43.534 [pool-2-thread-5] DEBUG org.apache.http.impl.conn.DefaultManagedHttpClientConnection -- http-outgoing-46: set socket timeout to 30000
16:40:43.534 [pool-2-thread-5] DEBUG org.apache.http.impl.execchain.MainClientExec -- Executing request POST /api/v1/product/ HTTP/1.1
16:40:43.534 [pool-2-thread-5] DEBUG org.apache.http.impl.execchain.MainClientExec -- Proxy auth state: UNCHALLENGED
16:40:43.534 [pool-2-thread-5] DEBUG org.apache.http.headers -- http-outgoing-46 >> POST /api/v1/product/ HTTP/1.1
16:40:43.534 [pool-2-thread-5] DEBUG org.apache.http.headers -- http-outgoing-46 >> Accept: application/json
16:40:43.534 [pool-2-thread-5] DEBUG org.apache.http.headers -- http-outgoing-46 >> Authorization: Bearer aGFzaGRzZnNkZnNkZnNkZnNk
16:40:43.534 [pool-2-thread-5] DEBUG org.apache.http.headers -- http-outgoing-46 >> Content-Type: application/json; charset=UTF-8
16:40:43.534 [pool-2-thread-5] DEBUG org.apache.http.headers -- http-outgoing-46 >> Content-Length: 84
16:40:43.534 [pool-2-thread-5] DEBUG org.apache.http.headers -- http-outgoing-46 >> Host: localhost:8081
16:40:43.534 [pool-2-thread-5] DEBUG org.apache.http.headers -- http-outgoing-46 >> Connection: Keep-Alive
16:40:43.534 [pool-2-thread-5] DEBUG org.apache.http.headers -- http-outgoing-46 >> User-Agent: Apache-HttpClient/4.5.14 (Java/17.0.12)
16:40:43.534 [pool-2-thread-5] DEBUG org.apache.http.headers -- http-outgoing-46 >> Accept-Encoding: gzip,deflate
16:40:43.534 [pool-2-thread-5] DEBUG org.apache.http.wire -- http-outgoing-46 >> "POST /api/v1/product/ HTTP/1.1[\r][\n]"
16:40:43.534 [pool-2-thread-5] DEBUG org.apache.http.wire -- http-outgoing-46 >> "Accept: application/json[\r][\n]"
16:40:43.534 [pool-2-thread-5] DEBUG org.apache.http.wire -- http-outgoing-46 >> "Authorization: Bearer aGFzaGRzZnNkZnNkZnNkZnNk[\r][\n]"
16:40:43.534 [pool-2-thread-5] DEBUG org.apache.http.wire -- http-outgoing-46 >> "Content-Type: application/json; charset=UTF-8[\r][\n]"
16:40:43.534 [pool-2-thread-5] DEBUG org.apache.http.wire -- http-outgoing-46 >> "Content-Length: 84[\r][\n]"
16:40:43.534 [pool-2-thread-5] DEBUG org.apache.http.wire -- http-outgoing-46 >> "Host: localhost:8081[\r][\n]"
16:40:43.534 [pool-2-thread-5] DEBUG org.apache.http.wire -- http-outgoing-46 >> "Connection: Keep-Alive[\r][\n]"
16:40:43.534 [pool-2-thread-5] DEBUG org.apache.http.wire -- http-outgoing-46 >> "User-Agent: Apache-HttpClient/4.5.14 (Java/17.0.12)[\r][\n]"
16:40:43.534 [pool-2-thread-5] DEBUG org.apache.http.wire -- http-outgoing-46 >> "Accept-Encoding: gzip,deflate[\r][\n]"
16:40:43.534 [pool-2-thread-5] DEBUG org.apache.http.wire -- http-outgoing-46 >> "[\r][\n]"
16:40:43.534 [pool-2-thread-5] DEBUG org.apache.http.wire -- http-outgoing-46 >> "{"name":"Iphone 12","description":"Este es un smartphone de alta gama","price":1200}"
16:40:43.535 [pool-2-thread-1] INFO com.intuit.karate -- << lock released, cached callonce: read('nuevo.feature')
16:40:43.536 [pool-2-thread-4] DEBUG org.apache.http.client.protocol.RequestAddCookies -- CookieSpec selected: karate
16:40:43.536 [pool-2-thread-3] INFO com.intuit.karate -- [print] b5b4e8f5-e385-4af2-b2af-ecc90497c09a 
16:40:43.537 [pool-2-thread-4] DEBUG org.apache.http.client.protocol.RequestAuthCache -- Auth cache not set in the context
16:40:43.537 [pool-2-thread-4] DEBUG com.intuit.karate -- request:
1 > DELETE http://localhost:8081/api/v1/product/0e08af70-4d08-4e3b-adbb-0b5bf26a2075/
1 > Accept: application/json
1 > Host: localhost:8081
1 > Connection: Keep-Alive
1 > User-Agent: Apache-HttpClient/4.5.14 (Java/17.0.12)
1 > Accept-Encoding: gzip,deflate


16:40:43.537 [pool-2-thread-4] DEBUG org.apache.http.impl.conn.PoolingHttpClientConnectionManager -- Connection request: [route: {}->http://localhost:8081][total available: 0; route allocated: 0 of 5; total allocated: 0 of 10]
16:40:43.537 [pool-2-thread-4] DEBUG org.apache.http.impl.conn.PoolingHttpClientConnectionManager -- Connection leased: [id: 47][route: {}->http://localhost:8081][total available: 0; route allocated: 1 of 5; total allocated: 1 of 10]
16:40:43.537 [pool-2-thread-4] DEBUG org.apache.http.impl.execchain.MainClientExec -- Opening connection {}->http://localhost:8081
16:40:43.537 [pool-2-thread-1] INFO com.intuit.karate -- [print] {
  "sku": "f73e5602-0406-4003-8910-4599f30b1e0b",
  "status": true,
  "message": "El producto fue creado con éxito!"
}
 
16:40:43.538 [pool-2-thread-4] DEBUG org.apache.http.impl.conn.DefaultHttpClientConnectionOperator -- Connecting to localhost/127.0.0.1:8081
16:40:43.538 [pool-2-thread-5] DEBUG org.apache.http.wire -- http-outgoing-46 << "HTTP/1.1 201 [\r][\n]"
16:40:43.538 [pool-2-thread-5] DEBUG org.apache.http.wire -- http-outgoing-46 << "Content-Type: application/json[\r][\n]"
16:40:43.538 [pool-2-thread-5] DEBUG org.apache.http.wire -- http-outgoing-46 << "Transfer-Encoding: chunked[\r][\n]"
16:40:43.538 [pool-2-thread-5] DEBUG org.apache.http.wire -- http-outgoing-46 << "Date: Wed, 09 Oct 2024 21:40:43 GMT[\r][\n]"
16:40:43.538 [pool-2-thread-5] DEBUG org.apache.http.wire -- http-outgoing-46 << "Keep-Alive: timeout=60[\r][\n]"
16:40:43.538 [pool-2-thread-5] DEBUG org.apache.http.wire -- http-outgoing-46 << "Connection: keep-alive[\r][\n]"
16:40:43.538 [pool-2-thread-5] DEBUG org.apache.http.wire -- http-outgoing-46 << "[\r][\n]"
16:40:43.538 [pool-2-thread-5] DEBUG org.apache.http.wire -- http-outgoing-46 << "6b[\r][\n]"
16:40:43.538 [pool-2-thread-5] DEBUG org.apache.http.wire -- http-outgoing-46 << "{"sku":"8915e77e-0f58-47c4-a65d-8a2d2cb1095a","status":true,"message":"El producto fue creado con [0xc3][0xa9]xito!"}[\r][\n]"
16:40:43.538 [pool-2-thread-5] DEBUG org.apache.http.headers -- http-outgoing-46 << HTTP/1.1 201 
16:40:43.538 [pool-2-thread-5] DEBUG org.apache.http.headers -- http-outgoing-46 << Content-Type: application/json
16:40:43.538 [pool-2-thread-5] DEBUG org.apache.http.headers -- http-outgoing-46 << Transfer-Encoding: chunked
16:40:43.538 [pool-2-thread-5] DEBUG org.apache.http.headers -- http-outgoing-46 << Date: Wed, 09 Oct 2024 21:40:43 GMT
16:40:43.538 [pool-2-thread-5] DEBUG org.apache.http.headers -- http-outgoing-46 << Keep-Alive: timeout=60
16:40:43.538 [pool-2-thread-2] DEBUG org.apache.http.client.protocol.RequestAddCookies -- CookieSpec selected: karate
16:40:43.538 [pool-2-thread-5] DEBUG org.apache.http.headers -- http-outgoing-46 << Connection: keep-alive
16:40:43.538 [pool-2-thread-2] DEBUG org.apache.http.client.protocol.RequestAuthCache -- Auth cache not set in the context
16:40:43.538 [pool-2-thread-2] DEBUG com.intuit.karate -- request:
1 > DELETE http://localhost:8081/api/v1/product/sku_inexistente/
1 > Accept: application/json
1 > Host: localhost:8081
1 > Connection: Keep-Alive
1 > User-Agent: Apache-HttpClient/4.5.14 (Java/17.0.12)
1 > Accept-Encoding: gzip,deflate


16:40:43.539 [pool-2-thread-5] DEBUG org.apache.http.impl.execchain.MainClientExec -- Connection can be kept alive for 60000 MILLISECONDS
16:40:43.539 [pool-2-thread-2] DEBUG org.apache.http.impl.conn.PoolingHttpClientConnectionManager -- Connection request: [route: {}->http://localhost:8081][total available: 0; route allocated: 0 of 5; total allocated: 0 of 10]
16:40:43.539 [pool-2-thread-4] DEBUG org.apache.http.impl.conn.DefaultHttpClientConnectionOperator -- Connection established 127.0.0.1:49566<->127.0.0.1:8081
16:40:43.539 [pool-2-thread-4] DEBUG org.apache.http.impl.conn.DefaultManagedHttpClientConnection -- http-outgoing-47: set socket timeout to 30000
16:40:43.539 [pool-2-thread-2] DEBUG org.apache.http.impl.conn.PoolingHttpClientConnectionManager -- Connection leased: [id: 48][route: {}->http://localhost:8081][total available: 0; route allocated: 1 of 5; total allocated: 1 of 10]
16:40:43.539 [pool-2-thread-2] DEBUG org.apache.http.impl.execchain.MainClientExec -- Opening connection {}->http://localhost:8081
16:40:43.539 [pool-2-thread-4] DEBUG org.apache.http.impl.execchain.MainClientExec -- Executing request DELETE /api/v1/product/0e08af70-4d08-4e3b-adbb-0b5bf26a2075/ HTTP/1.1
16:40:43.539 [pool-2-thread-4] DEBUG org.apache.http.impl.execchain.MainClientExec -- Target auth state: UNCHALLENGED
16:40:43.539 [pool-2-thread-4] DEBUG org.apache.http.impl.execchain.MainClientExec -- Proxy auth state: UNCHALLENGED
16:40:43.539 [pool-2-thread-2] DEBUG org.apache.http.impl.conn.DefaultHttpClientConnectionOperator -- Connecting to localhost/127.0.0.1:8081
16:40:43.539 [pool-2-thread-4] DEBUG org.apache.http.headers -- http-outgoing-47 >> DELETE /api/v1/product/0e08af70-4d08-4e3b-adbb-0b5bf26a2075/ HTTP/1.1
16:40:43.539 [pool-2-thread-5] DEBUG org.apache.http.wire -- http-outgoing-46 << "0[\r][\n]"
16:40:43.540 [pool-2-thread-5] DEBUG org.apache.http.wire -- http-outgoing-46 << "[\r][\n]"
16:40:43.540 [pool-2-thread-4] DEBUG org.apache.http.headers -- http-outgoing-47 >> Accept: application/json
16:40:43.540 [pool-2-thread-4] DEBUG org.apache.http.headers -- http-outgoing-47 >> Host: localhost:8081
16:40:43.540 [pool-2-thread-4] DEBUG org.apache.http.headers -- http-outgoing-47 >> Connection: Keep-Alive
16:40:43.540 [pool-2-thread-4] DEBUG org.apache.http.headers -- http-outgoing-47 >> User-Agent: Apache-HttpClient/4.5.14 (Java/17.0.12)
16:40:43.540 [pool-2-thread-4] DEBUG org.apache.http.headers -- http-outgoing-47 >> Accept-Encoding: gzip,deflate
16:40:43.540 [pool-2-thread-4] DEBUG org.apache.http.wire -- http-outgoing-47 >> "DELETE /api/v1/product/0e08af70-4d08-4e3b-adbb-0b5bf26a2075/ HTTP/1.1[\r][\n]"
16:40:43.540 [pool-2-thread-4] DEBUG org.apache.http.wire -- http-outgoing-47 >> "Accept: application/json[\r][\n]"
16:40:43.540 [pool-2-thread-4] DEBUG org.apache.http.wire -- http-outgoing-47 >> "Host: localhost:8081[\r][\n]"
16:40:43.540 [pool-2-thread-4] DEBUG org.apache.http.wire -- http-outgoing-47 >> "Connection: Keep-Alive[\r][\n]"
16:40:43.540 [pool-2-thread-4] DEBUG org.apache.http.wire -- http-outgoing-47 >> "User-Agent: Apache-HttpClient/4.5.14 (Java/17.0.12)[\r][\n]"
16:40:43.540 [pool-2-thread-5] DEBUG org.apache.http.impl.conn.PoolingHttpClientConnectionManager -- Connection [id: 46][route: {}->http://localhost:8081] can be kept alive for 60.0 seconds
16:40:43.540 [pool-2-thread-4] DEBUG org.apache.http.wire -- http-outgoing-47 >> "Accept-Encoding: gzip,deflate[\r][\n]"
16:40:43.540 [pool-2-thread-5] DEBUG org.apache.http.impl.conn.DefaultManagedHttpClientConnection -- http-outgoing-46: set socket timeout to 0
16:40:43.540 [pool-2-thread-5] DEBUG org.apache.http.impl.conn.PoolingHttpClientConnectionManager -- Connection released: [id: 46][route: {}->http://localhost:8081][total available: 1; route allocated: 1 of 5; total allocated: 1 of 10]
16:40:43.540 [pool-2-thread-5] DEBUG org.apache.http.impl.conn.PoolingHttpClientConnectionManager -- Connection manager is shutting down
16:40:43.540 [pool-2-thread-4] DEBUG org.apache.http.wire -- http-outgoing-47 >> "[\r][\n]"
16:40:43.540 [pool-2-thread-5] DEBUG org.apache.http.impl.conn.DefaultManagedHttpClientConnection -- http-outgoing-46: Close connection
16:40:43.540 [pool-2-thread-5] DEBUG org.apache.http.impl.conn.PoolingHttpClientConnectionManager -- Connection manager shut down
16:40:43.540 [pool-2-thread-5] DEBUG com.intuit.karate -- response time in milliseconds: 9
1 < 201
1 < Content-Type: application/json
1 < Transfer-Encoding: chunked
1 < Date: Wed, 09 Oct 2024 21:40:43 GMT
1 < Keep-Alive: timeout=60
1 < Connection: keep-alive
{"sku":"8915e77e-0f58-47c4-a65d-8a2d2cb1095a","status":true,"message":"El producto fue creado con éxito!"}

16:40:43.541 [pool-2-thread-2] DEBUG org.apache.http.impl.conn.DefaultHttpClientConnectionOperator -- Connection established 127.0.0.1:49567<->127.0.0.1:8081
16:40:43.541 [pool-2-thread-2] DEBUG org.apache.http.impl.conn.DefaultManagedHttpClientConnection -- http-outgoing-48: set socket timeout to 30000
16:40:43.541 [pool-2-thread-2] DEBUG org.apache.http.impl.execchain.MainClientExec -- Executing request DELETE /api/v1/product/sku_inexistente/ HTTP/1.1
16:40:43.541 [pool-2-thread-2] DEBUG org.apache.http.impl.execchain.MainClientExec -- Target auth state: UNCHALLENGED
16:40:43.541 [pool-2-thread-2] DEBUG org.apache.http.impl.execchain.MainClientExec -- Proxy auth state: UNCHALLENGED
16:40:43.541 [pool-2-thread-2] DEBUG org.apache.http.headers -- http-outgoing-48 >> DELETE /api/v1/product/sku_inexistente/ HTTP/1.1
16:40:43.541 [pool-2-thread-2] DEBUG org.apache.http.headers -- http-outgoing-48 >> Accept: application/json
16:40:43.541 [pool-2-thread-2] DEBUG org.apache.http.headers -- http-outgoing-48 >> Host: localhost:8081
16:40:43.541 [pool-2-thread-2] DEBUG org.apache.http.headers -- http-outgoing-48 >> Connection: Keep-Alive
16:40:43.541 [pool-2-thread-2] DEBUG org.apache.http.headers -- http-outgoing-48 >> User-Agent: Apache-HttpClient/4.5.14 (Java/17.0.12)
16:40:43.541 [pool-2-thread-2] DEBUG org.apache.http.headers -- http-outgoing-48 >> Accept-Encoding: gzip,deflate
16:40:43.541 [pool-2-thread-2] DEBUG org.apache.http.wire -- http-outgoing-48 >> "DELETE /api/v1/product/sku_inexistente/ HTTP/1.1[\r][\n]"
16:40:43.541 [pool-2-thread-2] DEBUG org.apache.http.wire -- http-outgoing-48 >> "Accept: application/json[\r][\n]"
16:40:43.541 [pool-2-thread-2] DEBUG org.apache.http.wire -- http-outgoing-48 >> "Host: localhost:8081[\r][\n]"
16:40:43.541 [pool-2-thread-2] DEBUG org.apache.http.wire -- http-outgoing-48 >> "Connection: Keep-Alive[\r][\n]"
16:40:43.541 [pool-2-thread-2] DEBUG org.apache.http.wire -- http-outgoing-48 >> "User-Agent: Apache-HttpClient/4.5.14 (Java/17.0.12)[\r][\n]"
16:40:43.541 [pool-2-thread-2] DEBUG org.apache.http.wire -- http-outgoing-48 >> "Accept-Encoding: gzip,deflate[\r][\n]"
16:40:43.541 [pool-2-thread-2] DEBUG org.apache.http.wire -- http-outgoing-48 >> "[\r][\n]"
16:40:43.541 [pool-2-thread-5] INFO com.intuit.karate -- << lock released, cached callonce: read('nuevo.feature')
16:40:43.542 [pool-2-thread-1] DEBUG org.apache.http.client.protocol.RequestAddCookies -- CookieSpec selected: karate
16:40:43.542 [pool-2-thread-3] DEBUG org.apache.http.client.protocol.RequestAddCookies -- CookieSpec selected: karate
16:40:43.542 [pool-2-thread-1] DEBUG org.apache.http.client.protocol.RequestAuthCache -- Auth cache not set in the context
16:40:43.542 [pool-2-thread-3] DEBUG org.apache.http.client.protocol.RequestAuthCache -- Auth cache not set in the context
16:40:43.543 [pool-2-thread-1] DEBUG com.intuit.karate -- request:
1 > GET http://localhost:8081/api/v1/product/f73e5602-0406-4003-8910-4599f30b1e0b/
1 > Accept: application/json
1 > Host: localhost:8081
1 > Connection: Keep-Alive
1 > User-Agent: Apache-HttpClient/4.5.14 (Java/17.0.12)
1 > Accept-Encoding: gzip,deflate


16:40:43.543 [pool-2-thread-3] DEBUG com.intuit.karate -- request:
1 > DELETE http://localhost:8081/api/v1/product/b5b4e8f5-e385-4af2-b2af-ecc90497c09a/
1 > Accept: application/json
1 > Host: localhost:8081
1 > Connection: Keep-Alive
1 > User-Agent: Apache-HttpClient/4.5.14 (Java/17.0.12)
1 > Accept-Encoding: gzip,deflate


16:40:43.543 [pool-2-thread-1] DEBUG org.apache.http.impl.conn.PoolingHttpClientConnectionManager -- Connection request: [route: {}->http://localhost:8081][total available: 0; route allocated: 0 of 5; total allocated: 0 of 10]
16:40:43.543 [pool-2-thread-3] DEBUG org.apache.http.impl.conn.PoolingHttpClientConnectionManager -- Connection request: [route: {}->http://localhost:8081][total available: 0; route allocated: 0 of 5; total allocated: 0 of 10]
16:40:43.543 [pool-2-thread-1] DEBUG org.apache.http.impl.conn.PoolingHttpClientConnectionManager -- Connection leased: [id: 50][route: {}->http://localhost:8081][total available: 0; route allocated: 1 of 5; total allocated: 1 of 10]
16:40:43.543 [pool-2-thread-3] DEBUG org.apache.http.impl.conn.PoolingHttpClientConnectionManager -- Connection leased: [id: 49][route: {}->http://localhost:8081][total available: 0; route allocated: 1 of 5; total allocated: 1 of 10]
16:40:43.543 [pool-2-thread-1] DEBUG org.apache.http.impl.execchain.MainClientExec -- Opening connection {}->http://localhost:8081
16:40:43.543 [pool-2-thread-3] DEBUG org.apache.http.impl.execchain.MainClientExec -- Opening connection {}->http://localhost:8081
16:40:43.543 [pool-2-thread-1] DEBUG org.apache.http.impl.conn.DefaultHttpClientConnectionOperator -- Connecting to localhost/127.0.0.1:8081
16:40:43.543 [pool-2-thread-3] DEBUG org.apache.http.impl.conn.DefaultHttpClientConnectionOperator -- Connecting to localhost/127.0.0.1:8081
16:40:43.545 [pool-2-thread-3] DEBUG org.apache.http.impl.conn.DefaultHttpClientConnectionOperator -- Connection established 127.0.0.1:49569<->127.0.0.1:8081
16:40:43.545 [pool-2-thread-1] DEBUG org.apache.http.impl.conn.DefaultHttpClientConnectionOperator -- Connection established 127.0.0.1:49568<->127.0.0.1:8081
16:40:43.545 [pool-2-thread-3] DEBUG org.apache.http.impl.conn.DefaultManagedHttpClientConnection -- http-outgoing-50: set socket timeout to 30000
16:40:43.545 [pool-2-thread-1] DEBUG org.apache.http.impl.conn.DefaultManagedHttpClientConnection -- http-outgoing-49: set socket timeout to 30000
16:40:43.545 [pool-2-thread-3] DEBUG org.apache.http.impl.execchain.MainClientExec -- Executing request DELETE /api/v1/product/b5b4e8f5-e385-4af2-b2af-ecc90497c09a/ HTTP/1.1
16:40:43.545 [pool-2-thread-1] DEBUG org.apache.http.impl.execchain.MainClientExec -- Executing request GET /api/v1/product/f73e5602-0406-4003-8910-4599f30b1e0b/ HTTP/1.1
16:40:43.545 [pool-2-thread-1] DEBUG org.apache.http.impl.execchain.MainClientExec -- Target auth state: UNCHALLENGED
16:40:43.545 [pool-2-thread-3] DEBUG org.apache.http.impl.execchain.MainClientExec -- Target auth state: UNCHALLENGED
16:40:43.545 [pool-2-thread-1] DEBUG org.apache.http.impl.execchain.MainClientExec -- Proxy auth state: UNCHALLENGED
16:40:43.545 [pool-2-thread-3] DEBUG org.apache.http.impl.execchain.MainClientExec -- Proxy auth state: UNCHALLENGED
16:40:43.545 [pool-2-thread-5] INFO com.intuit.karate -- [print] {
  "sku": "8915e77e-0f58-47c4-a65d-8a2d2cb1095a",
  "status": true,
  "message": "El producto fue creado con éxito!"
}
 
16:40:43.545 [pool-2-thread-1] DEBUG org.apache.http.headers -- http-outgoing-49 >> GET /api/v1/product/f73e5602-0406-4003-8910-4599f30b1e0b/ HTTP/1.1
16:40:43.545 [pool-2-thread-3] DEBUG org.apache.http.headers -- http-outgoing-50 >> DELETE /api/v1/product/b5b4e8f5-e385-4af2-b2af-ecc90497c09a/ HTTP/1.1
16:40:43.545 [pool-2-thread-1] DEBUG org.apache.http.headers -- http-outgoing-49 >> Accept: application/json
16:40:43.545 [pool-2-thread-3] DEBUG org.apache.http.headers -- http-outgoing-50 >> Accept: application/json
16:40:43.545 [pool-2-thread-1] DEBUG org.apache.http.headers -- http-outgoing-49 >> Host: localhost:8081
16:40:43.545 [pool-2-thread-3] DEBUG org.apache.http.headers -- http-outgoing-50 >> Host: localhost:8081
16:40:43.545 [pool-2-thread-3] DEBUG org.apache.http.headers -- http-outgoing-50 >> Connection: Keep-Alive
16:40:43.545 [pool-2-thread-1] DEBUG org.apache.http.headers -- http-outgoing-49 >> Connection: Keep-Alive
16:40:43.545 [pool-2-thread-3] DEBUG org.apache.http.headers -- http-outgoing-50 >> User-Agent: Apache-HttpClient/4.5.14 (Java/17.0.12)
16:40:43.545 [pool-2-thread-1] DEBUG org.apache.http.headers -- http-outgoing-49 >> User-Agent: Apache-HttpClient/4.5.14 (Java/17.0.12)
16:40:43.545 [pool-2-thread-3] DEBUG org.apache.http.headers -- http-outgoing-50 >> Accept-Encoding: gzip,deflate
16:40:43.545 [pool-2-thread-1] DEBUG org.apache.http.headers -- http-outgoing-49 >> Accept-Encoding: gzip,deflate
16:40:43.545 [pool-2-thread-3] DEBUG org.apache.http.wire -- http-outgoing-50 >> "DELETE /api/v1/product/b5b4e8f5-e385-4af2-b2af-ecc90497c09a/ HTTP/1.1[\r][\n]"
16:40:43.545 [pool-2-thread-1] DEBUG org.apache.http.wire -- http-outgoing-49 >> "GET /api/v1/product/f73e5602-0406-4003-8910-4599f30b1e0b/ HTTP/1.1[\r][\n]"
16:40:43.545 [pool-2-thread-1] DEBUG org.apache.http.wire -- http-outgoing-49 >> "Accept: application/json[\r][\n]"
16:40:43.545 [pool-2-thread-1] DEBUG org.apache.http.wire -- http-outgoing-49 >> "Host: localhost:8081[\r][\n]"
16:40:43.545 [pool-2-thread-1] DEBUG org.apache.http.wire -- http-outgoing-49 >> "Connection: Keep-Alive[\r][\n]"
16:40:43.545 [pool-2-thread-3] DEBUG org.apache.http.wire -- http-outgoing-50 >> "Accept: application/json[\r][\n]"
16:40:43.545 [pool-2-thread-1] DEBUG org.apache.http.wire -- http-outgoing-49 >> "User-Agent: Apache-HttpClient/4.5.14 (Java/17.0.12)[\r][\n]"
16:40:43.545 [pool-2-thread-3] DEBUG org.apache.http.wire -- http-outgoing-50 >> "Host: localhost:8081[\r][\n]"
16:40:43.545 [pool-2-thread-3] DEBUG org.apache.http.wire -- http-outgoing-50 >> "Connection: Keep-Alive[\r][\n]"
16:40:43.545 [pool-2-thread-1] DEBUG org.apache.http.wire -- http-outgoing-49 >> "Accept-Encoding: gzip,deflate[\r][\n]"
16:40:43.546 [pool-2-thread-3] DEBUG org.apache.http.wire -- http-outgoing-50 >> "User-Agent: Apache-HttpClient/4.5.14 (Java/17.0.12)[\r][\n]"
16:40:43.546 [pool-2-thread-1] DEBUG org.apache.http.wire -- http-outgoing-49 >> "[\r][\n]"
16:40:43.546 [pool-2-thread-3] DEBUG org.apache.http.wire -- http-outgoing-50 >> "Accept-Encoding: gzip,deflate[\r][\n]"
16:40:43.546 [pool-2-thread-3] DEBUG org.apache.http.wire -- http-outgoing-50 >> "[\r][\n]"
16:40:43.546 [pool-2-thread-2] DEBUG org.apache.http.wire -- http-outgoing-48 << "HTTP/1.1 404 [\r][\n]"
16:40:43.546 [pool-2-thread-2] DEBUG org.apache.http.wire -- http-outgoing-48 << "Content-Type: application/json[\r][\n]"
16:40:43.546 [pool-2-thread-2] DEBUG org.apache.http.wire -- http-outgoing-48 << "Transfer-Encoding: chunked[\r][\n]"
16:40:43.546 [pool-2-thread-2] DEBUG org.apache.http.wire -- http-outgoing-48 << "Date: Wed, 09 Oct 2024 21:40:43 GMT[\r][\n]"
16:40:43.546 [pool-2-thread-2] DEBUG org.apache.http.wire -- http-outgoing-48 << "Keep-Alive: timeout=60[\r][\n]"
16:40:43.546 [pool-2-thread-2] DEBUG org.apache.http.wire -- http-outgoing-48 << "Connection: keep-alive[\r][\n]"
16:40:43.546 [pool-2-thread-2] DEBUG org.apache.http.wire -- http-outgoing-48 << "[\r][\n]"
16:40:43.546 [pool-2-thread-2] DEBUG org.apache.http.wire -- http-outgoing-48 << "44[\r][\n]"
16:40:43.546 [pool-2-thread-2] DEBUG org.apache.http.wire -- http-outgoing-48 << "{"count":1,"status":false,"message":"El producto no fue encontrado"}[\r][\n]"
16:40:43.546 [pool-2-thread-2] DEBUG org.apache.http.headers -- http-outgoing-48 << HTTP/1.1 404 
16:40:43.546 [pool-2-thread-2] DEBUG org.apache.http.headers -- http-outgoing-48 << Content-Type: application/json
16:40:43.546 [pool-2-thread-2] DEBUG org.apache.http.headers -- http-outgoing-48 << Transfer-Encoding: chunked
16:40:43.546 [pool-2-thread-2] DEBUG org.apache.http.headers -- http-outgoing-48 << Date: Wed, 09 Oct 2024 21:40:43 GMT
16:40:43.546 [pool-2-thread-2] DEBUG org.apache.http.headers -- http-outgoing-48 << Keep-Alive: timeout=60
16:40:43.546 [pool-2-thread-2] DEBUG org.apache.http.headers -- http-outgoing-48 << Connection: keep-alive
16:40:43.548 [pool-2-thread-2] DEBUG org.apache.http.impl.execchain.MainClientExec -- Connection can be kept alive for 60000 MILLISECONDS
16:40:43.548 [pool-2-thread-2] DEBUG org.apache.http.wire -- http-outgoing-48 << "0[\r][\n]"
16:40:43.548 [pool-2-thread-2] DEBUG org.apache.http.wire -- http-outgoing-48 << "[\r][\n]"
16:40:43.548 [pool-2-thread-2] DEBUG org.apache.http.impl.conn.PoolingHttpClientConnectionManager -- Connection [id: 48][route: {}->http://localhost:8081] can be kept alive for 60.0 seconds
16:40:43.548 [pool-2-thread-2] DEBUG org.apache.http.impl.conn.DefaultManagedHttpClientConnection -- http-outgoing-48: set socket timeout to 0
16:40:43.548 [pool-2-thread-2] DEBUG org.apache.http.impl.conn.PoolingHttpClientConnectionManager -- Connection released: [id: 48][route: {}->http://localhost:8081][total available: 1; route allocated: 1 of 5; total allocated: 1 of 10]
16:40:43.548 [pool-2-thread-2] DEBUG org.apache.http.impl.conn.PoolingHttpClientConnectionManager -- Connection manager is shutting down
16:40:43.548 [pool-2-thread-2] DEBUG org.apache.http.impl.conn.DefaultManagedHttpClientConnection -- http-outgoing-48: Close connection
16:40:43.549 [pool-2-thread-2] DEBUG org.apache.http.impl.conn.PoolingHttpClientConnectionManager -- Connection manager shut down
16:40:43.549 [pool-2-thread-2] DEBUG com.intuit.karate -- response time in milliseconds: 9
1 < 404
1 < Content-Type: application/json
1 < Transfer-Encoding: chunked
1 < Date: Wed, 09 Oct 2024 21:40:43 GMT
1 < Keep-Alive: timeout=60
1 < Connection: keep-alive
{"count":1,"status":false,"message":"El producto no fue encontrado"}

16:40:43.549 [pool-2-thread-5] DEBUG com.jayway.jsonpath.internal.path.CompiledPath -- Evaluating path: $
16:40:43.549 [pool-2-thread-4] DEBUG org.apache.http.wire -- http-outgoing-47 << "HTTP/1.1 200 [\r][\n]"
16:40:43.549 [pool-2-thread-4] DEBUG org.apache.http.wire -- http-outgoing-47 << "Content-Type: application/json[\r][\n]"
16:40:43.549 [pool-2-thread-4] DEBUG org.apache.http.wire -- http-outgoing-47 << "Transfer-Encoding: chunked[\r][\n]"
16:40:43.549 [pool-2-thread-4] DEBUG org.apache.http.wire -- http-outgoing-47 << "Date: Wed, 09 Oct 2024 21:40:43 GMT[\r][\n]"
16:40:43.549 [pool-2-thread-4] DEBUG org.apache.http.wire -- http-outgoing-47 << "Keep-Alive: timeout=60[\r][\n]"
16:40:43.549 [pool-2-thread-4] DEBUG org.apache.http.wire -- http-outgoing-47 << "Connection: keep-alive[\r][\n]"
16:40:43.549 [pool-2-thread-4] DEBUG org.apache.http.wire -- http-outgoing-47 << "[\r][\n]"
16:40:43.549 [pool-2-thread-4] DEBUG org.apache.http.wire -- http-outgoing-47 << "4a[\r][\n]"
16:40:43.549 [pool-2-thread-4] DEBUG org.apache.http.wire -- http-outgoing-47 << "{"count":1,"status":true,"message":"El producto fue eliminado con [0xc3][0xa9]xito"}[\r][\n]"
16:40:43.549 [pool-2-thread-4] DEBUG org.apache.http.headers -- http-outgoing-47 << HTTP/1.1 200 
16:40:43.550 [pool-2-thread-4] DEBUG org.apache.http.headers -- http-outgoing-47 << Content-Type: application/json
16:40:43.550 [pool-2-thread-4] DEBUG org.apache.http.headers -- http-outgoing-47 << Transfer-Encoding: chunked
16:40:43.550 [pool-2-thread-4] DEBUG org.apache.http.headers -- http-outgoing-47 << Date: Wed, 09 Oct 2024 21:40:43 GMT
16:40:43.550 [pool-2-thread-4] DEBUG org.apache.http.headers -- http-outgoing-47 << Keep-Alive: timeout=60
16:40:43.550 [pool-2-thread-4] DEBUG org.apache.http.headers -- http-outgoing-47 << Connection: keep-alive
16:40:43.550 [pool-2-thread-4] DEBUG org.apache.http.impl.execchain.MainClientExec -- Connection can be kept alive for 60000 MILLISECONDS
16:40:43.550 [pool-2-thread-4] DEBUG org.apache.http.wire -- http-outgoing-47 << "0[\r][\n]"
16:40:43.550 [pool-2-thread-4] DEBUG org.apache.http.wire -- http-outgoing-47 << "[\r][\n]"
16:40:43.550 [pool-2-thread-4] DEBUG org.apache.http.impl.conn.PoolingHttpClientConnectionManager -- Connection [id: 47][route: {}->http://localhost:8081] can be kept alive for 60.0 seconds
16:40:43.550 [pool-2-thread-4] DEBUG org.apache.http.impl.conn.DefaultManagedHttpClientConnection -- http-outgoing-47: set socket timeout to 0
16:40:43.550 [pool-2-thread-4] DEBUG org.apache.http.impl.conn.PoolingHttpClientConnectionManager -- Connection released: [id: 47][route: {}->http://localhost:8081][total available: 1; route allocated: 1 of 5; total allocated: 1 of 10]
16:40:43.550 [pool-2-thread-4] DEBUG org.apache.http.impl.conn.PoolingHttpClientConnectionManager -- Connection manager is shutting down
16:40:43.550 [pool-2-thread-4] DEBUG org.apache.http.impl.conn.DefaultManagedHttpClientConnection -- http-outgoing-47: Close connection
16:40:43.550 [pool-3-thread-1] DEBUG org.thymeleaf.TemplateEngine -- [THYMELEAF] INITIALIZING TEMPLATE ENGINE
16:40:43.550 [pool-2-thread-1] DEBUG org.apache.http.wire -- http-outgoing-49 << "HTTP/1.1 200 [\r][\n]"
16:40:43.550 [pool-2-thread-3] DEBUG org.apache.http.wire -- http-outgoing-50 << "HTTP/1.1 404 [\r][\n]"
16:40:43.550 [pool-2-thread-4] DEBUG org.apache.http.impl.conn.PoolingHttpClientConnectionManager -- Connection manager shut down
16:40:43.550 [pool-2-thread-3] DEBUG org.apache.http.wire -- http-outgoing-50 << "Content-Type: application/json[\r][\n]"
16:40:43.550 [pool-2-thread-1] DEBUG org.apache.http.wire -- http-outgoing-49 << "Content-Type: application/json[\r][\n]"
16:40:43.551 [pool-2-thread-3] DEBUG org.apache.http.wire -- http-outgoing-50 << "Transfer-Encoding: chunked[\r][\n]"
16:40:43.551 [pool-2-thread-3] DEBUG org.apache.http.wire -- http-outgoing-50 << "Date: Wed, 09 Oct 2024 21:40:43 GMT[\r][\n]"
16:40:43.551 [pool-2-thread-3] DEBUG org.apache.http.wire -- http-outgoing-50 << "Keep-Alive: timeout=60[\r][\n]"
16:40:43.551 [pool-2-thread-3] DEBUG org.apache.http.wire -- http-outgoing-50 << "Connection: keep-alive[\r][\n]"
16:40:43.551 [pool-2-thread-3] DEBUG org.apache.http.wire -- http-outgoing-50 << "[\r][\n]"
16:40:43.551 [pool-2-thread-1] DEBUG org.apache.http.wire -- http-outgoing-49 << "Transfer-Encoding: chunked[\r][\n]"
16:40:43.551 [pool-2-thread-4] DEBUG com.intuit.karate -- response time in milliseconds: 13
1 < 200
1 < Content-Type: application/json
1 < Transfer-Encoding: chunked
1 < Date: Wed, 09 Oct 2024 21:40:43 GMT
1 < Keep-Alive: timeout=60
1 < Connection: keep-alive
{"count":1,"status":true,"message":"El producto fue eliminado con éxito"}

16:40:43.551 [pool-2-thread-3] DEBUG org.apache.http.wire -- http-outgoing-50 << "44[\r][\n]"
16:40:43.551 [pool-2-thread-3] DEBUG org.apache.http.wire -- http-outgoing-50 << "{"count":1,"status":false,"message":"El producto no fue encontrado"}[\r][\n]"
16:40:43.551 [pool-2-thread-1] DEBUG org.apache.http.wire -- http-outgoing-49 << "Date: Wed, 09 Oct 2024 21:40:43 GMT[\r][\n]"
16:40:43.551 [pool-2-thread-1] DEBUG org.apache.http.wire -- http-outgoing-49 << "Keep-Alive: timeout=60[\r][\n]"
16:40:43.551 [pool-2-thread-1] DEBUG org.apache.http.wire -- http-outgoing-49 << "Connection: keep-alive[\r][\n]"
16:40:43.551 [pool-2-thread-1] DEBUG org.apache.http.wire -- http-outgoing-49 << "[\r][\n]"
16:40:43.551 [pool-2-thread-1] DEBUG org.apache.http.wire -- http-outgoing-49 << "d0[\r][\n]"
16:40:43.551 [pool-2-thread-3] DEBUG org.apache.http.headers -- http-outgoing-50 << HTTP/1.1 404 
16:40:43.551 [pool-2-thread-1] DEBUG org.apache.http.wire -- http-outgoing-49 << "{"products":[{"id":521,"name":"Iphone 12","sku":"f73e5602-0406-4003-8910-4599f30b1e0b","description":"Este es un smartphone de alta gama","price":1200.0}],"status":true,"message":"El producto fue encontrado"}[\r][\n]"
16:40:43.551 [pool-2-thread-3] DEBUG org.apache.http.headers -- http-outgoing-50 << Content-Type: application/json
16:40:43.551 [pool-2-thread-3] DEBUG org.apache.http.headers -- http-outgoing-50 << Transfer-Encoding: chunked
16:40:43.551 [pool-2-thread-3] DEBUG org.apache.http.headers -- http-outgoing-50 << Date: Wed, 09 Oct 2024 21:40:43 GMT
16:40:43.551 [pool-2-thread-3] DEBUG org.apache.http.headers -- http-outgoing-50 << Keep-Alive: timeout=60
16:40:43.552 [pool-2-thread-3] DEBUG org.apache.http.headers -- http-outgoing-50 << Connection: keep-alive
16:40:43.552 [pool-2-thread-1] DEBUG org.apache.http.headers -- http-outgoing-49 << HTTP/1.1 200 
16:40:43.552 [pool-2-thread-1] DEBUG org.apache.http.headers -- http-outgoing-49 << Content-Type: application/json
16:40:43.552 [pool-2-thread-1] DEBUG org.apache.http.headers -- http-outgoing-49 << Transfer-Encoding: chunked
16:40:43.552 [pool-2-thread-1] DEBUG org.apache.http.headers -- http-outgoing-49 << Date: Wed, 09 Oct 2024 21:40:43 GMT
16:40:43.552 [pool-2-thread-1] DEBUG org.apache.http.headers -- http-outgoing-49 << Keep-Alive: timeout=60
16:40:43.552 [pool-2-thread-1] DEBUG org.apache.http.headers -- http-outgoing-49 << Connection: keep-alive
16:40:43.552 [pool-2-thread-3] DEBUG org.apache.http.impl.execchain.MainClientExec -- Connection can be kept alive for 60000 MILLISECONDS
16:40:43.552 [pool-2-thread-5] DEBUG org.apache.http.client.protocol.RequestAddCookies -- CookieSpec selected: karate
16:40:43.552 [pool-2-thread-1] DEBUG org.apache.http.impl.execchain.MainClientExec -- Connection can be kept alive for 60000 MILLISECONDS
16:40:43.552 [pool-2-thread-1] DEBUG org.apache.http.wire -- http-outgoing-49 << "0[\r][\n]"
16:40:43.552 [pool-2-thread-3] DEBUG org.apache.http.wire -- http-outgoing-50 << "0[\r][\n]"
16:40:43.552 [pool-2-thread-5] DEBUG org.apache.http.client.protocol.RequestAuthCache -- Auth cache not set in the context
16:40:43.552 [pool-2-thread-1] DEBUG org.apache.http.wire -- http-outgoing-49 << "[\r][\n]"
16:40:43.552 [pool-2-thread-3] DEBUG org.apache.http.wire -- http-outgoing-50 << "[\r][\n]"
16:40:43.552 [pool-2-thread-1] DEBUG org.apache.http.impl.conn.PoolingHttpClientConnectionManager -- Connection [id: 50][route: {}->http://localhost:8081] can be kept alive for 60.0 seconds
16:40:43.552 [pool-2-thread-5] DEBUG com.intuit.karate -- request:
1 > PUT http://localhost:8081/api/v1/product/8915e77e-0f58-47c4-a65d-8a2d2cb1095a/
1 > Accept: application/json
1 > Content-Type: application/json; charset=UTF-8
1 > Content-Length: 93
1 > Host: localhost:8081
1 > Connection: Keep-Alive
1 > User-Agent: Apache-HttpClient/4.5.14 (Java/17.0.12)
1 > Accept-Encoding: gzip,deflate
{"name":"Iphone Actualizado","description":"Este es un smartphone de alta gama","price":9999}

16:40:43.552 [pool-2-thread-3] DEBUG org.apache.http.impl.conn.PoolingHttpClientConnectionManager -- Connection [id: 49][route: {}->http://localhost:8081] can be kept alive for 60.0 seconds
16:40:43.552 [pool-2-thread-1] DEBUG org.apache.http.impl.conn.DefaultManagedHttpClientConnection -- http-outgoing-49: set socket timeout to 0
16:40:43.552 [pool-2-thread-3] DEBUG org.apache.http.impl.conn.DefaultManagedHttpClientConnection -- http-outgoing-50: set socket timeout to 0
16:40:43.552 [pool-2-thread-3] DEBUG org.apache.http.impl.conn.PoolingHttpClientConnectionManager -- Connection released: [id: 49][route: {}->http://localhost:8081][total available: 1; route allocated: 1 of 5; total allocated: 1 of 10]
16:40:43.552 [pool-2-thread-1] DEBUG org.apache.http.impl.conn.PoolingHttpClientConnectionManager -- Connection released: [id: 50][route: {}->http://localhost:8081][total available: 1; route allocated: 1 of 5; total allocated: 1 of 10]
16:40:43.552 [pool-2-thread-3] DEBUG org.apache.http.impl.conn.PoolingHttpClientConnectionManager -- Connection manager is shutting down
16:40:43.552 [pool-2-thread-1] DEBUG org.apache.http.impl.conn.PoolingHttpClientConnectionManager -- Connection manager is shutting down
16:40:43.552 [pool-2-thread-1] DEBUG org.apache.http.impl.conn.DefaultManagedHttpClientConnection -- http-outgoing-49: Close connection
16:40:43.552 [pool-2-thread-3] DEBUG org.apache.http.impl.conn.DefaultManagedHttpClientConnection -- http-outgoing-50: Close connection
16:40:43.552 [pool-2-thread-5] DEBUG org.apache.http.impl.conn.PoolingHttpClientConnectionManager -- Connection request: [route: {}->http://localhost:8081][total available: 0; route allocated: 0 of 5; total allocated: 0 of 10]
16:40:43.552 [pool-2-thread-1] DEBUG org.apache.http.impl.conn.PoolingHttpClientConnectionManager -- Connection manager shut down
16:40:43.552 [pool-2-thread-3] DEBUG org.apache.http.impl.conn.PoolingHttpClientConnectionManager -- Connection manager shut down
16:40:43.552 [pool-2-thread-5] DEBUG org.apache.http.impl.conn.PoolingHttpClientConnectionManager -- Connection leased: [id: 51][route: {}->http://localhost:8081][total available: 0; route allocated: 1 of 5; total allocated: 1 of 10]
16:40:43.552 [pool-2-thread-5] DEBUG org.apache.http.impl.execchain.MainClientExec -- Opening connection {}->http://localhost:8081
16:40:43.553 [pool-2-thread-1] DEBUG com.intuit.karate -- response time in milliseconds: 9
1 < 200
1 < Content-Type: application/json
1 < Transfer-Encoding: chunked
1 < Date: Wed, 09 Oct 2024 21:40:43 GMT
1 < Keep-Alive: timeout=60
1 < Connection: keep-alive
{"products":[{"id":521,"name":"Iphone 12","sku":"f73e5602-0406-4003-8910-4599f30b1e0b","description":"Este es un smartphone de alta gama","price":1200.0}],"status":true,"message":"El producto fue encontrado"}

16:40:43.553 [pool-2-thread-5] DEBUG org.apache.http.impl.conn.DefaultHttpClientConnectionOperator -- Connecting to localhost/127.0.0.1:8081
16:40:43.553 [pool-2-thread-3] DEBUG com.intuit.karate -- response time in milliseconds: 9
1 < 404
1 < Content-Type: application/json
1 < Transfer-Encoding: chunked
1 < Date: Wed, 09 Oct 2024 21:40:43 GMT
1 < Keep-Alive: timeout=60
1 < Connection: keep-alive
{"count":1,"status":false,"message":"El producto no fue encontrado"}

16:40:43.554 [pool-2-thread-4] DEBUG com.jayway.jsonpath.internal.path.CompiledPath -- Evaluating path: $
16:40:43.555 [pool-2-thread-5] DEBUG org.apache.http.impl.conn.DefaultHttpClientConnectionOperator -- Connection established 127.0.0.1:49570<->127.0.0.1:8081
16:40:43.556 [pool-2-thread-5] DEBUG org.apache.http.impl.conn.DefaultManagedHttpClientConnection -- http-outgoing-51: set socket timeout to 30000
16:40:43.556 [pool-2-thread-5] DEBUG org.apache.http.impl.execchain.MainClientExec -- Executing request PUT /api/v1/product/8915e77e-0f58-47c4-a65d-8a2d2cb1095a/ HTTP/1.1
16:40:43.556 [pool-2-thread-5] DEBUG org.apache.http.impl.execchain.MainClientExec -- Target auth state: UNCHALLENGED
16:40:43.556 [pool-2-thread-5] DEBUG org.apache.http.impl.execchain.MainClientExec -- Proxy auth state: UNCHALLENGED
16:40:43.556 [pool-2-thread-5] DEBUG org.apache.http.headers -- http-outgoing-51 >> PUT /api/v1/product/8915e77e-0f58-47c4-a65d-8a2d2cb1095a/ HTTP/1.1
16:40:43.556 [pool-2-thread-5] DEBUG org.apache.http.headers -- http-outgoing-51 >> Accept: application/json
16:40:43.556 [pool-2-thread-5] DEBUG org.apache.http.headers -- http-outgoing-51 >> Content-Type: application/json; charset=UTF-8
16:40:43.556 [pool-2-thread-5] DEBUG org.apache.http.headers -- http-outgoing-51 >> Content-Length: 93
16:40:43.556 [pool-2-thread-5] DEBUG org.apache.http.headers -- http-outgoing-51 >> Host: localhost:8081
16:40:43.556 [pool-2-thread-5] DEBUG org.apache.http.headers -- http-outgoing-51 >> Connection: Keep-Alive
16:40:43.556 [pool-2-thread-5] DEBUG org.apache.http.headers -- http-outgoing-51 >> User-Agent: Apache-HttpClient/4.5.14 (Java/17.0.12)
16:40:43.556 [pool-2-thread-5] DEBUG org.apache.http.headers -- http-outgoing-51 >> Accept-Encoding: gzip,deflate
16:40:43.556 [pool-2-thread-5] DEBUG org.apache.http.wire -- http-outgoing-51 >> "PUT /api/v1/product/8915e77e-0f58-47c4-a65d-8a2d2cb1095a/ HTTP/1.1[\r][\n]"
16:40:43.556 [pool-2-thread-5] DEBUG org.apache.http.wire -- http-outgoing-51 >> "Accept: application/json[\r][\n]"
16:40:43.556 [pool-2-thread-5] DEBUG org.apache.http.wire -- http-outgoing-51 >> "Content-Type: application/json; charset=UTF-8[\r][\n]"
16:40:43.556 [pool-2-thread-5] DEBUG org.apache.http.wire -- http-outgoing-51 >> "Content-Length: 93[\r][\n]"
16:40:43.556 [pool-2-thread-5] DEBUG org.apache.http.wire -- http-outgoing-51 >> "Host: localhost:8081[\r][\n]"
16:40:43.556 [pool-2-thread-5] DEBUG org.apache.http.wire -- http-outgoing-51 >> "Connection: Keep-Alive[\r][\n]"
16:40:43.556 [pool-2-thread-5] DEBUG org.apache.http.wire -- http-outgoing-51 >> "User-Agent: Apache-HttpClient/4.5.14 (Java/17.0.12)[\r][\n]"
16:40:43.556 [pool-2-thread-5] DEBUG org.apache.http.wire -- http-outgoing-51 >> "Accept-Encoding: gzip,deflate[\r][\n]"
16:40:43.556 [pool-2-thread-5] DEBUG org.apache.http.wire -- http-outgoing-51 >> "[\r][\n]"
16:40:43.556 [pool-2-thread-5] DEBUG org.apache.http.wire -- http-outgoing-51 >> "{"name":"Iphone Actualizado","description":"Este es un smartphone de alta gama","price":9999}"
16:40:43.559 [pool-2-thread-1] DEBUG com.jayway.jsonpath.internal.path.CompiledPath -- Evaluating path: $
16:40:43.564 [pool-2-thread-5] DEBUG org.apache.http.wire -- http-outgoing-51 << "HTTP/1.1 200 [\r][\n]"
16:40:43.564 [pool-2-thread-5] DEBUG org.apache.http.wire -- http-outgoing-51 << "Content-Type: application/json[\r][\n]"
16:40:43.564 [pool-2-thread-5] DEBUG org.apache.http.wire -- http-outgoing-51 << "Transfer-Encoding: chunked[\r][\n]"
16:40:43.564 [pool-2-thread-5] DEBUG org.apache.http.wire -- http-outgoing-51 << "Date: Wed, 09 Oct 2024 21:40:43 GMT[\r][\n]"
16:40:43.564 [pool-2-thread-5] DEBUG org.apache.http.wire -- http-outgoing-51 << "Keep-Alive: timeout=60[\r][\n]"
16:40:43.564 [pool-2-thread-5] DEBUG org.apache.http.wire -- http-outgoing-51 << "Connection: keep-alive[\r][\n]"
16:40:43.564 [pool-2-thread-5] DEBUG org.apache.http.wire -- http-outgoing-51 << "[\r][\n]"
16:40:43.564 [pool-2-thread-5] DEBUG org.apache.http.wire -- http-outgoing-51 << "6f[\r][\n]"
16:40:43.564 [pool-2-thread-5] DEBUG org.apache.http.wire -- http-outgoing-51 << "{"sku":"8915e77e-0f58-47c4-a65d-8a2d2cb1095a","status":true,"message":"El producto fue actualizado con [0xc3][0xa9]xito"}[\r][\n]"
16:40:43.564 [pool-2-thread-5] DEBUG org.apache.http.headers -- http-outgoing-51 << HTTP/1.1 200 
16:40:43.564 [pool-2-thread-5] DEBUG org.apache.http.headers -- http-outgoing-51 << Content-Type: application/json
16:40:43.564 [pool-2-thread-5] DEBUG org.apache.http.headers -- http-outgoing-51 << Transfer-Encoding: chunked
16:40:43.564 [pool-2-thread-5] DEBUG org.apache.http.headers -- http-outgoing-51 << Date: Wed, 09 Oct 2024 21:40:43 GMT
16:40:43.564 [pool-2-thread-5] DEBUG org.apache.http.headers -- http-outgoing-51 << Keep-Alive: timeout=60
16:40:43.564 [pool-2-thread-5] DEBUG org.apache.http.headers -- http-outgoing-51 << Connection: keep-alive
16:40:43.565 [pool-2-thread-5] DEBUG org.apache.http.impl.execchain.MainClientExec -- Connection can be kept alive for 60000 MILLISECONDS
16:40:43.565 [pool-2-thread-5] DEBUG org.apache.http.wire -- http-outgoing-51 << "0[\r][\n]"
16:40:43.565 [pool-2-thread-5] DEBUG org.apache.http.wire -- http-outgoing-51 << "[\r][\n]"
16:40:43.565 [pool-2-thread-5] DEBUG org.apache.http.impl.conn.PoolingHttpClientConnectionManager -- Connection [id: 51][route: {}->http://localhost:8081] can be kept alive for 60.0 seconds
16:40:43.565 [pool-2-thread-5] DEBUG org.apache.http.impl.conn.DefaultManagedHttpClientConnection -- http-outgoing-51: set socket timeout to 0
16:40:43.565 [pool-2-thread-5] DEBUG org.apache.http.impl.conn.PoolingHttpClientConnectionManager -- Connection released: [id: 51][route: {}->http://localhost:8081][total available: 1; route allocated: 1 of 5; total allocated: 1 of 10]
16:40:43.565 [pool-2-thread-5] DEBUG org.apache.http.impl.conn.PoolingHttpClientConnectionManager -- Connection manager is shutting down
16:40:43.565 [pool-2-thread-5] DEBUG org.apache.http.impl.conn.DefaultManagedHttpClientConnection -- http-outgoing-51: Close connection
16:40:43.565 [pool-2-thread-5] DEBUG org.apache.http.impl.conn.PoolingHttpClientConnectionManager -- Connection manager shut down
16:40:43.566 [pool-2-thread-3] DEBUG com.jayway.jsonpath.internal.path.CompiledPath -- Evaluating path: $
16:40:43.566 [pool-2-thread-2] DEBUG com.jayway.jsonpath.internal.path.CompiledPath -- Evaluating path: $
16:40:43.566 [pool-2-thread-5] DEBUG com.intuit.karate -- response time in milliseconds: 13
1 < 200
1 < Content-Type: application/json
1 < Transfer-Encoding: chunked
1 < Date: Wed, 09 Oct 2024 21:40:43 GMT
1 < Keep-Alive: timeout=60
1 < Connection: keep-alive
{"sku":"8915e77e-0f58-47c4-a65d-8a2d2cb1095a","status":true,"message":"El producto fue actualizado con éxito"}

16:40:43.567 [pool-2-thread-1] DEBUG com.jayway.jsonpath.internal.path.CompiledPath -- Evaluating path: $['products'][0]['sku']
16:40:43.568 [pool-2-thread-5] DEBUG com.jayway.jsonpath.internal.path.CompiledPath -- Evaluating path: $
16:40:43.568 [pool-2-thread-4] INFO com.intuit.karate -- [print] {
  "sku": "8915e77e-0f58-47c4-a65d-8a2d2cb1095a",
  "status": true,
  "message": "El producto fue creado con éxito!"
}
 
16:40:43.571 [pool-2-thread-4] DEBUG com.jayway.jsonpath.internal.path.CompiledPath -- Evaluating path: $
16:40:43.573 [pool-2-thread-4] DEBUG org.apache.http.client.protocol.RequestAddCookies -- CookieSpec selected: karate
16:40:43.573 [pool-2-thread-4] DEBUG org.apache.http.client.protocol.RequestAuthCache -- Auth cache not set in the context
16:40:43.573 [pool-2-thread-4] DEBUG com.intuit.karate -- request:
1 > PUT http://localhost:8081/api/v1/product/8915e77e-0f58-47c4-a65d-8a2d2cb1095a/
1 > Accept: application/json
1 > Content-Type: application/json; charset=UTF-8
1 > Content-Length: 73
1 > Host: localhost:8081
1 > Connection: Keep-Alive
1 > User-Agent: Apache-HttpClient/4.5.14 (Java/17.0.12)
1 > Accept-Encoding: gzip,deflate
{"name":"Iphone 99","description":"Descripcion Actualizada","price":9999}

16:40:43.573 [pool-2-thread-4] DEBUG org.apache.http.impl.conn.PoolingHttpClientConnectionManager -- Connection request: [route: {}->http://localhost:8081][total available: 0; route allocated: 0 of 5; total allocated: 0 of 10]
16:40:43.573 [pool-2-thread-4] DEBUG org.apache.http.impl.conn.PoolingHttpClientConnectionManager -- Connection leased: [id: 52][route: {}->http://localhost:8081][total available: 0; route allocated: 1 of 5; total allocated: 1 of 10]
16:40:43.573 [pool-2-thread-4] DEBUG org.apache.http.impl.execchain.MainClientExec -- Opening connection {}->http://localhost:8081
16:40:43.574 [pool-2-thread-4] DEBUG org.apache.http.impl.conn.DefaultHttpClientConnectionOperator -- Connecting to localhost/127.0.0.1:8081
16:40:43.574 [pool-2-thread-4] DEBUG org.apache.http.impl.conn.DefaultHttpClientConnectionOperator -- Connection established 127.0.0.1:49571<->127.0.0.1:8081
16:40:43.574 [pool-2-thread-4] DEBUG org.apache.http.impl.conn.DefaultManagedHttpClientConnection -- http-outgoing-52: set socket timeout to 30000
16:40:43.574 [pool-2-thread-4] DEBUG org.apache.http.impl.execchain.MainClientExec -- Executing request PUT /api/v1/product/8915e77e-0f58-47c4-a65d-8a2d2cb1095a/ HTTP/1.1
16:40:43.574 [pool-2-thread-4] DEBUG org.apache.http.impl.execchain.MainClientExec -- Target auth state: UNCHALLENGED
16:40:43.574 [pool-2-thread-4] DEBUG org.apache.http.impl.execchain.MainClientExec -- Proxy auth state: UNCHALLENGED
16:40:43.574 [pool-2-thread-4] DEBUG org.apache.http.headers -- http-outgoing-52 >> PUT /api/v1/product/8915e77e-0f58-47c4-a65d-8a2d2cb1095a/ HTTP/1.1
16:40:43.575 [pool-2-thread-4] DEBUG org.apache.http.headers -- http-outgoing-52 >> Accept: application/json
16:40:43.575 [pool-2-thread-4] DEBUG org.apache.http.headers -- http-outgoing-52 >> Content-Type: application/json; charset=UTF-8
16:40:43.575 [pool-2-thread-4] DEBUG org.apache.http.headers -- http-outgoing-52 >> Content-Length: 73
16:40:43.575 [pool-2-thread-4] DEBUG org.apache.http.headers -- http-outgoing-52 >> Host: localhost:8081
16:40:43.575 [pool-2-thread-4] DEBUG org.apache.http.headers -- http-outgoing-52 >> Connection: Keep-Alive
16:40:43.575 [pool-2-thread-4] DEBUG org.apache.http.headers -- http-outgoing-52 >> User-Agent: Apache-HttpClient/4.5.14 (Java/17.0.12)
16:40:43.575 [pool-2-thread-4] DEBUG org.apache.http.headers -- http-outgoing-52 >> Accept-Encoding: gzip,deflate
16:40:43.575 [pool-2-thread-4] DEBUG org.apache.http.wire -- http-outgoing-52 >> "PUT /api/v1/product/8915e77e-0f58-47c4-a65d-8a2d2cb1095a/ HTTP/1.1[\r][\n]"
16:40:43.575 [pool-2-thread-4] DEBUG org.apache.http.wire -- http-outgoing-52 >> "Accept: application/json[\r][\n]"
16:40:43.575 [pool-2-thread-4] DEBUG org.apache.http.wire -- http-outgoing-52 >> "Content-Type: application/json; charset=UTF-8[\r][\n]"
16:40:43.575 [pool-2-thread-4] DEBUG org.apache.http.wire -- http-outgoing-52 >> "Content-Length: 73[\r][\n]"
16:40:43.575 [pool-2-thread-4] DEBUG org.apache.http.wire -- http-outgoing-52 >> "Host: localhost:8081[\r][\n]"
16:40:43.575 [pool-2-thread-4] DEBUG org.apache.http.wire -- http-outgoing-52 >> "Connection: Keep-Alive[\r][\n]"
16:40:43.575 [pool-2-thread-4] DEBUG org.apache.http.wire -- http-outgoing-52 >> "User-Agent: Apache-HttpClient/4.5.14 (Java/17.0.12)[\r][\n]"
16:40:43.575 [pool-2-thread-4] DEBUG org.apache.http.wire -- http-outgoing-52 >> "Accept-Encoding: gzip,deflate[\r][\n]"
16:40:43.575 [pool-2-thread-4] DEBUG org.apache.http.wire -- http-outgoing-52 >> "[\r][\n]"
16:40:43.575 [pool-2-thread-4] DEBUG org.apache.http.wire -- http-outgoing-52 >> "{"name":"Iphone 99","description":"Descripcion Actualizada","price":9999}"
16:40:43.576 [pool-2-thread-3] INFO com.intuit.karate -- [print] {
  "sku": "8915e77e-0f58-47c4-a65d-8a2d2cb1095a",
  "status": true,
  "message": "El producto fue creado con éxito!"
}
 
16:40:43.580 [pool-2-thread-3] DEBUG com.jayway.jsonpath.internal.path.CompiledPath -- Evaluating path: $
16:40:43.580 [pool-2-thread-4] DEBUG org.apache.http.wire -- http-outgoing-52 << "HTTP/1.1 200 [\r][\n]"
16:40:43.580 [pool-2-thread-4] DEBUG org.apache.http.wire -- http-outgoing-52 << "Content-Type: application/json[\r][\n]"
16:40:43.580 [pool-2-thread-4] DEBUG org.apache.http.wire -- http-outgoing-52 << "Transfer-Encoding: chunked[\r][\n]"
16:40:43.580 [pool-2-thread-4] DEBUG org.apache.http.wire -- http-outgoing-52 << "Date: Wed, 09 Oct 2024 21:40:43 GMT[\r][\n]"
16:40:43.580 [pool-2-thread-4] DEBUG org.apache.http.wire -- http-outgoing-52 << "Keep-Alive: timeout=60[\r][\n]"
16:40:43.580 [pool-2-thread-4] DEBUG org.apache.http.wire -- http-outgoing-52 << "Connection: keep-alive[\r][\n]"
16:40:43.580 [pool-2-thread-4] DEBUG org.apache.http.wire -- http-outgoing-52 << "[\r][\n]"
16:40:43.580 [pool-2-thread-4] DEBUG org.apache.http.wire -- http-outgoing-52 << "6f[\r][\n]"
16:40:43.580 [pool-2-thread-4] DEBUG org.apache.http.wire -- http-outgoing-52 << "{"sku":"8915e77e-0f58-47c4-a65d-8a2d2cb1095a","status":true,"message":"El producto fue actualizado con [0xc3][0xa9]xito"}[\r][\n]"
16:40:43.581 [pool-2-thread-4] DEBUG org.apache.http.headers -- http-outgoing-52 << HTTP/1.1 200 
16:40:43.581 [pool-2-thread-4] DEBUG org.apache.http.headers -- http-outgoing-52 << Content-Type: application/json
16:40:43.581 [pool-2-thread-4] DEBUG org.apache.http.headers -- http-outgoing-52 << Transfer-Encoding: chunked
16:40:43.581 [pool-2-thread-4] DEBUG org.apache.http.headers -- http-outgoing-52 << Date: Wed, 09 Oct 2024 21:40:43 GMT
16:40:43.581 [pool-2-thread-4] DEBUG org.apache.http.headers -- http-outgoing-52 << Keep-Alive: timeout=60
16:40:43.581 [pool-2-thread-4] DEBUG org.apache.http.headers -- http-outgoing-52 << Connection: keep-alive
16:40:43.581 [pool-2-thread-4] DEBUG org.apache.http.impl.execchain.MainClientExec -- Connection can be kept alive for 60000 MILLISECONDS
16:40:43.581 [pool-2-thread-4] DEBUG org.apache.http.wire -- http-outgoing-52 << "0[\r][\n]"
16:40:43.581 [pool-2-thread-4] DEBUG org.apache.http.wire -- http-outgoing-52 << "[\r][\n]"
16:40:43.581 [pool-2-thread-4] DEBUG org.apache.http.impl.conn.PoolingHttpClientConnectionManager -- Connection [id: 52][route: {}->http://localhost:8081] can be kept alive for 60.0 seconds
16:40:43.581 [pool-2-thread-4] DEBUG org.apache.http.impl.conn.DefaultManagedHttpClientConnection -- http-outgoing-52: set socket timeout to 0
16:40:43.581 [pool-2-thread-4] DEBUG org.apache.http.impl.conn.PoolingHttpClientConnectionManager -- Connection released: [id: 52][route: {}->http://localhost:8081][total available: 1; route allocated: 1 of 5; total allocated: 1 of 10]
16:40:43.581 [pool-2-thread-4] DEBUG org.apache.http.impl.conn.PoolingHttpClientConnectionManager -- Connection manager is shutting down
16:40:43.581 [pool-2-thread-4] DEBUG org.apache.http.impl.conn.DefaultManagedHttpClientConnection -- http-outgoing-52: Close connection
16:40:43.581 [pool-2-thread-4] DEBUG org.apache.http.impl.conn.PoolingHttpClientConnectionManager -- Connection manager shut down
16:40:43.582 [pool-2-thread-4] DEBUG com.intuit.karate -- response time in milliseconds: 8
1 < 200
1 < Content-Type: application/json
1 < Transfer-Encoding: chunked
1 < Date: Wed, 09 Oct 2024 21:40:43 GMT
1 < Keep-Alive: timeout=60
1 < Connection: keep-alive
{"sku":"8915e77e-0f58-47c4-a65d-8a2d2cb1095a","status":true,"message":"El producto fue actualizado con éxito"}

16:40:43.582 [pool-2-thread-3] DEBUG org.apache.http.client.protocol.RequestAddCookies -- CookieSpec selected: karate
16:40:43.582 [pool-2-thread-3] DEBUG org.apache.http.client.protocol.RequestAuthCache -- Auth cache not set in the context
16:40:43.582 [pool-2-thread-3] DEBUG com.intuit.karate -- request:
1 > PUT http://localhost:8081/api/v1/product/8915e77e-0f58-47c4-a65d-8a2d2cb1095a/
1 > Accept: application/json
1 > Content-Type: application/json; charset=UTF-8
1 > Content-Length: 85
1 > Host: localhost:8081
1 > Connection: Keep-Alive
1 > User-Agent: Apache-HttpClient/4.5.14 (Java/17.0.12)
1 > Accept-Encoding: gzip,deflate
{"name":"Iphone 99","description":"Este es un smartphone de alta gama","price":90000}

16:40:43.582 [pool-2-thread-3] DEBUG org.apache.http.impl.conn.PoolingHttpClientConnectionManager -- Connection request: [route: {}->http://localhost:8081][total available: 0; route allocated: 0 of 5; total allocated: 0 of 10]
16:40:43.583 [pool-2-thread-3] DEBUG org.apache.http.impl.conn.PoolingHttpClientConnectionManager -- Connection leased: [id: 53][route: {}->http://localhost:8081][total available: 0; route allocated: 1 of 5; total allocated: 1 of 10]
16:40:43.583 [pool-2-thread-3] DEBUG org.apache.http.impl.execchain.MainClientExec -- Opening connection {}->http://localhost:8081
16:40:43.583 [pool-2-thread-3] DEBUG org.apache.http.impl.conn.DefaultHttpClientConnectionOperator -- Connecting to localhost/127.0.0.1:8081
16:40:43.583 [pool-2-thread-4] DEBUG com.jayway.jsonpath.internal.path.CompiledPath -- Evaluating path: $
16:40:43.583 [pool-2-thread-3] DEBUG org.apache.http.impl.conn.DefaultHttpClientConnectionOperator -- Connection established 127.0.0.1:49572<->127.0.0.1:8081
16:40:43.583 [pool-2-thread-3] DEBUG org.apache.http.impl.conn.DefaultManagedHttpClientConnection -- http-outgoing-53: set socket timeout to 30000
16:40:43.583 [pool-2-thread-3] DEBUG org.apache.http.impl.execchain.MainClientExec -- Executing request PUT /api/v1/product/8915e77e-0f58-47c4-a65d-8a2d2cb1095a/ HTTP/1.1
16:40:43.583 [pool-2-thread-3] DEBUG org.apache.http.impl.execchain.MainClientExec -- Target auth state: UNCHALLENGED
16:40:43.583 [pool-2-thread-3] DEBUG org.apache.http.impl.execchain.MainClientExec -- Proxy auth state: UNCHALLENGED
16:40:43.583 [pool-2-thread-3] DEBUG org.apache.http.headers -- http-outgoing-53 >> PUT /api/v1/product/8915e77e-0f58-47c4-a65d-8a2d2cb1095a/ HTTP/1.1
16:40:43.583 [pool-2-thread-3] DEBUG org.apache.http.headers -- http-outgoing-53 >> Accept: application/json
16:40:43.583 [pool-2-thread-3] DEBUG org.apache.http.headers -- http-outgoing-53 >> Content-Type: application/json; charset=UTF-8
16:40:43.583 [pool-2-thread-3] DEBUG org.apache.http.headers -- http-outgoing-53 >> Content-Length: 85
16:40:43.583 [pool-2-thread-3] DEBUG org.apache.http.headers -- http-outgoing-53 >> Host: localhost:8081
16:40:43.583 [pool-2-thread-3] DEBUG org.apache.http.headers -- http-outgoing-53 >> Connection: Keep-Alive
16:40:43.583 [pool-2-thread-3] DEBUG org.apache.http.headers -- http-outgoing-53 >> User-Agent: Apache-HttpClient/4.5.14 (Java/17.0.12)
16:40:43.583 [pool-2-thread-3] DEBUG org.apache.http.headers -- http-outgoing-53 >> Accept-Encoding: gzip,deflate
16:40:43.583 [pool-2-thread-3] DEBUG org.apache.http.wire -- http-outgoing-53 >> "PUT /api/v1/product/8915e77e-0f58-47c4-a65d-8a2d2cb1095a/ HTTP/1.1[\r][\n]"
16:40:43.583 [pool-2-thread-3] DEBUG org.apache.http.wire -- http-outgoing-53 >> "Accept: application/json[\r][\n]"
16:40:43.583 [pool-2-thread-3] DEBUG org.apache.http.wire -- http-outgoing-53 >> "Content-Type: application/json; charset=UTF-8[\r][\n]"
16:40:43.583 [pool-2-thread-3] DEBUG org.apache.http.wire -- http-outgoing-53 >> "Content-Length: 85[\r][\n]"
16:40:43.585 [pool-2-thread-3] DEBUG org.apache.http.wire -- http-outgoing-53 >> "Host: localhost:8081[\r][\n]"
16:40:43.585 [pool-2-thread-3] DEBUG org.apache.http.wire -- http-outgoing-53 >> "Connection: Keep-Alive[\r][\n]"
16:40:43.585 [pool-2-thread-3] DEBUG org.apache.http.wire -- http-outgoing-53 >> "User-Agent: Apache-HttpClient/4.5.14 (Java/17.0.12)[\r][\n]"
16:40:43.585 [pool-2-thread-3] DEBUG org.apache.http.wire -- http-outgoing-53 >> "Accept-Encoding: gzip,deflate[\r][\n]"
16:40:43.585 [pool-2-thread-3] DEBUG org.apache.http.wire -- http-outgoing-53 >> "[\r][\n]"
16:40:43.585 [pool-2-thread-3] DEBUG org.apache.http.wire -- http-outgoing-53 >> "{"name":"Iphone 99","description":"Este es un smartphone de alta gama","price":90000}"
16:40:43.589 [pool-2-thread-3] DEBUG org.apache.http.wire -- http-outgoing-53 << "HTTP/1.1 200 [\r][\n]"
16:40:43.589 [pool-2-thread-3] DEBUG org.apache.http.wire -- http-outgoing-53 << "Content-Type: application/json[\r][\n]"
16:40:43.589 [pool-2-thread-3] DEBUG org.apache.http.wire -- http-outgoing-53 << "Transfer-Encoding: chunked[\r][\n]"
16:40:43.589 [pool-2-thread-3] DEBUG org.apache.http.wire -- http-outgoing-53 << "Date: Wed, 09 Oct 2024 21:40:43 GMT[\r][\n]"
16:40:43.589 [pool-2-thread-3] DEBUG org.apache.http.wire -- http-outgoing-53 << "Keep-Alive: timeout=60[\r][\n]"
16:40:43.589 [pool-2-thread-3] DEBUG org.apache.http.wire -- http-outgoing-53 << "Connection: keep-alive[\r][\n]"
16:40:43.589 [pool-2-thread-3] DEBUG org.apache.http.wire -- http-outgoing-53 << "[\r][\n]"
16:40:43.589 [pool-2-thread-3] DEBUG org.apache.http.wire -- http-outgoing-53 << "6f[\r][\n]"
16:40:43.589 [pool-2-thread-3] DEBUG org.apache.http.wire -- http-outgoing-53 << "{"sku":"8915e77e-0f58-47c4-a65d-8a2d2cb1095a","status":true,"message":"El producto fue actualizado con [0xc3][0xa9]xito"}[\r][\n]"
16:40:43.589 [pool-2-thread-3] DEBUG org.apache.http.headers -- http-outgoing-53 << HTTP/1.1 200 
16:40:43.590 [pool-2-thread-3] DEBUG org.apache.http.headers -- http-outgoing-53 << Content-Type: application/json
16:40:43.590 [pool-2-thread-3] DEBUG org.apache.http.headers -- http-outgoing-53 << Transfer-Encoding: chunked
16:40:43.590 [pool-2-thread-3] DEBUG org.apache.http.headers -- http-outgoing-53 << Date: Wed, 09 Oct 2024 21:40:43 GMT
16:40:43.590 [pool-2-thread-3] DEBUG org.apache.http.headers -- http-outgoing-53 << Keep-Alive: timeout=60
16:40:43.590 [pool-2-thread-3] DEBUG org.apache.http.headers -- http-outgoing-53 << Connection: keep-alive
16:40:43.590 [pool-2-thread-3] DEBUG org.apache.http.impl.execchain.MainClientExec -- Connection can be kept alive for 60000 MILLISECONDS
16:40:43.590 [pool-2-thread-3] DEBUG org.apache.http.wire -- http-outgoing-53 << "0[\r][\n]"
16:40:43.590 [pool-2-thread-3] DEBUG org.apache.http.wire -- http-outgoing-53 << "[\r][\n]"
16:40:43.590 [pool-2-thread-3] DEBUG org.apache.http.impl.conn.PoolingHttpClientConnectionManager -- Connection [id: 53][route: {}->http://localhost:8081] can be kept alive for 60.0 seconds
16:40:43.590 [pool-2-thread-3] DEBUG org.apache.http.impl.conn.DefaultManagedHttpClientConnection -- http-outgoing-53: set socket timeout to 0
16:40:43.590 [pool-2-thread-3] DEBUG org.apache.http.impl.conn.PoolingHttpClientConnectionManager -- Connection released: [id: 53][route: {}->http://localhost:8081][total available: 1; route allocated: 1 of 5; total allocated: 1 of 10]
16:40:43.590 [pool-2-thread-3] DEBUG org.apache.http.impl.conn.PoolingHttpClientConnectionManager -- Connection manager is shutting down
16:40:43.590 [pool-2-thread-3] DEBUG org.apache.http.impl.conn.DefaultManagedHttpClientConnection -- http-outgoing-53: Close connection
16:40:43.590 [pool-2-thread-3] DEBUG org.apache.http.impl.conn.PoolingHttpClientConnectionManager -- Connection manager shut down
16:40:43.590 [pool-2-thread-3] DEBUG com.intuit.karate -- response time in milliseconds: 8
1 < 200
1 < Content-Type: application/json
1 < Transfer-Encoding: chunked
1 < Date: Wed, 09 Oct 2024 21:40:43 GMT
1 < Keep-Alive: timeout=60
1 < Connection: keep-alive
{"sku":"8915e77e-0f58-47c4-a65d-8a2d2cb1095a","status":true,"message":"El producto fue actualizado con éxito"}

16:40:43.592 [pool-2-thread-3] DEBUG com.jayway.jsonpath.internal.path.CompiledPath -- Evaluating path: $
16:40:43.943 [pool-3-thread-1] DEBUG org.thymeleaf.TemplateEngine.CONFIG -- Initializing Thymeleaf Template engine configuration...
[THYMELEAF] TEMPLATE ENGINE CONFIGURATION:
[THYMELEAF] * Thymeleaf version: 3.1.2.RELEASE (built 2023-07-30T19:25:50+0000)
[THYMELEAF] * Cache Manager implementation: org.thymeleaf.cache.StandardCacheManager
[THYMELEAF] * Template resolvers:
[THYMELEAF]     * [1] com.intuit.karate.template.ResourceHtmlTemplateResolver
[THYMELEAF] * Message resolvers:
[THYMELEAF]     * org.thymeleaf.messageresolver.StandardMessageResolver
[THYMELEAF] * Link builders:
[THYMELEAF]     * org.thymeleaf.linkbuilder.StandardLinkBuilder
[THYMELEAF] * Dialect [1 of 2]: Standard (com.intuit.karate.template.KarateStandardDialect)
[THYMELEAF]     * Prefix: "th"
[THYMELEAF]     * Processors for Template Mode: HTML
[THYMELEAF]         * Element Tag Processors by [matching element and attribute name] [precedence]:
[THYMELEAF]             * [* {th:include,data-th-include}] [100]: org.thymeleaf.standard.processor.StandardIncludeTagProcessor
[THYMELEAF]             * [* {th:insert,data-th-insert}] [100]: org.thymeleaf.standard.processor.StandardInsertTagProcessor
[THYMELEAF]             * [* {th:replace,data-th-replace}] [100]: org.thymeleaf.standard.processor.StandardReplaceTagProcessor
[THYMELEAF]             * [* {th:each,data-th-each}] [200]: com.intuit.karate.template.KarateEachTagProcessor
[THYMELEAF]             * [* {th:switch,data-th-switch}] [250]: org.thymeleaf.standard.processor.StandardSwitchTagProcessor
[THYMELEAF]             * [* {th:case,data-th-case}] [275]: org.thymeleaf.standard.processor.StandardCaseTagProcessor
[THYMELEAF]             * [* {th:if,data-th-if}] [300]: org.thymeleaf.standard.processor.StandardIfTagProcessor
[THYMELEAF]             * [* {th:unless,data-th-unless}] [400]: org.thymeleaf.standard.processor.StandardUnlessTagProcessor
[THYMELEAF]             * [* {th:object,data-th-object}] [500]: org.thymeleaf.standard.processor.StandardObjectTagProcessor
[THYMELEAF]             * [* {th:with,data-th-with}] [600]: com.intuit.karate.template.KarateWithTagProcessor
[THYMELEAF]             * [* {th:attr,data-th-attr}] [700]: com.intuit.karate.template.KarateAttributeTagProcessor.KarateAttrTagProcessor
[THYMELEAF]             * [* {th:attrappend,data-th-attrappend}] [900]: com.intuit.karate.template.KarateAttributeTagProcessor.KarateAttrappendTagProcessor
[THYMELEAF]             * [* {th:attrprepend,data-th-attrprepend}] [900]: com.intuit.karate.template.KarateAttributeTagProcessor.KarateAttrprependTagProcessor
[THYMELEAF]             * [* {th:alt-title,data-th-alt-title}] [990]: org.thymeleaf.standard.processor.StandardAltTitleTagProcessor
[THYMELEAF]             * [* {th:lang-xmllang,data-th-lang-xmllang}] [990]: org.thymeleaf.standard.processor.StandardLangXmlLangTagProcessor
[THYMELEAF]             * [* {th:action,data-th-action}] [1000]: org.thymeleaf.standard.processor.StandardActionTagProcessor
[THYMELEAF]             * [* {th:nowrap,data-th-nowrap}] [1000]: org.thymeleaf.standard.processor.StandardConditionalFixedValueTagProcessor
[THYMELEAF]             * [* {th:open,data-th-open}] [1000]: org.thymeleaf.standard.processor.StandardConditionalFixedValueTagProcessor
[THYMELEAF]             * [* {th:autofocus,data-th-autofocus}] [1000]: org.thymeleaf.standard.processor.StandardConditionalFixedValueTagProcessor
[THYMELEAF]             * [* {th:autoplay,data-th-autoplay}] [1000]: org.thymeleaf.standard.processor.StandardConditionalFixedValueTagProcessor
[THYMELEAF]             * [* {th:scoped,data-th-scoped}] [1000]: org.thymeleaf.standard.processor.StandardConditionalFixedValueTagProcessor
[THYMELEAF]             * [* {th:disabled,data-th-disabled}] [1000]: org.thymeleaf.standard.processor.StandardConditionalFixedValueTagProcessor
[THYMELEAF]             * [* {th:async,data-th-async}] [1000]: org.thymeleaf.standard.processor.StandardConditionalFixedValueTagProcessor
[THYMELEAF]             * [* {th:hidden,data-th-hidden}] [1000]: org.thymeleaf.standard.processor.StandardConditionalFixedValueTagProcessor
[THYMELEAF]             * [* {th:reversed,data-th-reversed}] [1000]: org.thymeleaf.standard.processor.StandardConditionalFixedValueTagProcessor
[THYMELEAF]             * [* {th:checked,data-th-checked}] [1000]: org.thymeleaf.standard.processor.StandardConditionalFixedValueTagProcessor
[THYMELEAF]             * [* {th:defer,data-th-defer}] [1000]: org.thymeleaf.standard.processor.StandardConditionalFixedValueTagProcessor
[THYMELEAF]             * [* {th:formnovalidate,data-th-formnovalidate}] [1000]: org.thymeleaf.standard.processor.StandardConditionalFixedValueTagProcessor
[THYMELEAF]             * [* {th:ismap,data-th-ismap}] [1000]: org.thymeleaf.standard.processor.StandardConditionalFixedValueTagProcessor
[THYMELEAF]             * [* {th:pubdate,data-th-pubdate}] [1000]: org.thymeleaf.standard.processor.StandardConditionalFixedValueTagProcessor
[THYMELEAF]             * [* {th:seamless,data-th-seamless}] [1000]: org.thymeleaf.standard.processor.StandardConditionalFixedValueTagProcessor
[THYMELEAF]             * [* {th:novalidate,data-th-novalidate}] [1000]: org.thymeleaf.standard.processor.StandardConditionalFixedValueTagProcessor
[THYMELEAF]             * [* {th:default,data-th-default}] [1000]: org.thymeleaf.standard.processor.StandardConditionalFixedValueTagProcessor
[THYMELEAF]             * [* {th:loop,data-th-loop}] [1000]: org.thymeleaf.standard.processor.StandardConditionalFixedValueTagProcessor
[THYMELEAF]             * [* {th:multiple,data-th-multiple}] [1000]: org.thymeleaf.standard.processor.StandardConditionalFixedValueTagProcessor
[THYMELEAF]             * [* {th:required,data-th-required}] [1000]: org.thymeleaf.standard.processor.StandardConditionalFixedValueTagProcessor
[THYMELEAF]             * [* {th:readonly,data-th-readonly}] [1000]: org.thymeleaf.standard.processor.StandardConditionalFixedValueTagProcessor
[THYMELEAF]             * [* {th:controls,data-th-controls}] [1000]: org.thymeleaf.standard.processor.StandardConditionalFixedValueTagProcessor
[THYMELEAF]             * [* {th:selected,data-th-selected}] [1000]: org.thymeleaf.standard.processor.StandardConditionalFixedValueTagProcessor
[THYMELEAF]             * [* {th:declare,data-th-declare}] [1000]: org.thymeleaf.standard.processor.StandardConditionalFixedValueTagProcessor
[THYMELEAF]             * [* {th:onreset,data-th-onreset}] [1000]: org.thymeleaf.standard.processor.StandardDOMEventAttributeTagProcessor
[THYMELEAF]             * [* {th:onseeking,data-th-onseeking}] [1000]: org.thymeleaf.standard.processor.StandardDOMEventAttributeTagProcessor
[THYMELEAF]             * [* {th:onhashchange,data-th-onhashchange}] [1000]: org.thymeleaf.standard.processor.StandardDOMEventAttributeTagProcessor
[THYMELEAF]             * [* {th:onloadeddata,data-th-onloadeddata}] [1000]: org.thymeleaf.standard.processor.StandardDOMEventAttributeTagProcessor
[THYMELEAF]             * [* {th:onbeforeprint,data-th-onbeforeprint}] [1000]: org.thymeleaf.standard.processor.StandardDOMEventAttributeTagProcessor
[THYMELEAF]             * [* {th:ontimeupdate,data-th-ontimeupdate}] [1000]: org.thymeleaf.standard.processor.StandardDOMEventAttributeTagProcessor
[THYMELEAF]             * [* {th:ondragleave,data-th-ondragleave}] [1000]: org.thymeleaf.standard.processor.StandardDOMEventAttributeTagProcessor
[THYMELEAF]             * [* {th:onwaiting,data-th-onwaiting}] [1000]: org.thymeleaf.standard.processor.StandardDOMEventAttributeTagProcessor
[THYMELEAF]             * [* {th:onmessage,data-th-onmessage}] [1000]: org.thymeleaf.standard.processor.StandardDOMEventAttributeTagProcessor
[THYMELEAF]             * [* {th:ondragstart,data-th-ondragstart}] [1000]: org.thymeleaf.standard.processor.StandardDOMEventAttributeTagProcessor
[THYMELEAF]             * [* {th:oncontextmenu,data-th-oncontextmenu}] [1000]: org.thymeleaf.standard.processor.StandardDOMEventAttributeTagProcessor
[THYMELEAF]             * [* {th:onfocus,data-th-onfocus}] [1000]: org.thymeleaf.standard.processor.StandardDOMEventAttributeTagProcessor
[THYMELEAF]             * [* {th:onresize,data-th-onresize}] [1000]: org.thymeleaf.standard.processor.StandardDOMEventAttributeTagProcessor
[THYMELEAF]             * [* {th:onsubmit,data-th-onsubmit}] [1000]: org.thymeleaf.standard.processor.StandardDOMEventAttributeTagProcessor
[THYMELEAF]             * [* {th:onmousedown,data-th-onmousedown}] [1000]: org.thymeleaf.standard.processor.StandardDOMEventAttributeTagProcessor
[THYMELEAF]             * [* {th:onafterprint,data-th-onafterprint}] [1000]: org.thymeleaf.standard.processor.StandardDOMEventAttributeTagProcessor
[THYMELEAF]             * [* {th:onchange,data-th-onchange}] [1000]: org.thymeleaf.standard.processor.StandardDOMEventAttributeTagProcessor
[THYMELEAF]             * [* {th:onselect,data-th-onselect}] [1000]: org.thymeleaf.standard.processor.StandardDOMEventAttributeTagProcessor
[THYMELEAF]             * [* {th:onundo,data-th-onundo}] [1000]: org.thymeleaf.standard.processor.StandardDOMEventAttributeTagProcessor
[THYMELEAF]             * [* {th:ondragover,data-th-ondragover}] [1000]: org.thymeleaf.standard.processor.StandardDOMEventAttributeTagProcessor
[THYMELEAF]             * [* {th:onended,data-th-onended}] [1000]: org.thymeleaf.standard.processor.StandardDOMEventAttributeTagProcessor
[THYMELEAF]             * [* {th:oninput,data-th-oninput}] [1000]: org.thymeleaf.standard.processor.StandardDOMEventAttributeTagProcessor
[THYMELEAF]             * [* {th:ondragend,data-th-ondragend}] [1000]: org.thymeleaf.standard.processor.StandardDOMEventAttributeTagProcessor
[THYMELEAF]             * [* {th:onvolumechange,data-th-onvolumechange}] [1000]: org.thymeleaf.standard.processor.StandardDOMEventAttributeTagProcessor
[THYMELEAF]             * [* {th:onmouseover,data-th-onmouseover}] [1000]: org.thymeleaf.standard.processor.StandardDOMEventAttributeTagProcessor
[THYMELEAF]             * [* {th:onshow,data-th-onshow}] [1000]: org.thymeleaf.standard.processor.StandardDOMEventAttributeTagProcessor
[THYMELEAF]             * [* {th:onkeypress,data-th-onkeypress}] [1000]: org.thymeleaf.standard.processor.StandardDOMEventAttributeTagProcessor
[THYMELEAF]             * [* {th:onprogress,data-th-onprogress}] [1000]: org.thymeleaf.standard.processor.StandardDOMEventAttributeTagProcessor
[THYMELEAF]             * [* {th:oncanplay,data-th-oncanplay}] [1000]: org.thymeleaf.standard.processor.StandardDOMEventAttributeTagProcessor
[THYMELEAF]             * [* {th:onload,data-th-onload}] [1000]: org.thymeleaf.standard.processor.StandardDOMEventAttributeTagProcessor
[THYMELEAF]             * [* {th:onerror,data-th-onerror}] [1000]: org.thymeleaf.standard.processor.StandardDOMEventAttributeTagProcessor
[THYMELEAF]             * [* {th:onmousewheel,data-th-onmousewheel}] [1000]: org.thymeleaf.standard.processor.StandardDOMEventAttributeTagProcessor
[THYMELEAF]             * [* {th:ondurationchange,data-th-ondurationchange}] [1000]: org.thymeleaf.standard.processor.StandardDOMEventAttributeTagProcessor
[THYMELEAF]             * [* {th:onredo,data-th-onredo}] [1000]: org.thymeleaf.standard.processor.StandardDOMEventAttributeTagProcessor
[THYMELEAF]             * [* {th:ondrag,data-th-ondrag}] [1000]: org.thymeleaf.standard.processor.StandardDOMEventAttributeTagProcessor
[THYMELEAF]             * [* {th:onmouseout,data-th-onmouseout}] [1000]: org.thymeleaf.standard.processor.StandardDOMEventAttributeTagProcessor
[THYMELEAF]             * [* {th:oncanplaythrough,data-th-oncanplaythrough}] [1000]: org.thymeleaf.standard.processor.StandardDOMEventAttributeTagProcessor
[THYMELEAF]             * [* {th:ononline,data-th-ononline}] [1000]: org.thymeleaf.standard.processor.StandardDOMEventAttributeTagProcessor
[THYMELEAF]             * [* {th:onloadstart,data-th-onloadstart}] [1000]: org.thymeleaf.standard.processor.StandardDOMEventAttributeTagProcessor
[THYMELEAF]             * [* {th:onmouseup,data-th-onmouseup}] [1000]: org.thymeleaf.standard.processor.StandardDOMEventAttributeTagProcessor
[THYMELEAF]             * [* {th:onmousemove,data-th-onmousemove}] [1000]: org.thymeleaf.standard.processor.StandardDOMEventAttributeTagProcessor
[THYMELEAF]             * [* {th:onscroll,data-th-onscroll}] [1000]: org.thymeleaf.standard.processor.StandardDOMEventAttributeTagProcessor
[THYMELEAF]             * [* {th:onpause,data-th-onpause}] [1000]: org.thymeleaf.standard.processor.StandardDOMEventAttributeTagProcessor
[THYMELEAF]             * [* {th:onblur,data-th-onblur}] [1000]: org.thymeleaf.standard.processor.StandardDOMEventAttributeTagProcessor
[THYMELEAF]             * [* {th:onstalled,data-th-onstalled}] [1000]: org.thymeleaf.standard.processor.StandardDOMEventAttributeTagProcessor
[THYMELEAF]             * [* {th:ondblclick,data-th-ondblclick}] [1000]: org.thymeleaf.standard.processor.StandardDOMEventAttributeTagProcessor
[THYMELEAF]             * [* {th:onkeyup,data-th-onkeyup}] [1000]: org.thymeleaf.standard.processor.StandardDOMEventAttributeTagProcessor
[THYMELEAF]             * [* {th:onabort,data-th-onabort}] [1000]: org.thymeleaf.standard.processor.StandardDOMEventAttributeTagProcessor
[THYMELEAF]             * [* {th:onplay,data-th-onplay}] [1000]: org.thymeleaf.standard.processor.StandardDOMEventAttributeTagProcessor
[THYMELEAF]             * [* {th:onkeydown,data-th-onkeydown}] [1000]: org.thymeleaf.standard.processor.StandardDOMEventAttributeTagProcessor
[THYMELEAF]             * [* {th:onpopstate,data-th-onpopstate}] [1000]: org.thymeleaf.standard.processor.StandardDOMEventAttributeTagProcessor
[THYMELEAF]             * [* {th:onreadystatechange,data-th-onreadystatechange}] [1000]: org.thymeleaf.standard.processor.StandardDOMEventAttributeTagProcessor
[THYMELEAF]             * [* {th:onloadedmetadata,data-th-onloadedmetadata}] [1000]: org.thymeleaf.standard.processor.StandardDOMEventAttributeTagProcessor
[THYMELEAF]             * [* {th:ondragenter,data-th-ondragenter}] [1000]: org.thymeleaf.standard.processor.StandardDOMEventAttributeTagProcessor
[THYMELEAF]             * [* {th:onformchange,data-th-onformchange}] [1000]: org.thymeleaf.standard.processor.StandardDOMEventAttributeTagProcessor
[THYMELEAF]             * [* {th:oninvalid,data-th-oninvalid}] [1000]: org.thymeleaf.standard.processor.StandardDOMEventAttributeTagProcessor
[THYMELEAF]             * [* {th:onseeked,data-th-onseeked}] [1000]: org.thymeleaf.standard.processor.StandardDOMEventAttributeTagProcessor
[THYMELEAF]             * [* {th:onplaying,data-th-onplaying}] [1000]: org.thymeleaf.standard.processor.StandardDOMEventAttributeTagProcessor
[THYMELEAF]             * [* {th:onforminput,data-th-onforminput}] [1000]: org.thymeleaf.standard.processor.StandardDOMEventAttributeTagProcessor
[THYMELEAF]             * [* {th:onemptied,data-th-onemptied}] [1000]: org.thymeleaf.standard.processor.StandardDOMEventAttributeTagProcessor
[THYMELEAF]             * [* {th:onclick,data-th-onclick}] [1000]: org.thymeleaf.standard.processor.StandardDOMEventAttributeTagProcessor
[THYMELEAF]             * [* {th:onstorage,data-th-onstorage}] [1000]: org.thymeleaf.standard.processor.StandardDOMEventAttributeTagProcessor
[THYMELEAF]             * [* {th:onunload,data-th-onunload}] [1000]: org.thymeleaf.standard.processor.StandardDOMEventAttributeTagProcessor
[THYMELEAF]             * [* {th:onratechange,data-th-onratechange}] [1000]: org.thymeleaf.standard.processor.StandardDOMEventAttributeTagProcessor
[THYMELEAF]             * [* {th:onsuspend,data-th-onsuspend}] [1000]: org.thymeleaf.standard.processor.StandardDOMEventAttributeTagProcessor
[THYMELEAF]             * [* {th:onoffline,data-th-onoffline}] [1000]: org.thymeleaf.standard.processor.StandardDOMEventAttributeTagProcessor
[THYMELEAF]             * [* {th:ondrop,data-th-ondrop}] [1000]: org.thymeleaf.standard.processor.StandardDOMEventAttributeTagProcessor
[THYMELEAF]             * [* {th:onbeforeunload,data-th-onbeforeunload}] [1000]: org.thymeleaf.standard.processor.StandardDOMEventAttributeTagProcessor
[THYMELEAF]             * [* {th:href,data-th-href}] [1000]: org.thymeleaf.standard.processor.StandardHrefTagProcessor
[THYMELEAF]             * [* {th:inline,data-th-inline}] [1000]: org.thymeleaf.standard.processor.StandardInlineHTMLTagProcessor
[THYMELEAF]             * [* {th:method,data-th-method}] [1000]: org.thymeleaf.standard.processor.StandardMethodTagProcessor
[THYMELEAF]             * [* {th:name,data-th-name}] [1000]: org.thymeleaf.standard.processor.StandardNonRemovableAttributeTagProcessor
[THYMELEAF]             * [* {th:type,data-th-type}] [1000]: org.thymeleaf.standard.processor.StandardNonRemovableAttributeTagProcessor
[THYMELEAF]             * [* {th:formenctype,data-th-formenctype}] [1000]: org.thymeleaf.standard.processor.StandardRemovableAttributeTagProcessor
[THYMELEAF]             * [* {th:scheme,data-th-scheme}] [1000]: org.thymeleaf.standard.processor.StandardRemovableAttributeTagProcessor
[THYMELEAF]             * [* {th:valuetype,data-th-valuetype}] [1000]: org.thymeleaf.standard.processor.StandardRemovableAttributeTagProcessor
[THYMELEAF]             * [* {th:rel,data-th-rel}] [1000]: org.thymeleaf.standard.processor.StandardRemovableAttributeTagProcessor
[THYMELEAF]             * [* {th:contenteditable,data-th-contenteditable}] [1000]: org.thymeleaf.standard.processor.StandardRemovableAttributeTagProcessor
[THYMELEAF]             * [* {th:codebase,data-th-codebase}] [1000]: org.thymeleaf.standard.processor.StandardRemovableAttributeTagProcessor
[THYMELEAF]             * [* {th:scrolling,data-th-scrolling}] [1000]: org.thymeleaf.standard.processor.StandardRemovableAttributeTagProcessor
[THYMELEAF]             * [* {th:preload,data-th-preload}] [1000]: org.thymeleaf.standard.processor.StandardRemovableAttributeTagProcessor
[THYMELEAF]             * [* {th:dir,data-th-dir}] [1000]: org.thymeleaf.standard.processor.StandardRemovableAttributeTagProcessor
[THYMELEAF]             * [* {th:rules,data-th-rules}] [1000]: org.thymeleaf.standard.processor.StandardRemovableAttributeTagProcessor
[THYMELEAF]             * [* {th:start,data-th-start}] [1000]: org.thymeleaf.standard.processor.StandardRemovableAttributeTagProcessor
[THYMELEAF]             * [* {th:formtarget,data-th-formtarget}] [1000]: org.thymeleaf.standard.processor.StandardRemovableAttributeTagProcessor
[THYMELEAF]             * [* {th:size,data-th-size}] [1000]: org.thymeleaf.standard.processor.StandardRemovableAttributeTagProcessor
[THYMELEAF]             * [* {th:cellpadding,data-th-cellpadding}] [1000]: org.thymeleaf.standard.processor.StandardRemovableAttributeTagProcessor
[THYMELEAF]             * [* {th:sizes,data-th-sizes}] [1000]: org.thymeleaf.standard.processor.StandardRemovableAttributeTagProcessor
[THYMELEAF]             * [* {th:height,data-th-height}] [1000]: org.thymeleaf.standard.processor.StandardRemovableAttributeTagProcessor
[THYMELEAF]             * [* {th:align,data-th-align}] [1000]: org.thymeleaf.standard.processor.StandardRemovableAttributeTagProcessor
[THYMELEAF]             * [* {th:bgcolor,data-th-bgcolor}] [1000]: org.thymeleaf.standard.processor.StandardRemovableAttributeTagProcessor
[THYMELEAF]             * [* {th:span,data-th-span}] [1000]: org.thymeleaf.standard.processor.StandardRemovableAttributeTagProcessor
[THYMELEAF]             * [* {th:class,data-th-class}] [1000]: org.thymeleaf.standard.processor.StandardRemovableAttributeTagProcessor
[THYMELEAF]             * [* {th:hreflang,data-th-hreflang}] [1000]: org.thymeleaf.standard.processor.StandardRemovableAttributeTagProcessor
[THYMELEAF]             * [* {th:accept,data-th-accept}] [1000]: org.thymeleaf.standard.processor.StandardRemovableAttributeTagProcessor
[THYMELEAF]             * [* {th:media,data-th-media}] [1000]: org.thymeleaf.standard.processor.StandardRemovableAttributeTagProcessor
[THYMELEAF]             * [* {th:srclang,data-th-srclang}] [1000]: org.thymeleaf.standard.processor.StandardRemovableAttributeTagProcessor
[THYMELEAF]             * [* {th:kind,data-th-kind}] [1000]: org.thymeleaf.standard.processor.StandardRemovableAttributeTagProcessor
[THYMELEAF]             * [* {th:colspan,data-th-colspan}] [1000]: org.thymeleaf.standard.processor.StandardRemovableAttributeTagProcessor
[THYMELEAF]             * [* {th:http-equiv,data-th-http-equiv}] [1000]: org.thymeleaf.standard.processor.StandardRemovableAttributeTagProcessor
[THYMELEAF]             * [* {th:usemap,data-th-usemap}] [1000]: org.thymeleaf.standard.processor.StandardRemovableAttributeTagProcessor
[THYMELEAF]             * [* {th:cite,data-th-cite}] [1000]: org.thymeleaf.standard.processor.StandardRemovableAttributeTagProcessor
[THYMELEAF]             * [* {th:poster,data-th-poster}] [1000]: org.thymeleaf.standard.processor.StandardRemovableAttributeTagProcessor
[THYMELEAF]             * [* {th:style,data-th-style}] [1000]: org.thymeleaf.standard.processor.StandardRemovableAttributeTagProcessor
[THYMELEAF]             * [* {th:rowspan,data-th-rowspan}] [1000]: org.thymeleaf.standard.processor.StandardRemovableAttributeTagProcessor
[THYMELEAF]             * [* {th:scope,data-th-scope}] [1000]: org.thymeleaf.standard.processor.StandardRemovableAttributeTagProcessor
[THYMELEAF]             * [* {th:abbr,data-th-abbr}] [1000]: org.thymeleaf.standard.processor.StandardRemovableAttributeTagProcessor
[THYMELEAF]             * [* {th:label,data-th-label}] [1000]: org.thymeleaf.standard.processor.StandardRemovableAttributeTagProcessor
[THYMELEAF]             * [* {th:classid,data-th-classid}] [1000]: org.thymeleaf.standard.processor.StandardRemovableAttributeTagProcessor
[THYMELEAF]             * [* {th:formmethod,data-th-formmethod}] [1000]: org.thymeleaf.standard.processor.StandardRemovableAttributeTagProcessor
[THYMELEAF]             * [* {th:placeholder,data-th-placeholder}] [1000]: org.thymeleaf.standard.processor.StandardRemovableAttributeTagProcessor
[THYMELEAF]             * [* {th:max,data-th-max}] [1000]: org.thymeleaf.standard.processor.StandardRemovableAttributeTagProcessor
[THYMELEAF]             * [* {th:axis,data-th-axis}] [1000]: org.thymeleaf.standard.processor.StandardRemovableAttributeTagProcessor
[THYMELEAF]             * [* {th:codetype,data-th-codetype}] [1000]: org.thymeleaf.standard.processor.StandardRemovableAttributeTagProcessor
[THYMELEAF]             * [* {th:keytype,data-th-keytype}] [1000]: org.thymeleaf.standard.processor.StandardRemovableAttributeTagProcessor
[THYMELEAF]             * [* {th:id,data-th-id}] [1000]: org.thymeleaf.standard.processor.StandardRemovableAttributeTagProcessor
[THYMELEAF]             * [* {th:target,data-th-target}] [1000]: org.thymeleaf.standard.processor.StandardRemovableAttributeTagProcessor
[THYMELEAF]             * [* {th:width,data-th-width}] [1000]: org.thymeleaf.standard.processor.StandardRemovableAttributeTagProcessor
[THYMELEAF]             * [* {th:formaction,data-th-formaction}] [1000]: org.thymeleaf.standard.processor.StandardRemovableAttributeTagProcessor
[THYMELEAF]             * [* {th:form,data-th-form}] [1000]: org.thymeleaf.standard.processor.StandardRemovableAttributeTagProcessor
[THYMELEAF]             * [* {th:cols,data-th-cols}] [1000]: org.thymeleaf.standard.processor.StandardRemovableAttributeTagProcessor
[THYMELEAF]             * [* {th:frame,data-th-frame}] [1000]: org.thymeleaf.standard.processor.StandardRemovableAttributeTagProcessor
[THYMELEAF]             * [* {th:enctype,data-th-enctype}] [1000]: org.thymeleaf.standard.processor.StandardRemovableAttributeTagProcessor
[THYMELEAF]             * [* {th:headers,data-th-headers}] [1000]: org.thymeleaf.standard.processor.StandardRemovableAttributeTagProcessor
[THYMELEAF]             * [* {th:high,data-th-high}] [1000]: org.thymeleaf.standard.processor.StandardRemovableAttributeTagProcessor
[THYMELEAF]             * [* {th:for,data-th-for}] [1000]: org.thymeleaf.standard.processor.StandardRemovableAttributeTagProcessor
[THYMELEAF]             * [* {th:manifest,data-th-manifest}] [1000]: org.thymeleaf.standard.processor.StandardRemovableAttributeTagProcessor
[THYMELEAF]             * [* {th:marginwidth,data-th-marginwidth}] [1000]: org.thymeleaf.standard.processor.StandardRemovableAttributeTagProcessor
[THYMELEAF]             * [* {th:maxlength,data-th-maxlength}] [1000]: org.thymeleaf.standard.processor.StandardRemovableAttributeTagProcessor
[THYMELEAF]             * [* {th:summary,data-th-summary}] [1000]: org.thymeleaf.standard.processor.StandardRemovableAttributeTagProcessor
[THYMELEAF]             * [* {th:wrap,data-th-wrap}] [1000]: org.thymeleaf.standard.processor.StandardRemovableAttributeTagProcessor
[THYMELEAF]             * [* {th:rows,data-th-rows}] [1000]: org.thymeleaf.standard.processor.StandardRemovableAttributeTagProcessor
[THYMELEAF]             * [* {th:content,data-th-content}] [1000]: org.thymeleaf.standard.processor.StandardRemovableAttributeTagProcessor
[THYMELEAF]             * [* {th:challenge,data-th-challenge}] [1000]: org.thymeleaf.standard.processor.StandardRemovableAttributeTagProcessor
[THYMELEAF]             * [* {th:hspace,data-th-hspace}] [1000]: org.thymeleaf.standard.processor.StandardRemovableAttributeTagProcessor
[THYMELEAF]             * [* {th:pattern,data-th-pattern}] [1000]: org.thymeleaf.standard.processor.StandardRemovableAttributeTagProcessor
[THYMELEAF]             * [* {th:marginheight,data-th-marginheight}] [1000]: org.thymeleaf.standard.processor.StandardRemovableAttributeTagProcessor
[THYMELEAF]             * [* {th:longdesc,data-th-longdesc}] [1000]: org.thymeleaf.standard.processor.StandardRemovableAttributeTagProcessor
[THYMELEAF]             * [* {th:accept-charset,data-th-accept-charset}] [1000]: org.thymeleaf.standard.processor.StandardRemovableAttributeTagProcessor
[THYMELEAF]             * [* {th:cellspacing,data-th-cellspacing}] [1000]: org.thymeleaf.standard.processor.StandardRemovableAttributeTagProcessor
[THYMELEAF]             * [* {th:sandbox,data-th-sandbox}] [1000]: org.thymeleaf.standard.processor.StandardRemovableAttributeTagProcessor
[THYMELEAF]             * [* {th:tabindex,data-th-tabindex}] [1000]: org.thymeleaf.standard.processor.StandardRemovableAttributeTagProcessor
[THYMELEAF]             * [* {th:min,data-th-min}] [1000]: org.thymeleaf.standard.processor.StandardRemovableAttributeTagProcessor
[THYMELEAF]             * [* {th:frameborder,data-th-frameborder}] [1000]: org.thymeleaf.standard.processor.StandardRemovableAttributeTagProcessor
[THYMELEAF]             * [* {th:charset,data-th-charset}] [1000]: org.thymeleaf.standard.processor.StandardRemovableAttributeTagProcessor
[THYMELEAF]             * [* {th:standby,data-th-standby}] [1000]: org.thymeleaf.standard.processor.StandardRemovableAttributeTagProcessor
[THYMELEAF]             * [* {th:autocomplete,data-th-autocomplete}] [1000]: org.thymeleaf.standard.processor.StandardRemovableAttributeTagProcessor
[THYMELEAF]             * [* {th:vspace,data-th-vspace}] [1000]: org.thymeleaf.standard.processor.StandardRemovableAttributeTagProcessor
[THYMELEAF]             * [* {th:audio,data-th-audio}] [1000]: org.thymeleaf.standard.processor.StandardRemovableAttributeTagProcessor
[THYMELEAF]             * [* {th:icon,data-th-icon}] [1000]: org.thymeleaf.standard.processor.StandardRemovableAttributeTagProcessor
[THYMELEAF]             * [* {th:archive,data-th-archive}] [1000]: org.thymeleaf.standard.processor.StandardRemovableAttributeTagProcessor
[THYMELEAF]             * [* {th:rev,data-th-rev}] [1000]: org.thymeleaf.standard.processor.StandardRemovableAttributeTagProcessor
[THYMELEAF]             * [* {th:radiogroup,data-th-radiogroup}] [1000]: org.thymeleaf.standard.processor.StandardRemovableAttributeTagProcessor
[THYMELEAF]             * [* {th:list,data-th-list}] [1000]: org.thymeleaf.standard.processor.StandardRemovableAttributeTagProcessor
[THYMELEAF]             * [* {th:data,data-th-data}] [1000]: org.thymeleaf.standard.processor.StandardRemovableAttributeTagProcessor
[THYMELEAF]             * [* {th:spellcheck,data-th-spellcheck}] [1000]: org.thymeleaf.standard.processor.StandardRemovableAttributeTagProcessor
[THYMELEAF]             * [* {th:optimum,data-th-optimum}] [1000]: org.thymeleaf.standard.processor.StandardRemovableAttributeTagProcessor
[THYMELEAF]             * [* {th:title,data-th-title}] [1000]: org.thymeleaf.standard.processor.StandardRemovableAttributeTagProcessor
[THYMELEAF]             * [* {th:low,data-th-low}] [1000]: org.thymeleaf.standard.processor.StandardRemovableAttributeTagProcessor
[THYMELEAF]             * [* {th:accesskey,data-th-accesskey}] [1000]: org.thymeleaf.standard.processor.StandardRemovableAttributeTagProcessor
[THYMELEAF]             * [* {th:draggable,data-th-draggable}] [1000]: org.thymeleaf.standard.processor.StandardRemovableAttributeTagProcessor
[THYMELEAF]             * [* {th:alt,data-th-alt}] [1000]: org.thymeleaf.standard.processor.StandardRemovableAttributeTagProcessor
[THYMELEAF]             * [* {th:border,data-th-border}] [1000]: org.thymeleaf.standard.processor.StandardRemovableAttributeTagProcessor
[THYMELEAF]             * [* {th:compact,data-th-compact}] [1000]: org.thymeleaf.standard.processor.StandardRemovableAttributeTagProcessor
[THYMELEAF]             * [* {th:datetime,data-th-datetime}] [1000]: org.thymeleaf.standard.processor.StandardRemovableAttributeTagProcessor
[THYMELEAF]             * [* {th:contextmenu,data-th-contextmenu}] [1000]: org.thymeleaf.standard.processor.StandardRemovableAttributeTagProcessor
[THYMELEAF]             * [* {th:background,data-th-background}] [1000]: org.thymeleaf.standard.processor.StandardRemovableAttributeTagProcessor
[THYMELEAF]             * [* {th:step,data-th-step}] [1000]: org.thymeleaf.standard.processor.StandardRemovableAttributeTagProcessor
[THYMELEAF]             * [* {th:lang,data-th-lang}] [1000]: org.thymeleaf.standard.processor.StandardRemovableAttributeTagProcessor
[THYMELEAF]             * [* {th:dropzone,data-th-dropzone}] [1000]: org.thymeleaf.standard.processor.StandardRemovableAttributeTagProcessor
[THYMELEAF]             * [* {th:src,data-th-src}] [1000]: org.thymeleaf.standard.processor.StandardSrcTagProcessor
[THYMELEAF]             * [* {th:value,data-th-value}] [1000]: org.thymeleaf.standard.processor.StandardValueTagProcessor
[THYMELEAF]             * [* {th:xmlbase,data-th-xmlbase}] [1000]: org.thymeleaf.standard.processor.StandardXmlBaseTagProcessor
[THYMELEAF]             * [* {th:xmllang,data-th-xmllang}] [1000]: org.thymeleaf.standard.processor.StandardXmlLangTagProcessor
[THYMELEAF]             * [* {xmlns:th}] [1000]: org.thymeleaf.standard.processor.StandardXmlNsTagProcessor
[THYMELEAF]             * [* {th:xmlspace,data-th-xmlspace}] [1000]: org.thymeleaf.standard.processor.StandardXmlSpaceTagProcessor
[THYMELEAF]             * [* {th:classappend,data-th-classappend}] [1100]: org.thymeleaf.standard.processor.StandardClassappendTagProcessor
[THYMELEAF]             * [* {th:styleappend,data-th-styleappend}] [1100]: org.thymeleaf.standard.processor.StandardStyleappendTagProcessor
[THYMELEAF]             * [* {th:text,data-th-text}] [1300]: org.thymeleaf.standard.processor.StandardTextTagProcessor
[THYMELEAF]             * [* {th:utext,data-th-utext}] [1400]: org.thymeleaf.standard.processor.StandardUtextTagProcessor
[THYMELEAF]             * [* {th:fragment,data-th-fragment}] [1500]: org.thymeleaf.standard.processor.StandardFragmentTagProcessor
[THYMELEAF]             * [* {th:assert,data-th-assert}] [1550]: org.thymeleaf.standard.processor.StandardAssertTagProcessor
[THYMELEAF]             * [* {th:remove,data-th-remove}] [1600]: org.thymeleaf.standard.processor.StandardRemoveTagProcessor
[THYMELEAF]             * [* {th:ref,data-th-ref}] [10000]: org.thymeleaf.standard.processor.StandardRefAttributeTagProcessor
[THYMELEAF]             * [{th:block,th-block} *] [100000]: org.thymeleaf.standard.processor.StandardBlockTagProcessor
[THYMELEAF]             * [* th:*] [2147483647]: org.thymeleaf.standard.processor.StandardDefaultAttributesTagProcessor
[THYMELEAF]         * Text Processors by [precedence]:
[THYMELEAF]             * [1000]: org.thymeleaf.standard.processor.StandardInliningTextProcessor
[THYMELEAF]         * DOCTYPE Processors by [precedence]:
[THYMELEAF]             * [1000]: org.thymeleaf.standard.processor.StandardTranslationDocTypeProcessor
[THYMELEAF]         * CDATA Section Processors by [precedence]:
[THYMELEAF]             * [1000]: org.thymeleaf.standard.processor.StandardInliningCDATASectionProcessor
[THYMELEAF]         * Comment Processors by [precedence]:
[THYMELEAF]             * [1000]: org.thymeleaf.standard.processor.StandardInliningCommentProcessor
[THYMELEAF]             * [1100]: org.thymeleaf.standard.processor.StandardConditionalCommentProcessor
[THYMELEAF]     * Processors for Template Mode: XML
[THYMELEAF]         * Element Tag Processors by [matching element and attribute name] [precedence]:
[THYMELEAF]             * [* {th:include}] [100]: org.thymeleaf.standard.processor.StandardIncludeTagProcessor
[THYMELEAF]             * [* {th:insert}] [100]: org.thymeleaf.standard.processor.StandardInsertTagProcessor
[THYMELEAF]             * [* {th:replace}] [100]: org.thymeleaf.standard.processor.StandardReplaceTagProcessor
[THYMELEAF]             * [* {th:each}] [200]: com.intuit.karate.template.KarateEachTagProcessor
[THYMELEAF]             * [* {th:switch}] [250]: org.thymeleaf.standard.processor.StandardSwitchTagProcessor
[THYMELEAF]             * [* {th:case}] [275]: org.thymeleaf.standard.processor.StandardCaseTagProcessor
[THYMELEAF]             * [* {th:if}] [300]: org.thymeleaf.standard.processor.StandardIfTagProcessor
[THYMELEAF]             * [* {th:unless}] [400]: org.thymeleaf.standard.processor.StandardUnlessTagProcessor
[THYMELEAF]             * [* {th:object}] [500]: org.thymeleaf.standard.processor.StandardObjectTagProcessor
[THYMELEAF]             * [* {th:with}] [600]: com.intuit.karate.template.KarateWithTagProcessor
[THYMELEAF]             * [* {th:attr}] [700]: com.intuit.karate.template.KarateAttributeTagProcessor.KarateAttrTagProcessor
[THYMELEAF]             * [* {th:attrappend}] [900]: com.intuit.karate.template.KarateAttributeTagProcessor.KarateAttrappendTagProcessor
[THYMELEAF]             * [* {th:attrprepend}] [900]: com.intuit.karate.template.KarateAttributeTagProcessor.KarateAttrprependTagProcessor
[THYMELEAF]             * [* {th:inline}] [1000]: org.thymeleaf.standard.processor.StandardInlineXMLTagProcessor
[THYMELEAF]             * [* {xmlns:th}] [1000]: org.thymeleaf.standard.processor.StandardXmlNsTagProcessor
[THYMELEAF]             * [* {th:text}] [1300]: org.thymeleaf.standard.processor.StandardTextTagProcessor
[THYMELEAF]             * [* {th:utext}] [1400]: org.thymeleaf.standard.processor.StandardUtextTagProcessor
[THYMELEAF]             * [* {th:fragment}] [1500]: org.thymeleaf.standard.processor.StandardFragmentTagProcessor
[THYMELEAF]             * [* {th:assert}] [1550]: org.thymeleaf.standard.processor.StandardAssertTagProcessor
[THYMELEAF]             * [* {th:remove}] [1600]: org.thymeleaf.standard.processor.StandardRemoveTagProcessor
[THYMELEAF]             * [* {th:ref}] [10000]: org.thymeleaf.standard.processor.StandardRefAttributeTagProcessor
[THYMELEAF]             * [{th:block} *] [100000]: org.thymeleaf.standard.processor.StandardBlockTagProcessor
[THYMELEAF]             * [* th:*] [2147483647]: org.thymeleaf.standard.processor.StandardDefaultAttributesTagProcessor
[THYMELEAF]         * Text Processors by [precedence]:
[THYMELEAF]             * [1000]: org.thymeleaf.standard.processor.StandardInliningTextProcessor
[THYMELEAF]         * CDATA Section Processors by [precedence]:
[THYMELEAF]             * [1000]: org.thymeleaf.standard.processor.StandardInliningCDATASectionProcessor
[THYMELEAF]         * Comment Processors by [precedence]:
[THYMELEAF]             * [1000]: org.thymeleaf.standard.processor.StandardInliningCommentProcessor
[THYMELEAF]     * Processors for Template Mode: TEXT
[THYMELEAF]         * Element Tag Processors by [matching element and attribute name] [precedence]:
[THYMELEAF]             * [* {th:insert}] [100]: org.thymeleaf.standard.processor.StandardInsertTagProcessor
[THYMELEAF]             * [* {th:replace}] [100]: org.thymeleaf.standard.processor.StandardReplaceTagProcessor
[THYMELEAF]             * [* {th:each}] [200]: com.intuit.karate.template.KarateEachTagProcessor
[THYMELEAF]             * [* {th:switch}] [250]: org.thymeleaf.standard.processor.StandardSwitchTagProcessor
[THYMELEAF]             * [* {th:case}] [275]: org.thymeleaf.standard.processor.StandardCaseTagProcessor
[THYMELEAF]             * [* {th:if}] [300]: org.thymeleaf.standard.processor.StandardIfTagProcessor
[THYMELEAF]             * [* {th:unless}] [400]: org.thymeleaf.standard.processor.StandardUnlessTagProcessor
[THYMELEAF]             * [* {th:object}] [500]: org.thymeleaf.standard.processor.StandardObjectTagProcessor
[THYMELEAF]             * [* {th:with}] [600]: com.intuit.karate.template.KarateWithTagProcessor
[THYMELEAF]             * [* {th:inline}] [1000]: org.thymeleaf.standard.processor.StandardInlineTextualTagProcessor
[THYMELEAF]             * [* {th:text}] [1300]: org.thymeleaf.standard.processor.StandardTextTagProcessor
[THYMELEAF]             * [* {th:utext}] [1400]: org.thymeleaf.standard.processor.StandardUtextTagProcessor
[THYMELEAF]             * [* {th:assert}] [1550]: org.thymeleaf.standard.processor.StandardAssertTagProcessor
[THYMELEAF]             * [* {th:remove}] [1600]: org.thymeleaf.standard.processor.StandardRemoveTagProcessor
[THYMELEAF]             * [* 100000] [org.thymeleaf.standard.processor.StandardBlockTagProcessor]: {}
[THYMELEAF]             * [{th:block} *] [100000]: org.thymeleaf.standard.processor.StandardBlockTagProcessor
[THYMELEAF]         * Text Processors by [precedence]:
[THYMELEAF]             * [1000]: org.thymeleaf.standard.processor.StandardInliningTextProcessor
[THYMELEAF]     * Processors for Template Mode: JAVASCRIPT
[THYMELEAF]         * Element Tag Processors by [matching element and attribute name] [precedence]:
[THYMELEAF]             * [* {th:insert}] [100]: org.thymeleaf.standard.processor.StandardInsertTagProcessor
[THYMELEAF]             * [* {th:replace}] [100]: org.thymeleaf.standard.processor.StandardReplaceTagProcessor
[THYMELEAF]             * [* {th:each}] [200]: com.intuit.karate.template.KarateEachTagProcessor
[THYMELEAF]             * [* {th:switch}] [250]: org.thymeleaf.standard.processor.StandardSwitchTagProcessor
[THYMELEAF]             * [* {th:case}] [275]: org.thymeleaf.standard.processor.StandardCaseTagProcessor
[THYMELEAF]             * [* {th:if}] [300]: org.thymeleaf.standard.processor.StandardIfTagProcessor
[THYMELEAF]             * [* {th:unless}] [400]: org.thymeleaf.standard.processor.StandardUnlessTagProcessor
[THYMELEAF]             * [* {th:object}] [500]: org.thymeleaf.standard.processor.StandardObjectTagProcessor
[THYMELEAF]             * [* {th:with}] [600]: com.intuit.karate.template.KarateWithTagProcessor
[THYMELEAF]             * [* {th:inline}] [1000]: org.thymeleaf.standard.processor.StandardInlineTextualTagProcessor
[THYMELEAF]             * [* {th:text}] [1300]: org.thymeleaf.standard.processor.StandardTextTagProcessor
[THYMELEAF]             * [* {th:utext}] [1400]: org.thymeleaf.standard.processor.StandardUtextTagProcessor
[THYMELEAF]             * [* {th:assert}] [1550]: org.thymeleaf.standard.processor.StandardAssertTagProcessor
[THYMELEAF]             * [* {th:remove}] [1600]: org.thymeleaf.standard.processor.StandardRemoveTagProcessor
[THYMELEAF]             * [* 100000] [org.thymeleaf.standard.processor.StandardBlockTagProcessor]: {}
[THYMELEAF]             * [{th:block} *] [100000]: org.thymeleaf.standard.processor.StandardBlockTagProcessor
[THYMELEAF]         * Text Processors by [precedence]:
[THYMELEAF]             * [1000]: org.thymeleaf.standard.processor.StandardInliningTextProcessor
[THYMELEAF]     * Processors for Template Mode: CSS
[THYMELEAF]         * Element Tag Processors by [matching element and attribute name] [precedence]:
[THYMELEAF]             * [* {th:insert}] [100]: org.thymeleaf.standard.processor.StandardInsertTagProcessor
[THYMELEAF]             * [* {th:replace}] [100]: org.thymeleaf.standard.processor.StandardReplaceTagProcessor
[THYMELEAF]             * [* {th:each}] [200]: com.intuit.karate.template.KarateEachTagProcessor
[THYMELEAF]             * [* {th:switch}] [250]: org.thymeleaf.standard.processor.StandardSwitchTagProcessor
[THYMELEAF]             * [* {th:case}] [275]: org.thymeleaf.standard.processor.StandardCaseTagProcessor
[THYMELEAF]             * [* {th:if}] [300]: org.thymeleaf.standard.processor.StandardIfTagProcessor
[THYMELEAF]             * [* {th:unless}] [400]: org.thymeleaf.standard.processor.StandardUnlessTagProcessor
[THYMELEAF]             * [* {th:object}] [500]: org.thymeleaf.standard.processor.StandardObjectTagProcessor
[THYMELEAF]             * [* {th:with}] [600]: com.intuit.karate.template.KarateWithTagProcessor
[THYMELEAF]             * [* {th:inline}] [1000]: org.thymeleaf.standard.processor.StandardInlineTextualTagProcessor
[THYMELEAF]             * [* {th:text}] [1300]: org.thymeleaf.standard.processor.StandardTextTagProcessor
[THYMELEAF]             * [* {th:utext}] [1400]: org.thymeleaf.standard.processor.StandardUtextTagProcessor
[THYMELEAF]             * [* {th:assert}] [1550]: org.thymeleaf.standard.processor.StandardAssertTagProcessor
[THYMELEAF]             * [* {th:remove}] [1600]: org.thymeleaf.standard.processor.StandardRemoveTagProcessor
[THYMELEAF]             * [* 100000] [org.thymeleaf.standard.processor.StandardBlockTagProcessor]: {}
[THYMELEAF]             * [{th:block} *] [100000]: org.thymeleaf.standard.processor.StandardBlockTagProcessor
[THYMELEAF]         * Text Processors by [precedence]:
[THYMELEAF]             * [1000]: org.thymeleaf.standard.processor.StandardInliningTextProcessor
[THYMELEAF]     * Expression Objects:
[THYMELEAF]         * #ctx
[THYMELEAF]         * #root
[THYMELEAF]         * #vars
[THYMELEAF]         * #object
[THYMELEAF]         * #locale
[THYMELEAF]         * #conversions
[THYMELEAF]         * #uris
[THYMELEAF]         * #temporals
[THYMELEAF]         * #calendars
[THYMELEAF]         * #dates
[THYMELEAF]         * #bools
[THYMELEAF]         * #numbers
[THYMELEAF]         * #objects
[THYMELEAF]         * #strings
[THYMELEAF]         * #arrays
[THYMELEAF]         * #lists
[THYMELEAF]         * #sets
[THYMELEAF]         * #maps
[THYMELEAF]         * #aggregates
[THYMELEAF]         * #messages
[THYMELEAF]         * #ids
[THYMELEAF]         * #execInfo
[THYMELEAF]         * #request
[THYMELEAF]         * #response
[THYMELEAF]         * #session
[THYMELEAF]         * #servletContext
[THYMELEAF]     * Execution Attributes:
[THYMELEAF]         * "StandardExpressionParser": com.intuit.karate.template.KarateStandardDialect@3e2cc06c
[THYMELEAF]         * "StandardJavaScriptSerializer": org.thymeleaf.standard.serializer.StandardJavaScriptSerializer@5fa22e6b
[THYMELEAF]         * "StandardCSSSerializer": org.thymeleaf.standard.serializer.StandardCSSSerializer@7b040a9
[THYMELEAF]         * "StandardVariableExpressionEvaluator": com.intuit.karate.template.KarateStandardDialect@3e2cc06c
[THYMELEAF]         * "StandardConversionService": org.thymeleaf.standard.expression.StandardConversionService@12301a8e
[THYMELEAF] * Dialect [2 of 2]: karate (com.intuit.karate.template.KarateScriptDialect)
[THYMELEAF]     * Prefix: "ka"
[THYMELEAF]     * Processors for Template Mode: HTML
[THYMELEAF]         * Element Tag Processors by [matching element and attribute name] [precedence]:
[THYMELEAF]             * [* {src}] [1000]: com.intuit.karate.template.KaScriptAttrProcessor
[THYMELEAF]         * Element Model Processors by [matching element and attribute name] [precedence]:
[THYMELEAF]             * [{script} {ka:scope,data-ka-scope}] [1000]: com.intuit.karate.template.KaScriptElemProcessor
[THYMELEAF]             * [* {ka:set,data-ka-set}] [1000]: com.intuit.karate.template.KaSetElemProcessor
[THYMELEAF] TEMPLATE ENGINE CONFIGURED OK
16:40:43.943 [pool-3-thread-1] DEBUG org.thymeleaf.TemplateEngine -- [THYMELEAF] TEMPLATE ENGINE INITIALIZED
---------------------------------------------------------
feature: classpath:api/producto/1_crear sad path.feature
scenarios:  4 | passed:  4 | failed:  0 | time: 3.1680
---------------------------------------------------------

16:40:44.822 [pool-3-thread-1] INFO com.intuit.karate.Suite -- <<pass>> feature 1 of 11 (10 remaining) classpath:api/producto/1_crear sad path.feature
16:40:44.837 [pool-3-thread-1] DEBUG org.thymeleaf.TemplateEngine -- [THYMELEAF] INITIALIZING TEMPLATE ENGINE
16:40:44.861 [pool-3-thread-1] DEBUG org.thymeleaf.TemplateEngine.CONFIG -- Initializing Thymeleaf Template engine configuration...
[THYMELEAF] TEMPLATE ENGINE CONFIGURATION:
[THYMELEAF] * Thymeleaf version: 3.1.2.RELEASE (built 2023-07-30T19:25:50+0000)
[THYMELEAF] * Cache Manager implementation: org.thymeleaf.cache.StandardCacheManager
[THYMELEAF] * Template resolvers:
[THYMELEAF]     * [1] com.intuit.karate.template.ResourceHtmlTemplateResolver
[THYMELEAF] * Message resolvers:
[THYMELEAF]     * org.thymeleaf.messageresolver.StandardMessageResolver
[THYMELEAF] * Link builders:
[THYMELEAF]     * org.thymeleaf.linkbuilder.StandardLinkBuilder
[THYMELEAF] * Dialect [1 of 2]: Standard (com.intuit.karate.template.KarateStandardDialect)
[THYMELEAF]     * Prefix: "th"
[THYMELEAF]     * Processors for Template Mode: HTML
[THYMELEAF]         * Element Tag Processors by [matching element and attribute name] [precedence]:
[THYMELEAF]             * [* {th:include,data-th-include}] [100]: org.thymeleaf.standard.processor.StandardIncludeTagProcessor
[THYMELEAF]             * [* {th:insert,data-th-insert}] [100]: org.thymeleaf.standard.processor.StandardInsertTagProcessor
[THYMELEAF]             * [* {th:replace,data-th-replace}] [100]: org.thymeleaf.standard.processor.StandardReplaceTagProcessor
[THYMELEAF]             * [* {th:each,data-th-each}] [200]: com.intuit.karate.template.KarateEachTagProcessor
[THYMELEAF]             * [* {th:switch,data-th-switch}] [250]: org.thymeleaf.standard.processor.StandardSwitchTagProcessor
[THYMELEAF]             * [* {th:case,data-th-case}] [275]: org.thymeleaf.standard.processor.StandardCaseTagProcessor
[THYMELEAF]             * [* {th:if,data-th-if}] [300]: org.thymeleaf.standard.processor.StandardIfTagProcessor
[THYMELEAF]             * [* {th:unless,data-th-unless}] [400]: org.thymeleaf.standard.processor.StandardUnlessTagProcessor
[THYMELEAF]             * [* {th:object,data-th-object}] [500]: org.thymeleaf.standard.processor.StandardObjectTagProcessor
[THYMELEAF]             * [* {th:with,data-th-with}] [600]: com.intuit.karate.template.KarateWithTagProcessor
[THYMELEAF]             * [* {th:attr,data-th-attr}] [700]: com.intuit.karate.template.KarateAttributeTagProcessor.KarateAttrTagProcessor
[THYMELEAF]             * [* {th:attrappend,data-th-attrappend}] [900]: com.intuit.karate.template.KarateAttributeTagProcessor.KarateAttrappendTagProcessor
[THYMELEAF]             * [* {th:attrprepend,data-th-attrprepend}] [900]: com.intuit.karate.template.KarateAttributeTagProcessor.KarateAttrprependTagProcessor
[THYMELEAF]             * [* {th:alt-title,data-th-alt-title}] [990]: org.thymeleaf.standard.processor.StandardAltTitleTagProcessor
[THYMELEAF]             * [* {th:lang-xmllang,data-th-lang-xmllang}] [990]: org.thymeleaf.standard.processor.StandardLangXmlLangTagProcessor
[THYMELEAF]             * [* {th:action,data-th-action}] [1000]: org.thymeleaf.standard.processor.StandardActionTagProcessor
[THYMELEAF]             * [* {th:formnovalidate,data-th-formnovalidate}] [1000]: org.thymeleaf.standard.processor.StandardConditionalFixedValueTagProcessor
[THYMELEAF]             * [* {th:scoped,data-th-scoped}] [1000]: org.thymeleaf.standard.processor.StandardConditionalFixedValueTagProcessor
[THYMELEAF]             * [* {th:ismap,data-th-ismap}] [1000]: org.thymeleaf.standard.processor.StandardConditionalFixedValueTagProcessor
[THYMELEAF]             * [* {th:required,data-th-required}] [1000]: org.thymeleaf.standard.processor.StandardConditionalFixedValueTagProcessor
[THYMELEAF]             * [* {th:defer,data-th-defer}] [1000]: org.thymeleaf.standard.processor.StandardConditionalFixedValueTagProcessor
[THYMELEAF]             * [* {th:novalidate,data-th-novalidate}] [1000]: org.thymeleaf.standard.processor.StandardConditionalFixedValueTagProcessor
[THYMELEAF]             * [* {th:loop,data-th-loop}] [1000]: org.thymeleaf.standard.processor.StandardConditionalFixedValueTagProcessor
[THYMELEAF]             * [* {th:nowrap,data-th-nowrap}] [1000]: org.thymeleaf.standard.processor.StandardConditionalFixedValueTagProcessor
[THYMELEAF]             * [* {th:disabled,data-th-disabled}] [1000]: org.thymeleaf.standard.processor.StandardConditionalFixedValueTagProcessor
[THYMELEAF]             * [* {th:autoplay,data-th-autoplay}] [1000]: org.thymeleaf.standard.processor.StandardConditionalFixedValueTagProcessor
[THYMELEAF]             * [* {th:open,data-th-open}] [1000]: org.thymeleaf.standard.processor.StandardConditionalFixedValueTagProcessor
[THYMELEAF]             * [* {th:declare,data-th-declare}] [1000]: org.thymeleaf.standard.processor.StandardConditionalFixedValueTagProcessor
[THYMELEAF]             * [* {th:checked,data-th-checked}] [1000]: org.thymeleaf.standard.processor.StandardConditionalFixedValueTagProcessor
[THYMELEAF]             * [* {th:pubdate,data-th-pubdate}] [1000]: org.thymeleaf.standard.processor.StandardConditionalFixedValueTagProcessor
[THYMELEAF]             * [* {th:seamless,data-th-seamless}] [1000]: org.thymeleaf.standard.processor.StandardConditionalFixedValueTagProcessor
[THYMELEAF]             * [* {th:default,data-th-default}] [1000]: org.thymeleaf.standard.processor.StandardConditionalFixedValueTagProcessor
[THYMELEAF]             * [* {th:reversed,data-th-reversed}] [1000]: org.thymeleaf.standard.processor.StandardConditionalFixedValueTagProcessor
[THYMELEAF]             * [* {th:async,data-th-async}] [1000]: org.thymeleaf.standard.processor.StandardConditionalFixedValueTagProcessor
[THYMELEAF]             * [* {th:hidden,data-th-hidden}] [1000]: org.thymeleaf.standard.processor.StandardConditionalFixedValueTagProcessor
[THYMELEAF]             * [* {th:autofocus,data-th-autofocus}] [1000]: org.thymeleaf.standard.processor.StandardConditionalFixedValueTagProcessor
[THYMELEAF]             * [* {th:controls,data-th-controls}] [1000]: org.thymeleaf.standard.processor.StandardConditionalFixedValueTagProcessor
[THYMELEAF]             * [* {th:multiple,data-th-multiple}] [1000]: org.thymeleaf.standard.processor.StandardConditionalFixedValueTagProcessor
[THYMELEAF]             * [* {th:selected,data-th-selected}] [1000]: org.thymeleaf.standard.processor.StandardConditionalFixedValueTagProcessor
[THYMELEAF]             * [* {th:readonly,data-th-readonly}] [1000]: org.thymeleaf.standard.processor.StandardConditionalFixedValueTagProcessor
[THYMELEAF]             * [* {th:onprogress,data-th-onprogress}] [1000]: org.thymeleaf.standard.processor.StandardDOMEventAttributeTagProcessor
[THYMELEAF]             * [* {th:onabort,data-th-onabort}] [1000]: org.thymeleaf.standard.processor.StandardDOMEventAttributeTagProcessor
[THYMELEAF]             * [* {th:oninvalid,data-th-oninvalid}] [1000]: org.thymeleaf.standard.processor.StandardDOMEventAttributeTagProcessor
[THYMELEAF]             * [* {th:onseeked,data-th-onseeked}] [1000]: org.thymeleaf.standard.processor.StandardDOMEventAttributeTagProcessor
[THYMELEAF]             * [* {th:onformchange,data-th-onformchange}] [1000]: org.thymeleaf.standard.processor.StandardDOMEventAttributeTagProcessor
[THYMELEAF]             * [* {th:onredo,data-th-onredo}] [1000]: org.thymeleaf.standard.processor.StandardDOMEventAttributeTagProcessor
[THYMELEAF]             * [* {th:ondrop,data-th-ondrop}] [1000]: org.thymeleaf.standard.processor.StandardDOMEventAttributeTagProcessor
[THYMELEAF]             * [* {th:onseeking,data-th-onseeking}] [1000]: org.thymeleaf.standard.processor.StandardDOMEventAttributeTagProcessor
[THYMELEAF]             * [* {th:oncontextmenu,data-th-oncontextmenu}] [1000]: org.thymeleaf.standard.processor.StandardDOMEventAttributeTagProcessor
[THYMELEAF]             * [* {th:onemptied,data-th-onemptied}] [1000]: org.thymeleaf.standard.processor.StandardDOMEventAttributeTagProcessor
[THYMELEAF]             * [* {th:onreadystatechange,data-th-onreadystatechange}] [1000]: org.thymeleaf.standard.processor.StandardDOMEventAttributeTagProcessor
[THYMELEAF]             * [* {th:onmouseover,data-th-onmouseover}] [1000]: org.thymeleaf.standard.processor.StandardDOMEventAttributeTagProcessor
[THYMELEAF]             * [* {th:ontimeupdate,data-th-ontimeupdate}] [1000]: org.thymeleaf.standard.processor.StandardDOMEventAttributeTagProcessor
[THYMELEAF]             * [* {th:onfocus,data-th-onfocus}] [1000]: org.thymeleaf.standard.processor.StandardDOMEventAttributeTagProcessor
[THYMELEAF]             * [* {th:onblur,data-th-onblur}] [1000]: org.thymeleaf.standard.processor.StandardDOMEventAttributeTagProcessor
[THYMELEAF]             * [* {th:onoffline,data-th-onoffline}] [1000]: org.thymeleaf.standard.processor.StandardDOMEventAttributeTagProcessor
[THYMELEAF]             * [* {th:ondblclick,data-th-ondblclick}] [1000]: org.thymeleaf.standard.processor.StandardDOMEventAttributeTagProcessor
[THYMELEAF]             * [* {th:onerror,data-th-onerror}] [1000]: org.thymeleaf.standard.processor.StandardDOMEventAttributeTagProcessor
[THYMELEAF]             * [* {th:onbeforeunload,data-th-onbeforeunload}] [1000]: org.thymeleaf.standard.processor.StandardDOMEventAttributeTagProcessor
[THYMELEAF]             * [* {th:onforminput,data-th-onforminput}] [1000]: org.thymeleaf.standard.processor.StandardDOMEventAttributeTagProcessor
[THYMELEAF]             * [* {th:onkeyup,data-th-onkeyup}] [1000]: org.thymeleaf.standard.processor.StandardDOMEventAttributeTagProcessor
[THYMELEAF]             * [* {th:onchange,data-th-onchange}] [1000]: org.thymeleaf.standard.processor.StandardDOMEventAttributeTagProcessor
[THYMELEAF]             * [* {th:onratechange,data-th-onratechange}] [1000]: org.thymeleaf.standard.processor.StandardDOMEventAttributeTagProcessor
[THYMELEAF]             * [* {th:onplay,data-th-onplay}] [1000]: org.thymeleaf.standard.processor.StandardDOMEventAttributeTagProcessor
[THYMELEAF]             * [* {th:onbeforeprint,data-th-onbeforeprint}] [1000]: org.thymeleaf.standard.processor.StandardDOMEventAttributeTagProcessor
[THYMELEAF]             * [* {th:onsubmit,data-th-onsubmit}] [1000]: org.thymeleaf.standard.processor.StandardDOMEventAttributeTagProcessor
[THYMELEAF]             * [* {th:oncanplaythrough,data-th-oncanplaythrough}] [1000]: org.thymeleaf.standard.processor.StandardDOMEventAttributeTagProcessor
[THYMELEAF]             * [* {th:onmousewheel,data-th-onmousewheel}] [1000]: org.thymeleaf.standard.processor.StandardDOMEventAttributeTagProcessor
[THYMELEAF]             * [* {th:oninput,data-th-oninput}] [1000]: org.thymeleaf.standard.processor.StandardDOMEventAttributeTagProcessor
[THYMELEAF]             * [* {th:ononline,data-th-ononline}] [1000]: org.thymeleaf.standard.processor.StandardDOMEventAttributeTagProcessor
[THYMELEAF]             * [* {th:onkeypress,data-th-onkeypress}] [1000]: org.thymeleaf.standard.processor.StandardDOMEventAttributeTagProcessor
[THYMELEAF]             * [* {th:onended,data-th-onended}] [1000]: org.thymeleaf.standard.processor.StandardDOMEventAttributeTagProcessor
[THYMELEAF]             * [* {th:onstalled,data-th-onstalled}] [1000]: org.thymeleaf.standard.processor.StandardDOMEventAttributeTagProcessor
[THYMELEAF]             * [* {th:onhashchange,data-th-onhashchange}] [1000]: org.thymeleaf.standard.processor.StandardDOMEventAttributeTagProcessor
[THYMELEAF]             * [* {th:onpause,data-th-onpause}] [1000]: org.thymeleaf.standard.processor.StandardDOMEventAttributeTagProcessor
[THYMELEAF]             * [* {th:onshow,data-th-onshow}] [1000]: org.thymeleaf.standard.processor.StandardDOMEventAttributeTagProcessor
[THYMELEAF]             * [* {th:onmouseout,data-th-onmouseout}] [1000]: org.thymeleaf.standard.processor.StandardDOMEventAttributeTagProcessor
[THYMELEAF]             * [* {th:onload,data-th-onload}] [1000]: org.thymeleaf.standard.processor.StandardDOMEventAttributeTagProcessor
[THYMELEAF]             * [* {th:onselect,data-th-onselect}] [1000]: org.thymeleaf.standard.processor.StandardDOMEventAttributeTagProcessor
[THYMELEAF]             * [* {th:ondurationchange,data-th-ondurationchange}] [1000]: org.thymeleaf.standard.processor.StandardDOMEventAttributeTagProcessor
[THYMELEAF]             * [* {th:ondragend,data-th-ondragend}] [1000]: org.thymeleaf.standard.processor.StandardDOMEventAttributeTagProcessor
[THYMELEAF]             * [* {th:onkeydown,data-th-onkeydown}] [1000]: org.thymeleaf.standard.processor.StandardDOMEventAttributeTagProcessor
[THYMELEAF]             * [* {th:oncanplay,data-th-oncanplay}] [1000]: org.thymeleaf.standard.processor.StandardDOMEventAttributeTagProcessor
[THYMELEAF]             * [* {th:onresize,data-th-onresize}] [1000]: org.thymeleaf.standard.processor.StandardDOMEventAttributeTagProcessor
[THYMELEAF]             * [* {th:onscroll,data-th-onscroll}] [1000]: org.thymeleaf.standard.processor.StandardDOMEventAttributeTagProcessor
[THYMELEAF]             * [* {th:onwaiting,data-th-onwaiting}] [1000]: org.thymeleaf.standard.processor.StandardDOMEventAttributeTagProcessor
[THYMELEAF]             * [* {th:onreset,data-th-onreset}] [1000]: org.thymeleaf.standard.processor.StandardDOMEventAttributeTagProcessor
[THYMELEAF]             * [* {th:onmouseup,data-th-onmouseup}] [1000]: org.thymeleaf.standard.processor.StandardDOMEventAttributeTagProcessor
[THYMELEAF]             * [* {th:ondragstart,data-th-ondragstart}] [1000]: org.thymeleaf.standard.processor.StandardDOMEventAttributeTagProcessor
[THYMELEAF]             * [* {th:onpopstate,data-th-onpopstate}] [1000]: org.thymeleaf.standard.processor.StandardDOMEventAttributeTagProcessor
[THYMELEAF]             * [* {th:onunload,data-th-onunload}] [1000]: org.thymeleaf.standard.processor.StandardDOMEventAttributeTagProcessor
[THYMELEAF]             * [* {th:onvolumechange,data-th-onvolumechange}] [1000]: org.thymeleaf.standard.processor.StandardDOMEventAttributeTagProcessor
[THYMELEAF]             * [* {th:ondragover,data-th-ondragover}] [1000]: org.thymeleaf.standard.processor.StandardDOMEventAttributeTagProcessor
[THYMELEAF]             * [* {th:onmousemove,data-th-onmousemove}] [1000]: org.thymeleaf.standard.processor.StandardDOMEventAttributeTagProcessor
[THYMELEAF]             * [* {th:onstorage,data-th-onstorage}] [1000]: org.thymeleaf.standard.processor.StandardDOMEventAttributeTagProcessor
[THYMELEAF]             * [* {th:ondragenter,data-th-ondragenter}] [1000]: org.thymeleaf.standard.processor.StandardDOMEventAttributeTagProcessor
[THYMELEAF]             * [* {th:onafterprint,data-th-onafterprint}] [1000]: org.thymeleaf.standard.processor.StandardDOMEventAttributeTagProcessor
[THYMELEAF]             * [* {th:ondrag,data-th-ondrag}] [1000]: org.thymeleaf.standard.processor.StandardDOMEventAttributeTagProcessor
[THYMELEAF]             * [* {th:ondragleave,data-th-ondragleave}] [1000]: org.thymeleaf.standard.processor.StandardDOMEventAttributeTagProcessor
[THYMELEAF]             * [* {th:onloadstart,data-th-onloadstart}] [1000]: org.thymeleaf.standard.processor.StandardDOMEventAttributeTagProcessor
[THYMELEAF]             * [* {th:onloadeddata,data-th-onloadeddata}] [1000]: org.thymeleaf.standard.processor.StandardDOMEventAttributeTagProcessor
[THYMELEAF]             * [* {th:onplaying,data-th-onplaying}] [1000]: org.thymeleaf.standard.processor.StandardDOMEventAttributeTagProcessor
[THYMELEAF]             * [* {th:onundo,data-th-onundo}] [1000]: org.thymeleaf.standard.processor.StandardDOMEventAttributeTagProcessor
[THYMELEAF]             * [* {th:onclick,data-th-onclick}] [1000]: org.thymeleaf.standard.processor.StandardDOMEventAttributeTagProcessor
[THYMELEAF]             * [* {th:onsuspend,data-th-onsuspend}] [1000]: org.thymeleaf.standard.processor.StandardDOMEventAttributeTagProcessor
[THYMELEAF]             * [* {th:onloadedmetadata,data-th-onloadedmetadata}] [1000]: org.thymeleaf.standard.processor.StandardDOMEventAttributeTagProcessor
[THYMELEAF]             * [* {th:onmousedown,data-th-onmousedown}] [1000]: org.thymeleaf.standard.processor.StandardDOMEventAttributeTagProcessor
[THYMELEAF]             * [* {th:onmessage,data-th-onmessage}] [1000]: org.thymeleaf.standard.processor.StandardDOMEventAttributeTagProcessor
[THYMELEAF]             * [* {th:href,data-th-href}] [1000]: org.thymeleaf.standard.processor.StandardHrefTagProcessor
[THYMELEAF]             * [* {th:inline,data-th-inline}] [1000]: org.thymeleaf.standard.processor.StandardInlineHTMLTagProcessor
[THYMELEAF]             * [* {th:method,data-th-method}] [1000]: org.thymeleaf.standard.processor.StandardMethodTagProcessor
[THYMELEAF]             * [* {th:type,data-th-type}] [1000]: org.thymeleaf.standard.processor.StandardNonRemovableAttributeTagProcessor
[THYMELEAF]             * [* {th:name,data-th-name}] [1000]: org.thymeleaf.standard.processor.StandardNonRemovableAttributeTagProcessor
[THYMELEAF]             * [* {th:border,data-th-border}] [1000]: org.thymeleaf.standard.processor.StandardRemovableAttributeTagProcessor
[THYMELEAF]             * [* {th:scheme,data-th-scheme}] [1000]: org.thymeleaf.standard.processor.StandardRemovableAttributeTagProcessor
[THYMELEAF]             * [* {th:marginwidth,data-th-marginwidth}] [1000]: org.thymeleaf.standard.processor.StandardRemovableAttributeTagProcessor
[THYMELEAF]             * [* {th:rel,data-th-rel}] [1000]: org.thymeleaf.standard.processor.StandardRemovableAttributeTagProcessor
[THYMELEAF]             * [* {th:axis,data-th-axis}] [1000]: org.thymeleaf.standard.processor.StandardRemovableAttributeTagProcessor
[THYMELEAF]             * [* {th:wrap,data-th-wrap}] [1000]: org.thymeleaf.standard.processor.StandardRemovableAttributeTagProcessor
[THYMELEAF]             * [* {th:challenge,data-th-challenge}] [1000]: org.thymeleaf.standard.processor.StandardRemovableAttributeTagProcessor
[THYMELEAF]             * [* {th:colspan,data-th-colspan}] [1000]: org.thymeleaf.standard.processor.StandardRemovableAttributeTagProcessor
[THYMELEAF]             * [* {th:kind,data-th-kind}] [1000]: org.thymeleaf.standard.processor.StandardRemovableAttributeTagProcessor
[THYMELEAF]             * [* {th:charset,data-th-charset}] [1000]: org.thymeleaf.standard.processor.StandardRemovableAttributeTagProcessor
[THYMELEAF]             * [* {th:formenctype,data-th-formenctype}] [1000]: org.thymeleaf.standard.processor.StandardRemovableAttributeTagProcessor
[THYMELEAF]             * [* {th:scrolling,data-th-scrolling}] [1000]: org.thymeleaf.standard.processor.StandardRemovableAttributeTagProcessor
[THYMELEAF]             * [* {th:scope,data-th-scope}] [1000]: org.thymeleaf.standard.processor.StandardRemovableAttributeTagProcessor
[THYMELEAF]             * [* {th:standby,data-th-standby}] [1000]: org.thymeleaf.standard.processor.StandardRemovableAttributeTagProcessor
[THYMELEAF]             * [* {th:width,data-th-width}] [1000]: org.thymeleaf.standard.processor.StandardRemovableAttributeTagProcessor
[THYMELEAF]             * [* {th:formtarget,data-th-formtarget}] [1000]: org.thymeleaf.standard.processor.StandardRemovableAttributeTagProcessor
[THYMELEAF]             * [* {th:poster,data-th-poster}] [1000]: org.thymeleaf.standard.processor.StandardRemovableAttributeTagProcessor
[THYMELEAF]             * [* {th:formmethod,data-th-formmethod}] [1000]: org.thymeleaf.standard.processor.StandardRemovableAttributeTagProcessor
[THYMELEAF]             * [* {th:size,data-th-size}] [1000]: org.thymeleaf.standard.processor.StandardRemovableAttributeTagProcessor
[THYMELEAF]             * [* {th:spellcheck,data-th-spellcheck}] [1000]: org.thymeleaf.standard.processor.StandardRemovableAttributeTagProcessor
[THYMELEAF]             * [* {th:height,data-th-height}] [1000]: org.thymeleaf.standard.processor.StandardRemovableAttributeTagProcessor
[THYMELEAF]             * [* {th:maxlength,data-th-maxlength}] [1000]: org.thymeleaf.standard.processor.StandardRemovableAttributeTagProcessor
[THYMELEAF]             * [* {th:form,data-th-form}] [1000]: org.thymeleaf.standard.processor.StandardRemovableAttributeTagProcessor
[THYMELEAF]             * [* {th:cellspacing,data-th-cellspacing}] [1000]: org.thymeleaf.standard.processor.StandardRemovableAttributeTagProcessor
[THYMELEAF]             * [* {th:target,data-th-target}] [1000]: org.thymeleaf.standard.processor.StandardRemovableAttributeTagProcessor
[THYMELEAF]             * [* {th:contenteditable,data-th-contenteditable}] [1000]: org.thymeleaf.standard.processor.StandardRemovableAttributeTagProcessor
[THYMELEAF]             * [* {th:dropzone,data-th-dropzone}] [1000]: org.thymeleaf.standard.processor.StandardRemovableAttributeTagProcessor
[THYMELEAF]             * [* {th:label,data-th-label}] [1000]: org.thymeleaf.standard.processor.StandardRemovableAttributeTagProcessor
[THYMELEAF]             * [* {th:abbr,data-th-abbr}] [1000]: org.thymeleaf.standard.processor.StandardRemovableAttributeTagProcessor
[THYMELEAF]             * [* {th:codebase,data-th-codebase}] [1000]: org.thymeleaf.standard.processor.StandardRemovableAttributeTagProcessor
[THYMELEAF]             * [* {th:radiogroup,data-th-radiogroup}] [1000]: org.thymeleaf.standard.processor.StandardRemovableAttributeTagProcessor
[THYMELEAF]             * [* {th:id,data-th-id}] [1000]: org.thymeleaf.standard.processor.StandardRemovableAttributeTagProcessor
[THYMELEAF]             * [* {th:usemap,data-th-usemap}] [1000]: org.thymeleaf.standard.processor.StandardRemovableAttributeTagProcessor
[THYMELEAF]             * [* {th:rules,data-th-rules}] [1000]: org.thymeleaf.standard.processor.StandardRemovableAttributeTagProcessor
[THYMELEAF]             * [* {th:dir,data-th-dir}] [1000]: org.thymeleaf.standard.processor.StandardRemovableAttributeTagProcessor
[THYMELEAF]             * [* {th:cellpadding,data-th-cellpadding}] [1000]: org.thymeleaf.standard.processor.StandardRemovableAttributeTagProcessor
[THYMELEAF]             * [* {th:cols,data-th-cols}] [1000]: org.thymeleaf.standard.processor.StandardRemovableAttributeTagProcessor
[THYMELEAF]             * [* {th:bgcolor,data-th-bgcolor}] [1000]: org.thymeleaf.standard.processor.StandardRemovableAttributeTagProcessor
[THYMELEAF]             * [* {th:enctype,data-th-enctype}] [1000]: org.thymeleaf.standard.processor.StandardRemovableAttributeTagProcessor
[THYMELEAF]             * [* {th:span,data-th-span}] [1000]: org.thymeleaf.standard.processor.StandardRemovableAttributeTagProcessor
[THYMELEAF]             * [* {th:preload,data-th-preload}] [1000]: org.thymeleaf.standard.processor.StandardRemovableAttributeTagProcessor
[THYMELEAF]             * [* {th:accept,data-th-accept}] [1000]: org.thymeleaf.standard.processor.StandardRemovableAttributeTagProcessor
[THYMELEAF]             * [* {th:content,data-th-content}] [1000]: org.thymeleaf.standard.processor.StandardRemovableAttributeTagProcessor
[THYMELEAF]             * [* {th:codetype,data-th-codetype}] [1000]: org.thymeleaf.standard.processor.StandardRemovableAttributeTagProcessor
[THYMELEAF]             * [* {th:pattern,data-th-pattern}] [1000]: org.thymeleaf.standard.processor.StandardRemovableAttributeTagProcessor
[THYMELEAF]             * [* {th:rev,data-th-rev}] [1000]: org.thymeleaf.standard.processor.StandardRemovableAttributeTagProcessor
[THYMELEAF]             * [* {th:hspace,data-th-hspace}] [1000]: org.thymeleaf.standard.processor.StandardRemovableAttributeTagProcessor
[THYMELEAF]             * [* {th:cite,data-th-cite}] [1000]: org.thymeleaf.standard.processor.StandardRemovableAttributeTagProcessor
[THYMELEAF]             * [* {th:background,data-th-background}] [1000]: org.thymeleaf.standard.processor.StandardRemovableAttributeTagProcessor
[THYMELEAF]             * [* {th:low,data-th-low}] [1000]: org.thymeleaf.standard.processor.StandardRemovableAttributeTagProcessor
[THYMELEAF]             * [* {th:hreflang,data-th-hreflang}] [1000]: org.thymeleaf.standard.processor.StandardRemovableAttributeTagProcessor
[THYMELEAF]             * [* {th:manifest,data-th-manifest}] [1000]: org.thymeleaf.standard.processor.StandardRemovableAttributeTagProcessor
[THYMELEAF]             * [* {th:alt,data-th-alt}] [1000]: org.thymeleaf.standard.processor.StandardRemovableAttributeTagProcessor
[THYMELEAF]             * [* {th:audio,data-th-audio}] [1000]: org.thymeleaf.standard.processor.StandardRemovableAttributeTagProcessor
[THYMELEAF]             * [* {th:media,data-th-media}] [1000]: org.thymeleaf.standard.processor.StandardRemovableAttributeTagProcessor
[THYMELEAF]             * [* {th:vspace,data-th-vspace}] [1000]: org.thymeleaf.standard.processor.StandardRemovableAttributeTagProcessor
[THYMELEAF]             * [* {th:icon,data-th-icon}] [1000]: org.thymeleaf.standard.processor.StandardRemovableAttributeTagProcessor
[THYMELEAF]             * [* {th:sizes,data-th-sizes}] [1000]: org.thymeleaf.standard.processor.StandardRemovableAttributeTagProcessor
[THYMELEAF]             * [* {th:classid,data-th-classid}] [1000]: org.thymeleaf.standard.processor.StandardRemovableAttributeTagProcessor
[THYMELEAF]             * [* {th:data,data-th-data}] [1000]: org.thymeleaf.standard.processor.StandardRemovableAttributeTagProcessor
[THYMELEAF]             * [* {th:rowspan,data-th-rowspan}] [1000]: org.thymeleaf.standard.processor.StandardRemovableAttributeTagProcessor
[THYMELEAF]             * [* {th:formaction,data-th-formaction}] [1000]: org.thymeleaf.standard.processor.StandardRemovableAttributeTagProcessor
[THYMELEAF]             * [* {th:align,data-th-align}] [1000]: org.thymeleaf.standard.processor.StandardRemovableAttributeTagProcessor
[THYMELEAF]             * [* {th:keytype,data-th-keytype}] [1000]: org.thymeleaf.standard.processor.StandardRemovableAttributeTagProcessor
[THYMELEAF]             * [* {th:style,data-th-style}] [1000]: org.thymeleaf.standard.processor.StandardRemovableAttributeTagProcessor
[THYMELEAF]             * [* {th:accesskey,data-th-accesskey}] [1000]: org.thymeleaf.standard.processor.StandardRemovableAttributeTagProcessor
[THYMELEAF]             * [* {th:http-equiv,data-th-http-equiv}] [1000]: org.thymeleaf.standard.processor.StandardRemovableAttributeTagProcessor
[THYMELEAF]             * [* {th:for,data-th-for}] [1000]: org.thymeleaf.standard.processor.StandardRemovableAttributeTagProcessor
[THYMELEAF]             * [* {th:srclang,data-th-srclang}] [1000]: org.thymeleaf.standard.processor.StandardRemovableAttributeTagProcessor
[THYMELEAF]             * [* {th:valuetype,data-th-valuetype}] [1000]: org.thymeleaf.standard.processor.StandardRemovableAttributeTagProcessor
[THYMELEAF]             * [* {th:headers,data-th-headers}] [1000]: org.thymeleaf.standard.processor.StandardRemovableAttributeTagProcessor
[THYMELEAF]             * [* {th:high,data-th-high}] [1000]: org.thymeleaf.standard.processor.StandardRemovableAttributeTagProcessor
[THYMELEAF]             * [* {th:title,data-th-title}] [1000]: org.thymeleaf.standard.processor.StandardRemovableAttributeTagProcessor
[THYMELEAF]             * [* {th:step,data-th-step}] [1000]: org.thymeleaf.standard.processor.StandardRemovableAttributeTagProcessor
[THYMELEAF]             * [* {th:archive,data-th-archive}] [1000]: org.thymeleaf.standard.processor.StandardRemovableAttributeTagProcessor
[THYMELEAF]             * [* {th:placeholder,data-th-placeholder}] [1000]: org.thymeleaf.standard.processor.StandardRemovableAttributeTagProcessor
[THYMELEAF]             * [* {th:start,data-th-start}] [1000]: org.thymeleaf.standard.processor.StandardRemovableAttributeTagProcessor
[THYMELEAF]             * [* {th:class,data-th-class}] [1000]: org.thymeleaf.standard.processor.StandardRemovableAttributeTagProcessor
[THYMELEAF]             * [* {th:datetime,data-th-datetime}] [1000]: org.thymeleaf.standard.processor.StandardRemovableAttributeTagProcessor
[THYMELEAF]             * [* {th:rows,data-th-rows}] [1000]: org.thymeleaf.standard.processor.StandardRemovableAttributeTagProcessor
[THYMELEAF]             * [* {th:frame,data-th-frame}] [1000]: org.thymeleaf.standard.processor.StandardRemovableAttributeTagProcessor
[THYMELEAF]             * [* {th:compact,data-th-compact}] [1000]: org.thymeleaf.standard.processor.StandardRemovableAttributeTagProcessor
[THYMELEAF]             * [* {th:draggable,data-th-draggable}] [1000]: org.thymeleaf.standard.processor.StandardRemovableAttributeTagProcessor
[THYMELEAF]             * [* {th:list,data-th-list}] [1000]: org.thymeleaf.standard.processor.StandardRemovableAttributeTagProcessor
[THYMELEAF]             * [* {th:tabindex,data-th-tabindex}] [1000]: org.thymeleaf.standard.processor.StandardRemovableAttributeTagProcessor
[THYMELEAF]             * [* {th:optimum,data-th-optimum}] [1000]: org.thymeleaf.standard.processor.StandardRemovableAttributeTagProcessor
[THYMELEAF]             * [* {th:contextmenu,data-th-contextmenu}] [1000]: org.thymeleaf.standard.processor.StandardRemovableAttributeTagProcessor
[THYMELEAF]             * [* {th:max,data-th-max}] [1000]: org.thymeleaf.standard.processor.StandardRemovableAttributeTagProcessor
[THYMELEAF]             * [* {th:longdesc,data-th-longdesc}] [1000]: org.thymeleaf.standard.processor.StandardRemovableAttributeTagProcessor
[THYMELEAF]             * [* {th:sandbox,data-th-sandbox}] [1000]: org.thymeleaf.standard.processor.StandardRemovableAttributeTagProcessor
[THYMELEAF]             * [* {th:frameborder,data-th-frameborder}] [1000]: org.thymeleaf.standard.processor.StandardRemovableAttributeTagProcessor
[THYMELEAF]             * [* {th:summary,data-th-summary}] [1000]: org.thymeleaf.standard.processor.StandardRemovableAttributeTagProcessor
[THYMELEAF]             * [* {th:min,data-th-min}] [1000]: org.thymeleaf.standard.processor.StandardRemovableAttributeTagProcessor
[THYMELEAF]             * [* {th:lang,data-th-lang}] [1000]: org.thymeleaf.standard.processor.StandardRemovableAttributeTagProcessor
[THYMELEAF]             * [* {th:marginheight,data-th-marginheight}] [1000]: org.thymeleaf.standard.processor.StandardRemovableAttributeTagProcessor
[THYMELEAF]             * [* {th:autocomplete,data-th-autocomplete}] [1000]: org.thymeleaf.standard.processor.StandardRemovableAttributeTagProcessor
[THYMELEAF]             * [* {th:accept-charset,data-th-accept-charset}] [1000]: org.thymeleaf.standard.processor.StandardRemovableAttributeTagProcessor
[THYMELEAF]             * [* {th:src,data-th-src}] [1000]: org.thymeleaf.standard.processor.StandardSrcTagProcessor
[THYMELEAF]             * [* {th:value,data-th-value}] [1000]: org.thymeleaf.standard.processor.StandardValueTagProcessor
[THYMELEAF]             * [* {th:xmlbase,data-th-xmlbase}] [1000]: org.thymeleaf.standard.processor.StandardXmlBaseTagProcessor
[THYMELEAF]             * [* {th:xmllang,data-th-xmllang}] [1000]: org.thymeleaf.standard.processor.StandardXmlLangTagProcessor
[THYMELEAF]             * [* {xmlns:th}] [1000]: org.thymeleaf.standard.processor.StandardXmlNsTagProcessor
[THYMELEAF]             * [* {th:xmlspace,data-th-xmlspace}] [1000]: org.thymeleaf.standard.processor.StandardXmlSpaceTagProcessor
[THYMELEAF]             * [* {th:classappend,data-th-classappend}] [1100]: org.thymeleaf.standard.processor.StandardClassappendTagProcessor
[THYMELEAF]             * [* {th:styleappend,data-th-styleappend}] [1100]: org.thymeleaf.standard.processor.StandardStyleappendTagProcessor
[THYMELEAF]             * [* {th:text,data-th-text}] [1300]: org.thymeleaf.standard.processor.StandardTextTagProcessor
[THYMELEAF]             * [* {th:utext,data-th-utext}] [1400]: org.thymeleaf.standard.processor.StandardUtextTagProcessor
[THYMELEAF]             * [* {th:fragment,data-th-fragment}] [1500]: org.thymeleaf.standard.processor.StandardFragmentTagProcessor
[THYMELEAF]             * [* {th:assert,data-th-assert}] [1550]: org.thymeleaf.standard.processor.StandardAssertTagProcessor
[THYMELEAF]             * [* {th:remove,data-th-remove}] [1600]: org.thymeleaf.standard.processor.StandardRemoveTagProcessor
[THYMELEAF]             * [* {th:ref,data-th-ref}] [10000]: org.thymeleaf.standard.processor.StandardRefAttributeTagProcessor
[THYMELEAF]             * [{th:block,th-block} *] [100000]: org.thymeleaf.standard.processor.StandardBlockTagProcessor
[THYMELEAF]             * [* th:*] [2147483647]: org.thymeleaf.standard.processor.StandardDefaultAttributesTagProcessor
[THYMELEAF]         * Text Processors by [precedence]:
[THYMELEAF]             * [1000]: org.thymeleaf.standard.processor.StandardInliningTextProcessor
[THYMELEAF]         * DOCTYPE Processors by [precedence]:
[THYMELEAF]             * [1000]: org.thymeleaf.standard.processor.StandardTranslationDocTypeProcessor
[THYMELEAF]         * CDATA Section Processors by [precedence]:
[THYMELEAF]             * [1000]: org.thymeleaf.standard.processor.StandardInliningCDATASectionProcessor
[THYMELEAF]         * Comment Processors by [precedence]:
[THYMELEAF]             * [1000]: org.thymeleaf.standard.processor.StandardInliningCommentProcessor
[THYMELEAF]             * [1100]: org.thymeleaf.standard.processor.StandardConditionalCommentProcessor
[THYMELEAF]     * Processors for Template Mode: XML
[THYMELEAF]         * Element Tag Processors by [matching element and attribute name] [precedence]:
[THYMELEAF]             * [* {th:include}] [100]: org.thymeleaf.standard.processor.StandardIncludeTagProcessor
[THYMELEAF]             * [* {th:insert}] [100]: org.thymeleaf.standard.processor.StandardInsertTagProcessor
[THYMELEAF]             * [* {th:replace}] [100]: org.thymeleaf.standard.processor.StandardReplaceTagProcessor
[THYMELEAF]             * [* {th:each}] [200]: com.intuit.karate.template.KarateEachTagProcessor
[THYMELEAF]             * [* {th:switch}] [250]: org.thymeleaf.standard.processor.StandardSwitchTagProcessor
[THYMELEAF]             * [* {th:case}] [275]: org.thymeleaf.standard.processor.StandardCaseTagProcessor
[THYMELEAF]             * [* {th:if}] [300]: org.thymeleaf.standard.processor.StandardIfTagProcessor
[THYMELEAF]             * [* {th:unless}] [400]: org.thymeleaf.standard.processor.StandardUnlessTagProcessor
[THYMELEAF]             * [* {th:object}] [500]: org.thymeleaf.standard.processor.StandardObjectTagProcessor
[THYMELEAF]             * [* {th:with}] [600]: com.intuit.karate.template.KarateWithTagProcessor
[THYMELEAF]             * [* {th:attr}] [700]: com.intuit.karate.template.KarateAttributeTagProcessor.KarateAttrTagProcessor
[THYMELEAF]             * [* {th:attrappend}] [900]: com.intuit.karate.template.KarateAttributeTagProcessor.KarateAttrappendTagProcessor
[THYMELEAF]             * [* {th:attrprepend}] [900]: com.intuit.karate.template.KarateAttributeTagProcessor.KarateAttrprependTagProcessor
[THYMELEAF]             * [* {th:inline}] [1000]: org.thymeleaf.standard.processor.StandardInlineXMLTagProcessor
[THYMELEAF]             * [* {xmlns:th}] [1000]: org.thymeleaf.standard.processor.StandardXmlNsTagProcessor
[THYMELEAF]             * [* {th:text}] [1300]: org.thymeleaf.standard.processor.StandardTextTagProcessor
[THYMELEAF]             * [* {th:utext}] [1400]: org.thymeleaf.standard.processor.StandardUtextTagProcessor
[THYMELEAF]             * [* {th:fragment}] [1500]: org.thymeleaf.standard.processor.StandardFragmentTagProcessor
[THYMELEAF]             * [* {th:assert}] [1550]: org.thymeleaf.standard.processor.StandardAssertTagProcessor
[THYMELEAF]             * [* {th:remove}] [1600]: org.thymeleaf.standard.processor.StandardRemoveTagProcessor
[THYMELEAF]             * [* {th:ref}] [10000]: org.thymeleaf.standard.processor.StandardRefAttributeTagProcessor
[THYMELEAF]             * [{th:block} *] [100000]: org.thymeleaf.standard.processor.StandardBlockTagProcessor
[THYMELEAF]             * [* th:*] [2147483647]: org.thymeleaf.standard.processor.StandardDefaultAttributesTagProcessor
[THYMELEAF]         * Text Processors by [precedence]:
[THYMELEAF]             * [1000]: org.thymeleaf.standard.processor.StandardInliningTextProcessor
[THYMELEAF]         * CDATA Section Processors by [precedence]:
[THYMELEAF]             * [1000]: org.thymeleaf.standard.processor.StandardInliningCDATASectionProcessor
[THYMELEAF]         * Comment Processors by [precedence]:
[THYMELEAF]             * [1000]: org.thymeleaf.standard.processor.StandardInliningCommentProcessor
[THYMELEAF]     * Processors for Template Mode: TEXT
[THYMELEAF]         * Element Tag Processors by [matching element and attribute name] [precedence]:
[THYMELEAF]             * [* {th:insert}] [100]: org.thymeleaf.standard.processor.StandardInsertTagProcessor
[THYMELEAF]             * [* {th:replace}] [100]: org.thymeleaf.standard.processor.StandardReplaceTagProcessor
[THYMELEAF]             * [* {th:each}] [200]: com.intuit.karate.template.KarateEachTagProcessor
[THYMELEAF]             * [* {th:switch}] [250]: org.thymeleaf.standard.processor.StandardSwitchTagProcessor
[THYMELEAF]             * [* {th:case}] [275]: org.thymeleaf.standard.processor.StandardCaseTagProcessor
[THYMELEAF]             * [* {th:if}] [300]: org.thymeleaf.standard.processor.StandardIfTagProcessor
[THYMELEAF]             * [* {th:unless}] [400]: org.thymeleaf.standard.processor.StandardUnlessTagProcessor
[THYMELEAF]             * [* {th:object}] [500]: org.thymeleaf.standard.processor.StandardObjectTagProcessor
[THYMELEAF]             * [* {th:with}] [600]: com.intuit.karate.template.KarateWithTagProcessor
[THYMELEAF]             * [* {th:inline}] [1000]: org.thymeleaf.standard.processor.StandardInlineTextualTagProcessor
[THYMELEAF]             * [* {th:text}] [1300]: org.thymeleaf.standard.processor.StandardTextTagProcessor
[THYMELEAF]             * [* {th:utext}] [1400]: org.thymeleaf.standard.processor.StandardUtextTagProcessor
[THYMELEAF]             * [* {th:assert}] [1550]: org.thymeleaf.standard.processor.StandardAssertTagProcessor
[THYMELEAF]             * [* {th:remove}] [1600]: org.thymeleaf.standard.processor.StandardRemoveTagProcessor
[THYMELEAF]             * [{th:block} *] [100000]: org.thymeleaf.standard.processor.StandardBlockTagProcessor
[THYMELEAF]             * [* 100000] [org.thymeleaf.standard.processor.StandardBlockTagProcessor]: {}
[THYMELEAF]         * Text Processors by [precedence]:
[THYMELEAF]             * [1000]: org.thymeleaf.standard.processor.StandardInliningTextProcessor
[THYMELEAF]     * Processors for Template Mode: JAVASCRIPT
[THYMELEAF]         * Element Tag Processors by [matching element and attribute name] [precedence]:
[THYMELEAF]             * [* {th:insert}] [100]: org.thymeleaf.standard.processor.StandardInsertTagProcessor
[THYMELEAF]             * [* {th:replace}] [100]: org.thymeleaf.standard.processor.StandardReplaceTagProcessor
[THYMELEAF]             * [* {th:each}] [200]: com.intuit.karate.template.KarateEachTagProcessor
[THYMELEAF]             * [* {th:switch}] [250]: org.thymeleaf.standard.processor.StandardSwitchTagProcessor
[THYMELEAF]             * [* {th:case}] [275]: org.thymeleaf.standard.processor.StandardCaseTagProcessor
[THYMELEAF]             * [* {th:if}] [300]: org.thymeleaf.standard.processor.StandardIfTagProcessor
[THYMELEAF]             * [* {th:unless}] [400]: org.thymeleaf.standard.processor.StandardUnlessTagProcessor
[THYMELEAF]             * [* {th:object}] [500]: org.thymeleaf.standard.processor.StandardObjectTagProcessor
[THYMELEAF]             * [* {th:with}] [600]: com.intuit.karate.template.KarateWithTagProcessor
[THYMELEAF]             * [* {th:inline}] [1000]: org.thymeleaf.standard.processor.StandardInlineTextualTagProcessor
[THYMELEAF]             * [* {th:text}] [1300]: org.thymeleaf.standard.processor.StandardTextTagProcessor
[THYMELEAF]             * [* {th:utext}] [1400]: org.thymeleaf.standard.processor.StandardUtextTagProcessor
[THYMELEAF]             * [* {th:assert}] [1550]: org.thymeleaf.standard.processor.StandardAssertTagProcessor
[THYMELEAF]             * [* {th:remove}] [1600]: org.thymeleaf.standard.processor.StandardRemoveTagProcessor
[THYMELEAF]             * [{th:block} *] [100000]: org.thymeleaf.standard.processor.StandardBlockTagProcessor
[THYMELEAF]             * [* 100000] [org.thymeleaf.standard.processor.StandardBlockTagProcessor]: {}
[THYMELEAF]         * Text Processors by [precedence]:
[THYMELEAF]             * [1000]: org.thymeleaf.standard.processor.StandardInliningTextProcessor
[THYMELEAF]     * Processors for Template Mode: CSS
[THYMELEAF]         * Element Tag Processors by [matching element and attribute name] [precedence]:
[THYMELEAF]             * [* {th:insert}] [100]: org.thymeleaf.standard.processor.StandardInsertTagProcessor
[THYMELEAF]             * [* {th:replace}] [100]: org.thymeleaf.standard.processor.StandardReplaceTagProcessor
[THYMELEAF]             * [* {th:each}] [200]: com.intuit.karate.template.KarateEachTagProcessor
[THYMELEAF]             * [* {th:switch}] [250]: org.thymeleaf.standard.processor.StandardSwitchTagProcessor
[THYMELEAF]             * [* {th:case}] [275]: org.thymeleaf.standard.processor.StandardCaseTagProcessor
[THYMELEAF]             * [* {th:if}] [300]: org.thymeleaf.standard.processor.StandardIfTagProcessor
[THYMELEAF]             * [* {th:unless}] [400]: org.thymeleaf.standard.processor.StandardUnlessTagProcessor
[THYMELEAF]             * [* {th:object}] [500]: org.thymeleaf.standard.processor.StandardObjectTagProcessor
[THYMELEAF]             * [* {th:with}] [600]: com.intuit.karate.template.KarateWithTagProcessor
[THYMELEAF]             * [* {th:inline}] [1000]: org.thymeleaf.standard.processor.StandardInlineTextualTagProcessor
[THYMELEAF]             * [* {th:text}] [1300]: org.thymeleaf.standard.processor.StandardTextTagProcessor
[THYMELEAF]             * [* {th:utext}] [1400]: org.thymeleaf.standard.processor.StandardUtextTagProcessor
[THYMELEAF]             * [* {th:assert}] [1550]: org.thymeleaf.standard.processor.StandardAssertTagProcessor
[THYMELEAF]             * [* {th:remove}] [1600]: org.thymeleaf.standard.processor.StandardRemoveTagProcessor
[THYMELEAF]             * [* 100000] [org.thymeleaf.standard.processor.StandardBlockTagProcessor]: {}
[THYMELEAF]             * [{th:block} *] [100000]: org.thymeleaf.standard.processor.StandardBlockTagProcessor
[THYMELEAF]         * Text Processors by [precedence]:
[THYMELEAF]             * [1000]: org.thymeleaf.standard.processor.StandardInliningTextProcessor
[THYMELEAF]     * Expression Objects:
[THYMELEAF]         * #ctx
[THYMELEAF]         * #root
[THYMELEAF]         * #vars
[THYMELEAF]         * #object
[THYMELEAF]         * #locale
[THYMELEAF]         * #conversions
[THYMELEAF]         * #uris
[THYMELEAF]         * #temporals
[THYMELEAF]         * #calendars
[THYMELEAF]         * #dates
[THYMELEAF]         * #bools
[THYMELEAF]         * #numbers
[THYMELEAF]         * #objects
[THYMELEAF]         * #strings
[THYMELEAF]         * #arrays
[THYMELEAF]         * #lists
[THYMELEAF]         * #sets
[THYMELEAF]         * #maps
[THYMELEAF]         * #aggregates
[THYMELEAF]         * #messages
[THYMELEAF]         * #ids
[THYMELEAF]         * #execInfo
[THYMELEAF]         * #request
[THYMELEAF]         * #response
[THYMELEAF]         * #session
[THYMELEAF]         * #servletContext
[THYMELEAF]     * Execution Attributes:
[THYMELEAF]         * "StandardExpressionParser": com.intuit.karate.template.KarateStandardDialect@7cfce321
[THYMELEAF]         * "StandardJavaScriptSerializer": org.thymeleaf.standard.serializer.StandardJavaScriptSerializer@2a1ae964
[THYMELEAF]         * "StandardCSSSerializer": org.thymeleaf.standard.serializer.StandardCSSSerializer@2708f5ad
[THYMELEAF]         * "StandardVariableExpressionEvaluator": com.intuit.karate.template.KarateStandardDialect@7cfce321
[THYMELEAF]         * "StandardConversionService": org.thymeleaf.standard.expression.StandardConversionService@790f9ae7
[THYMELEAF] * Dialect [2 of 2]: karate (com.intuit.karate.template.KarateScriptDialect)
[THYMELEAF]     * Prefix: "ka"
[THYMELEAF]     * Processors for Template Mode: HTML
[THYMELEAF]         * Element Tag Processors by [matching element and attribute name] [precedence]:
[THYMELEAF]             * [* {src}] [1000]: com.intuit.karate.template.KaScriptAttrProcessor
[THYMELEAF]         * Element Model Processors by [matching element and attribute name] [precedence]:
[THYMELEAF]             * [{script} {ka:scope,data-ka-scope}] [1000]: com.intuit.karate.template.KaScriptElemProcessor
[THYMELEAF]             * [* {ka:set,data-ka-set}] [1000]: com.intuit.karate.template.KaSetElemProcessor
[THYMELEAF] TEMPLATE ENGINE CONFIGURED OK
16:40:44.862 [pool-3-thread-1] DEBUG org.thymeleaf.TemplateEngine -- [THYMELEAF] TEMPLATE ENGINE INITIALIZED
---------------------------------------------------------
feature: classpath:api/producto/1_crear.feature
scenarios:  7 | passed:  7 | failed:  0 | time: 1.0630
---------------------------------------------------------

16:40:45.109 [pool-3-thread-1] INFO com.intuit.karate.Suite -- <<pass>> feature 2 of 11 (9 remaining) classpath:api/producto/1_crear.feature
16:40:45.122 [pool-3-thread-1] DEBUG org.thymeleaf.TemplateEngine -- [THYMELEAF] INITIALIZING TEMPLATE ENGINE
16:40:45.139 [pool-3-thread-1] DEBUG org.thymeleaf.TemplateEngine.CONFIG -- Initializing Thymeleaf Template engine configuration...
[THYMELEAF] TEMPLATE ENGINE CONFIGURATION:
[THYMELEAF] * Thymeleaf version: 3.1.2.RELEASE (built 2023-07-30T19:25:50+0000)
[THYMELEAF] * Cache Manager implementation: org.thymeleaf.cache.StandardCacheManager
[THYMELEAF] * Template resolvers:
[THYMELEAF]     * [1] com.intuit.karate.template.ResourceHtmlTemplateResolver
[THYMELEAF] * Message resolvers:
[THYMELEAF]     * org.thymeleaf.messageresolver.StandardMessageResolver
[THYMELEAF] * Link builders:
[THYMELEAF]     * org.thymeleaf.linkbuilder.StandardLinkBuilder
[THYMELEAF] * Dialect [1 of 2]: Standard (com.intuit.karate.template.KarateStandardDialect)
[THYMELEAF]     * Prefix: "th"
[THYMELEAF]     * Processors for Template Mode: HTML
[THYMELEAF]         * Element Tag Processors by [matching element and attribute name] [precedence]:
[THYMELEAF]             * [* {th:include,data-th-include}] [100]: org.thymeleaf.standard.processor.StandardIncludeTagProcessor
[THYMELEAF]             * [* {th:insert,data-th-insert}] [100]: org.thymeleaf.standard.processor.StandardInsertTagProcessor
[THYMELEAF]             * [* {th:replace,data-th-replace}] [100]: org.thymeleaf.standard.processor.StandardReplaceTagProcessor
[THYMELEAF]             * [* {th:each,data-th-each}] [200]: com.intuit.karate.template.KarateEachTagProcessor
[THYMELEAF]             * [* {th:switch,data-th-switch}] [250]: org.thymeleaf.standard.processor.StandardSwitchTagProcessor
[THYMELEAF]             * [* {th:case,data-th-case}] [275]: org.thymeleaf.standard.processor.StandardCaseTagProcessor
[THYMELEAF]             * [* {th:if,data-th-if}] [300]: org.thymeleaf.standard.processor.StandardIfTagProcessor
[THYMELEAF]             * [* {th:unless,data-th-unless}] [400]: org.thymeleaf.standard.processor.StandardUnlessTagProcessor
[THYMELEAF]             * [* {th:object,data-th-object}] [500]: org.thymeleaf.standard.processor.StandardObjectTagProcessor
[THYMELEAF]             * [* {th:with,data-th-with}] [600]: com.intuit.karate.template.KarateWithTagProcessor
[THYMELEAF]             * [* {th:attr,data-th-attr}] [700]: com.intuit.karate.template.KarateAttributeTagProcessor.KarateAttrTagProcessor
[THYMELEAF]             * [* {th:attrappend,data-th-attrappend}] [900]: com.intuit.karate.template.KarateAttributeTagProcessor.KarateAttrappendTagProcessor
[THYMELEAF]             * [* {th:attrprepend,data-th-attrprepend}] [900]: com.intuit.karate.template.KarateAttributeTagProcessor.KarateAttrprependTagProcessor
[THYMELEAF]             * [* {th:alt-title,data-th-alt-title}] [990]: org.thymeleaf.standard.processor.StandardAltTitleTagProcessor
[THYMELEAF]             * [* {th:lang-xmllang,data-th-lang-xmllang}] [990]: org.thymeleaf.standard.processor.StandardLangXmlLangTagProcessor
[THYMELEAF]             * [* {th:action,data-th-action}] [1000]: org.thymeleaf.standard.processor.StandardActionTagProcessor
[THYMELEAF]             * [* {th:required,data-th-required}] [1000]: org.thymeleaf.standard.processor.StandardConditionalFixedValueTagProcessor
[THYMELEAF]             * [* {th:novalidate,data-th-novalidate}] [1000]: org.thymeleaf.standard.processor.StandardConditionalFixedValueTagProcessor
[THYMELEAF]             * [* {th:hidden,data-th-hidden}] [1000]: org.thymeleaf.standard.processor.StandardConditionalFixedValueTagProcessor
[THYMELEAF]             * [* {th:declare,data-th-declare}] [1000]: org.thymeleaf.standard.processor.StandardConditionalFixedValueTagProcessor
[THYMELEAF]             * [* {th:async,data-th-async}] [1000]: org.thymeleaf.standard.processor.StandardConditionalFixedValueTagProcessor
[THYMELEAF]             * [* {th:multiple,data-th-multiple}] [1000]: org.thymeleaf.standard.processor.StandardConditionalFixedValueTagProcessor
[THYMELEAF]             * [* {th:disabled,data-th-disabled}] [1000]: org.thymeleaf.standard.processor.StandardConditionalFixedValueTagProcessor
[THYMELEAF]             * [* {th:pubdate,data-th-pubdate}] [1000]: org.thymeleaf.standard.processor.StandardConditionalFixedValueTagProcessor
[THYMELEAF]             * [* {th:loop,data-th-loop}] [1000]: org.thymeleaf.standard.processor.StandardConditionalFixedValueTagProcessor
[THYMELEAF]             * [* {th:formnovalidate,data-th-formnovalidate}] [1000]: org.thymeleaf.standard.processor.StandardConditionalFixedValueTagProcessor
[THYMELEAF]             * [* {th:controls,data-th-controls}] [1000]: org.thymeleaf.standard.processor.StandardConditionalFixedValueTagProcessor
[THYMELEAF]             * [* {th:defer,data-th-defer}] [1000]: org.thymeleaf.standard.processor.StandardConditionalFixedValueTagProcessor
[THYMELEAF]             * [* {th:seamless,data-th-seamless}] [1000]: org.thymeleaf.standard.processor.StandardConditionalFixedValueTagProcessor
[THYMELEAF]             * [* {th:ismap,data-th-ismap}] [1000]: org.thymeleaf.standard.processor.StandardConditionalFixedValueTagProcessor
[THYMELEAF]             * [* {th:checked,data-th-checked}] [1000]: org.thymeleaf.standard.processor.StandardConditionalFixedValueTagProcessor
[THYMELEAF]             * [* {th:scoped,data-th-scoped}] [1000]: org.thymeleaf.standard.processor.StandardConditionalFixedValueTagProcessor
[THYMELEAF]             * [* {th:autoplay,data-th-autoplay}] [1000]: org.thymeleaf.standard.processor.StandardConditionalFixedValueTagProcessor
[THYMELEAF]             * [* {th:selected,data-th-selected}] [1000]: org.thymeleaf.standard.processor.StandardConditionalFixedValueTagProcessor
[THYMELEAF]             * [* {th:default,data-th-default}] [1000]: org.thymeleaf.standard.processor.StandardConditionalFixedValueTagProcessor
[THYMELEAF]             * [* {th:autofocus,data-th-autofocus}] [1000]: org.thymeleaf.standard.processor.StandardConditionalFixedValueTagProcessor
[THYMELEAF]             * [* {th:readonly,data-th-readonly}] [1000]: org.thymeleaf.standard.processor.StandardConditionalFixedValueTagProcessor
[THYMELEAF]             * [* {th:reversed,data-th-reversed}] [1000]: org.thymeleaf.standard.processor.StandardConditionalFixedValueTagProcessor
[THYMELEAF]             * [* {th:open,data-th-open}] [1000]: org.thymeleaf.standard.processor.StandardConditionalFixedValueTagProcessor
[THYMELEAF]             * [* {th:nowrap,data-th-nowrap}] [1000]: org.thymeleaf.standard.processor.StandardConditionalFixedValueTagProcessor
[THYMELEAF]             * [* {th:onmessage,data-th-onmessage}] [1000]: org.thymeleaf.standard.processor.StandardDOMEventAttributeTagProcessor
[THYMELEAF]             * [* {th:onbeforeprint,data-th-onbeforeprint}] [1000]: org.thymeleaf.standard.processor.StandardDOMEventAttributeTagProcessor
[THYMELEAF]             * [* {th:onkeyup,data-th-onkeyup}] [1000]: org.thymeleaf.standard.processor.StandardDOMEventAttributeTagProcessor
[THYMELEAF]             * [* {th:onchange,data-th-onchange}] [1000]: org.thymeleaf.standard.processor.StandardDOMEventAttributeTagProcessor
[THYMELEAF]             * [* {th:onstalled,data-th-onstalled}] [1000]: org.thymeleaf.standard.processor.StandardDOMEventAttributeTagProcessor
[THYMELEAF]             * [* {th:onended,data-th-onended}] [1000]: org.thymeleaf.standard.processor.StandardDOMEventAttributeTagProcessor
[THYMELEAF]             * [* {th:onscroll,data-th-onscroll}] [1000]: org.thymeleaf.standard.processor.StandardDOMEventAttributeTagProcessor
[THYMELEAF]             * [* {th:onformchange,data-th-onformchange}] [1000]: org.thymeleaf.standard.processor.StandardDOMEventAttributeTagProcessor
[THYMELEAF]             * [* {th:onblur,data-th-onblur}] [1000]: org.thymeleaf.standard.processor.StandardDOMEventAttributeTagProcessor
[THYMELEAF]             * [* {th:onsuspend,data-th-onsuspend}] [1000]: org.thymeleaf.standard.processor.StandardDOMEventAttributeTagProcessor
[THYMELEAF]             * [* {th:onafterprint,data-th-onafterprint}] [1000]: org.thymeleaf.standard.processor.StandardDOMEventAttributeTagProcessor
[THYMELEAF]             * [* {th:onpopstate,data-th-onpopstate}] [1000]: org.thymeleaf.standard.processor.StandardDOMEventAttributeTagProcessor
[THYMELEAF]             * [* {th:onkeydown,data-th-onkeydown}] [1000]: org.thymeleaf.standard.processor.StandardDOMEventAttributeTagProcessor
[THYMELEAF]             * [* {th:onprogress,data-th-onprogress}] [1000]: org.thymeleaf.standard.processor.StandardDOMEventAttributeTagProcessor
[THYMELEAF]             * [* {th:onreadystatechange,data-th-onreadystatechange}] [1000]: org.thymeleaf.standard.processor.StandardDOMEventAttributeTagProcessor
[THYMELEAF]             * [* {th:onoffline,data-th-onoffline}] [1000]: org.thymeleaf.standard.processor.StandardDOMEventAttributeTagProcessor
[THYMELEAF]             * [* {th:ondragover,data-th-ondragover}] [1000]: org.thymeleaf.standard.processor.StandardDOMEventAttributeTagProcessor
[THYMELEAF]             * [* {th:onload,data-th-onload}] [1000]: org.thymeleaf.standard.processor.StandardDOMEventAttributeTagProcessor
[THYMELEAF]             * [* {th:oncanplaythrough,data-th-oncanplaythrough}] [1000]: org.thymeleaf.standard.processor.StandardDOMEventAttributeTagProcessor
[THYMELEAF]             * [* {th:onratechange,data-th-onratechange}] [1000]: org.thymeleaf.standard.processor.StandardDOMEventAttributeTagProcessor
[THYMELEAF]             * [* {th:onmouseover,data-th-onmouseover}] [1000]: org.thymeleaf.standard.processor.StandardDOMEventAttributeTagProcessor
[THYMELEAF]             * [* {th:ondblclick,data-th-ondblclick}] [1000]: org.thymeleaf.standard.processor.StandardDOMEventAttributeTagProcessor
[THYMELEAF]             * [* {th:onseeking,data-th-onseeking}] [1000]: org.thymeleaf.standard.processor.StandardDOMEventAttributeTagProcessor
[THYMELEAF]             * [* {th:onemptied,data-th-onemptied}] [1000]: org.thymeleaf.standard.processor.StandardDOMEventAttributeTagProcessor
[THYMELEAF]             * [* {th:onvolumechange,data-th-onvolumechange}] [1000]: org.thymeleaf.standard.processor.StandardDOMEventAttributeTagProcessor
[THYMELEAF]             * [* {th:onmouseout,data-th-onmouseout}] [1000]: org.thymeleaf.standard.processor.StandardDOMEventAttributeTagProcessor
[THYMELEAF]             * [* {th:ondragstart,data-th-ondragstart}] [1000]: org.thymeleaf.standard.processor.StandardDOMEventAttributeTagProcessor
[THYMELEAF]             * [* {th:onseeked,data-th-onseeked}] [1000]: org.thymeleaf.standard.processor.StandardDOMEventAttributeTagProcessor
[THYMELEAF]             * [* {th:onmousemove,data-th-onmousemove}] [1000]: org.thymeleaf.standard.processor.StandardDOMEventAttributeTagProcessor
[THYMELEAF]             * [* {th:onerror,data-th-onerror}] [1000]: org.thymeleaf.standard.processor.StandardDOMEventAttributeTagProcessor
[THYMELEAF]             * [* {th:ondrop,data-th-ondrop}] [1000]: org.thymeleaf.standard.processor.StandardDOMEventAttributeTagProcessor
[THYMELEAF]             * [* {th:onloadedmetadata,data-th-onloadedmetadata}] [1000]: org.thymeleaf.standard.processor.StandardDOMEventAttributeTagProcessor
[THYMELEAF]             * [* {th:onloadstart,data-th-onloadstart}] [1000]: org.thymeleaf.standard.processor.StandardDOMEventAttributeTagProcessor
[THYMELEAF]             * [* {th:onunload,data-th-onunload}] [1000]: org.thymeleaf.standard.processor.StandardDOMEventAttributeTagProcessor
[THYMELEAF]             * [* {th:onreset,data-th-onreset}] [1000]: org.thymeleaf.standard.processor.StandardDOMEventAttributeTagProcessor
[THYMELEAF]             * [* {th:onplaying,data-th-onplaying}] [1000]: org.thymeleaf.standard.processor.StandardDOMEventAttributeTagProcessor
[THYMELEAF]             * [* {th:onplay,data-th-onplay}] [1000]: org.thymeleaf.standard.processor.StandardDOMEventAttributeTagProcessor
[THYMELEAF]             * [* {th:oncanplay,data-th-oncanplay}] [1000]: org.thymeleaf.standard.processor.StandardDOMEventAttributeTagProcessor
[THYMELEAF]             * [* {th:onstorage,data-th-onstorage}] [1000]: org.thymeleaf.standard.processor.StandardDOMEventAttributeTagProcessor
[THYMELEAF]             * [* {th:onmousewheel,data-th-onmousewheel}] [1000]: org.thymeleaf.standard.processor.StandardDOMEventAttributeTagProcessor
[THYMELEAF]             * [* {th:ondurationchange,data-th-ondurationchange}] [1000]: org.thymeleaf.standard.processor.StandardDOMEventAttributeTagProcessor
[THYMELEAF]             * [* {th:onredo,data-th-onredo}] [1000]: org.thymeleaf.standard.processor.StandardDOMEventAttributeTagProcessor
[THYMELEAF]             * [* {th:onkeypress,data-th-onkeypress}] [1000]: org.thymeleaf.standard.processor.StandardDOMEventAttributeTagProcessor
[THYMELEAF]             * [* {th:onbeforeunload,data-th-onbeforeunload}] [1000]: org.thymeleaf.standard.processor.StandardDOMEventAttributeTagProcessor
[THYMELEAF]             * [* {th:ondragleave,data-th-ondragleave}] [1000]: org.thymeleaf.standard.processor.StandardDOMEventAttributeTagProcessor
[THYMELEAF]             * [* {th:ondrag,data-th-ondrag}] [1000]: org.thymeleaf.standard.processor.StandardDOMEventAttributeTagProcessor
[THYMELEAF]             * [* {th:onundo,data-th-onundo}] [1000]: org.thymeleaf.standard.processor.StandardDOMEventAttributeTagProcessor
[THYMELEAF]             * [* {th:onsubmit,data-th-onsubmit}] [1000]: org.thymeleaf.standard.processor.StandardDOMEventAttributeTagProcessor
[THYMELEAF]             * [* {th:onfocus,data-th-onfocus}] [1000]: org.thymeleaf.standard.processor.StandardDOMEventAttributeTagProcessor
[THYMELEAF]             * [* {th:ondragend,data-th-ondragend}] [1000]: org.thymeleaf.standard.processor.StandardDOMEventAttributeTagProcessor
[THYMELEAF]             * [* {th:oncontextmenu,data-th-oncontextmenu}] [1000]: org.thymeleaf.standard.processor.StandardDOMEventAttributeTagProcessor
[THYMELEAF]             * [* {th:onselect,data-th-onselect}] [1000]: org.thymeleaf.standard.processor.StandardDOMEventAttributeTagProcessor
[THYMELEAF]             * [* {th:oninvalid,data-th-oninvalid}] [1000]: org.thymeleaf.standard.processor.StandardDOMEventAttributeTagProcessor
[THYMELEAF]             * [* {th:onclick,data-th-onclick}] [1000]: org.thymeleaf.standard.processor.StandardDOMEventAttributeTagProcessor
[THYMELEAF]             * [* {th:onhashchange,data-th-onhashchange}] [1000]: org.thymeleaf.standard.processor.StandardDOMEventAttributeTagProcessor
[THYMELEAF]             * [* {th:onshow,data-th-onshow}] [1000]: org.thymeleaf.standard.processor.StandardDOMEventAttributeTagProcessor
[THYMELEAF]             * [* {th:onmouseup,data-th-onmouseup}] [1000]: org.thymeleaf.standard.processor.StandardDOMEventAttributeTagProcessor
[THYMELEAF]             * [* {th:ononline,data-th-ononline}] [1000]: org.thymeleaf.standard.processor.StandardDOMEventAttributeTagProcessor
[THYMELEAF]             * [* {th:ondragenter,data-th-ondragenter}] [1000]: org.thymeleaf.standard.processor.StandardDOMEventAttributeTagProcessor
[THYMELEAF]             * [* {th:onforminput,data-th-onforminput}] [1000]: org.thymeleaf.standard.processor.StandardDOMEventAttributeTagProcessor
[THYMELEAF]             * [* {th:ontimeupdate,data-th-ontimeupdate}] [1000]: org.thymeleaf.standard.processor.StandardDOMEventAttributeTagProcessor
[THYMELEAF]             * [* {th:onpause,data-th-onpause}] [1000]: org.thymeleaf.standard.processor.StandardDOMEventAttributeTagProcessor
[THYMELEAF]             * [* {th:onloadeddata,data-th-onloadeddata}] [1000]: org.thymeleaf.standard.processor.StandardDOMEventAttributeTagProcessor
[THYMELEAF]             * [* {th:oninput,data-th-oninput}] [1000]: org.thymeleaf.standard.processor.StandardDOMEventAttributeTagProcessor
[THYMELEAF]             * [* {th:onwaiting,data-th-onwaiting}] [1000]: org.thymeleaf.standard.processor.StandardDOMEventAttributeTagProcessor
[THYMELEAF]             * [* {th:onabort,data-th-onabort}] [1000]: org.thymeleaf.standard.processor.StandardDOMEventAttributeTagProcessor
[THYMELEAF]             * [* {th:onresize,data-th-onresize}] [1000]: org.thymeleaf.standard.processor.StandardDOMEventAttributeTagProcessor
[THYMELEAF]             * [* {th:onmousedown,data-th-onmousedown}] [1000]: org.thymeleaf.standard.processor.StandardDOMEventAttributeTagProcessor
[THYMELEAF]             * [* {th:href,data-th-href}] [1000]: org.thymeleaf.standard.processor.StandardHrefTagProcessor
[THYMELEAF]             * [* {th:inline,data-th-inline}] [1000]: org.thymeleaf.standard.processor.StandardInlineHTMLTagProcessor
[THYMELEAF]             * [* {th:method,data-th-method}] [1000]: org.thymeleaf.standard.processor.StandardMethodTagProcessor
[THYMELEAF]             * [* {th:type,data-th-type}] [1000]: org.thymeleaf.standard.processor.StandardNonRemovableAttributeTagProcessor
[THYMELEAF]             * [* {th:name,data-th-name}] [1000]: org.thymeleaf.standard.processor.StandardNonRemovableAttributeTagProcessor
[THYMELEAF]             * [* {th:colspan,data-th-colspan}] [1000]: org.thymeleaf.standard.processor.StandardRemovableAttributeTagProcessor
[THYMELEAF]             * [* {th:step,data-th-step}] [1000]: org.thymeleaf.standard.processor.StandardRemovableAttributeTagProcessor
[THYMELEAF]             * [* {th:classid,data-th-classid}] [1000]: org.thymeleaf.standard.processor.StandardRemovableAttributeTagProcessor
[THYMELEAF]             * [* {th:accept,data-th-accept}] [1000]: org.thymeleaf.standard.processor.StandardRemovableAttributeTagProcessor
[THYMELEAF]             * [* {th:marginheight,data-th-marginheight}] [1000]: org.thymeleaf.standard.processor.StandardRemovableAttributeTagProcessor
[THYMELEAF]             * [* {th:class,data-th-class}] [1000]: org.thymeleaf.standard.processor.StandardRemovableAttributeTagProcessor
[THYMELEAF]             * [* {th:target,data-th-target}] [1000]: org.thymeleaf.standard.processor.StandardRemovableAttributeTagProcessor
[THYMELEAF]             * [* {th:low,data-th-low}] [1000]: org.thymeleaf.standard.processor.StandardRemovableAttributeTagProcessor
[THYMELEAF]             * [* {th:datetime,data-th-datetime}] [1000]: org.thymeleaf.standard.processor.StandardRemovableAttributeTagProcessor
[THYMELEAF]             * [* {th:frameborder,data-th-frameborder}] [1000]: org.thymeleaf.standard.processor.StandardRemovableAttributeTagProcessor
[THYMELEAF]             * [* {th:scrolling,data-th-scrolling}] [1000]: org.thymeleaf.standard.processor.StandardRemovableAttributeTagProcessor
[THYMELEAF]             * [* {th:charset,data-th-charset}] [1000]: org.thymeleaf.standard.processor.StandardRemovableAttributeTagProcessor
[THYMELEAF]             * [* {th:pattern,data-th-pattern}] [1000]: org.thymeleaf.standard.processor.StandardRemovableAttributeTagProcessor
[THYMELEAF]             * [* {th:optimum,data-th-optimum}] [1000]: org.thymeleaf.standard.processor.StandardRemovableAttributeTagProcessor
[THYMELEAF]             * [* {th:formenctype,data-th-formenctype}] [1000]: org.thymeleaf.standard.processor.StandardRemovableAttributeTagProcessor
[THYMELEAF]             * [* {th:width,data-th-width}] [1000]: org.thymeleaf.standard.processor.StandardRemovableAttributeTagProcessor
[THYMELEAF]             * [* {th:media,data-th-media}] [1000]: org.thymeleaf.standard.processor.StandardRemovableAttributeTagProcessor
[THYMELEAF]             * [* {th:cellspacing,data-th-cellspacing}] [1000]: org.thymeleaf.standard.processor.StandardRemovableAttributeTagProcessor
[THYMELEAF]             * [* {th:bgcolor,data-th-bgcolor}] [1000]: org.thymeleaf.standard.processor.StandardRemovableAttributeTagProcessor
[THYMELEAF]             * [* {th:start,data-th-start}] [1000]: org.thymeleaf.standard.processor.StandardRemovableAttributeTagProcessor
[THYMELEAF]             * [* {th:compact,data-th-compact}] [1000]: org.thymeleaf.standard.processor.StandardRemovableAttributeTagProcessor
[THYMELEAF]             * [* {th:rows,data-th-rows}] [1000]: org.thymeleaf.standard.processor.StandardRemovableAttributeTagProcessor
[THYMELEAF]             * [* {th:challenge,data-th-challenge}] [1000]: org.thymeleaf.standard.processor.StandardRemovableAttributeTagProcessor
[THYMELEAF]             * [* {th:alt,data-th-alt}] [1000]: org.thymeleaf.standard.processor.StandardRemovableAttributeTagProcessor
[THYMELEAF]             * [* {th:codebase,data-th-codebase}] [1000]: org.thymeleaf.standard.processor.StandardRemovableAttributeTagProcessor
[THYMELEAF]             * [* {th:audio,data-th-audio}] [1000]: org.thymeleaf.standard.processor.StandardRemovableAttributeTagProcessor
[THYMELEAF]             * [* {th:size,data-th-size}] [1000]: org.thymeleaf.standard.processor.StandardRemovableAttributeTagProcessor
[THYMELEAF]             * [* {th:poster,data-th-poster}] [1000]: org.thymeleaf.standard.processor.StandardRemovableAttributeTagProcessor
[THYMELEAF]             * [* {th:content,data-th-content}] [1000]: org.thymeleaf.standard.processor.StandardRemovableAttributeTagProcessor
[THYMELEAF]             * [* {th:icon,data-th-icon}] [1000]: org.thymeleaf.standard.processor.StandardRemovableAttributeTagProcessor
[THYMELEAF]             * [* {th:data,data-th-data}] [1000]: org.thymeleaf.standard.processor.StandardRemovableAttributeTagProcessor
[THYMELEAF]             * [* {th:kind,data-th-kind}] [1000]: org.thymeleaf.standard.processor.StandardRemovableAttributeTagProcessor
[THYMELEAF]             * [* {th:title,data-th-title}] [1000]: org.thymeleaf.standard.processor.StandardRemovableAttributeTagProcessor
[THYMELEAF]             * [* {th:enctype,data-th-enctype}] [1000]: org.thymeleaf.standard.processor.StandardRemovableAttributeTagProcessor
[THYMELEAF]             * [* {th:codetype,data-th-codetype}] [1000]: org.thymeleaf.standard.processor.StandardRemovableAttributeTagProcessor
[THYMELEAF]             * [* {th:span,data-th-span}] [1000]: org.thymeleaf.standard.processor.StandardRemovableAttributeTagProcessor
[THYMELEAF]             * [* {th:style,data-th-style}] [1000]: org.thymeleaf.standard.processor.StandardRemovableAttributeTagProcessor
[THYMELEAF]             * [* {th:frame,data-th-frame}] [1000]: org.thymeleaf.standard.processor.StandardRemovableAttributeTagProcessor
[THYMELEAF]             * [* {th:placeholder,data-th-placeholder}] [1000]: org.thymeleaf.standard.processor.StandardRemovableAttributeTagProcessor
[THYMELEAF]             * [* {th:dropzone,data-th-dropzone}] [1000]: org.thymeleaf.standard.processor.StandardRemovableAttributeTagProcessor
[THYMELEAF]             * [* {th:rules,data-th-rules}] [1000]: org.thymeleaf.standard.processor.StandardRemovableAttributeTagProcessor
[THYMELEAF]             * [* {th:radiogroup,data-th-radiogroup}] [1000]: org.thymeleaf.standard.processor.StandardRemovableAttributeTagProcessor
[THYMELEAF]             * [* {th:formaction,data-th-formaction}] [1000]: org.thymeleaf.standard.processor.StandardRemovableAttributeTagProcessor
[THYMELEAF]             * [* {th:vspace,data-th-vspace}] [1000]: org.thymeleaf.standard.processor.StandardRemovableAttributeTagProcessor
[THYMELEAF]             * [* {th:sandbox,data-th-sandbox}] [1000]: org.thymeleaf.standard.processor.StandardRemovableAttributeTagProcessor
[THYMELEAF]             * [* {th:contenteditable,data-th-contenteditable}] [1000]: org.thymeleaf.standard.processor.StandardRemovableAttributeTagProcessor
[THYMELEAF]             * [* {th:contextmenu,data-th-contextmenu}] [1000]: org.thymeleaf.standard.processor.StandardRemovableAttributeTagProcessor
[THYMELEAF]             * [* {th:standby,data-th-standby}] [1000]: org.thymeleaf.standard.processor.StandardRemovableAttributeTagProcessor
[THYMELEAF]             * [* {th:wrap,data-th-wrap}] [1000]: org.thymeleaf.standard.processor.StandardRemovableAttributeTagProcessor
[THYMELEAF]             * [* {th:usemap,data-th-usemap}] [1000]: org.thymeleaf.standard.processor.StandardRemovableAttributeTagProcessor
[THYMELEAF]             * [* {th:valuetype,data-th-valuetype}] [1000]: org.thymeleaf.standard.processor.StandardRemovableAttributeTagProcessor
[THYMELEAF]             * [* {th:preload,data-th-preload}] [1000]: org.thymeleaf.standard.processor.StandardRemovableAttributeTagProcessor
[THYMELEAF]             * [* {th:accesskey,data-th-accesskey}] [1000]: org.thymeleaf.standard.processor.StandardRemovableAttributeTagProcessor
[THYMELEAF]             * [* {th:keytype,data-th-keytype}] [1000]: org.thymeleaf.standard.processor.StandardRemovableAttributeTagProcessor
[THYMELEAF]             * [* {th:sizes,data-th-sizes}] [1000]: org.thymeleaf.standard.processor.StandardRemovableAttributeTagProcessor
[THYMELEAF]             * [* {th:rev,data-th-rev}] [1000]: org.thymeleaf.standard.processor.StandardRemovableAttributeTagProcessor
[THYMELEAF]             * [* {th:height,data-th-height}] [1000]: org.thymeleaf.standard.processor.StandardRemovableAttributeTagProcessor
[THYMELEAF]             * [* {th:hreflang,data-th-hreflang}] [1000]: org.thymeleaf.standard.processor.StandardRemovableAttributeTagProcessor
[THYMELEAF]             * [* {th:hspace,data-th-hspace}] [1000]: org.thymeleaf.standard.processor.StandardRemovableAttributeTagProcessor
[THYMELEAF]             * [* {th:autocomplete,data-th-autocomplete}] [1000]: org.thymeleaf.standard.processor.StandardRemovableAttributeTagProcessor
[THYMELEAF]             * [* {th:background,data-th-background}] [1000]: org.thymeleaf.standard.processor.StandardRemovableAttributeTagProcessor
[THYMELEAF]             * [* {th:maxlength,data-th-maxlength}] [1000]: org.thymeleaf.standard.processor.StandardRemovableAttributeTagProcessor
[THYMELEAF]             * [* {th:cellpadding,data-th-cellpadding}] [1000]: org.thymeleaf.standard.processor.StandardRemovableAttributeTagProcessor
[THYMELEAF]             * [* {th:rel,data-th-rel}] [1000]: org.thymeleaf.standard.processor.StandardRemovableAttributeTagProcessor
[THYMELEAF]             * [* {th:http-equiv,data-th-http-equiv}] [1000]: org.thymeleaf.standard.processor.StandardRemovableAttributeTagProcessor
[THYMELEAF]             * [* {th:rowspan,data-th-rowspan}] [1000]: org.thymeleaf.standard.processor.StandardRemovableAttributeTagProcessor
[THYMELEAF]             * [* {th:manifest,data-th-manifest}] [1000]: org.thymeleaf.standard.processor.StandardRemovableAttributeTagProcessor
[THYMELEAF]             * [* {th:dir,data-th-dir}] [1000]: org.thymeleaf.standard.processor.StandardRemovableAttributeTagProcessor
[THYMELEAF]             * [* {th:cols,data-th-cols}] [1000]: org.thymeleaf.standard.processor.StandardRemovableAttributeTagProcessor
[THYMELEAF]             * [* {th:headers,data-th-headers}] [1000]: org.thymeleaf.standard.processor.StandardRemovableAttributeTagProcessor
[THYMELEAF]             * [* {th:srclang,data-th-srclang}] [1000]: org.thymeleaf.standard.processor.StandardRemovableAttributeTagProcessor
[THYMELEAF]             * [* {th:label,data-th-label}] [1000]: org.thymeleaf.standard.processor.StandardRemovableAttributeTagProcessor
[THYMELEAF]             * [* {th:axis,data-th-axis}] [1000]: org.thymeleaf.standard.processor.StandardRemovableAttributeTagProcessor
[THYMELEAF]             * [* {th:min,data-th-min}] [1000]: org.thymeleaf.standard.processor.StandardRemovableAttributeTagProcessor
[THYMELEAF]             * [* {th:lang,data-th-lang}] [1000]: org.thymeleaf.standard.processor.StandardRemovableAttributeTagProcessor
[THYMELEAF]             * [* {th:spellcheck,data-th-spellcheck}] [1000]: org.thymeleaf.standard.processor.StandardRemovableAttributeTagProcessor
[THYMELEAF]             * [* {th:formtarget,data-th-formtarget}] [1000]: org.thymeleaf.standard.processor.StandardRemovableAttributeTagProcessor
[THYMELEAF]             * [* {th:abbr,data-th-abbr}] [1000]: org.thymeleaf.standard.processor.StandardRemovableAttributeTagProcessor
[THYMELEAF]             * [* {th:scheme,data-th-scheme}] [1000]: org.thymeleaf.standard.processor.StandardRemovableAttributeTagProcessor
[THYMELEAF]             * [* {th:summary,data-th-summary}] [1000]: org.thymeleaf.standard.processor.StandardRemovableAttributeTagProcessor
[THYMELEAF]             * [* {th:align,data-th-align}] [1000]: org.thymeleaf.standard.processor.StandardRemovableAttributeTagProcessor
[THYMELEAF]             * [* {th:border,data-th-border}] [1000]: org.thymeleaf.standard.processor.StandardRemovableAttributeTagProcessor
[THYMELEAF]             * [* {th:draggable,data-th-draggable}] [1000]: org.thymeleaf.standard.processor.StandardRemovableAttributeTagProcessor
[THYMELEAF]             * [* {th:tabindex,data-th-tabindex}] [1000]: org.thymeleaf.standard.processor.StandardRemovableAttributeTagProcessor
[THYMELEAF]             * [* {th:high,data-th-high}] [1000]: org.thymeleaf.standard.processor.StandardRemovableAttributeTagProcessor
[THYMELEAF]             * [* {th:id,data-th-id}] [1000]: org.thymeleaf.standard.processor.StandardRemovableAttributeTagProcessor
[THYMELEAF]             * [* {th:formmethod,data-th-formmethod}] [1000]: org.thymeleaf.standard.processor.StandardRemovableAttributeTagProcessor
[THYMELEAF]             * [* {th:accept-charset,data-th-accept-charset}] [1000]: org.thymeleaf.standard.processor.StandardRemovableAttributeTagProcessor
[THYMELEAF]             * [* {th:marginwidth,data-th-marginwidth}] [1000]: org.thymeleaf.standard.processor.StandardRemovableAttributeTagProcessor
[THYMELEAF]             * [* {th:scope,data-th-scope}] [1000]: org.thymeleaf.standard.processor.StandardRemovableAttributeTagProcessor
[THYMELEAF]             * [* {th:form,data-th-form}] [1000]: org.thymeleaf.standard.processor.StandardRemovableAttributeTagProcessor
[THYMELEAF]             * [* {th:cite,data-th-cite}] [1000]: org.thymeleaf.standard.processor.StandardRemovableAttributeTagProcessor
[THYMELEAF]             * [* {th:longdesc,data-th-longdesc}] [1000]: org.thymeleaf.standard.processor.StandardRemovableAttributeTagProcessor
[THYMELEAF]             * [* {th:max,data-th-max}] [1000]: org.thymeleaf.standard.processor.StandardRemovableAttributeTagProcessor
[THYMELEAF]             * [* {th:for,data-th-for}] [1000]: org.thymeleaf.standard.processor.StandardRemovableAttributeTagProcessor
[THYMELEAF]             * [* {th:list,data-th-list}] [1000]: org.thymeleaf.standard.processor.StandardRemovableAttributeTagProcessor
[THYMELEAF]             * [* {th:archive,data-th-archive}] [1000]: org.thymeleaf.standard.processor.StandardRemovableAttributeTagProcessor
[THYMELEAF]             * [* {th:src,data-th-src}] [1000]: org.thymeleaf.standard.processor.StandardSrcTagProcessor
[THYMELEAF]             * [* {th:value,data-th-value}] [1000]: org.thymeleaf.standard.processor.StandardValueTagProcessor
[THYMELEAF]             * [* {th:xmlbase,data-th-xmlbase}] [1000]: org.thymeleaf.standard.processor.StandardXmlBaseTagProcessor
[THYMELEAF]             * [* {th:xmllang,data-th-xmllang}] [1000]: org.thymeleaf.standard.processor.StandardXmlLangTagProcessor
[THYMELEAF]             * [* {xmlns:th}] [1000]: org.thymeleaf.standard.processor.StandardXmlNsTagProcessor
[THYMELEAF]             * [* {th:xmlspace,data-th-xmlspace}] [1000]: org.thymeleaf.standard.processor.StandardXmlSpaceTagProcessor
[THYMELEAF]             * [* {th:classappend,data-th-classappend}] [1100]: org.thymeleaf.standard.processor.StandardClassappendTagProcessor
[THYMELEAF]             * [* {th:styleappend,data-th-styleappend}] [1100]: org.thymeleaf.standard.processor.StandardStyleappendTagProcessor
[THYMELEAF]             * [* {th:text,data-th-text}] [1300]: org.thymeleaf.standard.processor.StandardTextTagProcessor
[THYMELEAF]             * [* {th:utext,data-th-utext}] [1400]: org.thymeleaf.standard.processor.StandardUtextTagProcessor
[THYMELEAF]             * [* {th:fragment,data-th-fragment}] [1500]: org.thymeleaf.standard.processor.StandardFragmentTagProcessor
[THYMELEAF]             * [* {th:assert,data-th-assert}] [1550]: org.thymeleaf.standard.processor.StandardAssertTagProcessor
[THYMELEAF]             * [* {th:remove,data-th-remove}] [1600]: org.thymeleaf.standard.processor.StandardRemoveTagProcessor
[THYMELEAF]             * [* {th:ref,data-th-ref}] [10000]: org.thymeleaf.standard.processor.StandardRefAttributeTagProcessor
[THYMELEAF]             * [{th:block,th-block} *] [100000]: org.thymeleaf.standard.processor.StandardBlockTagProcessor
[THYMELEAF]             * [* th:*] [2147483647]: org.thymeleaf.standard.processor.StandardDefaultAttributesTagProcessor
[THYMELEAF]         * Text Processors by [precedence]:
[THYMELEAF]             * [1000]: org.thymeleaf.standard.processor.StandardInliningTextProcessor
[THYMELEAF]         * DOCTYPE Processors by [precedence]:
[THYMELEAF]             * [1000]: org.thymeleaf.standard.processor.StandardTranslationDocTypeProcessor
[THYMELEAF]         * CDATA Section Processors by [precedence]:
[THYMELEAF]             * [1000]: org.thymeleaf.standard.processor.StandardInliningCDATASectionProcessor
[THYMELEAF]         * Comment Processors by [precedence]:
[THYMELEAF]             * [1000]: org.thymeleaf.standard.processor.StandardInliningCommentProcessor
[THYMELEAF]             * [1100]: org.thymeleaf.standard.processor.StandardConditionalCommentProcessor
[THYMELEAF]     * Processors for Template Mode: XML
[THYMELEAF]         * Element Tag Processors by [matching element and attribute name] [precedence]:
[THYMELEAF]             * [* {th:include}] [100]: org.thymeleaf.standard.processor.StandardIncludeTagProcessor
[THYMELEAF]             * [* {th:insert}] [100]: org.thymeleaf.standard.processor.StandardInsertTagProcessor
[THYMELEAF]             * [* {th:replace}] [100]: org.thymeleaf.standard.processor.StandardReplaceTagProcessor
[THYMELEAF]             * [* {th:each}] [200]: com.intuit.karate.template.KarateEachTagProcessor
[THYMELEAF]             * [* {th:switch}] [250]: org.thymeleaf.standard.processor.StandardSwitchTagProcessor
[THYMELEAF]             * [* {th:case}] [275]: org.thymeleaf.standard.processor.StandardCaseTagProcessor
[THYMELEAF]             * [* {th:if}] [300]: org.thymeleaf.standard.processor.StandardIfTagProcessor
[THYMELEAF]             * [* {th:unless}] [400]: org.thymeleaf.standard.processor.StandardUnlessTagProcessor
[THYMELEAF]             * [* {th:object}] [500]: org.thymeleaf.standard.processor.StandardObjectTagProcessor
[THYMELEAF]             * [* {th:with}] [600]: com.intuit.karate.template.KarateWithTagProcessor
[THYMELEAF]             * [* {th:attr}] [700]: com.intuit.karate.template.KarateAttributeTagProcessor.KarateAttrTagProcessor
[THYMELEAF]             * [* {th:attrappend}] [900]: com.intuit.karate.template.KarateAttributeTagProcessor.KarateAttrappendTagProcessor
[THYMELEAF]             * [* {th:attrprepend}] [900]: com.intuit.karate.template.KarateAttributeTagProcessor.KarateAttrprependTagProcessor
[THYMELEAF]             * [* {th:inline}] [1000]: org.thymeleaf.standard.processor.StandardInlineXMLTagProcessor
[THYMELEAF]             * [* {xmlns:th}] [1000]: org.thymeleaf.standard.processor.StandardXmlNsTagProcessor
[THYMELEAF]             * [* {th:text}] [1300]: org.thymeleaf.standard.processor.StandardTextTagProcessor
[THYMELEAF]             * [* {th:utext}] [1400]: org.thymeleaf.standard.processor.StandardUtextTagProcessor
[THYMELEAF]             * [* {th:fragment}] [1500]: org.thymeleaf.standard.processor.StandardFragmentTagProcessor
[THYMELEAF]             * [* {th:assert}] [1550]: org.thymeleaf.standard.processor.StandardAssertTagProcessor
[THYMELEAF]             * [* {th:remove}] [1600]: org.thymeleaf.standard.processor.StandardRemoveTagProcessor
[THYMELEAF]             * [* {th:ref}] [10000]: org.thymeleaf.standard.processor.StandardRefAttributeTagProcessor
[THYMELEAF]             * [{th:block} *] [100000]: org.thymeleaf.standard.processor.StandardBlockTagProcessor
[THYMELEAF]             * [* th:*] [2147483647]: org.thymeleaf.standard.processor.StandardDefaultAttributesTagProcessor
[THYMELEAF]         * Text Processors by [precedence]:
[THYMELEAF]             * [1000]: org.thymeleaf.standard.processor.StandardInliningTextProcessor
[THYMELEAF]         * CDATA Section Processors by [precedence]:
[THYMELEAF]             * [1000]: org.thymeleaf.standard.processor.StandardInliningCDATASectionProcessor
[THYMELEAF]         * Comment Processors by [precedence]:
[THYMELEAF]             * [1000]: org.thymeleaf.standard.processor.StandardInliningCommentProcessor
[THYMELEAF]     * Processors for Template Mode: TEXT
[THYMELEAF]         * Element Tag Processors by [matching element and attribute name] [precedence]:
[THYMELEAF]             * [* {th:insert}] [100]: org.thymeleaf.standard.processor.StandardInsertTagProcessor
[THYMELEAF]             * [* {th:replace}] [100]: org.thymeleaf.standard.processor.StandardReplaceTagProcessor
[THYMELEAF]             * [* {th:each}] [200]: com.intuit.karate.template.KarateEachTagProcessor
[THYMELEAF]             * [* {th:switch}] [250]: org.thymeleaf.standard.processor.StandardSwitchTagProcessor
[THYMELEAF]             * [* {th:case}] [275]: org.thymeleaf.standard.processor.StandardCaseTagProcessor
[THYMELEAF]             * [* {th:if}] [300]: org.thymeleaf.standard.processor.StandardIfTagProcessor
[THYMELEAF]             * [* {th:unless}] [400]: org.thymeleaf.standard.processor.StandardUnlessTagProcessor
[THYMELEAF]             * [* {th:object}] [500]: org.thymeleaf.standard.processor.StandardObjectTagProcessor
[THYMELEAF]             * [* {th:with}] [600]: com.intuit.karate.template.KarateWithTagProcessor
[THYMELEAF]             * [* {th:inline}] [1000]: org.thymeleaf.standard.processor.StandardInlineTextualTagProcessor
[THYMELEAF]             * [* {th:text}] [1300]: org.thymeleaf.standard.processor.StandardTextTagProcessor
[THYMELEAF]             * [* {th:utext}] [1400]: org.thymeleaf.standard.processor.StandardUtextTagProcessor
[THYMELEAF]             * [* {th:assert}] [1550]: org.thymeleaf.standard.processor.StandardAssertTagProcessor
[THYMELEAF]             * [* {th:remove}] [1600]: org.thymeleaf.standard.processor.StandardRemoveTagProcessor
[THYMELEAF]             * [* 100000] [org.thymeleaf.standard.processor.StandardBlockTagProcessor]: {}
[THYMELEAF]             * [{th:block} *] [100000]: org.thymeleaf.standard.processor.StandardBlockTagProcessor
[THYMELEAF]         * Text Processors by [precedence]:
[THYMELEAF]             * [1000]: org.thymeleaf.standard.processor.StandardInliningTextProcessor
[THYMELEAF]     * Processors for Template Mode: JAVASCRIPT
[THYMELEAF]         * Element Tag Processors by [matching element and attribute name] [precedence]:
[THYMELEAF]             * [* {th:insert}] [100]: org.thymeleaf.standard.processor.StandardInsertTagProcessor
[THYMELEAF]             * [* {th:replace}] [100]: org.thymeleaf.standard.processor.StandardReplaceTagProcessor
[THYMELEAF]             * [* {th:each}] [200]: com.intuit.karate.template.KarateEachTagProcessor
[THYMELEAF]             * [* {th:switch}] [250]: org.thymeleaf.standard.processor.StandardSwitchTagProcessor
[THYMELEAF]             * [* {th:case}] [275]: org.thymeleaf.standard.processor.StandardCaseTagProcessor
[THYMELEAF]             * [* {th:if}] [300]: org.thymeleaf.standard.processor.StandardIfTagProcessor
[THYMELEAF]             * [* {th:unless}] [400]: org.thymeleaf.standard.processor.StandardUnlessTagProcessor
[THYMELEAF]             * [* {th:object}] [500]: org.thymeleaf.standard.processor.StandardObjectTagProcessor
[THYMELEAF]             * [* {th:with}] [600]: com.intuit.karate.template.KarateWithTagProcessor
[THYMELEAF]             * [* {th:inline}] [1000]: org.thymeleaf.standard.processor.StandardInlineTextualTagProcessor
[THYMELEAF]             * [* {th:text}] [1300]: org.thymeleaf.standard.processor.StandardTextTagProcessor
[THYMELEAF]             * [* {th:utext}] [1400]: org.thymeleaf.standard.processor.StandardUtextTagProcessor
[THYMELEAF]             * [* {th:assert}] [1550]: org.thymeleaf.standard.processor.StandardAssertTagProcessor
[THYMELEAF]             * [* {th:remove}] [1600]: org.thymeleaf.standard.processor.StandardRemoveTagProcessor
[THYMELEAF]             * [* 100000] [org.thymeleaf.standard.processor.StandardBlockTagProcessor]: {}
[THYMELEAF]             * [{th:block} *] [100000]: org.thymeleaf.standard.processor.StandardBlockTagProcessor
[THYMELEAF]         * Text Processors by [precedence]:
[THYMELEAF]             * [1000]: org.thymeleaf.standard.processor.StandardInliningTextProcessor
[THYMELEAF]     * Processors for Template Mode: CSS
[THYMELEAF]         * Element Tag Processors by [matching element and attribute name] [precedence]:
[THYMELEAF]             * [* {th:insert}] [100]: org.thymeleaf.standard.processor.StandardInsertTagProcessor
[THYMELEAF]             * [* {th:replace}] [100]: org.thymeleaf.standard.processor.StandardReplaceTagProcessor
[THYMELEAF]             * [* {th:each}] [200]: com.intuit.karate.template.KarateEachTagProcessor
[THYMELEAF]             * [* {th:switch}] [250]: org.thymeleaf.standard.processor.StandardSwitchTagProcessor
[THYMELEAF]             * [* {th:case}] [275]: org.thymeleaf.standard.processor.StandardCaseTagProcessor
[THYMELEAF]             * [* {th:if}] [300]: org.thymeleaf.standard.processor.StandardIfTagProcessor
[THYMELEAF]             * [* {th:unless}] [400]: org.thymeleaf.standard.processor.StandardUnlessTagProcessor
[THYMELEAF]             * [* {th:object}] [500]: org.thymeleaf.standard.processor.StandardObjectTagProcessor
[THYMELEAF]             * [* {th:with}] [600]: com.intuit.karate.template.KarateWithTagProcessor
[THYMELEAF]             * [* {th:inline}] [1000]: org.thymeleaf.standard.processor.StandardInlineTextualTagProcessor
[THYMELEAF]             * [* {th:text}] [1300]: org.thymeleaf.standard.processor.StandardTextTagProcessor
[THYMELEAF]             * [* {th:utext}] [1400]: org.thymeleaf.standard.processor.StandardUtextTagProcessor
[THYMELEAF]             * [* {th:assert}] [1550]: org.thymeleaf.standard.processor.StandardAssertTagProcessor
[THYMELEAF]             * [* {th:remove}] [1600]: org.thymeleaf.standard.processor.StandardRemoveTagProcessor
[THYMELEAF]             * [* 100000] [org.thymeleaf.standard.processor.StandardBlockTagProcessor]: {}
[THYMELEAF]             * [{th:block} *] [100000]: org.thymeleaf.standard.processor.StandardBlockTagProcessor
[THYMELEAF]         * Text Processors by [precedence]:
[THYMELEAF]             * [1000]: org.thymeleaf.standard.processor.StandardInliningTextProcessor
[THYMELEAF]     * Expression Objects:
[THYMELEAF]         * #ctx
[THYMELEAF]         * #root
[THYMELEAF]         * #vars
[THYMELEAF]         * #object
[THYMELEAF]         * #locale
[THYMELEAF]         * #conversions
[THYMELEAF]         * #uris
[THYMELEAF]         * #temporals
[THYMELEAF]         * #calendars
[THYMELEAF]         * #dates
[THYMELEAF]         * #bools
[THYMELEAF]         * #numbers
[THYMELEAF]         * #objects
[THYMELEAF]         * #strings
[THYMELEAF]         * #arrays
[THYMELEAF]         * #lists
[THYMELEAF]         * #sets
[THYMELEAF]         * #maps
[THYMELEAF]         * #aggregates
[THYMELEAF]         * #messages
[THYMELEAF]         * #ids
[THYMELEAF]         * #execInfo
[THYMELEAF]         * #request
[THYMELEAF]         * #response
[THYMELEAF]         * #session
[THYMELEAF]         * #servletContext
[THYMELEAF]     * Execution Attributes:
[THYMELEAF]         * "StandardExpressionParser": com.intuit.karate.template.KarateStandardDialect@45ce08b0
[THYMELEAF]         * "StandardJavaScriptSerializer": org.thymeleaf.standard.serializer.StandardJavaScriptSerializer@6871b553
[THYMELEAF]         * "StandardCSSSerializer": org.thymeleaf.standard.serializer.StandardCSSSerializer@129b310
[THYMELEAF]         * "StandardVariableExpressionEvaluator": com.intuit.karate.template.KarateStandardDialect@45ce08b0
[THYMELEAF]         * "StandardConversionService": org.thymeleaf.standard.expression.StandardConversionService@4fc439de
[THYMELEAF] * Dialect [2 of 2]: karate (com.intuit.karate.template.KarateScriptDialect)
[THYMELEAF]     * Prefix: "ka"
[THYMELEAF]     * Processors for Template Mode: HTML
[THYMELEAF]         * Element Tag Processors by [matching element and attribute name] [precedence]:
[THYMELEAF]             * [* {src}] [1000]: com.intuit.karate.template.KaScriptAttrProcessor
[THYMELEAF]         * Element Model Processors by [matching element and attribute name] [precedence]:
[THYMELEAF]             * [{script} {ka:scope,data-ka-scope}] [1000]: com.intuit.karate.template.KaScriptElemProcessor
[THYMELEAF]             * [* {ka:set,data-ka-set}] [1000]: com.intuit.karate.template.KaSetElemProcessor
[THYMELEAF] TEMPLATE ENGINE CONFIGURED OK
16:40:45.140 [pool-3-thread-1] DEBUG org.thymeleaf.TemplateEngine -- [THYMELEAF] TEMPLATE ENGINE INITIALIZED
---------------------------------------------------------
feature: classpath:api/producto/2_actualizar sad path.feature
scenarios:  7 | passed:  7 | failed:  0 | time: 0.6175
---------------------------------------------------------

16:40:45.566 [pool-3-thread-1] INFO com.intuit.karate.Suite -- <<pass>> feature 3 of 11 (8 remaining) classpath:api/producto/2_actualizar sad path.feature
16:40:45.576 [pool-3-thread-1] DEBUG org.thymeleaf.TemplateEngine -- [THYMELEAF] INITIALIZING TEMPLATE ENGINE
16:40:45.591 [pool-3-thread-1] DEBUG org.thymeleaf.TemplateEngine.CONFIG -- Initializing Thymeleaf Template engine configuration...
[THYMELEAF] TEMPLATE ENGINE CONFIGURATION:
[THYMELEAF] * Thymeleaf version: 3.1.2.RELEASE (built 2023-07-30T19:25:50+0000)
[THYMELEAF] * Cache Manager implementation: org.thymeleaf.cache.StandardCacheManager
[THYMELEAF] * Template resolvers:
[THYMELEAF]     * [1] com.intuit.karate.template.ResourceHtmlTemplateResolver
[THYMELEAF] * Message resolvers:
[THYMELEAF]     * org.thymeleaf.messageresolver.StandardMessageResolver
[THYMELEAF] * Link builders:
[THYMELEAF]     * org.thymeleaf.linkbuilder.StandardLinkBuilder
[THYMELEAF] * Dialect [1 of 2]: Standard (com.intuit.karate.template.KarateStandardDialect)
[THYMELEAF]     * Prefix: "th"
[THYMELEAF]     * Processors for Template Mode: HTML
[THYMELEAF]         * Element Tag Processors by [matching element and attribute name] [precedence]:
[THYMELEAF]             * [* {th:include,data-th-include}] [100]: org.thymeleaf.standard.processor.StandardIncludeTagProcessor
[THYMELEAF]             * [* {th:insert,data-th-insert}] [100]: org.thymeleaf.standard.processor.StandardInsertTagProcessor
[THYMELEAF]             * [* {th:replace,data-th-replace}] [100]: org.thymeleaf.standard.processor.StandardReplaceTagProcessor
[THYMELEAF]             * [* {th:each,data-th-each}] [200]: com.intuit.karate.template.KarateEachTagProcessor
[THYMELEAF]             * [* {th:switch,data-th-switch}] [250]: org.thymeleaf.standard.processor.StandardSwitchTagProcessor
[THYMELEAF]             * [* {th:case,data-th-case}] [275]: org.thymeleaf.standard.processor.StandardCaseTagProcessor
[THYMELEAF]             * [* {th:if,data-th-if}] [300]: org.thymeleaf.standard.processor.StandardIfTagProcessor
[THYMELEAF]             * [* {th:unless,data-th-unless}] [400]: org.thymeleaf.standard.processor.StandardUnlessTagProcessor
[THYMELEAF]             * [* {th:object,data-th-object}] [500]: org.thymeleaf.standard.processor.StandardObjectTagProcessor
[THYMELEAF]             * [* {th:with,data-th-with}] [600]: com.intuit.karate.template.KarateWithTagProcessor
[THYMELEAF]             * [* {th:attr,data-th-attr}] [700]: com.intuit.karate.template.KarateAttributeTagProcessor.KarateAttrTagProcessor
[THYMELEAF]             * [* {th:attrappend,data-th-attrappend}] [900]: com.intuit.karate.template.KarateAttributeTagProcessor.KarateAttrappendTagProcessor
[THYMELEAF]             * [* {th:attrprepend,data-th-attrprepend}] [900]: com.intuit.karate.template.KarateAttributeTagProcessor.KarateAttrprependTagProcessor
[THYMELEAF]             * [* {th:alt-title,data-th-alt-title}] [990]: org.thymeleaf.standard.processor.StandardAltTitleTagProcessor
[THYMELEAF]             * [* {th:lang-xmllang,data-th-lang-xmllang}] [990]: org.thymeleaf.standard.processor.StandardLangXmlLangTagProcessor
[THYMELEAF]             * [* {th:action,data-th-action}] [1000]: org.thymeleaf.standard.processor.StandardActionTagProcessor
[THYMELEAF]             * [* {th:novalidate,data-th-novalidate}] [1000]: org.thymeleaf.standard.processor.StandardConditionalFixedValueTagProcessor
[THYMELEAF]             * [* {th:multiple,data-th-multiple}] [1000]: org.thymeleaf.standard.processor.StandardConditionalFixedValueTagProcessor
[THYMELEAF]             * [* {th:pubdate,data-th-pubdate}] [1000]: org.thymeleaf.standard.processor.StandardConditionalFixedValueTagProcessor
[THYMELEAF]             * [* {th:required,data-th-required}] [1000]: org.thymeleaf.standard.processor.StandardConditionalFixedValueTagProcessor
[THYMELEAF]             * [* {th:checked,data-th-checked}] [1000]: org.thymeleaf.standard.processor.StandardConditionalFixedValueTagProcessor
[THYMELEAF]             * [* {th:readonly,data-th-readonly}] [1000]: org.thymeleaf.standard.processor.StandardConditionalFixedValueTagProcessor
[THYMELEAF]             * [* {th:seamless,data-th-seamless}] [1000]: org.thymeleaf.standard.processor.StandardConditionalFixedValueTagProcessor
[THYMELEAF]             * [* {th:defer,data-th-defer}] [1000]: org.thymeleaf.standard.processor.StandardConditionalFixedValueTagProcessor
[THYMELEAF]             * [* {th:selected,data-th-selected}] [1000]: org.thymeleaf.standard.processor.StandardConditionalFixedValueTagProcessor
[THYMELEAF]             * [* {th:disabled,data-th-disabled}] [1000]: org.thymeleaf.standard.processor.StandardConditionalFixedValueTagProcessor
[THYMELEAF]             * [* {th:loop,data-th-loop}] [1000]: org.thymeleaf.standard.processor.StandardConditionalFixedValueTagProcessor
[THYMELEAF]             * [* {th:async,data-th-async}] [1000]: org.thymeleaf.standard.processor.StandardConditionalFixedValueTagProcessor
[THYMELEAF]             * [* {th:hidden,data-th-hidden}] [1000]: org.thymeleaf.standard.processor.StandardConditionalFixedValueTagProcessor
[THYMELEAF]             * [* {th:autofocus,data-th-autofocus}] [1000]: org.thymeleaf.standard.processor.StandardConditionalFixedValueTagProcessor
[THYMELEAF]             * [* {th:nowrap,data-th-nowrap}] [1000]: org.thymeleaf.standard.processor.StandardConditionalFixedValueTagProcessor
[THYMELEAF]             * [* {th:controls,data-th-controls}] [1000]: org.thymeleaf.standard.processor.StandardConditionalFixedValueTagProcessor
[THYMELEAF]             * [* {th:reversed,data-th-reversed}] [1000]: org.thymeleaf.standard.processor.StandardConditionalFixedValueTagProcessor
[THYMELEAF]             * [* {th:open,data-th-open}] [1000]: org.thymeleaf.standard.processor.StandardConditionalFixedValueTagProcessor
[THYMELEAF]             * [* {th:scoped,data-th-scoped}] [1000]: org.thymeleaf.standard.processor.StandardConditionalFixedValueTagProcessor
[THYMELEAF]             * [* {th:declare,data-th-declare}] [1000]: org.thymeleaf.standard.processor.StandardConditionalFixedValueTagProcessor
[THYMELEAF]             * [* {th:ismap,data-th-ismap}] [1000]: org.thymeleaf.standard.processor.StandardConditionalFixedValueTagProcessor
[THYMELEAF]             * [* {th:default,data-th-default}] [1000]: org.thymeleaf.standard.processor.StandardConditionalFixedValueTagProcessor
[THYMELEAF]             * [* {th:formnovalidate,data-th-formnovalidate}] [1000]: org.thymeleaf.standard.processor.StandardConditionalFixedValueTagProcessor
[THYMELEAF]             * [* {th:autoplay,data-th-autoplay}] [1000]: org.thymeleaf.standard.processor.StandardConditionalFixedValueTagProcessor
[THYMELEAF]             * [* {th:onundo,data-th-onundo}] [1000]: org.thymeleaf.standard.processor.StandardDOMEventAttributeTagProcessor
[THYMELEAF]             * [* {th:ondragover,data-th-ondragover}] [1000]: org.thymeleaf.standard.processor.StandardDOMEventAttributeTagProcessor
[THYMELEAF]             * [* {th:onunload,data-th-onunload}] [1000]: org.thymeleaf.standard.processor.StandardDOMEventAttributeTagProcessor
[THYMELEAF]             * [* {th:onwaiting,data-th-onwaiting}] [1000]: org.thymeleaf.standard.processor.StandardDOMEventAttributeTagProcessor
[THYMELEAF]             * [* {th:onchange,data-th-onchange}] [1000]: org.thymeleaf.standard.processor.StandardDOMEventAttributeTagProcessor
[THYMELEAF]             * [* {th:ontimeupdate,data-th-ontimeupdate}] [1000]: org.thymeleaf.standard.processor.StandardDOMEventAttributeTagProcessor
[THYMELEAF]             * [* {th:oncontextmenu,data-th-oncontextmenu}] [1000]: org.thymeleaf.standard.processor.StandardDOMEventAttributeTagProcessor
[THYMELEAF]             * [* {th:onmousedown,data-th-onmousedown}] [1000]: org.thymeleaf.standard.processor.StandardDOMEventAttributeTagProcessor
[THYMELEAF]             * [* {th:oninput,data-th-oninput}] [1000]: org.thymeleaf.standard.processor.StandardDOMEventAttributeTagProcessor
[THYMELEAF]             * [* {th:ondragenter,data-th-ondragenter}] [1000]: org.thymeleaf.standard.processor.StandardDOMEventAttributeTagProcessor
[THYMELEAF]             * [* {th:onplaying,data-th-onplaying}] [1000]: org.thymeleaf.standard.processor.StandardDOMEventAttributeTagProcessor
[THYMELEAF]             * [* {th:onseeking,data-th-onseeking}] [1000]: org.thymeleaf.standard.processor.StandardDOMEventAttributeTagProcessor
[THYMELEAF]             * [* {th:onselect,data-th-onselect}] [1000]: org.thymeleaf.standard.processor.StandardDOMEventAttributeTagProcessor
[THYMELEAF]             * [* {th:onload,data-th-onload}] [1000]: org.thymeleaf.standard.processor.StandardDOMEventAttributeTagProcessor
[THYMELEAF]             * [* {th:onvolumechange,data-th-onvolumechange}] [1000]: org.thymeleaf.standard.processor.StandardDOMEventAttributeTagProcessor
[THYMELEAF]             * [* {th:onmousewheel,data-th-onmousewheel}] [1000]: org.thymeleaf.standard.processor.StandardDOMEventAttributeTagProcessor
[THYMELEAF]             * [* {th:onfocus,data-th-onfocus}] [1000]: org.thymeleaf.standard.processor.StandardDOMEventAttributeTagProcessor
[THYMELEAF]             * [* {th:ononline,data-th-ononline}] [1000]: org.thymeleaf.standard.processor.StandardDOMEventAttributeTagProcessor
[THYMELEAF]             * [* {th:onloadeddata,data-th-onloadeddata}] [1000]: org.thymeleaf.standard.processor.StandardDOMEventAttributeTagProcessor
[THYMELEAF]             * [* {th:ondragstart,data-th-ondragstart}] [1000]: org.thymeleaf.standard.processor.StandardDOMEventAttributeTagProcessor
[THYMELEAF]             * [* {th:onsubmit,data-th-onsubmit}] [1000]: org.thymeleaf.standard.processor.StandardDOMEventAttributeTagProcessor
[THYMELEAF]             * [* {th:ondblclick,data-th-ondblclick}] [1000]: org.thymeleaf.standard.processor.StandardDOMEventAttributeTagProcessor
[THYMELEAF]             * [* {th:onkeydown,data-th-onkeydown}] [1000]: org.thymeleaf.standard.processor.StandardDOMEventAttributeTagProcessor
[THYMELEAF]             * [* {th:onabort,data-th-onabort}] [1000]: org.thymeleaf.standard.processor.StandardDOMEventAttributeTagProcessor
[THYMELEAF]             * [* {th:onmouseout,data-th-onmouseout}] [1000]: org.thymeleaf.standard.processor.StandardDOMEventAttributeTagProcessor
[THYMELEAF]             * [* {th:onsuspend,data-th-onsuspend}] [1000]: org.thymeleaf.standard.processor.StandardDOMEventAttributeTagProcessor
[THYMELEAF]             * [* {th:onseeked,data-th-onseeked}] [1000]: org.thymeleaf.standard.processor.StandardDOMEventAttributeTagProcessor
[THYMELEAF]             * [* {th:onshow,data-th-onshow}] [1000]: org.thymeleaf.standard.processor.StandardDOMEventAttributeTagProcessor
[THYMELEAF]             * [* {th:ondrop,data-th-ondrop}] [1000]: org.thymeleaf.standard.processor.StandardDOMEventAttributeTagProcessor
[THYMELEAF]             * [* {th:onclick,data-th-onclick}] [1000]: org.thymeleaf.standard.processor.StandardDOMEventAttributeTagProcessor
[THYMELEAF]             * [* {th:onformchange,data-th-onformchange}] [1000]: org.thymeleaf.standard.processor.StandardDOMEventAttributeTagProcessor
[THYMELEAF]             * [* {th:onmessage,data-th-onmessage}] [1000]: org.thymeleaf.standard.processor.StandardDOMEventAttributeTagProcessor
[THYMELEAF]             * [* {th:onstorage,data-th-onstorage}] [1000]: org.thymeleaf.standard.processor.StandardDOMEventAttributeTagProcessor
[THYMELEAF]             * [* {th:onredo,data-th-onredo}] [1000]: org.thymeleaf.standard.processor.StandardDOMEventAttributeTagProcessor
[THYMELEAF]             * [* {th:onblur,data-th-onblur}] [1000]: org.thymeleaf.standard.processor.StandardDOMEventAttributeTagProcessor
[THYMELEAF]             * [* {th:onbeforeunload,data-th-onbeforeunload}] [1000]: org.thymeleaf.standard.processor.StandardDOMEventAttributeTagProcessor
[THYMELEAF]             * [* {th:onhashchange,data-th-onhashchange}] [1000]: org.thymeleaf.standard.processor.StandardDOMEventAttributeTagProcessor
[THYMELEAF]             * [* {th:onpause,data-th-onpause}] [1000]: org.thymeleaf.standard.processor.StandardDOMEventAttributeTagProcessor
[THYMELEAF]             * [* {th:onloadedmetadata,data-th-onloadedmetadata}] [1000]: org.thymeleaf.standard.processor.StandardDOMEventAttributeTagProcessor
[THYMELEAF]             * [* {th:onplay,data-th-onplay}] [1000]: org.thymeleaf.standard.processor.StandardDOMEventAttributeTagProcessor
[THYMELEAF]             * [* {th:onkeyup,data-th-onkeyup}] [1000]: org.thymeleaf.standard.processor.StandardDOMEventAttributeTagProcessor
[THYMELEAF]             * [* {th:onresize,data-th-onresize}] [1000]: org.thymeleaf.standard.processor.StandardDOMEventAttributeTagProcessor
[THYMELEAF]             * [* {th:onoffline,data-th-onoffline}] [1000]: org.thymeleaf.standard.processor.StandardDOMEventAttributeTagProcessor
[THYMELEAF]             * [* {th:onbeforeprint,data-th-onbeforeprint}] [1000]: org.thymeleaf.standard.processor.StandardDOMEventAttributeTagProcessor
[THYMELEAF]             * [* {th:onreset,data-th-onreset}] [1000]: org.thymeleaf.standard.processor.StandardDOMEventAttributeTagProcessor
[THYMELEAF]             * [* {th:oninvalid,data-th-oninvalid}] [1000]: org.thymeleaf.standard.processor.StandardDOMEventAttributeTagProcessor
[THYMELEAF]             * [* {th:ondrag,data-th-ondrag}] [1000]: org.thymeleaf.standard.processor.StandardDOMEventAttributeTagProcessor
[THYMELEAF]             * [* {th:onended,data-th-onended}] [1000]: org.thymeleaf.standard.processor.StandardDOMEventAttributeTagProcessor
[THYMELEAF]             * [* {th:onpopstate,data-th-onpopstate}] [1000]: org.thymeleaf.standard.processor.StandardDOMEventAttributeTagProcessor
[THYMELEAF]             * [* {th:onmouseup,data-th-onmouseup}] [1000]: org.thymeleaf.standard.processor.StandardDOMEventAttributeTagProcessor
[THYMELEAF]             * [* {th:onmouseover,data-th-onmouseover}] [1000]: org.thymeleaf.standard.processor.StandardDOMEventAttributeTagProcessor
[THYMELEAF]             * [* {th:ondragleave,data-th-ondragleave}] [1000]: org.thymeleaf.standard.processor.StandardDOMEventAttributeTagProcessor
[THYMELEAF]             * [* {th:onreadystatechange,data-th-onreadystatechange}] [1000]: org.thymeleaf.standard.processor.StandardDOMEventAttributeTagProcessor
[THYMELEAF]             * [* {th:oncanplaythrough,data-th-oncanplaythrough}] [1000]: org.thymeleaf.standard.processor.StandardDOMEventAttributeTagProcessor
[THYMELEAF]             * [* {th:onforminput,data-th-onforminput}] [1000]: org.thymeleaf.standard.processor.StandardDOMEventAttributeTagProcessor
[THYMELEAF]             * [* {th:onafterprint,data-th-onafterprint}] [1000]: org.thymeleaf.standard.processor.StandardDOMEventAttributeTagProcessor
[THYMELEAF]             * [* {th:onerror,data-th-onerror}] [1000]: org.thymeleaf.standard.processor.StandardDOMEventAttributeTagProcessor
[THYMELEAF]             * [* {th:onscroll,data-th-onscroll}] [1000]: org.thymeleaf.standard.processor.StandardDOMEventAttributeTagProcessor
[THYMELEAF]             * [* {th:onmousemove,data-th-onmousemove}] [1000]: org.thymeleaf.standard.processor.StandardDOMEventAttributeTagProcessor
[THYMELEAF]             * [* {th:onprogress,data-th-onprogress}] [1000]: org.thymeleaf.standard.processor.StandardDOMEventAttributeTagProcessor
[THYMELEAF]             * [* {th:onkeypress,data-th-onkeypress}] [1000]: org.thymeleaf.standard.processor.StandardDOMEventAttributeTagProcessor
[THYMELEAF]             * [* {th:ondragend,data-th-ondragend}] [1000]: org.thymeleaf.standard.processor.StandardDOMEventAttributeTagProcessor
[THYMELEAF]             * [* {th:onratechange,data-th-onratechange}] [1000]: org.thymeleaf.standard.processor.StandardDOMEventAttributeTagProcessor
[THYMELEAF]             * [* {th:oncanplay,data-th-oncanplay}] [1000]: org.thymeleaf.standard.processor.StandardDOMEventAttributeTagProcessor
[THYMELEAF]             * [* {th:ondurationchange,data-th-ondurationchange}] [1000]: org.thymeleaf.standard.processor.StandardDOMEventAttributeTagProcessor
[THYMELEAF]             * [* {th:onstalled,data-th-onstalled}] [1000]: org.thymeleaf.standard.processor.StandardDOMEventAttributeTagProcessor
[THYMELEAF]             * [* {th:onloadstart,data-th-onloadstart}] [1000]: org.thymeleaf.standard.processor.StandardDOMEventAttributeTagProcessor
[THYMELEAF]             * [* {th:onemptied,data-th-onemptied}] [1000]: org.thymeleaf.standard.processor.StandardDOMEventAttributeTagProcessor
[THYMELEAF]             * [* {th:href,data-th-href}] [1000]: org.thymeleaf.standard.processor.StandardHrefTagProcessor
[THYMELEAF]             * [* {th:inline,data-th-inline}] [1000]: org.thymeleaf.standard.processor.StandardInlineHTMLTagProcessor
[THYMELEAF]             * [* {th:method,data-th-method}] [1000]: org.thymeleaf.standard.processor.StandardMethodTagProcessor
[THYMELEAF]             * [* {th:name,data-th-name}] [1000]: org.thymeleaf.standard.processor.StandardNonRemovableAttributeTagProcessor
[THYMELEAF]             * [* {th:type,data-th-type}] [1000]: org.thymeleaf.standard.processor.StandardNonRemovableAttributeTagProcessor
[THYMELEAF]             * [* {th:longdesc,data-th-longdesc}] [1000]: org.thymeleaf.standard.processor.StandardRemovableAttributeTagProcessor
[THYMELEAF]             * [* {th:dir,data-th-dir}] [1000]: org.thymeleaf.standard.processor.StandardRemovableAttributeTagProcessor
[THYMELEAF]             * [* {th:audio,data-th-audio}] [1000]: org.thymeleaf.standard.processor.StandardRemovableAttributeTagProcessor
[THYMELEAF]             * [* {th:marginheight,data-th-marginheight}] [1000]: org.thymeleaf.standard.processor.StandardRemovableAttributeTagProcessor
[THYMELEAF]             * [* {th:accept,data-th-accept}] [1000]: org.thymeleaf.standard.processor.StandardRemovableAttributeTagProcessor
[THYMELEAF]             * [* {th:marginwidth,data-th-marginwidth}] [1000]: org.thymeleaf.standard.processor.StandardRemovableAttributeTagProcessor
[THYMELEAF]             * [* {th:keytype,data-th-keytype}] [1000]: org.thymeleaf.standard.processor.StandardRemovableAttributeTagProcessor
[THYMELEAF]             * [* {th:placeholder,data-th-placeholder}] [1000]: org.thymeleaf.standard.processor.StandardRemovableAttributeTagProcessor
[THYMELEAF]             * [* {th:width,data-th-width}] [1000]: org.thymeleaf.standard.processor.StandardRemovableAttributeTagProcessor
[THYMELEAF]             * [* {th:background,data-th-background}] [1000]: org.thymeleaf.standard.processor.StandardRemovableAttributeTagProcessor
[THYMELEAF]             * [* {th:axis,data-th-axis}] [1000]: org.thymeleaf.standard.processor.StandardRemovableAttributeTagProcessor
[THYMELEAF]             * [* {th:poster,data-th-poster}] [1000]: org.thymeleaf.standard.processor.StandardRemovableAttributeTagProcessor
[THYMELEAF]             * [* {th:classid,data-th-classid}] [1000]: org.thymeleaf.standard.processor.StandardRemovableAttributeTagProcessor
[THYMELEAF]             * [* {th:abbr,data-th-abbr}] [1000]: org.thymeleaf.standard.processor.StandardRemovableAttributeTagProcessor
[THYMELEAF]             * [* {th:high,data-th-high}] [1000]: org.thymeleaf.standard.processor.StandardRemovableAttributeTagProcessor
[THYMELEAF]             * [* {th:manifest,data-th-manifest}] [1000]: org.thymeleaf.standard.processor.StandardRemovableAttributeTagProcessor
[THYMELEAF]             * [* {th:scope,data-th-scope}] [1000]: org.thymeleaf.standard.processor.StandardRemovableAttributeTagProcessor
[THYMELEAF]             * [* {th:autocomplete,data-th-autocomplete}] [1000]: org.thymeleaf.standard.processor.StandardRemovableAttributeTagProcessor
[THYMELEAF]             * [* {th:draggable,data-th-draggable}] [1000]: org.thymeleaf.standard.processor.StandardRemovableAttributeTagProcessor
[THYMELEAF]             * [* {th:datetime,data-th-datetime}] [1000]: org.thymeleaf.standard.processor.StandardRemovableAttributeTagProcessor
[THYMELEAF]             * [* {th:label,data-th-label}] [1000]: org.thymeleaf.standard.processor.StandardRemovableAttributeTagProcessor
[THYMELEAF]             * [* {th:radiogroup,data-th-radiogroup}] [1000]: org.thymeleaf.standard.processor.StandardRemovableAttributeTagProcessor
[THYMELEAF]             * [* {th:sizes,data-th-sizes}] [1000]: org.thymeleaf.standard.processor.StandardRemovableAttributeTagProcessor
[THYMELEAF]             * [* {th:formenctype,data-th-formenctype}] [1000]: org.thymeleaf.standard.processor.StandardRemovableAttributeTagProcessor
[THYMELEAF]             * [* {th:class,data-th-class}] [1000]: org.thymeleaf.standard.processor.StandardRemovableAttributeTagProcessor
[THYMELEAF]             * [* {th:colspan,data-th-colspan}] [1000]: org.thymeleaf.standard.processor.StandardRemovableAttributeTagProcessor
[THYMELEAF]             * [* {th:sandbox,data-th-sandbox}] [1000]: org.thymeleaf.standard.processor.StandardRemovableAttributeTagProcessor
[THYMELEAF]             * [* {th:optimum,data-th-optimum}] [1000]: org.thymeleaf.standard.processor.StandardRemovableAttributeTagProcessor
[THYMELEAF]             * [* {th:align,data-th-align}] [1000]: org.thymeleaf.standard.processor.StandardRemovableAttributeTagProcessor
[THYMELEAF]             * [* {th:valuetype,data-th-valuetype}] [1000]: org.thymeleaf.standard.processor.StandardRemovableAttributeTagProcessor
[THYMELEAF]             * [* {th:tabindex,data-th-tabindex}] [1000]: org.thymeleaf.standard.processor.StandardRemovableAttributeTagProcessor
[THYMELEAF]             * [* {th:codetype,data-th-codetype}] [1000]: org.thymeleaf.standard.processor.StandardRemovableAttributeTagProcessor
[THYMELEAF]             * [* {th:data,data-th-data}] [1000]: org.thymeleaf.standard.processor.StandardRemovableAttributeTagProcessor
[THYMELEAF]             * [* {th:headers,data-th-headers}] [1000]: org.thymeleaf.standard.processor.StandardRemovableAttributeTagProcessor
[THYMELEAF]             * [* {th:step,data-th-step}] [1000]: org.thymeleaf.standard.processor.StandardRemovableAttributeTagProcessor
[THYMELEAF]             * [* {th:alt,data-th-alt}] [1000]: org.thymeleaf.standard.processor.StandardRemovableAttributeTagProcessor
[THYMELEAF]             * [* {th:formmethod,data-th-formmethod}] [1000]: org.thymeleaf.standard.processor.StandardRemovableAttributeTagProcessor
[THYMELEAF]             * [* {th:hreflang,data-th-hreflang}] [1000]: org.thymeleaf.standard.processor.StandardRemovableAttributeTagProcessor
[THYMELEAF]             * [* {th:rel,data-th-rel}] [1000]: org.thymeleaf.standard.processor.StandardRemovableAttributeTagProcessor
[THYMELEAF]             * [* {th:contenteditable,data-th-contenteditable}] [1000]: org.thymeleaf.standard.processor.StandardRemovableAttributeTagProcessor
[THYMELEAF]             * [* {th:challenge,data-th-challenge}] [1000]: org.thymeleaf.standard.processor.StandardRemovableAttributeTagProcessor
[THYMELEAF]             * [* {th:accept-charset,data-th-accept-charset}] [1000]: org.thymeleaf.standard.processor.StandardRemovableAttributeTagProcessor
[THYMELEAF]             * [* {th:max,data-th-max}] [1000]: org.thymeleaf.standard.processor.StandardRemovableAttributeTagProcessor
[THYMELEAF]             * [* {th:cols,data-th-cols}] [1000]: org.thymeleaf.standard.processor.StandardRemovableAttributeTagProcessor
[THYMELEAF]             * [* {th:spellcheck,data-th-spellcheck}] [1000]: org.thymeleaf.standard.processor.StandardRemovableAttributeTagProcessor
[THYMELEAF]             * [* {th:scheme,data-th-scheme}] [1000]: org.thymeleaf.standard.processor.StandardRemovableAttributeTagProcessor
[THYMELEAF]             * [* {th:size,data-th-size}] [1000]: org.thymeleaf.standard.processor.StandardRemovableAttributeTagProcessor
[THYMELEAF]             * [* {th:start,data-th-start}] [1000]: org.thymeleaf.standard.processor.StandardRemovableAttributeTagProcessor
[THYMELEAF]             * [* {th:form,data-th-form}] [1000]: org.thymeleaf.standard.processor.StandardRemovableAttributeTagProcessor
[THYMELEAF]             * [* {th:accesskey,data-th-accesskey}] [1000]: org.thymeleaf.standard.processor.StandardRemovableAttributeTagProcessor
[THYMELEAF]             * [* {th:style,data-th-style}] [1000]: org.thymeleaf.standard.processor.StandardRemovableAttributeTagProcessor
[THYMELEAF]             * [* {th:pattern,data-th-pattern}] [1000]: org.thymeleaf.standard.processor.StandardRemovableAttributeTagProcessor
[THYMELEAF]             * [* {th:dropzone,data-th-dropzone}] [1000]: org.thymeleaf.standard.processor.StandardRemovableAttributeTagProcessor
[THYMELEAF]             * [* {th:codebase,data-th-codebase}] [1000]: org.thymeleaf.standard.processor.StandardRemovableAttributeTagProcessor
[THYMELEAF]             * [* {th:low,data-th-low}] [1000]: org.thymeleaf.standard.processor.StandardRemovableAttributeTagProcessor
[THYMELEAF]             * [* {th:list,data-th-list}] [1000]: org.thymeleaf.standard.processor.StandardRemovableAttributeTagProcessor
[THYMELEAF]             * [* {th:rows,data-th-rows}] [1000]: org.thymeleaf.standard.processor.StandardRemovableAttributeTagProcessor
[THYMELEAF]             * [* {th:wrap,data-th-wrap}] [1000]: org.thymeleaf.standard.processor.StandardRemovableAttributeTagProcessor
[THYMELEAF]             * [* {th:content,data-th-content}] [1000]: org.thymeleaf.standard.processor.StandardRemovableAttributeTagProcessor
[THYMELEAF]             * [* {th:cellspacing,data-th-cellspacing}] [1000]: org.thymeleaf.standard.processor.StandardRemovableAttributeTagProcessor
[THYMELEAF]             * [* {th:lang,data-th-lang}] [1000]: org.thymeleaf.standard.processor.StandardRemovableAttributeTagProcessor
[THYMELEAF]             * [* {th:rowspan,data-th-rowspan}] [1000]: org.thymeleaf.standard.processor.StandardRemovableAttributeTagProcessor
[THYMELEAF]             * [* {th:http-equiv,data-th-http-equiv}] [1000]: org.thymeleaf.standard.processor.StandardRemovableAttributeTagProcessor
[THYMELEAF]             * [* {th:title,data-th-title}] [1000]: org.thymeleaf.standard.processor.StandardRemovableAttributeTagProcessor
[THYMELEAF]             * [* {th:scrolling,data-th-scrolling}] [1000]: org.thymeleaf.standard.processor.StandardRemovableAttributeTagProcessor
[THYMELEAF]             * [* {th:summary,data-th-summary}] [1000]: org.thymeleaf.standard.processor.StandardRemovableAttributeTagProcessor
[THYMELEAF]             * [* {th:target,data-th-target}] [1000]: org.thymeleaf.standard.processor.StandardRemovableAttributeTagProcessor
[THYMELEAF]             * [* {th:rules,data-th-rules}] [1000]: org.thymeleaf.standard.processor.StandardRemovableAttributeTagProcessor
[THYMELEAF]             * [* {th:bgcolor,data-th-bgcolor}] [1000]: org.thymeleaf.standard.processor.StandardRemovableAttributeTagProcessor
[THYMELEAF]             * [* {th:cellpadding,data-th-cellpadding}] [1000]: org.thymeleaf.standard.processor.StandardRemovableAttributeTagProcessor
[THYMELEAF]             * [* {th:span,data-th-span}] [1000]: org.thymeleaf.standard.processor.StandardRemovableAttributeTagProcessor
[THYMELEAF]             * [* {th:height,data-th-height}] [1000]: org.thymeleaf.standard.processor.StandardRemovableAttributeTagProcessor
[THYMELEAF]             * [* {th:archive,data-th-archive}] [1000]: org.thymeleaf.standard.processor.StandardRemovableAttributeTagProcessor
[THYMELEAF]             * [* {th:for,data-th-for}] [1000]: org.thymeleaf.standard.processor.StandardRemovableAttributeTagProcessor
[THYMELEAF]             * [* {th:vspace,data-th-vspace}] [1000]: org.thymeleaf.standard.processor.StandardRemovableAttributeTagProcessor
[THYMELEAF]             * [* {th:frameborder,data-th-frameborder}] [1000]: org.thymeleaf.standard.processor.StandardRemovableAttributeTagProcessor
[THYMELEAF]             * [* {th:frame,data-th-frame}] [1000]: org.thymeleaf.standard.processor.StandardRemovableAttributeTagProcessor
[THYMELEAF]             * [* {th:id,data-th-id}] [1000]: org.thymeleaf.standard.processor.StandardRemovableAttributeTagProcessor
[THYMELEAF]             * [* {th:media,data-th-media}] [1000]: org.thymeleaf.standard.processor.StandardRemovableAttributeTagProcessor
[THYMELEAF]             * [* {th:formaction,data-th-formaction}] [1000]: org.thymeleaf.standard.processor.StandardRemovableAttributeTagProcessor
[THYMELEAF]             * [* {th:hspace,data-th-hspace}] [1000]: org.thymeleaf.standard.processor.StandardRemovableAttributeTagProcessor
[THYMELEAF]             * [* {th:icon,data-th-icon}] [1000]: org.thymeleaf.standard.processor.StandardRemovableAttributeTagProcessor
[THYMELEAF]             * [* {th:standby,data-th-standby}] [1000]: org.thymeleaf.standard.processor.StandardRemovableAttributeTagProcessor
[THYMELEAF]             * [* {th:rev,data-th-rev}] [1000]: org.thymeleaf.standard.processor.StandardRemovableAttributeTagProcessor
[THYMELEAF]             * [* {th:charset,data-th-charset}] [1000]: org.thymeleaf.standard.processor.StandardRemovableAttributeTagProcessor
[THYMELEAF]             * [* {th:min,data-th-min}] [1000]: org.thymeleaf.standard.processor.StandardRemovableAttributeTagProcessor
[THYMELEAF]             * [* {th:preload,data-th-preload}] [1000]: org.thymeleaf.standard.processor.StandardRemovableAttributeTagProcessor
[THYMELEAF]             * [* {th:enctype,data-th-enctype}] [1000]: org.thymeleaf.standard.processor.StandardRemovableAttributeTagProcessor
[THYMELEAF]             * [* {th:usemap,data-th-usemap}] [1000]: org.thymeleaf.standard.processor.StandardRemovableAttributeTagProcessor
[THYMELEAF]             * [* {th:srclang,data-th-srclang}] [1000]: org.thymeleaf.standard.processor.StandardRemovableAttributeTagProcessor
[THYMELEAF]             * [* {th:maxlength,data-th-maxlength}] [1000]: org.thymeleaf.standard.processor.StandardRemovableAttributeTagProcessor
[THYMELEAF]             * [* {th:kind,data-th-kind}] [1000]: org.thymeleaf.standard.processor.StandardRemovableAttributeTagProcessor
[THYMELEAF]             * [* {th:compact,data-th-compact}] [1000]: org.thymeleaf.standard.processor.StandardRemovableAttributeTagProcessor
[THYMELEAF]             * [* {th:contextmenu,data-th-contextmenu}] [1000]: org.thymeleaf.standard.processor.StandardRemovableAttributeTagProcessor
[THYMELEAF]             * [* {th:cite,data-th-cite}] [1000]: org.thymeleaf.standard.processor.StandardRemovableAttributeTagProcessor
[THYMELEAF]             * [* {th:border,data-th-border}] [1000]: org.thymeleaf.standard.processor.StandardRemovableAttributeTagProcessor
[THYMELEAF]             * [* {th:formtarget,data-th-formtarget}] [1000]: org.thymeleaf.standard.processor.StandardRemovableAttributeTagProcessor
[THYMELEAF]             * [* {th:src,data-th-src}] [1000]: org.thymeleaf.standard.processor.StandardSrcTagProcessor
[THYMELEAF]             * [* {th:value,data-th-value}] [1000]: org.thymeleaf.standard.processor.StandardValueTagProcessor
[THYMELEAF]             * [* {th:xmlbase,data-th-xmlbase}] [1000]: org.thymeleaf.standard.processor.StandardXmlBaseTagProcessor
[THYMELEAF]             * [* {th:xmllang,data-th-xmllang}] [1000]: org.thymeleaf.standard.processor.StandardXmlLangTagProcessor
[THYMELEAF]             * [* {xmlns:th}] [1000]: org.thymeleaf.standard.processor.StandardXmlNsTagProcessor
[THYMELEAF]             * [* {th:xmlspace,data-th-xmlspace}] [1000]: org.thymeleaf.standard.processor.StandardXmlSpaceTagProcessor
[THYMELEAF]             * [* {th:classappend,data-th-classappend}] [1100]: org.thymeleaf.standard.processor.StandardClassappendTagProcessor
[THYMELEAF]             * [* {th:styleappend,data-th-styleappend}] [1100]: org.thymeleaf.standard.processor.StandardStyleappendTagProcessor
[THYMELEAF]             * [* {th:text,data-th-text}] [1300]: org.thymeleaf.standard.processor.StandardTextTagProcessor
[THYMELEAF]             * [* {th:utext,data-th-utext}] [1400]: org.thymeleaf.standard.processor.StandardUtextTagProcessor
[THYMELEAF]             * [* {th:fragment,data-th-fragment}] [1500]: org.thymeleaf.standard.processor.StandardFragmentTagProcessor
[THYMELEAF]             * [* {th:assert,data-th-assert}] [1550]: org.thymeleaf.standard.processor.StandardAssertTagProcessor
[THYMELEAF]             * [* {th:remove,data-th-remove}] [1600]: org.thymeleaf.standard.processor.StandardRemoveTagProcessor
[THYMELEAF]             * [* {th:ref,data-th-ref}] [10000]: org.thymeleaf.standard.processor.StandardRefAttributeTagProcessor
[THYMELEAF]             * [{th:block,th-block} *] [100000]: org.thymeleaf.standard.processor.StandardBlockTagProcessor
[THYMELEAF]             * [* th:*] [2147483647]: org.thymeleaf.standard.processor.StandardDefaultAttributesTagProcessor
[THYMELEAF]         * Text Processors by [precedence]:
[THYMELEAF]             * [1000]: org.thymeleaf.standard.processor.StandardInliningTextProcessor
[THYMELEAF]         * DOCTYPE Processors by [precedence]:
[THYMELEAF]             * [1000]: org.thymeleaf.standard.processor.StandardTranslationDocTypeProcessor
[THYMELEAF]         * CDATA Section Processors by [precedence]:
[THYMELEAF]             * [1000]: org.thymeleaf.standard.processor.StandardInliningCDATASectionProcessor
[THYMELEAF]         * Comment Processors by [precedence]:
[THYMELEAF]             * [1000]: org.thymeleaf.standard.processor.StandardInliningCommentProcessor
[THYMELEAF]             * [1100]: org.thymeleaf.standard.processor.StandardConditionalCommentProcessor
[THYMELEAF]     * Processors for Template Mode: XML
[THYMELEAF]         * Element Tag Processors by [matching element and attribute name] [precedence]:
[THYMELEAF]             * [* {th:include}] [100]: org.thymeleaf.standard.processor.StandardIncludeTagProcessor
[THYMELEAF]             * [* {th:insert}] [100]: org.thymeleaf.standard.processor.StandardInsertTagProcessor
[THYMELEAF]             * [* {th:replace}] [100]: org.thymeleaf.standard.processor.StandardReplaceTagProcessor
[THYMELEAF]             * [* {th:each}] [200]: com.intuit.karate.template.KarateEachTagProcessor
[THYMELEAF]             * [* {th:switch}] [250]: org.thymeleaf.standard.processor.StandardSwitchTagProcessor
[THYMELEAF]             * [* {th:case}] [275]: org.thymeleaf.standard.processor.StandardCaseTagProcessor
[THYMELEAF]             * [* {th:if}] [300]: org.thymeleaf.standard.processor.StandardIfTagProcessor
[THYMELEAF]             * [* {th:unless}] [400]: org.thymeleaf.standard.processor.StandardUnlessTagProcessor
[THYMELEAF]             * [* {th:object}] [500]: org.thymeleaf.standard.processor.StandardObjectTagProcessor
[THYMELEAF]             * [* {th:with}] [600]: com.intuit.karate.template.KarateWithTagProcessor
[THYMELEAF]             * [* {th:attr}] [700]: com.intuit.karate.template.KarateAttributeTagProcessor.KarateAttrTagProcessor
[THYMELEAF]             * [* {th:attrappend}] [900]: com.intuit.karate.template.KarateAttributeTagProcessor.KarateAttrappendTagProcessor
[THYMELEAF]             * [* {th:attrprepend}] [900]: com.intuit.karate.template.KarateAttributeTagProcessor.KarateAttrprependTagProcessor
[THYMELEAF]             * [* {th:inline}] [1000]: org.thymeleaf.standard.processor.StandardInlineXMLTagProcessor
[THYMELEAF]             * [* {xmlns:th}] [1000]: org.thymeleaf.standard.processor.StandardXmlNsTagProcessor
[THYMELEAF]             * [* {th:text}] [1300]: org.thymeleaf.standard.processor.StandardTextTagProcessor
[THYMELEAF]             * [* {th:utext}] [1400]: org.thymeleaf.standard.processor.StandardUtextTagProcessor
[THYMELEAF]             * [* {th:fragment}] [1500]: org.thymeleaf.standard.processor.StandardFragmentTagProcessor
[THYMELEAF]             * [* {th:assert}] [1550]: org.thymeleaf.standard.processor.StandardAssertTagProcessor
[THYMELEAF]             * [* {th:remove}] [1600]: org.thymeleaf.standard.processor.StandardRemoveTagProcessor
[THYMELEAF]             * [* {th:ref}] [10000]: org.thymeleaf.standard.processor.StandardRefAttributeTagProcessor
[THYMELEAF]             * [{th:block} *] [100000]: org.thymeleaf.standard.processor.StandardBlockTagProcessor
[THYMELEAF]             * [* th:*] [2147483647]: org.thymeleaf.standard.processor.StandardDefaultAttributesTagProcessor
[THYMELEAF]         * Text Processors by [precedence]:
[THYMELEAF]             * [1000]: org.thymeleaf.standard.processor.StandardInliningTextProcessor
[THYMELEAF]         * CDATA Section Processors by [precedence]:
[THYMELEAF]             * [1000]: org.thymeleaf.standard.processor.StandardInliningCDATASectionProcessor
[THYMELEAF]         * Comment Processors by [precedence]:
[THYMELEAF]             * [1000]: org.thymeleaf.standard.processor.StandardInliningCommentProcessor
[THYMELEAF]     * Processors for Template Mode: TEXT
[THYMELEAF]         * Element Tag Processors by [matching element and attribute name] [precedence]:
[THYMELEAF]             * [* {th:insert}] [100]: org.thymeleaf.standard.processor.StandardInsertTagProcessor
[THYMELEAF]             * [* {th:replace}] [100]: org.thymeleaf.standard.processor.StandardReplaceTagProcessor
[THYMELEAF]             * [* {th:each}] [200]: com.intuit.karate.template.KarateEachTagProcessor
[THYMELEAF]             * [* {th:switch}] [250]: org.thymeleaf.standard.processor.StandardSwitchTagProcessor
[THYMELEAF]             * [* {th:case}] [275]: org.thymeleaf.standard.processor.StandardCaseTagProcessor
[THYMELEAF]             * [* {th:if}] [300]: org.thymeleaf.standard.processor.StandardIfTagProcessor
[THYMELEAF]             * [* {th:unless}] [400]: org.thymeleaf.standard.processor.StandardUnlessTagProcessor
[THYMELEAF]             * [* {th:object}] [500]: org.thymeleaf.standard.processor.StandardObjectTagProcessor
[THYMELEAF]             * [* {th:with}] [600]: com.intuit.karate.template.KarateWithTagProcessor
[THYMELEAF]             * [* {th:inline}] [1000]: org.thymeleaf.standard.processor.StandardInlineTextualTagProcessor
[THYMELEAF]             * [* {th:text}] [1300]: org.thymeleaf.standard.processor.StandardTextTagProcessor
[THYMELEAF]             * [* {th:utext}] [1400]: org.thymeleaf.standard.processor.StandardUtextTagProcessor
[THYMELEAF]             * [* {th:assert}] [1550]: org.thymeleaf.standard.processor.StandardAssertTagProcessor
[THYMELEAF]             * [* {th:remove}] [1600]: org.thymeleaf.standard.processor.StandardRemoveTagProcessor
[THYMELEAF]             * [* 100000] [org.thymeleaf.standard.processor.StandardBlockTagProcessor]: {}
[THYMELEAF]             * [{th:block} *] [100000]: org.thymeleaf.standard.processor.StandardBlockTagProcessor
[THYMELEAF]         * Text Processors by [precedence]:
[THYMELEAF]             * [1000]: org.thymeleaf.standard.processor.StandardInliningTextProcessor
[THYMELEAF]     * Processors for Template Mode: JAVASCRIPT
[THYMELEAF]         * Element Tag Processors by [matching element and attribute name] [precedence]:
[THYMELEAF]             * [* {th:insert}] [100]: org.thymeleaf.standard.processor.StandardInsertTagProcessor
[THYMELEAF]             * [* {th:replace}] [100]: org.thymeleaf.standard.processor.StandardReplaceTagProcessor
[THYMELEAF]             * [* {th:each}] [200]: com.intuit.karate.template.KarateEachTagProcessor
[THYMELEAF]             * [* {th:switch}] [250]: org.thymeleaf.standard.processor.StandardSwitchTagProcessor
[THYMELEAF]             * [* {th:case}] [275]: org.thymeleaf.standard.processor.StandardCaseTagProcessor
[THYMELEAF]             * [* {th:if}] [300]: org.thymeleaf.standard.processor.StandardIfTagProcessor
[THYMELEAF]             * [* {th:unless}] [400]: org.thymeleaf.standard.processor.StandardUnlessTagProcessor
[THYMELEAF]             * [* {th:object}] [500]: org.thymeleaf.standard.processor.StandardObjectTagProcessor
[THYMELEAF]             * [* {th:with}] [600]: com.intuit.karate.template.KarateWithTagProcessor
[THYMELEAF]             * [* {th:inline}] [1000]: org.thymeleaf.standard.processor.StandardInlineTextualTagProcessor
[THYMELEAF]             * [* {th:text}] [1300]: org.thymeleaf.standard.processor.StandardTextTagProcessor
[THYMELEAF]             * [* {th:utext}] [1400]: org.thymeleaf.standard.processor.StandardUtextTagProcessor
[THYMELEAF]             * [* {th:assert}] [1550]: org.thymeleaf.standard.processor.StandardAssertTagProcessor
[THYMELEAF]             * [* {th:remove}] [1600]: org.thymeleaf.standard.processor.StandardRemoveTagProcessor
[THYMELEAF]             * [* 100000] [org.thymeleaf.standard.processor.StandardBlockTagProcessor]: {}
[THYMELEAF]             * [{th:block} *] [100000]: org.thymeleaf.standard.processor.StandardBlockTagProcessor
[THYMELEAF]         * Text Processors by [precedence]:
[THYMELEAF]             * [1000]: org.thymeleaf.standard.processor.StandardInliningTextProcessor
[THYMELEAF]     * Processors for Template Mode: CSS
[THYMELEAF]         * Element Tag Processors by [matching element and attribute name] [precedence]:
[THYMELEAF]             * [* {th:insert}] [100]: org.thymeleaf.standard.processor.StandardInsertTagProcessor
[THYMELEAF]             * [* {th:replace}] [100]: org.thymeleaf.standard.processor.StandardReplaceTagProcessor
[THYMELEAF]             * [* {th:each}] [200]: com.intuit.karate.template.KarateEachTagProcessor
[THYMELEAF]             * [* {th:switch}] [250]: org.thymeleaf.standard.processor.StandardSwitchTagProcessor
[THYMELEAF]             * [* {th:case}] [275]: org.thymeleaf.standard.processor.StandardCaseTagProcessor
[THYMELEAF]             * [* {th:if}] [300]: org.thymeleaf.standard.processor.StandardIfTagProcessor
[THYMELEAF]             * [* {th:unless}] [400]: org.thymeleaf.standard.processor.StandardUnlessTagProcessor
[THYMELEAF]             * [* {th:object}] [500]: org.thymeleaf.standard.processor.StandardObjectTagProcessor
[THYMELEAF]             * [* {th:with}] [600]: com.intuit.karate.template.KarateWithTagProcessor
[THYMELEAF]             * [* {th:inline}] [1000]: org.thymeleaf.standard.processor.StandardInlineTextualTagProcessor
[THYMELEAF]             * [* {th:text}] [1300]: org.thymeleaf.standard.processor.StandardTextTagProcessor
[THYMELEAF]             * [* {th:utext}] [1400]: org.thymeleaf.standard.processor.StandardUtextTagProcessor
[THYMELEAF]             * [* {th:assert}] [1550]: org.thymeleaf.standard.processor.StandardAssertTagProcessor
[THYMELEAF]             * [* {th:remove}] [1600]: org.thymeleaf.standard.processor.StandardRemoveTagProcessor
[THYMELEAF]             * [* 100000] [org.thymeleaf.standard.processor.StandardBlockTagProcessor]: {}
[THYMELEAF]             * [{th:block} *] [100000]: org.thymeleaf.standard.processor.StandardBlockTagProcessor
[THYMELEAF]         * Text Processors by [precedence]:
[THYMELEAF]             * [1000]: org.thymeleaf.standard.processor.StandardInliningTextProcessor
[THYMELEAF]     * Expression Objects:
[THYMELEAF]         * #ctx
[THYMELEAF]         * #root
[THYMELEAF]         * #vars
[THYMELEAF]         * #object
[THYMELEAF]         * #locale
[THYMELEAF]         * #conversions
[THYMELEAF]         * #uris
[THYMELEAF]         * #temporals
[THYMELEAF]         * #calendars
[THYMELEAF]         * #dates
[THYMELEAF]         * #bools
[THYMELEAF]         * #numbers
[THYMELEAF]         * #objects
[THYMELEAF]         * #strings
[THYMELEAF]         * #arrays
[THYMELEAF]         * #lists
[THYMELEAF]         * #sets
[THYMELEAF]         * #maps
[THYMELEAF]         * #aggregates
[THYMELEAF]         * #messages
[THYMELEAF]         * #ids
[THYMELEAF]         * #execInfo
[THYMELEAF]         * #request
[THYMELEAF]         * #response
[THYMELEAF]         * #session
[THYMELEAF]         * #servletContext
[THYMELEAF]     * Execution Attributes:
[THYMELEAF]         * "StandardExpressionParser": com.intuit.karate.template.KarateStandardDialect@bf5bd05
[THYMELEAF]         * "StandardJavaScriptSerializer": org.thymeleaf.standard.serializer.StandardJavaScriptSerializer@3813701f
[THYMELEAF]         * "StandardCSSSerializer": org.thymeleaf.standard.serializer.StandardCSSSerializer@58087ad5
[THYMELEAF]         * "StandardVariableExpressionEvaluator": com.intuit.karate.template.KarateStandardDialect@bf5bd05
[THYMELEAF]         * "StandardConversionService": org.thymeleaf.standard.expression.StandardConversionService@55a25b7b
[THYMELEAF] * Dialect [2 of 2]: karate (com.intuit.karate.template.KarateScriptDialect)
[THYMELEAF]     * Prefix: "ka"
[THYMELEAF]     * Processors for Template Mode: HTML
[THYMELEAF]         * Element Tag Processors by [matching element and attribute name] [precedence]:
[THYMELEAF]             * [* {src}] [1000]: com.intuit.karate.template.KaScriptAttrProcessor
[THYMELEAF]         * Element Model Processors by [matching element and attribute name] [precedence]:
[THYMELEAF]             * [{script} {ka:scope,data-ka-scope}] [1000]: com.intuit.karate.template.KaScriptElemProcessor
[THYMELEAF]             * [* {ka:set,data-ka-set}] [1000]: com.intuit.karate.template.KaSetElemProcessor
[THYMELEAF] TEMPLATE ENGINE CONFIGURED OK
16:40:45.592 [pool-3-thread-1] DEBUG org.thymeleaf.TemplateEngine -- [THYMELEAF] TEMPLATE ENGINE INITIALIZED
---------------------------------------------------------
feature: classpath:api/producto/2_actualizar.feature
scenarios:  2 | passed:  2 | failed:  0 | time: 0.0799
---------------------------------------------------------

16:40:45.715 [pool-3-thread-1] INFO com.intuit.karate.Suite -- <<pass>> feature 4 of 11 (7 remaining) classpath:api/producto/2_actualizar.feature
16:40:45.724 [pool-3-thread-1] DEBUG org.thymeleaf.TemplateEngine -- [THYMELEAF] INITIALIZING TEMPLATE ENGINE
16:40:45.733 [pool-3-thread-1] DEBUG org.thymeleaf.TemplateEngine.CONFIG -- Initializing Thymeleaf Template engine configuration...
[THYMELEAF] TEMPLATE ENGINE CONFIGURATION:
[THYMELEAF] * Thymeleaf version: 3.1.2.RELEASE (built 2023-07-30T19:25:50+0000)
[THYMELEAF] * Cache Manager implementation: org.thymeleaf.cache.StandardCacheManager
[THYMELEAF] * Template resolvers:
[THYMELEAF]     * [1] com.intuit.karate.template.ResourceHtmlTemplateResolver
[THYMELEAF] * Message resolvers:
[THYMELEAF]     * org.thymeleaf.messageresolver.StandardMessageResolver
[THYMELEAF] * Link builders:
[THYMELEAF]     * org.thymeleaf.linkbuilder.StandardLinkBuilder
[THYMELEAF] * Dialect [1 of 2]: Standard (com.intuit.karate.template.KarateStandardDialect)
[THYMELEAF]     * Prefix: "th"
[THYMELEAF]     * Processors for Template Mode: HTML
[THYMELEAF]         * Element Tag Processors by [matching element and attribute name] [precedence]:
[THYMELEAF]             * [* {th:include,data-th-include}] [100]: org.thymeleaf.standard.processor.StandardIncludeTagProcessor
[THYMELEAF]             * [* {th:insert,data-th-insert}] [100]: org.thymeleaf.standard.processor.StandardInsertTagProcessor
[THYMELEAF]             * [* {th:replace,data-th-replace}] [100]: org.thymeleaf.standard.processor.StandardReplaceTagProcessor
[THYMELEAF]             * [* {th:each,data-th-each}] [200]: com.intuit.karate.template.KarateEachTagProcessor
[THYMELEAF]             * [* {th:switch,data-th-switch}] [250]: org.thymeleaf.standard.processor.StandardSwitchTagProcessor
[THYMELEAF]             * [* {th:case,data-th-case}] [275]: org.thymeleaf.standard.processor.StandardCaseTagProcessor
[THYMELEAF]             * [* {th:if,data-th-if}] [300]: org.thymeleaf.standard.processor.StandardIfTagProcessor
[THYMELEAF]             * [* {th:unless,data-th-unless}] [400]: org.thymeleaf.standard.processor.StandardUnlessTagProcessor
[THYMELEAF]             * [* {th:object,data-th-object}] [500]: org.thymeleaf.standard.processor.StandardObjectTagProcessor
[THYMELEAF]             * [* {th:with,data-th-with}] [600]: com.intuit.karate.template.KarateWithTagProcessor
[THYMELEAF]             * [* {th:attr,data-th-attr}] [700]: com.intuit.karate.template.KarateAttributeTagProcessor.KarateAttrTagProcessor
[THYMELEAF]             * [* {th:attrappend,data-th-attrappend}] [900]: com.intuit.karate.template.KarateAttributeTagProcessor.KarateAttrappendTagProcessor
[THYMELEAF]             * [* {th:attrprepend,data-th-attrprepend}] [900]: com.intuit.karate.template.KarateAttributeTagProcessor.KarateAttrprependTagProcessor
[THYMELEAF]             * [* {th:alt-title,data-th-alt-title}] [990]: org.thymeleaf.standard.processor.StandardAltTitleTagProcessor
[THYMELEAF]             * [* {th:lang-xmllang,data-th-lang-xmllang}] [990]: org.thymeleaf.standard.processor.StandardLangXmlLangTagProcessor
[THYMELEAF]             * [* {th:action,data-th-action}] [1000]: org.thymeleaf.standard.processor.StandardActionTagProcessor
[THYMELEAF]             * [* {th:default,data-th-default}] [1000]: org.thymeleaf.standard.processor.StandardConditionalFixedValueTagProcessor
[THYMELEAF]             * [* {th:scoped,data-th-scoped}] [1000]: org.thymeleaf.standard.processor.StandardConditionalFixedValueTagProcessor
[THYMELEAF]             * [* {th:checked,data-th-checked}] [1000]: org.thymeleaf.standard.processor.StandardConditionalFixedValueTagProcessor
[THYMELEAF]             * [* {th:controls,data-th-controls}] [1000]: org.thymeleaf.standard.processor.StandardConditionalFixedValueTagProcessor
[THYMELEAF]             * [* {th:novalidate,data-th-novalidate}] [1000]: org.thymeleaf.standard.processor.StandardConditionalFixedValueTagProcessor
[THYMELEAF]             * [* {th:loop,data-th-loop}] [1000]: org.thymeleaf.standard.processor.StandardConditionalFixedValueTagProcessor
[THYMELEAF]             * [* {th:disabled,data-th-disabled}] [1000]: org.thymeleaf.standard.processor.StandardConditionalFixedValueTagProcessor
[THYMELEAF]             * [* {th:selected,data-th-selected}] [1000]: org.thymeleaf.standard.processor.StandardConditionalFixedValueTagProcessor
[THYMELEAF]             * [* {th:reversed,data-th-reversed}] [1000]: org.thymeleaf.standard.processor.StandardConditionalFixedValueTagProcessor
[THYMELEAF]             * [* {th:ismap,data-th-ismap}] [1000]: org.thymeleaf.standard.processor.StandardConditionalFixedValueTagProcessor
[THYMELEAF]             * [* {th:readonly,data-th-readonly}] [1000]: org.thymeleaf.standard.processor.StandardConditionalFixedValueTagProcessor
[THYMELEAF]             * [* {th:defer,data-th-defer}] [1000]: org.thymeleaf.standard.processor.StandardConditionalFixedValueTagProcessor
[THYMELEAF]             * [* {th:async,data-th-async}] [1000]: org.thymeleaf.standard.processor.StandardConditionalFixedValueTagProcessor
[THYMELEAF]             * [* {th:seamless,data-th-seamless}] [1000]: org.thymeleaf.standard.processor.StandardConditionalFixedValueTagProcessor
[THYMELEAF]             * [* {th:autofocus,data-th-autofocus}] [1000]: org.thymeleaf.standard.processor.StandardConditionalFixedValueTagProcessor
[THYMELEAF]             * [* {th:autoplay,data-th-autoplay}] [1000]: org.thymeleaf.standard.processor.StandardConditionalFixedValueTagProcessor
[THYMELEAF]             * [* {th:hidden,data-th-hidden}] [1000]: org.thymeleaf.standard.processor.StandardConditionalFixedValueTagProcessor
[THYMELEAF]             * [* {th:multiple,data-th-multiple}] [1000]: org.thymeleaf.standard.processor.StandardConditionalFixedValueTagProcessor
[THYMELEAF]             * [* {th:pubdate,data-th-pubdate}] [1000]: org.thymeleaf.standard.processor.StandardConditionalFixedValueTagProcessor
[THYMELEAF]             * [* {th:nowrap,data-th-nowrap}] [1000]: org.thymeleaf.standard.processor.StandardConditionalFixedValueTagProcessor
[THYMELEAF]             * [* {th:declare,data-th-declare}] [1000]: org.thymeleaf.standard.processor.StandardConditionalFixedValueTagProcessor
[THYMELEAF]             * [* {th:open,data-th-open}] [1000]: org.thymeleaf.standard.processor.StandardConditionalFixedValueTagProcessor
[THYMELEAF]             * [* {th:required,data-th-required}] [1000]: org.thymeleaf.standard.processor.StandardConditionalFixedValueTagProcessor
[THYMELEAF]             * [* {th:formnovalidate,data-th-formnovalidate}] [1000]: org.thymeleaf.standard.processor.StandardConditionalFixedValueTagProcessor
[THYMELEAF]             * [* {th:onshow,data-th-onshow}] [1000]: org.thymeleaf.standard.processor.StandardDOMEventAttributeTagProcessor
[THYMELEAF]             * [* {th:onended,data-th-onended}] [1000]: org.thymeleaf.standard.processor.StandardDOMEventAttributeTagProcessor
[THYMELEAF]             * [* {th:onafterprint,data-th-onafterprint}] [1000]: org.thymeleaf.standard.processor.StandardDOMEventAttributeTagProcessor
[THYMELEAF]             * [* {th:onabort,data-th-onabort}] [1000]: org.thymeleaf.standard.processor.StandardDOMEventAttributeTagProcessor
[THYMELEAF]             * [* {th:onwaiting,data-th-onwaiting}] [1000]: org.thymeleaf.standard.processor.StandardDOMEventAttributeTagProcessor
[THYMELEAF]             * [* {th:onseeked,data-th-onseeked}] [1000]: org.thymeleaf.standard.processor.StandardDOMEventAttributeTagProcessor
[THYMELEAF]             * [* {th:onplay,data-th-onplay}] [1000]: org.thymeleaf.standard.processor.StandardDOMEventAttributeTagProcessor
[THYMELEAF]             * [* {th:ondblclick,data-th-ondblclick}] [1000]: org.thymeleaf.standard.processor.StandardDOMEventAttributeTagProcessor
[THYMELEAF]             * [* {th:onmousedown,data-th-onmousedown}] [1000]: org.thymeleaf.standard.processor.StandardDOMEventAttributeTagProcessor
[THYMELEAF]             * [* {th:onprogress,data-th-onprogress}] [1000]: org.thymeleaf.standard.processor.StandardDOMEventAttributeTagProcessor
[THYMELEAF]             * [* {th:onoffline,data-th-onoffline}] [1000]: org.thymeleaf.standard.processor.StandardDOMEventAttributeTagProcessor
[THYMELEAF]             * [* {th:onclick,data-th-onclick}] [1000]: org.thymeleaf.standard.processor.StandardDOMEventAttributeTagProcessor
[THYMELEAF]             * [* {th:onkeypress,data-th-onkeypress}] [1000]: org.thymeleaf.standard.processor.StandardDOMEventAttributeTagProcessor
[THYMELEAF]             * [* {th:onsubmit,data-th-onsubmit}] [1000]: org.thymeleaf.standard.processor.StandardDOMEventAttributeTagProcessor
[THYMELEAF]             * [* {th:onblur,data-th-onblur}] [1000]: org.thymeleaf.standard.processor.StandardDOMEventAttributeTagProcessor
[THYMELEAF]             * [* {th:ondrag,data-th-ondrag}] [1000]: org.thymeleaf.standard.processor.StandardDOMEventAttributeTagProcessor
[THYMELEAF]             * [* {th:onerror,data-th-onerror}] [1000]: org.thymeleaf.standard.processor.StandardDOMEventAttributeTagProcessor
[THYMELEAF]             * [* {th:onbeforeunload,data-th-onbeforeunload}] [1000]: org.thymeleaf.standard.processor.StandardDOMEventAttributeTagProcessor
[THYMELEAF]             * [* {th:onvolumechange,data-th-onvolumechange}] [1000]: org.thymeleaf.standard.processor.StandardDOMEventAttributeTagProcessor
[THYMELEAF]             * [* {th:ondragenter,data-th-ondragenter}] [1000]: org.thymeleaf.standard.processor.StandardDOMEventAttributeTagProcessor
[THYMELEAF]             * [* {th:onforminput,data-th-onforminput}] [1000]: org.thymeleaf.standard.processor.StandardDOMEventAttributeTagProcessor
[THYMELEAF]             * [* {th:onreadystatechange,data-th-onreadystatechange}] [1000]: org.thymeleaf.standard.processor.StandardDOMEventAttributeTagProcessor
[THYMELEAF]             * [* {th:ondragend,data-th-ondragend}] [1000]: org.thymeleaf.standard.processor.StandardDOMEventAttributeTagProcessor
[THYMELEAF]             * [* {th:ononline,data-th-ononline}] [1000]: org.thymeleaf.standard.processor.StandardDOMEventAttributeTagProcessor
[THYMELEAF]             * [* {th:onredo,data-th-onredo}] [1000]: org.thymeleaf.standard.processor.StandardDOMEventAttributeTagProcessor
[THYMELEAF]             * [* {th:onsuspend,data-th-onsuspend}] [1000]: org.thymeleaf.standard.processor.StandardDOMEventAttributeTagProcessor
[THYMELEAF]             * [* {th:ondragstart,data-th-ondragstart}] [1000]: org.thymeleaf.standard.processor.StandardDOMEventAttributeTagProcessor
[THYMELEAF]             * [* {th:onhashchange,data-th-onhashchange}] [1000]: org.thymeleaf.standard.processor.StandardDOMEventAttributeTagProcessor
[THYMELEAF]             * [* {th:oncontextmenu,data-th-oncontextmenu}] [1000]: org.thymeleaf.standard.processor.StandardDOMEventAttributeTagProcessor
[THYMELEAF]             * [* {th:onmessage,data-th-onmessage}] [1000]: org.thymeleaf.standard.processor.StandardDOMEventAttributeTagProcessor
[THYMELEAF]             * [* {th:ondragleave,data-th-ondragleave}] [1000]: org.thymeleaf.standard.processor.StandardDOMEventAttributeTagProcessor
[THYMELEAF]             * [* {th:onseeking,data-th-onseeking}] [1000]: org.thymeleaf.standard.processor.StandardDOMEventAttributeTagProcessor
[THYMELEAF]             * [* {th:onstorage,data-th-onstorage}] [1000]: org.thymeleaf.standard.processor.StandardDOMEventAttributeTagProcessor
[THYMELEAF]             * [* {th:onresize,data-th-onresize}] [1000]: org.thymeleaf.standard.processor.StandardDOMEventAttributeTagProcessor
[THYMELEAF]             * [* {th:onload,data-th-onload}] [1000]: org.thymeleaf.standard.processor.StandardDOMEventAttributeTagProcessor
[THYMELEAF]             * [* {th:onunload,data-th-onunload}] [1000]: org.thymeleaf.standard.processor.StandardDOMEventAttributeTagProcessor
[THYMELEAF]             * [* {th:onplaying,data-th-onplaying}] [1000]: org.thymeleaf.standard.processor.StandardDOMEventAttributeTagProcessor
[THYMELEAF]             * [* {th:ondrop,data-th-ondrop}] [1000]: org.thymeleaf.standard.processor.StandardDOMEventAttributeTagProcessor
[THYMELEAF]             * [* {th:oninput,data-th-oninput}] [1000]: org.thymeleaf.standard.processor.StandardDOMEventAttributeTagProcessor
[THYMELEAF]             * [* {th:ontimeupdate,data-th-ontimeupdate}] [1000]: org.thymeleaf.standard.processor.StandardDOMEventAttributeTagProcessor
[THYMELEAF]             * [* {th:onloadedmetadata,data-th-onloadedmetadata}] [1000]: org.thymeleaf.standard.processor.StandardDOMEventAttributeTagProcessor
[THYMELEAF]             * [* {th:onkeydown,data-th-onkeydown}] [1000]: org.thymeleaf.standard.processor.StandardDOMEventAttributeTagProcessor
[THYMELEAF]             * [* {th:onchange,data-th-onchange}] [1000]: org.thymeleaf.standard.processor.StandardDOMEventAttributeTagProcessor
[THYMELEAF]             * [* {th:onloadstart,data-th-onloadstart}] [1000]: org.thymeleaf.standard.processor.StandardDOMEventAttributeTagProcessor
[THYMELEAF]             * [* {th:onundo,data-th-onundo}] [1000]: org.thymeleaf.standard.processor.StandardDOMEventAttributeTagProcessor
[THYMELEAF]             * [* {th:onscroll,data-th-onscroll}] [1000]: org.thymeleaf.standard.processor.StandardDOMEventAttributeTagProcessor
[THYMELEAF]             * [* {th:oninvalid,data-th-oninvalid}] [1000]: org.thymeleaf.standard.processor.StandardDOMEventAttributeTagProcessor
[THYMELEAF]             * [* {th:onmouseover,data-th-onmouseover}] [1000]: org.thymeleaf.standard.processor.StandardDOMEventAttributeTagProcessor
[THYMELEAF]             * [* {th:oncanplay,data-th-oncanplay}] [1000]: org.thymeleaf.standard.processor.StandardDOMEventAttributeTagProcessor
[THYMELEAF]             * [* {th:onmousemove,data-th-onmousemove}] [1000]: org.thymeleaf.standard.processor.StandardDOMEventAttributeTagProcessor
[THYMELEAF]             * [* {th:onloadeddata,data-th-onloadeddata}] [1000]: org.thymeleaf.standard.processor.StandardDOMEventAttributeTagProcessor
[THYMELEAF]             * [* {th:onpopstate,data-th-onpopstate}] [1000]: org.thymeleaf.standard.processor.StandardDOMEventAttributeTagProcessor
[THYMELEAF]             * [* {th:onselect,data-th-onselect}] [1000]: org.thymeleaf.standard.processor.StandardDOMEventAttributeTagProcessor
[THYMELEAF]             * [* {th:onpause,data-th-onpause}] [1000]: org.thymeleaf.standard.processor.StandardDOMEventAttributeTagProcessor
[THYMELEAF]             * [* {th:onbeforeprint,data-th-onbeforeprint}] [1000]: org.thymeleaf.standard.processor.StandardDOMEventAttributeTagProcessor
[THYMELEAF]             * [* {th:oncanplaythrough,data-th-oncanplaythrough}] [1000]: org.thymeleaf.standard.processor.StandardDOMEventAttributeTagProcessor
[THYMELEAF]             * [* {th:onstalled,data-th-onstalled}] [1000]: org.thymeleaf.standard.processor.StandardDOMEventAttributeTagProcessor
[THYMELEAF]             * [* {th:ondragover,data-th-ondragover}] [1000]: org.thymeleaf.standard.processor.StandardDOMEventAttributeTagProcessor
[THYMELEAF]             * [* {th:onmouseout,data-th-onmouseout}] [1000]: org.thymeleaf.standard.processor.StandardDOMEventAttributeTagProcessor
[THYMELEAF]             * [* {th:onreset,data-th-onreset}] [1000]: org.thymeleaf.standard.processor.StandardDOMEventAttributeTagProcessor
[THYMELEAF]             * [* {th:onratechange,data-th-onratechange}] [1000]: org.thymeleaf.standard.processor.StandardDOMEventAttributeTagProcessor
[THYMELEAF]             * [* {th:onkeyup,data-th-onkeyup}] [1000]: org.thymeleaf.standard.processor.StandardDOMEventAttributeTagProcessor
[THYMELEAF]             * [* {th:onformchange,data-th-onformchange}] [1000]: org.thymeleaf.standard.processor.StandardDOMEventAttributeTagProcessor
[THYMELEAF]             * [* {th:onmousewheel,data-th-onmousewheel}] [1000]: org.thymeleaf.standard.processor.StandardDOMEventAttributeTagProcessor
[THYMELEAF]             * [* {th:onfocus,data-th-onfocus}] [1000]: org.thymeleaf.standard.processor.StandardDOMEventAttributeTagProcessor
[THYMELEAF]             * [* {th:onemptied,data-th-onemptied}] [1000]: org.thymeleaf.standard.processor.StandardDOMEventAttributeTagProcessor
[THYMELEAF]             * [* {th:ondurationchange,data-th-ondurationchange}] [1000]: org.thymeleaf.standard.processor.StandardDOMEventAttributeTagProcessor
[THYMELEAF]             * [* {th:onmouseup,data-th-onmouseup}] [1000]: org.thymeleaf.standard.processor.StandardDOMEventAttributeTagProcessor
[THYMELEAF]             * [* {th:href,data-th-href}] [1000]: org.thymeleaf.standard.processor.StandardHrefTagProcessor
[THYMELEAF]             * [* {th:inline,data-th-inline}] [1000]: org.thymeleaf.standard.processor.StandardInlineHTMLTagProcessor
[THYMELEAF]             * [* {th:method,data-th-method}] [1000]: org.thymeleaf.standard.processor.StandardMethodTagProcessor
[THYMELEAF]             * [* {th:name,data-th-name}] [1000]: org.thymeleaf.standard.processor.StandardNonRemovableAttributeTagProcessor
[THYMELEAF]             * [* {th:type,data-th-type}] [1000]: org.thymeleaf.standard.processor.StandardNonRemovableAttributeTagProcessor
[THYMELEAF]             * [* {th:title,data-th-title}] [1000]: org.thymeleaf.standard.processor.StandardRemovableAttributeTagProcessor
[THYMELEAF]             * [* {th:target,data-th-target}] [1000]: org.thymeleaf.standard.processor.StandardRemovableAttributeTagProcessor
[THYMELEAF]             * [* {th:width,data-th-width}] [1000]: org.thymeleaf.standard.processor.StandardRemovableAttributeTagProcessor
[THYMELEAF]             * [* {th:frameborder,data-th-frameborder}] [1000]: org.thymeleaf.standard.processor.StandardRemovableAttributeTagProcessor
[THYMELEAF]             * [* {th:style,data-th-style}] [1000]: org.thymeleaf.standard.processor.StandardRemovableAttributeTagProcessor
[THYMELEAF]             * [* {th:marginwidth,data-th-marginwidth}] [1000]: org.thymeleaf.standard.processor.StandardRemovableAttributeTagProcessor
[THYMELEAF]             * [* {th:formmethod,data-th-formmethod}] [1000]: org.thymeleaf.standard.processor.StandardRemovableAttributeTagProcessor
[THYMELEAF]             * [* {th:border,data-th-border}] [1000]: org.thymeleaf.standard.processor.StandardRemovableAttributeTagProcessor
[THYMELEAF]             * [* {th:alt,data-th-alt}] [1000]: org.thymeleaf.standard.processor.StandardRemovableAttributeTagProcessor
[THYMELEAF]             * [* {th:draggable,data-th-draggable}] [1000]: org.thymeleaf.standard.processor.StandardRemovableAttributeTagProcessor
[THYMELEAF]             * [* {th:cellpadding,data-th-cellpadding}] [1000]: org.thymeleaf.standard.processor.StandardRemovableAttributeTagProcessor
[THYMELEAF]             * [* {th:rows,data-th-rows}] [1000]: org.thymeleaf.standard.processor.StandardRemovableAttributeTagProcessor
[THYMELEAF]             * [* {th:archive,data-th-archive}] [1000]: org.thymeleaf.standard.processor.StandardRemovableAttributeTagProcessor
[THYMELEAF]             * [* {th:rel,data-th-rel}] [1000]: org.thymeleaf.standard.processor.StandardRemovableAttributeTagProcessor
[THYMELEAF]             * [* {th:codetype,data-th-codetype}] [1000]: org.thymeleaf.standard.processor.StandardRemovableAttributeTagProcessor
[THYMELEAF]             * [* {th:bgcolor,data-th-bgcolor}] [1000]: org.thymeleaf.standard.processor.StandardRemovableAttributeTagProcessor
[THYMELEAF]             * [* {th:start,data-th-start}] [1000]: org.thymeleaf.standard.processor.StandardRemovableAttributeTagProcessor
[THYMELEAF]             * [* {th:cite,data-th-cite}] [1000]: org.thymeleaf.standard.processor.StandardRemovableAttributeTagProcessor
[THYMELEAF]             * [* {th:align,data-th-align}] [1000]: org.thymeleaf.standard.processor.StandardRemovableAttributeTagProcessor
[THYMELEAF]             * [* {th:class,data-th-class}] [1000]: org.thymeleaf.standard.processor.StandardRemovableAttributeTagProcessor
[THYMELEAF]             * [* {th:usemap,data-th-usemap}] [1000]: org.thymeleaf.standard.processor.StandardRemovableAttributeTagProcessor
[THYMELEAF]             * [* {th:keytype,data-th-keytype}] [1000]: org.thymeleaf.standard.processor.StandardRemovableAttributeTagProcessor
[THYMELEAF]             * [* {th:codebase,data-th-codebase}] [1000]: org.thymeleaf.standard.processor.StandardRemovableAttributeTagProcessor
[THYMELEAF]             * [* {th:radiogroup,data-th-radiogroup}] [1000]: org.thymeleaf.standard.processor.StandardRemovableAttributeTagProcessor
[THYMELEAF]             * [* {th:colspan,data-th-colspan}] [1000]: org.thymeleaf.standard.processor.StandardRemovableAttributeTagProcessor
[THYMELEAF]             * [* {th:rev,data-th-rev}] [1000]: org.thymeleaf.standard.processor.StandardRemovableAttributeTagProcessor
[THYMELEAF]             * [* {th:optimum,data-th-optimum}] [1000]: org.thymeleaf.standard.processor.StandardRemovableAttributeTagProcessor
[THYMELEAF]             * [* {th:list,data-th-list}] [1000]: org.thymeleaf.standard.processor.StandardRemovableAttributeTagProcessor
[THYMELEAF]             * [* {th:tabindex,data-th-tabindex}] [1000]: org.thymeleaf.standard.processor.StandardRemovableAttributeTagProcessor
[THYMELEAF]             * [* {th:audio,data-th-audio}] [1000]: org.thymeleaf.standard.processor.StandardRemovableAttributeTagProcessor
[THYMELEAF]             * [* {th:poster,data-th-poster}] [1000]: org.thymeleaf.standard.processor.StandardRemovableAttributeTagProcessor
[THYMELEAF]             * [* {th:formenctype,data-th-formenctype}] [1000]: org.thymeleaf.standard.processor.StandardRemovableAttributeTagProcessor
[THYMELEAF]             * [* {th:summary,data-th-summary}] [1000]: org.thymeleaf.standard.processor.StandardRemovableAttributeTagProcessor
[THYMELEAF]             * [* {th:hspace,data-th-hspace}] [1000]: org.thymeleaf.standard.processor.StandardRemovableAttributeTagProcessor
[THYMELEAF]             * [* {th:step,data-th-step}] [1000]: org.thymeleaf.standard.processor.StandardRemovableAttributeTagProcessor
[THYMELEAF]             * [* {th:accesskey,data-th-accesskey}] [1000]: org.thymeleaf.standard.processor.StandardRemovableAttributeTagProcessor
[THYMELEAF]             * [* {th:placeholder,data-th-placeholder}] [1000]: org.thymeleaf.standard.processor.StandardRemovableAttributeTagProcessor
[THYMELEAF]             * [* {th:formaction,data-th-formaction}] [1000]: org.thymeleaf.standard.processor.StandardRemovableAttributeTagProcessor
[THYMELEAF]             * [* {th:headers,data-th-headers}] [1000]: org.thymeleaf.standard.processor.StandardRemovableAttributeTagProcessor
[THYMELEAF]             * [* {th:id,data-th-id}] [1000]: org.thymeleaf.standard.processor.StandardRemovableAttributeTagProcessor
[THYMELEAF]             * [* {th:high,data-th-high}] [1000]: org.thymeleaf.standard.processor.StandardRemovableAttributeTagProcessor
[THYMELEAF]             * [* {th:media,data-th-media}] [1000]: org.thymeleaf.standard.processor.StandardRemovableAttributeTagProcessor
[THYMELEAF]             * [* {th:rules,data-th-rules}] [1000]: org.thymeleaf.standard.processor.StandardRemovableAttributeTagProcessor
[THYMELEAF]             * [* {th:scrolling,data-th-scrolling}] [1000]: org.thymeleaf.standard.processor.StandardRemovableAttributeTagProcessor
[THYMELEAF]             * [* {th:accept,data-th-accept}] [1000]: org.thymeleaf.standard.processor.StandardRemovableAttributeTagProcessor
[THYMELEAF]             * [* {th:scheme,data-th-scheme}] [1000]: org.thymeleaf.standard.processor.StandardRemovableAttributeTagProcessor
[THYMELEAF]             * [* {th:for,data-th-for}] [1000]: org.thymeleaf.standard.processor.StandardRemovableAttributeTagProcessor
[THYMELEAF]             * [* {th:axis,data-th-axis}] [1000]: org.thymeleaf.standard.processor.StandardRemovableAttributeTagProcessor
[THYMELEAF]             * [* {th:autocomplete,data-th-autocomplete}] [1000]: org.thymeleaf.standard.processor.StandardRemovableAttributeTagProcessor
[THYMELEAF]             * [* {th:http-equiv,data-th-http-equiv}] [1000]: org.thymeleaf.standard.processor.StandardRemovableAttributeTagProcessor
[THYMELEAF]             * [* {th:longdesc,data-th-longdesc}] [1000]: org.thymeleaf.standard.processor.StandardRemovableAttributeTagProcessor
[THYMELEAF]             * [* {th:preload,data-th-preload}] [1000]: org.thymeleaf.standard.processor.StandardRemovableAttributeTagProcessor
[THYMELEAF]             * [* {th:low,data-th-low}] [1000]: org.thymeleaf.standard.processor.StandardRemovableAttributeTagProcessor
[THYMELEAF]             * [* {th:abbr,data-th-abbr}] [1000]: org.thymeleaf.standard.processor.StandardRemovableAttributeTagProcessor
[THYMELEAF]             * [* {th:height,data-th-height}] [1000]: org.thymeleaf.standard.processor.StandardRemovableAttributeTagProcessor
[THYMELEAF]             * [* {th:datetime,data-th-datetime}] [1000]: org.thymeleaf.standard.processor.StandardRemovableAttributeTagProcessor
[THYMELEAF]             * [* {th:scope,data-th-scope}] [1000]: org.thymeleaf.standard.processor.StandardRemovableAttributeTagProcessor
[THYMELEAF]             * [* {th:max,data-th-max}] [1000]: org.thymeleaf.standard.processor.StandardRemovableAttributeTagProcessor
[THYMELEAF]             * [* {th:spellcheck,data-th-spellcheck}] [1000]: org.thymeleaf.standard.processor.StandardRemovableAttributeTagProcessor
[THYMELEAF]             * [* {th:dir,data-th-dir}] [1000]: org.thymeleaf.standard.processor.StandardRemovableAttributeTagProcessor
[THYMELEAF]             * [* {th:sandbox,data-th-sandbox}] [1000]: org.thymeleaf.standard.processor.StandardRemovableAttributeTagProcessor
[THYMELEAF]             * [* {th:accept-charset,data-th-accept-charset}] [1000]: org.thymeleaf.standard.processor.StandardRemovableAttributeTagProcessor
[THYMELEAF]             * [* {th:manifest,data-th-manifest}] [1000]: org.thymeleaf.standard.processor.StandardRemovableAttributeTagProcessor
[THYMELEAF]             * [* {th:vspace,data-th-vspace}] [1000]: org.thymeleaf.standard.processor.StandardRemovableAttributeTagProcessor
[THYMELEAF]             * [* {th:label,data-th-label}] [1000]: org.thymeleaf.standard.processor.StandardRemovableAttributeTagProcessor
[THYMELEAF]             * [* {th:challenge,data-th-challenge}] [1000]: org.thymeleaf.standard.processor.StandardRemovableAttributeTagProcessor
[THYMELEAF]             * [* {th:sizes,data-th-sizes}] [1000]: org.thymeleaf.standard.processor.StandardRemovableAttributeTagProcessor
[THYMELEAF]             * [* {th:rowspan,data-th-rowspan}] [1000]: org.thymeleaf.standard.processor.StandardRemovableAttributeTagProcessor
[THYMELEAF]             * [* {th:cols,data-th-cols}] [1000]: org.thymeleaf.standard.processor.StandardRemovableAttributeTagProcessor
[THYMELEAF]             * [* {th:kind,data-th-kind}] [1000]: org.thymeleaf.standard.processor.StandardRemovableAttributeTagProcessor
[THYMELEAF]             * [* {th:marginheight,data-th-marginheight}] [1000]: org.thymeleaf.standard.processor.StandardRemovableAttributeTagProcessor
[THYMELEAF]             * [* {th:dropzone,data-th-dropzone}] [1000]: org.thymeleaf.standard.processor.StandardRemovableAttributeTagProcessor
[THYMELEAF]             * [* {th:compact,data-th-compact}] [1000]: org.thymeleaf.standard.processor.StandardRemovableAttributeTagProcessor
[THYMELEAF]             * [* {th:background,data-th-background}] [1000]: org.thymeleaf.standard.processor.StandardRemovableAttributeTagProcessor
[THYMELEAF]             * [* {th:min,data-th-min}] [1000]: org.thymeleaf.standard.processor.StandardRemovableAttributeTagProcessor
[THYMELEAF]             * [* {th:standby,data-th-standby}] [1000]: org.thymeleaf.standard.processor.StandardRemovableAttributeTagProcessor
[THYMELEAF]             * [* {th:contenteditable,data-th-contenteditable}] [1000]: org.thymeleaf.standard.processor.StandardRemovableAttributeTagProcessor
[THYMELEAF]             * [* {th:classid,data-th-classid}] [1000]: org.thymeleaf.standard.processor.StandardRemovableAttributeTagProcessor
[THYMELEAF]             * [* {th:pattern,data-th-pattern}] [1000]: org.thymeleaf.standard.processor.StandardRemovableAttributeTagProcessor
[THYMELEAF]             * [* {th:content,data-th-content}] [1000]: org.thymeleaf.standard.processor.StandardRemovableAttributeTagProcessor
[THYMELEAF]             * [* {th:size,data-th-size}] [1000]: org.thymeleaf.standard.processor.StandardRemovableAttributeTagProcessor
[THYMELEAF]             * [* {th:span,data-th-span}] [1000]: org.thymeleaf.standard.processor.StandardRemovableAttributeTagProcessor
[THYMELEAF]             * [* {th:icon,data-th-icon}] [1000]: org.thymeleaf.standard.processor.StandardRemovableAttributeTagProcessor
[THYMELEAF]             * [* {th:maxlength,data-th-maxlength}] [1000]: org.thymeleaf.standard.processor.StandardRemovableAttributeTagProcessor
[THYMELEAF]             * [* {th:frame,data-th-frame}] [1000]: org.thymeleaf.standard.processor.StandardRemovableAttributeTagProcessor
[THYMELEAF]             * [* {th:cellspacing,data-th-cellspacing}] [1000]: org.thymeleaf.standard.processor.StandardRemovableAttributeTagProcessor
[THYMELEAF]             * [* {th:charset,data-th-charset}] [1000]: org.thymeleaf.standard.processor.StandardRemovableAttributeTagProcessor
[THYMELEAF]             * [* {th:form,data-th-form}] [1000]: org.thymeleaf.standard.processor.StandardRemovableAttributeTagProcessor
[THYMELEAF]             * [* {th:enctype,data-th-enctype}] [1000]: org.thymeleaf.standard.processor.StandardRemovableAttributeTagProcessor
[THYMELEAF]             * [* {th:lang,data-th-lang}] [1000]: org.thymeleaf.standard.processor.StandardRemovableAttributeTagProcessor
[THYMELEAF]             * [* {th:formtarget,data-th-formtarget}] [1000]: org.thymeleaf.standard.processor.StandardRemovableAttributeTagProcessor
[THYMELEAF]             * [* {th:data,data-th-data}] [1000]: org.thymeleaf.standard.processor.StandardRemovableAttributeTagProcessor
[THYMELEAF]             * [* {th:valuetype,data-th-valuetype}] [1000]: org.thymeleaf.standard.processor.StandardRemovableAttributeTagProcessor
[THYMELEAF]             * [* {th:contextmenu,data-th-contextmenu}] [1000]: org.thymeleaf.standard.processor.StandardRemovableAttributeTagProcessor
[THYMELEAF]             * [* {th:srclang,data-th-srclang}] [1000]: org.thymeleaf.standard.processor.StandardRemovableAttributeTagProcessor
[THYMELEAF]             * [* {th:wrap,data-th-wrap}] [1000]: org.thymeleaf.standard.processor.StandardRemovableAttributeTagProcessor
[THYMELEAF]             * [* {th:hreflang,data-th-hreflang}] [1000]: org.thymeleaf.standard.processor.StandardRemovableAttributeTagProcessor
[THYMELEAF]             * [* {th:src,data-th-src}] [1000]: org.thymeleaf.standard.processor.StandardSrcTagProcessor
[THYMELEAF]             * [* {th:value,data-th-value}] [1000]: org.thymeleaf.standard.processor.StandardValueTagProcessor
[THYMELEAF]             * [* {th:xmlbase,data-th-xmlbase}] [1000]: org.thymeleaf.standard.processor.StandardXmlBaseTagProcessor
[THYMELEAF]             * [* {th:xmllang,data-th-xmllang}] [1000]: org.thymeleaf.standard.processor.StandardXmlLangTagProcessor
[THYMELEAF]             * [* {xmlns:th}] [1000]: org.thymeleaf.standard.processor.StandardXmlNsTagProcessor
[THYMELEAF]             * [* {th:xmlspace,data-th-xmlspace}] [1000]: org.thymeleaf.standard.processor.StandardXmlSpaceTagProcessor
[THYMELEAF]             * [* {th:classappend,data-th-classappend}] [1100]: org.thymeleaf.standard.processor.StandardClassappendTagProcessor
[THYMELEAF]             * [* {th:styleappend,data-th-styleappend}] [1100]: org.thymeleaf.standard.processor.StandardStyleappendTagProcessor
[THYMELEAF]             * [* {th:text,data-th-text}] [1300]: org.thymeleaf.standard.processor.StandardTextTagProcessor
[THYMELEAF]             * [* {th:utext,data-th-utext}] [1400]: org.thymeleaf.standard.processor.StandardUtextTagProcessor
[THYMELEAF]             * [* {th:fragment,data-th-fragment}] [1500]: org.thymeleaf.standard.processor.StandardFragmentTagProcessor
[THYMELEAF]             * [* {th:assert,data-th-assert}] [1550]: org.thymeleaf.standard.processor.StandardAssertTagProcessor
[THYMELEAF]             * [* {th:remove,data-th-remove}] [1600]: org.thymeleaf.standard.processor.StandardRemoveTagProcessor
[THYMELEAF]             * [* {th:ref,data-th-ref}] [10000]: org.thymeleaf.standard.processor.StandardRefAttributeTagProcessor
[THYMELEAF]             * [{th:block,th-block} *] [100000]: org.thymeleaf.standard.processor.StandardBlockTagProcessor
[THYMELEAF]             * [* th:*] [2147483647]: org.thymeleaf.standard.processor.StandardDefaultAttributesTagProcessor
[THYMELEAF]         * Text Processors by [precedence]:
[THYMELEAF]             * [1000]: org.thymeleaf.standard.processor.StandardInliningTextProcessor
[THYMELEAF]         * DOCTYPE Processors by [precedence]:
[THYMELEAF]             * [1000]: org.thymeleaf.standard.processor.StandardTranslationDocTypeProcessor
[THYMELEAF]         * CDATA Section Processors by [precedence]:
[THYMELEAF]             * [1000]: org.thymeleaf.standard.processor.StandardInliningCDATASectionProcessor
[THYMELEAF]         * Comment Processors by [precedence]:
[THYMELEAF]             * [1000]: org.thymeleaf.standard.processor.StandardInliningCommentProcessor
[THYMELEAF]             * [1100]: org.thymeleaf.standard.processor.StandardConditionalCommentProcessor
[THYMELEAF]     * Processors for Template Mode: XML
[THYMELEAF]         * Element Tag Processors by [matching element and attribute name] [precedence]:
[THYMELEAF]             * [* {th:include}] [100]: org.thymeleaf.standard.processor.StandardIncludeTagProcessor
[THYMELEAF]             * [* {th:insert}] [100]: org.thymeleaf.standard.processor.StandardInsertTagProcessor
[THYMELEAF]             * [* {th:replace}] [100]: org.thymeleaf.standard.processor.StandardReplaceTagProcessor
[THYMELEAF]             * [* {th:each}] [200]: com.intuit.karate.template.KarateEachTagProcessor
[THYMELEAF]             * [* {th:switch}] [250]: org.thymeleaf.standard.processor.StandardSwitchTagProcessor
[THYMELEAF]             * [* {th:case}] [275]: org.thymeleaf.standard.processor.StandardCaseTagProcessor
[THYMELEAF]             * [* {th:if}] [300]: org.thymeleaf.standard.processor.StandardIfTagProcessor
[THYMELEAF]             * [* {th:unless}] [400]: org.thymeleaf.standard.processor.StandardUnlessTagProcessor
[THYMELEAF]             * [* {th:object}] [500]: org.thymeleaf.standard.processor.StandardObjectTagProcessor
[THYMELEAF]             * [* {th:with}] [600]: com.intuit.karate.template.KarateWithTagProcessor
[THYMELEAF]             * [* {th:attr}] [700]: com.intuit.karate.template.KarateAttributeTagProcessor.KarateAttrTagProcessor
[THYMELEAF]             * [* {th:attrappend}] [900]: com.intuit.karate.template.KarateAttributeTagProcessor.KarateAttrappendTagProcessor
[THYMELEAF]             * [* {th:attrprepend}] [900]: com.intuit.karate.template.KarateAttributeTagProcessor.KarateAttrprependTagProcessor
[THYMELEAF]             * [* {th:inline}] [1000]: org.thymeleaf.standard.processor.StandardInlineXMLTagProcessor
[THYMELEAF]             * [* {xmlns:th}] [1000]: org.thymeleaf.standard.processor.StandardXmlNsTagProcessor
[THYMELEAF]             * [* {th:text}] [1300]: org.thymeleaf.standard.processor.StandardTextTagProcessor
[THYMELEAF]             * [* {th:utext}] [1400]: org.thymeleaf.standard.processor.StandardUtextTagProcessor
[THYMELEAF]             * [* {th:fragment}] [1500]: org.thymeleaf.standard.processor.StandardFragmentTagProcessor
[THYMELEAF]             * [* {th:assert}] [1550]: org.thymeleaf.standard.processor.StandardAssertTagProcessor
[THYMELEAF]             * [* {th:remove}] [1600]: org.thymeleaf.standard.processor.StandardRemoveTagProcessor
[THYMELEAF]             * [* {th:ref}] [10000]: org.thymeleaf.standard.processor.StandardRefAttributeTagProcessor
[THYMELEAF]             * [{th:block} *] [100000]: org.thymeleaf.standard.processor.StandardBlockTagProcessor
[THYMELEAF]             * [* th:*] [2147483647]: org.thymeleaf.standard.processor.StandardDefaultAttributesTagProcessor
[THYMELEAF]         * Text Processors by [precedence]:
[THYMELEAF]             * [1000]: org.thymeleaf.standard.processor.StandardInliningTextProcessor
[THYMELEAF]         * CDATA Section Processors by [precedence]:
[THYMELEAF]             * [1000]: org.thymeleaf.standard.processor.StandardInliningCDATASectionProcessor
[THYMELEAF]         * Comment Processors by [precedence]:
[THYMELEAF]             * [1000]: org.thymeleaf.standard.processor.StandardInliningCommentProcessor
[THYMELEAF]     * Processors for Template Mode: TEXT
[THYMELEAF]         * Element Tag Processors by [matching element and attribute name] [precedence]:
[THYMELEAF]             * [* {th:insert}] [100]: org.thymeleaf.standard.processor.StandardInsertTagProcessor
[THYMELEAF]             * [* {th:replace}] [100]: org.thymeleaf.standard.processor.StandardReplaceTagProcessor
[THYMELEAF]             * [* {th:each}] [200]: com.intuit.karate.template.KarateEachTagProcessor
[THYMELEAF]             * [* {th:switch}] [250]: org.thymeleaf.standard.processor.StandardSwitchTagProcessor
[THYMELEAF]             * [* {th:case}] [275]: org.thymeleaf.standard.processor.StandardCaseTagProcessor
[THYMELEAF]             * [* {th:if}] [300]: org.thymeleaf.standard.processor.StandardIfTagProcessor
[THYMELEAF]             * [* {th:unless}] [400]: org.thymeleaf.standard.processor.StandardUnlessTagProcessor
[THYMELEAF]             * [* {th:object}] [500]: org.thymeleaf.standard.processor.StandardObjectTagProcessor
[THYMELEAF]             * [* {th:with}] [600]: com.intuit.karate.template.KarateWithTagProcessor
[THYMELEAF]             * [* {th:inline}] [1000]: org.thymeleaf.standard.processor.StandardInlineTextualTagProcessor
[THYMELEAF]             * [* {th:text}] [1300]: org.thymeleaf.standard.processor.StandardTextTagProcessor
[THYMELEAF]             * [* {th:utext}] [1400]: org.thymeleaf.standard.processor.StandardUtextTagProcessor
[THYMELEAF]             * [* {th:assert}] [1550]: org.thymeleaf.standard.processor.StandardAssertTagProcessor
[THYMELEAF]             * [* {th:remove}] [1600]: org.thymeleaf.standard.processor.StandardRemoveTagProcessor
[THYMELEAF]             * [* 100000] [org.thymeleaf.standard.processor.StandardBlockTagProcessor]: {}
[THYMELEAF]             * [{th:block} *] [100000]: org.thymeleaf.standard.processor.StandardBlockTagProcessor
[THYMELEAF]         * Text Processors by [precedence]:
[THYMELEAF]             * [1000]: org.thymeleaf.standard.processor.StandardInliningTextProcessor
[THYMELEAF]     * Processors for Template Mode: JAVASCRIPT
[THYMELEAF]         * Element Tag Processors by [matching element and attribute name] [precedence]:
[THYMELEAF]             * [* {th:insert}] [100]: org.thymeleaf.standard.processor.StandardInsertTagProcessor
[THYMELEAF]             * [* {th:replace}] [100]: org.thymeleaf.standard.processor.StandardReplaceTagProcessor
[THYMELEAF]             * [* {th:each}] [200]: com.intuit.karate.template.KarateEachTagProcessor
[THYMELEAF]             * [* {th:switch}] [250]: org.thymeleaf.standard.processor.StandardSwitchTagProcessor
[THYMELEAF]             * [* {th:case}] [275]: org.thymeleaf.standard.processor.StandardCaseTagProcessor
[THYMELEAF]             * [* {th:if}] [300]: org.thymeleaf.standard.processor.StandardIfTagProcessor
[THYMELEAF]             * [* {th:unless}] [400]: org.thymeleaf.standard.processor.StandardUnlessTagProcessor
[THYMELEAF]             * [* {th:object}] [500]: org.thymeleaf.standard.processor.StandardObjectTagProcessor
[THYMELEAF]             * [* {th:with}] [600]: com.intuit.karate.template.KarateWithTagProcessor
[THYMELEAF]             * [* {th:inline}] [1000]: org.thymeleaf.standard.processor.StandardInlineTextualTagProcessor
[THYMELEAF]             * [* {th:text}] [1300]: org.thymeleaf.standard.processor.StandardTextTagProcessor
[THYMELEAF]             * [* {th:utext}] [1400]: org.thymeleaf.standard.processor.StandardUtextTagProcessor
[THYMELEAF]             * [* {th:assert}] [1550]: org.thymeleaf.standard.processor.StandardAssertTagProcessor
[THYMELEAF]             * [* {th:remove}] [1600]: org.thymeleaf.standard.processor.StandardRemoveTagProcessor
[THYMELEAF]             * [* 100000] [org.thymeleaf.standard.processor.StandardBlockTagProcessor]: {}
[THYMELEAF]             * [{th:block} *] [100000]: org.thymeleaf.standard.processor.StandardBlockTagProcessor
[THYMELEAF]         * Text Processors by [precedence]:
[THYMELEAF]             * [1000]: org.thymeleaf.standard.processor.StandardInliningTextProcessor
[THYMELEAF]     * Processors for Template Mode: CSS
[THYMELEAF]         * Element Tag Processors by [matching element and attribute name] [precedence]:
[THYMELEAF]             * [* {th:insert}] [100]: org.thymeleaf.standard.processor.StandardInsertTagProcessor
[THYMELEAF]             * [* {th:replace}] [100]: org.thymeleaf.standard.processor.StandardReplaceTagProcessor
[THYMELEAF]             * [* {th:each}] [200]: com.intuit.karate.template.KarateEachTagProcessor
[THYMELEAF]             * [* {th:switch}] [250]: org.thymeleaf.standard.processor.StandardSwitchTagProcessor
[THYMELEAF]             * [* {th:case}] [275]: org.thymeleaf.standard.processor.StandardCaseTagProcessor
[THYMELEAF]             * [* {th:if}] [300]: org.thymeleaf.standard.processor.StandardIfTagProcessor
[THYMELEAF]             * [* {th:unless}] [400]: org.thymeleaf.standard.processor.StandardUnlessTagProcessor
[THYMELEAF]             * [* {th:object}] [500]: org.thymeleaf.standard.processor.StandardObjectTagProcessor
[THYMELEAF]             * [* {th:with}] [600]: com.intuit.karate.template.KarateWithTagProcessor
[THYMELEAF]             * [* {th:inline}] [1000]: org.thymeleaf.standard.processor.StandardInlineTextualTagProcessor
[THYMELEAF]             * [* {th:text}] [1300]: org.thymeleaf.standard.processor.StandardTextTagProcessor
[THYMELEAF]             * [* {th:utext}] [1400]: org.thymeleaf.standard.processor.StandardUtextTagProcessor
[THYMELEAF]             * [* {th:assert}] [1550]: org.thymeleaf.standard.processor.StandardAssertTagProcessor
[THYMELEAF]             * [* {th:remove}] [1600]: org.thymeleaf.standard.processor.StandardRemoveTagProcessor
[THYMELEAF]             * [* 100000] [org.thymeleaf.standard.processor.StandardBlockTagProcessor]: {}
[THYMELEAF]             * [{th:block} *] [100000]: org.thymeleaf.standard.processor.StandardBlockTagProcessor
[THYMELEAF]         * Text Processors by [precedence]:
[THYMELEAF]             * [1000]: org.thymeleaf.standard.processor.StandardInliningTextProcessor
[THYMELEAF]     * Expression Objects:
[THYMELEAF]         * #ctx
[THYMELEAF]         * #root
[THYMELEAF]         * #vars
[THYMELEAF]         * #object
[THYMELEAF]         * #locale
[THYMELEAF]         * #conversions
[THYMELEAF]         * #uris
[THYMELEAF]         * #temporals
[THYMELEAF]         * #calendars
[THYMELEAF]         * #dates
[THYMELEAF]         * #bools
[THYMELEAF]         * #numbers
[THYMELEAF]         * #objects
[THYMELEAF]         * #strings
[THYMELEAF]         * #arrays
[THYMELEAF]         * #lists
[THYMELEAF]         * #sets
[THYMELEAF]         * #maps
[THYMELEAF]         * #aggregates
[THYMELEAF]         * #messages
[THYMELEAF]         * #ids
[THYMELEAF]         * #execInfo
[THYMELEAF]         * #request
[THYMELEAF]         * #response
[THYMELEAF]         * #session
[THYMELEAF]         * #servletContext
[THYMELEAF]     * Execution Attributes:
[THYMELEAF]         * "StandardExpressionParser": com.intuit.karate.template.KarateStandardDialect@2895d1c5
[THYMELEAF]         * "StandardJavaScriptSerializer": org.thymeleaf.standard.serializer.StandardJavaScriptSerializer@1c82c208
[THYMELEAF]         * "StandardCSSSerializer": org.thymeleaf.standard.serializer.StandardCSSSerializer@51d16860
[THYMELEAF]         * "StandardVariableExpressionEvaluator": com.intuit.karate.template.KarateStandardDialect@2895d1c5
[THYMELEAF]         * "StandardConversionService": org.thymeleaf.standard.expression.StandardConversionService@927128d
[THYMELEAF] * Dialect [2 of 2]: karate (com.intuit.karate.template.KarateScriptDialect)
[THYMELEAF]     * Prefix: "ka"
[THYMELEAF]     * Processors for Template Mode: HTML
[THYMELEAF]         * Element Tag Processors by [matching element and attribute name] [precedence]:
[THYMELEAF]             * [* {src}] [1000]: com.intuit.karate.template.KaScriptAttrProcessor
[THYMELEAF]         * Element Model Processors by [matching element and attribute name] [precedence]:
[THYMELEAF]             * [{script} {ka:scope,data-ka-scope}] [1000]: com.intuit.karate.template.KaScriptElemProcessor
[THYMELEAF]             * [* {ka:set,data-ka-set}] [1000]: com.intuit.karate.template.KaSetElemProcessor
[THYMELEAF] TEMPLATE ENGINE CONFIGURED OK
16:40:45.733 [pool-3-thread-1] DEBUG org.thymeleaf.TemplateEngine -- [THYMELEAF] TEMPLATE ENGINE INITIALIZED
---------------------------------------------------------
feature: classpath:api/producto/3_insertar sad path.feature
scenarios:  8 | passed:  8 | failed:  0 | time: 0.1354
---------------------------------------------------------

16:40:45.907 [pool-3-thread-1] INFO com.intuit.karate.Suite -- <<pass>> feature 5 of 11 (6 remaining) classpath:api/producto/3_insertar sad path.feature
16:40:45.917 [pool-3-thread-1] DEBUG org.thymeleaf.TemplateEngine -- [THYMELEAF] INITIALIZING TEMPLATE ENGINE
16:40:45.927 [pool-3-thread-1] DEBUG org.thymeleaf.TemplateEngine.CONFIG -- Initializing Thymeleaf Template engine configuration...
[THYMELEAF] TEMPLATE ENGINE CONFIGURATION:
[THYMELEAF] * Thymeleaf version: 3.1.2.RELEASE (built 2023-07-30T19:25:50+0000)
[THYMELEAF] * Cache Manager implementation: org.thymeleaf.cache.StandardCacheManager
[THYMELEAF] * Template resolvers:
[THYMELEAF]     * [1] com.intuit.karate.template.ResourceHtmlTemplateResolver
[THYMELEAF] * Message resolvers:
[THYMELEAF]     * org.thymeleaf.messageresolver.StandardMessageResolver
[THYMELEAF] * Link builders:
[THYMELEAF]     * org.thymeleaf.linkbuilder.StandardLinkBuilder
[THYMELEAF] * Dialect [1 of 2]: Standard (com.intuit.karate.template.KarateStandardDialect)
[THYMELEAF]     * Prefix: "th"
[THYMELEAF]     * Processors for Template Mode: HTML
[THYMELEAF]         * Element Tag Processors by [matching element and attribute name] [precedence]:
[THYMELEAF]             * [* {th:include,data-th-include}] [100]: org.thymeleaf.standard.processor.StandardIncludeTagProcessor
[THYMELEAF]             * [* {th:insert,data-th-insert}] [100]: org.thymeleaf.standard.processor.StandardInsertTagProcessor
[THYMELEAF]             * [* {th:replace,data-th-replace}] [100]: org.thymeleaf.standard.processor.StandardReplaceTagProcessor
[THYMELEAF]             * [* {th:each,data-th-each}] [200]: com.intuit.karate.template.KarateEachTagProcessor
[THYMELEAF]             * [* {th:switch,data-th-switch}] [250]: org.thymeleaf.standard.processor.StandardSwitchTagProcessor
[THYMELEAF]             * [* {th:case,data-th-case}] [275]: org.thymeleaf.standard.processor.StandardCaseTagProcessor
[THYMELEAF]             * [* {th:if,data-th-if}] [300]: org.thymeleaf.standard.processor.StandardIfTagProcessor
[THYMELEAF]             * [* {th:unless,data-th-unless}] [400]: org.thymeleaf.standard.processor.StandardUnlessTagProcessor
[THYMELEAF]             * [* {th:object,data-th-object}] [500]: org.thymeleaf.standard.processor.StandardObjectTagProcessor
[THYMELEAF]             * [* {th:with,data-th-with}] [600]: com.intuit.karate.template.KarateWithTagProcessor
[THYMELEAF]             * [* {th:attr,data-th-attr}] [700]: com.intuit.karate.template.KarateAttributeTagProcessor.KarateAttrTagProcessor
[THYMELEAF]             * [* {th:attrappend,data-th-attrappend}] [900]: com.intuit.karate.template.KarateAttributeTagProcessor.KarateAttrappendTagProcessor
[THYMELEAF]             * [* {th:attrprepend,data-th-attrprepend}] [900]: com.intuit.karate.template.KarateAttributeTagProcessor.KarateAttrprependTagProcessor
[THYMELEAF]             * [* {th:alt-title,data-th-alt-title}] [990]: org.thymeleaf.standard.processor.StandardAltTitleTagProcessor
[THYMELEAF]             * [* {th:lang-xmllang,data-th-lang-xmllang}] [990]: org.thymeleaf.standard.processor.StandardLangXmlLangTagProcessor
[THYMELEAF]             * [* {th:action,data-th-action}] [1000]: org.thymeleaf.standard.processor.StandardActionTagProcessor
[THYMELEAF]             * [* {th:async,data-th-async}] [1000]: org.thymeleaf.standard.processor.StandardConditionalFixedValueTagProcessor
[THYMELEAF]             * [* {th:loop,data-th-loop}] [1000]: org.thymeleaf.standard.processor.StandardConditionalFixedValueTagProcessor
[THYMELEAF]             * [* {th:multiple,data-th-multiple}] [1000]: org.thymeleaf.standard.processor.StandardConditionalFixedValueTagProcessor
[THYMELEAF]             * [* {th:formnovalidate,data-th-formnovalidate}] [1000]: org.thymeleaf.standard.processor.StandardConditionalFixedValueTagProcessor
[THYMELEAF]             * [* {th:pubdate,data-th-pubdate}] [1000]: org.thymeleaf.standard.processor.StandardConditionalFixedValueTagProcessor
[THYMELEAF]             * [* {th:open,data-th-open}] [1000]: org.thymeleaf.standard.processor.StandardConditionalFixedValueTagProcessor
[THYMELEAF]             * [* {th:scoped,data-th-scoped}] [1000]: org.thymeleaf.standard.processor.StandardConditionalFixedValueTagProcessor
[THYMELEAF]             * [* {th:autofocus,data-th-autofocus}] [1000]: org.thymeleaf.standard.processor.StandardConditionalFixedValueTagProcessor
[THYMELEAF]             * [* {th:hidden,data-th-hidden}] [1000]: org.thymeleaf.standard.processor.StandardConditionalFixedValueTagProcessor
[THYMELEAF]             * [* {th:nowrap,data-th-nowrap}] [1000]: org.thymeleaf.standard.processor.StandardConditionalFixedValueTagProcessor
[THYMELEAF]             * [* {th:controls,data-th-controls}] [1000]: org.thymeleaf.standard.processor.StandardConditionalFixedValueTagProcessor
[THYMELEAF]             * [* {th:defer,data-th-defer}] [1000]: org.thymeleaf.standard.processor.StandardConditionalFixedValueTagProcessor
[THYMELEAF]             * [* {th:default,data-th-default}] [1000]: org.thymeleaf.standard.processor.StandardConditionalFixedValueTagProcessor
[THYMELEAF]             * [* {th:checked,data-th-checked}] [1000]: org.thymeleaf.standard.processor.StandardConditionalFixedValueTagProcessor
[THYMELEAF]             * [* {th:disabled,data-th-disabled}] [1000]: org.thymeleaf.standard.processor.StandardConditionalFixedValueTagProcessor
[THYMELEAF]             * [* {th:required,data-th-required}] [1000]: org.thymeleaf.standard.processor.StandardConditionalFixedValueTagProcessor
[THYMELEAF]             * [* {th:reversed,data-th-reversed}] [1000]: org.thymeleaf.standard.processor.StandardConditionalFixedValueTagProcessor
[THYMELEAF]             * [* {th:autoplay,data-th-autoplay}] [1000]: org.thymeleaf.standard.processor.StandardConditionalFixedValueTagProcessor
[THYMELEAF]             * [* {th:seamless,data-th-seamless}] [1000]: org.thymeleaf.standard.processor.StandardConditionalFixedValueTagProcessor
[THYMELEAF]             * [* {th:novalidate,data-th-novalidate}] [1000]: org.thymeleaf.standard.processor.StandardConditionalFixedValueTagProcessor
[THYMELEAF]             * [* {th:selected,data-th-selected}] [1000]: org.thymeleaf.standard.processor.StandardConditionalFixedValueTagProcessor
[THYMELEAF]             * [* {th:declare,data-th-declare}] [1000]: org.thymeleaf.standard.processor.StandardConditionalFixedValueTagProcessor
[THYMELEAF]             * [* {th:ismap,data-th-ismap}] [1000]: org.thymeleaf.standard.processor.StandardConditionalFixedValueTagProcessor
[THYMELEAF]             * [* {th:readonly,data-th-readonly}] [1000]: org.thymeleaf.standard.processor.StandardConditionalFixedValueTagProcessor
[THYMELEAF]             * [* {th:ondurationchange,data-th-ondurationchange}] [1000]: org.thymeleaf.standard.processor.StandardDOMEventAttributeTagProcessor
[THYMELEAF]             * [* {th:onemptied,data-th-onemptied}] [1000]: org.thymeleaf.standard.processor.StandardDOMEventAttributeTagProcessor
[THYMELEAF]             * [* {th:onblur,data-th-onblur}] [1000]: org.thymeleaf.standard.processor.StandardDOMEventAttributeTagProcessor
[THYMELEAF]             * [* {th:onselect,data-th-onselect}] [1000]: org.thymeleaf.standard.processor.StandardDOMEventAttributeTagProcessor
[THYMELEAF]             * [* {th:onpause,data-th-onpause}] [1000]: org.thymeleaf.standard.processor.StandardDOMEventAttributeTagProcessor
[THYMELEAF]             * [* {th:ondrop,data-th-ondrop}] [1000]: org.thymeleaf.standard.processor.StandardDOMEventAttributeTagProcessor
[THYMELEAF]             * [* {th:onstalled,data-th-onstalled}] [1000]: org.thymeleaf.standard.processor.StandardDOMEventAttributeTagProcessor
[THYMELEAF]             * [* {th:ondragleave,data-th-ondragleave}] [1000]: org.thymeleaf.standard.processor.StandardDOMEventAttributeTagProcessor
[THYMELEAF]             * [* {th:onoffline,data-th-onoffline}] [1000]: org.thymeleaf.standard.processor.StandardDOMEventAttributeTagProcessor
[THYMELEAF]             * [* {th:ontimeupdate,data-th-ontimeupdate}] [1000]: org.thymeleaf.standard.processor.StandardDOMEventAttributeTagProcessor
[THYMELEAF]             * [* {th:onkeyup,data-th-onkeyup}] [1000]: org.thymeleaf.standard.processor.StandardDOMEventAttributeTagProcessor
[THYMELEAF]             * [* {th:onpopstate,data-th-onpopstate}] [1000]: org.thymeleaf.standard.processor.StandardDOMEventAttributeTagProcessor
[THYMELEAF]             * [* {th:ondblclick,data-th-ondblclick}] [1000]: org.thymeleaf.standard.processor.StandardDOMEventAttributeTagProcessor
[THYMELEAF]             * [* {th:onstorage,data-th-onstorage}] [1000]: org.thymeleaf.standard.processor.StandardDOMEventAttributeTagProcessor
[THYMELEAF]             * [* {th:onkeydown,data-th-onkeydown}] [1000]: org.thymeleaf.standard.processor.StandardDOMEventAttributeTagProcessor
[THYMELEAF]             * [* {th:onunload,data-th-onunload}] [1000]: org.thymeleaf.standard.processor.StandardDOMEventAttributeTagProcessor
[THYMELEAF]             * [* {th:ondragenter,data-th-ondragenter}] [1000]: org.thymeleaf.standard.processor.StandardDOMEventAttributeTagProcessor
[THYMELEAF]             * [* {th:onerror,data-th-onerror}] [1000]: org.thymeleaf.standard.processor.StandardDOMEventAttributeTagProcessor
[THYMELEAF]             * [* {th:onmousewheel,data-th-onmousewheel}] [1000]: org.thymeleaf.standard.processor.StandardDOMEventAttributeTagProcessor
[THYMELEAF]             * [* {th:onended,data-th-onended}] [1000]: org.thymeleaf.standard.processor.StandardDOMEventAttributeTagProcessor
[THYMELEAF]             * [* {th:oncanplaythrough,data-th-oncanplaythrough}] [1000]: org.thymeleaf.standard.processor.StandardDOMEventAttributeTagProcessor
[THYMELEAF]             * [* {th:ondragover,data-th-ondragover}] [1000]: org.thymeleaf.standard.processor.StandardDOMEventAttributeTagProcessor
[THYMELEAF]             * [* {th:ononline,data-th-ononline}] [1000]: org.thymeleaf.standard.processor.StandardDOMEventAttributeTagProcessor
[THYMELEAF]             * [* {th:onwaiting,data-th-onwaiting}] [1000]: org.thymeleaf.standard.processor.StandardDOMEventAttributeTagProcessor
[THYMELEAF]             * [* {th:onfocus,data-th-onfocus}] [1000]: org.thymeleaf.standard.processor.StandardDOMEventAttributeTagProcessor
[THYMELEAF]             * [* {th:ondragstart,data-th-ondragstart}] [1000]: org.thymeleaf.standard.processor.StandardDOMEventAttributeTagProcessor
[THYMELEAF]             * [* {th:onratechange,data-th-onratechange}] [1000]: org.thymeleaf.standard.processor.StandardDOMEventAttributeTagProcessor
[THYMELEAF]             * [* {th:onprogress,data-th-onprogress}] [1000]: org.thymeleaf.standard.processor.StandardDOMEventAttributeTagProcessor
[THYMELEAF]             * [* {th:onsuspend,data-th-onsuspend}] [1000]: org.thymeleaf.standard.processor.StandardDOMEventAttributeTagProcessor
[THYMELEAF]             * [* {th:onloadeddata,data-th-onloadeddata}] [1000]: org.thymeleaf.standard.processor.StandardDOMEventAttributeTagProcessor
[THYMELEAF]             * [* {th:onplay,data-th-onplay}] [1000]: org.thymeleaf.standard.processor.StandardDOMEventAttributeTagProcessor
[THYMELEAF]             * [* {th:onkeypress,data-th-onkeypress}] [1000]: org.thymeleaf.standard.processor.StandardDOMEventAttributeTagProcessor
[THYMELEAF]             * [* {th:onplaying,data-th-onplaying}] [1000]: org.thymeleaf.standard.processor.StandardDOMEventAttributeTagProcessor
[THYMELEAF]             * [* {th:onseeked,data-th-onseeked}] [1000]: org.thymeleaf.standard.processor.StandardDOMEventAttributeTagProcessor
[THYMELEAF]             * [* {th:onformchange,data-th-onformchange}] [1000]: org.thymeleaf.standard.processor.StandardDOMEventAttributeTagProcessor
[THYMELEAF]             * [* {th:onmousemove,data-th-onmousemove}] [1000]: org.thymeleaf.standard.processor.StandardDOMEventAttributeTagProcessor
[THYMELEAF]             * [* {th:onbeforeprint,data-th-onbeforeprint}] [1000]: org.thymeleaf.standard.processor.StandardDOMEventAttributeTagProcessor
[THYMELEAF]             * [* {th:onmousedown,data-th-onmousedown}] [1000]: org.thymeleaf.standard.processor.StandardDOMEventAttributeTagProcessor
[THYMELEAF]             * [* {th:oninvalid,data-th-oninvalid}] [1000]: org.thymeleaf.standard.processor.StandardDOMEventAttributeTagProcessor
[THYMELEAF]             * [* {th:onchange,data-th-onchange}] [1000]: org.thymeleaf.standard.processor.StandardDOMEventAttributeTagProcessor
[THYMELEAF]             * [* {th:onbeforeunload,data-th-onbeforeunload}] [1000]: org.thymeleaf.standard.processor.StandardDOMEventAttributeTagProcessor
[THYMELEAF]             * [* {th:onforminput,data-th-onforminput}] [1000]: org.thymeleaf.standard.processor.StandardDOMEventAttributeTagProcessor
[THYMELEAF]             * [* {th:ondrag,data-th-ondrag}] [1000]: org.thymeleaf.standard.processor.StandardDOMEventAttributeTagProcessor
[THYMELEAF]             * [* {th:onloadstart,data-th-onloadstart}] [1000]: org.thymeleaf.standard.processor.StandardDOMEventAttributeTagProcessor
[THYMELEAF]             * [* {th:onloadedmetadata,data-th-onloadedmetadata}] [1000]: org.thymeleaf.standard.processor.StandardDOMEventAttributeTagProcessor
[THYMELEAF]             * [* {th:onmouseup,data-th-onmouseup}] [1000]: org.thymeleaf.standard.processor.StandardDOMEventAttributeTagProcessor
[THYMELEAF]             * [* {th:onresize,data-th-onresize}] [1000]: org.thymeleaf.standard.processor.StandardDOMEventAttributeTagProcessor
[THYMELEAF]             * [* {th:onreset,data-th-onreset}] [1000]: org.thymeleaf.standard.processor.StandardDOMEventAttributeTagProcessor
[THYMELEAF]             * [* {th:onscroll,data-th-onscroll}] [1000]: org.thymeleaf.standard.processor.StandardDOMEventAttributeTagProcessor
[THYMELEAF]             * [* {th:onclick,data-th-onclick}] [1000]: org.thymeleaf.standard.processor.StandardDOMEventAttributeTagProcessor
[THYMELEAF]             * [* {th:onseeking,data-th-onseeking}] [1000]: org.thymeleaf.standard.processor.StandardDOMEventAttributeTagProcessor
[THYMELEAF]             * [* {th:oncanplay,data-th-oncanplay}] [1000]: org.thymeleaf.standard.processor.StandardDOMEventAttributeTagProcessor
[THYMELEAF]             * [* {th:onabort,data-th-onabort}] [1000]: org.thymeleaf.standard.processor.StandardDOMEventAttributeTagProcessor
[THYMELEAF]             * [* {th:onmouseout,data-th-onmouseout}] [1000]: org.thymeleaf.standard.processor.StandardDOMEventAttributeTagProcessor
[THYMELEAF]             * [* {th:oncontextmenu,data-th-oncontextmenu}] [1000]: org.thymeleaf.standard.processor.StandardDOMEventAttributeTagProcessor
[THYMELEAF]             * [* {th:onshow,data-th-onshow}] [1000]: org.thymeleaf.standard.processor.StandardDOMEventAttributeTagProcessor
[THYMELEAF]             * [* {th:oninput,data-th-oninput}] [1000]: org.thymeleaf.standard.processor.StandardDOMEventAttributeTagProcessor
[THYMELEAF]             * [* {th:onvolumechange,data-th-onvolumechange}] [1000]: org.thymeleaf.standard.processor.StandardDOMEventAttributeTagProcessor
[THYMELEAF]             * [* {th:ondragend,data-th-ondragend}] [1000]: org.thymeleaf.standard.processor.StandardDOMEventAttributeTagProcessor
[THYMELEAF]             * [* {th:onredo,data-th-onredo}] [1000]: org.thymeleaf.standard.processor.StandardDOMEventAttributeTagProcessor
[THYMELEAF]             * [* {th:onmessage,data-th-onmessage}] [1000]: org.thymeleaf.standard.processor.StandardDOMEventAttributeTagProcessor
[THYMELEAF]             * [* {th:onsubmit,data-th-onsubmit}] [1000]: org.thymeleaf.standard.processor.StandardDOMEventAttributeTagProcessor
[THYMELEAF]             * [* {th:onundo,data-th-onundo}] [1000]: org.thymeleaf.standard.processor.StandardDOMEventAttributeTagProcessor
[THYMELEAF]             * [* {th:onhashchange,data-th-onhashchange}] [1000]: org.thymeleaf.standard.processor.StandardDOMEventAttributeTagProcessor
[THYMELEAF]             * [* {th:onmouseover,data-th-onmouseover}] [1000]: org.thymeleaf.standard.processor.StandardDOMEventAttributeTagProcessor
[THYMELEAF]             * [* {th:onload,data-th-onload}] [1000]: org.thymeleaf.standard.processor.StandardDOMEventAttributeTagProcessor
[THYMELEAF]             * [* {th:onreadystatechange,data-th-onreadystatechange}] [1000]: org.thymeleaf.standard.processor.StandardDOMEventAttributeTagProcessor
[THYMELEAF]             * [* {th:onafterprint,data-th-onafterprint}] [1000]: org.thymeleaf.standard.processor.StandardDOMEventAttributeTagProcessor
[THYMELEAF]             * [* {th:href,data-th-href}] [1000]: org.thymeleaf.standard.processor.StandardHrefTagProcessor
[THYMELEAF]             * [* {th:inline,data-th-inline}] [1000]: org.thymeleaf.standard.processor.StandardInlineHTMLTagProcessor
[THYMELEAF]             * [* {th:method,data-th-method}] [1000]: org.thymeleaf.standard.processor.StandardMethodTagProcessor
[THYMELEAF]             * [* {th:name,data-th-name}] [1000]: org.thymeleaf.standard.processor.StandardNonRemovableAttributeTagProcessor
[THYMELEAF]             * [* {th:type,data-th-type}] [1000]: org.thymeleaf.standard.processor.StandardNonRemovableAttributeTagProcessor
[THYMELEAF]             * [* {th:cellspacing,data-th-cellspacing}] [1000]: org.thymeleaf.standard.processor.StandardRemovableAttributeTagProcessor
[THYMELEAF]             * [* {th:frame,data-th-frame}] [1000]: org.thymeleaf.standard.processor.StandardRemovableAttributeTagProcessor
[THYMELEAF]             * [* {th:autocomplete,data-th-autocomplete}] [1000]: org.thymeleaf.standard.processor.StandardRemovableAttributeTagProcessor
[THYMELEAF]             * [* {th:rules,data-th-rules}] [1000]: org.thymeleaf.standard.processor.StandardRemovableAttributeTagProcessor
[THYMELEAF]             * [* {th:manifest,data-th-manifest}] [1000]: org.thymeleaf.standard.processor.StandardRemovableAttributeTagProcessor
[THYMELEAF]             * [* {th:span,data-th-span}] [1000]: org.thymeleaf.standard.processor.StandardRemovableAttributeTagProcessor
[THYMELEAF]             * [* {th:alt,data-th-alt}] [1000]: org.thymeleaf.standard.processor.StandardRemovableAttributeTagProcessor
[THYMELEAF]             * [* {th:radiogroup,data-th-radiogroup}] [1000]: org.thymeleaf.standard.processor.StandardRemovableAttributeTagProcessor
[THYMELEAF]             * [* {th:rows,data-th-rows}] [1000]: org.thymeleaf.standard.processor.StandardRemovableAttributeTagProcessor
[THYMELEAF]             * [* {th:kind,data-th-kind}] [1000]: org.thymeleaf.standard.processor.StandardRemovableAttributeTagProcessor
[THYMELEAF]             * [* {th:spellcheck,data-th-spellcheck}] [1000]: org.thymeleaf.standard.processor.StandardRemovableAttributeTagProcessor
[THYMELEAF]             * [* {th:step,data-th-step}] [1000]: org.thymeleaf.standard.processor.StandardRemovableAttributeTagProcessor
[THYMELEAF]             * [* {th:placeholder,data-th-placeholder}] [1000]: org.thymeleaf.standard.processor.StandardRemovableAttributeTagProcessor
[THYMELEAF]             * [* {th:classid,data-th-classid}] [1000]: org.thymeleaf.standard.processor.StandardRemovableAttributeTagProcessor
[THYMELEAF]             * [* {th:contenteditable,data-th-contenteditable}] [1000]: org.thymeleaf.standard.processor.StandardRemovableAttributeTagProcessor
[THYMELEAF]             * [* {th:summary,data-th-summary}] [1000]: org.thymeleaf.standard.processor.StandardRemovableAttributeTagProcessor
[THYMELEAF]             * [* {th:wrap,data-th-wrap}] [1000]: org.thymeleaf.standard.processor.StandardRemovableAttributeTagProcessor
[THYMELEAF]             * [* {th:scrolling,data-th-scrolling}] [1000]: org.thymeleaf.standard.processor.StandardRemovableAttributeTagProcessor
[THYMELEAF]             * [* {th:vspace,data-th-vspace}] [1000]: org.thymeleaf.standard.processor.StandardRemovableAttributeTagProcessor
[THYMELEAF]             * [* {th:abbr,data-th-abbr}] [1000]: org.thymeleaf.standard.processor.StandardRemovableAttributeTagProcessor
[THYMELEAF]             * [* {th:high,data-th-high}] [1000]: org.thymeleaf.standard.processor.StandardRemovableAttributeTagProcessor
[THYMELEAF]             * [* {th:keytype,data-th-keytype}] [1000]: org.thymeleaf.standard.processor.StandardRemovableAttributeTagProcessor
[THYMELEAF]             * [* {th:lang,data-th-lang}] [1000]: org.thymeleaf.standard.processor.StandardRemovableAttributeTagProcessor
[THYMELEAF]             * [* {th:style,data-th-style}] [1000]: org.thymeleaf.standard.processor.StandardRemovableAttributeTagProcessor
[THYMELEAF]             * [* {th:data,data-th-data}] [1000]: org.thymeleaf.standard.processor.StandardRemovableAttributeTagProcessor
[THYMELEAF]             * [* {th:size,data-th-size}] [1000]: org.thymeleaf.standard.processor.StandardRemovableAttributeTagProcessor
[THYMELEAF]             * [* {th:width,data-th-width}] [1000]: org.thymeleaf.standard.processor.StandardRemovableAttributeTagProcessor
[THYMELEAF]             * [* {th:axis,data-th-axis}] [1000]: org.thymeleaf.standard.processor.StandardRemovableAttributeTagProcessor
[THYMELEAF]             * [* {th:max,data-th-max}] [1000]: org.thymeleaf.standard.processor.StandardRemovableAttributeTagProcessor
[THYMELEAF]             * [* {th:marginheight,data-th-marginheight}] [1000]: org.thymeleaf.standard.processor.StandardRemovableAttributeTagProcessor
[THYMELEAF]             * [* {th:scheme,data-th-scheme}] [1000]: org.thymeleaf.standard.processor.StandardRemovableAttributeTagProcessor
[THYMELEAF]             * [* {th:cols,data-th-cols}] [1000]: org.thymeleaf.standard.processor.StandardRemovableAttributeTagProcessor
[THYMELEAF]             * [* {th:sandbox,data-th-sandbox}] [1000]: org.thymeleaf.standard.processor.StandardRemovableAttributeTagProcessor
[THYMELEAF]             * [* {th:standby,data-th-standby}] [1000]: org.thymeleaf.standard.processor.StandardRemovableAttributeTagProcessor
[THYMELEAF]             * [* {th:formenctype,data-th-formenctype}] [1000]: org.thymeleaf.standard.processor.StandardRemovableAttributeTagProcessor
[THYMELEAF]             * [* {th:rowspan,data-th-rowspan}] [1000]: org.thymeleaf.standard.processor.StandardRemovableAttributeTagProcessor
[THYMELEAF]             * [* {th:label,data-th-label}] [1000]: org.thymeleaf.standard.processor.StandardRemovableAttributeTagProcessor
[THYMELEAF]             * [* {th:compact,data-th-compact}] [1000]: org.thymeleaf.standard.processor.StandardRemovableAttributeTagProcessor
[THYMELEAF]             * [* {th:align,data-th-align}] [1000]: org.thymeleaf.standard.processor.StandardRemovableAttributeTagProcessor
[THYMELEAF]             * [* {th:cite,data-th-cite}] [1000]: org.thymeleaf.standard.processor.StandardRemovableAttributeTagProcessor
[THYMELEAF]             * [* {th:form,data-th-form}] [1000]: org.thymeleaf.standard.processor.StandardRemovableAttributeTagProcessor
[THYMELEAF]             * [* {th:min,data-th-min}] [1000]: org.thymeleaf.standard.processor.StandardRemovableAttributeTagProcessor
[THYMELEAF]             * [* {th:accesskey,data-th-accesskey}] [1000]: org.thymeleaf.standard.processor.StandardRemovableAttributeTagProcessor
[THYMELEAF]             * [* {th:sizes,data-th-sizes}] [1000]: org.thymeleaf.standard.processor.StandardRemovableAttributeTagProcessor
[THYMELEAF]             * [* {th:usemap,data-th-usemap}] [1000]: org.thymeleaf.standard.processor.StandardRemovableAttributeTagProcessor
[THYMELEAF]             * [* {th:hreflang,data-th-hreflang}] [1000]: org.thymeleaf.standard.processor.StandardRemovableAttributeTagProcessor
[THYMELEAF]             * [* {th:height,data-th-height}] [1000]: org.thymeleaf.standard.processor.StandardRemovableAttributeTagProcessor
[THYMELEAF]             * [* {th:icon,data-th-icon}] [1000]: org.thymeleaf.standard.processor.StandardRemovableAttributeTagProcessor
[THYMELEAF]             * [* {th:bgcolor,data-th-bgcolor}] [1000]: org.thymeleaf.standard.processor.StandardRemovableAttributeTagProcessor
[THYMELEAF]             * [* {th:content,data-th-content}] [1000]: org.thymeleaf.standard.processor.StandardRemovableAttributeTagProcessor
[THYMELEAF]             * [* {th:for,data-th-for}] [1000]: org.thymeleaf.standard.processor.StandardRemovableAttributeTagProcessor
[THYMELEAF]             * [* {th:preload,data-th-preload}] [1000]: org.thymeleaf.standard.processor.StandardRemovableAttributeTagProcessor
[THYMELEAF]             * [* {th:headers,data-th-headers}] [1000]: org.thymeleaf.standard.processor.StandardRemovableAttributeTagProcessor
[THYMELEAF]             * [* {th:frameborder,data-th-frameborder}] [1000]: org.thymeleaf.standard.processor.StandardRemovableAttributeTagProcessor
[THYMELEAF]             * [* {th:dir,data-th-dir}] [1000]: org.thymeleaf.standard.processor.StandardRemovableAttributeTagProcessor
[THYMELEAF]             * [* {th:tabindex,data-th-tabindex}] [1000]: org.thymeleaf.standard.processor.StandardRemovableAttributeTagProcessor
[THYMELEAF]             * [* {th:marginwidth,data-th-marginwidth}] [1000]: org.thymeleaf.standard.processor.StandardRemovableAttributeTagProcessor
[THYMELEAF]             * [* {th:optimum,data-th-optimum}] [1000]: org.thymeleaf.standard.processor.StandardRemovableAttributeTagProcessor
[THYMELEAF]             * [* {th:longdesc,data-th-longdesc}] [1000]: org.thymeleaf.standard.processor.StandardRemovableAttributeTagProcessor
[THYMELEAF]             * [* {th:dropzone,data-th-dropzone}] [1000]: org.thymeleaf.standard.processor.StandardRemovableAttributeTagProcessor
[THYMELEAF]             * [* {th:hspace,data-th-hspace}] [1000]: org.thymeleaf.standard.processor.StandardRemovableAttributeTagProcessor
[THYMELEAF]             * [* {th:rel,data-th-rel}] [1000]: org.thymeleaf.standard.processor.StandardRemovableAttributeTagProcessor
[THYMELEAF]             * [* {th:class,data-th-class}] [1000]: org.thymeleaf.standard.processor.StandardRemovableAttributeTagProcessor
[THYMELEAF]             * [* {th:contextmenu,data-th-contextmenu}] [1000]: org.thymeleaf.standard.processor.StandardRemovableAttributeTagProcessor
[THYMELEAF]             * [* {th:cellpadding,data-th-cellpadding}] [1000]: org.thymeleaf.standard.processor.StandardRemovableAttributeTagProcessor
[THYMELEAF]             * [* {th:poster,data-th-poster}] [1000]: org.thymeleaf.standard.processor.StandardRemovableAttributeTagProcessor
[THYMELEAF]             * [* {th:enctype,data-th-enctype}] [1000]: org.thymeleaf.standard.processor.StandardRemovableAttributeTagProcessor
[THYMELEAF]             * [* {th:codetype,data-th-codetype}] [1000]: org.thymeleaf.standard.processor.StandardRemovableAttributeTagProcessor
[THYMELEAF]             * [* {th:formmethod,data-th-formmethod}] [1000]: org.thymeleaf.standard.processor.StandardRemovableAttributeTagProcessor
[THYMELEAF]             * [* {th:list,data-th-list}] [1000]: org.thymeleaf.standard.processor.StandardRemovableAttributeTagProcessor
[THYMELEAF]             * [* {th:charset,data-th-charset}] [1000]: org.thymeleaf.standard.processor.StandardRemovableAttributeTagProcessor
[THYMELEAF]             * [* {th:background,data-th-background}] [1000]: org.thymeleaf.standard.processor.StandardRemovableAttributeTagProcessor
[THYMELEAF]             * [* {th:target,data-th-target}] [1000]: org.thymeleaf.standard.processor.StandardRemovableAttributeTagProcessor
[THYMELEAF]             * [* {th:maxlength,data-th-maxlength}] [1000]: org.thymeleaf.standard.processor.StandardRemovableAttributeTagProcessor
[THYMELEAF]             * [* {th:codebase,data-th-codebase}] [1000]: org.thymeleaf.standard.processor.StandardRemovableAttributeTagProcessor
[THYMELEAF]             * [* {th:start,data-th-start}] [1000]: org.thymeleaf.standard.processor.StandardRemovableAttributeTagProcessor
[THYMELEAF]             * [* {th:formaction,data-th-formaction}] [1000]: org.thymeleaf.standard.processor.StandardRemovableAttributeTagProcessor
[THYMELEAF]             * [* {th:archive,data-th-archive}] [1000]: org.thymeleaf.standard.processor.StandardRemovableAttributeTagProcessor
[THYMELEAF]             * [* {th:low,data-th-low}] [1000]: org.thymeleaf.standard.processor.StandardRemovableAttributeTagProcessor
[THYMELEAF]             * [* {th:http-equiv,data-th-http-equiv}] [1000]: org.thymeleaf.standard.processor.StandardRemovableAttributeTagProcessor
[THYMELEAF]             * [* {th:scope,data-th-scope}] [1000]: org.thymeleaf.standard.processor.StandardRemovableAttributeTagProcessor
[THYMELEAF]             * [* {th:title,data-th-title}] [1000]: org.thymeleaf.standard.processor.StandardRemovableAttributeTagProcessor
[THYMELEAF]             * [* {th:id,data-th-id}] [1000]: org.thymeleaf.standard.processor.StandardRemovableAttributeTagProcessor
[THYMELEAF]             * [* {th:border,data-th-border}] [1000]: org.thymeleaf.standard.processor.StandardRemovableAttributeTagProcessor
[THYMELEAF]             * [* {th:rev,data-th-rev}] [1000]: org.thymeleaf.standard.processor.StandardRemovableAttributeTagProcessor
[THYMELEAF]             * [* {th:accept,data-th-accept}] [1000]: org.thymeleaf.standard.processor.StandardRemovableAttributeTagProcessor
[THYMELEAF]             * [* {th:pattern,data-th-pattern}] [1000]: org.thymeleaf.standard.processor.StandardRemovableAttributeTagProcessor
[THYMELEAF]             * [* {th:challenge,data-th-challenge}] [1000]: org.thymeleaf.standard.processor.StandardRemovableAttributeTagProcessor
[THYMELEAF]             * [* {th:formtarget,data-th-formtarget}] [1000]: org.thymeleaf.standard.processor.StandardRemovableAttributeTagProcessor
[THYMELEAF]             * [* {th:accept-charset,data-th-accept-charset}] [1000]: org.thymeleaf.standard.processor.StandardRemovableAttributeTagProcessor
[THYMELEAF]             * [* {th:media,data-th-media}] [1000]: org.thymeleaf.standard.processor.StandardRemovableAttributeTagProcessor
[THYMELEAF]             * [* {th:draggable,data-th-draggable}] [1000]: org.thymeleaf.standard.processor.StandardRemovableAttributeTagProcessor
[THYMELEAF]             * [* {th:valuetype,data-th-valuetype}] [1000]: org.thymeleaf.standard.processor.StandardRemovableAttributeTagProcessor
[THYMELEAF]             * [* {th:audio,data-th-audio}] [1000]: org.thymeleaf.standard.processor.StandardRemovableAttributeTagProcessor
[THYMELEAF]             * [* {th:colspan,data-th-colspan}] [1000]: org.thymeleaf.standard.processor.StandardRemovableAttributeTagProcessor
[THYMELEAF]             * [* {th:srclang,data-th-srclang}] [1000]: org.thymeleaf.standard.processor.StandardRemovableAttributeTagProcessor
[THYMELEAF]             * [* {th:datetime,data-th-datetime}] [1000]: org.thymeleaf.standard.processor.StandardRemovableAttributeTagProcessor
[THYMELEAF]             * [* {th:src,data-th-src}] [1000]: org.thymeleaf.standard.processor.StandardSrcTagProcessor
[THYMELEAF]             * [* {th:value,data-th-value}] [1000]: org.thymeleaf.standard.processor.StandardValueTagProcessor
[THYMELEAF]             * [* {th:xmlbase,data-th-xmlbase}] [1000]: org.thymeleaf.standard.processor.StandardXmlBaseTagProcessor
[THYMELEAF]             * [* {th:xmllang,data-th-xmllang}] [1000]: org.thymeleaf.standard.processor.StandardXmlLangTagProcessor
[THYMELEAF]             * [* {xmlns:th}] [1000]: org.thymeleaf.standard.processor.StandardXmlNsTagProcessor
[THYMELEAF]             * [* {th:xmlspace,data-th-xmlspace}] [1000]: org.thymeleaf.standard.processor.StandardXmlSpaceTagProcessor
[THYMELEAF]             * [* {th:classappend,data-th-classappend}] [1100]: org.thymeleaf.standard.processor.StandardClassappendTagProcessor
[THYMELEAF]             * [* {th:styleappend,data-th-styleappend}] [1100]: org.thymeleaf.standard.processor.StandardStyleappendTagProcessor
[THYMELEAF]             * [* {th:text,data-th-text}] [1300]: org.thymeleaf.standard.processor.StandardTextTagProcessor
[THYMELEAF]             * [* {th:utext,data-th-utext}] [1400]: org.thymeleaf.standard.processor.StandardUtextTagProcessor
[THYMELEAF]             * [* {th:fragment,data-th-fragment}] [1500]: org.thymeleaf.standard.processor.StandardFragmentTagProcessor
[THYMELEAF]             * [* {th:assert,data-th-assert}] [1550]: org.thymeleaf.standard.processor.StandardAssertTagProcessor
[THYMELEAF]             * [* {th:remove,data-th-remove}] [1600]: org.thymeleaf.standard.processor.StandardRemoveTagProcessor
[THYMELEAF]             * [* {th:ref,data-th-ref}] [10000]: org.thymeleaf.standard.processor.StandardRefAttributeTagProcessor
[THYMELEAF]             * [{th:block,th-block} *] [100000]: org.thymeleaf.standard.processor.StandardBlockTagProcessor
[THYMELEAF]             * [* th:*] [2147483647]: org.thymeleaf.standard.processor.StandardDefaultAttributesTagProcessor
[THYMELEAF]         * Text Processors by [precedence]:
[THYMELEAF]             * [1000]: org.thymeleaf.standard.processor.StandardInliningTextProcessor
[THYMELEAF]         * DOCTYPE Processors by [precedence]:
[THYMELEAF]             * [1000]: org.thymeleaf.standard.processor.StandardTranslationDocTypeProcessor
[THYMELEAF]         * CDATA Section Processors by [precedence]:
[THYMELEAF]             * [1000]: org.thymeleaf.standard.processor.StandardInliningCDATASectionProcessor
[THYMELEAF]         * Comment Processors by [precedence]:
[THYMELEAF]             * [1000]: org.thymeleaf.standard.processor.StandardInliningCommentProcessor
[THYMELEAF]             * [1100]: org.thymeleaf.standard.processor.StandardConditionalCommentProcessor
[THYMELEAF]     * Processors for Template Mode: XML
[THYMELEAF]         * Element Tag Processors by [matching element and attribute name] [precedence]:
[THYMELEAF]             * [* {th:include}] [100]: org.thymeleaf.standard.processor.StandardIncludeTagProcessor
[THYMELEAF]             * [* {th:insert}] [100]: org.thymeleaf.standard.processor.StandardInsertTagProcessor
[THYMELEAF]             * [* {th:replace}] [100]: org.thymeleaf.standard.processor.StandardReplaceTagProcessor
[THYMELEAF]             * [* {th:each}] [200]: com.intuit.karate.template.KarateEachTagProcessor
[THYMELEAF]             * [* {th:switch}] [250]: org.thymeleaf.standard.processor.StandardSwitchTagProcessor
[THYMELEAF]             * [* {th:case}] [275]: org.thymeleaf.standard.processor.StandardCaseTagProcessor
[THYMELEAF]             * [* {th:if}] [300]: org.thymeleaf.standard.processor.StandardIfTagProcessor
[THYMELEAF]             * [* {th:unless}] [400]: org.thymeleaf.standard.processor.StandardUnlessTagProcessor
[THYMELEAF]             * [* {th:object}] [500]: org.thymeleaf.standard.processor.StandardObjectTagProcessor
[THYMELEAF]             * [* {th:with}] [600]: com.intuit.karate.template.KarateWithTagProcessor
[THYMELEAF]             * [* {th:attr}] [700]: com.intuit.karate.template.KarateAttributeTagProcessor.KarateAttrTagProcessor
[THYMELEAF]             * [* {th:attrappend}] [900]: com.intuit.karate.template.KarateAttributeTagProcessor.KarateAttrappendTagProcessor
[THYMELEAF]             * [* {th:attrprepend}] [900]: com.intuit.karate.template.KarateAttributeTagProcessor.KarateAttrprependTagProcessor
[THYMELEAF]             * [* {th:inline}] [1000]: org.thymeleaf.standard.processor.StandardInlineXMLTagProcessor
[THYMELEAF]             * [* {xmlns:th}] [1000]: org.thymeleaf.standard.processor.StandardXmlNsTagProcessor
[THYMELEAF]             * [* {th:text}] [1300]: org.thymeleaf.standard.processor.StandardTextTagProcessor
[THYMELEAF]             * [* {th:utext}] [1400]: org.thymeleaf.standard.processor.StandardUtextTagProcessor
[THYMELEAF]             * [* {th:fragment}] [1500]: org.thymeleaf.standard.processor.StandardFragmentTagProcessor
[THYMELEAF]             * [* {th:assert}] [1550]: org.thymeleaf.standard.processor.StandardAssertTagProcessor
[THYMELEAF]             * [* {th:remove}] [1600]: org.thymeleaf.standard.processor.StandardRemoveTagProcessor
[THYMELEAF]             * [* {th:ref}] [10000]: org.thymeleaf.standard.processor.StandardRefAttributeTagProcessor
[THYMELEAF]             * [{th:block} *] [100000]: org.thymeleaf.standard.processor.StandardBlockTagProcessor
[THYMELEAF]             * [* th:*] [2147483647]: org.thymeleaf.standard.processor.StandardDefaultAttributesTagProcessor
[THYMELEAF]         * Text Processors by [precedence]:
[THYMELEAF]             * [1000]: org.thymeleaf.standard.processor.StandardInliningTextProcessor
[THYMELEAF]         * CDATA Section Processors by [precedence]:
[THYMELEAF]             * [1000]: org.thymeleaf.standard.processor.StandardInliningCDATASectionProcessor
[THYMELEAF]         * Comment Processors by [precedence]:
[THYMELEAF]             * [1000]: org.thymeleaf.standard.processor.StandardInliningCommentProcessor
[THYMELEAF]     * Processors for Template Mode: TEXT
[THYMELEAF]         * Element Tag Processors by [matching element and attribute name] [precedence]:
[THYMELEAF]             * [* {th:insert}] [100]: org.thymeleaf.standard.processor.StandardInsertTagProcessor
[THYMELEAF]             * [* {th:replace}] [100]: org.thymeleaf.standard.processor.StandardReplaceTagProcessor
[THYMELEAF]             * [* {th:each}] [200]: com.intuit.karate.template.KarateEachTagProcessor
[THYMELEAF]             * [* {th:switch}] [250]: org.thymeleaf.standard.processor.StandardSwitchTagProcessor
[THYMELEAF]             * [* {th:case}] [275]: org.thymeleaf.standard.processor.StandardCaseTagProcessor
[THYMELEAF]             * [* {th:if}] [300]: org.thymeleaf.standard.processor.StandardIfTagProcessor
[THYMELEAF]             * [* {th:unless}] [400]: org.thymeleaf.standard.processor.StandardUnlessTagProcessor
[THYMELEAF]             * [* {th:object}] [500]: org.thymeleaf.standard.processor.StandardObjectTagProcessor
[THYMELEAF]             * [* {th:with}] [600]: com.intuit.karate.template.KarateWithTagProcessor
[THYMELEAF]             * [* {th:inline}] [1000]: org.thymeleaf.standard.processor.StandardInlineTextualTagProcessor
[THYMELEAF]             * [* {th:text}] [1300]: org.thymeleaf.standard.processor.StandardTextTagProcessor
[THYMELEAF]             * [* {th:utext}] [1400]: org.thymeleaf.standard.processor.StandardUtextTagProcessor
[THYMELEAF]             * [* {th:assert}] [1550]: org.thymeleaf.standard.processor.StandardAssertTagProcessor
[THYMELEAF]             * [* {th:remove}] [1600]: org.thymeleaf.standard.processor.StandardRemoveTagProcessor
[THYMELEAF]             * [* 100000] [org.thymeleaf.standard.processor.StandardBlockTagProcessor]: {}
[THYMELEAF]             * [{th:block} *] [100000]: org.thymeleaf.standard.processor.StandardBlockTagProcessor
[THYMELEAF]         * Text Processors by [precedence]:
[THYMELEAF]             * [1000]: org.thymeleaf.standard.processor.StandardInliningTextProcessor
[THYMELEAF]     * Processors for Template Mode: JAVASCRIPT
[THYMELEAF]         * Element Tag Processors by [matching element and attribute name] [precedence]:
[THYMELEAF]             * [* {th:insert}] [100]: org.thymeleaf.standard.processor.StandardInsertTagProcessor
[THYMELEAF]             * [* {th:replace}] [100]: org.thymeleaf.standard.processor.StandardReplaceTagProcessor
[THYMELEAF]             * [* {th:each}] [200]: com.intuit.karate.template.KarateEachTagProcessor
[THYMELEAF]             * [* {th:switch}] [250]: org.thymeleaf.standard.processor.StandardSwitchTagProcessor
[THYMELEAF]             * [* {th:case}] [275]: org.thymeleaf.standard.processor.StandardCaseTagProcessor
[THYMELEAF]             * [* {th:if}] [300]: org.thymeleaf.standard.processor.StandardIfTagProcessor
[THYMELEAF]             * [* {th:unless}] [400]: org.thymeleaf.standard.processor.StandardUnlessTagProcessor
[THYMELEAF]             * [* {th:object}] [500]: org.thymeleaf.standard.processor.StandardObjectTagProcessor
[THYMELEAF]             * [* {th:with}] [600]: com.intuit.karate.template.KarateWithTagProcessor
[THYMELEAF]             * [* {th:inline}] [1000]: org.thymeleaf.standard.processor.StandardInlineTextualTagProcessor
[THYMELEAF]             * [* {th:text}] [1300]: org.thymeleaf.standard.processor.StandardTextTagProcessor
[THYMELEAF]             * [* {th:utext}] [1400]: org.thymeleaf.standard.processor.StandardUtextTagProcessor
[THYMELEAF]             * [* {th:assert}] [1550]: org.thymeleaf.standard.processor.StandardAssertTagProcessor
[THYMELEAF]             * [* {th:remove}] [1600]: org.thymeleaf.standard.processor.StandardRemoveTagProcessor
[THYMELEAF]             * [{th:block} *] [100000]: org.thymeleaf.standard.processor.StandardBlockTagProcessor
[THYMELEAF]             * [* 100000] [org.thymeleaf.standard.processor.StandardBlockTagProcessor]: {}
[THYMELEAF]         * Text Processors by [precedence]:
[THYMELEAF]             * [1000]: org.thymeleaf.standard.processor.StandardInliningTextProcessor
[THYMELEAF]     * Processors for Template Mode: CSS
[THYMELEAF]         * Element Tag Processors by [matching element and attribute name] [precedence]:
[THYMELEAF]             * [* {th:insert}] [100]: org.thymeleaf.standard.processor.StandardInsertTagProcessor
[THYMELEAF]             * [* {th:replace}] [100]: org.thymeleaf.standard.processor.StandardReplaceTagProcessor
[THYMELEAF]             * [* {th:each}] [200]: com.intuit.karate.template.KarateEachTagProcessor
[THYMELEAF]             * [* {th:switch}] [250]: org.thymeleaf.standard.processor.StandardSwitchTagProcessor
[THYMELEAF]             * [* {th:case}] [275]: org.thymeleaf.standard.processor.StandardCaseTagProcessor
[THYMELEAF]             * [* {th:if}] [300]: org.thymeleaf.standard.processor.StandardIfTagProcessor
[THYMELEAF]             * [* {th:unless}] [400]: org.thymeleaf.standard.processor.StandardUnlessTagProcessor
[THYMELEAF]             * [* {th:object}] [500]: org.thymeleaf.standard.processor.StandardObjectTagProcessor
[THYMELEAF]             * [* {th:with}] [600]: com.intuit.karate.template.KarateWithTagProcessor
[THYMELEAF]             * [* {th:inline}] [1000]: org.thymeleaf.standard.processor.StandardInlineTextualTagProcessor
[THYMELEAF]             * [* {th:text}] [1300]: org.thymeleaf.standard.processor.StandardTextTagProcessor
[THYMELEAF]             * [* {th:utext}] [1400]: org.thymeleaf.standard.processor.StandardUtextTagProcessor
[THYMELEAF]             * [* {th:assert}] [1550]: org.thymeleaf.standard.processor.StandardAssertTagProcessor
[THYMELEAF]             * [* {th:remove}] [1600]: org.thymeleaf.standard.processor.StandardRemoveTagProcessor
[THYMELEAF]             * [* 100000] [org.thymeleaf.standard.processor.StandardBlockTagProcessor]: {}
[THYMELEAF]             * [{th:block} *] [100000]: org.thymeleaf.standard.processor.StandardBlockTagProcessor
[THYMELEAF]         * Text Processors by [precedence]:
[THYMELEAF]             * [1000]: org.thymeleaf.standard.processor.StandardInliningTextProcessor
[THYMELEAF]     * Expression Objects:
[THYMELEAF]         * #ctx
[THYMELEAF]         * #root
[THYMELEAF]         * #vars
[THYMELEAF]         * #object
[THYMELEAF]         * #locale
[THYMELEAF]         * #conversions
[THYMELEAF]         * #uris
[THYMELEAF]         * #temporals
[THYMELEAF]         * #calendars
[THYMELEAF]         * #dates
[THYMELEAF]         * #bools
[THYMELEAF]         * #numbers
[THYMELEAF]         * #objects
[THYMELEAF]         * #strings
[THYMELEAF]         * #arrays
[THYMELEAF]         * #lists
[THYMELEAF]         * #sets
[THYMELEAF]         * #maps
[THYMELEAF]         * #aggregates
[THYMELEAF]         * #messages
[THYMELEAF]         * #ids
[THYMELEAF]         * #execInfo
[THYMELEAF]         * #request
[THYMELEAF]         * #response
[THYMELEAF]         * #session
[THYMELEAF]         * #servletContext
[THYMELEAF]     * Execution Attributes:
[THYMELEAF]         * "StandardExpressionParser": com.intuit.karate.template.KarateStandardDialect@4a0f5896
[THYMELEAF]         * "StandardJavaScriptSerializer": org.thymeleaf.standard.serializer.StandardJavaScriptSerializer@3a6f108
[THYMELEAF]         * "StandardCSSSerializer": org.thymeleaf.standard.serializer.StandardCSSSerializer@5bb02cc5
[THYMELEAF]         * "StandardVariableExpressionEvaluator": com.intuit.karate.template.KarateStandardDialect@4a0f5896
[THYMELEAF]         * "StandardConversionService": org.thymeleaf.standard.expression.StandardConversionService@2346412d
[THYMELEAF] * Dialect [2 of 2]: karate (com.intuit.karate.template.KarateScriptDialect)
[THYMELEAF]     * Prefix: "ka"
[THYMELEAF]     * Processors for Template Mode: HTML
[THYMELEAF]         * Element Tag Processors by [matching element and attribute name] [precedence]:
[THYMELEAF]             * [* {src}] [1000]: com.intuit.karate.template.KaScriptAttrProcessor
[THYMELEAF]         * Element Model Processors by [matching element and attribute name] [precedence]:
[THYMELEAF]             * [{script} {ka:scope,data-ka-scope}] [1000]: com.intuit.karate.template.KaScriptElemProcessor
[THYMELEAF]             * [* {ka:set,data-ka-set}] [1000]: com.intuit.karate.template.KaSetElemProcessor
[THYMELEAF] TEMPLATE ENGINE CONFIGURED OK
16:40:45.928 [pool-3-thread-1] DEBUG org.thymeleaf.TemplateEngine -- [THYMELEAF] TEMPLATE ENGINE INITIALIZED
---------------------------------------------------------
feature: classpath:api/producto/3_insertar.feature
scenarios:  5 | passed:  5 | failed:  0 | time: 0.0925
---------------------------------------------------------

16:40:46.083 [pool-3-thread-1] INFO com.intuit.karate.Suite -- <<pass>> feature 6 of 11 (5 remaining) classpath:api/producto/3_insertar.feature
16:40:46.086 [pool-3-thread-1] DEBUG com.jayway.jsonpath.internal.path.CompiledPath -- Evaluating path: $
16:40:46.088 [pool-3-thread-1] DEBUG com.jayway.jsonpath.internal.path.CompiledPath -- Evaluating path: $
16:40:46.094 [pool-3-thread-1] DEBUG org.thymeleaf.TemplateEngine -- [THYMELEAF] INITIALIZING TEMPLATE ENGINE
16:40:46.106 [pool-3-thread-1] DEBUG org.thymeleaf.TemplateEngine.CONFIG -- Initializing Thymeleaf Template engine configuration...
[THYMELEAF] TEMPLATE ENGINE CONFIGURATION:
[THYMELEAF] * Thymeleaf version: 3.1.2.RELEASE (built 2023-07-30T19:25:50+0000)
[THYMELEAF] * Cache Manager implementation: org.thymeleaf.cache.StandardCacheManager
[THYMELEAF] * Template resolvers:
[THYMELEAF]     * [1] com.intuit.karate.template.ResourceHtmlTemplateResolver
[THYMELEAF] * Message resolvers:
[THYMELEAF]     * org.thymeleaf.messageresolver.StandardMessageResolver
[THYMELEAF] * Link builders:
[THYMELEAF]     * org.thymeleaf.linkbuilder.StandardLinkBuilder
[THYMELEAF] * Dialect [1 of 2]: Standard (com.intuit.karate.template.KarateStandardDialect)
[THYMELEAF]     * Prefix: "th"
[THYMELEAF]     * Processors for Template Mode: HTML
[THYMELEAF]         * Element Tag Processors by [matching element and attribute name] [precedence]:
[THYMELEAF]             * [* {th:include,data-th-include}] [100]: org.thymeleaf.standard.processor.StandardIncludeTagProcessor
[THYMELEAF]             * [* {th:insert,data-th-insert}] [100]: org.thymeleaf.standard.processor.StandardInsertTagProcessor
[THYMELEAF]             * [* {th:replace,data-th-replace}] [100]: org.thymeleaf.standard.processor.StandardReplaceTagProcessor
[THYMELEAF]             * [* {th:each,data-th-each}] [200]: com.intuit.karate.template.KarateEachTagProcessor
[THYMELEAF]             * [* {th:switch,data-th-switch}] [250]: org.thymeleaf.standard.processor.StandardSwitchTagProcessor
[THYMELEAF]             * [* {th:case,data-th-case}] [275]: org.thymeleaf.standard.processor.StandardCaseTagProcessor
[THYMELEAF]             * [* {th:if,data-th-if}] [300]: org.thymeleaf.standard.processor.StandardIfTagProcessor
[THYMELEAF]             * [* {th:unless,data-th-unless}] [400]: org.thymeleaf.standard.processor.StandardUnlessTagProcessor
[THYMELEAF]             * [* {th:object,data-th-object}] [500]: org.thymeleaf.standard.processor.StandardObjectTagProcessor
[THYMELEAF]             * [* {th:with,data-th-with}] [600]: com.intuit.karate.template.KarateWithTagProcessor
[THYMELEAF]             * [* {th:attr,data-th-attr}] [700]: com.intuit.karate.template.KarateAttributeTagProcessor.KarateAttrTagProcessor
[THYMELEAF]             * [* {th:attrappend,data-th-attrappend}] [900]: com.intuit.karate.template.KarateAttributeTagProcessor.KarateAttrappendTagProcessor
[THYMELEAF]             * [* {th:attrprepend,data-th-attrprepend}] [900]: com.intuit.karate.template.KarateAttributeTagProcessor.KarateAttrprependTagProcessor
[THYMELEAF]             * [* {th:alt-title,data-th-alt-title}] [990]: org.thymeleaf.standard.processor.StandardAltTitleTagProcessor
[THYMELEAF]             * [* {th:lang-xmllang,data-th-lang-xmllang}] [990]: org.thymeleaf.standard.processor.StandardLangXmlLangTagProcessor
[THYMELEAF]             * [* {th:action,data-th-action}] [1000]: org.thymeleaf.standard.processor.StandardActionTagProcessor
[THYMELEAF]             * [* {th:hidden,data-th-hidden}] [1000]: org.thymeleaf.standard.processor.StandardConditionalFixedValueTagProcessor
[THYMELEAF]             * [* {th:default,data-th-default}] [1000]: org.thymeleaf.standard.processor.StandardConditionalFixedValueTagProcessor
[THYMELEAF]             * [* {th:readonly,data-th-readonly}] [1000]: org.thymeleaf.standard.processor.StandardConditionalFixedValueTagProcessor
[THYMELEAF]             * [* {th:loop,data-th-loop}] [1000]: org.thymeleaf.standard.processor.StandardConditionalFixedValueTagProcessor
[THYMELEAF]             * [* {th:multiple,data-th-multiple}] [1000]: org.thymeleaf.standard.processor.StandardConditionalFixedValueTagProcessor
[THYMELEAF]             * [* {th:novalidate,data-th-novalidate}] [1000]: org.thymeleaf.standard.processor.StandardConditionalFixedValueTagProcessor
[THYMELEAF]             * [* {th:autoplay,data-th-autoplay}] [1000]: org.thymeleaf.standard.processor.StandardConditionalFixedValueTagProcessor
[THYMELEAF]             * [* {th:seamless,data-th-seamless}] [1000]: org.thymeleaf.standard.processor.StandardConditionalFixedValueTagProcessor
[THYMELEAF]             * [* {th:open,data-th-open}] [1000]: org.thymeleaf.standard.processor.StandardConditionalFixedValueTagProcessor
[THYMELEAF]             * [* {th:pubdate,data-th-pubdate}] [1000]: org.thymeleaf.standard.processor.StandardConditionalFixedValueTagProcessor
[THYMELEAF]             * [* {th:disabled,data-th-disabled}] [1000]: org.thymeleaf.standard.processor.StandardConditionalFixedValueTagProcessor
[THYMELEAF]             * [* {th:async,data-th-async}] [1000]: org.thymeleaf.standard.processor.StandardConditionalFixedValueTagProcessor
[THYMELEAF]             * [* {th:selected,data-th-selected}] [1000]: org.thymeleaf.standard.processor.StandardConditionalFixedValueTagProcessor
[THYMELEAF]             * [* {th:defer,data-th-defer}] [1000]: org.thymeleaf.standard.processor.StandardConditionalFixedValueTagProcessor
[THYMELEAF]             * [* {th:controls,data-th-controls}] [1000]: org.thymeleaf.standard.processor.StandardConditionalFixedValueTagProcessor
[THYMELEAF]             * [* {th:scoped,data-th-scoped}] [1000]: org.thymeleaf.standard.processor.StandardConditionalFixedValueTagProcessor
[THYMELEAF]             * [* {th:checked,data-th-checked}] [1000]: org.thymeleaf.standard.processor.StandardConditionalFixedValueTagProcessor
[THYMELEAF]             * [* {th:required,data-th-required}] [1000]: org.thymeleaf.standard.processor.StandardConditionalFixedValueTagProcessor
[THYMELEAF]             * [* {th:reversed,data-th-reversed}] [1000]: org.thymeleaf.standard.processor.StandardConditionalFixedValueTagProcessor
[THYMELEAF]             * [* {th:ismap,data-th-ismap}] [1000]: org.thymeleaf.standard.processor.StandardConditionalFixedValueTagProcessor
[THYMELEAF]             * [* {th:autofocus,data-th-autofocus}] [1000]: org.thymeleaf.standard.processor.StandardConditionalFixedValueTagProcessor
[THYMELEAF]             * [* {th:nowrap,data-th-nowrap}] [1000]: org.thymeleaf.standard.processor.StandardConditionalFixedValueTagProcessor
[THYMELEAF]             * [* {th:formnovalidate,data-th-formnovalidate}] [1000]: org.thymeleaf.standard.processor.StandardConditionalFixedValueTagProcessor
[THYMELEAF]             * [* {th:declare,data-th-declare}] [1000]: org.thymeleaf.standard.processor.StandardConditionalFixedValueTagProcessor
[THYMELEAF]             * [* {th:onsuspend,data-th-onsuspend}] [1000]: org.thymeleaf.standard.processor.StandardDOMEventAttributeTagProcessor
[THYMELEAF]             * [* {th:onratechange,data-th-onratechange}] [1000]: org.thymeleaf.standard.processor.StandardDOMEventAttributeTagProcessor
[THYMELEAF]             * [* {th:onseeked,data-th-onseeked}] [1000]: org.thymeleaf.standard.processor.StandardDOMEventAttributeTagProcessor
[THYMELEAF]             * [* {th:onchange,data-th-onchange}] [1000]: org.thymeleaf.standard.processor.StandardDOMEventAttributeTagProcessor
[THYMELEAF]             * [* {th:onresize,data-th-onresize}] [1000]: org.thymeleaf.standard.processor.StandardDOMEventAttributeTagProcessor
[THYMELEAF]             * [* {th:onbeforeprint,data-th-onbeforeprint}] [1000]: org.thymeleaf.standard.processor.StandardDOMEventAttributeTagProcessor
[THYMELEAF]             * [* {th:onhashchange,data-th-onhashchange}] [1000]: org.thymeleaf.standard.processor.StandardDOMEventAttributeTagProcessor
[THYMELEAF]             * [* {th:onstorage,data-th-onstorage}] [1000]: org.thymeleaf.standard.processor.StandardDOMEventAttributeTagProcessor
[THYMELEAF]             * [* {th:onformchange,data-th-onformchange}] [1000]: org.thymeleaf.standard.processor.StandardDOMEventAttributeTagProcessor
[THYMELEAF]             * [* {th:oncanplay,data-th-oncanplay}] [1000]: org.thymeleaf.standard.processor.StandardDOMEventAttributeTagProcessor
[THYMELEAF]             * [* {th:oncanplaythrough,data-th-oncanplaythrough}] [1000]: org.thymeleaf.standard.processor.StandardDOMEventAttributeTagProcessor
[THYMELEAF]             * [* {th:onwaiting,data-th-onwaiting}] [1000]: org.thymeleaf.standard.processor.StandardDOMEventAttributeTagProcessor
[THYMELEAF]             * [* {th:ondragleave,data-th-ondragleave}] [1000]: org.thymeleaf.standard.processor.StandardDOMEventAttributeTagProcessor
[THYMELEAF]             * [* {th:onoffline,data-th-onoffline}] [1000]: org.thymeleaf.standard.processor.StandardDOMEventAttributeTagProcessor
[THYMELEAF]             * [* {th:onkeydown,data-th-onkeydown}] [1000]: org.thymeleaf.standard.processor.StandardDOMEventAttributeTagProcessor
[THYMELEAF]             * [* {th:onabort,data-th-onabort}] [1000]: org.thymeleaf.standard.processor.StandardDOMEventAttributeTagProcessor
[THYMELEAF]             * [* {th:onmousewheel,data-th-onmousewheel}] [1000]: org.thymeleaf.standard.processor.StandardDOMEventAttributeTagProcessor
[THYMELEAF]             * [* {th:onseeking,data-th-onseeking}] [1000]: org.thymeleaf.standard.processor.StandardDOMEventAttributeTagProcessor
[THYMELEAF]             * [* {th:ondragenter,data-th-ondragenter}] [1000]: org.thymeleaf.standard.processor.StandardDOMEventAttributeTagProcessor
[THYMELEAF]             * [* {th:onloadstart,data-th-onloadstart}] [1000]: org.thymeleaf.standard.processor.StandardDOMEventAttributeTagProcessor
[THYMELEAF]             * [* {th:onloadeddata,data-th-onloadeddata}] [1000]: org.thymeleaf.standard.processor.StandardDOMEventAttributeTagProcessor
[THYMELEAF]             * [* {th:onplaying,data-th-onplaying}] [1000]: org.thymeleaf.standard.processor.StandardDOMEventAttributeTagProcessor
[THYMELEAF]             * [* {th:onmouseout,data-th-onmouseout}] [1000]: org.thymeleaf.standard.processor.StandardDOMEventAttributeTagProcessor
[THYMELEAF]             * [* {th:ondragend,data-th-ondragend}] [1000]: org.thymeleaf.standard.processor.StandardDOMEventAttributeTagProcessor
[THYMELEAF]             * [* {th:onkeyup,data-th-onkeyup}] [1000]: org.thymeleaf.standard.processor.StandardDOMEventAttributeTagProcessor
[THYMELEAF]             * [* {th:oninvalid,data-th-oninvalid}] [1000]: org.thymeleaf.standard.processor.StandardDOMEventAttributeTagProcessor
[THYMELEAF]             * [* {th:oncontextmenu,data-th-oncontextmenu}] [1000]: org.thymeleaf.standard.processor.StandardDOMEventAttributeTagProcessor
[THYMELEAF]             * [* {th:onselect,data-th-onselect}] [1000]: org.thymeleaf.standard.processor.StandardDOMEventAttributeTagProcessor
[THYMELEAF]             * [* {th:ondrag,data-th-ondrag}] [1000]: org.thymeleaf.standard.processor.StandardDOMEventAttributeTagProcessor
[THYMELEAF]             * [* {th:onredo,data-th-onredo}] [1000]: org.thymeleaf.standard.processor.StandardDOMEventAttributeTagProcessor
[THYMELEAF]             * [* {th:onload,data-th-onload}] [1000]: org.thymeleaf.standard.processor.StandardDOMEventAttributeTagProcessor
[THYMELEAF]             * [* {th:ondblclick,data-th-ondblclick}] [1000]: org.thymeleaf.standard.processor.StandardDOMEventAttributeTagProcessor
[THYMELEAF]             * [* {th:onunload,data-th-onunload}] [1000]: org.thymeleaf.standard.processor.StandardDOMEventAttributeTagProcessor
[THYMELEAF]             * [* {th:ononline,data-th-ononline}] [1000]: org.thymeleaf.standard.processor.StandardDOMEventAttributeTagProcessor
[THYMELEAF]             * [* {th:oninput,data-th-oninput}] [1000]: org.thymeleaf.standard.processor.StandardDOMEventAttributeTagProcessor
[THYMELEAF]             * [* {th:ondrop,data-th-ondrop}] [1000]: org.thymeleaf.standard.processor.StandardDOMEventAttributeTagProcessor
[THYMELEAF]             * [* {th:onreadystatechange,data-th-onreadystatechange}] [1000]: org.thymeleaf.standard.processor.StandardDOMEventAttributeTagProcessor
[THYMELEAF]             * [* {th:onkeypress,data-th-onkeypress}] [1000]: org.thymeleaf.standard.processor.StandardDOMEventAttributeTagProcessor
[THYMELEAF]             * [* {th:onmouseover,data-th-onmouseover}] [1000]: org.thymeleaf.standard.processor.StandardDOMEventAttributeTagProcessor
[THYMELEAF]             * [* {th:onprogress,data-th-onprogress}] [1000]: org.thymeleaf.standard.processor.StandardDOMEventAttributeTagProcessor
[THYMELEAF]             * [* {th:ontimeupdate,data-th-ontimeupdate}] [1000]: org.thymeleaf.standard.processor.StandardDOMEventAttributeTagProcessor
[THYMELEAF]             * [* {th:onmouseup,data-th-onmouseup}] [1000]: org.thymeleaf.standard.processor.StandardDOMEventAttributeTagProcessor
[THYMELEAF]             * [* {th:onclick,data-th-onclick}] [1000]: org.thymeleaf.standard.processor.StandardDOMEventAttributeTagProcessor
[THYMELEAF]             * [* {th:onmessage,data-th-onmessage}] [1000]: org.thymeleaf.standard.processor.StandardDOMEventAttributeTagProcessor
[THYMELEAF]             * [* {th:onafterprint,data-th-onafterprint}] [1000]: org.thymeleaf.standard.processor.StandardDOMEventAttributeTagProcessor
[THYMELEAF]             * [* {th:onscroll,data-th-onscroll}] [1000]: org.thymeleaf.standard.processor.StandardDOMEventAttributeTagProcessor
[THYMELEAF]             * [* {th:onsubmit,data-th-onsubmit}] [1000]: org.thymeleaf.standard.processor.StandardDOMEventAttributeTagProcessor
[THYMELEAF]             * [* {th:onblur,data-th-onblur}] [1000]: org.thymeleaf.standard.processor.StandardDOMEventAttributeTagProcessor
[THYMELEAF]             * [* {th:onended,data-th-onended}] [1000]: org.thymeleaf.standard.processor.StandardDOMEventAttributeTagProcessor
[THYMELEAF]             * [* {th:onemptied,data-th-onemptied}] [1000]: org.thymeleaf.standard.processor.StandardDOMEventAttributeTagProcessor
[THYMELEAF]             * [* {th:onfocus,data-th-onfocus}] [1000]: org.thymeleaf.standard.processor.StandardDOMEventAttributeTagProcessor
[THYMELEAF]             * [* {th:onloadedmetadata,data-th-onloadedmetadata}] [1000]: org.thymeleaf.standard.processor.StandardDOMEventAttributeTagProcessor
[THYMELEAF]             * [* {th:onmousedown,data-th-onmousedown}] [1000]: org.thymeleaf.standard.processor.StandardDOMEventAttributeTagProcessor
[THYMELEAF]             * [* {th:onshow,data-th-onshow}] [1000]: org.thymeleaf.standard.processor.StandardDOMEventAttributeTagProcessor
[THYMELEAF]             * [* {th:onpopstate,data-th-onpopstate}] [1000]: org.thymeleaf.standard.processor.StandardDOMEventAttributeTagProcessor
[THYMELEAF]             * [* {th:onpause,data-th-onpause}] [1000]: org.thymeleaf.standard.processor.StandardDOMEventAttributeTagProcessor
[THYMELEAF]             * [* {th:onvolumechange,data-th-onvolumechange}] [1000]: org.thymeleaf.standard.processor.StandardDOMEventAttributeTagProcessor
[THYMELEAF]             * [* {th:onreset,data-th-onreset}] [1000]: org.thymeleaf.standard.processor.StandardDOMEventAttributeTagProcessor
[THYMELEAF]             * [* {th:onerror,data-th-onerror}] [1000]: org.thymeleaf.standard.processor.StandardDOMEventAttributeTagProcessor
[THYMELEAF]             * [* {th:onbeforeunload,data-th-onbeforeunload}] [1000]: org.thymeleaf.standard.processor.StandardDOMEventAttributeTagProcessor
[THYMELEAF]             * [* {th:ondurationchange,data-th-ondurationchange}] [1000]: org.thymeleaf.standard.processor.StandardDOMEventAttributeTagProcessor
[THYMELEAF]             * [* {th:onundo,data-th-onundo}] [1000]: org.thymeleaf.standard.processor.StandardDOMEventAttributeTagProcessor
[THYMELEAF]             * [* {th:onmousemove,data-th-onmousemove}] [1000]: org.thymeleaf.standard.processor.StandardDOMEventAttributeTagProcessor
[THYMELEAF]             * [* {th:onplay,data-th-onplay}] [1000]: org.thymeleaf.standard.processor.StandardDOMEventAttributeTagProcessor
[THYMELEAF]             * [* {th:ondragstart,data-th-ondragstart}] [1000]: org.thymeleaf.standard.processor.StandardDOMEventAttributeTagProcessor
[THYMELEAF]             * [* {th:ondragover,data-th-ondragover}] [1000]: org.thymeleaf.standard.processor.StandardDOMEventAttributeTagProcessor
[THYMELEAF]             * [* {th:onforminput,data-th-onforminput}] [1000]: org.thymeleaf.standard.processor.StandardDOMEventAttributeTagProcessor
[THYMELEAF]             * [* {th:onstalled,data-th-onstalled}] [1000]: org.thymeleaf.standard.processor.StandardDOMEventAttributeTagProcessor
[THYMELEAF]             * [* {th:href,data-th-href}] [1000]: org.thymeleaf.standard.processor.StandardHrefTagProcessor
[THYMELEAF]             * [* {th:inline,data-th-inline}] [1000]: org.thymeleaf.standard.processor.StandardInlineHTMLTagProcessor
[THYMELEAF]             * [* {th:method,data-th-method}] [1000]: org.thymeleaf.standard.processor.StandardMethodTagProcessor
[THYMELEAF]             * [* {th:name,data-th-name}] [1000]: org.thymeleaf.standard.processor.StandardNonRemovableAttributeTagProcessor
[THYMELEAF]             * [* {th:type,data-th-type}] [1000]: org.thymeleaf.standard.processor.StandardNonRemovableAttributeTagProcessor
[THYMELEAF]             * [* {th:draggable,data-th-draggable}] [1000]: org.thymeleaf.standard.processor.StandardRemovableAttributeTagProcessor
[THYMELEAF]             * [* {th:charset,data-th-charset}] [1000]: org.thymeleaf.standard.processor.StandardRemovableAttributeTagProcessor
[THYMELEAF]             * [* {th:formtarget,data-th-formtarget}] [1000]: org.thymeleaf.standard.processor.StandardRemovableAttributeTagProcessor
[THYMELEAF]             * [* {th:target,data-th-target}] [1000]: org.thymeleaf.standard.processor.StandardRemovableAttributeTagProcessor
[THYMELEAF]             * [* {th:data,data-th-data}] [1000]: org.thymeleaf.standard.processor.StandardRemovableAttributeTagProcessor
[THYMELEAF]             * [* {th:compact,data-th-compact}] [1000]: org.thymeleaf.standard.processor.StandardRemovableAttributeTagProcessor
[THYMELEAF]             * [* {th:valuetype,data-th-valuetype}] [1000]: org.thymeleaf.standard.processor.StandardRemovableAttributeTagProcessor
[THYMELEAF]             * [* {th:colspan,data-th-colspan}] [1000]: org.thymeleaf.standard.processor.StandardRemovableAttributeTagProcessor
[THYMELEAF]             * [* {th:start,data-th-start}] [1000]: org.thymeleaf.standard.processor.StandardRemovableAttributeTagProcessor
[THYMELEAF]             * [* {th:style,data-th-style}] [1000]: org.thymeleaf.standard.processor.StandardRemovableAttributeTagProcessor
[THYMELEAF]             * [* {th:formmethod,data-th-formmethod}] [1000]: org.thymeleaf.standard.processor.StandardRemovableAttributeTagProcessor
[THYMELEAF]             * [* {th:standby,data-th-standby}] [1000]: org.thymeleaf.standard.processor.StandardRemovableAttributeTagProcessor
[THYMELEAF]             * [* {th:codebase,data-th-codebase}] [1000]: org.thymeleaf.standard.processor.StandardRemovableAttributeTagProcessor
[THYMELEAF]             * [* {th:kind,data-th-kind}] [1000]: org.thymeleaf.standard.processor.StandardRemovableAttributeTagProcessor
[THYMELEAF]             * [* {th:wrap,data-th-wrap}] [1000]: org.thymeleaf.standard.processor.StandardRemovableAttributeTagProcessor
[THYMELEAF]             * [* {th:hspace,data-th-hspace}] [1000]: org.thymeleaf.standard.processor.StandardRemovableAttributeTagProcessor
[THYMELEAF]             * [* {th:height,data-th-height}] [1000]: org.thymeleaf.standard.processor.StandardRemovableAttributeTagProcessor
[THYMELEAF]             * [* {th:rowspan,data-th-rowspan}] [1000]: org.thymeleaf.standard.processor.StandardRemovableAttributeTagProcessor
[THYMELEAF]             * [* {th:radiogroup,data-th-radiogroup}] [1000]: org.thymeleaf.standard.processor.StandardRemovableAttributeTagProcessor
[THYMELEAF]             * [* {th:challenge,data-th-challenge}] [1000]: org.thymeleaf.standard.processor.StandardRemovableAttributeTagProcessor
[THYMELEAF]             * [* {th:longdesc,data-th-longdesc}] [1000]: org.thymeleaf.standard.processor.StandardRemovableAttributeTagProcessor
[THYMELEAF]             * [* {th:optimum,data-th-optimum}] [1000]: org.thymeleaf.standard.processor.StandardRemovableAttributeTagProcessor
[THYMELEAF]             * [* {th:border,data-th-border}] [1000]: org.thymeleaf.standard.processor.StandardRemovableAttributeTagProcessor
[THYMELEAF]             * [* {th:formaction,data-th-formaction}] [1000]: org.thymeleaf.standard.processor.StandardRemovableAttributeTagProcessor
[THYMELEAF]             * [* {th:usemap,data-th-usemap}] [1000]: org.thymeleaf.standard.processor.StandardRemovableAttributeTagProcessor
[THYMELEAF]             * [* {th:scheme,data-th-scheme}] [1000]: org.thymeleaf.standard.processor.StandardRemovableAttributeTagProcessor
[THYMELEAF]             * [* {th:rows,data-th-rows}] [1000]: org.thymeleaf.standard.processor.StandardRemovableAttributeTagProcessor
[THYMELEAF]             * [* {th:classid,data-th-classid}] [1000]: org.thymeleaf.standard.processor.StandardRemovableAttributeTagProcessor
[THYMELEAF]             * [* {th:label,data-th-label}] [1000]: org.thymeleaf.standard.processor.StandardRemovableAttributeTagProcessor
[THYMELEAF]             * [* {th:tabindex,data-th-tabindex}] [1000]: org.thymeleaf.standard.processor.StandardRemovableAttributeTagProcessor
[THYMELEAF]             * [* {th:accept-charset,data-th-accept-charset}] [1000]: org.thymeleaf.standard.processor.StandardRemovableAttributeTagProcessor
[THYMELEAF]             * [* {th:low,data-th-low}] [1000]: org.thymeleaf.standard.processor.StandardRemovableAttributeTagProcessor
[THYMELEAF]             * [* {th:background,data-th-background}] [1000]: org.thymeleaf.standard.processor.StandardRemovableAttributeTagProcessor
[THYMELEAF]             * [* {th:icon,data-th-icon}] [1000]: org.thymeleaf.standard.processor.StandardRemovableAttributeTagProcessor
[THYMELEAF]             * [* {th:cellspacing,data-th-cellspacing}] [1000]: org.thymeleaf.standard.processor.StandardRemovableAttributeTagProcessor
[THYMELEAF]             * [* {th:autocomplete,data-th-autocomplete}] [1000]: org.thymeleaf.standard.processor.StandardRemovableAttributeTagProcessor
[THYMELEAF]             * [* {th:dropzone,data-th-dropzone}] [1000]: org.thymeleaf.standard.processor.StandardRemovableAttributeTagProcessor
[THYMELEAF]             * [* {th:bgcolor,data-th-bgcolor}] [1000]: org.thymeleaf.standard.processor.StandardRemovableAttributeTagProcessor
[THYMELEAF]             * [* {th:srclang,data-th-srclang}] [1000]: org.thymeleaf.standard.processor.StandardRemovableAttributeTagProcessor
[THYMELEAF]             * [* {th:id,data-th-id}] [1000]: org.thymeleaf.standard.processor.StandardRemovableAttributeTagProcessor
[THYMELEAF]             * [* {th:manifest,data-th-manifest}] [1000]: org.thymeleaf.standard.processor.StandardRemovableAttributeTagProcessor
[THYMELEAF]             * [* {th:lang,data-th-lang}] [1000]: org.thymeleaf.standard.processor.StandardRemovableAttributeTagProcessor
[THYMELEAF]             * [* {th:list,data-th-list}] [1000]: org.thymeleaf.standard.processor.StandardRemovableAttributeTagProcessor
[THYMELEAF]             * [* {th:hreflang,data-th-hreflang}] [1000]: org.thymeleaf.standard.processor.StandardRemovableAttributeTagProcessor
[THYMELEAF]             * [* {th:archive,data-th-archive}] [1000]: org.thymeleaf.standard.processor.StandardRemovableAttributeTagProcessor
[THYMELEAF]             * [* {th:width,data-th-width}] [1000]: org.thymeleaf.standard.processor.StandardRemovableAttributeTagProcessor
[THYMELEAF]             * [* {th:sandbox,data-th-sandbox}] [1000]: org.thymeleaf.standard.processor.StandardRemovableAttributeTagProcessor
[THYMELEAF]             * [* {th:marginheight,data-th-marginheight}] [1000]: org.thymeleaf.standard.processor.StandardRemovableAttributeTagProcessor
[THYMELEAF]             * [* {th:for,data-th-for}] [1000]: org.thymeleaf.standard.processor.StandardRemovableAttributeTagProcessor
[THYMELEAF]             * [* {th:formenctype,data-th-formenctype}] [1000]: org.thymeleaf.standard.processor.StandardRemovableAttributeTagProcessor
[THYMELEAF]             * [* {th:datetime,data-th-datetime}] [1000]: org.thymeleaf.standard.processor.StandardRemovableAttributeTagProcessor
[THYMELEAF]             * [* {th:contextmenu,data-th-contextmenu}] [1000]: org.thymeleaf.standard.processor.StandardRemovableAttributeTagProcessor
[THYMELEAF]             * [* {th:media,data-th-media}] [1000]: org.thymeleaf.standard.processor.StandardRemovableAttributeTagProcessor
[THYMELEAF]             * [* {th:placeholder,data-th-placeholder}] [1000]: org.thymeleaf.standard.processor.StandardRemovableAttributeTagProcessor
[THYMELEAF]             * [* {th:frameborder,data-th-frameborder}] [1000]: org.thymeleaf.standard.processor.StandardRemovableAttributeTagProcessor
[THYMELEAF]             * [* {th:max,data-th-max}] [1000]: org.thymeleaf.standard.processor.StandardRemovableAttributeTagProcessor
[THYMELEAF]             * [* {th:headers,data-th-headers}] [1000]: org.thymeleaf.standard.processor.StandardRemovableAttributeTagProcessor
[THYMELEAF]             * [* {th:codetype,data-th-codetype}] [1000]: org.thymeleaf.standard.processor.StandardRemovableAttributeTagProcessor
[THYMELEAF]             * [* {th:abbr,data-th-abbr}] [1000]: org.thymeleaf.standard.processor.StandardRemovableAttributeTagProcessor
[THYMELEAF]             * [* {th:span,data-th-span}] [1000]: org.thymeleaf.standard.processor.StandardRemovableAttributeTagProcessor
[THYMELEAF]             * [* {th:rules,data-th-rules}] [1000]: org.thymeleaf.standard.processor.StandardRemovableAttributeTagProcessor
[THYMELEAF]             * [* {th:cite,data-th-cite}] [1000]: org.thymeleaf.standard.processor.StandardRemovableAttributeTagProcessor
[THYMELEAF]             * [* {th:marginwidth,data-th-marginwidth}] [1000]: org.thymeleaf.standard.processor.StandardRemovableAttributeTagProcessor
[THYMELEAF]             * [* {th:frame,data-th-frame}] [1000]: org.thymeleaf.standard.processor.StandardRemovableAttributeTagProcessor
[THYMELEAF]             * [* {th:axis,data-th-axis}] [1000]: org.thymeleaf.standard.processor.StandardRemovableAttributeTagProcessor
[THYMELEAF]             * [* {th:accesskey,data-th-accesskey}] [1000]: org.thymeleaf.standard.processor.StandardRemovableAttributeTagProcessor
[THYMELEAF]             * [* {th:preload,data-th-preload}] [1000]: org.thymeleaf.standard.processor.StandardRemovableAttributeTagProcessor
[THYMELEAF]             * [* {th:cols,data-th-cols}] [1000]: org.thymeleaf.standard.processor.StandardRemovableAttributeTagProcessor
[THYMELEAF]             * [* {th:vspace,data-th-vspace}] [1000]: org.thymeleaf.standard.processor.StandardRemovableAttributeTagProcessor
[THYMELEAF]             * [* {th:poster,data-th-poster}] [1000]: org.thymeleaf.standard.processor.StandardRemovableAttributeTagProcessor
[THYMELEAF]             * [* {th:min,data-th-min}] [1000]: org.thymeleaf.standard.processor.StandardRemovableAttributeTagProcessor
[THYMELEAF]             * [* {th:size,data-th-size}] [1000]: org.thymeleaf.standard.processor.StandardRemovableAttributeTagProcessor
[THYMELEAF]             * [* {th:contenteditable,data-th-contenteditable}] [1000]: org.thymeleaf.standard.processor.StandardRemovableAttributeTagProcessor
[THYMELEAF]             * [* {th:enctype,data-th-enctype}] [1000]: org.thymeleaf.standard.processor.StandardRemovableAttributeTagProcessor
[THYMELEAF]             * [* {th:pattern,data-th-pattern}] [1000]: org.thymeleaf.standard.processor.StandardRemovableAttributeTagProcessor
[THYMELEAF]             * [* {th:maxlength,data-th-maxlength}] [1000]: org.thymeleaf.standard.processor.StandardRemovableAttributeTagProcessor
[THYMELEAF]             * [* {th:http-equiv,data-th-http-equiv}] [1000]: org.thymeleaf.standard.processor.StandardRemovableAttributeTagProcessor
[THYMELEAF]             * [* {th:rev,data-th-rev}] [1000]: org.thymeleaf.standard.processor.StandardRemovableAttributeTagProcessor
[THYMELEAF]             * [* {th:scrolling,data-th-scrolling}] [1000]: org.thymeleaf.standard.processor.StandardRemovableAttributeTagProcessor
[THYMELEAF]             * [* {th:form,data-th-form}] [1000]: org.thymeleaf.standard.processor.StandardRemovableAttributeTagProcessor
[THYMELEAF]             * [* {th:dir,data-th-dir}] [1000]: org.thymeleaf.standard.processor.StandardRemovableAttributeTagProcessor
[THYMELEAF]             * [* {th:cellpadding,data-th-cellpadding}] [1000]: org.thymeleaf.standard.processor.StandardRemovableAttributeTagProcessor
[THYMELEAF]             * [* {th:align,data-th-align}] [1000]: org.thymeleaf.standard.processor.StandardRemovableAttributeTagProcessor
[THYMELEAF]             * [* {th:rel,data-th-rel}] [1000]: org.thymeleaf.standard.processor.StandardRemovableAttributeTagProcessor
[THYMELEAF]             * [* {th:summary,data-th-summary}] [1000]: org.thymeleaf.standard.processor.StandardRemovableAttributeTagProcessor
[THYMELEAF]             * [* {th:high,data-th-high}] [1000]: org.thymeleaf.standard.processor.StandardRemovableAttributeTagProcessor
[THYMELEAF]             * [* {th:class,data-th-class}] [1000]: org.thymeleaf.standard.processor.StandardRemovableAttributeTagProcessor
[THYMELEAF]             * [* {th:audio,data-th-audio}] [1000]: org.thymeleaf.standard.processor.StandardRemovableAttributeTagProcessor
[THYMELEAF]             * [* {th:spellcheck,data-th-spellcheck}] [1000]: org.thymeleaf.standard.processor.StandardRemovableAttributeTagProcessor
[THYMELEAF]             * [* {th:scope,data-th-scope}] [1000]: org.thymeleaf.standard.processor.StandardRemovableAttributeTagProcessor
[THYMELEAF]             * [* {th:alt,data-th-alt}] [1000]: org.thymeleaf.standard.processor.StandardRemovableAttributeTagProcessor
[THYMELEAF]             * [* {th:sizes,data-th-sizes}] [1000]: org.thymeleaf.standard.processor.StandardRemovableAttributeTagProcessor
[THYMELEAF]             * [* {th:content,data-th-content}] [1000]: org.thymeleaf.standard.processor.StandardRemovableAttributeTagProcessor
[THYMELEAF]             * [* {th:keytype,data-th-keytype}] [1000]: org.thymeleaf.standard.processor.StandardRemovableAttributeTagProcessor
[THYMELEAF]             * [* {th:step,data-th-step}] [1000]: org.thymeleaf.standard.processor.StandardRemovableAttributeTagProcessor
[THYMELEAF]             * [* {th:accept,data-th-accept}] [1000]: org.thymeleaf.standard.processor.StandardRemovableAttributeTagProcessor
[THYMELEAF]             * [* {th:title,data-th-title}] [1000]: org.thymeleaf.standard.processor.StandardRemovableAttributeTagProcessor
[THYMELEAF]             * [* {th:src,data-th-src}] [1000]: org.thymeleaf.standard.processor.StandardSrcTagProcessor
[THYMELEAF]             * [* {th:value,data-th-value}] [1000]: org.thymeleaf.standard.processor.StandardValueTagProcessor
[THYMELEAF]             * [* {th:xmlbase,data-th-xmlbase}] [1000]: org.thymeleaf.standard.processor.StandardXmlBaseTagProcessor
[THYMELEAF]             * [* {th:xmllang,data-th-xmllang}] [1000]: org.thymeleaf.standard.processor.StandardXmlLangTagProcessor
[THYMELEAF]             * [* {xmlns:th}] [1000]: org.thymeleaf.standard.processor.StandardXmlNsTagProcessor
[THYMELEAF]             * [* {th:xmlspace,data-th-xmlspace}] [1000]: org.thymeleaf.standard.processor.StandardXmlSpaceTagProcessor
[THYMELEAF]             * [* {th:classappend,data-th-classappend}] [1100]: org.thymeleaf.standard.processor.StandardClassappendTagProcessor
[THYMELEAF]             * [* {th:styleappend,data-th-styleappend}] [1100]: org.thymeleaf.standard.processor.StandardStyleappendTagProcessor
[THYMELEAF]             * [* {th:text,data-th-text}] [1300]: org.thymeleaf.standard.processor.StandardTextTagProcessor
[THYMELEAF]             * [* {th:utext,data-th-utext}] [1400]: org.thymeleaf.standard.processor.StandardUtextTagProcessor
[THYMELEAF]             * [* {th:fragment,data-th-fragment}] [1500]: org.thymeleaf.standard.processor.StandardFragmentTagProcessor
[THYMELEAF]             * [* {th:assert,data-th-assert}] [1550]: org.thymeleaf.standard.processor.StandardAssertTagProcessor
[THYMELEAF]             * [* {th:remove,data-th-remove}] [1600]: org.thymeleaf.standard.processor.StandardRemoveTagProcessor
[THYMELEAF]             * [* {th:ref,data-th-ref}] [10000]: org.thymeleaf.standard.processor.StandardRefAttributeTagProcessor
[THYMELEAF]             * [{th:block,th-block} *] [100000]: org.thymeleaf.standard.processor.StandardBlockTagProcessor
[THYMELEAF]             * [* th:*] [2147483647]: org.thymeleaf.standard.processor.StandardDefaultAttributesTagProcessor
[THYMELEAF]         * Text Processors by [precedence]:
[THYMELEAF]             * [1000]: org.thymeleaf.standard.processor.StandardInliningTextProcessor
[THYMELEAF]         * DOCTYPE Processors by [precedence]:
[THYMELEAF]             * [1000]: org.thymeleaf.standard.processor.StandardTranslationDocTypeProcessor
[THYMELEAF]         * CDATA Section Processors by [precedence]:
[THYMELEAF]             * [1000]: org.thymeleaf.standard.processor.StandardInliningCDATASectionProcessor
[THYMELEAF]         * Comment Processors by [precedence]:
[THYMELEAF]             * [1000]: org.thymeleaf.standard.processor.StandardInliningCommentProcessor
[THYMELEAF]             * [1100]: org.thymeleaf.standard.processor.StandardConditionalCommentProcessor
[THYMELEAF]     * Processors for Template Mode: XML
[THYMELEAF]         * Element Tag Processors by [matching element and attribute name] [precedence]:
[THYMELEAF]             * [* {th:include}] [100]: org.thymeleaf.standard.processor.StandardIncludeTagProcessor
[THYMELEAF]             * [* {th:insert}] [100]: org.thymeleaf.standard.processor.StandardInsertTagProcessor
[THYMELEAF]             * [* {th:replace}] [100]: org.thymeleaf.standard.processor.StandardReplaceTagProcessor
[THYMELEAF]             * [* {th:each}] [200]: com.intuit.karate.template.KarateEachTagProcessor
[THYMELEAF]             * [* {th:switch}] [250]: org.thymeleaf.standard.processor.StandardSwitchTagProcessor
[THYMELEAF]             * [* {th:case}] [275]: org.thymeleaf.standard.processor.StandardCaseTagProcessor
[THYMELEAF]             * [* {th:if}] [300]: org.thymeleaf.standard.processor.StandardIfTagProcessor
[THYMELEAF]             * [* {th:unless}] [400]: org.thymeleaf.standard.processor.StandardUnlessTagProcessor
[THYMELEAF]             * [* {th:object}] [500]: org.thymeleaf.standard.processor.StandardObjectTagProcessor
[THYMELEAF]             * [* {th:with}] [600]: com.intuit.karate.template.KarateWithTagProcessor
[THYMELEAF]             * [* {th:attr}] [700]: com.intuit.karate.template.KarateAttributeTagProcessor.KarateAttrTagProcessor
[THYMELEAF]             * [* {th:attrappend}] [900]: com.intuit.karate.template.KarateAttributeTagProcessor.KarateAttrappendTagProcessor
[THYMELEAF]             * [* {th:attrprepend}] [900]: com.intuit.karate.template.KarateAttributeTagProcessor.KarateAttrprependTagProcessor
[THYMELEAF]             * [* {th:inline}] [1000]: org.thymeleaf.standard.processor.StandardInlineXMLTagProcessor
[THYMELEAF]             * [* {xmlns:th}] [1000]: org.thymeleaf.standard.processor.StandardXmlNsTagProcessor
[THYMELEAF]             * [* {th:text}] [1300]: org.thymeleaf.standard.processor.StandardTextTagProcessor
[THYMELEAF]             * [* {th:utext}] [1400]: org.thymeleaf.standard.processor.StandardUtextTagProcessor
[THYMELEAF]             * [* {th:fragment}] [1500]: org.thymeleaf.standard.processor.StandardFragmentTagProcessor
[THYMELEAF]             * [* {th:assert}] [1550]: org.thymeleaf.standard.processor.StandardAssertTagProcessor
[THYMELEAF]             * [* {th:remove}] [1600]: org.thymeleaf.standard.processor.StandardRemoveTagProcessor
[THYMELEAF]             * [* {th:ref}] [10000]: org.thymeleaf.standard.processor.StandardRefAttributeTagProcessor
[THYMELEAF]             * [{th:block} *] [100000]: org.thymeleaf.standard.processor.StandardBlockTagProcessor
[THYMELEAF]             * [* th:*] [2147483647]: org.thymeleaf.standard.processor.StandardDefaultAttributesTagProcessor
[THYMELEAF]         * Text Processors by [precedence]:
[THYMELEAF]             * [1000]: org.thymeleaf.standard.processor.StandardInliningTextProcessor
[THYMELEAF]         * CDATA Section Processors by [precedence]:
[THYMELEAF]             * [1000]: org.thymeleaf.standard.processor.StandardInliningCDATASectionProcessor
[THYMELEAF]         * Comment Processors by [precedence]:
[THYMELEAF]             * [1000]: org.thymeleaf.standard.processor.StandardInliningCommentProcessor
[THYMELEAF]     * Processors for Template Mode: TEXT
[THYMELEAF]         * Element Tag Processors by [matching element and attribute name] [precedence]:
[THYMELEAF]             * [* {th:insert}] [100]: org.thymeleaf.standard.processor.StandardInsertTagProcessor
[THYMELEAF]             * [* {th:replace}] [100]: org.thymeleaf.standard.processor.StandardReplaceTagProcessor
[THYMELEAF]             * [* {th:each}] [200]: com.intuit.karate.template.KarateEachTagProcessor
[THYMELEAF]             * [* {th:switch}] [250]: org.thymeleaf.standard.processor.StandardSwitchTagProcessor
[THYMELEAF]             * [* {th:case}] [275]: org.thymeleaf.standard.processor.StandardCaseTagProcessor
[THYMELEAF]             * [* {th:if}] [300]: org.thymeleaf.standard.processor.StandardIfTagProcessor
[THYMELEAF]             * [* {th:unless}] [400]: org.thymeleaf.standard.processor.StandardUnlessTagProcessor
[THYMELEAF]             * [* {th:object}] [500]: org.thymeleaf.standard.processor.StandardObjectTagProcessor
[THYMELEAF]             * [* {th:with}] [600]: com.intuit.karate.template.KarateWithTagProcessor
[THYMELEAF]             * [* {th:inline}] [1000]: org.thymeleaf.standard.processor.StandardInlineTextualTagProcessor
[THYMELEAF]             * [* {th:text}] [1300]: org.thymeleaf.standard.processor.StandardTextTagProcessor
[THYMELEAF]             * [* {th:utext}] [1400]: org.thymeleaf.standard.processor.StandardUtextTagProcessor
[THYMELEAF]             * [* {th:assert}] [1550]: org.thymeleaf.standard.processor.StandardAssertTagProcessor
[THYMELEAF]             * [* {th:remove}] [1600]: org.thymeleaf.standard.processor.StandardRemoveTagProcessor
[THYMELEAF]             * [* 100000] [org.thymeleaf.standard.processor.StandardBlockTagProcessor]: {}
[THYMELEAF]             * [{th:block} *] [100000]: org.thymeleaf.standard.processor.StandardBlockTagProcessor
[THYMELEAF]         * Text Processors by [precedence]:
[THYMELEAF]             * [1000]: org.thymeleaf.standard.processor.StandardInliningTextProcessor
[THYMELEAF]     * Processors for Template Mode: JAVASCRIPT
[THYMELEAF]         * Element Tag Processors by [matching element and attribute name] [precedence]:
[THYMELEAF]             * [* {th:insert}] [100]: org.thymeleaf.standard.processor.StandardInsertTagProcessor
[THYMELEAF]             * [* {th:replace}] [100]: org.thymeleaf.standard.processor.StandardReplaceTagProcessor
[THYMELEAF]             * [* {th:each}] [200]: com.intuit.karate.template.KarateEachTagProcessor
[THYMELEAF]             * [* {th:switch}] [250]: org.thymeleaf.standard.processor.StandardSwitchTagProcessor
[THYMELEAF]             * [* {th:case}] [275]: org.thymeleaf.standard.processor.StandardCaseTagProcessor
[THYMELEAF]             * [* {th:if}] [300]: org.thymeleaf.standard.processor.StandardIfTagProcessor
[THYMELEAF]             * [* {th:unless}] [400]: org.thymeleaf.standard.processor.StandardUnlessTagProcessor
[THYMELEAF]             * [* {th:object}] [500]: org.thymeleaf.standard.processor.StandardObjectTagProcessor
[THYMELEAF]             * [* {th:with}] [600]: com.intuit.karate.template.KarateWithTagProcessor
[THYMELEAF]             * [* {th:inline}] [1000]: org.thymeleaf.standard.processor.StandardInlineTextualTagProcessor
[THYMELEAF]             * [* {th:text}] [1300]: org.thymeleaf.standard.processor.StandardTextTagProcessor
[THYMELEAF]             * [* {th:utext}] [1400]: org.thymeleaf.standard.processor.StandardUtextTagProcessor
[THYMELEAF]             * [* {th:assert}] [1550]: org.thymeleaf.standard.processor.StandardAssertTagProcessor
[THYMELEAF]             * [* {th:remove}] [1600]: org.thymeleaf.standard.processor.StandardRemoveTagProcessor
[THYMELEAF]             * [* 100000] [org.thymeleaf.standard.processor.StandardBlockTagProcessor]: {}
[THYMELEAF]             * [{th:block} *] [100000]: org.thymeleaf.standard.processor.StandardBlockTagProcessor
[THYMELEAF]         * Text Processors by [precedence]:
[THYMELEAF]             * [1000]: org.thymeleaf.standard.processor.StandardInliningTextProcessor
[THYMELEAF]     * Processors for Template Mode: CSS
[THYMELEAF]         * Element Tag Processors by [matching element and attribute name] [precedence]:
[THYMELEAF]             * [* {th:insert}] [100]: org.thymeleaf.standard.processor.StandardInsertTagProcessor
[THYMELEAF]             * [* {th:replace}] [100]: org.thymeleaf.standard.processor.StandardReplaceTagProcessor
[THYMELEAF]             * [* {th:each}] [200]: com.intuit.karate.template.KarateEachTagProcessor
[THYMELEAF]             * [* {th:switch}] [250]: org.thymeleaf.standard.processor.StandardSwitchTagProcessor
[THYMELEAF]             * [* {th:case}] [275]: org.thymeleaf.standard.processor.StandardCaseTagProcessor
[THYMELEAF]             * [* {th:if}] [300]: org.thymeleaf.standard.processor.StandardIfTagProcessor
[THYMELEAF]             * [* {th:unless}] [400]: org.thymeleaf.standard.processor.StandardUnlessTagProcessor
[THYMELEAF]             * [* {th:object}] [500]: org.thymeleaf.standard.processor.StandardObjectTagProcessor
[THYMELEAF]             * [* {th:with}] [600]: com.intuit.karate.template.KarateWithTagProcessor
[THYMELEAF]             * [* {th:inline}] [1000]: org.thymeleaf.standard.processor.StandardInlineTextualTagProcessor
[THYMELEAF]             * [* {th:text}] [1300]: org.thymeleaf.standard.processor.StandardTextTagProcessor
[THYMELEAF]             * [* {th:utext}] [1400]: org.thymeleaf.standard.processor.StandardUtextTagProcessor
[THYMELEAF]             * [* {th:assert}] [1550]: org.thymeleaf.standard.processor.StandardAssertTagProcessor
[THYMELEAF]             * [* {th:remove}] [1600]: org.thymeleaf.standard.processor.StandardRemoveTagProcessor
[THYMELEAF]             * [{th:block} *] [100000]: org.thymeleaf.standard.processor.StandardBlockTagProcessor
[THYMELEAF]             * [* 100000] [org.thymeleaf.standard.processor.StandardBlockTagProcessor]: {}
[THYMELEAF]         * Text Processors by [precedence]:
[THYMELEAF]             * [1000]: org.thymeleaf.standard.processor.StandardInliningTextProcessor
[THYMELEAF]     * Expression Objects:
[THYMELEAF]         * #ctx
[THYMELEAF]         * #root
[THYMELEAF]         * #vars
[THYMELEAF]         * #object
[THYMELEAF]         * #locale
[THYMELEAF]         * #conversions
[THYMELEAF]         * #uris
[THYMELEAF]         * #temporals
[THYMELEAF]         * #calendars
[THYMELEAF]         * #dates
[THYMELEAF]         * #bools
[THYMELEAF]         * #numbers
[THYMELEAF]         * #objects
[THYMELEAF]         * #strings
[THYMELEAF]         * #arrays
[THYMELEAF]         * #lists
[THYMELEAF]         * #sets
[THYMELEAF]         * #maps
[THYMELEAF]         * #aggregates
[THYMELEAF]         * #messages
[THYMELEAF]         * #ids
[THYMELEAF]         * #execInfo
[THYMELEAF]         * #request
[THYMELEAF]         * #response
[THYMELEAF]         * #session
[THYMELEAF]         * #servletContext
[THYMELEAF]     * Execution Attributes:
[THYMELEAF]         * "StandardExpressionParser": com.intuit.karate.template.KarateStandardDialect@5fe8905e
[THYMELEAF]         * "StandardJavaScriptSerializer": org.thymeleaf.standard.serializer.StandardJavaScriptSerializer@6bfe591f
[THYMELEAF]         * "StandardCSSSerializer": org.thymeleaf.standard.serializer.StandardCSSSerializer@db446d3
[THYMELEAF]         * "StandardVariableExpressionEvaluator": com.intuit.karate.template.KarateStandardDialect@5fe8905e
[THYMELEAF]         * "StandardConversionService": org.thymeleaf.standard.expression.StandardConversionService@13125163
[THYMELEAF] * Dialect [2 of 2]: karate (com.intuit.karate.template.KarateScriptDialect)
[THYMELEAF]     * Prefix: "ka"
[THYMELEAF]     * Processors for Template Mode: HTML
[THYMELEAF]         * Element Tag Processors by [matching element and attribute name] [precedence]:
[THYMELEAF]             * [* {src}] [1000]: com.intuit.karate.template.KaScriptAttrProcessor
[THYMELEAF]         * Element Model Processors by [matching element and attribute name] [precedence]:
[THYMELEAF]             * [{script} {ka:scope,data-ka-scope}] [1000]: com.intuit.karate.template.KaScriptElemProcessor
[THYMELEAF]             * [* {ka:set,data-ka-set}] [1000]: com.intuit.karate.template.KaSetElemProcessor
[THYMELEAF] TEMPLATE ENGINE CONFIGURED OK
16:40:46.107 [pool-3-thread-1] DEBUG org.thymeleaf.TemplateEngine -- [THYMELEAF] TEMPLATE ENGINE INITIALIZED
---------------------------------------------------------
feature: classpath:api/producto/4_eliminar sad path.feature
scenarios:  2 | passed:  2 | failed:  0 | time: 0.2016
---------------------------------------------------------

16:40:46.255 [pool-3-thread-1] INFO com.intuit.karate.Suite -- <<pass>> feature 7 of 11 (4 remaining) classpath:api/producto/4_eliminar sad path.feature
16:40:46.258 [pool-3-thread-1] DEBUG com.jayway.jsonpath.internal.path.CompiledPath -- Evaluating path: $
16:40:46.260 [pool-3-thread-1] DEBUG com.jayway.jsonpath.internal.path.CompiledPath -- Evaluating path: $
16:40:46.264 [pool-3-thread-1] DEBUG org.thymeleaf.TemplateEngine -- [THYMELEAF] INITIALIZING TEMPLATE ENGINE
16:40:46.275 [pool-3-thread-1] DEBUG org.thymeleaf.TemplateEngine.CONFIG -- Initializing Thymeleaf Template engine configuration...
[THYMELEAF] TEMPLATE ENGINE CONFIGURATION:
[THYMELEAF] * Thymeleaf version: 3.1.2.RELEASE (built 2023-07-30T19:25:50+0000)
[THYMELEAF] * Cache Manager implementation: org.thymeleaf.cache.StandardCacheManager
[THYMELEAF] * Template resolvers:
[THYMELEAF]     * [1] com.intuit.karate.template.ResourceHtmlTemplateResolver
[THYMELEAF] * Message resolvers:
[THYMELEAF]     * org.thymeleaf.messageresolver.StandardMessageResolver
[THYMELEAF] * Link builders:
[THYMELEAF]     * org.thymeleaf.linkbuilder.StandardLinkBuilder
[THYMELEAF] * Dialect [1 of 2]: Standard (com.intuit.karate.template.KarateStandardDialect)
[THYMELEAF]     * Prefix: "th"
[THYMELEAF]     * Processors for Template Mode: HTML
[THYMELEAF]         * Element Tag Processors by [matching element and attribute name] [precedence]:
[THYMELEAF]             * [* {th:include,data-th-include}] [100]: org.thymeleaf.standard.processor.StandardIncludeTagProcessor
[THYMELEAF]             * [* {th:insert,data-th-insert}] [100]: org.thymeleaf.standard.processor.StandardInsertTagProcessor
[THYMELEAF]             * [* {th:replace,data-th-replace}] [100]: org.thymeleaf.standard.processor.StandardReplaceTagProcessor
[THYMELEAF]             * [* {th:each,data-th-each}] [200]: com.intuit.karate.template.KarateEachTagProcessor
[THYMELEAF]             * [* {th:switch,data-th-switch}] [250]: org.thymeleaf.standard.processor.StandardSwitchTagProcessor
[THYMELEAF]             * [* {th:case,data-th-case}] [275]: org.thymeleaf.standard.processor.StandardCaseTagProcessor
[THYMELEAF]             * [* {th:if,data-th-if}] [300]: org.thymeleaf.standard.processor.StandardIfTagProcessor
[THYMELEAF]             * [* {th:unless,data-th-unless}] [400]: org.thymeleaf.standard.processor.StandardUnlessTagProcessor
[THYMELEAF]             * [* {th:object,data-th-object}] [500]: org.thymeleaf.standard.processor.StandardObjectTagProcessor
[THYMELEAF]             * [* {th:with,data-th-with}] [600]: com.intuit.karate.template.KarateWithTagProcessor
[THYMELEAF]             * [* {th:attr,data-th-attr}] [700]: com.intuit.karate.template.KarateAttributeTagProcessor.KarateAttrTagProcessor
[THYMELEAF]             * [* {th:attrappend,data-th-attrappend}] [900]: com.intuit.karate.template.KarateAttributeTagProcessor.KarateAttrappendTagProcessor
[THYMELEAF]             * [* {th:attrprepend,data-th-attrprepend}] [900]: com.intuit.karate.template.KarateAttributeTagProcessor.KarateAttrprependTagProcessor
[THYMELEAF]             * [* {th:alt-title,data-th-alt-title}] [990]: org.thymeleaf.standard.processor.StandardAltTitleTagProcessor
[THYMELEAF]             * [* {th:lang-xmllang,data-th-lang-xmllang}] [990]: org.thymeleaf.standard.processor.StandardLangXmlLangTagProcessor
[THYMELEAF]             * [* {th:action,data-th-action}] [1000]: org.thymeleaf.standard.processor.StandardActionTagProcessor
[THYMELEAF]             * [* {th:pubdate,data-th-pubdate}] [1000]: org.thymeleaf.standard.processor.StandardConditionalFixedValueTagProcessor
[THYMELEAF]             * [* {th:async,data-th-async}] [1000]: org.thymeleaf.standard.processor.StandardConditionalFixedValueTagProcessor
[THYMELEAF]             * [* {th:novalidate,data-th-novalidate}] [1000]: org.thymeleaf.standard.processor.StandardConditionalFixedValueTagProcessor
[THYMELEAF]             * [* {th:scoped,data-th-scoped}] [1000]: org.thymeleaf.standard.processor.StandardConditionalFixedValueTagProcessor
[THYMELEAF]             * [* {th:default,data-th-default}] [1000]: org.thymeleaf.standard.processor.StandardConditionalFixedValueTagProcessor
[THYMELEAF]             * [* {th:seamless,data-th-seamless}] [1000]: org.thymeleaf.standard.processor.StandardConditionalFixedValueTagProcessor
[THYMELEAF]             * [* {th:checked,data-th-checked}] [1000]: org.thymeleaf.standard.processor.StandardConditionalFixedValueTagProcessor
[THYMELEAF]             * [* {th:reversed,data-th-reversed}] [1000]: org.thymeleaf.standard.processor.StandardConditionalFixedValueTagProcessor
[THYMELEAF]             * [* {th:controls,data-th-controls}] [1000]: org.thymeleaf.standard.processor.StandardConditionalFixedValueTagProcessor
[THYMELEAF]             * [* {th:declare,data-th-declare}] [1000]: org.thymeleaf.standard.processor.StandardConditionalFixedValueTagProcessor
[THYMELEAF]             * [* {th:autofocus,data-th-autofocus}] [1000]: org.thymeleaf.standard.processor.StandardConditionalFixedValueTagProcessor
[THYMELEAF]             * [* {th:nowrap,data-th-nowrap}] [1000]: org.thymeleaf.standard.processor.StandardConditionalFixedValueTagProcessor
[THYMELEAF]             * [* {th:hidden,data-th-hidden}] [1000]: org.thymeleaf.standard.processor.StandardConditionalFixedValueTagProcessor
[THYMELEAF]             * [* {th:multiple,data-th-multiple}] [1000]: org.thymeleaf.standard.processor.StandardConditionalFixedValueTagProcessor
[THYMELEAF]             * [* {th:loop,data-th-loop}] [1000]: org.thymeleaf.standard.processor.StandardConditionalFixedValueTagProcessor
[THYMELEAF]             * [* {th:open,data-th-open}] [1000]: org.thymeleaf.standard.processor.StandardConditionalFixedValueTagProcessor
[THYMELEAF]             * [* {th:ismap,data-th-ismap}] [1000]: org.thymeleaf.standard.processor.StandardConditionalFixedValueTagProcessor
[THYMELEAF]             * [* {th:disabled,data-th-disabled}] [1000]: org.thymeleaf.standard.processor.StandardConditionalFixedValueTagProcessor
[THYMELEAF]             * [* {th:defer,data-th-defer}] [1000]: org.thymeleaf.standard.processor.StandardConditionalFixedValueTagProcessor
[THYMELEAF]             * [* {th:selected,data-th-selected}] [1000]: org.thymeleaf.standard.processor.StandardConditionalFixedValueTagProcessor
[THYMELEAF]             * [* {th:required,data-th-required}] [1000]: org.thymeleaf.standard.processor.StandardConditionalFixedValueTagProcessor
[THYMELEAF]             * [* {th:formnovalidate,data-th-formnovalidate}] [1000]: org.thymeleaf.standard.processor.StandardConditionalFixedValueTagProcessor
[THYMELEAF]             * [* {th:readonly,data-th-readonly}] [1000]: org.thymeleaf.standard.processor.StandardConditionalFixedValueTagProcessor
[THYMELEAF]             * [* {th:autoplay,data-th-autoplay}] [1000]: org.thymeleaf.standard.processor.StandardConditionalFixedValueTagProcessor
[THYMELEAF]             * [* {th:oninput,data-th-oninput}] [1000]: org.thymeleaf.standard.processor.StandardDOMEventAttributeTagProcessor
[THYMELEAF]             * [* {th:ondrag,data-th-ondrag}] [1000]: org.thymeleaf.standard.processor.StandardDOMEventAttributeTagProcessor
[THYMELEAF]             * [* {th:onloadedmetadata,data-th-onloadedmetadata}] [1000]: org.thymeleaf.standard.processor.StandardDOMEventAttributeTagProcessor
[THYMELEAF]             * [* {th:onplay,data-th-onplay}] [1000]: org.thymeleaf.standard.processor.StandardDOMEventAttributeTagProcessor
[THYMELEAF]             * [* {th:ondragenter,data-th-ondragenter}] [1000]: org.thymeleaf.standard.processor.StandardDOMEventAttributeTagProcessor
[THYMELEAF]             * [* {th:onforminput,data-th-onforminput}] [1000]: org.thymeleaf.standard.processor.StandardDOMEventAttributeTagProcessor
[THYMELEAF]             * [* {th:ondragend,data-th-ondragend}] [1000]: org.thymeleaf.standard.processor.StandardDOMEventAttributeTagProcessor
[THYMELEAF]             * [* {th:onresize,data-th-onresize}] [1000]: org.thymeleaf.standard.processor.StandardDOMEventAttributeTagProcessor
[THYMELEAF]             * [* {th:onratechange,data-th-onratechange}] [1000]: org.thymeleaf.standard.processor.StandardDOMEventAttributeTagProcessor
[THYMELEAF]             * [* {th:onsuspend,data-th-onsuspend}] [1000]: org.thymeleaf.standard.processor.StandardDOMEventAttributeTagProcessor
[THYMELEAF]             * [* {th:onclick,data-th-onclick}] [1000]: org.thymeleaf.standard.processor.StandardDOMEventAttributeTagProcessor
[THYMELEAF]             * [* {th:onshow,data-th-onshow}] [1000]: org.thymeleaf.standard.processor.StandardDOMEventAttributeTagProcessor
[THYMELEAF]             * [* {th:onloadstart,data-th-onloadstart}] [1000]: org.thymeleaf.standard.processor.StandardDOMEventAttributeTagProcessor
[THYMELEAF]             * [* {th:onpopstate,data-th-onpopstate}] [1000]: org.thymeleaf.standard.processor.StandardDOMEventAttributeTagProcessor
[THYMELEAF]             * [* {th:onmousedown,data-th-onmousedown}] [1000]: org.thymeleaf.standard.processor.StandardDOMEventAttributeTagProcessor
[THYMELEAF]             * [* {th:ondragstart,data-th-ondragstart}] [1000]: org.thymeleaf.standard.processor.StandardDOMEventAttributeTagProcessor
[THYMELEAF]             * [* {th:onoffline,data-th-onoffline}] [1000]: org.thymeleaf.standard.processor.StandardDOMEventAttributeTagProcessor
[THYMELEAF]             * [* {th:oncontextmenu,data-th-oncontextmenu}] [1000]: org.thymeleaf.standard.processor.StandardDOMEventAttributeTagProcessor
[THYMELEAF]             * [* {th:onselect,data-th-onselect}] [1000]: org.thymeleaf.standard.processor.StandardDOMEventAttributeTagProcessor
[THYMELEAF]             * [* {th:onfocus,data-th-onfocus}] [1000]: org.thymeleaf.standard.processor.StandardDOMEventAttributeTagProcessor
[THYMELEAF]             * [* {th:oncanplay,data-th-oncanplay}] [1000]: org.thymeleaf.standard.processor.StandardDOMEventAttributeTagProcessor
[THYMELEAF]             * [* {th:onbeforeunload,data-th-onbeforeunload}] [1000]: org.thymeleaf.standard.processor.StandardDOMEventAttributeTagProcessor
[THYMELEAF]             * [* {th:oncanplaythrough,data-th-oncanplaythrough}] [1000]: org.thymeleaf.standard.processor.StandardDOMEventAttributeTagProcessor
[THYMELEAF]             * [* {th:onreadystatechange,data-th-onreadystatechange}] [1000]: org.thymeleaf.standard.processor.StandardDOMEventAttributeTagProcessor
[THYMELEAF]             * [* {th:onsubmit,data-th-onsubmit}] [1000]: org.thymeleaf.standard.processor.StandardDOMEventAttributeTagProcessor
[THYMELEAF]             * [* {th:onmessage,data-th-onmessage}] [1000]: org.thymeleaf.standard.processor.StandardDOMEventAttributeTagProcessor
[THYMELEAF]             * [* {th:onundo,data-th-onundo}] [1000]: org.thymeleaf.standard.processor.StandardDOMEventAttributeTagProcessor
[THYMELEAF]             * [* {th:onreset,data-th-onreset}] [1000]: org.thymeleaf.standard.processor.StandardDOMEventAttributeTagProcessor
[THYMELEAF]             * [* {th:ondblclick,data-th-ondblclick}] [1000]: org.thymeleaf.standard.processor.StandardDOMEventAttributeTagProcessor
[THYMELEAF]             * [* {th:onmousewheel,data-th-onmousewheel}] [1000]: org.thymeleaf.standard.processor.StandardDOMEventAttributeTagProcessor
[THYMELEAF]             * [* {th:onkeydown,data-th-onkeydown}] [1000]: org.thymeleaf.standard.processor.StandardDOMEventAttributeTagProcessor
[THYMELEAF]             * [* {th:onseeking,data-th-onseeking}] [1000]: org.thymeleaf.standard.processor.StandardDOMEventAttributeTagProcessor
[THYMELEAF]             * [* {th:onwaiting,data-th-onwaiting}] [1000]: org.thymeleaf.standard.processor.StandardDOMEventAttributeTagProcessor
[THYMELEAF]             * [* {th:onredo,data-th-onredo}] [1000]: org.thymeleaf.standard.processor.StandardDOMEventAttributeTagProcessor
[THYMELEAF]             * [* {th:onmouseup,data-th-onmouseup}] [1000]: org.thymeleaf.standard.processor.StandardDOMEventAttributeTagProcessor
[THYMELEAF]             * [* {th:onseeked,data-th-onseeked}] [1000]: org.thymeleaf.standard.processor.StandardDOMEventAttributeTagProcessor
[THYMELEAF]             * [* {th:onload,data-th-onload}] [1000]: org.thymeleaf.standard.processor.StandardDOMEventAttributeTagProcessor
[THYMELEAF]             * [* {th:onemptied,data-th-onemptied}] [1000]: org.thymeleaf.standard.processor.StandardDOMEventAttributeTagProcessor
[THYMELEAF]             * [* {th:onunload,data-th-onunload}] [1000]: org.thymeleaf.standard.processor.StandardDOMEventAttributeTagProcessor
[THYMELEAF]             * [* {th:onplaying,data-th-onplaying}] [1000]: org.thymeleaf.standard.processor.StandardDOMEventAttributeTagProcessor
[THYMELEAF]             * [* {th:onloadeddata,data-th-onloadeddata}] [1000]: org.thymeleaf.standard.processor.StandardDOMEventAttributeTagProcessor
[THYMELEAF]             * [* {th:onhashchange,data-th-onhashchange}] [1000]: org.thymeleaf.standard.processor.StandardDOMEventAttributeTagProcessor
[THYMELEAF]             * [* {th:onabort,data-th-onabort}] [1000]: org.thymeleaf.standard.processor.StandardDOMEventAttributeTagProcessor
[THYMELEAF]             * [* {th:ondragleave,data-th-ondragleave}] [1000]: org.thymeleaf.standard.processor.StandardDOMEventAttributeTagProcessor
[THYMELEAF]             * [* {th:oninvalid,data-th-oninvalid}] [1000]: org.thymeleaf.standard.processor.StandardDOMEventAttributeTagProcessor
[THYMELEAF]             * [* {th:onbeforeprint,data-th-onbeforeprint}] [1000]: org.thymeleaf.standard.processor.StandardDOMEventAttributeTagProcessor
[THYMELEAF]             * [* {th:onchange,data-th-onchange}] [1000]: org.thymeleaf.standard.processor.StandardDOMEventAttributeTagProcessor
[THYMELEAF]             * [* {th:onstorage,data-th-onstorage}] [1000]: org.thymeleaf.standard.processor.StandardDOMEventAttributeTagProcessor
[THYMELEAF]             * [* {th:onblur,data-th-onblur}] [1000]: org.thymeleaf.standard.processor.StandardDOMEventAttributeTagProcessor
[THYMELEAF]             * [* {th:onscroll,data-th-onscroll}] [1000]: org.thymeleaf.standard.processor.StandardDOMEventAttributeTagProcessor
[THYMELEAF]             * [* {th:onkeyup,data-th-onkeyup}] [1000]: org.thymeleaf.standard.processor.StandardDOMEventAttributeTagProcessor
[THYMELEAF]             * [* {th:onkeypress,data-th-onkeypress}] [1000]: org.thymeleaf.standard.processor.StandardDOMEventAttributeTagProcessor
[THYMELEAF]             * [* {th:onafterprint,data-th-onafterprint}] [1000]: org.thymeleaf.standard.processor.StandardDOMEventAttributeTagProcessor
[THYMELEAF]             * [* {th:ondragover,data-th-ondragover}] [1000]: org.thymeleaf.standard.processor.StandardDOMEventAttributeTagProcessor
[THYMELEAF]             * [* {th:onended,data-th-onended}] [1000]: org.thymeleaf.standard.processor.StandardDOMEventAttributeTagProcessor
[THYMELEAF]             * [* {th:ondurationchange,data-th-ondurationchange}] [1000]: org.thymeleaf.standard.processor.StandardDOMEventAttributeTagProcessor
[THYMELEAF]             * [* {th:onstalled,data-th-onstalled}] [1000]: org.thymeleaf.standard.processor.StandardDOMEventAttributeTagProcessor
[THYMELEAF]             * [* {th:ondrop,data-th-ondrop}] [1000]: org.thymeleaf.standard.processor.StandardDOMEventAttributeTagProcessor
[THYMELEAF]             * [* {th:ononline,data-th-ononline}] [1000]: org.thymeleaf.standard.processor.StandardDOMEventAttributeTagProcessor
[THYMELEAF]             * [* {th:onprogress,data-th-onprogress}] [1000]: org.thymeleaf.standard.processor.StandardDOMEventAttributeTagProcessor
[THYMELEAF]             * [* {th:onmousemove,data-th-onmousemove}] [1000]: org.thymeleaf.standard.processor.StandardDOMEventAttributeTagProcessor
[THYMELEAF]             * [* {th:onformchange,data-th-onformchange}] [1000]: org.thymeleaf.standard.processor.StandardDOMEventAttributeTagProcessor
[THYMELEAF]             * [* {th:onpause,data-th-onpause}] [1000]: org.thymeleaf.standard.processor.StandardDOMEventAttributeTagProcessor
[THYMELEAF]             * [* {th:ontimeupdate,data-th-ontimeupdate}] [1000]: org.thymeleaf.standard.processor.StandardDOMEventAttributeTagProcessor
[THYMELEAF]             * [* {th:onmouseout,data-th-onmouseout}] [1000]: org.thymeleaf.standard.processor.StandardDOMEventAttributeTagProcessor
[THYMELEAF]             * [* {th:onerror,data-th-onerror}] [1000]: org.thymeleaf.standard.processor.StandardDOMEventAttributeTagProcessor
[THYMELEAF]             * [* {th:onvolumechange,data-th-onvolumechange}] [1000]: org.thymeleaf.standard.processor.StandardDOMEventAttributeTagProcessor
[THYMELEAF]             * [* {th:onmouseover,data-th-onmouseover}] [1000]: org.thymeleaf.standard.processor.StandardDOMEventAttributeTagProcessor
[THYMELEAF]             * [* {th:href,data-th-href}] [1000]: org.thymeleaf.standard.processor.StandardHrefTagProcessor
[THYMELEAF]             * [* {th:inline,data-th-inline}] [1000]: org.thymeleaf.standard.processor.StandardInlineHTMLTagProcessor
[THYMELEAF]             * [* {th:method,data-th-method}] [1000]: org.thymeleaf.standard.processor.StandardMethodTagProcessor
[THYMELEAF]             * [* {th:type,data-th-type}] [1000]: org.thymeleaf.standard.processor.StandardNonRemovableAttributeTagProcessor
[THYMELEAF]             * [* {th:name,data-th-name}] [1000]: org.thymeleaf.standard.processor.StandardNonRemovableAttributeTagProcessor
[THYMELEAF]             * [* {th:rel,data-th-rel}] [1000]: org.thymeleaf.standard.processor.StandardRemovableAttributeTagProcessor
[THYMELEAF]             * [* {th:scope,data-th-scope}] [1000]: org.thymeleaf.standard.processor.StandardRemovableAttributeTagProcessor
[THYMELEAF]             * [* {th:preload,data-th-preload}] [1000]: org.thymeleaf.standard.processor.StandardRemovableAttributeTagProcessor
[THYMELEAF]             * [* {th:max,data-th-max}] [1000]: org.thymeleaf.standard.processor.StandardRemovableAttributeTagProcessor
[THYMELEAF]             * [* {th:hspace,data-th-hspace}] [1000]: org.thymeleaf.standard.processor.StandardRemovableAttributeTagProcessor
[THYMELEAF]             * [* {th:icon,data-th-icon}] [1000]: org.thymeleaf.standard.processor.StandardRemovableAttributeTagProcessor
[THYMELEAF]             * [* {th:rows,data-th-rows}] [1000]: org.thymeleaf.standard.processor.StandardRemovableAttributeTagProcessor
[THYMELEAF]             * [* {th:alt,data-th-alt}] [1000]: org.thymeleaf.standard.processor.StandardRemovableAttributeTagProcessor
[THYMELEAF]             * [* {th:radiogroup,data-th-radiogroup}] [1000]: org.thymeleaf.standard.processor.StandardRemovableAttributeTagProcessor
[THYMELEAF]             * [* {th:formtarget,data-th-formtarget}] [1000]: org.thymeleaf.standard.processor.StandardRemovableAttributeTagProcessor
[THYMELEAF]             * [* {th:srclang,data-th-srclang}] [1000]: org.thymeleaf.standard.processor.StandardRemovableAttributeTagProcessor
[THYMELEAF]             * [* {th:audio,data-th-audio}] [1000]: org.thymeleaf.standard.processor.StandardRemovableAttributeTagProcessor
[THYMELEAF]             * [* {th:manifest,data-th-manifest}] [1000]: org.thymeleaf.standard.processor.StandardRemovableAttributeTagProcessor
[THYMELEAF]             * [* {th:low,data-th-low}] [1000]: org.thymeleaf.standard.processor.StandardRemovableAttributeTagProcessor
[THYMELEAF]             * [* {th:bgcolor,data-th-bgcolor}] [1000]: org.thymeleaf.standard.processor.StandardRemovableAttributeTagProcessor
[THYMELEAF]             * [* {th:vspace,data-th-vspace}] [1000]: org.thymeleaf.standard.processor.StandardRemovableAttributeTagProcessor
[THYMELEAF]             * [* {th:longdesc,data-th-longdesc}] [1000]: org.thymeleaf.standard.processor.StandardRemovableAttributeTagProcessor
[THYMELEAF]             * [* {th:rev,data-th-rev}] [1000]: org.thymeleaf.standard.processor.StandardRemovableAttributeTagProcessor
[THYMELEAF]             * [* {th:summary,data-th-summary}] [1000]: org.thymeleaf.standard.processor.StandardRemovableAttributeTagProcessor
[THYMELEAF]             * [* {th:abbr,data-th-abbr}] [1000]: org.thymeleaf.standard.processor.StandardRemovableAttributeTagProcessor
[THYMELEAF]             * [* {th:start,data-th-start}] [1000]: org.thymeleaf.standard.processor.StandardRemovableAttributeTagProcessor
[THYMELEAF]             * [* {th:data,data-th-data}] [1000]: org.thymeleaf.standard.processor.StandardRemovableAttributeTagProcessor
[THYMELEAF]             * [* {th:pattern,data-th-pattern}] [1000]: org.thymeleaf.standard.processor.StandardRemovableAttributeTagProcessor
[THYMELEAF]             * [* {th:tabindex,data-th-tabindex}] [1000]: org.thymeleaf.standard.processor.StandardRemovableAttributeTagProcessor
[THYMELEAF]             * [* {th:sandbox,data-th-sandbox}] [1000]: org.thymeleaf.standard.processor.StandardRemovableAttributeTagProcessor
[THYMELEAF]             * [* {th:rowspan,data-th-rowspan}] [1000]: org.thymeleaf.standard.processor.StandardRemovableAttributeTagProcessor
[THYMELEAF]             * [* {th:scheme,data-th-scheme}] [1000]: org.thymeleaf.standard.processor.StandardRemovableAttributeTagProcessor
[THYMELEAF]             * [* {th:width,data-th-width}] [1000]: org.thymeleaf.standard.processor.StandardRemovableAttributeTagProcessor
[THYMELEAF]             * [* {th:size,data-th-size}] [1000]: org.thymeleaf.standard.processor.StandardRemovableAttributeTagProcessor
[THYMELEAF]             * [* {th:standby,data-th-standby}] [1000]: org.thymeleaf.standard.processor.StandardRemovableAttributeTagProcessor
[THYMELEAF]             * [* {th:target,data-th-target}] [1000]: org.thymeleaf.standard.processor.StandardRemovableAttributeTagProcessor
[THYMELEAF]             * [* {th:charset,data-th-charset}] [1000]: org.thymeleaf.standard.processor.StandardRemovableAttributeTagProcessor
[THYMELEAF]             * [* {th:style,data-th-style}] [1000]: org.thymeleaf.standard.processor.StandardRemovableAttributeTagProcessor
[THYMELEAF]             * [* {th:usemap,data-th-usemap}] [1000]: org.thymeleaf.standard.processor.StandardRemovableAttributeTagProcessor
[THYMELEAF]             * [* {th:headers,data-th-headers}] [1000]: org.thymeleaf.standard.processor.StandardRemovableAttributeTagProcessor
[THYMELEAF]             * [* {th:classid,data-th-classid}] [1000]: org.thymeleaf.standard.processor.StandardRemovableAttributeTagProcessor
[THYMELEAF]             * [* {th:frameborder,data-th-frameborder}] [1000]: org.thymeleaf.standard.processor.StandardRemovableAttributeTagProcessor
[THYMELEAF]             * [* {th:enctype,data-th-enctype}] [1000]: org.thymeleaf.standard.processor.StandardRemovableAttributeTagProcessor
[THYMELEAF]             * [* {th:archive,data-th-archive}] [1000]: org.thymeleaf.standard.processor.StandardRemovableAttributeTagProcessor
[THYMELEAF]             * [* {th:id,data-th-id}] [1000]: org.thymeleaf.standard.processor.StandardRemovableAttributeTagProcessor
[THYMELEAF]             * [* {th:challenge,data-th-challenge}] [1000]: org.thymeleaf.standard.processor.StandardRemovableAttributeTagProcessor
[THYMELEAF]             * [* {th:draggable,data-th-draggable}] [1000]: org.thymeleaf.standard.processor.StandardRemovableAttributeTagProcessor
[THYMELEAF]             * [* {th:datetime,data-th-datetime}] [1000]: org.thymeleaf.standard.processor.StandardRemovableAttributeTagProcessor
[THYMELEAF]             * [* {th:form,data-th-form}] [1000]: org.thymeleaf.standard.processor.StandardRemovableAttributeTagProcessor
[THYMELEAF]             * [* {th:optimum,data-th-optimum}] [1000]: org.thymeleaf.standard.processor.StandardRemovableAttributeTagProcessor
[THYMELEAF]             * [* {th:spellcheck,data-th-spellcheck}] [1000]: org.thymeleaf.standard.processor.StandardRemovableAttributeTagProcessor
[THYMELEAF]             * [* {th:formenctype,data-th-formenctype}] [1000]: org.thymeleaf.standard.processor.StandardRemovableAttributeTagProcessor
[THYMELEAF]             * [* {th:codetype,data-th-codetype}] [1000]: org.thymeleaf.standard.processor.StandardRemovableAttributeTagProcessor
[THYMELEAF]             * [* {th:colspan,data-th-colspan}] [1000]: org.thymeleaf.standard.processor.StandardRemovableAttributeTagProcessor
[THYMELEAF]             * [* {th:class,data-th-class}] [1000]: org.thymeleaf.standard.processor.StandardRemovableAttributeTagProcessor
[THYMELEAF]             * [* {th:step,data-th-step}] [1000]: org.thymeleaf.standard.processor.StandardRemovableAttributeTagProcessor
[THYMELEAF]             * [* {th:maxlength,data-th-maxlength}] [1000]: org.thymeleaf.standard.processor.StandardRemovableAttributeTagProcessor
[THYMELEAF]             * [* {th:cellspacing,data-th-cellspacing}] [1000]: org.thymeleaf.standard.processor.StandardRemovableAttributeTagProcessor
[THYMELEAF]             * [* {th:scrolling,data-th-scrolling}] [1000]: org.thymeleaf.standard.processor.StandardRemovableAttributeTagProcessor
[THYMELEAF]             * [* {th:title,data-th-title}] [1000]: org.thymeleaf.standard.processor.StandardRemovableAttributeTagProcessor
[THYMELEAF]             * [* {th:hreflang,data-th-hreflang}] [1000]: org.thymeleaf.standard.processor.StandardRemovableAttributeTagProcessor
[THYMELEAF]             * [* {th:height,data-th-height}] [1000]: org.thymeleaf.standard.processor.StandardRemovableAttributeTagProcessor
[THYMELEAF]             * [* {th:content,data-th-content}] [1000]: org.thymeleaf.standard.processor.StandardRemovableAttributeTagProcessor
[THYMELEAF]             * [* {th:for,data-th-for}] [1000]: org.thymeleaf.standard.processor.StandardRemovableAttributeTagProcessor
[THYMELEAF]             * [* {th:compact,data-th-compact}] [1000]: org.thymeleaf.standard.processor.StandardRemovableAttributeTagProcessor
[THYMELEAF]             * [* {th:list,data-th-list}] [1000]: org.thymeleaf.standard.processor.StandardRemovableAttributeTagProcessor
[THYMELEAF]             * [* {th:autocomplete,data-th-autocomplete}] [1000]: org.thymeleaf.standard.processor.StandardRemovableAttributeTagProcessor
[THYMELEAF]             * [* {th:lang,data-th-lang}] [1000]: org.thymeleaf.standard.processor.StandardRemovableAttributeTagProcessor
[THYMELEAF]             * [* {th:axis,data-th-axis}] [1000]: org.thymeleaf.standard.processor.StandardRemovableAttributeTagProcessor
[THYMELEAF]             * [* {th:wrap,data-th-wrap}] [1000]: org.thymeleaf.standard.processor.StandardRemovableAttributeTagProcessor
[THYMELEAF]             * [* {th:align,data-th-align}] [1000]: org.thymeleaf.standard.processor.StandardRemovableAttributeTagProcessor
[THYMELEAF]             * [* {th:valuetype,data-th-valuetype}] [1000]: org.thymeleaf.standard.processor.StandardRemovableAttributeTagProcessor
[THYMELEAF]             * [* {th:border,data-th-border}] [1000]: org.thymeleaf.standard.processor.StandardRemovableAttributeTagProcessor
[THYMELEAF]             * [* {th:accept-charset,data-th-accept-charset}] [1000]: org.thymeleaf.standard.processor.StandardRemovableAttributeTagProcessor
[THYMELEAF]             * [* {th:background,data-th-background}] [1000]: org.thymeleaf.standard.processor.StandardRemovableAttributeTagProcessor
[THYMELEAF]             * [* {th:label,data-th-label}] [1000]: org.thymeleaf.standard.processor.StandardRemovableAttributeTagProcessor
[THYMELEAF]             * [* {th:accesskey,data-th-accesskey}] [1000]: org.thymeleaf.standard.processor.StandardRemovableAttributeTagProcessor
[THYMELEAF]             * [* {th:accept,data-th-accept}] [1000]: org.thymeleaf.standard.processor.StandardRemovableAttributeTagProcessor
[THYMELEAF]             * [* {th:codebase,data-th-codebase}] [1000]: org.thymeleaf.standard.processor.StandardRemovableAttributeTagProcessor
[THYMELEAF]             * [* {th:formaction,data-th-formaction}] [1000]: org.thymeleaf.standard.processor.StandardRemovableAttributeTagProcessor
[THYMELEAF]             * [* {th:dropzone,data-th-dropzone}] [1000]: org.thymeleaf.standard.processor.StandardRemovableAttributeTagProcessor
[THYMELEAF]             * [* {th:dir,data-th-dir}] [1000]: org.thymeleaf.standard.processor.StandardRemovableAttributeTagProcessor
[THYMELEAF]             * [* {th:high,data-th-high}] [1000]: org.thymeleaf.standard.processor.StandardRemovableAttributeTagProcessor
[THYMELEAF]             * [* {th:http-equiv,data-th-http-equiv}] [1000]: org.thymeleaf.standard.processor.StandardRemovableAttributeTagProcessor
[THYMELEAF]             * [* {th:formmethod,data-th-formmethod}] [1000]: org.thymeleaf.standard.processor.StandardRemovableAttributeTagProcessor
[THYMELEAF]             * [* {th:media,data-th-media}] [1000]: org.thymeleaf.standard.processor.StandardRemovableAttributeTagProcessor
[THYMELEAF]             * [* {th:cols,data-th-cols}] [1000]: org.thymeleaf.standard.processor.StandardRemovableAttributeTagProcessor
[THYMELEAF]             * [* {th:rules,data-th-rules}] [1000]: org.thymeleaf.standard.processor.StandardRemovableAttributeTagProcessor
[THYMELEAF]             * [* {th:sizes,data-th-sizes}] [1000]: org.thymeleaf.standard.processor.StandardRemovableAttributeTagProcessor
[THYMELEAF]             * [* {th:contenteditable,data-th-contenteditable}] [1000]: org.thymeleaf.standard.processor.StandardRemovableAttributeTagProcessor
[THYMELEAF]             * [* {th:marginwidth,data-th-marginwidth}] [1000]: org.thymeleaf.standard.processor.StandardRemovableAttributeTagProcessor
[THYMELEAF]             * [* {th:poster,data-th-poster}] [1000]: org.thymeleaf.standard.processor.StandardRemovableAttributeTagProcessor
[THYMELEAF]             * [* {th:placeholder,data-th-placeholder}] [1000]: org.thymeleaf.standard.processor.StandardRemovableAttributeTagProcessor
[THYMELEAF]             * [* {th:span,data-th-span}] [1000]: org.thymeleaf.standard.processor.StandardRemovableAttributeTagProcessor
[THYMELEAF]             * [* {th:cite,data-th-cite}] [1000]: org.thymeleaf.standard.processor.StandardRemovableAttributeTagProcessor
[THYMELEAF]             * [* {th:kind,data-th-kind}] [1000]: org.thymeleaf.standard.processor.StandardRemovableAttributeTagProcessor
[THYMELEAF]             * [* {th:min,data-th-min}] [1000]: org.thymeleaf.standard.processor.StandardRemovableAttributeTagProcessor
[THYMELEAF]             * [* {th:contextmenu,data-th-contextmenu}] [1000]: org.thymeleaf.standard.processor.StandardRemovableAttributeTagProcessor
[THYMELEAF]             * [* {th:keytype,data-th-keytype}] [1000]: org.thymeleaf.standard.processor.StandardRemovableAttributeTagProcessor
[THYMELEAF]             * [* {th:frame,data-th-frame}] [1000]: org.thymeleaf.standard.processor.StandardRemovableAttributeTagProcessor
[THYMELEAF]             * [* {th:marginheight,data-th-marginheight}] [1000]: org.thymeleaf.standard.processor.StandardRemovableAttributeTagProcessor
[THYMELEAF]             * [* {th:cellpadding,data-th-cellpadding}] [1000]: org.thymeleaf.standard.processor.StandardRemovableAttributeTagProcessor
[THYMELEAF]             * [* {th:src,data-th-src}] [1000]: org.thymeleaf.standard.processor.StandardSrcTagProcessor
[THYMELEAF]             * [* {th:value,data-th-value}] [1000]: org.thymeleaf.standard.processor.StandardValueTagProcessor
[THYMELEAF]             * [* {th:xmlbase,data-th-xmlbase}] [1000]: org.thymeleaf.standard.processor.StandardXmlBaseTagProcessor
[THYMELEAF]             * [* {th:xmllang,data-th-xmllang}] [1000]: org.thymeleaf.standard.processor.StandardXmlLangTagProcessor
[THYMELEAF]             * [* {xmlns:th}] [1000]: org.thymeleaf.standard.processor.StandardXmlNsTagProcessor
[THYMELEAF]             * [* {th:xmlspace,data-th-xmlspace}] [1000]: org.thymeleaf.standard.processor.StandardXmlSpaceTagProcessor
[THYMELEAF]             * [* {th:classappend,data-th-classappend}] [1100]: org.thymeleaf.standard.processor.StandardClassappendTagProcessor
[THYMELEAF]             * [* {th:styleappend,data-th-styleappend}] [1100]: org.thymeleaf.standard.processor.StandardStyleappendTagProcessor
[THYMELEAF]             * [* {th:text,data-th-text}] [1300]: org.thymeleaf.standard.processor.StandardTextTagProcessor
[THYMELEAF]             * [* {th:utext,data-th-utext}] [1400]: org.thymeleaf.standard.processor.StandardUtextTagProcessor
[THYMELEAF]             * [* {th:fragment,data-th-fragment}] [1500]: org.thymeleaf.standard.processor.StandardFragmentTagProcessor
[THYMELEAF]             * [* {th:assert,data-th-assert}] [1550]: org.thymeleaf.standard.processor.StandardAssertTagProcessor
[THYMELEAF]             * [* {th:remove,data-th-remove}] [1600]: org.thymeleaf.standard.processor.StandardRemoveTagProcessor
[THYMELEAF]             * [* {th:ref,data-th-ref}] [10000]: org.thymeleaf.standard.processor.StandardRefAttributeTagProcessor
[THYMELEAF]             * [{th:block,th-block} *] [100000]: org.thymeleaf.standard.processor.StandardBlockTagProcessor
[THYMELEAF]             * [* th:*] [2147483647]: org.thymeleaf.standard.processor.StandardDefaultAttributesTagProcessor
[THYMELEAF]         * Text Processors by [precedence]:
[THYMELEAF]             * [1000]: org.thymeleaf.standard.processor.StandardInliningTextProcessor
[THYMELEAF]         * DOCTYPE Processors by [precedence]:
[THYMELEAF]             * [1000]: org.thymeleaf.standard.processor.StandardTranslationDocTypeProcessor
[THYMELEAF]         * CDATA Section Processors by [precedence]:
[THYMELEAF]             * [1000]: org.thymeleaf.standard.processor.StandardInliningCDATASectionProcessor
[THYMELEAF]         * Comment Processors by [precedence]:
[THYMELEAF]             * [1000]: org.thymeleaf.standard.processor.StandardInliningCommentProcessor
[THYMELEAF]             * [1100]: org.thymeleaf.standard.processor.StandardConditionalCommentProcessor
[THYMELEAF]     * Processors for Template Mode: XML
[THYMELEAF]         * Element Tag Processors by [matching element and attribute name] [precedence]:
[THYMELEAF]             * [* {th:include}] [100]: org.thymeleaf.standard.processor.StandardIncludeTagProcessor
[THYMELEAF]             * [* {th:insert}] [100]: org.thymeleaf.standard.processor.StandardInsertTagProcessor
[THYMELEAF]             * [* {th:replace}] [100]: org.thymeleaf.standard.processor.StandardReplaceTagProcessor
[THYMELEAF]             * [* {th:each}] [200]: com.intuit.karate.template.KarateEachTagProcessor
[THYMELEAF]             * [* {th:switch}] [250]: org.thymeleaf.standard.processor.StandardSwitchTagProcessor
[THYMELEAF]             * [* {th:case}] [275]: org.thymeleaf.standard.processor.StandardCaseTagProcessor
[THYMELEAF]             * [* {th:if}] [300]: org.thymeleaf.standard.processor.StandardIfTagProcessor
[THYMELEAF]             * [* {th:unless}] [400]: org.thymeleaf.standard.processor.StandardUnlessTagProcessor
[THYMELEAF]             * [* {th:object}] [500]: org.thymeleaf.standard.processor.StandardObjectTagProcessor
[THYMELEAF]             * [* {th:with}] [600]: com.intuit.karate.template.KarateWithTagProcessor
[THYMELEAF]             * [* {th:attr}] [700]: com.intuit.karate.template.KarateAttributeTagProcessor.KarateAttrTagProcessor
[THYMELEAF]             * [* {th:attrappend}] [900]: com.intuit.karate.template.KarateAttributeTagProcessor.KarateAttrappendTagProcessor
[THYMELEAF]             * [* {th:attrprepend}] [900]: com.intuit.karate.template.KarateAttributeTagProcessor.KarateAttrprependTagProcessor
[THYMELEAF]             * [* {th:inline}] [1000]: org.thymeleaf.standard.processor.StandardInlineXMLTagProcessor
[THYMELEAF]             * [* {xmlns:th}] [1000]: org.thymeleaf.standard.processor.StandardXmlNsTagProcessor
[THYMELEAF]             * [* {th:text}] [1300]: org.thymeleaf.standard.processor.StandardTextTagProcessor
[THYMELEAF]             * [* {th:utext}] [1400]: org.thymeleaf.standard.processor.StandardUtextTagProcessor
[THYMELEAF]             * [* {th:fragment}] [1500]: org.thymeleaf.standard.processor.StandardFragmentTagProcessor
[THYMELEAF]             * [* {th:assert}] [1550]: org.thymeleaf.standard.processor.StandardAssertTagProcessor
[THYMELEAF]             * [* {th:remove}] [1600]: org.thymeleaf.standard.processor.StandardRemoveTagProcessor
[THYMELEAF]             * [* {th:ref}] [10000]: org.thymeleaf.standard.processor.StandardRefAttributeTagProcessor
[THYMELEAF]             * [{th:block} *] [100000]: org.thymeleaf.standard.processor.StandardBlockTagProcessor
[THYMELEAF]             * [* th:*] [2147483647]: org.thymeleaf.standard.processor.StandardDefaultAttributesTagProcessor
[THYMELEAF]         * Text Processors by [precedence]:
[THYMELEAF]             * [1000]: org.thymeleaf.standard.processor.StandardInliningTextProcessor
[THYMELEAF]         * CDATA Section Processors by [precedence]:
[THYMELEAF]             * [1000]: org.thymeleaf.standard.processor.StandardInliningCDATASectionProcessor
[THYMELEAF]         * Comment Processors by [precedence]:
[THYMELEAF]             * [1000]: org.thymeleaf.standard.processor.StandardInliningCommentProcessor
[THYMELEAF]     * Processors for Template Mode: TEXT
[THYMELEAF]         * Element Tag Processors by [matching element and attribute name] [precedence]:
[THYMELEAF]             * [* {th:insert}] [100]: org.thymeleaf.standard.processor.StandardInsertTagProcessor
[THYMELEAF]             * [* {th:replace}] [100]: org.thymeleaf.standard.processor.StandardReplaceTagProcessor
[THYMELEAF]             * [* {th:each}] [200]: com.intuit.karate.template.KarateEachTagProcessor
[THYMELEAF]             * [* {th:switch}] [250]: org.thymeleaf.standard.processor.StandardSwitchTagProcessor
[THYMELEAF]             * [* {th:case}] [275]: org.thymeleaf.standard.processor.StandardCaseTagProcessor
[THYMELEAF]             * [* {th:if}] [300]: org.thymeleaf.standard.processor.StandardIfTagProcessor
[THYMELEAF]             * [* {th:unless}] [400]: org.thymeleaf.standard.processor.StandardUnlessTagProcessor
[THYMELEAF]             * [* {th:object}] [500]: org.thymeleaf.standard.processor.StandardObjectTagProcessor
[THYMELEAF]             * [* {th:with}] [600]: com.intuit.karate.template.KarateWithTagProcessor
[THYMELEAF]             * [* {th:inline}] [1000]: org.thymeleaf.standard.processor.StandardInlineTextualTagProcessor
[THYMELEAF]             * [* {th:text}] [1300]: org.thymeleaf.standard.processor.StandardTextTagProcessor
[THYMELEAF]             * [* {th:utext}] [1400]: org.thymeleaf.standard.processor.StandardUtextTagProcessor
[THYMELEAF]             * [* {th:assert}] [1550]: org.thymeleaf.standard.processor.StandardAssertTagProcessor
[THYMELEAF]             * [* {th:remove}] [1600]: org.thymeleaf.standard.processor.StandardRemoveTagProcessor
[THYMELEAF]             * [* 100000] [org.thymeleaf.standard.processor.StandardBlockTagProcessor]: {}
[THYMELEAF]             * [{th:block} *] [100000]: org.thymeleaf.standard.processor.StandardBlockTagProcessor
[THYMELEAF]         * Text Processors by [precedence]:
[THYMELEAF]             * [1000]: org.thymeleaf.standard.processor.StandardInliningTextProcessor
[THYMELEAF]     * Processors for Template Mode: JAVASCRIPT
[THYMELEAF]         * Element Tag Processors by [matching element and attribute name] [precedence]:
[THYMELEAF]             * [* {th:insert}] [100]: org.thymeleaf.standard.processor.StandardInsertTagProcessor
[THYMELEAF]             * [* {th:replace}] [100]: org.thymeleaf.standard.processor.StandardReplaceTagProcessor
[THYMELEAF]             * [* {th:each}] [200]: com.intuit.karate.template.KarateEachTagProcessor
[THYMELEAF]             * [* {th:switch}] [250]: org.thymeleaf.standard.processor.StandardSwitchTagProcessor
[THYMELEAF]             * [* {th:case}] [275]: org.thymeleaf.standard.processor.StandardCaseTagProcessor
[THYMELEAF]             * [* {th:if}] [300]: org.thymeleaf.standard.processor.StandardIfTagProcessor
[THYMELEAF]             * [* {th:unless}] [400]: org.thymeleaf.standard.processor.StandardUnlessTagProcessor
[THYMELEAF]             * [* {th:object}] [500]: org.thymeleaf.standard.processor.StandardObjectTagProcessor
[THYMELEAF]             * [* {th:with}] [600]: com.intuit.karate.template.KarateWithTagProcessor
[THYMELEAF]             * [* {th:inline}] [1000]: org.thymeleaf.standard.processor.StandardInlineTextualTagProcessor
[THYMELEAF]             * [* {th:text}] [1300]: org.thymeleaf.standard.processor.StandardTextTagProcessor
[THYMELEAF]             * [* {th:utext}] [1400]: org.thymeleaf.standard.processor.StandardUtextTagProcessor
[THYMELEAF]             * [* {th:assert}] [1550]: org.thymeleaf.standard.processor.StandardAssertTagProcessor
[THYMELEAF]             * [* {th:remove}] [1600]: org.thymeleaf.standard.processor.StandardRemoveTagProcessor
[THYMELEAF]             * [{th:block} *] [100000]: org.thymeleaf.standard.processor.StandardBlockTagProcessor
[THYMELEAF]             * [* 100000] [org.thymeleaf.standard.processor.StandardBlockTagProcessor]: {}
[THYMELEAF]         * Text Processors by [precedence]:
[THYMELEAF]             * [1000]: org.thymeleaf.standard.processor.StandardInliningTextProcessor
[THYMELEAF]     * Processors for Template Mode: CSS
[THYMELEAF]         * Element Tag Processors by [matching element and attribute name] [precedence]:
[THYMELEAF]             * [* {th:insert}] [100]: org.thymeleaf.standard.processor.StandardInsertTagProcessor
[THYMELEAF]             * [* {th:replace}] [100]: org.thymeleaf.standard.processor.StandardReplaceTagProcessor
[THYMELEAF]             * [* {th:each}] [200]: com.intuit.karate.template.KarateEachTagProcessor
[THYMELEAF]             * [* {th:switch}] [250]: org.thymeleaf.standard.processor.StandardSwitchTagProcessor
[THYMELEAF]             * [* {th:case}] [275]: org.thymeleaf.standard.processor.StandardCaseTagProcessor
[THYMELEAF]             * [* {th:if}] [300]: org.thymeleaf.standard.processor.StandardIfTagProcessor
[THYMELEAF]             * [* {th:unless}] [400]: org.thymeleaf.standard.processor.StandardUnlessTagProcessor
[THYMELEAF]             * [* {th:object}] [500]: org.thymeleaf.standard.processor.StandardObjectTagProcessor
[THYMELEAF]             * [* {th:with}] [600]: com.intuit.karate.template.KarateWithTagProcessor
[THYMELEAF]             * [* {th:inline}] [1000]: org.thymeleaf.standard.processor.StandardInlineTextualTagProcessor
[THYMELEAF]             * [* {th:text}] [1300]: org.thymeleaf.standard.processor.StandardTextTagProcessor
[THYMELEAF]             * [* {th:utext}] [1400]: org.thymeleaf.standard.processor.StandardUtextTagProcessor
[THYMELEAF]             * [* {th:assert}] [1550]: org.thymeleaf.standard.processor.StandardAssertTagProcessor
[THYMELEAF]             * [* {th:remove}] [1600]: org.thymeleaf.standard.processor.StandardRemoveTagProcessor
[THYMELEAF]             * [{th:block} *] [100000]: org.thymeleaf.standard.processor.StandardBlockTagProcessor
[THYMELEAF]             * [* 100000] [org.thymeleaf.standard.processor.StandardBlockTagProcessor]: {}
[THYMELEAF]         * Text Processors by [precedence]:
[THYMELEAF]             * [1000]: org.thymeleaf.standard.processor.StandardInliningTextProcessor
[THYMELEAF]     * Expression Objects:
[THYMELEAF]         * #ctx
[THYMELEAF]         * #root
[THYMELEAF]         * #vars
[THYMELEAF]         * #object
[THYMELEAF]         * #locale
[THYMELEAF]         * #conversions
[THYMELEAF]         * #uris
[THYMELEAF]         * #temporals
[THYMELEAF]         * #calendars
[THYMELEAF]         * #dates
[THYMELEAF]         * #bools
[THYMELEAF]         * #numbers
[THYMELEAF]         * #objects
[THYMELEAF]         * #strings
[THYMELEAF]         * #arrays
[THYMELEAF]         * #lists
[THYMELEAF]         * #sets
[THYMELEAF]         * #maps
[THYMELEAF]         * #aggregates
[THYMELEAF]         * #messages
[THYMELEAF]         * #ids
[THYMELEAF]         * #execInfo
[THYMELEAF]         * #request
[THYMELEAF]         * #response
[THYMELEAF]         * #session
[THYMELEAF]         * #servletContext
[THYMELEAF]     * Execution Attributes:
[THYMELEAF]         * "StandardExpressionParser": com.intuit.karate.template.KarateStandardDialect@19e5408b
[THYMELEAF]         * "StandardJavaScriptSerializer": org.thymeleaf.standard.serializer.StandardJavaScriptSerializer@f4a5f6d
[THYMELEAF]         * "StandardCSSSerializer": org.thymeleaf.standard.serializer.StandardCSSSerializer@1a468d84
[THYMELEAF]         * "StandardVariableExpressionEvaluator": com.intuit.karate.template.KarateStandardDialect@19e5408b
[THYMELEAF]         * "StandardConversionService": org.thymeleaf.standard.expression.StandardConversionService@3ff07aec
[THYMELEAF] * Dialect [2 of 2]: karate (com.intuit.karate.template.KarateScriptDialect)
[THYMELEAF]     * Prefix: "ka"
[THYMELEAF]     * Processors for Template Mode: HTML
[THYMELEAF]         * Element Tag Processors by [matching element and attribute name] [precedence]:
[THYMELEAF]             * [* {src}] [1000]: com.intuit.karate.template.KaScriptAttrProcessor
[THYMELEAF]         * Element Model Processors by [matching element and attribute name] [precedence]:
[THYMELEAF]             * [{script} {ka:scope,data-ka-scope}] [1000]: com.intuit.karate.template.KaScriptElemProcessor
[THYMELEAF]             * [* {ka:set,data-ka-set}] [1000]: com.intuit.karate.template.KaSetElemProcessor
[THYMELEAF] TEMPLATE ENGINE CONFIGURED OK
16:40:46.275 [pool-3-thread-1] DEBUG org.thymeleaf.TemplateEngine -- [THYMELEAF] TEMPLATE ENGINE INITIALIZED
---------------------------------------------------------
feature: classpath:api/producto/4_eliminar.feature
scenarios:  1 | passed:  1 | failed:  0 | time: 0.0798
---------------------------------------------------------

16:40:46.313 [pool-3-thread-1] INFO com.intuit.karate.Suite -- <<pass>> feature 8 of 11 (3 remaining) classpath:api/producto/4_eliminar.feature
16:40:46.315 [pool-3-thread-1] DEBUG com.jayway.jsonpath.internal.path.CompiledPath -- Evaluating path: $
16:40:46.317 [pool-3-thread-1] DEBUG com.jayway.jsonpath.internal.path.CompiledPath -- Evaluating path: $
16:40:46.322 [pool-3-thread-1] DEBUG org.thymeleaf.TemplateEngine -- [THYMELEAF] INITIALIZING TEMPLATE ENGINE
16:40:46.333 [pool-3-thread-1] DEBUG org.thymeleaf.TemplateEngine.CONFIG -- Initializing Thymeleaf Template engine configuration...
[THYMELEAF] TEMPLATE ENGINE CONFIGURATION:
[THYMELEAF] * Thymeleaf version: 3.1.2.RELEASE (built 2023-07-30T19:25:50+0000)
[THYMELEAF] * Cache Manager implementation: org.thymeleaf.cache.StandardCacheManager
[THYMELEAF] * Template resolvers:
[THYMELEAF]     * [1] com.intuit.karate.template.ResourceHtmlTemplateResolver
[THYMELEAF] * Message resolvers:
[THYMELEAF]     * org.thymeleaf.messageresolver.StandardMessageResolver
[THYMELEAF] * Link builders:
[THYMELEAF]     * org.thymeleaf.linkbuilder.StandardLinkBuilder
[THYMELEAF] * Dialect [1 of 2]: Standard (com.intuit.karate.template.KarateStandardDialect)
[THYMELEAF]     * Prefix: "th"
[THYMELEAF]     * Processors for Template Mode: HTML
[THYMELEAF]         * Element Tag Processors by [matching element and attribute name] [precedence]:
[THYMELEAF]             * [* {th:include,data-th-include}] [100]: org.thymeleaf.standard.processor.StandardIncludeTagProcessor
[THYMELEAF]             * [* {th:insert,data-th-insert}] [100]: org.thymeleaf.standard.processor.StandardInsertTagProcessor
[THYMELEAF]             * [* {th:replace,data-th-replace}] [100]: org.thymeleaf.standard.processor.StandardReplaceTagProcessor
[THYMELEAF]             * [* {th:each,data-th-each}] [200]: com.intuit.karate.template.KarateEachTagProcessor
[THYMELEAF]             * [* {th:switch,data-th-switch}] [250]: org.thymeleaf.standard.processor.StandardSwitchTagProcessor
[THYMELEAF]             * [* {th:case,data-th-case}] [275]: org.thymeleaf.standard.processor.StandardCaseTagProcessor
[THYMELEAF]             * [* {th:if,data-th-if}] [300]: org.thymeleaf.standard.processor.StandardIfTagProcessor
[THYMELEAF]             * [* {th:unless,data-th-unless}] [400]: org.thymeleaf.standard.processor.StandardUnlessTagProcessor
[THYMELEAF]             * [* {th:object,data-th-object}] [500]: org.thymeleaf.standard.processor.StandardObjectTagProcessor
[THYMELEAF]             * [* {th:with,data-th-with}] [600]: com.intuit.karate.template.KarateWithTagProcessor
[THYMELEAF]             * [* {th:attr,data-th-attr}] [700]: com.intuit.karate.template.KarateAttributeTagProcessor.KarateAttrTagProcessor
[THYMELEAF]             * [* {th:attrappend,data-th-attrappend}] [900]: com.intuit.karate.template.KarateAttributeTagProcessor.KarateAttrappendTagProcessor
[THYMELEAF]             * [* {th:attrprepend,data-th-attrprepend}] [900]: com.intuit.karate.template.KarateAttributeTagProcessor.KarateAttrprependTagProcessor
[THYMELEAF]             * [* {th:alt-title,data-th-alt-title}] [990]: org.thymeleaf.standard.processor.StandardAltTitleTagProcessor
[THYMELEAF]             * [* {th:lang-xmllang,data-th-lang-xmllang}] [990]: org.thymeleaf.standard.processor.StandardLangXmlLangTagProcessor
[THYMELEAF]             * [* {th:action,data-th-action}] [1000]: org.thymeleaf.standard.processor.StandardActionTagProcessor
[THYMELEAF]             * [* {th:scoped,data-th-scoped}] [1000]: org.thymeleaf.standard.processor.StandardConditionalFixedValueTagProcessor
[THYMELEAF]             * [* {th:loop,data-th-loop}] [1000]: org.thymeleaf.standard.processor.StandardConditionalFixedValueTagProcessor
[THYMELEAF]             * [* {th:declare,data-th-declare}] [1000]: org.thymeleaf.standard.processor.StandardConditionalFixedValueTagProcessor
[THYMELEAF]             * [* {th:autofocus,data-th-autofocus}] [1000]: org.thymeleaf.standard.processor.StandardConditionalFixedValueTagProcessor
[THYMELEAF]             * [* {th:multiple,data-th-multiple}] [1000]: org.thymeleaf.standard.processor.StandardConditionalFixedValueTagProcessor
[THYMELEAF]             * [* {th:reversed,data-th-reversed}] [1000]: org.thymeleaf.standard.processor.StandardConditionalFixedValueTagProcessor
[THYMELEAF]             * [* {th:open,data-th-open}] [1000]: org.thymeleaf.standard.processor.StandardConditionalFixedValueTagProcessor
[THYMELEAF]             * [* {th:ismap,data-th-ismap}] [1000]: org.thymeleaf.standard.processor.StandardConditionalFixedValueTagProcessor
[THYMELEAF]             * [* {th:readonly,data-th-readonly}] [1000]: org.thymeleaf.standard.processor.StandardConditionalFixedValueTagProcessor
[THYMELEAF]             * [* {th:default,data-th-default}] [1000]: org.thymeleaf.standard.processor.StandardConditionalFixedValueTagProcessor
[THYMELEAF]             * [* {th:async,data-th-async}] [1000]: org.thymeleaf.standard.processor.StandardConditionalFixedValueTagProcessor
[THYMELEAF]             * [* {th:nowrap,data-th-nowrap}] [1000]: org.thymeleaf.standard.processor.StandardConditionalFixedValueTagProcessor
[THYMELEAF]             * [* {th:selected,data-th-selected}] [1000]: org.thymeleaf.standard.processor.StandardConditionalFixedValueTagProcessor
[THYMELEAF]             * [* {th:disabled,data-th-disabled}] [1000]: org.thymeleaf.standard.processor.StandardConditionalFixedValueTagProcessor
[THYMELEAF]             * [* {th:seamless,data-th-seamless}] [1000]: org.thymeleaf.standard.processor.StandardConditionalFixedValueTagProcessor
[THYMELEAF]             * [* {th:hidden,data-th-hidden}] [1000]: org.thymeleaf.standard.processor.StandardConditionalFixedValueTagProcessor
[THYMELEAF]             * [* {th:pubdate,data-th-pubdate}] [1000]: org.thymeleaf.standard.processor.StandardConditionalFixedValueTagProcessor
[THYMELEAF]             * [* {th:formnovalidate,data-th-formnovalidate}] [1000]: org.thymeleaf.standard.processor.StandardConditionalFixedValueTagProcessor
[THYMELEAF]             * [* {th:autoplay,data-th-autoplay}] [1000]: org.thymeleaf.standard.processor.StandardConditionalFixedValueTagProcessor
[THYMELEAF]             * [* {th:checked,data-th-checked}] [1000]: org.thymeleaf.standard.processor.StandardConditionalFixedValueTagProcessor
[THYMELEAF]             * [* {th:required,data-th-required}] [1000]: org.thymeleaf.standard.processor.StandardConditionalFixedValueTagProcessor
[THYMELEAF]             * [* {th:controls,data-th-controls}] [1000]: org.thymeleaf.standard.processor.StandardConditionalFixedValueTagProcessor
[THYMELEAF]             * [* {th:defer,data-th-defer}] [1000]: org.thymeleaf.standard.processor.StandardConditionalFixedValueTagProcessor
[THYMELEAF]             * [* {th:novalidate,data-th-novalidate}] [1000]: org.thymeleaf.standard.processor.StandardConditionalFixedValueTagProcessor
[THYMELEAF]             * [* {th:ondragleave,data-th-ondragleave}] [1000]: org.thymeleaf.standard.processor.StandardDOMEventAttributeTagProcessor
[THYMELEAF]             * [* {th:onerror,data-th-onerror}] [1000]: org.thymeleaf.standard.processor.StandardDOMEventAttributeTagProcessor
[THYMELEAF]             * [* {th:onundo,data-th-onundo}] [1000]: org.thymeleaf.standard.processor.StandardDOMEventAttributeTagProcessor
[THYMELEAF]             * [* {th:onmessage,data-th-onmessage}] [1000]: org.thymeleaf.standard.processor.StandardDOMEventAttributeTagProcessor
[THYMELEAF]             * [* {th:onpause,data-th-onpause}] [1000]: org.thymeleaf.standard.processor.StandardDOMEventAttributeTagProcessor
[THYMELEAF]             * [* {th:onseeked,data-th-onseeked}] [1000]: org.thymeleaf.standard.processor.StandardDOMEventAttributeTagProcessor
[THYMELEAF]             * [* {th:ononline,data-th-ononline}] [1000]: org.thymeleaf.standard.processor.StandardDOMEventAttributeTagProcessor
[THYMELEAF]             * [* {th:onended,data-th-onended}] [1000]: org.thymeleaf.standard.processor.StandardDOMEventAttributeTagProcessor
[THYMELEAF]             * [* {th:onsuspend,data-th-onsuspend}] [1000]: org.thymeleaf.standard.processor.StandardDOMEventAttributeTagProcessor
[THYMELEAF]             * [* {th:onmousedown,data-th-onmousedown}] [1000]: org.thymeleaf.standard.processor.StandardDOMEventAttributeTagProcessor
[THYMELEAF]             * [* {th:onmouseover,data-th-onmouseover}] [1000]: org.thymeleaf.standard.processor.StandardDOMEventAttributeTagProcessor
[THYMELEAF]             * [* {th:onplaying,data-th-onplaying}] [1000]: org.thymeleaf.standard.processor.StandardDOMEventAttributeTagProcessor
[THYMELEAF]             * [* {th:onoffline,data-th-onoffline}] [1000]: org.thymeleaf.standard.processor.StandardDOMEventAttributeTagProcessor
[THYMELEAF]             * [* {th:oncontextmenu,data-th-oncontextmenu}] [1000]: org.thymeleaf.standard.processor.StandardDOMEventAttributeTagProcessor
[THYMELEAF]             * [* {th:oninvalid,data-th-oninvalid}] [1000]: org.thymeleaf.standard.processor.StandardDOMEventAttributeTagProcessor
[THYMELEAF]             * [* {th:onloadedmetadata,data-th-onloadedmetadata}] [1000]: org.thymeleaf.standard.processor.StandardDOMEventAttributeTagProcessor
[THYMELEAF]             * [* {th:onscroll,data-th-onscroll}] [1000]: org.thymeleaf.standard.processor.StandardDOMEventAttributeTagProcessor
[THYMELEAF]             * [* {th:onkeydown,data-th-onkeydown}] [1000]: org.thymeleaf.standard.processor.StandardDOMEventAttributeTagProcessor
[THYMELEAF]             * [* {th:onmouseout,data-th-onmouseout}] [1000]: org.thymeleaf.standard.processor.StandardDOMEventAttributeTagProcessor
[THYMELEAF]             * [* {th:onvolumechange,data-th-onvolumechange}] [1000]: org.thymeleaf.standard.processor.StandardDOMEventAttributeTagProcessor
[THYMELEAF]             * [* {th:onloadeddata,data-th-onloadeddata}] [1000]: org.thymeleaf.standard.processor.StandardDOMEventAttributeTagProcessor
[THYMELEAF]             * [* {th:onbeforeprint,data-th-onbeforeprint}] [1000]: org.thymeleaf.standard.processor.StandardDOMEventAttributeTagProcessor
[THYMELEAF]             * [* {th:ondragstart,data-th-ondragstart}] [1000]: org.thymeleaf.standard.processor.StandardDOMEventAttributeTagProcessor
[THYMELEAF]             * [* {th:onredo,data-th-onredo}] [1000]: org.thymeleaf.standard.processor.StandardDOMEventAttributeTagProcessor
[THYMELEAF]             * [* {th:onhashchange,data-th-onhashchange}] [1000]: org.thymeleaf.standard.processor.StandardDOMEventAttributeTagProcessor
[THYMELEAF]             * [* {th:onmousewheel,data-th-onmousewheel}] [1000]: org.thymeleaf.standard.processor.StandardDOMEventAttributeTagProcessor
[THYMELEAF]             * [* {th:onratechange,data-th-onratechange}] [1000]: org.thymeleaf.standard.processor.StandardDOMEventAttributeTagProcessor
[THYMELEAF]             * [* {th:ondragover,data-th-ondragover}] [1000]: org.thymeleaf.standard.processor.StandardDOMEventAttributeTagProcessor
[THYMELEAF]             * [* {th:onreadystatechange,data-th-onreadystatechange}] [1000]: org.thymeleaf.standard.processor.StandardDOMEventAttributeTagProcessor
[THYMELEAF]             * [* {th:onload,data-th-onload}] [1000]: org.thymeleaf.standard.processor.StandardDOMEventAttributeTagProcessor
[THYMELEAF]             * [* {th:onforminput,data-th-onforminput}] [1000]: org.thymeleaf.standard.processor.StandardDOMEventAttributeTagProcessor
[THYMELEAF]             * [* {th:oninput,data-th-oninput}] [1000]: org.thymeleaf.standard.processor.StandardDOMEventAttributeTagProcessor
[THYMELEAF]             * [* {th:onkeypress,data-th-onkeypress}] [1000]: org.thymeleaf.standard.processor.StandardDOMEventAttributeTagProcessor
[THYMELEAF]             * [* {th:onclick,data-th-onclick}] [1000]: org.thymeleaf.standard.processor.StandardDOMEventAttributeTagProcessor
[THYMELEAF]             * [* {th:onstorage,data-th-onstorage}] [1000]: org.thymeleaf.standard.processor.StandardDOMEventAttributeTagProcessor
[THYMELEAF]             * [* {th:ondblclick,data-th-ondblclick}] [1000]: org.thymeleaf.standard.processor.StandardDOMEventAttributeTagProcessor
[THYMELEAF]             * [* {th:onloadstart,data-th-onloadstart}] [1000]: org.thymeleaf.standard.processor.StandardDOMEventAttributeTagProcessor
[THYMELEAF]             * [* {th:onwaiting,data-th-onwaiting}] [1000]: org.thymeleaf.standard.processor.StandardDOMEventAttributeTagProcessor
[THYMELEAF]             * [* {th:onsubmit,data-th-onsubmit}] [1000]: org.thymeleaf.standard.processor.StandardDOMEventAttributeTagProcessor
[THYMELEAF]             * [* {th:onkeyup,data-th-onkeyup}] [1000]: org.thymeleaf.standard.processor.StandardDOMEventAttributeTagProcessor
[THYMELEAF]             * [* {th:onshow,data-th-onshow}] [1000]: org.thymeleaf.standard.processor.StandardDOMEventAttributeTagProcessor
[THYMELEAF]             * [* {th:onstalled,data-th-onstalled}] [1000]: org.thymeleaf.standard.processor.StandardDOMEventAttributeTagProcessor
[THYMELEAF]             * [* {th:ontimeupdate,data-th-ontimeupdate}] [1000]: org.thymeleaf.standard.processor.StandardDOMEventAttributeTagProcessor
[THYMELEAF]             * [* {th:onplay,data-th-onplay}] [1000]: org.thymeleaf.standard.processor.StandardDOMEventAttributeTagProcessor
[THYMELEAF]             * [* {th:ondrag,data-th-ondrag}] [1000]: org.thymeleaf.standard.processor.StandardDOMEventAttributeTagProcessor
[THYMELEAF]             * [* {th:onabort,data-th-onabort}] [1000]: org.thymeleaf.standard.processor.StandardDOMEventAttributeTagProcessor
[THYMELEAF]             * [* {th:onmousemove,data-th-onmousemove}] [1000]: org.thymeleaf.standard.processor.StandardDOMEventAttributeTagProcessor
[THYMELEAF]             * [* {th:onafterprint,data-th-onafterprint}] [1000]: org.thymeleaf.standard.processor.StandardDOMEventAttributeTagProcessor
[THYMELEAF]             * [* {th:onresize,data-th-onresize}] [1000]: org.thymeleaf.standard.processor.StandardDOMEventAttributeTagProcessor
[THYMELEAF]             * [* {th:onmouseup,data-th-onmouseup}] [1000]: org.thymeleaf.standard.processor.StandardDOMEventAttributeTagProcessor
[THYMELEAF]             * [* {th:ondurationchange,data-th-ondurationchange}] [1000]: org.thymeleaf.standard.processor.StandardDOMEventAttributeTagProcessor
[THYMELEAF]             * [* {th:onchange,data-th-onchange}] [1000]: org.thymeleaf.standard.processor.StandardDOMEventAttributeTagProcessor
[THYMELEAF]             * [* {th:oncanplaythrough,data-th-oncanplaythrough}] [1000]: org.thymeleaf.standard.processor.StandardDOMEventAttributeTagProcessor
[THYMELEAF]             * [* {th:onbeforeunload,data-th-onbeforeunload}] [1000]: org.thymeleaf.standard.processor.StandardDOMEventAttributeTagProcessor
[THYMELEAF]             * [* {th:ondragend,data-th-ondragend}] [1000]: org.thymeleaf.standard.processor.StandardDOMEventAttributeTagProcessor
[THYMELEAF]             * [* {th:onfocus,data-th-onfocus}] [1000]: org.thymeleaf.standard.processor.StandardDOMEventAttributeTagProcessor
[THYMELEAF]             * [* {th:onformchange,data-th-onformchange}] [1000]: org.thymeleaf.standard.processor.StandardDOMEventAttributeTagProcessor
[THYMELEAF]             * [* {th:onselect,data-th-onselect}] [1000]: org.thymeleaf.standard.processor.StandardDOMEventAttributeTagProcessor
[THYMELEAF]             * [* {th:onemptied,data-th-onemptied}] [1000]: org.thymeleaf.standard.processor.StandardDOMEventAttributeTagProcessor
[THYMELEAF]             * [* {th:onblur,data-th-onblur}] [1000]: org.thymeleaf.standard.processor.StandardDOMEventAttributeTagProcessor
[THYMELEAF]             * [* {th:ondragenter,data-th-ondragenter}] [1000]: org.thymeleaf.standard.processor.StandardDOMEventAttributeTagProcessor
[THYMELEAF]             * [* {th:onpopstate,data-th-onpopstate}] [1000]: org.thymeleaf.standard.processor.StandardDOMEventAttributeTagProcessor
[THYMELEAF]             * [* {th:oncanplay,data-th-oncanplay}] [1000]: org.thymeleaf.standard.processor.StandardDOMEventAttributeTagProcessor
[THYMELEAF]             * [* {th:onunload,data-th-onunload}] [1000]: org.thymeleaf.standard.processor.StandardDOMEventAttributeTagProcessor
[THYMELEAF]             * [* {th:onseeking,data-th-onseeking}] [1000]: org.thymeleaf.standard.processor.StandardDOMEventAttributeTagProcessor
[THYMELEAF]             * [* {th:ondrop,data-th-ondrop}] [1000]: org.thymeleaf.standard.processor.StandardDOMEventAttributeTagProcessor
[THYMELEAF]             * [* {th:onreset,data-th-onreset}] [1000]: org.thymeleaf.standard.processor.StandardDOMEventAttributeTagProcessor
[THYMELEAF]             * [* {th:onprogress,data-th-onprogress}] [1000]: org.thymeleaf.standard.processor.StandardDOMEventAttributeTagProcessor
[THYMELEAF]             * [* {th:href,data-th-href}] [1000]: org.thymeleaf.standard.processor.StandardHrefTagProcessor
[THYMELEAF]             * [* {th:inline,data-th-inline}] [1000]: org.thymeleaf.standard.processor.StandardInlineHTMLTagProcessor
[THYMELEAF]             * [* {th:method,data-th-method}] [1000]: org.thymeleaf.standard.processor.StandardMethodTagProcessor
[THYMELEAF]             * [* {th:name,data-th-name}] [1000]: org.thymeleaf.standard.processor.StandardNonRemovableAttributeTagProcessor
[THYMELEAF]             * [* {th:type,data-th-type}] [1000]: org.thymeleaf.standard.processor.StandardNonRemovableAttributeTagProcessor
[THYMELEAF]             * [* {th:optimum,data-th-optimum}] [1000]: org.thymeleaf.standard.processor.StandardRemovableAttributeTagProcessor
[THYMELEAF]             * [* {th:height,data-th-height}] [1000]: org.thymeleaf.standard.processor.StandardRemovableAttributeTagProcessor
[THYMELEAF]             * [* {th:contenteditable,data-th-contenteditable}] [1000]: org.thymeleaf.standard.processor.StandardRemovableAttributeTagProcessor
[THYMELEAF]             * [* {th:sandbox,data-th-sandbox}] [1000]: org.thymeleaf.standard.processor.StandardRemovableAttributeTagProcessor
[THYMELEAF]             * [* {th:dir,data-th-dir}] [1000]: org.thymeleaf.standard.processor.StandardRemovableAttributeTagProcessor
[THYMELEAF]             * [* {th:label,data-th-label}] [1000]: org.thymeleaf.standard.processor.StandardRemovableAttributeTagProcessor
[THYMELEAF]             * [* {th:hreflang,data-th-hreflang}] [1000]: org.thymeleaf.standard.processor.StandardRemovableAttributeTagProcessor
[THYMELEAF]             * [* {th:accept,data-th-accept}] [1000]: org.thymeleaf.standard.processor.StandardRemovableAttributeTagProcessor
[THYMELEAF]             * [* {th:draggable,data-th-draggable}] [1000]: org.thymeleaf.standard.processor.StandardRemovableAttributeTagProcessor
[THYMELEAF]             * [* {th:align,data-th-align}] [1000]: org.thymeleaf.standard.processor.StandardRemovableAttributeTagProcessor
[THYMELEAF]             * [* {th:formaction,data-th-formaction}] [1000]: org.thymeleaf.standard.processor.StandardRemovableAttributeTagProcessor
[THYMELEAF]             * [* {th:formmethod,data-th-formmethod}] [1000]: org.thymeleaf.standard.processor.StandardRemovableAttributeTagProcessor
[THYMELEAF]             * [* {th:tabindex,data-th-tabindex}] [1000]: org.thymeleaf.standard.processor.StandardRemovableAttributeTagProcessor
[THYMELEAF]             * [* {th:challenge,data-th-challenge}] [1000]: org.thymeleaf.standard.processor.StandardRemovableAttributeTagProcessor
[THYMELEAF]             * [* {th:standby,data-th-standby}] [1000]: org.thymeleaf.standard.processor.StandardRemovableAttributeTagProcessor
[THYMELEAF]             * [* {th:alt,data-th-alt}] [1000]: org.thymeleaf.standard.processor.StandardRemovableAttributeTagProcessor
[THYMELEAF]             * [* {th:kind,data-th-kind}] [1000]: org.thymeleaf.standard.processor.StandardRemovableAttributeTagProcessor
[THYMELEAF]             * [* {th:charset,data-th-charset}] [1000]: org.thymeleaf.standard.processor.StandardRemovableAttributeTagProcessor
[THYMELEAF]             * [* {th:for,data-th-for}] [1000]: org.thymeleaf.standard.processor.StandardRemovableAttributeTagProcessor
[THYMELEAF]             * [* {th:size,data-th-size}] [1000]: org.thymeleaf.standard.processor.StandardRemovableAttributeTagProcessor
[THYMELEAF]             * [* {th:id,data-th-id}] [1000]: org.thymeleaf.standard.processor.StandardRemovableAttributeTagProcessor
[THYMELEAF]             * [* {th:placeholder,data-th-placeholder}] [1000]: org.thymeleaf.standard.processor.StandardRemovableAttributeTagProcessor
[THYMELEAF]             * [* {th:marginwidth,data-th-marginwidth}] [1000]: org.thymeleaf.standard.processor.StandardRemovableAttributeTagProcessor
[THYMELEAF]             * [* {th:high,data-th-high}] [1000]: org.thymeleaf.standard.processor.StandardRemovableAttributeTagProcessor
[THYMELEAF]             * [* {th:low,data-th-low}] [1000]: org.thymeleaf.standard.processor.StandardRemovableAttributeTagProcessor
[THYMELEAF]             * [* {th:longdesc,data-th-longdesc}] [1000]: org.thymeleaf.standard.processor.StandardRemovableAttributeTagProcessor
[THYMELEAF]             * [* {th:valuetype,data-th-valuetype}] [1000]: org.thymeleaf.standard.processor.StandardRemovableAttributeTagProcessor
[THYMELEAF]             * [* {th:width,data-th-width}] [1000]: org.thymeleaf.standard.processor.StandardRemovableAttributeTagProcessor
[THYMELEAF]             * [* {th:scheme,data-th-scheme}] [1000]: org.thymeleaf.standard.processor.StandardRemovableAttributeTagProcessor
[THYMELEAF]             * [* {th:form,data-th-form}] [1000]: org.thymeleaf.standard.processor.StandardRemovableAttributeTagProcessor
[THYMELEAF]             * [* {th:datetime,data-th-datetime}] [1000]: org.thymeleaf.standard.processor.StandardRemovableAttributeTagProcessor
[THYMELEAF]             * [* {th:target,data-th-target}] [1000]: org.thymeleaf.standard.processor.StandardRemovableAttributeTagProcessor
[THYMELEAF]             * [* {th:autocomplete,data-th-autocomplete}] [1000]: org.thymeleaf.standard.processor.StandardRemovableAttributeTagProcessor
[THYMELEAF]             * [* {th:rev,data-th-rev}] [1000]: org.thymeleaf.standard.processor.StandardRemovableAttributeTagProcessor
[THYMELEAF]             * [* {th:http-equiv,data-th-http-equiv}] [1000]: org.thymeleaf.standard.processor.StandardRemovableAttributeTagProcessor
[THYMELEAF]             * [* {th:start,data-th-start}] [1000]: org.thymeleaf.standard.processor.StandardRemovableAttributeTagProcessor
[THYMELEAF]             * [* {th:rowspan,data-th-rowspan}] [1000]: org.thymeleaf.standard.processor.StandardRemovableAttributeTagProcessor
[THYMELEAF]             * [* {th:usemap,data-th-usemap}] [1000]: org.thymeleaf.standard.processor.StandardRemovableAttributeTagProcessor
[THYMELEAF]             * [* {th:icon,data-th-icon}] [1000]: org.thymeleaf.standard.processor.StandardRemovableAttributeTagProcessor
[THYMELEAF]             * [* {th:axis,data-th-axis}] [1000]: org.thymeleaf.standard.processor.StandardRemovableAttributeTagProcessor
[THYMELEAF]             * [* {th:formtarget,data-th-formtarget}] [1000]: org.thymeleaf.standard.processor.StandardRemovableAttributeTagProcessor
[THYMELEAF]             * [* {th:class,data-th-class}] [1000]: org.thymeleaf.standard.processor.StandardRemovableAttributeTagProcessor
[THYMELEAF]             * [* {th:formenctype,data-th-formenctype}] [1000]: org.thymeleaf.standard.processor.StandardRemovableAttributeTagProcessor
[THYMELEAF]             * [* {th:maxlength,data-th-maxlength}] [1000]: org.thymeleaf.standard.processor.StandardRemovableAttributeTagProcessor
[THYMELEAF]             * [* {th:scrolling,data-th-scrolling}] [1000]: org.thymeleaf.standard.processor.StandardRemovableAttributeTagProcessor
[THYMELEAF]             * [* {th:codetype,data-th-codetype}] [1000]: org.thymeleaf.standard.processor.StandardRemovableAttributeTagProcessor
[THYMELEAF]             * [* {th:srclang,data-th-srclang}] [1000]: org.thymeleaf.standard.processor.StandardRemovableAttributeTagProcessor
[THYMELEAF]             * [* {th:frameborder,data-th-frameborder}] [1000]: org.thymeleaf.standard.processor.StandardRemovableAttributeTagProcessor
[THYMELEAF]             * [* {th:spellcheck,data-th-spellcheck}] [1000]: org.thymeleaf.standard.processor.StandardRemovableAttributeTagProcessor
[THYMELEAF]             * [* {th:rows,data-th-rows}] [1000]: org.thymeleaf.standard.processor.StandardRemovableAttributeTagProcessor
[THYMELEAF]             * [* {th:radiogroup,data-th-radiogroup}] [1000]: org.thymeleaf.standard.processor.StandardRemovableAttributeTagProcessor
[THYMELEAF]             * [* {th:summary,data-th-summary}] [1000]: org.thymeleaf.standard.processor.StandardRemovableAttributeTagProcessor
[THYMELEAF]             * [* {th:bgcolor,data-th-bgcolor}] [1000]: org.thymeleaf.standard.processor.StandardRemovableAttributeTagProcessor
[THYMELEAF]             * [* {th:keytype,data-th-keytype}] [1000]: org.thymeleaf.standard.processor.StandardRemovableAttributeTagProcessor
[THYMELEAF]             * [* {th:content,data-th-content}] [1000]: org.thymeleaf.standard.processor.StandardRemovableAttributeTagProcessor
[THYMELEAF]             * [* {th:dropzone,data-th-dropzone}] [1000]: org.thymeleaf.standard.processor.StandardRemovableAttributeTagProcessor
[THYMELEAF]             * [* {th:step,data-th-step}] [1000]: org.thymeleaf.standard.processor.StandardRemovableAttributeTagProcessor
[THYMELEAF]             * [* {th:compact,data-th-compact}] [1000]: org.thymeleaf.standard.processor.StandardRemovableAttributeTagProcessor
[THYMELEAF]             * [* {th:headers,data-th-headers}] [1000]: org.thymeleaf.standard.processor.StandardRemovableAttributeTagProcessor
[THYMELEAF]             * [* {th:min,data-th-min}] [1000]: org.thymeleaf.standard.processor.StandardRemovableAttributeTagProcessor
[THYMELEAF]             * [* {th:sizes,data-th-sizes}] [1000]: org.thymeleaf.standard.processor.StandardRemovableAttributeTagProcessor
[THYMELEAF]             * [* {th:abbr,data-th-abbr}] [1000]: org.thymeleaf.standard.processor.StandardRemovableAttributeTagProcessor
[THYMELEAF]             * [* {th:list,data-th-list}] [1000]: org.thymeleaf.standard.processor.StandardRemovableAttributeTagProcessor
[THYMELEAF]             * [* {th:contextmenu,data-th-contextmenu}] [1000]: org.thymeleaf.standard.processor.StandardRemovableAttributeTagProcessor
[THYMELEAF]             * [* {th:accesskey,data-th-accesskey}] [1000]: org.thymeleaf.standard.processor.StandardRemovableAttributeTagProcessor
[THYMELEAF]             * [* {th:pattern,data-th-pattern}] [1000]: org.thymeleaf.standard.processor.StandardRemovableAttributeTagProcessor
[THYMELEAF]             * [* {th:manifest,data-th-manifest}] [1000]: org.thymeleaf.standard.processor.StandardRemovableAttributeTagProcessor
[THYMELEAF]             * [* {th:frame,data-th-frame}] [1000]: org.thymeleaf.standard.processor.StandardRemovableAttributeTagProcessor
[THYMELEAF]             * [* {th:span,data-th-span}] [1000]: org.thymeleaf.standard.processor.StandardRemovableAttributeTagProcessor
[THYMELEAF]             * [* {th:cite,data-th-cite}] [1000]: org.thymeleaf.standard.processor.StandardRemovableAttributeTagProcessor
[THYMELEAF]             * [* {th:border,data-th-border}] [1000]: org.thymeleaf.standard.processor.StandardRemovableAttributeTagProcessor
[THYMELEAF]             * [* {th:data,data-th-data}] [1000]: org.thymeleaf.standard.processor.StandardRemovableAttributeTagProcessor
[THYMELEAF]             * [* {th:vspace,data-th-vspace}] [1000]: org.thymeleaf.standard.processor.StandardRemovableAttributeTagProcessor
[THYMELEAF]             * [* {th:accept-charset,data-th-accept-charset}] [1000]: org.thymeleaf.standard.processor.StandardRemovableAttributeTagProcessor
[THYMELEAF]             * [* {th:style,data-th-style}] [1000]: org.thymeleaf.standard.processor.StandardRemovableAttributeTagProcessor
[THYMELEAF]             * [* {th:marginheight,data-th-marginheight}] [1000]: org.thymeleaf.standard.processor.StandardRemovableAttributeTagProcessor
[THYMELEAF]             * [* {th:media,data-th-media}] [1000]: org.thymeleaf.standard.processor.StandardRemovableAttributeTagProcessor
[THYMELEAF]             * [* {th:cellspacing,data-th-cellspacing}] [1000]: org.thymeleaf.standard.processor.StandardRemovableAttributeTagProcessor
[THYMELEAF]             * [* {th:title,data-th-title}] [1000]: org.thymeleaf.standard.processor.StandardRemovableAttributeTagProcessor
[THYMELEAF]             * [* {th:codebase,data-th-codebase}] [1000]: org.thymeleaf.standard.processor.StandardRemovableAttributeTagProcessor
[THYMELEAF]             * [* {th:preload,data-th-preload}] [1000]: org.thymeleaf.standard.processor.StandardRemovableAttributeTagProcessor
[THYMELEAF]             * [* {th:enctype,data-th-enctype}] [1000]: org.thymeleaf.standard.processor.StandardRemovableAttributeTagProcessor
[THYMELEAF]             * [* {th:hspace,data-th-hspace}] [1000]: org.thymeleaf.standard.processor.StandardRemovableAttributeTagProcessor
[THYMELEAF]             * [* {th:rel,data-th-rel}] [1000]: org.thymeleaf.standard.processor.StandardRemovableAttributeTagProcessor
[THYMELEAF]             * [* {th:background,data-th-background}] [1000]: org.thymeleaf.standard.processor.StandardRemovableAttributeTagProcessor
[THYMELEAF]             * [* {th:rules,data-th-rules}] [1000]: org.thymeleaf.standard.processor.StandardRemovableAttributeTagProcessor
[THYMELEAF]             * [* {th:classid,data-th-classid}] [1000]: org.thymeleaf.standard.processor.StandardRemovableAttributeTagProcessor
[THYMELEAF]             * [* {th:wrap,data-th-wrap}] [1000]: org.thymeleaf.standard.processor.StandardRemovableAttributeTagProcessor
[THYMELEAF]             * [* {th:archive,data-th-archive}] [1000]: org.thymeleaf.standard.processor.StandardRemovableAttributeTagProcessor
[THYMELEAF]             * [* {th:poster,data-th-poster}] [1000]: org.thymeleaf.standard.processor.StandardRemovableAttributeTagProcessor
[THYMELEAF]             * [* {th:scope,data-th-scope}] [1000]: org.thymeleaf.standard.processor.StandardRemovableAttributeTagProcessor
[THYMELEAF]             * [* {th:cellpadding,data-th-cellpadding}] [1000]: org.thymeleaf.standard.processor.StandardRemovableAttributeTagProcessor
[THYMELEAF]             * [* {th:cols,data-th-cols}] [1000]: org.thymeleaf.standard.processor.StandardRemovableAttributeTagProcessor
[THYMELEAF]             * [* {th:lang,data-th-lang}] [1000]: org.thymeleaf.standard.processor.StandardRemovableAttributeTagProcessor
[THYMELEAF]             * [* {th:audio,data-th-audio}] [1000]: org.thymeleaf.standard.processor.StandardRemovableAttributeTagProcessor
[THYMELEAF]             * [* {th:max,data-th-max}] [1000]: org.thymeleaf.standard.processor.StandardRemovableAttributeTagProcessor
[THYMELEAF]             * [* {th:colspan,data-th-colspan}] [1000]: org.thymeleaf.standard.processor.StandardRemovableAttributeTagProcessor
[THYMELEAF]             * [* {th:src,data-th-src}] [1000]: org.thymeleaf.standard.processor.StandardSrcTagProcessor
[THYMELEAF]             * [* {th:value,data-th-value}] [1000]: org.thymeleaf.standard.processor.StandardValueTagProcessor
[THYMELEAF]             * [* {th:xmlbase,data-th-xmlbase}] [1000]: org.thymeleaf.standard.processor.StandardXmlBaseTagProcessor
[THYMELEAF]             * [* {th:xmllang,data-th-xmllang}] [1000]: org.thymeleaf.standard.processor.StandardXmlLangTagProcessor
[THYMELEAF]             * [* {xmlns:th}] [1000]: org.thymeleaf.standard.processor.StandardXmlNsTagProcessor
[THYMELEAF]             * [* {th:xmlspace,data-th-xmlspace}] [1000]: org.thymeleaf.standard.processor.StandardXmlSpaceTagProcessor
[THYMELEAF]             * [* {th:classappend,data-th-classappend}] [1100]: org.thymeleaf.standard.processor.StandardClassappendTagProcessor
[THYMELEAF]             * [* {th:styleappend,data-th-styleappend}] [1100]: org.thymeleaf.standard.processor.StandardStyleappendTagProcessor
[THYMELEAF]             * [* {th:text,data-th-text}] [1300]: org.thymeleaf.standard.processor.StandardTextTagProcessor
[THYMELEAF]             * [* {th:utext,data-th-utext}] [1400]: org.thymeleaf.standard.processor.StandardUtextTagProcessor
[THYMELEAF]             * [* {th:fragment,data-th-fragment}] [1500]: org.thymeleaf.standard.processor.StandardFragmentTagProcessor
[THYMELEAF]             * [* {th:assert,data-th-assert}] [1550]: org.thymeleaf.standard.processor.StandardAssertTagProcessor
[THYMELEAF]             * [* {th:remove,data-th-remove}] [1600]: org.thymeleaf.standard.processor.StandardRemoveTagProcessor
[THYMELEAF]             * [* {th:ref,data-th-ref}] [10000]: org.thymeleaf.standard.processor.StandardRefAttributeTagProcessor
[THYMELEAF]             * [{th:block,th-block} *] [100000]: org.thymeleaf.standard.processor.StandardBlockTagProcessor
[THYMELEAF]             * [* th:*] [2147483647]: org.thymeleaf.standard.processor.StandardDefaultAttributesTagProcessor
[THYMELEAF]         * Text Processors by [precedence]:
[THYMELEAF]             * [1000]: org.thymeleaf.standard.processor.StandardInliningTextProcessor
[THYMELEAF]         * DOCTYPE Processors by [precedence]:
[THYMELEAF]             * [1000]: org.thymeleaf.standard.processor.StandardTranslationDocTypeProcessor
[THYMELEAF]         * CDATA Section Processors by [precedence]:
[THYMELEAF]             * [1000]: org.thymeleaf.standard.processor.StandardInliningCDATASectionProcessor
[THYMELEAF]         * Comment Processors by [precedence]:
[THYMELEAF]             * [1000]: org.thymeleaf.standard.processor.StandardInliningCommentProcessor
[THYMELEAF]             * [1100]: org.thymeleaf.standard.processor.StandardConditionalCommentProcessor
[THYMELEAF]     * Processors for Template Mode: XML
[THYMELEAF]         * Element Tag Processors by [matching element and attribute name] [precedence]:
[THYMELEAF]             * [* {th:include}] [100]: org.thymeleaf.standard.processor.StandardIncludeTagProcessor
[THYMELEAF]             * [* {th:insert}] [100]: org.thymeleaf.standard.processor.StandardInsertTagProcessor
[THYMELEAF]             * [* {th:replace}] [100]: org.thymeleaf.standard.processor.StandardReplaceTagProcessor
[THYMELEAF]             * [* {th:each}] [200]: com.intuit.karate.template.KarateEachTagProcessor
[THYMELEAF]             * [* {th:switch}] [250]: org.thymeleaf.standard.processor.StandardSwitchTagProcessor
[THYMELEAF]             * [* {th:case}] [275]: org.thymeleaf.standard.processor.StandardCaseTagProcessor
[THYMELEAF]             * [* {th:if}] [300]: org.thymeleaf.standard.processor.StandardIfTagProcessor
[THYMELEAF]             * [* {th:unless}] [400]: org.thymeleaf.standard.processor.StandardUnlessTagProcessor
[THYMELEAF]             * [* {th:object}] [500]: org.thymeleaf.standard.processor.StandardObjectTagProcessor
[THYMELEAF]             * [* {th:with}] [600]: com.intuit.karate.template.KarateWithTagProcessor
[THYMELEAF]             * [* {th:attr}] [700]: com.intuit.karate.template.KarateAttributeTagProcessor.KarateAttrTagProcessor
[THYMELEAF]             * [* {th:attrappend}] [900]: com.intuit.karate.template.KarateAttributeTagProcessor.KarateAttrappendTagProcessor
[THYMELEAF]             * [* {th:attrprepend}] [900]: com.intuit.karate.template.KarateAttributeTagProcessor.KarateAttrprependTagProcessor
[THYMELEAF]             * [* {th:inline}] [1000]: org.thymeleaf.standard.processor.StandardInlineXMLTagProcessor
[THYMELEAF]             * [* {xmlns:th}] [1000]: org.thymeleaf.standard.processor.StandardXmlNsTagProcessor
[THYMELEAF]             * [* {th:text}] [1300]: org.thymeleaf.standard.processor.StandardTextTagProcessor
[THYMELEAF]             * [* {th:utext}] [1400]: org.thymeleaf.standard.processor.StandardUtextTagProcessor
[THYMELEAF]             * [* {th:fragment}] [1500]: org.thymeleaf.standard.processor.StandardFragmentTagProcessor
[THYMELEAF]             * [* {th:assert}] [1550]: org.thymeleaf.standard.processor.StandardAssertTagProcessor
[THYMELEAF]             * [* {th:remove}] [1600]: org.thymeleaf.standard.processor.StandardRemoveTagProcessor
[THYMELEAF]             * [* {th:ref}] [10000]: org.thymeleaf.standard.processor.StandardRefAttributeTagProcessor
[THYMELEAF]             * [{th:block} *] [100000]: org.thymeleaf.standard.processor.StandardBlockTagProcessor
[THYMELEAF]             * [* th:*] [2147483647]: org.thymeleaf.standard.processor.StandardDefaultAttributesTagProcessor
[THYMELEAF]         * Text Processors by [precedence]:
[THYMELEAF]             * [1000]: org.thymeleaf.standard.processor.StandardInliningTextProcessor
[THYMELEAF]         * CDATA Section Processors by [precedence]:
[THYMELEAF]             * [1000]: org.thymeleaf.standard.processor.StandardInliningCDATASectionProcessor
[THYMELEAF]         * Comment Processors by [precedence]:
[THYMELEAF]             * [1000]: org.thymeleaf.standard.processor.StandardInliningCommentProcessor
[THYMELEAF]     * Processors for Template Mode: TEXT
[THYMELEAF]         * Element Tag Processors by [matching element and attribute name] [precedence]:
[THYMELEAF]             * [* {th:insert}] [100]: org.thymeleaf.standard.processor.StandardInsertTagProcessor
[THYMELEAF]             * [* {th:replace}] [100]: org.thymeleaf.standard.processor.StandardReplaceTagProcessor
[THYMELEAF]             * [* {th:each}] [200]: com.intuit.karate.template.KarateEachTagProcessor
[THYMELEAF]             * [* {th:switch}] [250]: org.thymeleaf.standard.processor.StandardSwitchTagProcessor
[THYMELEAF]             * [* {th:case}] [275]: org.thymeleaf.standard.processor.StandardCaseTagProcessor
[THYMELEAF]             * [* {th:if}] [300]: org.thymeleaf.standard.processor.StandardIfTagProcessor
[THYMELEAF]             * [* {th:unless}] [400]: org.thymeleaf.standard.processor.StandardUnlessTagProcessor
[THYMELEAF]             * [* {th:object}] [500]: org.thymeleaf.standard.processor.StandardObjectTagProcessor
[THYMELEAF]             * [* {th:with}] [600]: com.intuit.karate.template.KarateWithTagProcessor
[THYMELEAF]             * [* {th:inline}] [1000]: org.thymeleaf.standard.processor.StandardInlineTextualTagProcessor
[THYMELEAF]             * [* {th:text}] [1300]: org.thymeleaf.standard.processor.StandardTextTagProcessor
[THYMELEAF]             * [* {th:utext}] [1400]: org.thymeleaf.standard.processor.StandardUtextTagProcessor
[THYMELEAF]             * [* {th:assert}] [1550]: org.thymeleaf.standard.processor.StandardAssertTagProcessor
[THYMELEAF]             * [* {th:remove}] [1600]: org.thymeleaf.standard.processor.StandardRemoveTagProcessor
[THYMELEAF]             * [* 100000] [org.thymeleaf.standard.processor.StandardBlockTagProcessor]: {}
[THYMELEAF]             * [{th:block} *] [100000]: org.thymeleaf.standard.processor.StandardBlockTagProcessor
[THYMELEAF]         * Text Processors by [precedence]:
[THYMELEAF]             * [1000]: org.thymeleaf.standard.processor.StandardInliningTextProcessor
[THYMELEAF]     * Processors for Template Mode: JAVASCRIPT
[THYMELEAF]         * Element Tag Processors by [matching element and attribute name] [precedence]:
[THYMELEAF]             * [* {th:insert}] [100]: org.thymeleaf.standard.processor.StandardInsertTagProcessor
[THYMELEAF]             * [* {th:replace}] [100]: org.thymeleaf.standard.processor.StandardReplaceTagProcessor
[THYMELEAF]             * [* {th:each}] [200]: com.intuit.karate.template.KarateEachTagProcessor
[THYMELEAF]             * [* {th:switch}] [250]: org.thymeleaf.standard.processor.StandardSwitchTagProcessor
[THYMELEAF]             * [* {th:case}] [275]: org.thymeleaf.standard.processor.StandardCaseTagProcessor
[THYMELEAF]             * [* {th:if}] [300]: org.thymeleaf.standard.processor.StandardIfTagProcessor
[THYMELEAF]             * [* {th:unless}] [400]: org.thymeleaf.standard.processor.StandardUnlessTagProcessor
[THYMELEAF]             * [* {th:object}] [500]: org.thymeleaf.standard.processor.StandardObjectTagProcessor
[THYMELEAF]             * [* {th:with}] [600]: com.intuit.karate.template.KarateWithTagProcessor
[THYMELEAF]             * [* {th:inline}] [1000]: org.thymeleaf.standard.processor.StandardInlineTextualTagProcessor
[THYMELEAF]             * [* {th:text}] [1300]: org.thymeleaf.standard.processor.StandardTextTagProcessor
[THYMELEAF]             * [* {th:utext}] [1400]: org.thymeleaf.standard.processor.StandardUtextTagProcessor
[THYMELEAF]             * [* {th:assert}] [1550]: org.thymeleaf.standard.processor.StandardAssertTagProcessor
[THYMELEAF]             * [* {th:remove}] [1600]: org.thymeleaf.standard.processor.StandardRemoveTagProcessor
[THYMELEAF]             * [* 100000] [org.thymeleaf.standard.processor.StandardBlockTagProcessor]: {}
[THYMELEAF]             * [{th:block} *] [100000]: org.thymeleaf.standard.processor.StandardBlockTagProcessor
[THYMELEAF]         * Text Processors by [precedence]:
[THYMELEAF]             * [1000]: org.thymeleaf.standard.processor.StandardInliningTextProcessor
[THYMELEAF]     * Processors for Template Mode: CSS
[THYMELEAF]         * Element Tag Processors by [matching element and attribute name] [precedence]:
[THYMELEAF]             * [* {th:insert}] [100]: org.thymeleaf.standard.processor.StandardInsertTagProcessor
[THYMELEAF]             * [* {th:replace}] [100]: org.thymeleaf.standard.processor.StandardReplaceTagProcessor
[THYMELEAF]             * [* {th:each}] [200]: com.intuit.karate.template.KarateEachTagProcessor
[THYMELEAF]             * [* {th:switch}] [250]: org.thymeleaf.standard.processor.StandardSwitchTagProcessor
[THYMELEAF]             * [* {th:case}] [275]: org.thymeleaf.standard.processor.StandardCaseTagProcessor
[THYMELEAF]             * [* {th:if}] [300]: org.thymeleaf.standard.processor.StandardIfTagProcessor
[THYMELEAF]             * [* {th:unless}] [400]: org.thymeleaf.standard.processor.StandardUnlessTagProcessor
[THYMELEAF]             * [* {th:object}] [500]: org.thymeleaf.standard.processor.StandardObjectTagProcessor
[THYMELEAF]             * [* {th:with}] [600]: com.intuit.karate.template.KarateWithTagProcessor
[THYMELEAF]             * [* {th:inline}] [1000]: org.thymeleaf.standard.processor.StandardInlineTextualTagProcessor
[THYMELEAF]             * [* {th:text}] [1300]: org.thymeleaf.standard.processor.StandardTextTagProcessor
[THYMELEAF]             * [* {th:utext}] [1400]: org.thymeleaf.standard.processor.StandardUtextTagProcessor
[THYMELEAF]             * [* {th:assert}] [1550]: org.thymeleaf.standard.processor.StandardAssertTagProcessor
[THYMELEAF]             * [* {th:remove}] [1600]: org.thymeleaf.standard.processor.StandardRemoveTagProcessor
[THYMELEAF]             * [{th:block} *] [100000]: org.thymeleaf.standard.processor.StandardBlockTagProcessor
[THYMELEAF]             * [* 100000] [org.thymeleaf.standard.processor.StandardBlockTagProcessor]: {}
[THYMELEAF]         * Text Processors by [precedence]:
[THYMELEAF]             * [1000]: org.thymeleaf.standard.processor.StandardInliningTextProcessor
[THYMELEAF]     * Expression Objects:
[THYMELEAF]         * #ctx
[THYMELEAF]         * #root
[THYMELEAF]         * #vars
[THYMELEAF]         * #object
[THYMELEAF]         * #locale
[THYMELEAF]         * #conversions
[THYMELEAF]         * #uris
[THYMELEAF]         * #temporals
[THYMELEAF]         * #calendars
[THYMELEAF]         * #dates
[THYMELEAF]         * #bools
[THYMELEAF]         * #numbers
[THYMELEAF]         * #objects
[THYMELEAF]         * #strings
[THYMELEAF]         * #arrays
[THYMELEAF]         * #lists
[THYMELEAF]         * #sets
[THYMELEAF]         * #maps
[THYMELEAF]         * #aggregates
[THYMELEAF]         * #messages
[THYMELEAF]         * #ids
[THYMELEAF]         * #execInfo
[THYMELEAF]         * #request
[THYMELEAF]         * #response
[THYMELEAF]         * #session
[THYMELEAF]         * #servletContext
[THYMELEAF]     * Execution Attributes:
[THYMELEAF]         * "StandardExpressionParser": com.intuit.karate.template.KarateStandardDialect@864bc05
[THYMELEAF]         * "StandardJavaScriptSerializer": org.thymeleaf.standard.serializer.StandardJavaScriptSerializer@17760d96
[THYMELEAF]         * "StandardCSSSerializer": org.thymeleaf.standard.serializer.StandardCSSSerializer@719a8fc
[THYMELEAF]         * "StandardVariableExpressionEvaluator": com.intuit.karate.template.KarateStandardDialect@864bc05
[THYMELEAF]         * "StandardConversionService": org.thymeleaf.standard.expression.StandardConversionService@43f0b66e
[THYMELEAF] * Dialect [2 of 2]: karate (com.intuit.karate.template.KarateScriptDialect)
[THYMELEAF]     * Prefix: "ka"
[THYMELEAF]     * Processors for Template Mode: HTML
[THYMELEAF]         * Element Tag Processors by [matching element and attribute name] [precedence]:
[THYMELEAF]             * [* {src}] [1000]: com.intuit.karate.template.KaScriptAttrProcessor
[THYMELEAF]         * Element Model Processors by [matching element and attribute name] [precedence]:
[THYMELEAF]             * [{script} {ka:scope,data-ka-scope}] [1000]: com.intuit.karate.template.KaScriptElemProcessor
[THYMELEAF]             * [* {ka:set,data-ka-set}] [1000]: com.intuit.karate.template.KaSetElemProcessor
[THYMELEAF] TEMPLATE ENGINE CONFIGURED OK
16:40:46.333 [pool-3-thread-1] DEBUG org.thymeleaf.TemplateEngine -- [THYMELEAF] TEMPLATE ENGINE INITIALIZED
---------------------------------------------------------
feature: classpath:api/producto/listar.feature
scenarios:  1 | passed:  1 | failed:  0 | time: 0.0762
---------------------------------------------------------

16:40:46.387 [pool-3-thread-1] INFO com.intuit.karate.Suite -- <<pass>> feature 9 of 11 (2 remaining) classpath:api/producto/listar.feature
16:40:46.389 [pool-3-thread-1] DEBUG com.jayway.jsonpath.internal.path.CompiledPath -- Evaluating path: $
16:40:46.391 [pool-3-thread-1] DEBUG com.jayway.jsonpath.internal.path.CompiledPath -- Evaluating path: $
16:40:46.399 [pool-3-thread-1] DEBUG org.thymeleaf.TemplateEngine -- [THYMELEAF] INITIALIZING TEMPLATE ENGINE
16:40:46.410 [pool-3-thread-1] DEBUG org.thymeleaf.TemplateEngine.CONFIG -- Initializing Thymeleaf Template engine configuration...
[THYMELEAF] TEMPLATE ENGINE CONFIGURATION:
[THYMELEAF] * Thymeleaf version: 3.1.2.RELEASE (built 2023-07-30T19:25:50+0000)
[THYMELEAF] * Cache Manager implementation: org.thymeleaf.cache.StandardCacheManager
[THYMELEAF] * Template resolvers:
[THYMELEAF]     * [1] com.intuit.karate.template.ResourceHtmlTemplateResolver
[THYMELEAF] * Message resolvers:
[THYMELEAF]     * org.thymeleaf.messageresolver.StandardMessageResolver
[THYMELEAF] * Link builders:
[THYMELEAF]     * org.thymeleaf.linkbuilder.StandardLinkBuilder
[THYMELEAF] * Dialect [1 of 2]: Standard (com.intuit.karate.template.KarateStandardDialect)
[THYMELEAF]     * Prefix: "th"
[THYMELEAF]     * Processors for Template Mode: HTML
[THYMELEAF]         * Element Tag Processors by [matching element and attribute name] [precedence]:
[THYMELEAF]             * [* {th:include,data-th-include}] [100]: org.thymeleaf.standard.processor.StandardIncludeTagProcessor
[THYMELEAF]             * [* {th:insert,data-th-insert}] [100]: org.thymeleaf.standard.processor.StandardInsertTagProcessor
[THYMELEAF]             * [* {th:replace,data-th-replace}] [100]: org.thymeleaf.standard.processor.StandardReplaceTagProcessor
[THYMELEAF]             * [* {th:each,data-th-each}] [200]: com.intuit.karate.template.KarateEachTagProcessor
[THYMELEAF]             * [* {th:switch,data-th-switch}] [250]: org.thymeleaf.standard.processor.StandardSwitchTagProcessor
[THYMELEAF]             * [* {th:case,data-th-case}] [275]: org.thymeleaf.standard.processor.StandardCaseTagProcessor
[THYMELEAF]             * [* {th:if,data-th-if}] [300]: org.thymeleaf.standard.processor.StandardIfTagProcessor
[THYMELEAF]             * [* {th:unless,data-th-unless}] [400]: org.thymeleaf.standard.processor.StandardUnlessTagProcessor
[THYMELEAF]             * [* {th:object,data-th-object}] [500]: org.thymeleaf.standard.processor.StandardObjectTagProcessor
[THYMELEAF]             * [* {th:with,data-th-with}] [600]: com.intuit.karate.template.KarateWithTagProcessor
[THYMELEAF]             * [* {th:attr,data-th-attr}] [700]: com.intuit.karate.template.KarateAttributeTagProcessor.KarateAttrTagProcessor
[THYMELEAF]             * [* {th:attrappend,data-th-attrappend}] [900]: com.intuit.karate.template.KarateAttributeTagProcessor.KarateAttrappendTagProcessor
[THYMELEAF]             * [* {th:attrprepend,data-th-attrprepend}] [900]: com.intuit.karate.template.KarateAttributeTagProcessor.KarateAttrprependTagProcessor
[THYMELEAF]             * [* {th:alt-title,data-th-alt-title}] [990]: org.thymeleaf.standard.processor.StandardAltTitleTagProcessor
[THYMELEAF]             * [* {th:lang-xmllang,data-th-lang-xmllang}] [990]: org.thymeleaf.standard.processor.StandardLangXmlLangTagProcessor
[THYMELEAF]             * [* {th:action,data-th-action}] [1000]: org.thymeleaf.standard.processor.StandardActionTagProcessor
[THYMELEAF]             * [* {th:novalidate,data-th-novalidate}] [1000]: org.thymeleaf.standard.processor.StandardConditionalFixedValueTagProcessor
[THYMELEAF]             * [* {th:reversed,data-th-reversed}] [1000]: org.thymeleaf.standard.processor.StandardConditionalFixedValueTagProcessor
[THYMELEAF]             * [* {th:ismap,data-th-ismap}] [1000]: org.thymeleaf.standard.processor.StandardConditionalFixedValueTagProcessor
[THYMELEAF]             * [* {th:nowrap,data-th-nowrap}] [1000]: org.thymeleaf.standard.processor.StandardConditionalFixedValueTagProcessor
[THYMELEAF]             * [* {th:pubdate,data-th-pubdate}] [1000]: org.thymeleaf.standard.processor.StandardConditionalFixedValueTagProcessor
[THYMELEAF]             * [* {th:seamless,data-th-seamless}] [1000]: org.thymeleaf.standard.processor.StandardConditionalFixedValueTagProcessor
[THYMELEAF]             * [* {th:loop,data-th-loop}] [1000]: org.thymeleaf.standard.processor.StandardConditionalFixedValueTagProcessor
[THYMELEAF]             * [* {th:autoplay,data-th-autoplay}] [1000]: org.thymeleaf.standard.processor.StandardConditionalFixedValueTagProcessor
[THYMELEAF]             * [* {th:declare,data-th-declare}] [1000]: org.thymeleaf.standard.processor.StandardConditionalFixedValueTagProcessor
[THYMELEAF]             * [* {th:async,data-th-async}] [1000]: org.thymeleaf.standard.processor.StandardConditionalFixedValueTagProcessor
[THYMELEAF]             * [* {th:defer,data-th-defer}] [1000]: org.thymeleaf.standard.processor.StandardConditionalFixedValueTagProcessor
[THYMELEAF]             * [* {th:multiple,data-th-multiple}] [1000]: org.thymeleaf.standard.processor.StandardConditionalFixedValueTagProcessor
[THYMELEAF]             * [* {th:open,data-th-open}] [1000]: org.thymeleaf.standard.processor.StandardConditionalFixedValueTagProcessor
[THYMELEAF]             * [* {th:autofocus,data-th-autofocus}] [1000]: org.thymeleaf.standard.processor.StandardConditionalFixedValueTagProcessor
[THYMELEAF]             * [* {th:checked,data-th-checked}] [1000]: org.thymeleaf.standard.processor.StandardConditionalFixedValueTagProcessor
[THYMELEAF]             * [* {th:formnovalidate,data-th-formnovalidate}] [1000]: org.thymeleaf.standard.processor.StandardConditionalFixedValueTagProcessor
[THYMELEAF]             * [* {th:readonly,data-th-readonly}] [1000]: org.thymeleaf.standard.processor.StandardConditionalFixedValueTagProcessor
[THYMELEAF]             * [* {th:required,data-th-required}] [1000]: org.thymeleaf.standard.processor.StandardConditionalFixedValueTagProcessor
[THYMELEAF]             * [* {th:default,data-th-default}] [1000]: org.thymeleaf.standard.processor.StandardConditionalFixedValueTagProcessor
[THYMELEAF]             * [* {th:hidden,data-th-hidden}] [1000]: org.thymeleaf.standard.processor.StandardConditionalFixedValueTagProcessor
[THYMELEAF]             * [* {th:controls,data-th-controls}] [1000]: org.thymeleaf.standard.processor.StandardConditionalFixedValueTagProcessor
[THYMELEAF]             * [* {th:scoped,data-th-scoped}] [1000]: org.thymeleaf.standard.processor.StandardConditionalFixedValueTagProcessor
[THYMELEAF]             * [* {th:selected,data-th-selected}] [1000]: org.thymeleaf.standard.processor.StandardConditionalFixedValueTagProcessor
[THYMELEAF]             * [* {th:disabled,data-th-disabled}] [1000]: org.thymeleaf.standard.processor.StandardConditionalFixedValueTagProcessor
[THYMELEAF]             * [* {th:onkeypress,data-th-onkeypress}] [1000]: org.thymeleaf.standard.processor.StandardDOMEventAttributeTagProcessor
[THYMELEAF]             * [* {th:onloadeddata,data-th-onloadeddata}] [1000]: org.thymeleaf.standard.processor.StandardDOMEventAttributeTagProcessor
[THYMELEAF]             * [* {th:onreset,data-th-onreset}] [1000]: org.thymeleaf.standard.processor.StandardDOMEventAttributeTagProcessor
[THYMELEAF]             * [* {th:onformchange,data-th-onformchange}] [1000]: org.thymeleaf.standard.processor.StandardDOMEventAttributeTagProcessor
[THYMELEAF]             * [* {th:ondragend,data-th-ondragend}] [1000]: org.thymeleaf.standard.processor.StandardDOMEventAttributeTagProcessor
[THYMELEAF]             * [* {th:ondragenter,data-th-ondragenter}] [1000]: org.thymeleaf.standard.processor.StandardDOMEventAttributeTagProcessor
[THYMELEAF]             * [* {th:onkeydown,data-th-onkeydown}] [1000]: org.thymeleaf.standard.processor.StandardDOMEventAttributeTagProcessor
[THYMELEAF]             * [* {th:onwaiting,data-th-onwaiting}] [1000]: org.thymeleaf.standard.processor.StandardDOMEventAttributeTagProcessor
[THYMELEAF]             * [* {th:onmousewheel,data-th-onmousewheel}] [1000]: org.thymeleaf.standard.processor.StandardDOMEventAttributeTagProcessor
[THYMELEAF]             * [* {th:onended,data-th-onended}] [1000]: org.thymeleaf.standard.processor.StandardDOMEventAttributeTagProcessor
[THYMELEAF]             * [* {th:ondrag,data-th-ondrag}] [1000]: org.thymeleaf.standard.processor.StandardDOMEventAttributeTagProcessor
[THYMELEAF]             * [* {th:onvolumechange,data-th-onvolumechange}] [1000]: org.thymeleaf.standard.processor.StandardDOMEventAttributeTagProcessor
[THYMELEAF]             * [* {th:onmouseup,data-th-onmouseup}] [1000]: org.thymeleaf.standard.processor.StandardDOMEventAttributeTagProcessor
[THYMELEAF]             * [* {th:onunload,data-th-onunload}] [1000]: org.thymeleaf.standard.processor.StandardDOMEventAttributeTagProcessor
[THYMELEAF]             * [* {th:onloadedmetadata,data-th-onloadedmetadata}] [1000]: org.thymeleaf.standard.processor.StandardDOMEventAttributeTagProcessor
[THYMELEAF]             * [* {th:onstorage,data-th-onstorage}] [1000]: org.thymeleaf.standard.processor.StandardDOMEventAttributeTagProcessor
[THYMELEAF]             * [* {th:onmouseout,data-th-onmouseout}] [1000]: org.thymeleaf.standard.processor.StandardDOMEventAttributeTagProcessor
[THYMELEAF]             * [* {th:onmouseover,data-th-onmouseover}] [1000]: org.thymeleaf.standard.processor.StandardDOMEventAttributeTagProcessor
[THYMELEAF]             * [* {th:onundo,data-th-onundo}] [1000]: org.thymeleaf.standard.processor.StandardDOMEventAttributeTagProcessor
[THYMELEAF]             * [* {th:onredo,data-th-onredo}] [1000]: org.thymeleaf.standard.processor.StandardDOMEventAttributeTagProcessor
[THYMELEAF]             * [* {th:onstalled,data-th-onstalled}] [1000]: org.thymeleaf.standard.processor.StandardDOMEventAttributeTagProcessor
[THYMELEAF]             * [* {th:oninvalid,data-th-oninvalid}] [1000]: org.thymeleaf.standard.processor.StandardDOMEventAttributeTagProcessor
[THYMELEAF]             * [* {th:onload,data-th-onload}] [1000]: org.thymeleaf.standard.processor.StandardDOMEventAttributeTagProcessor
[THYMELEAF]             * [* {th:onprogress,data-th-onprogress}] [1000]: org.thymeleaf.standard.processor.StandardDOMEventAttributeTagProcessor
[THYMELEAF]             * [* {th:onloadstart,data-th-onloadstart}] [1000]: org.thymeleaf.standard.processor.StandardDOMEventAttributeTagProcessor
[THYMELEAF]             * [* {th:onscroll,data-th-onscroll}] [1000]: org.thymeleaf.standard.processor.StandardDOMEventAttributeTagProcessor
[THYMELEAF]             * [* {th:onabort,data-th-onabort}] [1000]: org.thymeleaf.standard.processor.StandardDOMEventAttributeTagProcessor
[THYMELEAF]             * [* {th:onblur,data-th-onblur}] [1000]: org.thymeleaf.standard.processor.StandardDOMEventAttributeTagProcessor
[THYMELEAF]             * [* {th:onmousemove,data-th-onmousemove}] [1000]: org.thymeleaf.standard.processor.StandardDOMEventAttributeTagProcessor
[THYMELEAF]             * [* {th:oninput,data-th-oninput}] [1000]: org.thymeleaf.standard.processor.StandardDOMEventAttributeTagProcessor
[THYMELEAF]             * [* {th:ondragleave,data-th-ondragleave}] [1000]: org.thymeleaf.standard.processor.StandardDOMEventAttributeTagProcessor
[THYMELEAF]             * [* {th:onsubmit,data-th-onsubmit}] [1000]: org.thymeleaf.standard.processor.StandardDOMEventAttributeTagProcessor
[THYMELEAF]             * [* {th:onemptied,data-th-onemptied}] [1000]: org.thymeleaf.standard.processor.StandardDOMEventAttributeTagProcessor
[THYMELEAF]             * [* {th:onchange,data-th-onchange}] [1000]: org.thymeleaf.standard.processor.StandardDOMEventAttributeTagProcessor
[THYMELEAF]             * [* {th:ondragover,data-th-ondragover}] [1000]: org.thymeleaf.standard.processor.StandardDOMEventAttributeTagProcessor
[THYMELEAF]             * [* {th:onkeyup,data-th-onkeyup}] [1000]: org.thymeleaf.standard.processor.StandardDOMEventAttributeTagProcessor
[THYMELEAF]             * [* {th:oncanplay,data-th-oncanplay}] [1000]: org.thymeleaf.standard.processor.StandardDOMEventAttributeTagProcessor
[THYMELEAF]             * [* {th:onresize,data-th-onresize}] [1000]: org.thymeleaf.standard.processor.StandardDOMEventAttributeTagProcessor
[THYMELEAF]             * [* {th:onreadystatechange,data-th-onreadystatechange}] [1000]: org.thymeleaf.standard.processor.StandardDOMEventAttributeTagProcessor
[THYMELEAF]             * [* {th:ontimeupdate,data-th-ontimeupdate}] [1000]: org.thymeleaf.standard.processor.StandardDOMEventAttributeTagProcessor
[THYMELEAF]             * [* {th:onerror,data-th-onerror}] [1000]: org.thymeleaf.standard.processor.StandardDOMEventAttributeTagProcessor
[THYMELEAF]             * [* {th:ondrop,data-th-ondrop}] [1000]: org.thymeleaf.standard.processor.StandardDOMEventAttributeTagProcessor
[THYMELEAF]             * [* {th:onratechange,data-th-onratechange}] [1000]: org.thymeleaf.standard.processor.StandardDOMEventAttributeTagProcessor
[THYMELEAF]             * [* {th:onpopstate,data-th-onpopstate}] [1000]: org.thymeleaf.standard.processor.StandardDOMEventAttributeTagProcessor
[THYMELEAF]             * [* {th:ononline,data-th-ononline}] [1000]: org.thymeleaf.standard.processor.StandardDOMEventAttributeTagProcessor
[THYMELEAF]             * [* {th:onplaying,data-th-onplaying}] [1000]: org.thymeleaf.standard.processor.StandardDOMEventAttributeTagProcessor
[THYMELEAF]             * [* {th:onhashchange,data-th-onhashchange}] [1000]: org.thymeleaf.standard.processor.StandardDOMEventAttributeTagProcessor
[THYMELEAF]             * [* {th:onselect,data-th-onselect}] [1000]: org.thymeleaf.standard.processor.StandardDOMEventAttributeTagProcessor
[THYMELEAF]             * [* {th:onclick,data-th-onclick}] [1000]: org.thymeleaf.standard.processor.StandardDOMEventAttributeTagProcessor
[THYMELEAF]             * [* {th:onmessage,data-th-onmessage}] [1000]: org.thymeleaf.standard.processor.StandardDOMEventAttributeTagProcessor
[THYMELEAF]             * [* {th:oncanplaythrough,data-th-oncanplaythrough}] [1000]: org.thymeleaf.standard.processor.StandardDOMEventAttributeTagProcessor
[THYMELEAF]             * [* {th:onplay,data-th-onplay}] [1000]: org.thymeleaf.standard.processor.StandardDOMEventAttributeTagProcessor
[THYMELEAF]             * [* {th:onforminput,data-th-onforminput}] [1000]: org.thymeleaf.standard.processor.StandardDOMEventAttributeTagProcessor
[THYMELEAF]             * [* {th:onfocus,data-th-onfocus}] [1000]: org.thymeleaf.standard.processor.StandardDOMEventAttributeTagProcessor
[THYMELEAF]             * [* {th:onbeforeprint,data-th-onbeforeprint}] [1000]: org.thymeleaf.standard.processor.StandardDOMEventAttributeTagProcessor
[THYMELEAF]             * [* {th:ondragstart,data-th-ondragstart}] [1000]: org.thymeleaf.standard.processor.StandardDOMEventAttributeTagProcessor
[THYMELEAF]             * [* {th:onseeking,data-th-onseeking}] [1000]: org.thymeleaf.standard.processor.StandardDOMEventAttributeTagProcessor
[THYMELEAF]             * [* {th:ondurationchange,data-th-ondurationchange}] [1000]: org.thymeleaf.standard.processor.StandardDOMEventAttributeTagProcessor
[THYMELEAF]             * [* {th:onshow,data-th-onshow}] [1000]: org.thymeleaf.standard.processor.StandardDOMEventAttributeTagProcessor
[THYMELEAF]             * [* {th:onseeked,data-th-onseeked}] [1000]: org.thymeleaf.standard.processor.StandardDOMEventAttributeTagProcessor
[THYMELEAF]             * [* {th:onbeforeunload,data-th-onbeforeunload}] [1000]: org.thymeleaf.standard.processor.StandardDOMEventAttributeTagProcessor
[THYMELEAF]             * [* {th:onmousedown,data-th-onmousedown}] [1000]: org.thymeleaf.standard.processor.StandardDOMEventAttributeTagProcessor
[THYMELEAF]             * [* {th:oncontextmenu,data-th-oncontextmenu}] [1000]: org.thymeleaf.standard.processor.StandardDOMEventAttributeTagProcessor
[THYMELEAF]             * [* {th:onsuspend,data-th-onsuspend}] [1000]: org.thymeleaf.standard.processor.StandardDOMEventAttributeTagProcessor
[THYMELEAF]             * [* {th:onoffline,data-th-onoffline}] [1000]: org.thymeleaf.standard.processor.StandardDOMEventAttributeTagProcessor
[THYMELEAF]             * [* {th:onafterprint,data-th-onafterprint}] [1000]: org.thymeleaf.standard.processor.StandardDOMEventAttributeTagProcessor
[THYMELEAF]             * [* {th:ondblclick,data-th-ondblclick}] [1000]: org.thymeleaf.standard.processor.StandardDOMEventAttributeTagProcessor
[THYMELEAF]             * [* {th:onpause,data-th-onpause}] [1000]: org.thymeleaf.standard.processor.StandardDOMEventAttributeTagProcessor
[THYMELEAF]             * [* {th:href,data-th-href}] [1000]: org.thymeleaf.standard.processor.StandardHrefTagProcessor
[THYMELEAF]             * [* {th:inline,data-th-inline}] [1000]: org.thymeleaf.standard.processor.StandardInlineHTMLTagProcessor
[THYMELEAF]             * [* {th:method,data-th-method}] [1000]: org.thymeleaf.standard.processor.StandardMethodTagProcessor
[THYMELEAF]             * [* {th:name,data-th-name}] [1000]: org.thymeleaf.standard.processor.StandardNonRemovableAttributeTagProcessor
[THYMELEAF]             * [* {th:type,data-th-type}] [1000]: org.thymeleaf.standard.processor.StandardNonRemovableAttributeTagProcessor
[THYMELEAF]             * [* {th:usemap,data-th-usemap}] [1000]: org.thymeleaf.standard.processor.StandardRemovableAttributeTagProcessor
[THYMELEAF]             * [* {th:marginwidth,data-th-marginwidth}] [1000]: org.thymeleaf.standard.processor.StandardRemovableAttributeTagProcessor
[THYMELEAF]             * [* {th:form,data-th-form}] [1000]: org.thymeleaf.standard.processor.StandardRemovableAttributeTagProcessor
[THYMELEAF]             * [* {th:hspace,data-th-hspace}] [1000]: org.thymeleaf.standard.processor.StandardRemovableAttributeTagProcessor
[THYMELEAF]             * [* {th:cellspacing,data-th-cellspacing}] [1000]: org.thymeleaf.standard.processor.StandardRemovableAttributeTagProcessor
[THYMELEAF]             * [* {th:id,data-th-id}] [1000]: org.thymeleaf.standard.processor.StandardRemovableAttributeTagProcessor
[THYMELEAF]             * [* {th:spellcheck,data-th-spellcheck}] [1000]: org.thymeleaf.standard.processor.StandardRemovableAttributeTagProcessor
[THYMELEAF]             * [* {th:scheme,data-th-scheme}] [1000]: org.thymeleaf.standard.processor.StandardRemovableAttributeTagProcessor
[THYMELEAF]             * [* {th:cellpadding,data-th-cellpadding}] [1000]: org.thymeleaf.standard.processor.StandardRemovableAttributeTagProcessor
[THYMELEAF]             * [* {th:content,data-th-content}] [1000]: org.thymeleaf.standard.processor.StandardRemovableAttributeTagProcessor
[THYMELEAF]             * [* {th:scrolling,data-th-scrolling}] [1000]: org.thymeleaf.standard.processor.StandardRemovableAttributeTagProcessor
[THYMELEAF]             * [* {th:title,data-th-title}] [1000]: org.thymeleaf.standard.processor.StandardRemovableAttributeTagProcessor
[THYMELEAF]             * [* {th:background,data-th-background}] [1000]: org.thymeleaf.standard.processor.StandardRemovableAttributeTagProcessor
[THYMELEAF]             * [* {th:cite,data-th-cite}] [1000]: org.thymeleaf.standard.processor.StandardRemovableAttributeTagProcessor
[THYMELEAF]             * [* {th:abbr,data-th-abbr}] [1000]: org.thymeleaf.standard.processor.StandardRemovableAttributeTagProcessor
[THYMELEAF]             * [* {th:autocomplete,data-th-autocomplete}] [1000]: org.thymeleaf.standard.processor.StandardRemovableAttributeTagProcessor
[THYMELEAF]             * [* {th:audio,data-th-audio}] [1000]: org.thymeleaf.standard.processor.StandardRemovableAttributeTagProcessor
[THYMELEAF]             * [* {th:dir,data-th-dir}] [1000]: org.thymeleaf.standard.processor.StandardRemovableAttributeTagProcessor
[THYMELEAF]             * [* {th:accesskey,data-th-accesskey}] [1000]: org.thymeleaf.standard.processor.StandardRemovableAttributeTagProcessor
[THYMELEAF]             * [* {th:start,data-th-start}] [1000]: org.thymeleaf.standard.processor.StandardRemovableAttributeTagProcessor
[THYMELEAF]             * [* {th:list,data-th-list}] [1000]: org.thymeleaf.standard.processor.StandardRemovableAttributeTagProcessor
[THYMELEAF]             * [* {th:frame,data-th-frame}] [1000]: org.thymeleaf.standard.processor.StandardRemovableAttributeTagProcessor
[THYMELEAF]             * [* {th:accept-charset,data-th-accept-charset}] [1000]: org.thymeleaf.standard.processor.StandardRemovableAttributeTagProcessor
[THYMELEAF]             * [* {th:summary,data-th-summary}] [1000]: org.thymeleaf.standard.processor.StandardRemovableAttributeTagProcessor
[THYMELEAF]             * [* {th:classid,data-th-classid}] [1000]: org.thymeleaf.standard.processor.StandardRemovableAttributeTagProcessor
[THYMELEAF]             * [* {th:sizes,data-th-sizes}] [1000]: org.thymeleaf.standard.processor.StandardRemovableAttributeTagProcessor
[THYMELEAF]             * [* {th:target,data-th-target}] [1000]: org.thymeleaf.standard.processor.StandardRemovableAttributeTagProcessor
[THYMELEAF]             * [* {th:codetype,data-th-codetype}] [1000]: org.thymeleaf.standard.processor.StandardRemovableAttributeTagProcessor
[THYMELEAF]             * [* {th:border,data-th-border}] [1000]: org.thymeleaf.standard.processor.StandardRemovableAttributeTagProcessor
[THYMELEAF]             * [* {th:for,data-th-for}] [1000]: org.thymeleaf.standard.processor.StandardRemovableAttributeTagProcessor
[THYMELEAF]             * [* {th:longdesc,data-th-longdesc}] [1000]: org.thymeleaf.standard.processor.StandardRemovableAttributeTagProcessor
[THYMELEAF]             * [* {th:rules,data-th-rules}] [1000]: org.thymeleaf.standard.processor.StandardRemovableAttributeTagProcessor
[THYMELEAF]             * [* {th:lang,data-th-lang}] [1000]: org.thymeleaf.standard.processor.StandardRemovableAttributeTagProcessor
[THYMELEAF]             * [* {th:height,data-th-height}] [1000]: org.thymeleaf.standard.processor.StandardRemovableAttributeTagProcessor
[THYMELEAF]             * [* {th:rowspan,data-th-rowspan}] [1000]: org.thymeleaf.standard.processor.StandardRemovableAttributeTagProcessor
[THYMELEAF]             * [* {th:formaction,data-th-formaction}] [1000]: org.thymeleaf.standard.processor.StandardRemovableAttributeTagProcessor
[THYMELEAF]             * [* {th:high,data-th-high}] [1000]: org.thymeleaf.standard.processor.StandardRemovableAttributeTagProcessor
[THYMELEAF]             * [* {th:challenge,data-th-challenge}] [1000]: org.thymeleaf.standard.processor.StandardRemovableAttributeTagProcessor
[THYMELEAF]             * [* {th:http-equiv,data-th-http-equiv}] [1000]: org.thymeleaf.standard.processor.StandardRemovableAttributeTagProcessor
[THYMELEAF]             * [* {th:optimum,data-th-optimum}] [1000]: org.thymeleaf.standard.processor.StandardRemovableAttributeTagProcessor
[THYMELEAF]             * [* {th:span,data-th-span}] [1000]: org.thymeleaf.standard.processor.StandardRemovableAttributeTagProcessor
[THYMELEAF]             * [* {th:enctype,data-th-enctype}] [1000]: org.thymeleaf.standard.processor.StandardRemovableAttributeTagProcessor
[THYMELEAF]             * [* {th:headers,data-th-headers}] [1000]: org.thymeleaf.standard.processor.StandardRemovableAttributeTagProcessor
[THYMELEAF]             * [* {th:scope,data-th-scope}] [1000]: org.thymeleaf.standard.processor.StandardRemovableAttributeTagProcessor
[THYMELEAF]             * [* {th:cols,data-th-cols}] [1000]: org.thymeleaf.standard.processor.StandardRemovableAttributeTagProcessor
[THYMELEAF]             * [* {th:formmethod,data-th-formmethod}] [1000]: org.thymeleaf.standard.processor.StandardRemovableAttributeTagProcessor
[THYMELEAF]             * [* {th:keytype,data-th-keytype}] [1000]: org.thymeleaf.standard.processor.StandardRemovableAttributeTagProcessor
[THYMELEAF]             * [* {th:srclang,data-th-srclang}] [1000]: org.thymeleaf.standard.processor.StandardRemovableAttributeTagProcessor
[THYMELEAF]             * [* {th:maxlength,data-th-maxlength}] [1000]: org.thymeleaf.standard.processor.StandardRemovableAttributeTagProcessor
[THYMELEAF]             * [* {th:contenteditable,data-th-contenteditable}] [1000]: org.thymeleaf.standard.processor.StandardRemovableAttributeTagProcessor
[THYMELEAF]             * [* {th:hreflang,data-th-hreflang}] [1000]: org.thymeleaf.standard.processor.StandardRemovableAttributeTagProcessor
[THYMELEAF]             * [* {th:rel,data-th-rel}] [1000]: org.thymeleaf.standard.processor.StandardRemovableAttributeTagProcessor
[THYMELEAF]             * [* {th:kind,data-th-kind}] [1000]: org.thymeleaf.standard.processor.StandardRemovableAttributeTagProcessor
[THYMELEAF]             * [* {th:align,data-th-align}] [1000]: org.thymeleaf.standard.processor.StandardRemovableAttributeTagProcessor
[THYMELEAF]             * [* {th:class,data-th-class}] [1000]: org.thymeleaf.standard.processor.StandardRemovableAttributeTagProcessor
[THYMELEAF]             * [* {th:width,data-th-width}] [1000]: org.thymeleaf.standard.processor.StandardRemovableAttributeTagProcessor
[THYMELEAF]             * [* {th:formenctype,data-th-formenctype}] [1000]: org.thymeleaf.standard.processor.StandardRemovableAttributeTagProcessor
[THYMELEAF]             * [* {th:size,data-th-size}] [1000]: org.thymeleaf.standard.processor.StandardRemovableAttributeTagProcessor
[THYMELEAF]             * [* {th:icon,data-th-icon}] [1000]: org.thymeleaf.standard.processor.StandardRemovableAttributeTagProcessor
[THYMELEAF]             * [* {th:axis,data-th-axis}] [1000]: org.thymeleaf.standard.processor.StandardRemovableAttributeTagProcessor
[THYMELEAF]             * [* {th:compact,data-th-compact}] [1000]: org.thymeleaf.standard.processor.StandardRemovableAttributeTagProcessor
[THYMELEAF]             * [* {th:preload,data-th-preload}] [1000]: org.thymeleaf.standard.processor.StandardRemovableAttributeTagProcessor
[THYMELEAF]             * [* {th:standby,data-th-standby}] [1000]: org.thymeleaf.standard.processor.StandardRemovableAttributeTagProcessor
[THYMELEAF]             * [* {th:max,data-th-max}] [1000]: org.thymeleaf.standard.processor.StandardRemovableAttributeTagProcessor
[THYMELEAF]             * [* {th:charset,data-th-charset}] [1000]: org.thymeleaf.standard.processor.StandardRemovableAttributeTagProcessor
[THYMELEAF]             * [* {th:draggable,data-th-draggable}] [1000]: org.thymeleaf.standard.processor.StandardRemovableAttributeTagProcessor
[THYMELEAF]             * [* {th:colspan,data-th-colspan}] [1000]: org.thymeleaf.standard.processor.StandardRemovableAttributeTagProcessor
[THYMELEAF]             * [* {th:tabindex,data-th-tabindex}] [1000]: org.thymeleaf.standard.processor.StandardRemovableAttributeTagProcessor
[THYMELEAF]             * [* {th:placeholder,data-th-placeholder}] [1000]: org.thymeleaf.standard.processor.StandardRemovableAttributeTagProcessor
[THYMELEAF]             * [* {th:accept,data-th-accept}] [1000]: org.thymeleaf.standard.processor.StandardRemovableAttributeTagProcessor
[THYMELEAF]             * [* {th:frameborder,data-th-frameborder}] [1000]: org.thymeleaf.standard.processor.StandardRemovableAttributeTagProcessor
[THYMELEAF]             * [* {th:style,data-th-style}] [1000]: org.thymeleaf.standard.processor.StandardRemovableAttributeTagProcessor
[THYMELEAF]             * [* {th:data,data-th-data}] [1000]: org.thymeleaf.standard.processor.StandardRemovableAttributeTagProcessor
[THYMELEAF]             * [* {th:manifest,data-th-manifest}] [1000]: org.thymeleaf.standard.processor.StandardRemovableAttributeTagProcessor
[THYMELEAF]             * [* {th:marginheight,data-th-marginheight}] [1000]: org.thymeleaf.standard.processor.StandardRemovableAttributeTagProcessor
[THYMELEAF]             * [* {th:rows,data-th-rows}] [1000]: org.thymeleaf.standard.processor.StandardRemovableAttributeTagProcessor
[THYMELEAF]             * [* {th:dropzone,data-th-dropzone}] [1000]: org.thymeleaf.standard.processor.StandardRemovableAttributeTagProcessor
[THYMELEAF]             * [* {th:contextmenu,data-th-contextmenu}] [1000]: org.thymeleaf.standard.processor.StandardRemovableAttributeTagProcessor
[THYMELEAF]             * [* {th:radiogroup,data-th-radiogroup}] [1000]: org.thymeleaf.standard.processor.StandardRemovableAttributeTagProcessor
[THYMELEAF]             * [* {th:media,data-th-media}] [1000]: org.thymeleaf.standard.processor.StandardRemovableAttributeTagProcessor
[THYMELEAF]             * [* {th:alt,data-th-alt}] [1000]: org.thymeleaf.standard.processor.StandardRemovableAttributeTagProcessor
[THYMELEAF]             * [* {th:low,data-th-low}] [1000]: org.thymeleaf.standard.processor.StandardRemovableAttributeTagProcessor
[THYMELEAF]             * [* {th:label,data-th-label}] [1000]: org.thymeleaf.standard.processor.StandardRemovableAttributeTagProcessor
[THYMELEAF]             * [* {th:step,data-th-step}] [1000]: org.thymeleaf.standard.processor.StandardRemovableAttributeTagProcessor
[THYMELEAF]             * [* {th:min,data-th-min}] [1000]: org.thymeleaf.standard.processor.StandardRemovableAttributeTagProcessor
[THYMELEAF]             * [* {th:pattern,data-th-pattern}] [1000]: org.thymeleaf.standard.processor.StandardRemovableAttributeTagProcessor
[THYMELEAF]             * [* {th:rev,data-th-rev}] [1000]: org.thymeleaf.standard.processor.StandardRemovableAttributeTagProcessor
[THYMELEAF]             * [* {th:vspace,data-th-vspace}] [1000]: org.thymeleaf.standard.processor.StandardRemovableAttributeTagProcessor
[THYMELEAF]             * [* {th:sandbox,data-th-sandbox}] [1000]: org.thymeleaf.standard.processor.StandardRemovableAttributeTagProcessor
[THYMELEAF]             * [* {th:datetime,data-th-datetime}] [1000]: org.thymeleaf.standard.processor.StandardRemovableAttributeTagProcessor
[THYMELEAF]             * [* {th:valuetype,data-th-valuetype}] [1000]: org.thymeleaf.standard.processor.StandardRemovableAttributeTagProcessor
[THYMELEAF]             * [* {th:codebase,data-th-codebase}] [1000]: org.thymeleaf.standard.processor.StandardRemovableAttributeTagProcessor
[THYMELEAF]             * [* {th:formtarget,data-th-formtarget}] [1000]: org.thymeleaf.standard.processor.StandardRemovableAttributeTagProcessor
[THYMELEAF]             * [* {th:poster,data-th-poster}] [1000]: org.thymeleaf.standard.processor.StandardRemovableAttributeTagProcessor
[THYMELEAF]             * [* {th:bgcolor,data-th-bgcolor}] [1000]: org.thymeleaf.standard.processor.StandardRemovableAttributeTagProcessor
[THYMELEAF]             * [* {th:wrap,data-th-wrap}] [1000]: org.thymeleaf.standard.processor.StandardRemovableAttributeTagProcessor
[THYMELEAF]             * [* {th:archive,data-th-archive}] [1000]: org.thymeleaf.standard.processor.StandardRemovableAttributeTagProcessor
[THYMELEAF]             * [* {th:src,data-th-src}] [1000]: org.thymeleaf.standard.processor.StandardSrcTagProcessor
[THYMELEAF]             * [* {th:value,data-th-value}] [1000]: org.thymeleaf.standard.processor.StandardValueTagProcessor
[THYMELEAF]             * [* {th:xmlbase,data-th-xmlbase}] [1000]: org.thymeleaf.standard.processor.StandardXmlBaseTagProcessor
[THYMELEAF]             * [* {th:xmllang,data-th-xmllang}] [1000]: org.thymeleaf.standard.processor.StandardXmlLangTagProcessor
[THYMELEAF]             * [* {xmlns:th}] [1000]: org.thymeleaf.standard.processor.StandardXmlNsTagProcessor
[THYMELEAF]             * [* {th:xmlspace,data-th-xmlspace}] [1000]: org.thymeleaf.standard.processor.StandardXmlSpaceTagProcessor
[THYMELEAF]             * [* {th:classappend,data-th-classappend}] [1100]: org.thymeleaf.standard.processor.StandardClassappendTagProcessor
[THYMELEAF]             * [* {th:styleappend,data-th-styleappend}] [1100]: org.thymeleaf.standard.processor.StandardStyleappendTagProcessor
[THYMELEAF]             * [* {th:text,data-th-text}] [1300]: org.thymeleaf.standard.processor.StandardTextTagProcessor
[THYMELEAF]             * [* {th:utext,data-th-utext}] [1400]: org.thymeleaf.standard.processor.StandardUtextTagProcessor
[THYMELEAF]             * [* {th:fragment,data-th-fragment}] [1500]: org.thymeleaf.standard.processor.StandardFragmentTagProcessor
[THYMELEAF]             * [* {th:assert,data-th-assert}] [1550]: org.thymeleaf.standard.processor.StandardAssertTagProcessor
[THYMELEAF]             * [* {th:remove,data-th-remove}] [1600]: org.thymeleaf.standard.processor.StandardRemoveTagProcessor
[THYMELEAF]             * [* {th:ref,data-th-ref}] [10000]: org.thymeleaf.standard.processor.StandardRefAttributeTagProcessor
[THYMELEAF]             * [{th:block,th-block} *] [100000]: org.thymeleaf.standard.processor.StandardBlockTagProcessor
[THYMELEAF]             * [* th:*] [2147483647]: org.thymeleaf.standard.processor.StandardDefaultAttributesTagProcessor
[THYMELEAF]         * Text Processors by [precedence]:
[THYMELEAF]             * [1000]: org.thymeleaf.standard.processor.StandardInliningTextProcessor
[THYMELEAF]         * DOCTYPE Processors by [precedence]:
[THYMELEAF]             * [1000]: org.thymeleaf.standard.processor.StandardTranslationDocTypeProcessor
[THYMELEAF]         * CDATA Section Processors by [precedence]:
[THYMELEAF]             * [1000]: org.thymeleaf.standard.processor.StandardInliningCDATASectionProcessor
[THYMELEAF]         * Comment Processors by [precedence]:
[THYMELEAF]             * [1000]: org.thymeleaf.standard.processor.StandardInliningCommentProcessor
[THYMELEAF]             * [1100]: org.thymeleaf.standard.processor.StandardConditionalCommentProcessor
[THYMELEAF]     * Processors for Template Mode: XML
[THYMELEAF]         * Element Tag Processors by [matching element and attribute name] [precedence]:
[THYMELEAF]             * [* {th:include}] [100]: org.thymeleaf.standard.processor.StandardIncludeTagProcessor
[THYMELEAF]             * [* {th:insert}] [100]: org.thymeleaf.standard.processor.StandardInsertTagProcessor
[THYMELEAF]             * [* {th:replace}] [100]: org.thymeleaf.standard.processor.StandardReplaceTagProcessor
[THYMELEAF]             * [* {th:each}] [200]: com.intuit.karate.template.KarateEachTagProcessor
[THYMELEAF]             * [* {th:switch}] [250]: org.thymeleaf.standard.processor.StandardSwitchTagProcessor
[THYMELEAF]             * [* {th:case}] [275]: org.thymeleaf.standard.processor.StandardCaseTagProcessor
[THYMELEAF]             * [* {th:if}] [300]: org.thymeleaf.standard.processor.StandardIfTagProcessor
[THYMELEAF]             * [* {th:unless}] [400]: org.thymeleaf.standard.processor.StandardUnlessTagProcessor
[THYMELEAF]             * [* {th:object}] [500]: org.thymeleaf.standard.processor.StandardObjectTagProcessor
[THYMELEAF]             * [* {th:with}] [600]: com.intuit.karate.template.KarateWithTagProcessor
[THYMELEAF]             * [* {th:attr}] [700]: com.intuit.karate.template.KarateAttributeTagProcessor.KarateAttrTagProcessor
[THYMELEAF]             * [* {th:attrappend}] [900]: com.intuit.karate.template.KarateAttributeTagProcessor.KarateAttrappendTagProcessor
[THYMELEAF]             * [* {th:attrprepend}] [900]: com.intuit.karate.template.KarateAttributeTagProcessor.KarateAttrprependTagProcessor
[THYMELEAF]             * [* {th:inline}] [1000]: org.thymeleaf.standard.processor.StandardInlineXMLTagProcessor
[THYMELEAF]             * [* {xmlns:th}] [1000]: org.thymeleaf.standard.processor.StandardXmlNsTagProcessor
[THYMELEAF]             * [* {th:text}] [1300]: org.thymeleaf.standard.processor.StandardTextTagProcessor
[THYMELEAF]             * [* {th:utext}] [1400]: org.thymeleaf.standard.processor.StandardUtextTagProcessor
[THYMELEAF]             * [* {th:fragment}] [1500]: org.thymeleaf.standard.processor.StandardFragmentTagProcessor
[THYMELEAF]             * [* {th:assert}] [1550]: org.thymeleaf.standard.processor.StandardAssertTagProcessor
[THYMELEAF]             * [* {th:remove}] [1600]: org.thymeleaf.standard.processor.StandardRemoveTagProcessor
[THYMELEAF]             * [* {th:ref}] [10000]: org.thymeleaf.standard.processor.StandardRefAttributeTagProcessor
[THYMELEAF]             * [{th:block} *] [100000]: org.thymeleaf.standard.processor.StandardBlockTagProcessor
[THYMELEAF]             * [* th:*] [2147483647]: org.thymeleaf.standard.processor.StandardDefaultAttributesTagProcessor
[THYMELEAF]         * Text Processors by [precedence]:
[THYMELEAF]             * [1000]: org.thymeleaf.standard.processor.StandardInliningTextProcessor
[THYMELEAF]         * CDATA Section Processors by [precedence]:
[THYMELEAF]             * [1000]: org.thymeleaf.standard.processor.StandardInliningCDATASectionProcessor
[THYMELEAF]         * Comment Processors by [precedence]:
[THYMELEAF]             * [1000]: org.thymeleaf.standard.processor.StandardInliningCommentProcessor
[THYMELEAF]     * Processors for Template Mode: TEXT
[THYMELEAF]         * Element Tag Processors by [matching element and attribute name] [precedence]:
[THYMELEAF]             * [* {th:insert}] [100]: org.thymeleaf.standard.processor.StandardInsertTagProcessor
[THYMELEAF]             * [* {th:replace}] [100]: org.thymeleaf.standard.processor.StandardReplaceTagProcessor
[THYMELEAF]             * [* {th:each}] [200]: com.intuit.karate.template.KarateEachTagProcessor
[THYMELEAF]             * [* {th:switch}] [250]: org.thymeleaf.standard.processor.StandardSwitchTagProcessor
[THYMELEAF]             * [* {th:case}] [275]: org.thymeleaf.standard.processor.StandardCaseTagProcessor
[THYMELEAF]             * [* {th:if}] [300]: org.thymeleaf.standard.processor.StandardIfTagProcessor
[THYMELEAF]             * [* {th:unless}] [400]: org.thymeleaf.standard.processor.StandardUnlessTagProcessor
[THYMELEAF]             * [* {th:object}] [500]: org.thymeleaf.standard.processor.StandardObjectTagProcessor
[THYMELEAF]             * [* {th:with}] [600]: com.intuit.karate.template.KarateWithTagProcessor
[THYMELEAF]             * [* {th:inline}] [1000]: org.thymeleaf.standard.processor.StandardInlineTextualTagProcessor
[THYMELEAF]             * [* {th:text}] [1300]: org.thymeleaf.standard.processor.StandardTextTagProcessor
[THYMELEAF]             * [* {th:utext}] [1400]: org.thymeleaf.standard.processor.StandardUtextTagProcessor
[THYMELEAF]             * [* {th:assert}] [1550]: org.thymeleaf.standard.processor.StandardAssertTagProcessor
[THYMELEAF]             * [* {th:remove}] [1600]: org.thymeleaf.standard.processor.StandardRemoveTagProcessor
[THYMELEAF]             * [{th:block} *] [100000]: org.thymeleaf.standard.processor.StandardBlockTagProcessor
[THYMELEAF]             * [* 100000] [org.thymeleaf.standard.processor.StandardBlockTagProcessor]: {}
[THYMELEAF]         * Text Processors by [precedence]:
[THYMELEAF]             * [1000]: org.thymeleaf.standard.processor.StandardInliningTextProcessor
[THYMELEAF]     * Processors for Template Mode: JAVASCRIPT
[THYMELEAF]         * Element Tag Processors by [matching element and attribute name] [precedence]:
[THYMELEAF]             * [* {th:insert}] [100]: org.thymeleaf.standard.processor.StandardInsertTagProcessor
[THYMELEAF]             * [* {th:replace}] [100]: org.thymeleaf.standard.processor.StandardReplaceTagProcessor
[THYMELEAF]             * [* {th:each}] [200]: com.intuit.karate.template.KarateEachTagProcessor
[THYMELEAF]             * [* {th:switch}] [250]: org.thymeleaf.standard.processor.StandardSwitchTagProcessor
[THYMELEAF]             * [* {th:case}] [275]: org.thymeleaf.standard.processor.StandardCaseTagProcessor
[THYMELEAF]             * [* {th:if}] [300]: org.thymeleaf.standard.processor.StandardIfTagProcessor
[THYMELEAF]             * [* {th:unless}] [400]: org.thymeleaf.standard.processor.StandardUnlessTagProcessor
[THYMELEAF]             * [* {th:object}] [500]: org.thymeleaf.standard.processor.StandardObjectTagProcessor
[THYMELEAF]             * [* {th:with}] [600]: com.intuit.karate.template.KarateWithTagProcessor
[THYMELEAF]             * [* {th:inline}] [1000]: org.thymeleaf.standard.processor.StandardInlineTextualTagProcessor
[THYMELEAF]             * [* {th:text}] [1300]: org.thymeleaf.standard.processor.StandardTextTagProcessor
[THYMELEAF]             * [* {th:utext}] [1400]: org.thymeleaf.standard.processor.StandardUtextTagProcessor
[THYMELEAF]             * [* {th:assert}] [1550]: org.thymeleaf.standard.processor.StandardAssertTagProcessor
[THYMELEAF]             * [* {th:remove}] [1600]: org.thymeleaf.standard.processor.StandardRemoveTagProcessor
[THYMELEAF]             * [* 100000] [org.thymeleaf.standard.processor.StandardBlockTagProcessor]: {}
[THYMELEAF]             * [{th:block} *] [100000]: org.thymeleaf.standard.processor.StandardBlockTagProcessor
[THYMELEAF]         * Text Processors by [precedence]:
[THYMELEAF]             * [1000]: org.thymeleaf.standard.processor.StandardInliningTextProcessor
[THYMELEAF]     * Processors for Template Mode: CSS
[THYMELEAF]         * Element Tag Processors by [matching element and attribute name] [precedence]:
[THYMELEAF]             * [* {th:insert}] [100]: org.thymeleaf.standard.processor.StandardInsertTagProcessor
[THYMELEAF]             * [* {th:replace}] [100]: org.thymeleaf.standard.processor.StandardReplaceTagProcessor
[THYMELEAF]             * [* {th:each}] [200]: com.intuit.karate.template.KarateEachTagProcessor
[THYMELEAF]             * [* {th:switch}] [250]: org.thymeleaf.standard.processor.StandardSwitchTagProcessor
[THYMELEAF]             * [* {th:case}] [275]: org.thymeleaf.standard.processor.StandardCaseTagProcessor
[THYMELEAF]             * [* {th:if}] [300]: org.thymeleaf.standard.processor.StandardIfTagProcessor
[THYMELEAF]             * [* {th:unless}] [400]: org.thymeleaf.standard.processor.StandardUnlessTagProcessor
[THYMELEAF]             * [* {th:object}] [500]: org.thymeleaf.standard.processor.StandardObjectTagProcessor
[THYMELEAF]             * [* {th:with}] [600]: com.intuit.karate.template.KarateWithTagProcessor
[THYMELEAF]             * [* {th:inline}] [1000]: org.thymeleaf.standard.processor.StandardInlineTextualTagProcessor
[THYMELEAF]             * [* {th:text}] [1300]: org.thymeleaf.standard.processor.StandardTextTagProcessor
[THYMELEAF]             * [* {th:utext}] [1400]: org.thymeleaf.standard.processor.StandardUtextTagProcessor
[THYMELEAF]             * [* {th:assert}] [1550]: org.thymeleaf.standard.processor.StandardAssertTagProcessor
[THYMELEAF]             * [* {th:remove}] [1600]: org.thymeleaf.standard.processor.StandardRemoveTagProcessor
[THYMELEAF]             * [{th:block} *] [100000]: org.thymeleaf.standard.processor.StandardBlockTagProcessor
[THYMELEAF]             * [* 100000] [org.thymeleaf.standard.processor.StandardBlockTagProcessor]: {}
[THYMELEAF]         * Text Processors by [precedence]:
[THYMELEAF]             * [1000]: org.thymeleaf.standard.processor.StandardInliningTextProcessor
[THYMELEAF]     * Expression Objects:
[THYMELEAF]         * #ctx
[THYMELEAF]         * #root
[THYMELEAF]         * #vars
[THYMELEAF]         * #object
[THYMELEAF]         * #locale
[THYMELEAF]         * #conversions
[THYMELEAF]         * #uris
[THYMELEAF]         * #temporals
[THYMELEAF]         * #calendars
[THYMELEAF]         * #dates
[THYMELEAF]         * #bools
[THYMELEAF]         * #numbers
[THYMELEAF]         * #objects
[THYMELEAF]         * #strings
[THYMELEAF]         * #arrays
[THYMELEAF]         * #lists
[THYMELEAF]         * #sets
[THYMELEAF]         * #maps
[THYMELEAF]         * #aggregates
[THYMELEAF]         * #messages
[THYMELEAF]         * #ids
[THYMELEAF]         * #execInfo
[THYMELEAF]         * #request
[THYMELEAF]         * #response
[THYMELEAF]         * #session
[THYMELEAF]         * #servletContext
[THYMELEAF]     * Execution Attributes:
[THYMELEAF]         * "StandardExpressionParser": com.intuit.karate.template.KarateStandardDialect@4f92acce
[THYMELEAF]         * "StandardJavaScriptSerializer": org.thymeleaf.standard.serializer.StandardJavaScriptSerializer@1fca8aa1
[THYMELEAF]         * "StandardCSSSerializer": org.thymeleaf.standard.serializer.StandardCSSSerializer@862c28d
[THYMELEAF]         * "StandardVariableExpressionEvaluator": com.intuit.karate.template.KarateStandardDialect@4f92acce
[THYMELEAF]         * "StandardConversionService": org.thymeleaf.standard.expression.StandardConversionService@6636674a
[THYMELEAF] * Dialect [2 of 2]: karate (com.intuit.karate.template.KarateScriptDialect)
[THYMELEAF]     * Prefix: "ka"
[THYMELEAF]     * Processors for Template Mode: HTML
[THYMELEAF]         * Element Tag Processors by [matching element and attribute name] [precedence]:
[THYMELEAF]             * [* {src}] [1000]: com.intuit.karate.template.KaScriptAttrProcessor
[THYMELEAF]         * Element Model Processors by [matching element and attribute name] [precedence]:
[THYMELEAF]             * [{script} {ka:scope,data-ka-scope}] [1000]: com.intuit.karate.template.KaScriptElemProcessor
[THYMELEAF]             * [* {ka:set,data-ka-set}] [1000]: com.intuit.karate.template.KaSetElemProcessor
[THYMELEAF] TEMPLATE ENGINE CONFIGURED OK
16:40:46.411 [pool-3-thread-1] DEBUG org.thymeleaf.TemplateEngine -- [THYMELEAF] TEMPLATE ENGINE INITIALIZED
---------------------------------------------------------
feature: classpath:api/producto/modificar.feature
scenarios:  3 | passed:  3 | failed:  0 | time: 0.1122
---------------------------------------------------------

16:40:46.535 [pool-3-thread-1] INFO com.intuit.karate.Suite -- <<pass>> feature 10 of 11 (1 remaining) classpath:api/producto/modificar.feature
Karate version: 1.4.1
======================================================
elapsed:   7.69 | threads:    5 | thread time: 5.63 
features:    10 | skipped:    1 | efficiency: 0.15
scenarios:   40 | passed:    40 | failed: 0
======================================================
16:40:46.702 [main] DEBUG org.thymeleaf.TemplateEngine -- [THYMELEAF] INITIALIZING TEMPLATE ENGINE
16:40:46.711 [main] DEBUG org.thymeleaf.TemplateEngine.CONFIG -- Initializing Thymeleaf Template engine configuration...
[THYMELEAF] TEMPLATE ENGINE CONFIGURATION:
[THYMELEAF] * Thymeleaf version: 3.1.2.RELEASE (built 2023-07-30T19:25:50+0000)
[THYMELEAF] * Cache Manager implementation: org.thymeleaf.cache.StandardCacheManager
[THYMELEAF] * Template resolvers:
[THYMELEAF]     * [1] com.intuit.karate.template.ResourceHtmlTemplateResolver
[THYMELEAF] * Message resolvers:
[THYMELEAF]     * org.thymeleaf.messageresolver.StandardMessageResolver
[THYMELEAF] * Link builders:
[THYMELEAF]     * org.thymeleaf.linkbuilder.StandardLinkBuilder
[THYMELEAF] * Dialect [1 of 2]: Standard (com.intuit.karate.template.KarateStandardDialect)
[THYMELEAF]     * Prefix: "th"
[THYMELEAF]     * Processors for Template Mode: HTML
[THYMELEAF]         * Element Tag Processors by [matching element and attribute name] [precedence]:
[THYMELEAF]             * [* {th:include,data-th-include}] [100]: org.thymeleaf.standard.processor.StandardIncludeTagProcessor
[THYMELEAF]             * [* {th:insert,data-th-insert}] [100]: org.thymeleaf.standard.processor.StandardInsertTagProcessor
[THYMELEAF]             * [* {th:replace,data-th-replace}] [100]: org.thymeleaf.standard.processor.StandardReplaceTagProcessor
[THYMELEAF]             * [* {th:each,data-th-each}] [200]: com.intuit.karate.template.KarateEachTagProcessor
[THYMELEAF]             * [* {th:switch,data-th-switch}] [250]: org.thymeleaf.standard.processor.StandardSwitchTagProcessor
[THYMELEAF]             * [* {th:case,data-th-case}] [275]: org.thymeleaf.standard.processor.StandardCaseTagProcessor
[THYMELEAF]             * [* {th:if,data-th-if}] [300]: org.thymeleaf.standard.processor.StandardIfTagProcessor
[THYMELEAF]             * [* {th:unless,data-th-unless}] [400]: org.thymeleaf.standard.processor.StandardUnlessTagProcessor
[THYMELEAF]             * [* {th:object,data-th-object}] [500]: org.thymeleaf.standard.processor.StandardObjectTagProcessor
[THYMELEAF]             * [* {th:with,data-th-with}] [600]: com.intuit.karate.template.KarateWithTagProcessor
[THYMELEAF]             * [* {th:attr,data-th-attr}] [700]: com.intuit.karate.template.KarateAttributeTagProcessor.KarateAttrTagProcessor
[THYMELEAF]             * [* {th:attrappend,data-th-attrappend}] [900]: com.intuit.karate.template.KarateAttributeTagProcessor.KarateAttrappendTagProcessor
[THYMELEAF]             * [* {th:attrprepend,data-th-attrprepend}] [900]: com.intuit.karate.template.KarateAttributeTagProcessor.KarateAttrprependTagProcessor
[THYMELEAF]             * [* {th:alt-title,data-th-alt-title}] [990]: org.thymeleaf.standard.processor.StandardAltTitleTagProcessor
[THYMELEAF]             * [* {th:lang-xmllang,data-th-lang-xmllang}] [990]: org.thymeleaf.standard.processor.StandardLangXmlLangTagProcessor
[THYMELEAF]             * [* {th:action,data-th-action}] [1000]: org.thymeleaf.standard.processor.StandardActionTagProcessor
[THYMELEAF]             * [* {th:readonly,data-th-readonly}] [1000]: org.thymeleaf.standard.processor.StandardConditionalFixedValueTagProcessor
[THYMELEAF]             * [* {th:scoped,data-th-scoped}] [1000]: org.thymeleaf.standard.processor.StandardConditionalFixedValueTagProcessor
[THYMELEAF]             * [* {th:open,data-th-open}] [1000]: org.thymeleaf.standard.processor.StandardConditionalFixedValueTagProcessor
[THYMELEAF]             * [* {th:ismap,data-th-ismap}] [1000]: org.thymeleaf.standard.processor.StandardConditionalFixedValueTagProcessor
[THYMELEAF]             * [* {th:seamless,data-th-seamless}] [1000]: org.thymeleaf.standard.processor.StandardConditionalFixedValueTagProcessor
[THYMELEAF]             * [* {th:loop,data-th-loop}] [1000]: org.thymeleaf.standard.processor.StandardConditionalFixedValueTagProcessor
[THYMELEAF]             * [* {th:defer,data-th-defer}] [1000]: org.thymeleaf.standard.processor.StandardConditionalFixedValueTagProcessor
[THYMELEAF]             * [* {th:selected,data-th-selected}] [1000]: org.thymeleaf.standard.processor.StandardConditionalFixedValueTagProcessor
[THYMELEAF]             * [* {th:nowrap,data-th-nowrap}] [1000]: org.thymeleaf.standard.processor.StandardConditionalFixedValueTagProcessor
[THYMELEAF]             * [* {th:controls,data-th-controls}] [1000]: org.thymeleaf.standard.processor.StandardConditionalFixedValueTagProcessor
[THYMELEAF]             * [* {th:multiple,data-th-multiple}] [1000]: org.thymeleaf.standard.processor.StandardConditionalFixedValueTagProcessor
[THYMELEAF]             * [* {th:disabled,data-th-disabled}] [1000]: org.thymeleaf.standard.processor.StandardConditionalFixedValueTagProcessor
[THYMELEAF]             * [* {th:pubdate,data-th-pubdate}] [1000]: org.thymeleaf.standard.processor.StandardConditionalFixedValueTagProcessor
[THYMELEAF]             * [* {th:autoplay,data-th-autoplay}] [1000]: org.thymeleaf.standard.processor.StandardConditionalFixedValueTagProcessor
[THYMELEAF]             * [* {th:novalidate,data-th-novalidate}] [1000]: org.thymeleaf.standard.processor.StandardConditionalFixedValueTagProcessor
[THYMELEAF]             * [* {th:required,data-th-required}] [1000]: org.thymeleaf.standard.processor.StandardConditionalFixedValueTagProcessor
[THYMELEAF]             * [* {th:default,data-th-default}] [1000]: org.thymeleaf.standard.processor.StandardConditionalFixedValueTagProcessor
[THYMELEAF]             * [* {th:reversed,data-th-reversed}] [1000]: org.thymeleaf.standard.processor.StandardConditionalFixedValueTagProcessor
[THYMELEAF]             * [* {th:async,data-th-async}] [1000]: org.thymeleaf.standard.processor.StandardConditionalFixedValueTagProcessor
[THYMELEAF]             * [* {th:formnovalidate,data-th-formnovalidate}] [1000]: org.thymeleaf.standard.processor.StandardConditionalFixedValueTagProcessor
[THYMELEAF]             * [* {th:autofocus,data-th-autofocus}] [1000]: org.thymeleaf.standard.processor.StandardConditionalFixedValueTagProcessor
[THYMELEAF]             * [* {th:declare,data-th-declare}] [1000]: org.thymeleaf.standard.processor.StandardConditionalFixedValueTagProcessor
[THYMELEAF]             * [* {th:checked,data-th-checked}] [1000]: org.thymeleaf.standard.processor.StandardConditionalFixedValueTagProcessor
[THYMELEAF]             * [* {th:hidden,data-th-hidden}] [1000]: org.thymeleaf.standard.processor.StandardConditionalFixedValueTagProcessor
[THYMELEAF]             * [* {th:ondblclick,data-th-ondblclick}] [1000]: org.thymeleaf.standard.processor.StandardDOMEventAttributeTagProcessor
[THYMELEAF]             * [* {th:onvolumechange,data-th-onvolumechange}] [1000]: org.thymeleaf.standard.processor.StandardDOMEventAttributeTagProcessor
[THYMELEAF]             * [* {th:onresize,data-th-onresize}] [1000]: org.thymeleaf.standard.processor.StandardDOMEventAttributeTagProcessor
[THYMELEAF]             * [* {th:onplaying,data-th-onplaying}] [1000]: org.thymeleaf.standard.processor.StandardDOMEventAttributeTagProcessor
[THYMELEAF]             * [* {th:onhashchange,data-th-onhashchange}] [1000]: org.thymeleaf.standard.processor.StandardDOMEventAttributeTagProcessor
[THYMELEAF]             * [* {th:onchange,data-th-onchange}] [1000]: org.thymeleaf.standard.processor.StandardDOMEventAttributeTagProcessor
[THYMELEAF]             * [* {th:onloadeddata,data-th-onloadeddata}] [1000]: org.thymeleaf.standard.processor.StandardDOMEventAttributeTagProcessor
[THYMELEAF]             * [* {th:onredo,data-th-onredo}] [1000]: org.thymeleaf.standard.processor.StandardDOMEventAttributeTagProcessor
[THYMELEAF]             * [* {th:ondrop,data-th-ondrop}] [1000]: org.thymeleaf.standard.processor.StandardDOMEventAttributeTagProcessor
[THYMELEAF]             * [* {th:onseeked,data-th-onseeked}] [1000]: org.thymeleaf.standard.processor.StandardDOMEventAttributeTagProcessor
[THYMELEAF]             * [* {th:onafterprint,data-th-onafterprint}] [1000]: org.thymeleaf.standard.processor.StandardDOMEventAttributeTagProcessor
[THYMELEAF]             * [* {th:onreset,data-th-onreset}] [1000]: org.thymeleaf.standard.processor.StandardDOMEventAttributeTagProcessor
[THYMELEAF]             * [* {th:ondragend,data-th-ondragend}] [1000]: org.thymeleaf.standard.processor.StandardDOMEventAttributeTagProcessor
[THYMELEAF]             * [* {th:onmousewheel,data-th-onmousewheel}] [1000]: org.thymeleaf.standard.processor.StandardDOMEventAttributeTagProcessor
[THYMELEAF]             * [* {th:onformchange,data-th-onformchange}] [1000]: org.thymeleaf.standard.processor.StandardDOMEventAttributeTagProcessor
[THYMELEAF]             * [* {th:ondragstart,data-th-ondragstart}] [1000]: org.thymeleaf.standard.processor.StandardDOMEventAttributeTagProcessor
[THYMELEAF]             * [* {th:onemptied,data-th-onemptied}] [1000]: org.thymeleaf.standard.processor.StandardDOMEventAttributeTagProcessor
[THYMELEAF]             * [* {th:onblur,data-th-onblur}] [1000]: org.thymeleaf.standard.processor.StandardDOMEventAttributeTagProcessor
[THYMELEAF]             * [* {th:oninput,data-th-oninput}] [1000]: org.thymeleaf.standard.processor.StandardDOMEventAttributeTagProcessor
[THYMELEAF]             * [* {th:ontimeupdate,data-th-ontimeupdate}] [1000]: org.thymeleaf.standard.processor.StandardDOMEventAttributeTagProcessor
[THYMELEAF]             * [* {th:onselect,data-th-onselect}] [1000]: org.thymeleaf.standard.processor.StandardDOMEventAttributeTagProcessor
[THYMELEAF]             * [* {th:onundo,data-th-onundo}] [1000]: org.thymeleaf.standard.processor.StandardDOMEventAttributeTagProcessor
[THYMELEAF]             * [* {th:oncanplaythrough,data-th-oncanplaythrough}] [1000]: org.thymeleaf.standard.processor.StandardDOMEventAttributeTagProcessor
[THYMELEAF]             * [* {th:onloadstart,data-th-onloadstart}] [1000]: org.thymeleaf.standard.processor.StandardDOMEventAttributeTagProcessor
[THYMELEAF]             * [* {th:onkeypress,data-th-onkeypress}] [1000]: org.thymeleaf.standard.processor.StandardDOMEventAttributeTagProcessor
[THYMELEAF]             * [* {th:onreadystatechange,data-th-onreadystatechange}] [1000]: org.thymeleaf.standard.processor.StandardDOMEventAttributeTagProcessor
[THYMELEAF]             * [* {th:onstalled,data-th-onstalled}] [1000]: org.thymeleaf.standard.processor.StandardDOMEventAttributeTagProcessor
[THYMELEAF]             * [* {th:oncanplay,data-th-oncanplay}] [1000]: org.thymeleaf.standard.processor.StandardDOMEventAttributeTagProcessor
[THYMELEAF]             * [* {th:ondragenter,data-th-ondragenter}] [1000]: org.thymeleaf.standard.processor.StandardDOMEventAttributeTagProcessor
[THYMELEAF]             * [* {th:onbeforeprint,data-th-onbeforeprint}] [1000]: org.thymeleaf.standard.processor.StandardDOMEventAttributeTagProcessor
[THYMELEAF]             * [* {th:ondragover,data-th-ondragover}] [1000]: org.thymeleaf.standard.processor.StandardDOMEventAttributeTagProcessor
[THYMELEAF]             * [* {th:onerror,data-th-onerror}] [1000]: org.thymeleaf.standard.processor.StandardDOMEventAttributeTagProcessor
[THYMELEAF]             * [* {th:onmousedown,data-th-onmousedown}] [1000]: org.thymeleaf.standard.processor.StandardDOMEventAttributeTagProcessor
[THYMELEAF]             * [* {th:onkeyup,data-th-onkeyup}] [1000]: org.thymeleaf.standard.processor.StandardDOMEventAttributeTagProcessor
[THYMELEAF]             * [* {th:ondurationchange,data-th-ondurationchange}] [1000]: org.thymeleaf.standard.processor.StandardDOMEventAttributeTagProcessor
[THYMELEAF]             * [* {th:onloadedmetadata,data-th-onloadedmetadata}] [1000]: org.thymeleaf.standard.processor.StandardDOMEventAttributeTagProcessor
[THYMELEAF]             * [* {th:onmessage,data-th-onmessage}] [1000]: org.thymeleaf.standard.processor.StandardDOMEventAttributeTagProcessor
[THYMELEAF]             * [* {th:onprogress,data-th-onprogress}] [1000]: org.thymeleaf.standard.processor.StandardDOMEventAttributeTagProcessor
[THYMELEAF]             * [* {th:onmouseout,data-th-onmouseout}] [1000]: org.thymeleaf.standard.processor.StandardDOMEventAttributeTagProcessor
[THYMELEAF]             * [* {th:onload,data-th-onload}] [1000]: org.thymeleaf.standard.processor.StandardDOMEventAttributeTagProcessor
[THYMELEAF]             * [* {th:onratechange,data-th-onratechange}] [1000]: org.thymeleaf.standard.processor.StandardDOMEventAttributeTagProcessor
[THYMELEAF]             * [* {th:ondrag,data-th-ondrag}] [1000]: org.thymeleaf.standard.processor.StandardDOMEventAttributeTagProcessor
[THYMELEAF]             * [* {th:ononline,data-th-ononline}] [1000]: org.thymeleaf.standard.processor.StandardDOMEventAttributeTagProcessor
[THYMELEAF]             * [* {th:onpopstate,data-th-onpopstate}] [1000]: org.thymeleaf.standard.processor.StandardDOMEventAttributeTagProcessor
[THYMELEAF]             * [* {th:onwaiting,data-th-onwaiting}] [1000]: org.thymeleaf.standard.processor.StandardDOMEventAttributeTagProcessor
[THYMELEAF]             * [* {th:onseeking,data-th-onseeking}] [1000]: org.thymeleaf.standard.processor.StandardDOMEventAttributeTagProcessor
[THYMELEAF]             * [* {th:onended,data-th-onended}] [1000]: org.thymeleaf.standard.processor.StandardDOMEventAttributeTagProcessor
[THYMELEAF]             * [* {th:onpause,data-th-onpause}] [1000]: org.thymeleaf.standard.processor.StandardDOMEventAttributeTagProcessor
[THYMELEAF]             * [* {th:onmousemove,data-th-onmousemove}] [1000]: org.thymeleaf.standard.processor.StandardDOMEventAttributeTagProcessor
[THYMELEAF]             * [* {th:onsuspend,data-th-onsuspend}] [1000]: org.thymeleaf.standard.processor.StandardDOMEventAttributeTagProcessor
[THYMELEAF]             * [* {th:onkeydown,data-th-onkeydown}] [1000]: org.thymeleaf.standard.processor.StandardDOMEventAttributeTagProcessor
[THYMELEAF]             * [* {th:onclick,data-th-onclick}] [1000]: org.thymeleaf.standard.processor.StandardDOMEventAttributeTagProcessor
[THYMELEAF]             * [* {th:ondragleave,data-th-ondragleave}] [1000]: org.thymeleaf.standard.processor.StandardDOMEventAttributeTagProcessor
[THYMELEAF]             * [* {th:onmouseover,data-th-onmouseover}] [1000]: org.thymeleaf.standard.processor.StandardDOMEventAttributeTagProcessor
[THYMELEAF]             * [* {th:onplay,data-th-onplay}] [1000]: org.thymeleaf.standard.processor.StandardDOMEventAttributeTagProcessor
[THYMELEAF]             * [* {th:onforminput,data-th-onforminput}] [1000]: org.thymeleaf.standard.processor.StandardDOMEventAttributeTagProcessor
[THYMELEAF]             * [* {th:onstorage,data-th-onstorage}] [1000]: org.thymeleaf.standard.processor.StandardDOMEventAttributeTagProcessor
[THYMELEAF]             * [* {th:onshow,data-th-onshow}] [1000]: org.thymeleaf.standard.processor.StandardDOMEventAttributeTagProcessor
[THYMELEAF]             * [* {th:oninvalid,data-th-oninvalid}] [1000]: org.thymeleaf.standard.processor.StandardDOMEventAttributeTagProcessor
[THYMELEAF]             * [* {th:onsubmit,data-th-onsubmit}] [1000]: org.thymeleaf.standard.processor.StandardDOMEventAttributeTagProcessor
[THYMELEAF]             * [* {th:onmouseup,data-th-onmouseup}] [1000]: org.thymeleaf.standard.processor.StandardDOMEventAttributeTagProcessor
[THYMELEAF]             * [* {th:onunload,data-th-onunload}] [1000]: org.thymeleaf.standard.processor.StandardDOMEventAttributeTagProcessor
[THYMELEAF]             * [* {th:onabort,data-th-onabort}] [1000]: org.thymeleaf.standard.processor.StandardDOMEventAttributeTagProcessor
[THYMELEAF]             * [* {th:oncontextmenu,data-th-oncontextmenu}] [1000]: org.thymeleaf.standard.processor.StandardDOMEventAttributeTagProcessor
[THYMELEAF]             * [* {th:onoffline,data-th-onoffline}] [1000]: org.thymeleaf.standard.processor.StandardDOMEventAttributeTagProcessor
[THYMELEAF]             * [* {th:onbeforeunload,data-th-onbeforeunload}] [1000]: org.thymeleaf.standard.processor.StandardDOMEventAttributeTagProcessor
[THYMELEAF]             * [* {th:onfocus,data-th-onfocus}] [1000]: org.thymeleaf.standard.processor.StandardDOMEventAttributeTagProcessor
[THYMELEAF]             * [* {th:onscroll,data-th-onscroll}] [1000]: org.thymeleaf.standard.processor.StandardDOMEventAttributeTagProcessor
[THYMELEAF]             * [* {th:href,data-th-href}] [1000]: org.thymeleaf.standard.processor.StandardHrefTagProcessor
[THYMELEAF]             * [* {th:inline,data-th-inline}] [1000]: org.thymeleaf.standard.processor.StandardInlineHTMLTagProcessor
[THYMELEAF]             * [* {th:method,data-th-method}] [1000]: org.thymeleaf.standard.processor.StandardMethodTagProcessor
[THYMELEAF]             * [* {th:type,data-th-type}] [1000]: org.thymeleaf.standard.processor.StandardNonRemovableAttributeTagProcessor
[THYMELEAF]             * [* {th:name,data-th-name}] [1000]: org.thymeleaf.standard.processor.StandardNonRemovableAttributeTagProcessor
[THYMELEAF]             * [* {th:form,data-th-form}] [1000]: org.thymeleaf.standard.processor.StandardRemovableAttributeTagProcessor
[THYMELEAF]             * [* {th:class,data-th-class}] [1000]: org.thymeleaf.standard.processor.StandardRemovableAttributeTagProcessor
[THYMELEAF]             * [* {th:archive,data-th-archive}] [1000]: org.thymeleaf.standard.processor.StandardRemovableAttributeTagProcessor
[THYMELEAF]             * [* {th:standby,data-th-standby}] [1000]: org.thymeleaf.standard.processor.StandardRemovableAttributeTagProcessor
[THYMELEAF]             * [* {th:autocomplete,data-th-autocomplete}] [1000]: org.thymeleaf.standard.processor.StandardRemovableAttributeTagProcessor
[THYMELEAF]             * [* {th:pattern,data-th-pattern}] [1000]: org.thymeleaf.standard.processor.StandardRemovableAttributeTagProcessor
[THYMELEAF]             * [* {th:usemap,data-th-usemap}] [1000]: org.thymeleaf.standard.processor.StandardRemovableAttributeTagProcessor
[THYMELEAF]             * [* {th:keytype,data-th-keytype}] [1000]: org.thymeleaf.standard.processor.StandardRemovableAttributeTagProcessor
[THYMELEAF]             * [* {th:frameborder,data-th-frameborder}] [1000]: org.thymeleaf.standard.processor.StandardRemovableAttributeTagProcessor
[THYMELEAF]             * [* {th:height,data-th-height}] [1000]: org.thymeleaf.standard.processor.StandardRemovableAttributeTagProcessor
[THYMELEAF]             * [* {th:placeholder,data-th-placeholder}] [1000]: org.thymeleaf.standard.processor.StandardRemovableAttributeTagProcessor
[THYMELEAF]             * [* {th:scope,data-th-scope}] [1000]: org.thymeleaf.standard.processor.StandardRemovableAttributeTagProcessor
[THYMELEAF]             * [* {th:high,data-th-high}] [1000]: org.thymeleaf.standard.processor.StandardRemovableAttributeTagProcessor
[THYMELEAF]             * [* {th:max,data-th-max}] [1000]: org.thymeleaf.standard.processor.StandardRemovableAttributeTagProcessor
[THYMELEAF]             * [* {th:step,data-th-step}] [1000]: org.thymeleaf.standard.processor.StandardRemovableAttributeTagProcessor
[THYMELEAF]             * [* {th:datetime,data-th-datetime}] [1000]: org.thymeleaf.standard.processor.StandardRemovableAttributeTagProcessor
[THYMELEAF]             * [* {th:optimum,data-th-optimum}] [1000]: org.thymeleaf.standard.processor.StandardRemovableAttributeTagProcessor
[THYMELEAF]             * [* {th:colspan,data-th-colspan}] [1000]: org.thymeleaf.standard.processor.StandardRemovableAttributeTagProcessor
[THYMELEAF]             * [* {th:alt,data-th-alt}] [1000]: org.thymeleaf.standard.processor.StandardRemovableAttributeTagProcessor
[THYMELEAF]             * [* {th:formmethod,data-th-formmethod}] [1000]: org.thymeleaf.standard.processor.StandardRemovableAttributeTagProcessor
[THYMELEAF]             * [* {th:cite,data-th-cite}] [1000]: org.thymeleaf.standard.processor.StandardRemovableAttributeTagProcessor
[THYMELEAF]             * [* {th:cols,data-th-cols}] [1000]: org.thymeleaf.standard.processor.StandardRemovableAttributeTagProcessor
[THYMELEAF]             * [* {th:frame,data-th-frame}] [1000]: org.thymeleaf.standard.processor.StandardRemovableAttributeTagProcessor
[THYMELEAF]             * [* {th:icon,data-th-icon}] [1000]: org.thymeleaf.standard.processor.StandardRemovableAttributeTagProcessor
[THYMELEAF]             * [* {th:wrap,data-th-wrap}] [1000]: org.thymeleaf.standard.processor.StandardRemovableAttributeTagProcessor
[THYMELEAF]             * [* {th:low,data-th-low}] [1000]: org.thymeleaf.standard.processor.StandardRemovableAttributeTagProcessor
[THYMELEAF]             * [* {th:size,data-th-size}] [1000]: org.thymeleaf.standard.processor.StandardRemovableAttributeTagProcessor
[THYMELEAF]             * [* {th:title,data-th-title}] [1000]: org.thymeleaf.standard.processor.StandardRemovableAttributeTagProcessor
[THYMELEAF]             * [* {th:accesskey,data-th-accesskey}] [1000]: org.thymeleaf.standard.processor.StandardRemovableAttributeTagProcessor
[THYMELEAF]             * [* {th:media,data-th-media}] [1000]: org.thymeleaf.standard.processor.StandardRemovableAttributeTagProcessor
[THYMELEAF]             * [* {th:lang,data-th-lang}] [1000]: org.thymeleaf.standard.processor.StandardRemovableAttributeTagProcessor
[THYMELEAF]             * [* {th:scrolling,data-th-scrolling}] [1000]: org.thymeleaf.standard.processor.StandardRemovableAttributeTagProcessor
[THYMELEAF]             * [* {th:rules,data-th-rules}] [1000]: org.thymeleaf.standard.processor.StandardRemovableAttributeTagProcessor
[THYMELEAF]             * [* {th:formenctype,data-th-formenctype}] [1000]: org.thymeleaf.standard.processor.StandardRemovableAttributeTagProcessor
[THYMELEAF]             * [* {th:kind,data-th-kind}] [1000]: org.thymeleaf.standard.processor.StandardRemovableAttributeTagProcessor
[THYMELEAF]             * [* {th:sandbox,data-th-sandbox}] [1000]: org.thymeleaf.standard.processor.StandardRemovableAttributeTagProcessor
[THYMELEAF]             * [* {th:charset,data-th-charset}] [1000]: org.thymeleaf.standard.processor.StandardRemovableAttributeTagProcessor
[THYMELEAF]             * [* {th:contenteditable,data-th-contenteditable}] [1000]: org.thymeleaf.standard.processor.StandardRemovableAttributeTagProcessor
[THYMELEAF]             * [* {th:manifest,data-th-manifest}] [1000]: org.thymeleaf.standard.processor.StandardRemovableAttributeTagProcessor
[THYMELEAF]             * [* {th:codetype,data-th-codetype}] [1000]: org.thymeleaf.standard.processor.StandardRemovableAttributeTagProcessor
[THYMELEAF]             * [* {th:valuetype,data-th-valuetype}] [1000]: org.thymeleaf.standard.processor.StandardRemovableAttributeTagProcessor
[THYMELEAF]             * [* {th:list,data-th-list}] [1000]: org.thymeleaf.standard.processor.StandardRemovableAttributeTagProcessor
[THYMELEAF]             * [* {th:maxlength,data-th-maxlength}] [1000]: org.thymeleaf.standard.processor.StandardRemovableAttributeTagProcessor
[THYMELEAF]             * [* {th:border,data-th-border}] [1000]: org.thymeleaf.standard.processor.StandardRemovableAttributeTagProcessor
[THYMELEAF]             * [* {th:marginwidth,data-th-marginwidth}] [1000]: org.thymeleaf.standard.processor.StandardRemovableAttributeTagProcessor
[THYMELEAF]             * [* {th:marginheight,data-th-marginheight}] [1000]: org.thymeleaf.standard.processor.StandardRemovableAttributeTagProcessor
[THYMELEAF]             * [* {th:width,data-th-width}] [1000]: org.thymeleaf.standard.processor.StandardRemovableAttributeTagProcessor
[THYMELEAF]             * [* {th:summary,data-th-summary}] [1000]: org.thymeleaf.standard.processor.StandardRemovableAttributeTagProcessor
[THYMELEAF]             * [* {th:start,data-th-start}] [1000]: org.thymeleaf.standard.processor.StandardRemovableAttributeTagProcessor
[THYMELEAF]             * [* {th:axis,data-th-axis}] [1000]: org.thymeleaf.standard.processor.StandardRemovableAttributeTagProcessor
[THYMELEAF]             * [* {th:label,data-th-label}] [1000]: org.thymeleaf.standard.processor.StandardRemovableAttributeTagProcessor
[THYMELEAF]             * [* {th:cellpadding,data-th-cellpadding}] [1000]: org.thymeleaf.standard.processor.StandardRemovableAttributeTagProcessor
[THYMELEAF]             * [* {th:draggable,data-th-draggable}] [1000]: org.thymeleaf.standard.processor.StandardRemovableAttributeTagProcessor
[THYMELEAF]             * [* {th:accept,data-th-accept}] [1000]: org.thymeleaf.standard.processor.StandardRemovableAttributeTagProcessor
[THYMELEAF]             * [* {th:accept-charset,data-th-accept-charset}] [1000]: org.thymeleaf.standard.processor.StandardRemovableAttributeTagProcessor
[THYMELEAF]             * [* {th:enctype,data-th-enctype}] [1000]: org.thymeleaf.standard.processor.StandardRemovableAttributeTagProcessor
[THYMELEAF]             * [* {th:rev,data-th-rev}] [1000]: org.thymeleaf.standard.processor.StandardRemovableAttributeTagProcessor
[THYMELEAF]             * [* {th:radiogroup,data-th-radiogroup}] [1000]: org.thymeleaf.standard.processor.StandardRemovableAttributeTagProcessor
[THYMELEAF]             * [* {th:rows,data-th-rows}] [1000]: org.thymeleaf.standard.processor.StandardRemovableAttributeTagProcessor
[THYMELEAF]             * [* {th:bgcolor,data-th-bgcolor}] [1000]: org.thymeleaf.standard.processor.StandardRemovableAttributeTagProcessor
[THYMELEAF]             * [* {th:vspace,data-th-vspace}] [1000]: org.thymeleaf.standard.processor.StandardRemovableAttributeTagProcessor
[THYMELEAF]             * [* {th:abbr,data-th-abbr}] [1000]: org.thymeleaf.standard.processor.StandardRemovableAttributeTagProcessor
[THYMELEAF]             * [* {th:style,data-th-style}] [1000]: org.thymeleaf.standard.processor.StandardRemovableAttributeTagProcessor
[THYMELEAF]             * [* {th:data,data-th-data}] [1000]: org.thymeleaf.standard.processor.StandardRemovableAttributeTagProcessor
[THYMELEAF]             * [* {th:rel,data-th-rel}] [1000]: org.thymeleaf.standard.processor.StandardRemovableAttributeTagProcessor
[THYMELEAF]             * [* {th:headers,data-th-headers}] [1000]: org.thymeleaf.standard.processor.StandardRemovableAttributeTagProcessor
[THYMELEAF]             * [* {th:classid,data-th-classid}] [1000]: org.thymeleaf.standard.processor.StandardRemovableAttributeTagProcessor
[THYMELEAF]             * [* {th:cellspacing,data-th-cellspacing}] [1000]: org.thymeleaf.standard.processor.StandardRemovableAttributeTagProcessor
[THYMELEAF]             * [* {th:id,data-th-id}] [1000]: org.thymeleaf.standard.processor.StandardRemovableAttributeTagProcessor
[THYMELEAF]             * [* {th:compact,data-th-compact}] [1000]: org.thymeleaf.standard.processor.StandardRemovableAttributeTagProcessor
[THYMELEAF]             * [* {th:contextmenu,data-th-contextmenu}] [1000]: org.thymeleaf.standard.processor.StandardRemovableAttributeTagProcessor
[THYMELEAF]             * [* {th:longdesc,data-th-longdesc}] [1000]: org.thymeleaf.standard.processor.StandardRemovableAttributeTagProcessor
[THYMELEAF]             * [* {th:tabindex,data-th-tabindex}] [1000]: org.thymeleaf.standard.processor.StandardRemovableAttributeTagProcessor
[THYMELEAF]             * [* {th:poster,data-th-poster}] [1000]: org.thymeleaf.standard.processor.StandardRemovableAttributeTagProcessor
[THYMELEAF]             * [* {th:rowspan,data-th-rowspan}] [1000]: org.thymeleaf.standard.processor.StandardRemovableAttributeTagProcessor
[THYMELEAF]             * [* {th:min,data-th-min}] [1000]: org.thymeleaf.standard.processor.StandardRemovableAttributeTagProcessor
[THYMELEAF]             * [* {th:preload,data-th-preload}] [1000]: org.thymeleaf.standard.processor.StandardRemovableAttributeTagProcessor
[THYMELEAF]             * [* {th:dir,data-th-dir}] [1000]: org.thymeleaf.standard.processor.StandardRemovableAttributeTagProcessor
[THYMELEAF]             * [* {th:for,data-th-for}] [1000]: org.thymeleaf.standard.processor.StandardRemovableAttributeTagProcessor
[THYMELEAF]             * [* {th:hspace,data-th-hspace}] [1000]: org.thymeleaf.standard.processor.StandardRemovableAttributeTagProcessor
[THYMELEAF]             * [* {th:codebase,data-th-codebase}] [1000]: org.thymeleaf.standard.processor.StandardRemovableAttributeTagProcessor
[THYMELEAF]             * [* {th:spellcheck,data-th-spellcheck}] [1000]: org.thymeleaf.standard.processor.StandardRemovableAttributeTagProcessor
[THYMELEAF]             * [* {th:scheme,data-th-scheme}] [1000]: org.thymeleaf.standard.processor.StandardRemovableAttributeTagProcessor
[THYMELEAF]             * [* {th:hreflang,data-th-hreflang}] [1000]: org.thymeleaf.standard.processor.StandardRemovableAttributeTagProcessor
[THYMELEAF]             * [* {th:formtarget,data-th-formtarget}] [1000]: org.thymeleaf.standard.processor.StandardRemovableAttributeTagProcessor
[THYMELEAF]             * [* {th:dropzone,data-th-dropzone}] [1000]: org.thymeleaf.standard.processor.StandardRemovableAttributeTagProcessor
[THYMELEAF]             * [* {th:http-equiv,data-th-http-equiv}] [1000]: org.thymeleaf.standard.processor.StandardRemovableAttributeTagProcessor
[THYMELEAF]             * [* {th:span,data-th-span}] [1000]: org.thymeleaf.standard.processor.StandardRemovableAttributeTagProcessor
[THYMELEAF]             * [* {th:sizes,data-th-sizes}] [1000]: org.thymeleaf.standard.processor.StandardRemovableAttributeTagProcessor
[THYMELEAF]             * [* {th:challenge,data-th-challenge}] [1000]: org.thymeleaf.standard.processor.StandardRemovableAttributeTagProcessor
[THYMELEAF]             * [* {th:target,data-th-target}] [1000]: org.thymeleaf.standard.processor.StandardRemovableAttributeTagProcessor
[THYMELEAF]             * [* {th:srclang,data-th-srclang}] [1000]: org.thymeleaf.standard.processor.StandardRemovableAttributeTagProcessor
[THYMELEAF]             * [* {th:audio,data-th-audio}] [1000]: org.thymeleaf.standard.processor.StandardRemovableAttributeTagProcessor
[THYMELEAF]             * [* {th:background,data-th-background}] [1000]: org.thymeleaf.standard.processor.StandardRemovableAttributeTagProcessor
[THYMELEAF]             * [* {th:content,data-th-content}] [1000]: org.thymeleaf.standard.processor.StandardRemovableAttributeTagProcessor
[THYMELEAF]             * [* {th:align,data-th-align}] [1000]: org.thymeleaf.standard.processor.StandardRemovableAttributeTagProcessor
[THYMELEAF]             * [* {th:formaction,data-th-formaction}] [1000]: org.thymeleaf.standard.processor.StandardRemovableAttributeTagProcessor
[THYMELEAF]             * [* {th:src,data-th-src}] [1000]: org.thymeleaf.standard.processor.StandardSrcTagProcessor
[THYMELEAF]             * [* {th:value,data-th-value}] [1000]: org.thymeleaf.standard.processor.StandardValueTagProcessor
[THYMELEAF]             * [* {th:xmlbase,data-th-xmlbase}] [1000]: org.thymeleaf.standard.processor.StandardXmlBaseTagProcessor
[THYMELEAF]             * [* {th:xmllang,data-th-xmllang}] [1000]: org.thymeleaf.standard.processor.StandardXmlLangTagProcessor
[THYMELEAF]             * [* {xmlns:th}] [1000]: org.thymeleaf.standard.processor.StandardXmlNsTagProcessor
[THYMELEAF]             * [* {th:xmlspace,data-th-xmlspace}] [1000]: org.thymeleaf.standard.processor.StandardXmlSpaceTagProcessor
[THYMELEAF]             * [* {th:classappend,data-th-classappend}] [1100]: org.thymeleaf.standard.processor.StandardClassappendTagProcessor
[THYMELEAF]             * [* {th:styleappend,data-th-styleappend}] [1100]: org.thymeleaf.standard.processor.StandardStyleappendTagProcessor
[THYMELEAF]             * [* {th:text,data-th-text}] [1300]: org.thymeleaf.standard.processor.StandardTextTagProcessor
[THYMELEAF]             * [* {th:utext,data-th-utext}] [1400]: org.thymeleaf.standard.processor.StandardUtextTagProcessor
[THYMELEAF]             * [* {th:fragment,data-th-fragment}] [1500]: org.thymeleaf.standard.processor.StandardFragmentTagProcessor
[THYMELEAF]             * [* {th:assert,data-th-assert}] [1550]: org.thymeleaf.standard.processor.StandardAssertTagProcessor
[THYMELEAF]             * [* {th:remove,data-th-remove}] [1600]: org.thymeleaf.standard.processor.StandardRemoveTagProcessor
[THYMELEAF]             * [* {th:ref,data-th-ref}] [10000]: org.thymeleaf.standard.processor.StandardRefAttributeTagProcessor
[THYMELEAF]             * [{th:block,th-block} *] [100000]: org.thymeleaf.standard.processor.StandardBlockTagProcessor
[THYMELEAF]             * [* th:*] [2147483647]: org.thymeleaf.standard.processor.StandardDefaultAttributesTagProcessor
[THYMELEAF]         * Text Processors by [precedence]:
[THYMELEAF]             * [1000]: org.thymeleaf.standard.processor.StandardInliningTextProcessor
[THYMELEAF]         * DOCTYPE Processors by [precedence]:
[THYMELEAF]             * [1000]: org.thymeleaf.standard.processor.StandardTranslationDocTypeProcessor
[THYMELEAF]         * CDATA Section Processors by [precedence]:
[THYMELEAF]             * [1000]: org.thymeleaf.standard.processor.StandardInliningCDATASectionProcessor
[THYMELEAF]         * Comment Processors by [precedence]:
[THYMELEAF]             * [1000]: org.thymeleaf.standard.processor.StandardInliningCommentProcessor
[THYMELEAF]             * [1100]: org.thymeleaf.standard.processor.StandardConditionalCommentProcessor
[THYMELEAF]     * Processors for Template Mode: XML
[THYMELEAF]         * Element Tag Processors by [matching element and attribute name] [precedence]:
[THYMELEAF]             * [* {th:include}] [100]: org.thymeleaf.standard.processor.StandardIncludeTagProcessor
[THYMELEAF]             * [* {th:insert}] [100]: org.thymeleaf.standard.processor.StandardInsertTagProcessor
[THYMELEAF]             * [* {th:replace}] [100]: org.thymeleaf.standard.processor.StandardReplaceTagProcessor
[THYMELEAF]             * [* {th:each}] [200]: com.intuit.karate.template.KarateEachTagProcessor
[THYMELEAF]             * [* {th:switch}] [250]: org.thymeleaf.standard.processor.StandardSwitchTagProcessor
[THYMELEAF]             * [* {th:case}] [275]: org.thymeleaf.standard.processor.StandardCaseTagProcessor
[THYMELEAF]             * [* {th:if}] [300]: org.thymeleaf.standard.processor.StandardIfTagProcessor
[THYMELEAF]             * [* {th:unless}] [400]: org.thymeleaf.standard.processor.StandardUnlessTagProcessor
[THYMELEAF]             * [* {th:object}] [500]: org.thymeleaf.standard.processor.StandardObjectTagProcessor
[THYMELEAF]             * [* {th:with}] [600]: com.intuit.karate.template.KarateWithTagProcessor
[THYMELEAF]             * [* {th:attr}] [700]: com.intuit.karate.template.KarateAttributeTagProcessor.KarateAttrTagProcessor
[THYMELEAF]             * [* {th:attrappend}] [900]: com.intuit.karate.template.KarateAttributeTagProcessor.KarateAttrappendTagProcessor
[THYMELEAF]             * [* {th:attrprepend}] [900]: com.intuit.karate.template.KarateAttributeTagProcessor.KarateAttrprependTagProcessor
[THYMELEAF]             * [* {th:inline}] [1000]: org.thymeleaf.standard.processor.StandardInlineXMLTagProcessor
[THYMELEAF]             * [* {xmlns:th}] [1000]: org.thymeleaf.standard.processor.StandardXmlNsTagProcessor
[THYMELEAF]             * [* {th:text}] [1300]: org.thymeleaf.standard.processor.StandardTextTagProcessor
[THYMELEAF]             * [* {th:utext}] [1400]: org.thymeleaf.standard.processor.StandardUtextTagProcessor
[THYMELEAF]             * [* {th:fragment}] [1500]: org.thymeleaf.standard.processor.StandardFragmentTagProcessor
[THYMELEAF]             * [* {th:assert}] [1550]: org.thymeleaf.standard.processor.StandardAssertTagProcessor
[THYMELEAF]             * [* {th:remove}] [1600]: org.thymeleaf.standard.processor.StandardRemoveTagProcessor
[THYMELEAF]             * [* {th:ref}] [10000]: org.thymeleaf.standard.processor.StandardRefAttributeTagProcessor
[THYMELEAF]             * [{th:block} *] [100000]: org.thymeleaf.standard.processor.StandardBlockTagProcessor
[THYMELEAF]             * [* th:*] [2147483647]: org.thymeleaf.standard.processor.StandardDefaultAttributesTagProcessor
[THYMELEAF]         * Text Processors by [precedence]:
[THYMELEAF]             * [1000]: org.thymeleaf.standard.processor.StandardInliningTextProcessor
[THYMELEAF]         * CDATA Section Processors by [precedence]:
[THYMELEAF]             * [1000]: org.thymeleaf.standard.processor.StandardInliningCDATASectionProcessor
[THYMELEAF]         * Comment Processors by [precedence]:
[THYMELEAF]             * [1000]: org.thymeleaf.standard.processor.StandardInliningCommentProcessor
[THYMELEAF]     * Processors for Template Mode: TEXT
[THYMELEAF]         * Element Tag Processors by [matching element and attribute name] [precedence]:
[THYMELEAF]             * [* {th:insert}] [100]: org.thymeleaf.standard.processor.StandardInsertTagProcessor
[THYMELEAF]             * [* {th:replace}] [100]: org.thymeleaf.standard.processor.StandardReplaceTagProcessor
[THYMELEAF]             * [* {th:each}] [200]: com.intuit.karate.template.KarateEachTagProcessor
[THYMELEAF]             * [* {th:switch}] [250]: org.thymeleaf.standard.processor.StandardSwitchTagProcessor
[THYMELEAF]             * [* {th:case}] [275]: org.thymeleaf.standard.processor.StandardCaseTagProcessor
[THYMELEAF]             * [* {th:if}] [300]: org.thymeleaf.standard.processor.StandardIfTagProcessor
[THYMELEAF]             * [* {th:unless}] [400]: org.thymeleaf.standard.processor.StandardUnlessTagProcessor
[THYMELEAF]             * [* {th:object}] [500]: org.thymeleaf.standard.processor.StandardObjectTagProcessor
[THYMELEAF]             * [* {th:with}] [600]: com.intuit.karate.template.KarateWithTagProcessor
[THYMELEAF]             * [* {th:inline}] [1000]: org.thymeleaf.standard.processor.StandardInlineTextualTagProcessor
[THYMELEAF]             * [* {th:text}] [1300]: org.thymeleaf.standard.processor.StandardTextTagProcessor
[THYMELEAF]             * [* {th:utext}] [1400]: org.thymeleaf.standard.processor.StandardUtextTagProcessor
[THYMELEAF]             * [* {th:assert}] [1550]: org.thymeleaf.standard.processor.StandardAssertTagProcessor
[THYMELEAF]             * [* {th:remove}] [1600]: org.thymeleaf.standard.processor.StandardRemoveTagProcessor
[THYMELEAF]             * [* 100000] [org.thymeleaf.standard.processor.StandardBlockTagProcessor]: {}
[THYMELEAF]             * [{th:block} *] [100000]: org.thymeleaf.standard.processor.StandardBlockTagProcessor
[THYMELEAF]         * Text Processors by [precedence]:
[THYMELEAF]             * [1000]: org.thymeleaf.standard.processor.StandardInliningTextProcessor
[THYMELEAF]     * Processors for Template Mode: JAVASCRIPT
[THYMELEAF]         * Element Tag Processors by [matching element and attribute name] [precedence]:
[THYMELEAF]             * [* {th:insert}] [100]: org.thymeleaf.standard.processor.StandardInsertTagProcessor
[THYMELEAF]             * [* {th:replace}] [100]: org.thymeleaf.standard.processor.StandardReplaceTagProcessor
[THYMELEAF]             * [* {th:each}] [200]: com.intuit.karate.template.KarateEachTagProcessor
[THYMELEAF]             * [* {th:switch}] [250]: org.thymeleaf.standard.processor.StandardSwitchTagProcessor
[THYMELEAF]             * [* {th:case}] [275]: org.thymeleaf.standard.processor.StandardCaseTagProcessor
[THYMELEAF]             * [* {th:if}] [300]: org.thymeleaf.standard.processor.StandardIfTagProcessor
[THYMELEAF]             * [* {th:unless}] [400]: org.thymeleaf.standard.processor.StandardUnlessTagProcessor
[THYMELEAF]             * [* {th:object}] [500]: org.thymeleaf.standard.processor.StandardObjectTagProcessor
[THYMELEAF]             * [* {th:with}] [600]: com.intuit.karate.template.KarateWithTagProcessor
[THYMELEAF]             * [* {th:inline}] [1000]: org.thymeleaf.standard.processor.StandardInlineTextualTagProcessor
[THYMELEAF]             * [* {th:text}] [1300]: org.thymeleaf.standard.processor.StandardTextTagProcessor
[THYMELEAF]             * [* {th:utext}] [1400]: org.thymeleaf.standard.processor.StandardUtextTagProcessor
[THYMELEAF]             * [* {th:assert}] [1550]: org.thymeleaf.standard.processor.StandardAssertTagProcessor
[THYMELEAF]             * [* {th:remove}] [1600]: org.thymeleaf.standard.processor.StandardRemoveTagProcessor
[THYMELEAF]             * [* 100000] [org.thymeleaf.standard.processor.StandardBlockTagProcessor]: {}
[THYMELEAF]             * [{th:block} *] [100000]: org.thymeleaf.standard.processor.StandardBlockTagProcessor
[THYMELEAF]         * Text Processors by [precedence]:
[THYMELEAF]             * [1000]: org.thymeleaf.standard.processor.StandardInliningTextProcessor
[THYMELEAF]     * Processors for Template Mode: CSS
[THYMELEAF]         * Element Tag Processors by [matching element and attribute name] [precedence]:
[THYMELEAF]             * [* {th:insert}] [100]: org.thymeleaf.standard.processor.StandardInsertTagProcessor
[THYMELEAF]             * [* {th:replace}] [100]: org.thymeleaf.standard.processor.StandardReplaceTagProcessor
[THYMELEAF]             * [* {th:each}] [200]: com.intuit.karate.template.KarateEachTagProcessor
[THYMELEAF]             * [* {th:switch}] [250]: org.thymeleaf.standard.processor.StandardSwitchTagProcessor
[THYMELEAF]             * [* {th:case}] [275]: org.thymeleaf.standard.processor.StandardCaseTagProcessor
[THYMELEAF]             * [* {th:if}] [300]: org.thymeleaf.standard.processor.StandardIfTagProcessor
[THYMELEAF]             * [* {th:unless}] [400]: org.thymeleaf.standard.processor.StandardUnlessTagProcessor
[THYMELEAF]             * [* {th:object}] [500]: org.thymeleaf.standard.processor.StandardObjectTagProcessor
[THYMELEAF]             * [* {th:with}] [600]: com.intuit.karate.template.KarateWithTagProcessor
[THYMELEAF]             * [* {th:inline}] [1000]: org.thymeleaf.standard.processor.StandardInlineTextualTagProcessor
[THYMELEAF]             * [* {th:text}] [1300]: org.thymeleaf.standard.processor.StandardTextTagProcessor
[THYMELEAF]             * [* {th:utext}] [1400]: org.thymeleaf.standard.processor.StandardUtextTagProcessor
[THYMELEAF]             * [* {th:assert}] [1550]: org.thymeleaf.standard.processor.StandardAssertTagProcessor
[THYMELEAF]             * [* {th:remove}] [1600]: org.thymeleaf.standard.processor.StandardRemoveTagProcessor
[THYMELEAF]             * [{th:block} *] [100000]: org.thymeleaf.standard.processor.StandardBlockTagProcessor
[THYMELEAF]             * [* 100000] [org.thymeleaf.standard.processor.StandardBlockTagProcessor]: {}
[THYMELEAF]         * Text Processors by [precedence]:
[THYMELEAF]             * [1000]: org.thymeleaf.standard.processor.StandardInliningTextProcessor
[THYMELEAF]     * Expression Objects:
[THYMELEAF]         * #ctx
[THYMELEAF]         * #root
[THYMELEAF]         * #vars
[THYMELEAF]         * #object
[THYMELEAF]         * #locale
[THYMELEAF]         * #conversions
[THYMELEAF]         * #uris
[THYMELEAF]         * #temporals
[THYMELEAF]         * #calendars
[THYMELEAF]         * #dates
[THYMELEAF]         * #bools
[THYMELEAF]         * #numbers
[THYMELEAF]         * #objects
[THYMELEAF]         * #strings
[THYMELEAF]         * #arrays
[THYMELEAF]         * #lists
[THYMELEAF]         * #sets
[THYMELEAF]         * #maps
[THYMELEAF]         * #aggregates
[THYMELEAF]         * #messages
[THYMELEAF]         * #ids
[THYMELEAF]         * #execInfo
[THYMELEAF]         * #request
[THYMELEAF]         * #response
[THYMELEAF]         * #session
[THYMELEAF]         * #servletContext
[THYMELEAF]     * Execution Attributes:
[THYMELEAF]         * "StandardExpressionParser": com.intuit.karate.template.KarateStandardDialect@27953a83
[THYMELEAF]         * "StandardJavaScriptSerializer": org.thymeleaf.standard.serializer.StandardJavaScriptSerializer@4fd4cae3
[THYMELEAF]         * "StandardCSSSerializer": org.thymeleaf.standard.serializer.StandardCSSSerializer@4a067c25
[THYMELEAF]         * "StandardVariableExpressionEvaluator": com.intuit.karate.template.KarateStandardDialect@27953a83
[THYMELEAF]         * "StandardConversionService": org.thymeleaf.standard.expression.StandardConversionService@a1217f9
[THYMELEAF] * Dialect [2 of 2]: karate (com.intuit.karate.template.KarateScriptDialect)
[THYMELEAF]     * Prefix: "ka"
[THYMELEAF]     * Processors for Template Mode: HTML
[THYMELEAF]         * Element Tag Processors by [matching element and attribute name] [precedence]:
[THYMELEAF]             * [* {src}] [1000]: com.intuit.karate.template.KaScriptAttrProcessor
[THYMELEAF]         * Element Model Processors by [matching element and attribute name] [precedence]:
[THYMELEAF]             * [{script} {ka:scope,data-ka-scope}] [1000]: com.intuit.karate.template.KaScriptElemProcessor
[THYMELEAF]             * [* {ka:set,data-ka-set}] [1000]: com.intuit.karate.template.KaSetElemProcessor
[THYMELEAF] TEMPLATE ENGINE CONFIGURED OK
16:40:46.711 [main] DEBUG org.thymeleaf.TemplateEngine -- [THYMELEAF] TEMPLATE ENGINE INITIALIZED
16:40:46.733 [main] DEBUG org.thymeleaf.TemplateEngine -- [THYMELEAF] INITIALIZING TEMPLATE ENGINE
16:40:46.741 [main] DEBUG org.thymeleaf.TemplateEngine.CONFIG -- Initializing Thymeleaf Template engine configuration...
[THYMELEAF] TEMPLATE ENGINE CONFIGURATION:
[THYMELEAF] * Thymeleaf version: 3.1.2.RELEASE (built 2023-07-30T19:25:50+0000)
[THYMELEAF] * Cache Manager implementation: org.thymeleaf.cache.StandardCacheManager
[THYMELEAF] * Template resolvers:
[THYMELEAF]     * [1] com.intuit.karate.template.ResourceHtmlTemplateResolver
[THYMELEAF] * Message resolvers:
[THYMELEAF]     * org.thymeleaf.messageresolver.StandardMessageResolver
[THYMELEAF] * Link builders:
[THYMELEAF]     * org.thymeleaf.linkbuilder.StandardLinkBuilder
[THYMELEAF] * Dialect [1 of 2]: Standard (com.intuit.karate.template.KarateStandardDialect)
[THYMELEAF]     * Prefix: "th"
[THYMELEAF]     * Processors for Template Mode: HTML
[THYMELEAF]         * Element Tag Processors by [matching element and attribute name] [precedence]:
[THYMELEAF]             * [* {th:include,data-th-include}] [100]: org.thymeleaf.standard.processor.StandardIncludeTagProcessor
[THYMELEAF]             * [* {th:insert,data-th-insert}] [100]: org.thymeleaf.standard.processor.StandardInsertTagProcessor
[THYMELEAF]             * [* {th:replace,data-th-replace}] [100]: org.thymeleaf.standard.processor.StandardReplaceTagProcessor
[THYMELEAF]             * [* {th:each,data-th-each}] [200]: com.intuit.karate.template.KarateEachTagProcessor
[THYMELEAF]             * [* {th:switch,data-th-switch}] [250]: org.thymeleaf.standard.processor.StandardSwitchTagProcessor
[THYMELEAF]             * [* {th:case,data-th-case}] [275]: org.thymeleaf.standard.processor.StandardCaseTagProcessor
[THYMELEAF]             * [* {th:if,data-th-if}] [300]: org.thymeleaf.standard.processor.StandardIfTagProcessor
[THYMELEAF]             * [* {th:unless,data-th-unless}] [400]: org.thymeleaf.standard.processor.StandardUnlessTagProcessor
[THYMELEAF]             * [* {th:object,data-th-object}] [500]: org.thymeleaf.standard.processor.StandardObjectTagProcessor
[THYMELEAF]             * [* {th:with,data-th-with}] [600]: com.intuit.karate.template.KarateWithTagProcessor
[THYMELEAF]             * [* {th:attr,data-th-attr}] [700]: com.intuit.karate.template.KarateAttributeTagProcessor.KarateAttrTagProcessor
[THYMELEAF]             * [* {th:attrappend,data-th-attrappend}] [900]: com.intuit.karate.template.KarateAttributeTagProcessor.KarateAttrappendTagProcessor
[THYMELEAF]             * [* {th:attrprepend,data-th-attrprepend}] [900]: com.intuit.karate.template.KarateAttributeTagProcessor.KarateAttrprependTagProcessor
[THYMELEAF]             * [* {th:alt-title,data-th-alt-title}] [990]: org.thymeleaf.standard.processor.StandardAltTitleTagProcessor
[THYMELEAF]             * [* {th:lang-xmllang,data-th-lang-xmllang}] [990]: org.thymeleaf.standard.processor.StandardLangXmlLangTagProcessor
[THYMELEAF]             * [* {th:action,data-th-action}] [1000]: org.thymeleaf.standard.processor.StandardActionTagProcessor
[THYMELEAF]             * [* {th:controls,data-th-controls}] [1000]: org.thymeleaf.standard.processor.StandardConditionalFixedValueTagProcessor
[THYMELEAF]             * [* {th:pubdate,data-th-pubdate}] [1000]: org.thymeleaf.standard.processor.StandardConditionalFixedValueTagProcessor
[THYMELEAF]             * [* {th:autofocus,data-th-autofocus}] [1000]: org.thymeleaf.standard.processor.StandardConditionalFixedValueTagProcessor
[THYMELEAF]             * [* {th:readonly,data-th-readonly}] [1000]: org.thymeleaf.standard.processor.StandardConditionalFixedValueTagProcessor
[THYMELEAF]             * [* {th:multiple,data-th-multiple}] [1000]: org.thymeleaf.standard.processor.StandardConditionalFixedValueTagProcessor
[THYMELEAF]             * [* {th:nowrap,data-th-nowrap}] [1000]: org.thymeleaf.standard.processor.StandardConditionalFixedValueTagProcessor
[THYMELEAF]             * [* {th:async,data-th-async}] [1000]: org.thymeleaf.standard.processor.StandardConditionalFixedValueTagProcessor
[THYMELEAF]             * [* {th:disabled,data-th-disabled}] [1000]: org.thymeleaf.standard.processor.StandardConditionalFixedValueTagProcessor
[THYMELEAF]             * [* {th:checked,data-th-checked}] [1000]: org.thymeleaf.standard.processor.StandardConditionalFixedValueTagProcessor
[THYMELEAF]             * [* {th:formnovalidate,data-th-formnovalidate}] [1000]: org.thymeleaf.standard.processor.StandardConditionalFixedValueTagProcessor
[THYMELEAF]             * [* {th:default,data-th-default}] [1000]: org.thymeleaf.standard.processor.StandardConditionalFixedValueTagProcessor
[THYMELEAF]             * [* {th:required,data-th-required}] [1000]: org.thymeleaf.standard.processor.StandardConditionalFixedValueTagProcessor
[THYMELEAF]             * [* {th:scoped,data-th-scoped}] [1000]: org.thymeleaf.standard.processor.StandardConditionalFixedValueTagProcessor
[THYMELEAF]             * [* {th:hidden,data-th-hidden}] [1000]: org.thymeleaf.standard.processor.StandardConditionalFixedValueTagProcessor
[THYMELEAF]             * [* {th:open,data-th-open}] [1000]: org.thymeleaf.standard.processor.StandardConditionalFixedValueTagProcessor
[THYMELEAF]             * [* {th:defer,data-th-defer}] [1000]: org.thymeleaf.standard.processor.StandardConditionalFixedValueTagProcessor
[THYMELEAF]             * [* {th:loop,data-th-loop}] [1000]: org.thymeleaf.standard.processor.StandardConditionalFixedValueTagProcessor
[THYMELEAF]             * [* {th:seamless,data-th-seamless}] [1000]: org.thymeleaf.standard.processor.StandardConditionalFixedValueTagProcessor
[THYMELEAF]             * [* {th:selected,data-th-selected}] [1000]: org.thymeleaf.standard.processor.StandardConditionalFixedValueTagProcessor
[THYMELEAF]             * [* {th:novalidate,data-th-novalidate}] [1000]: org.thymeleaf.standard.processor.StandardConditionalFixedValueTagProcessor
[THYMELEAF]             * [* {th:reversed,data-th-reversed}] [1000]: org.thymeleaf.standard.processor.StandardConditionalFixedValueTagProcessor
[THYMELEAF]             * [* {th:ismap,data-th-ismap}] [1000]: org.thymeleaf.standard.processor.StandardConditionalFixedValueTagProcessor
[THYMELEAF]             * [* {th:declare,data-th-declare}] [1000]: org.thymeleaf.standard.processor.StandardConditionalFixedValueTagProcessor
[THYMELEAF]             * [* {th:autoplay,data-th-autoplay}] [1000]: org.thymeleaf.standard.processor.StandardConditionalFixedValueTagProcessor
[THYMELEAF]             * [* {th:onstalled,data-th-onstalled}] [1000]: org.thymeleaf.standard.processor.StandardDOMEventAttributeTagProcessor
[THYMELEAF]             * [* {th:onpause,data-th-onpause}] [1000]: org.thymeleaf.standard.processor.StandardDOMEventAttributeTagProcessor
[THYMELEAF]             * [* {th:onoffline,data-th-onoffline}] [1000]: org.thymeleaf.standard.processor.StandardDOMEventAttributeTagProcessor
[THYMELEAF]             * [* {th:onloadstart,data-th-onloadstart}] [1000]: org.thymeleaf.standard.processor.StandardDOMEventAttributeTagProcessor
[THYMELEAF]             * [* {th:onbeforeprint,data-th-onbeforeprint}] [1000]: org.thymeleaf.standard.processor.StandardDOMEventAttributeTagProcessor
[THYMELEAF]             * [* {th:onseeked,data-th-onseeked}] [1000]: org.thymeleaf.standard.processor.StandardDOMEventAttributeTagProcessor
[THYMELEAF]             * [* {th:onreadystatechange,data-th-onreadystatechange}] [1000]: org.thymeleaf.standard.processor.StandardDOMEventAttributeTagProcessor
[THYMELEAF]             * [* {th:onerror,data-th-onerror}] [1000]: org.thymeleaf.standard.processor.StandardDOMEventAttributeTagProcessor
[THYMELEAF]             * [* {th:ondrag,data-th-ondrag}] [1000]: org.thymeleaf.standard.processor.StandardDOMEventAttributeTagProcessor
[THYMELEAF]             * [* {th:onratechange,data-th-onratechange}] [1000]: org.thymeleaf.standard.processor.StandardDOMEventAttributeTagProcessor
[THYMELEAF]             * [* {th:onblur,data-th-onblur}] [1000]: org.thymeleaf.standard.processor.StandardDOMEventAttributeTagProcessor
[THYMELEAF]             * [* {th:oncanplaythrough,data-th-oncanplaythrough}] [1000]: org.thymeleaf.standard.processor.StandardDOMEventAttributeTagProcessor
[THYMELEAF]             * [* {th:onselect,data-th-onselect}] [1000]: org.thymeleaf.standard.processor.StandardDOMEventAttributeTagProcessor
[THYMELEAF]             * [* {th:onloadeddata,data-th-onloadeddata}] [1000]: org.thymeleaf.standard.processor.StandardDOMEventAttributeTagProcessor
[THYMELEAF]             * [* {th:onplay,data-th-onplay}] [1000]: org.thymeleaf.standard.processor.StandardDOMEventAttributeTagProcessor
[THYMELEAF]             * [* {th:onredo,data-th-onredo}] [1000]: org.thymeleaf.standard.processor.StandardDOMEventAttributeTagProcessor
[THYMELEAF]             * [* {th:onkeydown,data-th-onkeydown}] [1000]: org.thymeleaf.standard.processor.StandardDOMEventAttributeTagProcessor
[THYMELEAF]             * [* {th:onprogress,data-th-onprogress}] [1000]: org.thymeleaf.standard.processor.StandardDOMEventAttributeTagProcessor
[THYMELEAF]             * [* {th:oninvalid,data-th-oninvalid}] [1000]: org.thymeleaf.standard.processor.StandardDOMEventAttributeTagProcessor
[THYMELEAF]             * [* {th:ondrop,data-th-ondrop}] [1000]: org.thymeleaf.standard.processor.StandardDOMEventAttributeTagProcessor
[THYMELEAF]             * [* {th:onabort,data-th-onabort}] [1000]: org.thymeleaf.standard.processor.StandardDOMEventAttributeTagProcessor
[THYMELEAF]             * [* {th:onkeypress,data-th-onkeypress}] [1000]: org.thymeleaf.standard.processor.StandardDOMEventAttributeTagProcessor
[THYMELEAF]             * [* {th:onmessage,data-th-onmessage}] [1000]: org.thymeleaf.standard.processor.StandardDOMEventAttributeTagProcessor
[THYMELEAF]             * [* {th:onformchange,data-th-onformchange}] [1000]: org.thymeleaf.standard.processor.StandardDOMEventAttributeTagProcessor
[THYMELEAF]             * [* {th:onshow,data-th-onshow}] [1000]: org.thymeleaf.standard.processor.StandardDOMEventAttributeTagProcessor
[THYMELEAF]             * [* {th:oncontextmenu,data-th-oncontextmenu}] [1000]: org.thymeleaf.standard.processor.StandardDOMEventAttributeTagProcessor
[THYMELEAF]             * [* {th:onmousewheel,data-th-onmousewheel}] [1000]: org.thymeleaf.standard.processor.StandardDOMEventAttributeTagProcessor
[THYMELEAF]             * [* {th:onmouseover,data-th-onmouseover}] [1000]: org.thymeleaf.standard.processor.StandardDOMEventAttributeTagProcessor
[THYMELEAF]             * [* {th:onafterprint,data-th-onafterprint}] [1000]: org.thymeleaf.standard.processor.StandardDOMEventAttributeTagProcessor
[THYMELEAF]             * [* {th:onvolumechange,data-th-onvolumechange}] [1000]: org.thymeleaf.standard.processor.StandardDOMEventAttributeTagProcessor
[THYMELEAF]             * [* {th:oncanplay,data-th-oncanplay}] [1000]: org.thymeleaf.standard.processor.StandardDOMEventAttributeTagProcessor
[THYMELEAF]             * [* {th:onforminput,data-th-onforminput}] [1000]: org.thymeleaf.standard.processor.StandardDOMEventAttributeTagProcessor
[THYMELEAF]             * [* {th:onchange,data-th-onchange}] [1000]: org.thymeleaf.standard.processor.StandardDOMEventAttributeTagProcessor
[THYMELEAF]             * [* {th:onkeyup,data-th-onkeyup}] [1000]: org.thymeleaf.standard.processor.StandardDOMEventAttributeTagProcessor
[THYMELEAF]             * [* {th:onloadedmetadata,data-th-onloadedmetadata}] [1000]: org.thymeleaf.standard.processor.StandardDOMEventAttributeTagProcessor
[THYMELEAF]             * [* {th:ondragend,data-th-ondragend}] [1000]: org.thymeleaf.standard.processor.StandardDOMEventAttributeTagProcessor
[THYMELEAF]             * [* {th:onload,data-th-onload}] [1000]: org.thymeleaf.standard.processor.StandardDOMEventAttributeTagProcessor
[THYMELEAF]             * [* {th:onstorage,data-th-onstorage}] [1000]: org.thymeleaf.standard.processor.StandardDOMEventAttributeTagProcessor
[THYMELEAF]             * [* {th:ondragstart,data-th-ondragstart}] [1000]: org.thymeleaf.standard.processor.StandardDOMEventAttributeTagProcessor
[THYMELEAF]             * [* {th:onfocus,data-th-onfocus}] [1000]: org.thymeleaf.standard.processor.StandardDOMEventAttributeTagProcessor
[THYMELEAF]             * [* {th:onended,data-th-onended}] [1000]: org.thymeleaf.standard.processor.StandardDOMEventAttributeTagProcessor
[THYMELEAF]             * [* {th:onseeking,data-th-onseeking}] [1000]: org.thymeleaf.standard.processor.StandardDOMEventAttributeTagProcessor
[THYMELEAF]             * [* {th:onmouseout,data-th-onmouseout}] [1000]: org.thymeleaf.standard.processor.StandardDOMEventAttributeTagProcessor
[THYMELEAF]             * [* {th:ontimeupdate,data-th-ontimeupdate}] [1000]: org.thymeleaf.standard.processor.StandardDOMEventAttributeTagProcessor
[THYMELEAF]             * [* {th:onresize,data-th-onresize}] [1000]: org.thymeleaf.standard.processor.StandardDOMEventAttributeTagProcessor
[THYMELEAF]             * [* {th:ondblclick,data-th-ondblclick}] [1000]: org.thymeleaf.standard.processor.StandardDOMEventAttributeTagProcessor
[THYMELEAF]             * [* {th:onhashchange,data-th-onhashchange}] [1000]: org.thymeleaf.standard.processor.StandardDOMEventAttributeTagProcessor
[THYMELEAF]             * [* {th:onpopstate,data-th-onpopstate}] [1000]: org.thymeleaf.standard.processor.StandardDOMEventAttributeTagProcessor
[THYMELEAF]             * [* {th:onclick,data-th-onclick}] [1000]: org.thymeleaf.standard.processor.StandardDOMEventAttributeTagProcessor
[THYMELEAF]             * [* {th:onemptied,data-th-onemptied}] [1000]: org.thymeleaf.standard.processor.StandardDOMEventAttributeTagProcessor
[THYMELEAF]             * [* {th:ondragleave,data-th-ondragleave}] [1000]: org.thymeleaf.standard.processor.StandardDOMEventAttributeTagProcessor
[THYMELEAF]             * [* {th:onmouseup,data-th-onmouseup}] [1000]: org.thymeleaf.standard.processor.StandardDOMEventAttributeTagProcessor
[THYMELEAF]             * [* {th:onscroll,data-th-onscroll}] [1000]: org.thymeleaf.standard.processor.StandardDOMEventAttributeTagProcessor
[THYMELEAF]             * [* {th:onplaying,data-th-onplaying}] [1000]: org.thymeleaf.standard.processor.StandardDOMEventAttributeTagProcessor
[THYMELEAF]             * [* {th:onmousedown,data-th-onmousedown}] [1000]: org.thymeleaf.standard.processor.StandardDOMEventAttributeTagProcessor
[THYMELEAF]             * [* {th:onbeforeunload,data-th-onbeforeunload}] [1000]: org.thymeleaf.standard.processor.StandardDOMEventAttributeTagProcessor
[THYMELEAF]             * [* {th:onsubmit,data-th-onsubmit}] [1000]: org.thymeleaf.standard.processor.StandardDOMEventAttributeTagProcessor
[THYMELEAF]             * [* {th:ondurationchange,data-th-ondurationchange}] [1000]: org.thymeleaf.standard.processor.StandardDOMEventAttributeTagProcessor
[THYMELEAF]             * [* {th:onunload,data-th-onunload}] [1000]: org.thymeleaf.standard.processor.StandardDOMEventAttributeTagProcessor
[THYMELEAF]             * [* {th:onwaiting,data-th-onwaiting}] [1000]: org.thymeleaf.standard.processor.StandardDOMEventAttributeTagProcessor
[THYMELEAF]             * [* {th:ononline,data-th-ononline}] [1000]: org.thymeleaf.standard.processor.StandardDOMEventAttributeTagProcessor
[THYMELEAF]             * [* {th:onsuspend,data-th-onsuspend}] [1000]: org.thymeleaf.standard.processor.StandardDOMEventAttributeTagProcessor
[THYMELEAF]             * [* {th:ondragenter,data-th-ondragenter}] [1000]: org.thymeleaf.standard.processor.StandardDOMEventAttributeTagProcessor
[THYMELEAF]             * [* {th:onundo,data-th-onundo}] [1000]: org.thymeleaf.standard.processor.StandardDOMEventAttributeTagProcessor
[THYMELEAF]             * [* {th:onreset,data-th-onreset}] [1000]: org.thymeleaf.standard.processor.StandardDOMEventAttributeTagProcessor
[THYMELEAF]             * [* {th:onmousemove,data-th-onmousemove}] [1000]: org.thymeleaf.standard.processor.StandardDOMEventAttributeTagProcessor
[THYMELEAF]             * [* {th:oninput,data-th-oninput}] [1000]: org.thymeleaf.standard.processor.StandardDOMEventAttributeTagProcessor
[THYMELEAF]             * [* {th:ondragover,data-th-ondragover}] [1000]: org.thymeleaf.standard.processor.StandardDOMEventAttributeTagProcessor
[THYMELEAF]             * [* {th:href,data-th-href}] [1000]: org.thymeleaf.standard.processor.StandardHrefTagProcessor
[THYMELEAF]             * [* {th:inline,data-th-inline}] [1000]: org.thymeleaf.standard.processor.StandardInlineHTMLTagProcessor
[THYMELEAF]             * [* {th:method,data-th-method}] [1000]: org.thymeleaf.standard.processor.StandardMethodTagProcessor
[THYMELEAF]             * [* {th:name,data-th-name}] [1000]: org.thymeleaf.standard.processor.StandardNonRemovableAttributeTagProcessor
[THYMELEAF]             * [* {th:type,data-th-type}] [1000]: org.thymeleaf.standard.processor.StandardNonRemovableAttributeTagProcessor
[THYMELEAF]             * [* {th:formmethod,data-th-formmethod}] [1000]: org.thymeleaf.standard.processor.StandardRemovableAttributeTagProcessor
[THYMELEAF]             * [* {th:class,data-th-class}] [1000]: org.thymeleaf.standard.processor.StandardRemovableAttributeTagProcessor
[THYMELEAF]             * [* {th:target,data-th-target}] [1000]: org.thymeleaf.standard.processor.StandardRemovableAttributeTagProcessor
[THYMELEAF]             * [* {th:frameborder,data-th-frameborder}] [1000]: org.thymeleaf.standard.processor.StandardRemovableAttributeTagProcessor
[THYMELEAF]             * [* {th:standby,data-th-standby}] [1000]: org.thymeleaf.standard.processor.StandardRemovableAttributeTagProcessor
[THYMELEAF]             * [* {th:scrolling,data-th-scrolling}] [1000]: org.thymeleaf.standard.processor.StandardRemovableAttributeTagProcessor
[THYMELEAF]             * [* {th:autocomplete,data-th-autocomplete}] [1000]: org.thymeleaf.standard.processor.StandardRemovableAttributeTagProcessor
[THYMELEAF]             * [* {th:datetime,data-th-datetime}] [1000]: org.thymeleaf.standard.processor.StandardRemovableAttributeTagProcessor
[THYMELEAF]             * [* {th:dropzone,data-th-dropzone}] [1000]: org.thymeleaf.standard.processor.StandardRemovableAttributeTagProcessor
[THYMELEAF]             * [* {th:usemap,data-th-usemap}] [1000]: org.thymeleaf.standard.processor.StandardRemovableAttributeTagProcessor
[THYMELEAF]             * [* {th:style,data-th-style}] [1000]: org.thymeleaf.standard.processor.StandardRemovableAttributeTagProcessor
[THYMELEAF]             * [* {th:background,data-th-background}] [1000]: org.thymeleaf.standard.processor.StandardRemovableAttributeTagProcessor
[THYMELEAF]             * [* {th:preload,data-th-preload}] [1000]: org.thymeleaf.standard.processor.StandardRemovableAttributeTagProcessor
[THYMELEAF]             * [* {th:formenctype,data-th-formenctype}] [1000]: org.thymeleaf.standard.processor.StandardRemovableAttributeTagProcessor
[THYMELEAF]             * [* {th:title,data-th-title}] [1000]: org.thymeleaf.standard.processor.StandardRemovableAttributeTagProcessor
[THYMELEAF]             * [* {th:rows,data-th-rows}] [1000]: org.thymeleaf.standard.processor.StandardRemovableAttributeTagProcessor
[THYMELEAF]             * [* {th:codetype,data-th-codetype}] [1000]: org.thymeleaf.standard.processor.StandardRemovableAttributeTagProcessor
[THYMELEAF]             * [* {th:rel,data-th-rel}] [1000]: org.thymeleaf.standard.processor.StandardRemovableAttributeTagProcessor
[THYMELEAF]             * [* {th:abbr,data-th-abbr}] [1000]: org.thymeleaf.standard.processor.StandardRemovableAttributeTagProcessor
[THYMELEAF]             * [* {th:label,data-th-label}] [1000]: org.thymeleaf.standard.processor.StandardRemovableAttributeTagProcessor
[THYMELEAF]             * [* {th:scope,data-th-scope}] [1000]: org.thymeleaf.standard.processor.StandardRemovableAttributeTagProcessor
[THYMELEAF]             * [* {th:formtarget,data-th-formtarget}] [1000]: org.thymeleaf.standard.processor.StandardRemovableAttributeTagProcessor
[THYMELEAF]             * [* {th:media,data-th-media}] [1000]: org.thymeleaf.standard.processor.StandardRemovableAttributeTagProcessor
[THYMELEAF]             * [* {th:summary,data-th-summary}] [1000]: org.thymeleaf.standard.processor.StandardRemovableAttributeTagProcessor
[THYMELEAF]             * [* {th:form,data-th-form}] [1000]: org.thymeleaf.standard.processor.StandardRemovableAttributeTagProcessor
[THYMELEAF]             * [* {th:content,data-th-content}] [1000]: org.thymeleaf.standard.processor.StandardRemovableAttributeTagProcessor
[THYMELEAF]             * [* {th:poster,data-th-poster}] [1000]: org.thymeleaf.standard.processor.StandardRemovableAttributeTagProcessor
[THYMELEAF]             * [* {th:challenge,data-th-challenge}] [1000]: org.thymeleaf.standard.processor.StandardRemovableAttributeTagProcessor
[THYMELEAF]             * [* {th:optimum,data-th-optimum}] [1000]: org.thymeleaf.standard.processor.StandardRemovableAttributeTagProcessor
[THYMELEAF]             * [* {th:rules,data-th-rules}] [1000]: org.thymeleaf.standard.processor.StandardRemovableAttributeTagProcessor
[THYMELEAF]             * [* {th:start,data-th-start}] [1000]: org.thymeleaf.standard.processor.StandardRemovableAttributeTagProcessor
[THYMELEAF]             * [* {th:high,data-th-high}] [1000]: org.thymeleaf.standard.processor.StandardRemovableAttributeTagProcessor
[THYMELEAF]             * [* {th:wrap,data-th-wrap}] [1000]: org.thymeleaf.standard.processor.StandardRemovableAttributeTagProcessor
[THYMELEAF]             * [* {th:max,data-th-max}] [1000]: org.thymeleaf.standard.processor.StandardRemovableAttributeTagProcessor
[THYMELEAF]             * [* {th:lang,data-th-lang}] [1000]: org.thymeleaf.standard.processor.StandardRemovableAttributeTagProcessor
[THYMELEAF]             * [* {th:enctype,data-th-enctype}] [1000]: org.thymeleaf.standard.processor.StandardRemovableAttributeTagProcessor
[THYMELEAF]             * [* {th:placeholder,data-th-placeholder}] [1000]: org.thymeleaf.standard.processor.StandardRemovableAttributeTagProcessor
[THYMELEAF]             * [* {th:step,data-th-step}] [1000]: org.thymeleaf.standard.processor.StandardRemovableAttributeTagProcessor
[THYMELEAF]             * [* {th:border,data-th-border}] [1000]: org.thymeleaf.standard.processor.StandardRemovableAttributeTagProcessor
[THYMELEAF]             * [* {th:axis,data-th-axis}] [1000]: org.thymeleaf.standard.processor.StandardRemovableAttributeTagProcessor
[THYMELEAF]             * [* {th:sizes,data-th-sizes}] [1000]: org.thymeleaf.standard.processor.StandardRemovableAttributeTagProcessor
[THYMELEAF]             * [* {th:maxlength,data-th-maxlength}] [1000]: org.thymeleaf.standard.processor.StandardRemovableAttributeTagProcessor
[THYMELEAF]             * [* {th:data,data-th-data}] [1000]: org.thymeleaf.standard.processor.StandardRemovableAttributeTagProcessor
[THYMELEAF]             * [* {th:kind,data-th-kind}] [1000]: org.thymeleaf.standard.processor.StandardRemovableAttributeTagProcessor
[THYMELEAF]             * [* {th:contextmenu,data-th-contextmenu}] [1000]: org.thymeleaf.standard.processor.StandardRemovableAttributeTagProcessor
[THYMELEAF]             * [* {th:longdesc,data-th-longdesc}] [1000]: org.thymeleaf.standard.processor.StandardRemovableAttributeTagProcessor
[THYMELEAF]             * [* {th:align,data-th-align}] [1000]: org.thymeleaf.standard.processor.StandardRemovableAttributeTagProcessor
[THYMELEAF]             * [* {th:pattern,data-th-pattern}] [1000]: org.thymeleaf.standard.processor.StandardRemovableAttributeTagProcessor
[THYMELEAF]             * [* {th:cellpadding,data-th-cellpadding}] [1000]: org.thymeleaf.standard.processor.StandardRemovableAttributeTagProcessor
[THYMELEAF]             * [* {th:formaction,data-th-formaction}] [1000]: org.thymeleaf.standard.processor.StandardRemovableAttributeTagProcessor
[THYMELEAF]             * [* {th:archive,data-th-archive}] [1000]: org.thymeleaf.standard.processor.StandardRemovableAttributeTagProcessor
[THYMELEAF]             * [* {th:height,data-th-height}] [1000]: org.thymeleaf.standard.processor.StandardRemovableAttributeTagProcessor
[THYMELEAF]             * [* {th:manifest,data-th-manifest}] [1000]: org.thymeleaf.standard.processor.StandardRemovableAttributeTagProcessor
[THYMELEAF]             * [* {th:marginwidth,data-th-marginwidth}] [1000]: org.thymeleaf.standard.processor.StandardRemovableAttributeTagProcessor
[THYMELEAF]             * [* {th:codebase,data-th-codebase}] [1000]: org.thymeleaf.standard.processor.StandardRemovableAttributeTagProcessor
[THYMELEAF]             * [* {th:bgcolor,data-th-bgcolor}] [1000]: org.thymeleaf.standard.processor.StandardRemovableAttributeTagProcessor
[THYMELEAF]             * [* {th:charset,data-th-charset}] [1000]: org.thymeleaf.standard.processor.StandardRemovableAttributeTagProcessor
[THYMELEAF]             * [* {th:keytype,data-th-keytype}] [1000]: org.thymeleaf.standard.processor.StandardRemovableAttributeTagProcessor
[THYMELEAF]             * [* {th:hspace,data-th-hspace}] [1000]: org.thymeleaf.standard.processor.StandardRemovableAttributeTagProcessor
[THYMELEAF]             * [* {th:rev,data-th-rev}] [1000]: org.thymeleaf.standard.processor.StandardRemovableAttributeTagProcessor
[THYMELEAF]             * [* {th:srclang,data-th-srclang}] [1000]: org.thymeleaf.standard.processor.StandardRemovableAttributeTagProcessor
[THYMELEAF]             * [* {th:hreflang,data-th-hreflang}] [1000]: org.thymeleaf.standard.processor.StandardRemovableAttributeTagProcessor
[THYMELEAF]             * [* {th:marginheight,data-th-marginheight}] [1000]: org.thymeleaf.standard.processor.StandardRemovableAttributeTagProcessor
[THYMELEAF]             * [* {th:tabindex,data-th-tabindex}] [1000]: org.thymeleaf.standard.processor.StandardRemovableAttributeTagProcessor
[THYMELEAF]             * [* {th:contenteditable,data-th-contenteditable}] [1000]: org.thymeleaf.standard.processor.StandardRemovableAttributeTagProcessor
[THYMELEAF]             * [* {th:compact,data-th-compact}] [1000]: org.thymeleaf.standard.processor.StandardRemovableAttributeTagProcessor
[THYMELEAF]             * [* {th:list,data-th-list}] [1000]: org.thymeleaf.standard.processor.StandardRemovableAttributeTagProcessor
[THYMELEAF]             * [* {th:http-equiv,data-th-http-equiv}] [1000]: org.thymeleaf.standard.processor.StandardRemovableAttributeTagProcessor
[THYMELEAF]             * [* {th:scheme,data-th-scheme}] [1000]: org.thymeleaf.standard.processor.StandardRemovableAttributeTagProcessor
[THYMELEAF]             * [* {th:accept,data-th-accept}] [1000]: org.thymeleaf.standard.processor.StandardRemovableAttributeTagProcessor
[THYMELEAF]             * [* {th:frame,data-th-frame}] [1000]: org.thymeleaf.standard.processor.StandardRemovableAttributeTagProcessor
[THYMELEAF]             * [* {th:id,data-th-id}] [1000]: org.thymeleaf.standard.processor.StandardRemovableAttributeTagProcessor
[THYMELEAF]             * [* {th:accesskey,data-th-accesskey}] [1000]: org.thymeleaf.standard.processor.StandardRemovableAttributeTagProcessor
[THYMELEAF]             * [* {th:span,data-th-span}] [1000]: org.thymeleaf.standard.processor.StandardRemovableAttributeTagProcessor
[THYMELEAF]             * [* {th:headers,data-th-headers}] [1000]: org.thymeleaf.standard.processor.StandardRemovableAttributeTagProcessor
[THYMELEAF]             * [* {th:spellcheck,data-th-spellcheck}] [1000]: org.thymeleaf.standard.processor.StandardRemovableAttributeTagProcessor
[THYMELEAF]             * [* {th:colspan,data-th-colspan}] [1000]: org.thymeleaf.standard.processor.StandardRemovableAttributeTagProcessor
[THYMELEAF]             * [* {th:audio,data-th-audio}] [1000]: org.thymeleaf.standard.processor.StandardRemovableAttributeTagProcessor
[THYMELEAF]             * [* {th:for,data-th-for}] [1000]: org.thymeleaf.standard.processor.StandardRemovableAttributeTagProcessor
[THYMELEAF]             * [* {th:vspace,data-th-vspace}] [1000]: org.thymeleaf.standard.processor.StandardRemovableAttributeTagProcessor
[THYMELEAF]             * [* {th:rowspan,data-th-rowspan}] [1000]: org.thymeleaf.standard.processor.StandardRemovableAttributeTagProcessor
[THYMELEAF]             * [* {th:valuetype,data-th-valuetype}] [1000]: org.thymeleaf.standard.processor.StandardRemovableAttributeTagProcessor
[THYMELEAF]             * [* {th:width,data-th-width}] [1000]: org.thymeleaf.standard.processor.StandardRemovableAttributeTagProcessor
[THYMELEAF]             * [* {th:min,data-th-min}] [1000]: org.thymeleaf.standard.processor.StandardRemovableAttributeTagProcessor
[THYMELEAF]             * [* {th:size,data-th-size}] [1000]: org.thymeleaf.standard.processor.StandardRemovableAttributeTagProcessor
[THYMELEAF]             * [* {th:low,data-th-low}] [1000]: org.thymeleaf.standard.processor.StandardRemovableAttributeTagProcessor
[THYMELEAF]             * [* {th:icon,data-th-icon}] [1000]: org.thymeleaf.standard.processor.StandardRemovableAttributeTagProcessor
[THYMELEAF]             * [* {th:accept-charset,data-th-accept-charset}] [1000]: org.thymeleaf.standard.processor.StandardRemovableAttributeTagProcessor
[THYMELEAF]             * [* {th:cols,data-th-cols}] [1000]: org.thymeleaf.standard.processor.StandardRemovableAttributeTagProcessor
[THYMELEAF]             * [* {th:cellspacing,data-th-cellspacing}] [1000]: org.thymeleaf.standard.processor.StandardRemovableAttributeTagProcessor
[THYMELEAF]             * [* {th:alt,data-th-alt}] [1000]: org.thymeleaf.standard.processor.StandardRemovableAttributeTagProcessor
[THYMELEAF]             * [* {th:dir,data-th-dir}] [1000]: org.thymeleaf.standard.processor.StandardRemovableAttributeTagProcessor
[THYMELEAF]             * [* {th:classid,data-th-classid}] [1000]: org.thymeleaf.standard.processor.StandardRemovableAttributeTagProcessor
[THYMELEAF]             * [* {th:radiogroup,data-th-radiogroup}] [1000]: org.thymeleaf.standard.processor.StandardRemovableAttributeTagProcessor
[THYMELEAF]             * [* {th:draggable,data-th-draggable}] [1000]: org.thymeleaf.standard.processor.StandardRemovableAttributeTagProcessor
[THYMELEAF]             * [* {th:sandbox,data-th-sandbox}] [1000]: org.thymeleaf.standard.processor.StandardRemovableAttributeTagProcessor
[THYMELEAF]             * [* {th:cite,data-th-cite}] [1000]: org.thymeleaf.standard.processor.StandardRemovableAttributeTagProcessor
[THYMELEAF]             * [* {th:src,data-th-src}] [1000]: org.thymeleaf.standard.processor.StandardSrcTagProcessor
[THYMELEAF]             * [* {th:value,data-th-value}] [1000]: org.thymeleaf.standard.processor.StandardValueTagProcessor
[THYMELEAF]             * [* {th:xmlbase,data-th-xmlbase}] [1000]: org.thymeleaf.standard.processor.StandardXmlBaseTagProcessor
[THYMELEAF]             * [* {th:xmllang,data-th-xmllang}] [1000]: org.thymeleaf.standard.processor.StandardXmlLangTagProcessor
[THYMELEAF]             * [* {xmlns:th}] [1000]: org.thymeleaf.standard.processor.StandardXmlNsTagProcessor
[THYMELEAF]             * [* {th:xmlspace,data-th-xmlspace}] [1000]: org.thymeleaf.standard.processor.StandardXmlSpaceTagProcessor
[THYMELEAF]             * [* {th:classappend,data-th-classappend}] [1100]: org.thymeleaf.standard.processor.StandardClassappendTagProcessor
[THYMELEAF]             * [* {th:styleappend,data-th-styleappend}] [1100]: org.thymeleaf.standard.processor.StandardStyleappendTagProcessor
[THYMELEAF]             * [* {th:text,data-th-text}] [1300]: org.thymeleaf.standard.processor.StandardTextTagProcessor
[THYMELEAF]             * [* {th:utext,data-th-utext}] [1400]: org.thymeleaf.standard.processor.StandardUtextTagProcessor
[THYMELEAF]             * [* {th:fragment,data-th-fragment}] [1500]: org.thymeleaf.standard.processor.StandardFragmentTagProcessor
[THYMELEAF]             * [* {th:assert,data-th-assert}] [1550]: org.thymeleaf.standard.processor.StandardAssertTagProcessor
[THYMELEAF]             * [* {th:remove,data-th-remove}] [1600]: org.thymeleaf.standard.processor.StandardRemoveTagProcessor
[THYMELEAF]             * [* {th:ref,data-th-ref}] [10000]: org.thymeleaf.standard.processor.StandardRefAttributeTagProcessor
[THYMELEAF]             * [{th:block,th-block} *] [100000]: org.thymeleaf.standard.processor.StandardBlockTagProcessor
[THYMELEAF]             * [* th:*] [2147483647]: org.thymeleaf.standard.processor.StandardDefaultAttributesTagProcessor
[THYMELEAF]         * Text Processors by [precedence]:
[THYMELEAF]             * [1000]: org.thymeleaf.standard.processor.StandardInliningTextProcessor
[THYMELEAF]         * DOCTYPE Processors by [precedence]:
[THYMELEAF]             * [1000]: org.thymeleaf.standard.processor.StandardTranslationDocTypeProcessor
[THYMELEAF]         * CDATA Section Processors by [precedence]:
[THYMELEAF]             * [1000]: org.thymeleaf.standard.processor.StandardInliningCDATASectionProcessor
[THYMELEAF]         * Comment Processors by [precedence]:
[THYMELEAF]             * [1000]: org.thymeleaf.standard.processor.StandardInliningCommentProcessor
[THYMELEAF]             * [1100]: org.thymeleaf.standard.processor.StandardConditionalCommentProcessor
[THYMELEAF]     * Processors for Template Mode: XML
[THYMELEAF]         * Element Tag Processors by [matching element and attribute name] [precedence]:
[THYMELEAF]             * [* {th:include}] [100]: org.thymeleaf.standard.processor.StandardIncludeTagProcessor
[THYMELEAF]             * [* {th:insert}] [100]: org.thymeleaf.standard.processor.StandardInsertTagProcessor
[THYMELEAF]             * [* {th:replace}] [100]: org.thymeleaf.standard.processor.StandardReplaceTagProcessor
[THYMELEAF]             * [* {th:each}] [200]: com.intuit.karate.template.KarateEachTagProcessor
[THYMELEAF]             * [* {th:switch}] [250]: org.thymeleaf.standard.processor.StandardSwitchTagProcessor
[THYMELEAF]             * [* {th:case}] [275]: org.thymeleaf.standard.processor.StandardCaseTagProcessor
[THYMELEAF]             * [* {th:if}] [300]: org.thymeleaf.standard.processor.StandardIfTagProcessor
[THYMELEAF]             * [* {th:unless}] [400]: org.thymeleaf.standard.processor.StandardUnlessTagProcessor
[THYMELEAF]             * [* {th:object}] [500]: org.thymeleaf.standard.processor.StandardObjectTagProcessor
[THYMELEAF]             * [* {th:with}] [600]: com.intuit.karate.template.KarateWithTagProcessor
[THYMELEAF]             * [* {th:attr}] [700]: com.intuit.karate.template.KarateAttributeTagProcessor.KarateAttrTagProcessor
[THYMELEAF]             * [* {th:attrappend}] [900]: com.intuit.karate.template.KarateAttributeTagProcessor.KarateAttrappendTagProcessor
[THYMELEAF]             * [* {th:attrprepend}] [900]: com.intuit.karate.template.KarateAttributeTagProcessor.KarateAttrprependTagProcessor
[THYMELEAF]             * [* {th:inline}] [1000]: org.thymeleaf.standard.processor.StandardInlineXMLTagProcessor
[THYMELEAF]             * [* {xmlns:th}] [1000]: org.thymeleaf.standard.processor.StandardXmlNsTagProcessor
[THYMELEAF]             * [* {th:text}] [1300]: org.thymeleaf.standard.processor.StandardTextTagProcessor
[THYMELEAF]             * [* {th:utext}] [1400]: org.thymeleaf.standard.processor.StandardUtextTagProcessor
[THYMELEAF]             * [* {th:fragment}] [1500]: org.thymeleaf.standard.processor.StandardFragmentTagProcessor
[THYMELEAF]             * [* {th:assert}] [1550]: org.thymeleaf.standard.processor.StandardAssertTagProcessor
[THYMELEAF]             * [* {th:remove}] [1600]: org.thymeleaf.standard.processor.StandardRemoveTagProcessor
[THYMELEAF]             * [* {th:ref}] [10000]: org.thymeleaf.standard.processor.StandardRefAttributeTagProcessor
[THYMELEAF]             * [{th:block} *] [100000]: org.thymeleaf.standard.processor.StandardBlockTagProcessor
[THYMELEAF]             * [* th:*] [2147483647]: org.thymeleaf.standard.processor.StandardDefaultAttributesTagProcessor
[THYMELEAF]         * Text Processors by [precedence]:
[THYMELEAF]             * [1000]: org.thymeleaf.standard.processor.StandardInliningTextProcessor
[THYMELEAF]         * CDATA Section Processors by [precedence]:
[THYMELEAF]             * [1000]: org.thymeleaf.standard.processor.StandardInliningCDATASectionProcessor
[THYMELEAF]         * Comment Processors by [precedence]:
[THYMELEAF]             * [1000]: org.thymeleaf.standard.processor.StandardInliningCommentProcessor
[THYMELEAF]     * Processors for Template Mode: TEXT
[THYMELEAF]         * Element Tag Processors by [matching element and attribute name] [precedence]:
[THYMELEAF]             * [* {th:insert}] [100]: org.thymeleaf.standard.processor.StandardInsertTagProcessor
[THYMELEAF]             * [* {th:replace}] [100]: org.thymeleaf.standard.processor.StandardReplaceTagProcessor
[THYMELEAF]             * [* {th:each}] [200]: com.intuit.karate.template.KarateEachTagProcessor
[THYMELEAF]             * [* {th:switch}] [250]: org.thymeleaf.standard.processor.StandardSwitchTagProcessor
[THYMELEAF]             * [* {th:case}] [275]: org.thymeleaf.standard.processor.StandardCaseTagProcessor
[THYMELEAF]             * [* {th:if}] [300]: org.thymeleaf.standard.processor.StandardIfTagProcessor
[THYMELEAF]             * [* {th:unless}] [400]: org.thymeleaf.standard.processor.StandardUnlessTagProcessor
[THYMELEAF]             * [* {th:object}] [500]: org.thymeleaf.standard.processor.StandardObjectTagProcessor
[THYMELEAF]             * [* {th:with}] [600]: com.intuit.karate.template.KarateWithTagProcessor
[THYMELEAF]             * [* {th:inline}] [1000]: org.thymeleaf.standard.processor.StandardInlineTextualTagProcessor
[THYMELEAF]             * [* {th:text}] [1300]: org.thymeleaf.standard.processor.StandardTextTagProcessor
[THYMELEAF]             * [* {th:utext}] [1400]: org.thymeleaf.standard.processor.StandardUtextTagProcessor
[THYMELEAF]             * [* {th:assert}] [1550]: org.thymeleaf.standard.processor.StandardAssertTagProcessor
[THYMELEAF]             * [* {th:remove}] [1600]: org.thymeleaf.standard.processor.StandardRemoveTagProcessor
[THYMELEAF]             * [{th:block} *] [100000]: org.thymeleaf.standard.processor.StandardBlockTagProcessor
[THYMELEAF]             * [* 100000] [org.thymeleaf.standard.processor.StandardBlockTagProcessor]: {}
[THYMELEAF]         * Text Processors by [precedence]:
[THYMELEAF]             * [1000]: org.thymeleaf.standard.processor.StandardInliningTextProcessor
[THYMELEAF]     * Processors for Template Mode: JAVASCRIPT
[THYMELEAF]         * Element Tag Processors by [matching element and attribute name] [precedence]:
[THYMELEAF]             * [* {th:insert}] [100]: org.thymeleaf.standard.processor.StandardInsertTagProcessor
[THYMELEAF]             * [* {th:replace}] [100]: org.thymeleaf.standard.processor.StandardReplaceTagProcessor
[THYMELEAF]             * [* {th:each}] [200]: com.intuit.karate.template.KarateEachTagProcessor
[THYMELEAF]             * [* {th:switch}] [250]: org.thymeleaf.standard.processor.StandardSwitchTagProcessor
[THYMELEAF]             * [* {th:case}] [275]: org.thymeleaf.standard.processor.StandardCaseTagProcessor
[THYMELEAF]             * [* {th:if}] [300]: org.thymeleaf.standard.processor.StandardIfTagProcessor
[THYMELEAF]             * [* {th:unless}] [400]: org.thymeleaf.standard.processor.StandardUnlessTagProcessor
[THYMELEAF]             * [* {th:object}] [500]: org.thymeleaf.standard.processor.StandardObjectTagProcessor
[THYMELEAF]             * [* {th:with}] [600]: com.intuit.karate.template.KarateWithTagProcessor
[THYMELEAF]             * [* {th:inline}] [1000]: org.thymeleaf.standard.processor.StandardInlineTextualTagProcessor
[THYMELEAF]             * [* {th:text}] [1300]: org.thymeleaf.standard.processor.StandardTextTagProcessor
[THYMELEAF]             * [* {th:utext}] [1400]: org.thymeleaf.standard.processor.StandardUtextTagProcessor
[THYMELEAF]             * [* {th:assert}] [1550]: org.thymeleaf.standard.processor.StandardAssertTagProcessor
[THYMELEAF]             * [* {th:remove}] [1600]: org.thymeleaf.standard.processor.StandardRemoveTagProcessor
[THYMELEAF]             * [* 100000] [org.thymeleaf.standard.processor.StandardBlockTagProcessor]: {}
[THYMELEAF]             * [{th:block} *] [100000]: org.thymeleaf.standard.processor.StandardBlockTagProcessor
[THYMELEAF]         * Text Processors by [precedence]:
[THYMELEAF]             * [1000]: org.thymeleaf.standard.processor.StandardInliningTextProcessor
[THYMELEAF]     * Processors for Template Mode: CSS
[THYMELEAF]         * Element Tag Processors by [matching element and attribute name] [precedence]:
[THYMELEAF]             * [* {th:insert}] [100]: org.thymeleaf.standard.processor.StandardInsertTagProcessor
[THYMELEAF]             * [* {th:replace}] [100]: org.thymeleaf.standard.processor.StandardReplaceTagProcessor
[THYMELEAF]             * [* {th:each}] [200]: com.intuit.karate.template.KarateEachTagProcessor
[THYMELEAF]             * [* {th:switch}] [250]: org.thymeleaf.standard.processor.StandardSwitchTagProcessor
[THYMELEAF]             * [* {th:case}] [275]: org.thymeleaf.standard.processor.StandardCaseTagProcessor
[THYMELEAF]             * [* {th:if}] [300]: org.thymeleaf.standard.processor.StandardIfTagProcessor
[THYMELEAF]             * [* {th:unless}] [400]: org.thymeleaf.standard.processor.StandardUnlessTagProcessor
[THYMELEAF]             * [* {th:object}] [500]: org.thymeleaf.standard.processor.StandardObjectTagProcessor
[THYMELEAF]             * [* {th:with}] [600]: com.intuit.karate.template.KarateWithTagProcessor
[THYMELEAF]             * [* {th:inline}] [1000]: org.thymeleaf.standard.processor.StandardInlineTextualTagProcessor
[THYMELEAF]             * [* {th:text}] [1300]: org.thymeleaf.standard.processor.StandardTextTagProcessor
[THYMELEAF]             * [* {th:utext}] [1400]: org.thymeleaf.standard.processor.StandardUtextTagProcessor
[THYMELEAF]             * [* {th:assert}] [1550]: org.thymeleaf.standard.processor.StandardAssertTagProcessor
[THYMELEAF]             * [* {th:remove}] [1600]: org.thymeleaf.standard.processor.StandardRemoveTagProcessor
[THYMELEAF]             * [* 100000] [org.thymeleaf.standard.processor.StandardBlockTagProcessor]: {}
[THYMELEAF]             * [{th:block} *] [100000]: org.thymeleaf.standard.processor.StandardBlockTagProcessor
[THYMELEAF]         * Text Processors by [precedence]:
[THYMELEAF]             * [1000]: org.thymeleaf.standard.processor.StandardInliningTextProcessor
[THYMELEAF]     * Expression Objects:
[THYMELEAF]         * #ctx
[THYMELEAF]         * #root
[THYMELEAF]         * #vars
[THYMELEAF]         * #object
[THYMELEAF]         * #locale
[THYMELEAF]         * #conversions
[THYMELEAF]         * #uris
[THYMELEAF]         * #temporals
[THYMELEAF]         * #calendars
[THYMELEAF]         * #dates
[THYMELEAF]         * #bools
[THYMELEAF]         * #numbers
[THYMELEAF]         * #objects
[THYMELEAF]         * #strings
[THYMELEAF]         * #arrays
[THYMELEAF]         * #lists
[THYMELEAF]         * #sets
[THYMELEAF]         * #maps
[THYMELEAF]         * #aggregates
[THYMELEAF]         * #messages
[THYMELEAF]         * #ids
[THYMELEAF]         * #execInfo
[THYMELEAF]         * #request
[THYMELEAF]         * #response
[THYMELEAF]         * #session
[THYMELEAF]         * #servletContext
[THYMELEAF]     * Execution Attributes:
[THYMELEAF]         * "StandardExpressionParser": com.intuit.karate.template.KarateStandardDialect@67af833b
[THYMELEAF]         * "StandardJavaScriptSerializer": org.thymeleaf.standard.serializer.StandardJavaScriptSerializer@6df20ade
[THYMELEAF]         * "StandardCSSSerializer": org.thymeleaf.standard.serializer.StandardCSSSerializer@4fbb001b
[THYMELEAF]         * "StandardVariableExpressionEvaluator": com.intuit.karate.template.KarateStandardDialect@67af833b
[THYMELEAF]         * "StandardConversionService": org.thymeleaf.standard.expression.StandardConversionService@4010d494
[THYMELEAF] * Dialect [2 of 2]: karate (com.intuit.karate.template.KarateScriptDialect)
[THYMELEAF]     * Prefix: "ka"
[THYMELEAF]     * Processors for Template Mode: HTML
[THYMELEAF]         * Element Tag Processors by [matching element and attribute name] [precedence]:
[THYMELEAF]             * [* {src}] [1000]: com.intuit.karate.template.KaScriptAttrProcessor
[THYMELEAF]         * Element Model Processors by [matching element and attribute name] [precedence]:
[THYMELEAF]             * [{script} {ka:scope,data-ka-scope}] [1000]: com.intuit.karate.template.KaScriptElemProcessor
[THYMELEAF]             * [* {ka:set,data-ka-set}] [1000]: com.intuit.karate.template.KaSetElemProcessor
[THYMELEAF] TEMPLATE ENGINE CONFIGURED OK
16:40:46.742 [main] DEBUG org.thymeleaf.TemplateEngine -- [THYMELEAF] TEMPLATE ENGINE INITIALIZED
16:40:46.786 [main] DEBUG org.thymeleaf.TemplateEngine -- [THYMELEAF] INITIALIZING TEMPLATE ENGINE
16:40:46.795 [main] DEBUG org.thymeleaf.TemplateEngine.CONFIG -- Initializing Thymeleaf Template engine configuration...
[THYMELEAF] TEMPLATE ENGINE CONFIGURATION:
[THYMELEAF] * Thymeleaf version: 3.1.2.RELEASE (built 2023-07-30T19:25:50+0000)
[THYMELEAF] * Cache Manager implementation: org.thymeleaf.cache.StandardCacheManager
[THYMELEAF] * Template resolvers:
[THYMELEAF]     * [1] com.intuit.karate.template.ResourceHtmlTemplateResolver
[THYMELEAF] * Message resolvers:
[THYMELEAF]     * org.thymeleaf.messageresolver.StandardMessageResolver
[THYMELEAF] * Link builders:
[THYMELEAF]     * org.thymeleaf.linkbuilder.StandardLinkBuilder
[THYMELEAF] * Dialect [1 of 2]: Standard (com.intuit.karate.template.KarateStandardDialect)
[THYMELEAF]     * Prefix: "th"
[THYMELEAF]     * Processors for Template Mode: HTML
[THYMELEAF]         * Element Tag Processors by [matching element and attribute name] [precedence]:
[THYMELEAF]             * [* {th:include,data-th-include}] [100]: org.thymeleaf.standard.processor.StandardIncludeTagProcessor
[THYMELEAF]             * [* {th:insert,data-th-insert}] [100]: org.thymeleaf.standard.processor.StandardInsertTagProcessor
[THYMELEAF]             * [* {th:replace,data-th-replace}] [100]: org.thymeleaf.standard.processor.StandardReplaceTagProcessor
[THYMELEAF]             * [* {th:each,data-th-each}] [200]: com.intuit.karate.template.KarateEachTagProcessor
[THYMELEAF]             * [* {th:switch,data-th-switch}] [250]: org.thymeleaf.standard.processor.StandardSwitchTagProcessor
[THYMELEAF]             * [* {th:case,data-th-case}] [275]: org.thymeleaf.standard.processor.StandardCaseTagProcessor
[THYMELEAF]             * [* {th:if,data-th-if}] [300]: org.thymeleaf.standard.processor.StandardIfTagProcessor
[THYMELEAF]             * [* {th:unless,data-th-unless}] [400]: org.thymeleaf.standard.processor.StandardUnlessTagProcessor
[THYMELEAF]             * [* {th:object,data-th-object}] [500]: org.thymeleaf.standard.processor.StandardObjectTagProcessor
[THYMELEAF]             * [* {th:with,data-th-with}] [600]: com.intuit.karate.template.KarateWithTagProcessor
[THYMELEAF]             * [* {th:attr,data-th-attr}] [700]: com.intuit.karate.template.KarateAttributeTagProcessor.KarateAttrTagProcessor
[THYMELEAF]             * [* {th:attrappend,data-th-attrappend}] [900]: com.intuit.karate.template.KarateAttributeTagProcessor.KarateAttrappendTagProcessor
[THYMELEAF]             * [* {th:attrprepend,data-th-attrprepend}] [900]: com.intuit.karate.template.KarateAttributeTagProcessor.KarateAttrprependTagProcessor
[THYMELEAF]             * [* {th:alt-title,data-th-alt-title}] [990]: org.thymeleaf.standard.processor.StandardAltTitleTagProcessor
[THYMELEAF]             * [* {th:lang-xmllang,data-th-lang-xmllang}] [990]: org.thymeleaf.standard.processor.StandardLangXmlLangTagProcessor
[THYMELEAF]             * [* {th:action,data-th-action}] [1000]: org.thymeleaf.standard.processor.StandardActionTagProcessor
[THYMELEAF]             * [* {th:selected,data-th-selected}] [1000]: org.thymeleaf.standard.processor.StandardConditionalFixedValueTagProcessor
[THYMELEAF]             * [* {th:default,data-th-default}] [1000]: org.thymeleaf.standard.processor.StandardConditionalFixedValueTagProcessor
[THYMELEAF]             * [* {th:seamless,data-th-seamless}] [1000]: org.thymeleaf.standard.processor.StandardConditionalFixedValueTagProcessor
[THYMELEAF]             * [* {th:open,data-th-open}] [1000]: org.thymeleaf.standard.processor.StandardConditionalFixedValueTagProcessor
[THYMELEAF]             * [* {th:autofocus,data-th-autofocus}] [1000]: org.thymeleaf.standard.processor.StandardConditionalFixedValueTagProcessor
[THYMELEAF]             * [* {th:reversed,data-th-reversed}] [1000]: org.thymeleaf.standard.processor.StandardConditionalFixedValueTagProcessor
[THYMELEAF]             * [* {th:defer,data-th-defer}] [1000]: org.thymeleaf.standard.processor.StandardConditionalFixedValueTagProcessor
[THYMELEAF]             * [* {th:required,data-th-required}] [1000]: org.thymeleaf.standard.processor.StandardConditionalFixedValueTagProcessor
[THYMELEAF]             * [* {th:nowrap,data-th-nowrap}] [1000]: org.thymeleaf.standard.processor.StandardConditionalFixedValueTagProcessor
[THYMELEAF]             * [* {th:controls,data-th-controls}] [1000]: org.thymeleaf.standard.processor.StandardConditionalFixedValueTagProcessor
[THYMELEAF]             * [* {th:checked,data-th-checked}] [1000]: org.thymeleaf.standard.processor.StandardConditionalFixedValueTagProcessor
[THYMELEAF]             * [* {th:hidden,data-th-hidden}] [1000]: org.thymeleaf.standard.processor.StandardConditionalFixedValueTagProcessor
[THYMELEAF]             * [* {th:multiple,data-th-multiple}] [1000]: org.thymeleaf.standard.processor.StandardConditionalFixedValueTagProcessor
[THYMELEAF]             * [* {th:autoplay,data-th-autoplay}] [1000]: org.thymeleaf.standard.processor.StandardConditionalFixedValueTagProcessor
[THYMELEAF]             * [* {th:novalidate,data-th-novalidate}] [1000]: org.thymeleaf.standard.processor.StandardConditionalFixedValueTagProcessor
[THYMELEAF]             * [* {th:formnovalidate,data-th-formnovalidate}] [1000]: org.thymeleaf.standard.processor.StandardConditionalFixedValueTagProcessor
[THYMELEAF]             * [* {th:pubdate,data-th-pubdate}] [1000]: org.thymeleaf.standard.processor.StandardConditionalFixedValueTagProcessor
[THYMELEAF]             * [* {th:declare,data-th-declare}] [1000]: org.thymeleaf.standard.processor.StandardConditionalFixedValueTagProcessor
[THYMELEAF]             * [* {th:loop,data-th-loop}] [1000]: org.thymeleaf.standard.processor.StandardConditionalFixedValueTagProcessor
[THYMELEAF]             * [* {th:readonly,data-th-readonly}] [1000]: org.thymeleaf.standard.processor.StandardConditionalFixedValueTagProcessor
[THYMELEAF]             * [* {th:ismap,data-th-ismap}] [1000]: org.thymeleaf.standard.processor.StandardConditionalFixedValueTagProcessor
[THYMELEAF]             * [* {th:async,data-th-async}] [1000]: org.thymeleaf.standard.processor.StandardConditionalFixedValueTagProcessor
[THYMELEAF]             * [* {th:disabled,data-th-disabled}] [1000]: org.thymeleaf.standard.processor.StandardConditionalFixedValueTagProcessor
[THYMELEAF]             * [* {th:scoped,data-th-scoped}] [1000]: org.thymeleaf.standard.processor.StandardConditionalFixedValueTagProcessor
[THYMELEAF]             * [* {th:onbeforeunload,data-th-onbeforeunload}] [1000]: org.thymeleaf.standard.processor.StandardDOMEventAttributeTagProcessor
[THYMELEAF]             * [* {th:onshow,data-th-onshow}] [1000]: org.thymeleaf.standard.processor.StandardDOMEventAttributeTagProcessor
[THYMELEAF]             * [* {th:ondragenter,data-th-ondragenter}] [1000]: org.thymeleaf.standard.processor.StandardDOMEventAttributeTagProcessor
[THYMELEAF]             * [* {th:onmouseover,data-th-onmouseover}] [1000]: org.thymeleaf.standard.processor.StandardDOMEventAttributeTagProcessor
[THYMELEAF]             * [* {th:onmousedown,data-th-onmousedown}] [1000]: org.thymeleaf.standard.processor.StandardDOMEventAttributeTagProcessor
[THYMELEAF]             * [* {th:onundo,data-th-onundo}] [1000]: org.thymeleaf.standard.processor.StandardDOMEventAttributeTagProcessor
[THYMELEAF]             * [* {th:onblur,data-th-onblur}] [1000]: org.thymeleaf.standard.processor.StandardDOMEventAttributeTagProcessor
[THYMELEAF]             * [* {th:onkeyup,data-th-onkeyup}] [1000]: org.thymeleaf.standard.processor.StandardDOMEventAttributeTagProcessor
[THYMELEAF]             * [* {th:onunload,data-th-onunload}] [1000]: org.thymeleaf.standard.processor.StandardDOMEventAttributeTagProcessor
[THYMELEAF]             * [* {th:onloadeddata,data-th-onloadeddata}] [1000]: org.thymeleaf.standard.processor.StandardDOMEventAttributeTagProcessor
[THYMELEAF]             * [* {th:onscroll,data-th-onscroll}] [1000]: org.thymeleaf.standard.processor.StandardDOMEventAttributeTagProcessor
[THYMELEAF]             * [* {th:onforminput,data-th-onforminput}] [1000]: org.thymeleaf.standard.processor.StandardDOMEventAttributeTagProcessor
[THYMELEAF]             * [* {th:ondurationchange,data-th-ondurationchange}] [1000]: org.thymeleaf.standard.processor.StandardDOMEventAttributeTagProcessor
[THYMELEAF]             * [* {th:onprogress,data-th-onprogress}] [1000]: org.thymeleaf.standard.processor.StandardDOMEventAttributeTagProcessor
[THYMELEAF]             * [* {th:ondblclick,data-th-ondblclick}] [1000]: org.thymeleaf.standard.processor.StandardDOMEventAttributeTagProcessor
[THYMELEAF]             * [* {th:onwaiting,data-th-onwaiting}] [1000]: org.thymeleaf.standard.processor.StandardDOMEventAttributeTagProcessor
[THYMELEAF]             * [* {th:onstalled,data-th-onstalled}] [1000]: org.thymeleaf.standard.processor.StandardDOMEventAttributeTagProcessor
[THYMELEAF]             * [* {th:onoffline,data-th-onoffline}] [1000]: org.thymeleaf.standard.processor.StandardDOMEventAttributeTagProcessor
[THYMELEAF]             * [* {th:onmousewheel,data-th-onmousewheel}] [1000]: org.thymeleaf.standard.processor.StandardDOMEventAttributeTagProcessor
[THYMELEAF]             * [* {th:onselect,data-th-onselect}] [1000]: org.thymeleaf.standard.processor.StandardDOMEventAttributeTagProcessor
[THYMELEAF]             * [* {th:onredo,data-th-onredo}] [1000]: org.thymeleaf.standard.processor.StandardDOMEventAttributeTagProcessor
[THYMELEAF]             * [* {th:ondrag,data-th-ondrag}] [1000]: org.thymeleaf.standard.processor.StandardDOMEventAttributeTagProcessor
[THYMELEAF]             * [* {th:onmessage,data-th-onmessage}] [1000]: org.thymeleaf.standard.processor.StandardDOMEventAttributeTagProcessor
[THYMELEAF]             * [* {th:onreadystatechange,data-th-onreadystatechange}] [1000]: org.thymeleaf.standard.processor.StandardDOMEventAttributeTagProcessor
[THYMELEAF]             * [* {th:onformchange,data-th-onformchange}] [1000]: org.thymeleaf.standard.processor.StandardDOMEventAttributeTagProcessor
[THYMELEAF]             * [* {th:ondrop,data-th-ondrop}] [1000]: org.thymeleaf.standard.processor.StandardDOMEventAttributeTagProcessor
[THYMELEAF]             * [* {th:onresize,data-th-onresize}] [1000]: org.thymeleaf.standard.processor.StandardDOMEventAttributeTagProcessor
[THYMELEAF]             * [* {th:onclick,data-th-onclick}] [1000]: org.thymeleaf.standard.processor.StandardDOMEventAttributeTagProcessor
[THYMELEAF]             * [* {th:onstorage,data-th-onstorage}] [1000]: org.thymeleaf.standard.processor.StandardDOMEventAttributeTagProcessor
[THYMELEAF]             * [* {th:onloadstart,data-th-onloadstart}] [1000]: org.thymeleaf.standard.processor.StandardDOMEventAttributeTagProcessor
[THYMELEAF]             * [* {th:onplay,data-th-onplay}] [1000]: org.thymeleaf.standard.processor.StandardDOMEventAttributeTagProcessor
[THYMELEAF]             * [* {th:onerror,data-th-onerror}] [1000]: org.thymeleaf.standard.processor.StandardDOMEventAttributeTagProcessor
[THYMELEAF]             * [* {th:oninput,data-th-oninput}] [1000]: org.thymeleaf.standard.processor.StandardDOMEventAttributeTagProcessor
[THYMELEAF]             * [* {th:onemptied,data-th-onemptied}] [1000]: org.thymeleaf.standard.processor.StandardDOMEventAttributeTagProcessor
[THYMELEAF]             * [* {th:onkeydown,data-th-onkeydown}] [1000]: org.thymeleaf.standard.processor.StandardDOMEventAttributeTagProcessor
[THYMELEAF]             * [* {th:onload,data-th-onload}] [1000]: org.thymeleaf.standard.processor.StandardDOMEventAttributeTagProcessor
[THYMELEAF]             * [* {th:oncanplay,data-th-oncanplay}] [1000]: org.thymeleaf.standard.processor.StandardDOMEventAttributeTagProcessor
[THYMELEAF]             * [* {th:onseeking,data-th-onseeking}] [1000]: org.thymeleaf.standard.processor.StandardDOMEventAttributeTagProcessor
[THYMELEAF]             * [* {th:ondragleave,data-th-ondragleave}] [1000]: org.thymeleaf.standard.processor.StandardDOMEventAttributeTagProcessor
[THYMELEAF]             * [* {th:oncanplaythrough,data-th-oncanplaythrough}] [1000]: org.thymeleaf.standard.processor.StandardDOMEventAttributeTagProcessor
[THYMELEAF]             * [* {th:onplaying,data-th-onplaying}] [1000]: org.thymeleaf.standard.processor.StandardDOMEventAttributeTagProcessor
[THYMELEAF]             * [* {th:ontimeupdate,data-th-ontimeupdate}] [1000]: org.thymeleaf.standard.processor.StandardDOMEventAttributeTagProcessor
[THYMELEAF]             * [* {th:onpause,data-th-onpause}] [1000]: org.thymeleaf.standard.processor.StandardDOMEventAttributeTagProcessor
[THYMELEAF]             * [* {th:onsuspend,data-th-onsuspend}] [1000]: org.thymeleaf.standard.processor.StandardDOMEventAttributeTagProcessor
[THYMELEAF]             * [* {th:onpopstate,data-th-onpopstate}] [1000]: org.thymeleaf.standard.processor.StandardDOMEventAttributeTagProcessor
[THYMELEAF]             * [* {th:onbeforeprint,data-th-onbeforeprint}] [1000]: org.thymeleaf.standard.processor.StandardDOMEventAttributeTagProcessor
[THYMELEAF]             * [* {th:onended,data-th-onended}] [1000]: org.thymeleaf.standard.processor.StandardDOMEventAttributeTagProcessor
[THYMELEAF]             * [* {th:oninvalid,data-th-oninvalid}] [1000]: org.thymeleaf.standard.processor.StandardDOMEventAttributeTagProcessor
[THYMELEAF]             * [* {th:onkeypress,data-th-onkeypress}] [1000]: org.thymeleaf.standard.processor.StandardDOMEventAttributeTagProcessor
[THYMELEAF]             * [* {th:ondragover,data-th-ondragover}] [1000]: org.thymeleaf.standard.processor.StandardDOMEventAttributeTagProcessor
[THYMELEAF]             * [* {th:onabort,data-th-onabort}] [1000]: org.thymeleaf.standard.processor.StandardDOMEventAttributeTagProcessor
[THYMELEAF]             * [* {th:ononline,data-th-ononline}] [1000]: org.thymeleaf.standard.processor.StandardDOMEventAttributeTagProcessor
[THYMELEAF]             * [* {th:onmouseup,data-th-onmouseup}] [1000]: org.thymeleaf.standard.processor.StandardDOMEventAttributeTagProcessor
[THYMELEAF]             * [* {th:onloadedmetadata,data-th-onloadedmetadata}] [1000]: org.thymeleaf.standard.processor.StandardDOMEventAttributeTagProcessor
[THYMELEAF]             * [* {th:onseeked,data-th-onseeked}] [1000]: org.thymeleaf.standard.processor.StandardDOMEventAttributeTagProcessor
[THYMELEAF]             * [* {th:oncontextmenu,data-th-oncontextmenu}] [1000]: org.thymeleaf.standard.processor.StandardDOMEventAttributeTagProcessor
[THYMELEAF]             * [* {th:onmousemove,data-th-onmousemove}] [1000]: org.thymeleaf.standard.processor.StandardDOMEventAttributeTagProcessor
[THYMELEAF]             * [* {th:onafterprint,data-th-onafterprint}] [1000]: org.thymeleaf.standard.processor.StandardDOMEventAttributeTagProcessor
[THYMELEAF]             * [* {th:onfocus,data-th-onfocus}] [1000]: org.thymeleaf.standard.processor.StandardDOMEventAttributeTagProcessor
[THYMELEAF]             * [* {th:onmouseout,data-th-onmouseout}] [1000]: org.thymeleaf.standard.processor.StandardDOMEventAttributeTagProcessor
[THYMELEAF]             * [* {th:onratechange,data-th-onratechange}] [1000]: org.thymeleaf.standard.processor.StandardDOMEventAttributeTagProcessor
[THYMELEAF]             * [* {th:onsubmit,data-th-onsubmit}] [1000]: org.thymeleaf.standard.processor.StandardDOMEventAttributeTagProcessor
[THYMELEAF]             * [* {th:ondragend,data-th-ondragend}] [1000]: org.thymeleaf.standard.processor.StandardDOMEventAttributeTagProcessor
[THYMELEAF]             * [* {th:onchange,data-th-onchange}] [1000]: org.thymeleaf.standard.processor.StandardDOMEventAttributeTagProcessor
[THYMELEAF]             * [* {th:onhashchange,data-th-onhashchange}] [1000]: org.thymeleaf.standard.processor.StandardDOMEventAttributeTagProcessor
[THYMELEAF]             * [* {th:onvolumechange,data-th-onvolumechange}] [1000]: org.thymeleaf.standard.processor.StandardDOMEventAttributeTagProcessor
[THYMELEAF]             * [* {th:onreset,data-th-onreset}] [1000]: org.thymeleaf.standard.processor.StandardDOMEventAttributeTagProcessor
[THYMELEAF]             * [* {th:ondragstart,data-th-ondragstart}] [1000]: org.thymeleaf.standard.processor.StandardDOMEventAttributeTagProcessor
[THYMELEAF]             * [* {th:href,data-th-href}] [1000]: org.thymeleaf.standard.processor.StandardHrefTagProcessor
[THYMELEAF]             * [* {th:inline,data-th-inline}] [1000]: org.thymeleaf.standard.processor.StandardInlineHTMLTagProcessor
[THYMELEAF]             * [* {th:method,data-th-method}] [1000]: org.thymeleaf.standard.processor.StandardMethodTagProcessor
[THYMELEAF]             * [* {th:name,data-th-name}] [1000]: org.thymeleaf.standard.processor.StandardNonRemovableAttributeTagProcessor
[THYMELEAF]             * [* {th:type,data-th-type}] [1000]: org.thymeleaf.standard.processor.StandardNonRemovableAttributeTagProcessor
[THYMELEAF]             * [* {th:media,data-th-media}] [1000]: org.thymeleaf.standard.processor.StandardRemovableAttributeTagProcessor
[THYMELEAF]             * [* {th:pattern,data-th-pattern}] [1000]: org.thymeleaf.standard.processor.StandardRemovableAttributeTagProcessor
[THYMELEAF]             * [* {th:autocomplete,data-th-autocomplete}] [1000]: org.thymeleaf.standard.processor.StandardRemovableAttributeTagProcessor
[THYMELEAF]             * [* {th:span,data-th-span}] [1000]: org.thymeleaf.standard.processor.StandardRemovableAttributeTagProcessor
[THYMELEAF]             * [* {th:scope,data-th-scope}] [1000]: org.thymeleaf.standard.processor.StandardRemovableAttributeTagProcessor
[THYMELEAF]             * [* {th:vspace,data-th-vspace}] [1000]: org.thymeleaf.standard.processor.StandardRemovableAttributeTagProcessor
[THYMELEAF]             * [* {th:marginheight,data-th-marginheight}] [1000]: org.thymeleaf.standard.processor.StandardRemovableAttributeTagProcessor
[THYMELEAF]             * [* {th:longdesc,data-th-longdesc}] [1000]: org.thymeleaf.standard.processor.StandardRemovableAttributeTagProcessor
[THYMELEAF]             * [* {th:bgcolor,data-th-bgcolor}] [1000]: org.thymeleaf.standard.processor.StandardRemovableAttributeTagProcessor
[THYMELEAF]             * [* {th:frame,data-th-frame}] [1000]: org.thymeleaf.standard.processor.StandardRemovableAttributeTagProcessor
[THYMELEAF]             * [* {th:tabindex,data-th-tabindex}] [1000]: org.thymeleaf.standard.processor.StandardRemovableAttributeTagProcessor
[THYMELEAF]             * [* {th:axis,data-th-axis}] [1000]: org.thymeleaf.standard.processor.StandardRemovableAttributeTagProcessor
[THYMELEAF]             * [* {th:compact,data-th-compact}] [1000]: org.thymeleaf.standard.processor.StandardRemovableAttributeTagProcessor
[THYMELEAF]             * [* {th:maxlength,data-th-maxlength}] [1000]: org.thymeleaf.standard.processor.StandardRemovableAttributeTagProcessor
[THYMELEAF]             * [* {th:rows,data-th-rows}] [1000]: org.thymeleaf.standard.processor.StandardRemovableAttributeTagProcessor
[THYMELEAF]             * [* {th:accept-charset,data-th-accept-charset}] [1000]: org.thymeleaf.standard.processor.StandardRemovableAttributeTagProcessor
[THYMELEAF]             * [* {th:codebase,data-th-codebase}] [1000]: org.thymeleaf.standard.processor.StandardRemovableAttributeTagProcessor
[THYMELEAF]             * [* {th:frameborder,data-th-frameborder}] [1000]: org.thymeleaf.standard.processor.StandardRemovableAttributeTagProcessor
[THYMELEAF]             * [* {th:summary,data-th-summary}] [1000]: org.thymeleaf.standard.processor.StandardRemovableAttributeTagProcessor
[THYMELEAF]             * [* {th:formtarget,data-th-formtarget}] [1000]: org.thymeleaf.standard.processor.StandardRemovableAttributeTagProcessor
[THYMELEAF]             * [* {th:accept,data-th-accept}] [1000]: org.thymeleaf.standard.processor.StandardRemovableAttributeTagProcessor
[THYMELEAF]             * [* {th:http-equiv,data-th-http-equiv}] [1000]: org.thymeleaf.standard.processor.StandardRemovableAttributeTagProcessor
[THYMELEAF]             * [* {th:sandbox,data-th-sandbox}] [1000]: org.thymeleaf.standard.processor.StandardRemovableAttributeTagProcessor
[THYMELEAF]             * [* {th:datetime,data-th-datetime}] [1000]: org.thymeleaf.standard.processor.StandardRemovableAttributeTagProcessor
[THYMELEAF]             * [* {th:alt,data-th-alt}] [1000]: org.thymeleaf.standard.processor.StandardRemovableAttributeTagProcessor
[THYMELEAF]             * [* {th:cellspacing,data-th-cellspacing}] [1000]: org.thymeleaf.standard.processor.StandardRemovableAttributeTagProcessor
[THYMELEAF]             * [* {th:contextmenu,data-th-contextmenu}] [1000]: org.thymeleaf.standard.processor.StandardRemovableAttributeTagProcessor
[THYMELEAF]             * [* {th:dropzone,data-th-dropzone}] [1000]: org.thymeleaf.standard.processor.StandardRemovableAttributeTagProcessor
[THYMELEAF]             * [* {th:content,data-th-content}] [1000]: org.thymeleaf.standard.processor.StandardRemovableAttributeTagProcessor
[THYMELEAF]             * [* {th:cellpadding,data-th-cellpadding}] [1000]: org.thymeleaf.standard.processor.StandardRemovableAttributeTagProcessor
[THYMELEAF]             * [* {th:low,data-th-low}] [1000]: org.thymeleaf.standard.processor.StandardRemovableAttributeTagProcessor
[THYMELEAF]             * [* {th:optimum,data-th-optimum}] [1000]: org.thymeleaf.standard.processor.StandardRemovableAttributeTagProcessor
[THYMELEAF]             * [* {th:enctype,data-th-enctype}] [1000]: org.thymeleaf.standard.processor.StandardRemovableAttributeTagProcessor
[THYMELEAF]             * [* {th:challenge,data-th-challenge}] [1000]: org.thymeleaf.standard.processor.StandardRemovableAttributeTagProcessor
[THYMELEAF]             * [* {th:abbr,data-th-abbr}] [1000]: org.thymeleaf.standard.processor.StandardRemovableAttributeTagProcessor
[THYMELEAF]             * [* {th:accesskey,data-th-accesskey}] [1000]: org.thymeleaf.standard.processor.StandardRemovableAttributeTagProcessor
[THYMELEAF]             * [* {th:valuetype,data-th-valuetype}] [1000]: org.thymeleaf.standard.processor.StandardRemovableAttributeTagProcessor
[THYMELEAF]             * [* {th:dir,data-th-dir}] [1000]: org.thymeleaf.standard.processor.StandardRemovableAttributeTagProcessor
[THYMELEAF]             * [* {th:draggable,data-th-draggable}] [1000]: org.thymeleaf.standard.processor.StandardRemovableAttributeTagProcessor
[THYMELEAF]             * [* {th:usemap,data-th-usemap}] [1000]: org.thymeleaf.standard.processor.StandardRemovableAttributeTagProcessor
[THYMELEAF]             * [* {th:class,data-th-class}] [1000]: org.thymeleaf.standard.processor.StandardRemovableAttributeTagProcessor
[THYMELEAF]             * [* {th:marginwidth,data-th-marginwidth}] [1000]: org.thymeleaf.standard.processor.StandardRemovableAttributeTagProcessor
[THYMELEAF]             * [* {th:start,data-th-start}] [1000]: org.thymeleaf.standard.processor.StandardRemovableAttributeTagProcessor
[THYMELEAF]             * [* {th:hspace,data-th-hspace}] [1000]: org.thymeleaf.standard.processor.StandardRemovableAttributeTagProcessor
[THYMELEAF]             * [* {th:list,data-th-list}] [1000]: org.thymeleaf.standard.processor.StandardRemovableAttributeTagProcessor
[THYMELEAF]             * [* {th:form,data-th-form}] [1000]: org.thymeleaf.standard.processor.StandardRemovableAttributeTagProcessor
[THYMELEAF]             * [* {th:step,data-th-step}] [1000]: org.thymeleaf.standard.processor.StandardRemovableAttributeTagProcessor
[THYMELEAF]             * [* {th:title,data-th-title}] [1000]: org.thymeleaf.standard.processor.StandardRemovableAttributeTagProcessor
[THYMELEAF]             * [* {th:preload,data-th-preload}] [1000]: org.thymeleaf.standard.processor.StandardRemovableAttributeTagProcessor
[THYMELEAF]             * [* {th:background,data-th-background}] [1000]: org.thymeleaf.standard.processor.StandardRemovableAttributeTagProcessor
[THYMELEAF]             * [* {th:cite,data-th-cite}] [1000]: org.thymeleaf.standard.processor.StandardRemovableAttributeTagProcessor
[THYMELEAF]             * [* {th:formaction,data-th-formaction}] [1000]: org.thymeleaf.standard.processor.StandardRemovableAttributeTagProcessor
[THYMELEAF]             * [* {th:poster,data-th-poster}] [1000]: org.thymeleaf.standard.processor.StandardRemovableAttributeTagProcessor
[THYMELEAF]             * [* {th:for,data-th-for}] [1000]: org.thymeleaf.standard.processor.StandardRemovableAttributeTagProcessor
[THYMELEAF]             * [* {th:hreflang,data-th-hreflang}] [1000]: org.thymeleaf.standard.processor.StandardRemovableAttributeTagProcessor
[THYMELEAF]             * [* {th:sizes,data-th-sizes}] [1000]: org.thymeleaf.standard.processor.StandardRemovableAttributeTagProcessor
[THYMELEAF]             * [* {th:codetype,data-th-codetype}] [1000]: org.thymeleaf.standard.processor.StandardRemovableAttributeTagProcessor
[THYMELEAF]             * [* {th:rules,data-th-rules}] [1000]: org.thymeleaf.standard.processor.StandardRemovableAttributeTagProcessor
[THYMELEAF]             * [* {th:kind,data-th-kind}] [1000]: org.thymeleaf.standard.processor.StandardRemovableAttributeTagProcessor
[THYMELEAF]             * [* {th:max,data-th-max}] [1000]: org.thymeleaf.standard.processor.StandardRemovableAttributeTagProcessor
[THYMELEAF]             * [* {th:height,data-th-height}] [1000]: org.thymeleaf.standard.processor.StandardRemovableAttributeTagProcessor
[THYMELEAF]             * [* {th:srclang,data-th-srclang}] [1000]: org.thymeleaf.standard.processor.StandardRemovableAttributeTagProcessor
[THYMELEAF]             * [* {th:high,data-th-high}] [1000]: org.thymeleaf.standard.processor.StandardRemovableAttributeTagProcessor
[THYMELEAF]             * [* {th:icon,data-th-icon}] [1000]: org.thymeleaf.standard.processor.StandardRemovableAttributeTagProcessor
[THYMELEAF]             * [* {th:keytype,data-th-keytype}] [1000]: org.thymeleaf.standard.processor.StandardRemovableAttributeTagProcessor
[THYMELEAF]             * [* {th:placeholder,data-th-placeholder}] [1000]: org.thymeleaf.standard.processor.StandardRemovableAttributeTagProcessor
[THYMELEAF]             * [* {th:rev,data-th-rev}] [1000]: org.thymeleaf.standard.processor.StandardRemovableAttributeTagProcessor
[THYMELEAF]             * [* {th:headers,data-th-headers}] [1000]: org.thymeleaf.standard.processor.StandardRemovableAttributeTagProcessor
[THYMELEAF]             * [* {th:radiogroup,data-th-radiogroup}] [1000]: org.thymeleaf.standard.processor.StandardRemovableAttributeTagProcessor
[THYMELEAF]             * [* {th:charset,data-th-charset}] [1000]: org.thymeleaf.standard.processor.StandardRemovableAttributeTagProcessor
[THYMELEAF]             * [* {th:align,data-th-align}] [1000]: org.thymeleaf.standard.processor.StandardRemovableAttributeTagProcessor
[THYMELEAF]             * [* {th:lang,data-th-lang}] [1000]: org.thymeleaf.standard.processor.StandardRemovableAttributeTagProcessor
[THYMELEAF]             * [* {th:data,data-th-data}] [1000]: org.thymeleaf.standard.processor.StandardRemovableAttributeTagProcessor
[THYMELEAF]             * [* {th:formmethod,data-th-formmethod}] [1000]: org.thymeleaf.standard.processor.StandardRemovableAttributeTagProcessor
[THYMELEAF]             * [* {th:archive,data-th-archive}] [1000]: org.thymeleaf.standard.processor.StandardRemovableAttributeTagProcessor
[THYMELEAF]             * [* {th:size,data-th-size}] [1000]: org.thymeleaf.standard.processor.StandardRemovableAttributeTagProcessor
[THYMELEAF]             * [* {th:classid,data-th-classid}] [1000]: org.thymeleaf.standard.processor.StandardRemovableAttributeTagProcessor
[THYMELEAF]             * [* {th:manifest,data-th-manifest}] [1000]: org.thymeleaf.standard.processor.StandardRemovableAttributeTagProcessor
[THYMELEAF]             * [* {th:formenctype,data-th-formenctype}] [1000]: org.thymeleaf.standard.processor.StandardRemovableAttributeTagProcessor
[THYMELEAF]             * [* {th:target,data-th-target}] [1000]: org.thymeleaf.standard.processor.StandardRemovableAttributeTagProcessor
[THYMELEAF]             * [* {th:wrap,data-th-wrap}] [1000]: org.thymeleaf.standard.processor.StandardRemovableAttributeTagProcessor
[THYMELEAF]             * [* {th:style,data-th-style}] [1000]: org.thymeleaf.standard.processor.StandardRemovableAttributeTagProcessor
[THYMELEAF]             * [* {th:contenteditable,data-th-contenteditable}] [1000]: org.thymeleaf.standard.processor.StandardRemovableAttributeTagProcessor
[THYMELEAF]             * [* {th:label,data-th-label}] [1000]: org.thymeleaf.standard.processor.StandardRemovableAttributeTagProcessor
[THYMELEAF]             * [* {th:scrolling,data-th-scrolling}] [1000]: org.thymeleaf.standard.processor.StandardRemovableAttributeTagProcessor
[THYMELEAF]             * [* {th:audio,data-th-audio}] [1000]: org.thymeleaf.standard.processor.StandardRemovableAttributeTagProcessor
[THYMELEAF]             * [* {th:border,data-th-border}] [1000]: org.thymeleaf.standard.processor.StandardRemovableAttributeTagProcessor
[THYMELEAF]             * [* {th:rel,data-th-rel}] [1000]: org.thymeleaf.standard.processor.StandardRemovableAttributeTagProcessor
[THYMELEAF]             * [* {th:id,data-th-id}] [1000]: org.thymeleaf.standard.processor.StandardRemovableAttributeTagProcessor
[THYMELEAF]             * [* {th:rowspan,data-th-rowspan}] [1000]: org.thymeleaf.standard.processor.StandardRemovableAttributeTagProcessor
[THYMELEAF]             * [* {th:spellcheck,data-th-spellcheck}] [1000]: org.thymeleaf.standard.processor.StandardRemovableAttributeTagProcessor
[THYMELEAF]             * [* {th:min,data-th-min}] [1000]: org.thymeleaf.standard.processor.StandardRemovableAttributeTagProcessor
[THYMELEAF]             * [* {th:standby,data-th-standby}] [1000]: org.thymeleaf.standard.processor.StandardRemovableAttributeTagProcessor
[THYMELEAF]             * [* {th:colspan,data-th-colspan}] [1000]: org.thymeleaf.standard.processor.StandardRemovableAttributeTagProcessor
[THYMELEAF]             * [* {th:width,data-th-width}] [1000]: org.thymeleaf.standard.processor.StandardRemovableAttributeTagProcessor
[THYMELEAF]             * [* {th:cols,data-th-cols}] [1000]: org.thymeleaf.standard.processor.StandardRemovableAttributeTagProcessor
[THYMELEAF]             * [* {th:scheme,data-th-scheme}] [1000]: org.thymeleaf.standard.processor.StandardRemovableAttributeTagProcessor
[THYMELEAF]             * [* {th:src,data-th-src}] [1000]: org.thymeleaf.standard.processor.StandardSrcTagProcessor
[THYMELEAF]             * [* {th:value,data-th-value}] [1000]: org.thymeleaf.standard.processor.StandardValueTagProcessor
[THYMELEAF]             * [* {th:xmlbase,data-th-xmlbase}] [1000]: org.thymeleaf.standard.processor.StandardXmlBaseTagProcessor
[THYMELEAF]             * [* {th:xmllang,data-th-xmllang}] [1000]: org.thymeleaf.standard.processor.StandardXmlLangTagProcessor
[THYMELEAF]             * [* {xmlns:th}] [1000]: org.thymeleaf.standard.processor.StandardXmlNsTagProcessor
[THYMELEAF]             * [* {th:xmlspace,data-th-xmlspace}] [1000]: org.thymeleaf.standard.processor.StandardXmlSpaceTagProcessor
[THYMELEAF]             * [* {th:classappend,data-th-classappend}] [1100]: org.thymeleaf.standard.processor.StandardClassappendTagProcessor
[THYMELEAF]             * [* {th:styleappend,data-th-styleappend}] [1100]: org.thymeleaf.standard.processor.StandardStyleappendTagProcessor
[THYMELEAF]             * [* {th:text,data-th-text}] [1300]: org.thymeleaf.standard.processor.StandardTextTagProcessor
[THYMELEAF]             * [* {th:utext,data-th-utext}] [1400]: org.thymeleaf.standard.processor.StandardUtextTagProcessor
[THYMELEAF]             * [* {th:fragment,data-th-fragment}] [1500]: org.thymeleaf.standard.processor.StandardFragmentTagProcessor
[THYMELEAF]             * [* {th:assert,data-th-assert}] [1550]: org.thymeleaf.standard.processor.StandardAssertTagProcessor
[THYMELEAF]             * [* {th:remove,data-th-remove}] [1600]: org.thymeleaf.standard.processor.StandardRemoveTagProcessor
[THYMELEAF]             * [* {th:ref,data-th-ref}] [10000]: org.thymeleaf.standard.processor.StandardRefAttributeTagProcessor
[THYMELEAF]             * [{th:block,th-block} *] [100000]: org.thymeleaf.standard.processor.StandardBlockTagProcessor
[THYMELEAF]             * [* th:*] [2147483647]: org.thymeleaf.standard.processor.StandardDefaultAttributesTagProcessor
[THYMELEAF]         * Text Processors by [precedence]:
[THYMELEAF]             * [1000]: org.thymeleaf.standard.processor.StandardInliningTextProcessor
[THYMELEAF]         * DOCTYPE Processors by [precedence]:
[THYMELEAF]             * [1000]: org.thymeleaf.standard.processor.StandardTranslationDocTypeProcessor
[THYMELEAF]         * CDATA Section Processors by [precedence]:
[THYMELEAF]             * [1000]: org.thymeleaf.standard.processor.StandardInliningCDATASectionProcessor
[THYMELEAF]         * Comment Processors by [precedence]:
[THYMELEAF]             * [1000]: org.thymeleaf.standard.processor.StandardInliningCommentProcessor
[THYMELEAF]             * [1100]: org.thymeleaf.standard.processor.StandardConditionalCommentProcessor
[THYMELEAF]     * Processors for Template Mode: XML
[THYMELEAF]         * Element Tag Processors by [matching element and attribute name] [precedence]:
[THYMELEAF]             * [* {th:include}] [100]: org.thymeleaf.standard.processor.StandardIncludeTagProcessor
[THYMELEAF]             * [* {th:insert}] [100]: org.thymeleaf.standard.processor.StandardInsertTagProcessor
[THYMELEAF]             * [* {th:replace}] [100]: org.thymeleaf.standard.processor.StandardReplaceTagProcessor
[THYMELEAF]             * [* {th:each}] [200]: com.intuit.karate.template.KarateEachTagProcessor
[THYMELEAF]             * [* {th:switch}] [250]: org.thymeleaf.standard.processor.StandardSwitchTagProcessor
[THYMELEAF]             * [* {th:case}] [275]: org.thymeleaf.standard.processor.StandardCaseTagProcessor
[THYMELEAF]             * [* {th:if}] [300]: org.thymeleaf.standard.processor.StandardIfTagProcessor
[THYMELEAF]             * [* {th:unless}] [400]: org.thymeleaf.standard.processor.StandardUnlessTagProcessor
[THYMELEAF]             * [* {th:object}] [500]: org.thymeleaf.standard.processor.StandardObjectTagProcessor
[THYMELEAF]             * [* {th:with}] [600]: com.intuit.karate.template.KarateWithTagProcessor
[THYMELEAF]             * [* {th:attr}] [700]: com.intuit.karate.template.KarateAttributeTagProcessor.KarateAttrTagProcessor
[THYMELEAF]             * [* {th:attrappend}] [900]: com.intuit.karate.template.KarateAttributeTagProcessor.KarateAttrappendTagProcessor
[THYMELEAF]             * [* {th:attrprepend}] [900]: com.intuit.karate.template.KarateAttributeTagProcessor.KarateAttrprependTagProcessor
[THYMELEAF]             * [* {th:inline}] [1000]: org.thymeleaf.standard.processor.StandardInlineXMLTagProcessor
[THYMELEAF]             * [* {xmlns:th}] [1000]: org.thymeleaf.standard.processor.StandardXmlNsTagProcessor
[THYMELEAF]             * [* {th:text}] [1300]: org.thymeleaf.standard.processor.StandardTextTagProcessor
[THYMELEAF]             * [* {th:utext}] [1400]: org.thymeleaf.standard.processor.StandardUtextTagProcessor
[THYMELEAF]             * [* {th:fragment}] [1500]: org.thymeleaf.standard.processor.StandardFragmentTagProcessor
[THYMELEAF]             * [* {th:assert}] [1550]: org.thymeleaf.standard.processor.StandardAssertTagProcessor
[THYMELEAF]             * [* {th:remove}] [1600]: org.thymeleaf.standard.processor.StandardRemoveTagProcessor
[THYMELEAF]             * [* {th:ref}] [10000]: org.thymeleaf.standard.processor.StandardRefAttributeTagProcessor
[THYMELEAF]             * [{th:block} *] [100000]: org.thymeleaf.standard.processor.StandardBlockTagProcessor
[THYMELEAF]             * [* th:*] [2147483647]: org.thymeleaf.standard.processor.StandardDefaultAttributesTagProcessor
[THYMELEAF]         * Text Processors by [precedence]:
[THYMELEAF]             * [1000]: org.thymeleaf.standard.processor.StandardInliningTextProcessor
[THYMELEAF]         * CDATA Section Processors by [precedence]:
[THYMELEAF]             * [1000]: org.thymeleaf.standard.processor.StandardInliningCDATASectionProcessor
[THYMELEAF]         * Comment Processors by [precedence]:
[THYMELEAF]             * [1000]: org.thymeleaf.standard.processor.StandardInliningCommentProcessor
[THYMELEAF]     * Processors for Template Mode: TEXT
[THYMELEAF]         * Element Tag Processors by [matching element and attribute name] [precedence]:
[THYMELEAF]             * [* {th:insert}] [100]: org.thymeleaf.standard.processor.StandardInsertTagProcessor
[THYMELEAF]             * [* {th:replace}] [100]: org.thymeleaf.standard.processor.StandardReplaceTagProcessor
[THYMELEAF]             * [* {th:each}] [200]: com.intuit.karate.template.KarateEachTagProcessor
[THYMELEAF]             * [* {th:switch}] [250]: org.thymeleaf.standard.processor.StandardSwitchTagProcessor
[THYMELEAF]             * [* {th:case}] [275]: org.thymeleaf.standard.processor.StandardCaseTagProcessor
[THYMELEAF]             * [* {th:if}] [300]: org.thymeleaf.standard.processor.StandardIfTagProcessor
[THYMELEAF]             * [* {th:unless}] [400]: org.thymeleaf.standard.processor.StandardUnlessTagProcessor
[THYMELEAF]             * [* {th:object}] [500]: org.thymeleaf.standard.processor.StandardObjectTagProcessor
[THYMELEAF]             * [* {th:with}] [600]: com.intuit.karate.template.KarateWithTagProcessor
[THYMELEAF]             * [* {th:inline}] [1000]: org.thymeleaf.standard.processor.StandardInlineTextualTagProcessor
[THYMELEAF]             * [* {th:text}] [1300]: org.thymeleaf.standard.processor.StandardTextTagProcessor
[THYMELEAF]             * [* {th:utext}] [1400]: org.thymeleaf.standard.processor.StandardUtextTagProcessor
[THYMELEAF]             * [* {th:assert}] [1550]: org.thymeleaf.standard.processor.StandardAssertTagProcessor
[THYMELEAF]             * [* {th:remove}] [1600]: org.thymeleaf.standard.processor.StandardRemoveTagProcessor
[THYMELEAF]             * [* 100000] [org.thymeleaf.standard.processor.StandardBlockTagProcessor]: {}
[THYMELEAF]             * [{th:block} *] [100000]: org.thymeleaf.standard.processor.StandardBlockTagProcessor
[THYMELEAF]         * Text Processors by [precedence]:
[THYMELEAF]             * [1000]: org.thymeleaf.standard.processor.StandardInliningTextProcessor
[THYMELEAF]     * Processors for Template Mode: JAVASCRIPT
[THYMELEAF]         * Element Tag Processors by [matching element and attribute name] [precedence]:
[THYMELEAF]             * [* {th:insert}] [100]: org.thymeleaf.standard.processor.StandardInsertTagProcessor
[THYMELEAF]             * [* {th:replace}] [100]: org.thymeleaf.standard.processor.StandardReplaceTagProcessor
[THYMELEAF]             * [* {th:each}] [200]: com.intuit.karate.template.KarateEachTagProcessor
[THYMELEAF]             * [* {th:switch}] [250]: org.thymeleaf.standard.processor.StandardSwitchTagProcessor
[THYMELEAF]             * [* {th:case}] [275]: org.thymeleaf.standard.processor.StandardCaseTagProcessor
[THYMELEAF]             * [* {th:if}] [300]: org.thymeleaf.standard.processor.StandardIfTagProcessor
[THYMELEAF]             * [* {th:unless}] [400]: org.thymeleaf.standard.processor.StandardUnlessTagProcessor
[THYMELEAF]             * [* {th:object}] [500]: org.thymeleaf.standard.processor.StandardObjectTagProcessor
[THYMELEAF]             * [* {th:with}] [600]: com.intuit.karate.template.KarateWithTagProcessor
[THYMELEAF]             * [* {th:inline}] [1000]: org.thymeleaf.standard.processor.StandardInlineTextualTagProcessor
[THYMELEAF]             * [* {th:text}] [1300]: org.thymeleaf.standard.processor.StandardTextTagProcessor
[THYMELEAF]             * [* {th:utext}] [1400]: org.thymeleaf.standard.processor.StandardUtextTagProcessor
[THYMELEAF]             * [* {th:assert}] [1550]: org.thymeleaf.standard.processor.StandardAssertTagProcessor
[THYMELEAF]             * [* {th:remove}] [1600]: org.thymeleaf.standard.processor.StandardRemoveTagProcessor
[THYMELEAF]             * [* 100000] [org.thymeleaf.standard.processor.StandardBlockTagProcessor]: {}
[THYMELEAF]             * [{th:block} *] [100000]: org.thymeleaf.standard.processor.StandardBlockTagProcessor
[THYMELEAF]         * Text Processors by [precedence]:
[THYMELEAF]             * [1000]: org.thymeleaf.standard.processor.StandardInliningTextProcessor
[THYMELEAF]     * Processors for Template Mode: CSS
[THYMELEAF]         * Element Tag Processors by [matching element and attribute name] [precedence]:
[THYMELEAF]             * [* {th:insert}] [100]: org.thymeleaf.standard.processor.StandardInsertTagProcessor
[THYMELEAF]             * [* {th:replace}] [100]: org.thymeleaf.standard.processor.StandardReplaceTagProcessor
[THYMELEAF]             * [* {th:each}] [200]: com.intuit.karate.template.KarateEachTagProcessor
[THYMELEAF]             * [* {th:switch}] [250]: org.thymeleaf.standard.processor.StandardSwitchTagProcessor
[THYMELEAF]             * [* {th:case}] [275]: org.thymeleaf.standard.processor.StandardCaseTagProcessor
[THYMELEAF]             * [* {th:if}] [300]: org.thymeleaf.standard.processor.StandardIfTagProcessor
[THYMELEAF]             * [* {th:unless}] [400]: org.thymeleaf.standard.processor.StandardUnlessTagProcessor
[THYMELEAF]             * [* {th:object}] [500]: org.thymeleaf.standard.processor.StandardObjectTagProcessor
[THYMELEAF]             * [* {th:with}] [600]: com.intuit.karate.template.KarateWithTagProcessor
[THYMELEAF]             * [* {th:inline}] [1000]: org.thymeleaf.standard.processor.StandardInlineTextualTagProcessor
[THYMELEAF]             * [* {th:text}] [1300]: org.thymeleaf.standard.processor.StandardTextTagProcessor
[THYMELEAF]             * [* {th:utext}] [1400]: org.thymeleaf.standard.processor.StandardUtextTagProcessor
[THYMELEAF]             * [* {th:assert}] [1550]: org.thymeleaf.standard.processor.StandardAssertTagProcessor
[THYMELEAF]             * [* {th:remove}] [1600]: org.thymeleaf.standard.processor.StandardRemoveTagProcessor
[THYMELEAF]             * [{th:block} *] [100000]: org.thymeleaf.standard.processor.StandardBlockTagProcessor
[THYMELEAF]             * [* 100000] [org.thymeleaf.standard.processor.StandardBlockTagProcessor]: {}
[THYMELEAF]         * Text Processors by [precedence]:
[THYMELEAF]             * [1000]: org.thymeleaf.standard.processor.StandardInliningTextProcessor
[THYMELEAF]     * Expression Objects:
[THYMELEAF]         * #ctx
[THYMELEAF]         * #root
[THYMELEAF]         * #vars
[THYMELEAF]         * #object
[THYMELEAF]         * #locale
[THYMELEAF]         * #conversions
[THYMELEAF]         * #uris
[THYMELEAF]         * #temporals
[THYMELEAF]         * #calendars
[THYMELEAF]         * #dates
[THYMELEAF]         * #bools
[THYMELEAF]         * #numbers
[THYMELEAF]         * #objects
[THYMELEAF]         * #strings
[THYMELEAF]         * #arrays
[THYMELEAF]         * #lists
[THYMELEAF]         * #sets
[THYMELEAF]         * #maps
[THYMELEAF]         * #aggregates
[THYMELEAF]         * #messages
[THYMELEAF]         * #ids
[THYMELEAF]         * #execInfo
[THYMELEAF]         * #request
[THYMELEAF]         * #response
[THYMELEAF]         * #session
[THYMELEAF]         * #servletContext
[THYMELEAF]     * Execution Attributes:
[THYMELEAF]         * "StandardExpressionParser": com.intuit.karate.template.KarateStandardDialect@4564e94b
[THYMELEAF]         * "StandardJavaScriptSerializer": org.thymeleaf.standard.serializer.StandardJavaScriptSerializer@76075d65
[THYMELEAF]         * "StandardCSSSerializer": org.thymeleaf.standard.serializer.StandardCSSSerializer@3a4ba480
[THYMELEAF]         * "StandardVariableExpressionEvaluator": com.intuit.karate.template.KarateStandardDialect@4564e94b
[THYMELEAF]         * "StandardConversionService": org.thymeleaf.standard.expression.StandardConversionService@27b71f50
[THYMELEAF] * Dialect [2 of 2]: karate (com.intuit.karate.template.KarateScriptDialect)
[THYMELEAF]     * Prefix: "ka"
[THYMELEAF]     * Processors for Template Mode: HTML
[THYMELEAF]         * Element Tag Processors by [matching element and attribute name] [precedence]:
[THYMELEAF]             * [* {src}] [1000]: com.intuit.karate.template.KaScriptAttrProcessor
[THYMELEAF]         * Element Model Processors by [matching element and attribute name] [precedence]:
[THYMELEAF]             * [{script} {ka:scope,data-ka-scope}] [1000]: com.intuit.karate.template.KaScriptElemProcessor
[THYMELEAF]             * [* {ka:set,data-ka-set}] [1000]: com.intuit.karate.template.KaSetElemProcessor
[THYMELEAF] TEMPLATE ENGINE CONFIGURED OK
16:40:46.795 [main] DEBUG org.thymeleaf.TemplateEngine -- [THYMELEAF] TEMPLATE ENGINE INITIALIZED

HTML report: (paste into browser to view) | Karate version: 1.4.1
file:///C:/Users/nikco/Documents/CURSOS%20AUTOMATIZACIÓN/PRUEBAS%20REST%20API/karate/target/karate-reports/karate-summary.html
===================================================================

]]></system-out>
  </testcase>
</testsuite>